<?xml version="1.0" encoding="UTF-8"?>
<testsuite xmlns:xsi="http://www.w3.org/2001/XMLSchema-instance" xsi:noNamespaceSchemaLocation="https://maven.apache.org/surefire/maven-surefire-plugin/xsd/surefire-test-report-3.0.xsd" version="3.0" name="com.example.url_view.UrlViewRepositoryTest" time="1.819" tests="1" errors="1" skipped="0" failures="0">
  <properties>
    <property name="java.specification.version" value="21"/>
    <property name="sun.cpu.isalist" value="amd64"/>
    <property name="sun.jnu.encoding" value="Cp1251"/>
    <property name="java.class.path" value="H:\WORK\URL-Shortener\target\test-classes;H:\WORK\URL-Shortener\target\classes;C:\Users\daniel\.m2\repository\org\springframework\boot\spring-boot-starter-web\3.3.0\spring-boot-starter-web-3.3.0.jar;C:\Users\daniel\.m2\repository\org\springframework\boot\spring-boot-starter\3.3.0\spring-boot-starter-3.3.0.jar;C:\Users\daniel\.m2\repository\org\springframework\boot\spring-boot\3.3.0\spring-boot-3.3.0.jar;C:\Users\daniel\.m2\repository\org\springframework\boot\spring-boot-autoconfigure\3.3.0\spring-boot-autoconfigure-3.3.0.jar;C:\Users\daniel\.m2\repository\org\springframework\boot\spring-boot-starter-logging\3.3.0\spring-boot-starter-logging-3.3.0.jar;C:\Users\daniel\.m2\repository\ch\qos\logback\logback-classic\1.5.6\logback-classic-1.5.6.jar;C:\Users\daniel\.m2\repository\ch\qos\logback\logback-core\1.5.6\logback-core-1.5.6.jar;C:\Users\daniel\.m2\repository\org\apache\logging\log4j\log4j-to-slf4j\2.23.1\log4j-to-slf4j-2.23.1.jar;C:\Users\daniel\.m2\repository\org\apache\logging\log4j\log4j-api\2.23.1\log4j-api-2.23.1.jar;C:\Users\daniel\.m2\repository\org\slf4j\jul-to-slf4j\2.0.13\jul-to-slf4j-2.0.13.jar;C:\Users\daniel\.m2\repository\jakarta\annotation\jakarta.annotation-api\2.1.1\jakarta.annotation-api-2.1.1.jar;C:\Users\daniel\.m2\repository\org\yaml\snakeyaml\2.2\snakeyaml-2.2.jar;C:\Users\daniel\.m2\repository\org\springframework\boot\spring-boot-starter-json\3.3.0\spring-boot-starter-json-3.3.0.jar;C:\Users\daniel\.m2\repository\com\fasterxml\jackson\core\jackson-databind\2.17.1\jackson-databind-2.17.1.jar;C:\Users\daniel\.m2\repository\com\fasterxml\jackson\core\jackson-annotations\2.17.1\jackson-annotations-2.17.1.jar;C:\Users\daniel\.m2\repository\com\fasterxml\jackson\datatype\jackson-datatype-jdk8\2.17.1\jackson-datatype-jdk8-2.17.1.jar;C:\Users\daniel\.m2\repository\com\fasterxml\jackson\datatype\jackson-datatype-jsr310\2.17.1\jackson-datatype-jsr310-2.17.1.jar;C:\Users\daniel\.m2\repository\com\fasterxml\jackson\module\jackson-module-parameter-names\2.17.1\jackson-module-parameter-names-2.17.1.jar;C:\Users\daniel\.m2\repository\org\springframework\boot\spring-boot-starter-tomcat\3.3.0\spring-boot-starter-tomcat-3.3.0.jar;C:\Users\daniel\.m2\repository\org\apache\tomcat\embed\tomcat-embed-core\10.1.24\tomcat-embed-core-10.1.24.jar;C:\Users\daniel\.m2\repository\org\apache\tomcat\embed\tomcat-embed-el\10.1.24\tomcat-embed-el-10.1.24.jar;C:\Users\daniel\.m2\repository\org\apache\tomcat\embed\tomcat-embed-websocket\10.1.24\tomcat-embed-websocket-10.1.24.jar;C:\Users\daniel\.m2\repository\org\springframework\spring-web\6.1.8\spring-web-6.1.8.jar;C:\Users\daniel\.m2\repository\org\springframework\spring-beans\6.1.8\spring-beans-6.1.8.jar;C:\Users\daniel\.m2\repository\io\micrometer\micrometer-observation\1.13.0\micrometer-observation-1.13.0.jar;C:\Users\daniel\.m2\repository\io\micrometer\micrometer-commons\1.13.0\micrometer-commons-1.13.0.jar;C:\Users\daniel\.m2\repository\org\springframework\spring-webmvc\6.1.8\spring-webmvc-6.1.8.jar;C:\Users\daniel\.m2\repository\org\springframework\spring-context\6.1.8\spring-context-6.1.8.jar;C:\Users\daniel\.m2\repository\org\springframework\spring-expression\6.1.8\spring-expression-6.1.8.jar;C:\Users\daniel\.m2\repository\org\flywaydb\flyway-core\10.10.0\flyway-core-10.10.0.jar;C:\Users\daniel\.m2\repository\com\fasterxml\jackson\dataformat\jackson-dataformat-toml\2.17.1\jackson-dataformat-toml-2.17.1.jar;C:\Users\daniel\.m2\repository\com\fasterxml\jackson\core\jackson-core\2.17.1\jackson-core-2.17.1.jar;C:\Users\daniel\.m2\repository\com\google\code\gson\gson\2.10.1\gson-2.10.1.jar;C:\Users\daniel\.m2\repository\org\flywaydb\flyway-database-postgresql\10.10.0\flyway-database-postgresql-10.10.0.jar;C:\Users\daniel\.m2\repository\org\springdoc\springdoc-openapi-starter-webmvc-ui\2.3.0\springdoc-openapi-starter-webmvc-ui-2.3.0.jar;C:\Users\daniel\.m2\repository\org\springdoc\springdoc-openapi-starter-webmvc-api\2.3.0\springdoc-openapi-starter-webmvc-api-2.3.0.jar;C:\Users\daniel\.m2\repository\org\springdoc\springdoc-openapi-starter-common\2.3.0\springdoc-openapi-starter-common-2.3.0.jar;C:\Users\daniel\.m2\repository\io\swagger\core\v3\swagger-core-jakarta\2.2.19\swagger-core-jakarta-2.2.19.jar;C:\Users\daniel\.m2\repository\org\apache\commons\commons-lang3\3.14.0\commons-lang3-3.14.0.jar;C:\Users\daniel\.m2\repository\io\swagger\core\v3\swagger-annotations-jakarta\2.2.19\swagger-annotations-jakarta-2.2.19.jar;C:\Users\daniel\.m2\repository\io\swagger\core\v3\swagger-models-jakarta\2.2.19\swagger-models-jakarta-2.2.19.jar;C:\Users\daniel\.m2\repository\jakarta\validation\jakarta.validation-api\3.0.2\jakarta.validation-api-3.0.2.jar;C:\Users\daniel\.m2\repository\com\fasterxml\jackson\dataformat\jackson-dataformat-yaml\2.17.1\jackson-dataformat-yaml-2.17.1.jar;C:\Users\daniel\.m2\repository\org\webjars\swagger-ui\5.10.3\swagger-ui-5.10.3.jar;C:\Users\daniel\.m2\repository\org\postgresql\postgresql\42.7.3\postgresql-42.7.3.jar;C:\Users\daniel\.m2\repository\org\checkerframework\checker-qual\3.42.0\checker-qual-3.42.0.jar;C:\Users\daniel\.m2\repository\org\projectlombok\lombok\1.18.32\lombok-1.18.32.jar;C:\Users\daniel\.m2\repository\org\springframework\boot\spring-boot-starter-test\3.3.0\spring-boot-starter-test-3.3.0.jar;C:\Users\daniel\.m2\repository\org\springframework\boot\spring-boot-test\3.3.0\spring-boot-test-3.3.0.jar;C:\Users\daniel\.m2\repository\org\springframework\boot\spring-boot-test-autoconfigure\3.3.0\spring-boot-test-autoconfigure-3.3.0.jar;C:\Users\daniel\.m2\repository\com\jayway\jsonpath\json-path\2.9.0\json-path-2.9.0.jar;C:\Users\daniel\.m2\repository\org\slf4j\slf4j-api\2.0.13\slf4j-api-2.0.13.jar;C:\Users\daniel\.m2\repository\jakarta\xml\bind\jakarta.xml.bind-api\4.0.2\jakarta.xml.bind-api-4.0.2.jar;C:\Users\daniel\.m2\repository\jakarta\activation\jakarta.activation-api\2.1.3\jakarta.activation-api-2.1.3.jar;C:\Users\daniel\.m2\repository\net\minidev\json-smart\2.5.1\json-smart-2.5.1.jar;C:\Users\daniel\.m2\repository\net\minidev\accessors-smart\2.5.1\accessors-smart-2.5.1.jar;C:\Users\daniel\.m2\repository\org\ow2\asm\asm\9.6\asm-9.6.jar;C:\Users\daniel\.m2\repository\org\assertj\assertj-core\3.25.3\assertj-core-3.25.3.jar;C:\Users\daniel\.m2\repository\net\bytebuddy\byte-buddy\1.14.16\byte-buddy-1.14.16.jar;C:\Users\daniel\.m2\repository\org\awaitility\awaitility\4.2.1\awaitility-4.2.1.jar;C:\Users\daniel\.m2\repository\org\hamcrest\hamcrest\2.2\hamcrest-2.2.jar;C:\Users\daniel\.m2\repository\org\junit\jupiter\junit-jupiter\5.10.2\junit-jupiter-5.10.2.jar;C:\Users\daniel\.m2\repository\org\junit\jupiter\junit-jupiter-params\5.10.2\junit-jupiter-params-5.10.2.jar;C:\Users\daniel\.m2\repository\org\junit\jupiter\junit-jupiter-engine\5.10.2\junit-jupiter-engine-5.10.2.jar;C:\Users\daniel\.m2\repository\org\junit\platform\junit-platform-engine\1.10.2\junit-platform-engine-1.10.2.jar;C:\Users\daniel\.m2\repository\org\mockito\mockito-core\5.11.0\mockito-core-5.11.0.jar;C:\Users\daniel\.m2\repository\net\bytebuddy\byte-buddy-agent\1.14.16\byte-buddy-agent-1.14.16.jar;C:\Users\daniel\.m2\repository\org\objenesis\objenesis\3.3\objenesis-3.3.jar;C:\Users\daniel\.m2\repository\org\mockito\mockito-junit-jupiter\5.11.0\mockito-junit-jupiter-5.11.0.jar;C:\Users\daniel\.m2\repository\org\skyscreamer\jsonassert\1.5.1\jsonassert-1.5.1.jar;C:\Users\daniel\.m2\repository\com\vaadin\external\google\android-json\0.0.20131108.vaadin1\android-json-0.0.20131108.vaadin1.jar;C:\Users\daniel\.m2\repository\org\springframework\spring-core\6.1.8\spring-core-6.1.8.jar;C:\Users\daniel\.m2\repository\org\springframework\spring-jcl\6.1.8\spring-jcl-6.1.8.jar;C:\Users\daniel\.m2\repository\org\springframework\spring-test\6.1.8\spring-test-6.1.8.jar;C:\Users\daniel\.m2\repository\org\xmlunit\xmlunit-core\2.9.1\xmlunit-core-2.9.1.jar;C:\Users\daniel\.m2\repository\org\springframework\boot\spring-boot-starter-data-jpa\3.3.0\spring-boot-starter-data-jpa-3.3.0.jar;C:\Users\daniel\.m2\repository\org\springframework\boot\spring-boot-starter-aop\3.3.0\spring-boot-starter-aop-3.3.0.jar;C:\Users\daniel\.m2\repository\org\aspectj\aspectjweaver\1.9.22\aspectjweaver-1.9.22.jar;C:\Users\daniel\.m2\repository\org\springframework\boot\spring-boot-starter-jdbc\3.3.0\spring-boot-starter-jdbc-3.3.0.jar;C:\Users\daniel\.m2\repository\com\zaxxer\HikariCP\5.1.0\HikariCP-5.1.0.jar;C:\Users\daniel\.m2\repository\org\springframework\spring-jdbc\6.1.8\spring-jdbc-6.1.8.jar;C:\Users\daniel\.m2\repository\org\hibernate\orm\hibernate-core\6.5.2.Final\hibernate-core-6.5.2.Final.jar;C:\Users\daniel\.m2\repository\jakarta\persistence\jakarta.persistence-api\3.1.0\jakarta.persistence-api-3.1.0.jar;C:\Users\daniel\.m2\repository\jakarta\transaction\jakarta.transaction-api\2.0.1\jakarta.transaction-api-2.0.1.jar;C:\Users\daniel\.m2\repository\org\jboss\logging\jboss-logging\3.5.3.Final\jboss-logging-3.5.3.Final.jar;C:\Users\daniel\.m2\repository\org\hibernate\common\hibernate-commons-annotations\6.0.6.Final\hibernate-commons-annotations-6.0.6.Final.jar;C:\Users\daniel\.m2\repository\io\smallrye\jandex\3.1.2\jandex-3.1.2.jar;C:\Users\daniel\.m2\repository\com\fasterxml\classmate\1.7.0\classmate-1.7.0.jar;C:\Users\daniel\.m2\repository\org\glassfish\jaxb\jaxb-runtime\4.0.5\jaxb-runtime-4.0.5.jar;C:\Users\daniel\.m2\repository\org\glassfish\jaxb\jaxb-core\4.0.5\jaxb-core-4.0.5.jar;C:\Users\daniel\.m2\repository\org\eclipse\angus\angus-activation\2.0.2\angus-activation-2.0.2.jar;C:\Users\daniel\.m2\repository\org\glassfish\jaxb\txw2\4.0.5\txw2-4.0.5.jar;C:\Users\daniel\.m2\repository\com\sun\istack\istack-commons-runtime\4.1.2\istack-commons-runtime-4.1.2.jar;C:\Users\daniel\.m2\repository\jakarta\inject\jakarta.inject-api\2.0.1\jakarta.inject-api-2.0.1.jar;C:\Users\daniel\.m2\repository\org\antlr\antlr4-runtime\4.13.0\antlr4-runtime-4.13.0.jar;C:\Users\daniel\.m2\repository\org\springframework\data\spring-data-jpa\3.3.0\spring-data-jpa-3.3.0.jar;C:\Users\daniel\.m2\repository\org\springframework\data\spring-data-commons\3.3.0\spring-data-commons-3.3.0.jar;C:\Users\daniel\.m2\repository\org\springframework\spring-orm\6.1.8\spring-orm-6.1.8.jar;C:\Users\daniel\.m2\repository\org\springframework\spring-tx\6.1.8\spring-tx-6.1.8.jar;C:\Users\daniel\.m2\repository\org\springframework\spring-aspects\6.1.8\spring-aspects-6.1.8.jar;C:\Users\daniel\.m2\repository\org\springframework\boot\spring-boot-starter-security\3.3.0\spring-boot-starter-security-3.3.0.jar;C:\Users\daniel\.m2\repository\org\springframework\spring-aop\6.1.8\spring-aop-6.1.8.jar;C:\Users\daniel\.m2\repository\org\springframework\security\spring-security-config\6.3.0\spring-security-config-6.3.0.jar;C:\Users\daniel\.m2\repository\org\springframework\security\spring-security-core\6.3.0\spring-security-core-6.3.0.jar;C:\Users\daniel\.m2\repository\org\springframework\security\spring-security-crypto\6.3.0\spring-security-crypto-6.3.0.jar;C:\Users\daniel\.m2\repository\org\springframework\security\spring-security-web\6.3.0\spring-security-web-6.3.0.jar;C:\Users\daniel\.m2\repository\io\jsonwebtoken\jjwt\0.12.5\jjwt-0.12.5.jar;C:\Users\daniel\.m2\repository\io\jsonwebtoken\jjwt-api\0.12.5\jjwt-api-0.12.5.jar;C:\Users\daniel\.m2\repository\io\jsonwebtoken\jjwt-impl\0.12.5\jjwt-impl-0.12.5.jar;C:\Users\daniel\.m2\repository\io\jsonwebtoken\jjwt-jackson\0.12.5\jjwt-jackson-0.12.5.jar;C:\Users\daniel\.m2\repository\com\h2database\h2\2.2.224\h2-2.2.224.jar;C:\Users\daniel\.m2\repository\org\springframework\boot\spring-boot-starter-data-redis\3.3.0\spring-boot-starter-data-redis-3.3.0.jar;C:\Users\daniel\.m2\repository\io\lettuce\lettuce-core\6.3.2.RELEASE\lettuce-core-6.3.2.RELEASE.jar;C:\Users\daniel\.m2\repository\io\netty\netty-common\4.1.110.Final\netty-common-4.1.110.Final.jar;C:\Users\daniel\.m2\repository\io\netty\netty-handler\4.1.110.Final\netty-handler-4.1.110.Final.jar;C:\Users\daniel\.m2\repository\io\netty\netty-resolver\4.1.110.Final\netty-resolver-4.1.110.Final.jar;C:\Users\daniel\.m2\repository\io\netty\netty-buffer\4.1.110.Final\netty-buffer-4.1.110.Final.jar;C:\Users\daniel\.m2\repository\io\netty\netty-transport-native-unix-common\4.1.110.Final\netty-transport-native-unix-common-4.1.110.Final.jar;C:\Users\daniel\.m2\repository\io\netty\netty-codec\4.1.110.Final\netty-codec-4.1.110.Final.jar;C:\Users\daniel\.m2\repository\io\netty\netty-transport\4.1.110.Final\netty-transport-4.1.110.Final.jar;C:\Users\daniel\.m2\repository\io\projectreactor\reactor-core\3.6.6\reactor-core-3.6.6.jar;C:\Users\daniel\.m2\repository\org\reactivestreams\reactive-streams\1.0.4\reactive-streams-1.0.4.jar;C:\Users\daniel\.m2\repository\org\springframework\data\spring-data-redis\3.3.0\spring-data-redis-3.3.0.jar;C:\Users\daniel\.m2\repository\org\springframework\data\spring-data-keyvalue\3.3.0\spring-data-keyvalue-3.3.0.jar;C:\Users\daniel\.m2\repository\org\springframework\spring-oxm\6.1.8\spring-oxm-6.1.8.jar;C:\Users\daniel\.m2\repository\org\springframework\spring-context-support\6.1.8\spring-context-support-6.1.8.jar;C:\Users\daniel\.m2\repository\org\testcontainers\postgresql\1.17.6\postgresql-1.17.6.jar;C:\Users\daniel\.m2\repository\org\testcontainers\jdbc\1.19.8\jdbc-1.19.8.jar;C:\Users\daniel\.m2\repository\org\testcontainers\database-commons\1.19.8\database-commons-1.19.8.jar;C:\Users\daniel\.m2\repository\org\testcontainers\junit-jupiter\1.17.6\junit-jupiter-1.17.6.jar;C:\Users\daniel\.m2\repository\org\testcontainers\testcontainers\1.19.8\testcontainers-1.19.8.jar;C:\Users\daniel\.m2\repository\junit\junit\4.13.2\junit-4.13.2.jar;C:\Users\daniel\.m2\repository\org\hamcrest\hamcrest-core\2.2\hamcrest-core-2.2.jar;C:\Users\daniel\.m2\repository\org\apache\commons\commons-compress\1.24.0\commons-compress-1.24.0.jar;C:\Users\daniel\.m2\repository\org\rnorth\duct-tape\duct-tape\1.0.8\duct-tape-1.0.8.jar;C:\Users\daniel\.m2\repository\org\jetbrains\annotations\17.0.0\annotations-17.0.0.jar;C:\Users\daniel\.m2\repository\com\github\docker-java\docker-java-api\3.3.6\docker-java-api-3.3.6.jar;C:\Users\daniel\.m2\repository\com\github\docker-java\docker-java-transport-zerodep\3.3.6\docker-java-transport-zerodep-3.3.6.jar;C:\Users\daniel\.m2\repository\com\github\docker-java\docker-java-transport\3.3.6\docker-java-transport-3.3.6.jar;C:\Users\daniel\.m2\repository\net\java\dev\jna\jna\5.13.0\jna-5.13.0.jar;C:\Users\daniel\.m2\repository\org\junit\jupiter\junit-jupiter-api\5.10.2\junit-jupiter-api-5.10.2.jar;C:\Users\daniel\.m2\repository\org\opentest4j\opentest4j\1.3.0\opentest4j-1.3.0.jar;C:\Users\daniel\.m2\repository\org\junit\platform\junit-platform-commons\1.10.2\junit-platform-commons-1.10.2.jar;C:\Users\daniel\.m2\repository\org\apiguardian\apiguardian-api\1.1.2\apiguardian-api-1.1.2.jar;"/>
    <property name="java.vm.vendor" value="Oracle Corporation"/>
    <property name="sun.arch.data.model" value="64"/>
    <property name="user.variant" value=""/>
    <property name="java.vendor.url" value="https://java.oracle.com/"/>
    <property name="user.timezone" value="Europe/Kiev"/>
    <property name="org.jboss.logging.provider" value="slf4j"/>
    <property name="user.country.format" value="UA"/>
    <property name="os.name" value="Windows 11"/>
    <property name="java.vm.specification.version" value="21"/>
    <property name="sun.java.launcher" value="SUN_STANDARD"/>
    <property name="user.country" value="RU"/>
    <property name="sun.boot.library.path" value="C:\Program Files\Java\jdk-21\bin"/>
    <property name="sun.java.command" value="C:\Users\daniel\AppData\Local\Temp\surefire14997565960872538917\surefirebooter-20240612142816087_3.jar C:\Users\daniel\AppData\Local\Temp\surefire14997565960872538917 2024-06-12T14-28-15_973-jvmRun1 surefire-20240612142816087_1tmp surefire_0-20240612142816087_2tmp"/>
    <property name="jdk.debug" value="release"/>
    <property name="surefire.test.class.path" value="H:\WORK\URL-Shortener\target\test-classes;H:\WORK\URL-Shortener\target\classes;C:\Users\daniel\.m2\repository\org\springframework\boot\spring-boot-starter-web\3.3.0\spring-boot-starter-web-3.3.0.jar;C:\Users\daniel\.m2\repository\org\springframework\boot\spring-boot-starter\3.3.0\spring-boot-starter-3.3.0.jar;C:\Users\daniel\.m2\repository\org\springframework\boot\spring-boot\3.3.0\spring-boot-3.3.0.jar;C:\Users\daniel\.m2\repository\org\springframework\boot\spring-boot-autoconfigure\3.3.0\spring-boot-autoconfigure-3.3.0.jar;C:\Users\daniel\.m2\repository\org\springframework\boot\spring-boot-starter-logging\3.3.0\spring-boot-starter-logging-3.3.0.jar;C:\Users\daniel\.m2\repository\ch\qos\logback\logback-classic\1.5.6\logback-classic-1.5.6.jar;C:\Users\daniel\.m2\repository\ch\qos\logback\logback-core\1.5.6\logback-core-1.5.6.jar;C:\Users\daniel\.m2\repository\org\apache\logging\log4j\log4j-to-slf4j\2.23.1\log4j-to-slf4j-2.23.1.jar;C:\Users\daniel\.m2\repository\org\apache\logging\log4j\log4j-api\2.23.1\log4j-api-2.23.1.jar;C:\Users\daniel\.m2\repository\org\slf4j\jul-to-slf4j\2.0.13\jul-to-slf4j-2.0.13.jar;C:\Users\daniel\.m2\repository\jakarta\annotation\jakarta.annotation-api\2.1.1\jakarta.annotation-api-2.1.1.jar;C:\Users\daniel\.m2\repository\org\yaml\snakeyaml\2.2\snakeyaml-2.2.jar;C:\Users\daniel\.m2\repository\org\springframework\boot\spring-boot-starter-json\3.3.0\spring-boot-starter-json-3.3.0.jar;C:\Users\daniel\.m2\repository\com\fasterxml\jackson\core\jackson-databind\2.17.1\jackson-databind-2.17.1.jar;C:\Users\daniel\.m2\repository\com\fasterxml\jackson\core\jackson-annotations\2.17.1\jackson-annotations-2.17.1.jar;C:\Users\daniel\.m2\repository\com\fasterxml\jackson\datatype\jackson-datatype-jdk8\2.17.1\jackson-datatype-jdk8-2.17.1.jar;C:\Users\daniel\.m2\repository\com\fasterxml\jackson\datatype\jackson-datatype-jsr310\2.17.1\jackson-datatype-jsr310-2.17.1.jar;C:\Users\daniel\.m2\repository\com\fasterxml\jackson\module\jackson-module-parameter-names\2.17.1\jackson-module-parameter-names-2.17.1.jar;C:\Users\daniel\.m2\repository\org\springframework\boot\spring-boot-starter-tomcat\3.3.0\spring-boot-starter-tomcat-3.3.0.jar;C:\Users\daniel\.m2\repository\org\apache\tomcat\embed\tomcat-embed-core\10.1.24\tomcat-embed-core-10.1.24.jar;C:\Users\daniel\.m2\repository\org\apache\tomcat\embed\tomcat-embed-el\10.1.24\tomcat-embed-el-10.1.24.jar;C:\Users\daniel\.m2\repository\org\apache\tomcat\embed\tomcat-embed-websocket\10.1.24\tomcat-embed-websocket-10.1.24.jar;C:\Users\daniel\.m2\repository\org\springframework\spring-web\6.1.8\spring-web-6.1.8.jar;C:\Users\daniel\.m2\repository\org\springframework\spring-beans\6.1.8\spring-beans-6.1.8.jar;C:\Users\daniel\.m2\repository\io\micrometer\micrometer-observation\1.13.0\micrometer-observation-1.13.0.jar;C:\Users\daniel\.m2\repository\io\micrometer\micrometer-commons\1.13.0\micrometer-commons-1.13.0.jar;C:\Users\daniel\.m2\repository\org\springframework\spring-webmvc\6.1.8\spring-webmvc-6.1.8.jar;C:\Users\daniel\.m2\repository\org\springframework\spring-context\6.1.8\spring-context-6.1.8.jar;C:\Users\daniel\.m2\repository\org\springframework\spring-expression\6.1.8\spring-expression-6.1.8.jar;C:\Users\daniel\.m2\repository\org\flywaydb\flyway-core\10.10.0\flyway-core-10.10.0.jar;C:\Users\daniel\.m2\repository\com\fasterxml\jackson\dataformat\jackson-dataformat-toml\2.17.1\jackson-dataformat-toml-2.17.1.jar;C:\Users\daniel\.m2\repository\com\fasterxml\jackson\core\jackson-core\2.17.1\jackson-core-2.17.1.jar;C:\Users\daniel\.m2\repository\com\google\code\gson\gson\2.10.1\gson-2.10.1.jar;C:\Users\daniel\.m2\repository\org\flywaydb\flyway-database-postgresql\10.10.0\flyway-database-postgresql-10.10.0.jar;C:\Users\daniel\.m2\repository\org\springdoc\springdoc-openapi-starter-webmvc-ui\2.3.0\springdoc-openapi-starter-webmvc-ui-2.3.0.jar;C:\Users\daniel\.m2\repository\org\springdoc\springdoc-openapi-starter-webmvc-api\2.3.0\springdoc-openapi-starter-webmvc-api-2.3.0.jar;C:\Users\daniel\.m2\repository\org\springdoc\springdoc-openapi-starter-common\2.3.0\springdoc-openapi-starter-common-2.3.0.jar;C:\Users\daniel\.m2\repository\io\swagger\core\v3\swagger-core-jakarta\2.2.19\swagger-core-jakarta-2.2.19.jar;C:\Users\daniel\.m2\repository\org\apache\commons\commons-lang3\3.14.0\commons-lang3-3.14.0.jar;C:\Users\daniel\.m2\repository\io\swagger\core\v3\swagger-annotations-jakarta\2.2.19\swagger-annotations-jakarta-2.2.19.jar;C:\Users\daniel\.m2\repository\io\swagger\core\v3\swagger-models-jakarta\2.2.19\swagger-models-jakarta-2.2.19.jar;C:\Users\daniel\.m2\repository\jakarta\validation\jakarta.validation-api\3.0.2\jakarta.validation-api-3.0.2.jar;C:\Users\daniel\.m2\repository\com\fasterxml\jackson\dataformat\jackson-dataformat-yaml\2.17.1\jackson-dataformat-yaml-2.17.1.jar;C:\Users\daniel\.m2\repository\org\webjars\swagger-ui\5.10.3\swagger-ui-5.10.3.jar;C:\Users\daniel\.m2\repository\org\postgresql\postgresql\42.7.3\postgresql-42.7.3.jar;C:\Users\daniel\.m2\repository\org\checkerframework\checker-qual\3.42.0\checker-qual-3.42.0.jar;C:\Users\daniel\.m2\repository\org\projectlombok\lombok\1.18.32\lombok-1.18.32.jar;C:\Users\daniel\.m2\repository\org\springframework\boot\spring-boot-starter-test\3.3.0\spring-boot-starter-test-3.3.0.jar;C:\Users\daniel\.m2\repository\org\springframework\boot\spring-boot-test\3.3.0\spring-boot-test-3.3.0.jar;C:\Users\daniel\.m2\repository\org\springframework\boot\spring-boot-test-autoconfigure\3.3.0\spring-boot-test-autoconfigure-3.3.0.jar;C:\Users\daniel\.m2\repository\com\jayway\jsonpath\json-path\2.9.0\json-path-2.9.0.jar;C:\Users\daniel\.m2\repository\org\slf4j\slf4j-api\2.0.13\slf4j-api-2.0.13.jar;C:\Users\daniel\.m2\repository\jakarta\xml\bind\jakarta.xml.bind-api\4.0.2\jakarta.xml.bind-api-4.0.2.jar;C:\Users\daniel\.m2\repository\jakarta\activation\jakarta.activation-api\2.1.3\jakarta.activation-api-2.1.3.jar;C:\Users\daniel\.m2\repository\net\minidev\json-smart\2.5.1\json-smart-2.5.1.jar;C:\Users\daniel\.m2\repository\net\minidev\accessors-smart\2.5.1\accessors-smart-2.5.1.jar;C:\Users\daniel\.m2\repository\org\ow2\asm\asm\9.6\asm-9.6.jar;C:\Users\daniel\.m2\repository\org\assertj\assertj-core\3.25.3\assertj-core-3.25.3.jar;C:\Users\daniel\.m2\repository\net\bytebuddy\byte-buddy\1.14.16\byte-buddy-1.14.16.jar;C:\Users\daniel\.m2\repository\org\awaitility\awaitility\4.2.1\awaitility-4.2.1.jar;C:\Users\daniel\.m2\repository\org\hamcrest\hamcrest\2.2\hamcrest-2.2.jar;C:\Users\daniel\.m2\repository\org\junit\jupiter\junit-jupiter\5.10.2\junit-jupiter-5.10.2.jar;C:\Users\daniel\.m2\repository\org\junit\jupiter\junit-jupiter-params\5.10.2\junit-jupiter-params-5.10.2.jar;C:\Users\daniel\.m2\repository\org\junit\jupiter\junit-jupiter-engine\5.10.2\junit-jupiter-engine-5.10.2.jar;C:\Users\daniel\.m2\repository\org\junit\platform\junit-platform-engine\1.10.2\junit-platform-engine-1.10.2.jar;C:\Users\daniel\.m2\repository\org\mockito\mockito-core\5.11.0\mockito-core-5.11.0.jar;C:\Users\daniel\.m2\repository\net\bytebuddy\byte-buddy-agent\1.14.16\byte-buddy-agent-1.14.16.jar;C:\Users\daniel\.m2\repository\org\objenesis\objenesis\3.3\objenesis-3.3.jar;C:\Users\daniel\.m2\repository\org\mockito\mockito-junit-jupiter\5.11.0\mockito-junit-jupiter-5.11.0.jar;C:\Users\daniel\.m2\repository\org\skyscreamer\jsonassert\1.5.1\jsonassert-1.5.1.jar;C:\Users\daniel\.m2\repository\com\vaadin\external\google\android-json\0.0.20131108.vaadin1\android-json-0.0.20131108.vaadin1.jar;C:\Users\daniel\.m2\repository\org\springframework\spring-core\6.1.8\spring-core-6.1.8.jar;C:\Users\daniel\.m2\repository\org\springframework\spring-jcl\6.1.8\spring-jcl-6.1.8.jar;C:\Users\daniel\.m2\repository\org\springframework\spring-test\6.1.8\spring-test-6.1.8.jar;C:\Users\daniel\.m2\repository\org\xmlunit\xmlunit-core\2.9.1\xmlunit-core-2.9.1.jar;C:\Users\daniel\.m2\repository\org\springframework\boot\spring-boot-starter-data-jpa\3.3.0\spring-boot-starter-data-jpa-3.3.0.jar;C:\Users\daniel\.m2\repository\org\springframework\boot\spring-boot-starter-aop\3.3.0\spring-boot-starter-aop-3.3.0.jar;C:\Users\daniel\.m2\repository\org\aspectj\aspectjweaver\1.9.22\aspectjweaver-1.9.22.jar;C:\Users\daniel\.m2\repository\org\springframework\boot\spring-boot-starter-jdbc\3.3.0\spring-boot-starter-jdbc-3.3.0.jar;C:\Users\daniel\.m2\repository\com\zaxxer\HikariCP\5.1.0\HikariCP-5.1.0.jar;C:\Users\daniel\.m2\repository\org\springframework\spring-jdbc\6.1.8\spring-jdbc-6.1.8.jar;C:\Users\daniel\.m2\repository\org\hibernate\orm\hibernate-core\6.5.2.Final\hibernate-core-6.5.2.Final.jar;C:\Users\daniel\.m2\repository\jakarta\persistence\jakarta.persistence-api\3.1.0\jakarta.persistence-api-3.1.0.jar;C:\Users\daniel\.m2\repository\jakarta\transaction\jakarta.transaction-api\2.0.1\jakarta.transaction-api-2.0.1.jar;C:\Users\daniel\.m2\repository\org\jboss\logging\jboss-logging\3.5.3.Final\jboss-logging-3.5.3.Final.jar;C:\Users\daniel\.m2\repository\org\hibernate\common\hibernate-commons-annotations\6.0.6.Final\hibernate-commons-annotations-6.0.6.Final.jar;C:\Users\daniel\.m2\repository\io\smallrye\jandex\3.1.2\jandex-3.1.2.jar;C:\Users\daniel\.m2\repository\com\fasterxml\classmate\1.7.0\classmate-1.7.0.jar;C:\Users\daniel\.m2\repository\org\glassfish\jaxb\jaxb-runtime\4.0.5\jaxb-runtime-4.0.5.jar;C:\Users\daniel\.m2\repository\org\glassfish\jaxb\jaxb-core\4.0.5\jaxb-core-4.0.5.jar;C:\Users\daniel\.m2\repository\org\eclipse\angus\angus-activation\2.0.2\angus-activation-2.0.2.jar;C:\Users\daniel\.m2\repository\org\glassfish\jaxb\txw2\4.0.5\txw2-4.0.5.jar;C:\Users\daniel\.m2\repository\com\sun\istack\istack-commons-runtime\4.1.2\istack-commons-runtime-4.1.2.jar;C:\Users\daniel\.m2\repository\jakarta\inject\jakarta.inject-api\2.0.1\jakarta.inject-api-2.0.1.jar;C:\Users\daniel\.m2\repository\org\antlr\antlr4-runtime\4.13.0\antlr4-runtime-4.13.0.jar;C:\Users\daniel\.m2\repository\org\springframework\data\spring-data-jpa\3.3.0\spring-data-jpa-3.3.0.jar;C:\Users\daniel\.m2\repository\org\springframework\data\spring-data-commons\3.3.0\spring-data-commons-3.3.0.jar;C:\Users\daniel\.m2\repository\org\springframework\spring-orm\6.1.8\spring-orm-6.1.8.jar;C:\Users\daniel\.m2\repository\org\springframework\spring-tx\6.1.8\spring-tx-6.1.8.jar;C:\Users\daniel\.m2\repository\org\springframework\spring-aspects\6.1.8\spring-aspects-6.1.8.jar;C:\Users\daniel\.m2\repository\org\springframework\boot\spring-boot-starter-security\3.3.0\spring-boot-starter-security-3.3.0.jar;C:\Users\daniel\.m2\repository\org\springframework\spring-aop\6.1.8\spring-aop-6.1.8.jar;C:\Users\daniel\.m2\repository\org\springframework\security\spring-security-config\6.3.0\spring-security-config-6.3.0.jar;C:\Users\daniel\.m2\repository\org\springframework\security\spring-security-core\6.3.0\spring-security-core-6.3.0.jar;C:\Users\daniel\.m2\repository\org\springframework\security\spring-security-crypto\6.3.0\spring-security-crypto-6.3.0.jar;C:\Users\daniel\.m2\repository\org\springframework\security\spring-security-web\6.3.0\spring-security-web-6.3.0.jar;C:\Users\daniel\.m2\repository\io\jsonwebtoken\jjwt\0.12.5\jjwt-0.12.5.jar;C:\Users\daniel\.m2\repository\io\jsonwebtoken\jjwt-api\0.12.5\jjwt-api-0.12.5.jar;C:\Users\daniel\.m2\repository\io\jsonwebtoken\jjwt-impl\0.12.5\jjwt-impl-0.12.5.jar;C:\Users\daniel\.m2\repository\io\jsonwebtoken\jjwt-jackson\0.12.5\jjwt-jackson-0.12.5.jar;C:\Users\daniel\.m2\repository\com\h2database\h2\2.2.224\h2-2.2.224.jar;C:\Users\daniel\.m2\repository\org\springframework\boot\spring-boot-starter-data-redis\3.3.0\spring-boot-starter-data-redis-3.3.0.jar;C:\Users\daniel\.m2\repository\io\lettuce\lettuce-core\6.3.2.RELEASE\lettuce-core-6.3.2.RELEASE.jar;C:\Users\daniel\.m2\repository\io\netty\netty-common\4.1.110.Final\netty-common-4.1.110.Final.jar;C:\Users\daniel\.m2\repository\io\netty\netty-handler\4.1.110.Final\netty-handler-4.1.110.Final.jar;C:\Users\daniel\.m2\repository\io\netty\netty-resolver\4.1.110.Final\netty-resolver-4.1.110.Final.jar;C:\Users\daniel\.m2\repository\io\netty\netty-buffer\4.1.110.Final\netty-buffer-4.1.110.Final.jar;C:\Users\daniel\.m2\repository\io\netty\netty-transport-native-unix-common\4.1.110.Final\netty-transport-native-unix-common-4.1.110.Final.jar;C:\Users\daniel\.m2\repository\io\netty\netty-codec\4.1.110.Final\netty-codec-4.1.110.Final.jar;C:\Users\daniel\.m2\repository\io\netty\netty-transport\4.1.110.Final\netty-transport-4.1.110.Final.jar;C:\Users\daniel\.m2\repository\io\projectreactor\reactor-core\3.6.6\reactor-core-3.6.6.jar;C:\Users\daniel\.m2\repository\org\reactivestreams\reactive-streams\1.0.4\reactive-streams-1.0.4.jar;C:\Users\daniel\.m2\repository\org\springframework\data\spring-data-redis\3.3.0\spring-data-redis-3.3.0.jar;C:\Users\daniel\.m2\repository\org\springframework\data\spring-data-keyvalue\3.3.0\spring-data-keyvalue-3.3.0.jar;C:\Users\daniel\.m2\repository\org\springframework\spring-oxm\6.1.8\spring-oxm-6.1.8.jar;C:\Users\daniel\.m2\repository\org\springframework\spring-context-support\6.1.8\spring-context-support-6.1.8.jar;C:\Users\daniel\.m2\repository\org\testcontainers\postgresql\1.17.6\postgresql-1.17.6.jar;C:\Users\daniel\.m2\repository\org\testcontainers\jdbc\1.19.8\jdbc-1.19.8.jar;C:\Users\daniel\.m2\repository\org\testcontainers\database-commons\1.19.8\database-commons-1.19.8.jar;C:\Users\daniel\.m2\repository\org\testcontainers\junit-jupiter\1.17.6\junit-jupiter-1.17.6.jar;C:\Users\daniel\.m2\repository\org\testcontainers\testcontainers\1.19.8\testcontainers-1.19.8.jar;C:\Users\daniel\.m2\repository\junit\junit\4.13.2\junit-4.13.2.jar;C:\Users\daniel\.m2\repository\org\hamcrest\hamcrest-core\2.2\hamcrest-core-2.2.jar;C:\Users\daniel\.m2\repository\org\apache\commons\commons-compress\1.24.0\commons-compress-1.24.0.jar;C:\Users\daniel\.m2\repository\org\rnorth\duct-tape\duct-tape\1.0.8\duct-tape-1.0.8.jar;C:\Users\daniel\.m2\repository\org\jetbrains\annotations\17.0.0\annotations-17.0.0.jar;C:\Users\daniel\.m2\repository\com\github\docker-java\docker-java-api\3.3.6\docker-java-api-3.3.6.jar;C:\Users\daniel\.m2\repository\com\github\docker-java\docker-java-transport-zerodep\3.3.6\docker-java-transport-zerodep-3.3.6.jar;C:\Users\daniel\.m2\repository\com\github\docker-java\docker-java-transport\3.3.6\docker-java-transport-3.3.6.jar;C:\Users\daniel\.m2\repository\net\java\dev\jna\jna\5.13.0\jna-5.13.0.jar;C:\Users\daniel\.m2\repository\org\junit\jupiter\junit-jupiter-api\5.10.2\junit-jupiter-api-5.10.2.jar;C:\Users\daniel\.m2\repository\org\opentest4j\opentest4j\1.3.0\opentest4j-1.3.0.jar;C:\Users\daniel\.m2\repository\org\junit\platform\junit-platform-commons\1.10.2\junit-platform-commons-1.10.2.jar;C:\Users\daniel\.m2\repository\org\apiguardian\apiguardian-api\1.1.2\apiguardian-api-1.1.2.jar;"/>
    <property name="sun.cpu.endian" value="little"/>
    <property name="user.home" value="C:\Users\daniel"/>
    <property name="user.language" value="ru"/>
    <property name="java.specification.vendor" value="Oracle Corporation"/>
    <property name="java.version.date" value="2023-10-17"/>
    <property name="java.home" value="C:\Program Files\Java\jdk-21"/>
    <property name="file.separator" value="\"/>
    <property name="basedir" value="H:\WORK\URL-Shortener"/>
    <property name="java.vm.compressedOopsMode" value="Zero based"/>
    <property name="line.separator" value="&#10;"/>
    <property name="java.vm.specification.vendor" value="Oracle Corporation"/>
    <property name="java.specification.name" value="Java Platform API Specification"/>
    <property name="FILE_LOG_CHARSET" value="UTF-8"/>
    <property name="java.awt.headless" value="true"/>
    <property name="surefire.real.class.path" value="C:\Users\daniel\AppData\Local\Temp\surefire14997565960872538917\surefirebooter-20240612142816087_3.jar"/>
    <property name="user.script" value=""/>
    <property name="sun.management.compiler" value="HotSpot 64-Bit Tiered Compilers"/>
    <property name="java.runtime.version" value="21.0.1+12-LTS-29"/>
    <property name="user.name" value="daniel"/>
    <property name="stdout.encoding" value="Cp1251"/>
    <property name="path.separator" value=";"/>
    <property name="os.version" value="10.0"/>
    <property name="java.runtime.name" value="Java(TM) SE Runtime Environment"/>
    <property name="file.encoding" value="UTF-8"/>
    <property name="java.vm.name" value="Java HotSpot(TM) 64-Bit Server VM"/>
    <property name="localRepository" value="C:\Users\daniel\.m2\repository"/>
    <property name="java.vendor.url.bug" value="https://bugreport.java.com/bugreport/"/>
    <property name="java.io.tmpdir" value="C:\Users\daniel\AppData\Local\Temp\"/>
    <property name="idea.version" value="2023.2.3"/>
    <property name="com.zaxxer.hikari.pool_number" value="1"/>
    <property name="java.version" value="21.0.1"/>
    <property name="user.dir" value="H:\WORK\URL-Shortener"/>
    <property name="os.arch" value="amd64"/>
    <property name="java.vm.specification.name" value="Java Virtual Machine Specification"/>
    <property name="PID" value="12012"/>
    <property name="user.language.format" value="uk"/>
    <property name="sun.os.patch.level" value=""/>
    <property name="CONSOLE_LOG_CHARSET" value="UTF-8"/>
    <property name="native.encoding" value="Cp1251"/>
    <property name="java.library.path" value="C:\Program Files\Java\jdk-21\bin;C:\Windows\Sun\Java\bin;C:\Windows\system32;C:\Windows;C:\Program Files\Common Files\Oracle\Java\javapath;C:\Program Files (x86)\Common Files\Oracle\Java\javapath;C:\Windows\system32;C:\Windows;C:\Windows\System32\Wbem;C:\Windows\System32\WindowsPowerShell\v1.0\;C:\Windows\System32\OpenSSH\;C:\Program Files\Git\cmd;C:\Program Files (x86)\NVIDIA Corporation\PhysX\Common;C:\Program Files\NVIDIA Corporation\NVIDIA NvDLISR;C:\Program Files\Docker\Docker\resources\bin;C:\Program Files\Java\jdk-17\bin;C:\Users\daniel\AppData\Local\Programs\Python\Python311\Scripts\;C:\Users\daniel\AppData\Local\Programs\Python\Python311\;C:\Users\daniel\Documents\Maven\apache-maven-3.9.5\bin\bin;C:\Program Files\JetBrains\IntelliJ IDEA Community Edition 2023.2.3\bin;;C:\Users\daniel\AppData\Local\GitHubDesktop\bin;C:\Users\daniel\Documents\Maven\apache-maven-3.9.5\bin;;H:\VsCode\Microsoft VS Code\bin;."/>
    <property name="java.vm.info" value="mixed mode, sharing"/>
    <property name="stderr.encoding" value="Cp1251"/>
    <property name="java.vendor" value="Oracle Corporation"/>
    <property name="java.vm.version" value="21.0.1+12-LTS-29"/>
    <property name="sun.io.unicode.encoding" value="UnicodeLittle"/>
    <property name="java.class.version" value="65.0"/>
    <property name="LOGGED_APPLICATION_NAME" value="[URL Shortener] "/>
  </properties>
  <testcase name="" classname="com.example.url_view.UrlViewRepositoryTest" time="1.819">
    <error message="Configuration error: found multiple declarations of @BootstrapWith for test class [com.example.url_view.UrlViewRepositoryTest]: [@org.springframework.test.context.BootstrapWith(value=org.springframework.boot.test.autoconfigure.orm.jpa.DataJpaTestContextBootstrapper.class), @org.springframework.test.context.BootstrapWith(value=org.springframework.boot.test.context.SpringBootTestContextBootstrapper.class)]" type="java.lang.IllegalStateException"><![CDATA[java.lang.IllegalStateException: Configuration error: found multiple declarations of @BootstrapWith for test class [com.example.url_view.UrlViewRepositoryTest]: [@org.springframework.test.context.BootstrapWith(value=org.springframework.boot.test.autoconfigure.orm.jpa.DataJpaTestContextBootstrapper.class), @org.springframework.test.context.BootstrapWith(value=org.springframework.boot.test.context.SpringBootTestContextBootstrapper.class)]
	at org.springframework.test.context.BootstrapUtils.resolveExplicitTestContextBootstrapper(BootstrapUtils.java:194)
	at org.springframework.test.context.BootstrapUtils.resolveTestContextBootstrapper(BootstrapUtils.java:150)
	at org.springframework.test.context.BootstrapUtils.resolveTestContextBootstrapper(BootstrapUtils.java:126)
	at org.springframework.test.context.TestContextManager.<init>(TestContextManager.java:126)
	at org.springframework.test.context.junit.jupiter.SpringExtension.getTestContextManager(SpringExtension.java:366)
	at org.springframework.test.context.junit.jupiter.SpringExtension.beforeAll(SpringExtension.java:131)
	at java.base/java.util.ArrayList.forEach(ArrayList.java:1596)
]]></error>
    <system-out><![CDATA[2024-06-12T14:28:40.178+03:00 DEBUG 12012 --- [URL Shortener] [           main] tc.postgres:latest                       : Starting container: postgres:latest
2024-06-12T14:28:40.178+03:00 DEBUG 12012 --- [URL Shortener] [           main] tc.postgres:latest                       : Trying to start container: postgres:latest (attempt 1/1)
2024-06-12T14:28:40.178+03:00 DEBUG 12012 --- [URL Shortener] [           main] tc.postgres:latest                       : Starting container: postgres:latest
2024-06-12T14:28:40.178+03:00  INFO 12012 --- [URL Shortener] [           main] tc.postgres:latest                       : Creating container for image: postgres:latest
2024-06-12T14:28:40.178+03:00 DEBUG 12012 --- [URL Shortener] [           main] o.t.utility.RegistryAuthLocator          : Looking up auth config for image: postgres:latest at registry: https://index.docker.io/v1/
2024-06-12T14:28:40.178+03:00 DEBUG 12012 --- [URL Shortener] [           main] o.t.utility.RegistryAuthLocator          : No matching Auth Configs - falling back to defaultAuthConfig [null]
2024-06-12T14:28:40.178+03:00 DEBUG 12012 --- [URL Shortener] [           main] o.t.d.AuthDelegatingDockerClientConfig   : Effective auth config [null]
2024-06-12T14:28:40.178+03:00 DEBUG 12012 --- [URL Shortener] [           main] o.t.s.c.g.d.core.command.AbstrDockerCmd  : Cmd: org.testcontainers.shaded.com.github.dockerjava.core.command.CreateContainerCmdImpl@6d0dd338[aliases=<null>,argsEscaped=<null>,attachStderr=<null>,attachStdin=<null>,attachStdout=<null>,authConfig=<null>,cmd={postgres,-c,fsync=off},domainName=<null>,entrypoint=<null>,env={POSTGRES_USER=testuser,POSTGRES_PASSWORD=testpass,POSTGRES_DB=testdb},exposedPorts=ExposedPorts(exposedPorts=[5432/tcp]),healthcheck=<null>,hostConfig=HostConfig(binds=[], blkioWeight=null, blkioWeightDevice=null, blkioDeviceReadBps=null, blkioDeviceWriteBps=null, blkioDeviceReadIOps=null, blkioDeviceWriteIOps=null, memorySwappiness=null, nanoCPUs=null, capAdd=null, capDrop=null, containerIDFile=null, cpuPeriod=null, cpuRealtimePeriod=null, cpuRealtimeRuntime=null, cpuShares=null, cpuQuota=null, cpusetCpus=null, cpusetMems=null, devices=null, deviceCgroupRules=null, deviceRequests=null, diskQuota=null, dns=null, dnsOptions=null, dnsSearch=null, extraHosts=[], groupAdd=null, ipcMode=null, cgroup=null, links=[], logConfig=LogConfig(type=null, config=null), lxcConf=null, memory=null, memorySwap=null, memoryReservation=null, kernelMemory=null, networkMode=null, oomKillDisable=null, init=null, autoRemove=null, oomScoreAdj=null, portBindings={5432/tcp=[Lcom.github.dockerjava.api.model.Ports$Binding;@1352cd6a}, privileged=null, publishAllPorts=null, readonlyRootfs=null, restartPolicy=null, ulimits=null, cpuCount=null, cpuPercent=null, ioMaximumIOps=null, ioMaximumBandwidth=null, volumesFrom=[], mounts=null, pidMode=null, isolation=null, securityOpts=null, storageOpt=null, cgroupParent=null, volumeDriver=null, shmSize=null, pidsLimit=null, runtime=null, tmpFs=null, utSMode=null, usernsMode=null, sysctls=null, consoleSize=null, cgroupnsMode=null),hostName=<null>,image=postgres:latest,ipv4Address=<null>,ipv6Address=<null>,labels={org.testcontainers=true, org.testcontainers.lang=java, org.testcontainers.version=1.19.8, org.testcontainers.sessionId=7171fa07-21e4-4858-9670-1c8520dc0b21},macAddress=<null>,name=<null>,networkDisabled=<null>,networkingConfig=<null>,onBuild=<null>,platform=<null>,portSpecs=<null>,shell=<null>,stdInOnce=<null>,stdinOpen=<null>,stopSignal=<null>,stopTimeout=<null>,tty=<null>,user=<null>,volumes=Volumes(volumes=[]),workingDir=<null>]
2024-06-12T14:28:40.179+03:00 DEBUG 12012 --- [URL Shortener] [           main] g.d.z.s.o.a.h.c.h.i.c.InternalHttpClient : ex-00000046: preparing request execution
2024-06-12T14:28:40.179+03:00 DEBUG 12012 --- [URL Shortener] [           main] c.g.d.z.s.o.a.h.c.h.p.RequestAddCookies  : Cookie spec selected: strict
2024-06-12T14:28:40.179+03:00 DEBUG 12012 --- [URL Shortener] [           main] c.g.d.z.s.o.a.h.c.h.p.RequestAuthCache   : Auth cache not set in the context
2024-06-12T14:28:40.179+03:00 DEBUG 12012 --- [URL Shortener] [           main] c.g.d.z.s.o.a.h.c.h.i.c.ProtocolExec     : ex-00000046: target auth state: UNCHALLENGED
2024-06-12T14:28:40.179+03:00 DEBUG 12012 --- [URL Shortener] [           main] c.g.d.z.s.o.a.h.c.h.i.c.ProtocolExec     : ex-00000046: proxy auth state: UNCHALLENGED
2024-06-12T14:28:40.179+03:00 DEBUG 12012 --- [URL Shortener] [           main] c.g.d.z.s.o.a.h.c.h.i.c.ConnectExec      : ex-00000046: acquiring connection with route {}->npipe://localhost:2375
2024-06-12T14:28:40.180+03:00 DEBUG 12012 --- [URL Shortener] [           main] g.d.z.s.o.a.h.c.h.i.c.InternalHttpClient : ex-00000046: acquiring endpoint (3 MINUTES)
2024-06-12T14:28:40.180+03:00 DEBUG 12012 --- [URL Shortener] [           main] h.i.i.PoolingHttpClientConnectionManager : ex-00000046: endpoint lease request (3 MINUTES) [route: {}->npipe://localhost:2375][total available: 1; route allocated: 1 of 2147483647; total allocated: 1 of 2147483647]
2024-06-12T14:28:40.180+03:00 DEBUG 12012 --- [URL Shortener] [           main] h.i.i.PoolingHttpClientConnectionManager : ex-00000046: endpoint leased [route: {}->npipe://localhost:2375][total available: 0; route allocated: 1 of 2147483647; total allocated: 1 of 2147483647]
2024-06-12T14:28:40.180+03:00 DEBUG 12012 --- [URL Shortener] [           main] h.i.i.PoolingHttpClientConnectionManager : ex-00000046: acquired ep-00000045
2024-06-12T14:28:40.180+03:00 DEBUG 12012 --- [URL Shortener] [           main] g.d.z.s.o.a.h.c.h.i.c.InternalHttpClient : ex-00000046: acquired endpoint ep-00000045
2024-06-12T14:28:40.180+03:00 DEBUG 12012 --- [URL Shortener] [           main] c.g.d.z.s.o.a.h.c.h.i.c.MainClientExec   : ex-00000046: executing POST /v1.32/containers/create HTTP/1.1
2024-06-12T14:28:40.180+03:00 DEBUG 12012 --- [URL Shortener] [           main] g.d.z.s.o.a.h.c.h.i.c.InternalHttpClient : ep-00000045: start execution ex-00000046
2024-06-12T14:28:40.180+03:00 DEBUG 12012 --- [URL Shortener] [           main] h.i.i.PoolingHttpClientConnectionManager : ep-00000045: executing exchange ex-00000046 over http-outgoing-7
2024-06-12T14:28:40.180+03:00 DEBUG 12012 --- [URL Shortener] [           main] c.g.d.z.s.o.a.hc.client5.http.headers    : http-outgoing-7 >> POST /v1.32/containers/create HTTP/1.1
2024-06-12T14:28:40.180+03:00 DEBUG 12012 --- [URL Shortener] [           main] c.g.d.z.s.o.a.hc.client5.http.headers    : http-outgoing-7 >> accept: application/json
2024-06-12T14:28:40.180+03:00 DEBUG 12012 --- [URL Shortener] [           main] c.g.d.z.s.o.a.hc.client5.http.headers    : http-outgoing-7 >> content-type: application/json
2024-06-12T14:28:40.180+03:00 DEBUG 12012 --- [URL Shortener] [           main] c.g.d.z.s.o.a.hc.client5.http.headers    : http-outgoing-7 >> x-tc-sid: 7171fa07-21e4-4858-9670-1c8520dc0b21
2024-06-12T14:28:40.180+03:00 DEBUG 12012 --- [URL Shortener] [           main] c.g.d.z.s.o.a.hc.client5.http.headers    : http-outgoing-7 >> User-Agent: tc-java/1.19.8
2024-06-12T14:28:40.180+03:00 DEBUG 12012 --- [URL Shortener] [           main] c.g.d.z.s.o.a.hc.client5.http.headers    : http-outgoing-7 >> Accept-Encoding: gzip, x-gzip, deflate
2024-06-12T14:28:40.180+03:00 DEBUG 12012 --- [URL Shortener] [           main] c.g.d.z.s.o.a.hc.client5.http.headers    : http-outgoing-7 >> Content-Length: 2069
2024-06-12T14:28:40.180+03:00 DEBUG 12012 --- [URL Shortener] [           main] c.g.d.z.s.o.a.hc.client5.http.headers    : http-outgoing-7 >> Host: localhost:2375
2024-06-12T14:28:40.180+03:00 DEBUG 12012 --- [URL Shortener] [           main] c.g.d.z.s.o.a.hc.client5.http.headers    : http-outgoing-7 >> Connection: keep-alive
2024-06-12T14:28:40.180+03:00 DEBUG 12012 --- [URL Shortener] [           main] c.g.d.z.s.o.apache.hc.client5.http.wire  : http-outgoing-7 >> "POST /v1.32/containers/create HTTP/1.1[\r][\n]"
2024-06-12T14:28:40.180+03:00 DEBUG 12012 --- [URL Shortener] [           main] c.g.d.z.s.o.apache.hc.client5.http.wire  : http-outgoing-7 >> "accept: application/json[\r][\n]"
2024-06-12T14:28:40.180+03:00 DEBUG 12012 --- [URL Shortener] [           main] c.g.d.z.s.o.apache.hc.client5.http.wire  : http-outgoing-7 >> "content-type: application/json[\r][\n]"
2024-06-12T14:28:40.180+03:00 DEBUG 12012 --- [URL Shortener] [           main] c.g.d.z.s.o.apache.hc.client5.http.wire  : http-outgoing-7 >> "x-tc-sid: 7171fa07-21e4-4858-9670-1c8520dc0b21[\r][\n]"
2024-06-12T14:28:40.180+03:00 DEBUG 12012 --- [URL Shortener] [           main] c.g.d.z.s.o.apache.hc.client5.http.wire  : http-outgoing-7 >> "User-Agent: tc-java/1.19.8[\r][\n]"
2024-06-12T14:28:40.180+03:00 DEBUG 12012 --- [URL Shortener] [           main] c.g.d.z.s.o.apache.hc.client5.http.wire  : http-outgoing-7 >> "Accept-Encoding: gzip, x-gzip, deflate[\r][\n]"
2024-06-12T14:28:40.180+03:00 DEBUG 12012 --- [URL Shortener] [           main] c.g.d.z.s.o.apache.hc.client5.http.wire  : http-outgoing-7 >> "Content-Length: 2069[\r][\n]"
2024-06-12T14:28:40.180+03:00 DEBUG 12012 --- [URL Shortener] [           main] c.g.d.z.s.o.apache.hc.client5.http.wire  : http-outgoing-7 >> "Host: localhost:2375[\r][\n]"
2024-06-12T14:28:40.180+03:00 DEBUG 12012 --- [URL Shortener] [           main] c.g.d.z.s.o.apache.hc.client5.http.wire  : http-outgoing-7 >> "Connection: keep-alive[\r][\n]"
2024-06-12T14:28:40.180+03:00 DEBUG 12012 --- [URL Shortener] [           main] c.g.d.z.s.o.apache.hc.client5.http.wire  : http-outgoing-7 >> "[\r][\n]"
2024-06-12T14:28:40.180+03:00 DEBUG 12012 --- [URL Shortener] [           main] c.g.d.z.s.o.apache.hc.client5.http.wire  : http-outgoing-7 >> "{"Hostname":null,"Domainname":null,"User":null,"AttachStdin":null,"AttachStdout":null,"AttachStderr":null,"PortSpecs":null,"Tty":null,"OpenStdin":null,"StdinOnce":null,"Env":["POSTGRES_USER=testuser","POSTGRES_PASSWORD=testpass","POSTGRES_DB=testdb"],"Cmd":["postgres","-c","fsync=off"],"Healthcheck":null,"ArgsEscaped":null,"Entrypoint":null,"Image":"postgres:latest","Volumes":{},"WorkingDir":null,"MacAddress":null,"OnBuild":null,"NetworkDisabled":null,"ExposedPorts":{"5432/tcp":{}},"StopSignal":null,"StopTimeout":null,"HostConfig":{"Binds":[],"BlkioWeight":null,"BlkioWeightDevice":null,"BlkioDeviceReadBps":null,"BlkioDeviceWriteBps":null,"BlkioDeviceReadIOps":null,"BlkioDeviceWriteIOps":null,"MemorySwappiness":null,"NanoCpus":null,"CapAdd":null,"CapDrop":null,"ContainerIDFile":null,"CpuPeriod":null,"CpuRealtimePeriod":null,"CpuRealtimeRuntime":null,"CpuShares":null,"CpuQuota":null,"CpusetCpus":null,"CpusetMems":null,"Devices":null,"DeviceCgroupRules":null,"DeviceRequests":null,"DiskQuota":null,"Dns":null,"DnsOptions":null,"DnsSearch":null,"ExtraHosts":[],"GroupAdd":null,"IpcMode":null,"Cgroup":null,"Links":[],"LogConfig":null,"LxcConf":null,"Memory":null,"MemorySwap":null,"MemoryReservation":null,"KernelMemory":null,"NetworkMode":null,"OomKillDisable":null,"Init":null,"AutoRemove":null,"OomScoreAdj":null,"PortBindings":{"5432/tcp":[{"HostIp":"","HostPort":""}]},"Privileged":null,"PublishAllPorts":null,"ReadonlyRootfs":null,"RestartPolicy":null,"Ulimits":null,"CpuCount":null,"CpuPercent":null,"IOMaximumIOps":null,"IOMaximumBandwidth":null,"VolumesFrom":[],"Mounts":null,"PidMode":null,"Isolation":null,"SecurityOpt":null,"StorageOpt":null,"CgroupParent":null,"VolumeDriver":null,"ShmSize":null,"PidsLimit":null,"Runtime":null,"Tmpfs":null,"UTSMode":null,"UsernsMode":null,"Sysctls":null,"ConsoleSize":null,"CgroupnsMode":null},"Labels":{"org.testcontainers":"true","org.testcontainers.lang":"java","org.testcontainers.version":"1.19.8","org.testcontainers.sessionId":"7171fa07-21e4-4858-9670-1c8520dc0b21"},"Shell":null,"NetworkingConfig":null}"
2024-06-12T14:28:40.245+03:00 DEBUG 12012 --- [URL Shortener] [           main] c.g.d.z.s.o.apache.hc.client5.http.wire  : http-outgoing-7 << "HTTP/1.1 201 Created[\r][\n]"
2024-06-12T14:28:40.245+03:00 DEBUG 12012 --- [URL Shortener] [           main] c.g.d.z.s.o.apache.hc.client5.http.wire  : http-outgoing-7 << "Api-Version: 1.43[\r][\n]"
2024-06-12T14:28:40.245+03:00 DEBUG 12012 --- [URL Shortener] [           main] c.g.d.z.s.o.apache.hc.client5.http.wire  : http-outgoing-7 << "Content-Type: application/json[\r][\n]"
2024-06-12T14:28:40.245+03:00 DEBUG 12012 --- [URL Shortener] [           main] c.g.d.z.s.o.apache.hc.client5.http.wire  : http-outgoing-7 << "Date: Wed, 12 Jun 2024 11:28:40 GMT[\r][\n]"
2024-06-12T14:28:40.245+03:00 DEBUG 12012 --- [URL Shortener] [           main] c.g.d.z.s.o.apache.hc.client5.http.wire  : http-outgoing-7 << "Docker-Experimental: false[\r][\n]"
2024-06-12T14:28:40.245+03:00 DEBUG 12012 --- [URL Shortener] [           main] c.g.d.z.s.o.apache.hc.client5.http.wire  : http-outgoing-7 << "Ostype: linux[\r][\n]"
2024-06-12T14:28:40.245+03:00 DEBUG 12012 --- [URL Shortener] [           main] c.g.d.z.s.o.apache.hc.client5.http.wire  : http-outgoing-7 << "Server: Docker/24.0.7 (linux)[\r][\n]"
2024-06-12T14:28:40.245+03:00 DEBUG 12012 --- [URL Shortener] [           main] c.g.d.z.s.o.apache.hc.client5.http.wire  : http-outgoing-7 << "Transfer-Encoding: chunked[\r][\n]"
2024-06-12T14:28:40.245+03:00 DEBUG 12012 --- [URL Shortener] [           main] c.g.d.z.s.o.apache.hc.client5.http.wire  : http-outgoing-7 << "[\r][\n]"
2024-06-12T14:28:40.246+03:00 DEBUG 12012 --- [URL Shortener] [           main] c.g.d.z.s.o.a.hc.client5.http.headers    : http-outgoing-7 << HTTP/1.1 201 Created
2024-06-12T14:28:40.246+03:00 DEBUG 12012 --- [URL Shortener] [           main] c.g.d.z.s.o.a.hc.client5.http.headers    : http-outgoing-7 << Api-Version: 1.43
2024-06-12T14:28:40.246+03:00 DEBUG 12012 --- [URL Shortener] [           main] c.g.d.z.s.o.a.hc.client5.http.headers    : http-outgoing-7 << Content-Type: application/json
2024-06-12T14:28:40.246+03:00 DEBUG 12012 --- [URL Shortener] [           main] c.g.d.z.s.o.a.hc.client5.http.headers    : http-outgoing-7 << Date: Wed, 12 Jun 2024 11:28:40 GMT
2024-06-12T14:28:40.246+03:00 DEBUG 12012 --- [URL Shortener] [           main] c.g.d.z.s.o.a.hc.client5.http.headers    : http-outgoing-7 << Docker-Experimental: false
2024-06-12T14:28:40.246+03:00 DEBUG 12012 --- [URL Shortener] [           main] c.g.d.z.s.o.a.hc.client5.http.headers    : http-outgoing-7 << Ostype: linux
2024-06-12T14:28:40.246+03:00 DEBUG 12012 --- [URL Shortener] [           main] c.g.d.z.s.o.a.hc.client5.http.headers    : http-outgoing-7 << Server: Docker/24.0.7 (linux)
2024-06-12T14:28:40.246+03:00 DEBUG 12012 --- [URL Shortener] [           main] c.g.d.z.s.o.a.hc.client5.http.headers    : http-outgoing-7 << Transfer-Encoding: chunked
2024-06-12T14:28:40.246+03:00 DEBUG 12012 --- [URL Shortener] [           main] c.g.d.z.s.o.a.h.c.h.i.c.MainClientExec   : ex-00000046: connection can be kept alive for 3 MINUTES
2024-06-12T14:28:40.246+03:00 DEBUG 12012 --- [URL Shortener] [           main] c.g.d.z.s.o.apache.hc.client5.http.wire  : http-outgoing-7 << "58[\r][\n]"
2024-06-12T14:28:40.246+03:00 DEBUG 12012 --- [URL Shortener] [           main] c.g.d.z.s.o.apache.hc.client5.http.wire  : http-outgoing-7 << "{"Id":"128f22c426d45daca997e33ea9c3b62928a65a0f376c96d80573176364685d48","Warnings":[]}[\n]"
2024-06-12T14:28:40.246+03:00 DEBUG 12012 --- [URL Shortener] [           main] c.g.d.z.s.o.apache.hc.client5.http.wire  : http-outgoing-7 << "[\r][\n]"
2024-06-12T14:28:40.246+03:00 DEBUG 12012 --- [URL Shortener] [           main] c.g.d.z.s.o.apache.hc.client5.http.wire  : http-outgoing-7 << "0[\r][\n]"
2024-06-12T14:28:40.246+03:00 DEBUG 12012 --- [URL Shortener] [           main] c.g.d.z.s.o.apache.hc.client5.http.wire  : http-outgoing-7 << "[\r][\n]"
2024-06-12T14:28:40.246+03:00 DEBUG 12012 --- [URL Shortener] [           main] g.d.z.s.o.a.h.c.h.i.c.InternalHttpClient : ep-00000045: releasing valid endpoint
2024-06-12T14:28:40.246+03:00 DEBUG 12012 --- [URL Shortener] [           main] h.i.i.PoolingHttpClientConnectionManager : ep-00000045: releasing endpoint
2024-06-12T14:28:40.246+03:00 DEBUG 12012 --- [URL Shortener] [           main] h.i.i.PoolingHttpClientConnectionManager : ep-00000045: connection http-outgoing-7 can be kept alive for 3 MINUTES
2024-06-12T14:28:40.246+03:00 DEBUG 12012 --- [URL Shortener] [           main] h.i.i.PoolingHttpClientConnectionManager : ep-00000045: connection released [route: {}->npipe://localhost:2375][total available: 1; route allocated: 1 of 2147483647; total allocated: 1 of 2147483647]
2024-06-12T14:28:40.246+03:00  INFO 12012 --- [URL Shortener] [           main] tc.postgres:latest                       : Container postgres:latest is starting: 128f22c426d45daca997e33ea9c3b62928a65a0f376c96d80573176364685d48
2024-06-12T14:28:40.246+03:00 DEBUG 12012 --- [URL Shortener] [           main] o.t.s.c.g.d.core.command.AbstrDockerCmd  : Cmd: 128f22c426d45daca997e33ea9c3b62928a65a0f376c96d80573176364685d48
2024-06-12T14:28:40.246+03:00 DEBUG 12012 --- [URL Shortener] [           main] g.d.z.s.o.a.h.c.h.i.c.InternalHttpClient : ex-00000047: preparing request execution
2024-06-12T14:28:40.246+03:00 DEBUG 12012 --- [URL Shortener] [           main] c.g.d.z.s.o.a.h.c.h.p.RequestAddCookies  : Cookie spec selected: strict
2024-06-12T14:28:40.247+03:00 DEBUG 12012 --- [URL Shortener] [           main] c.g.d.z.s.o.a.h.c.h.p.RequestAuthCache   : Auth cache not set in the context
2024-06-12T14:28:40.247+03:00 DEBUG 12012 --- [URL Shortener] [           main] c.g.d.z.s.o.a.h.c.h.i.c.ProtocolExec     : ex-00000047: target auth state: UNCHALLENGED
2024-06-12T14:28:40.247+03:00 DEBUG 12012 --- [URL Shortener] [           main] c.g.d.z.s.o.a.h.c.h.i.c.ProtocolExec     : ex-00000047: proxy auth state: UNCHALLENGED
2024-06-12T14:28:40.247+03:00 DEBUG 12012 --- [URL Shortener] [           main] c.g.d.z.s.o.a.h.c.h.i.c.ConnectExec      : ex-00000047: acquiring connection with route {}->npipe://localhost:2375
2024-06-12T14:28:40.247+03:00 DEBUG 12012 --- [URL Shortener] [           main] g.d.z.s.o.a.h.c.h.i.c.InternalHttpClient : ex-00000047: acquiring endpoint (3 MINUTES)
2024-06-12T14:28:40.247+03:00 DEBUG 12012 --- [URL Shortener] [           main] h.i.i.PoolingHttpClientConnectionManager : ex-00000047: endpoint lease request (3 MINUTES) [route: {}->npipe://localhost:2375][total available: 1; route allocated: 1 of 2147483647; total allocated: 1 of 2147483647]
2024-06-12T14:28:40.247+03:00 DEBUG 12012 --- [URL Shortener] [           main] h.i.i.PoolingHttpClientConnectionManager : ex-00000047: endpoint leased [route: {}->npipe://localhost:2375][total available: 0; route allocated: 1 of 2147483647; total allocated: 1 of 2147483647]
2024-06-12T14:28:40.247+03:00 DEBUG 12012 --- [URL Shortener] [           main] h.i.i.PoolingHttpClientConnectionManager : ex-00000047: acquired ep-00000046
2024-06-12T14:28:40.247+03:00 DEBUG 12012 --- [URL Shortener] [           main] g.d.z.s.o.a.h.c.h.i.c.InternalHttpClient : ex-00000047: acquired endpoint ep-00000046
2024-06-12T14:28:40.247+03:00 DEBUG 12012 --- [URL Shortener] [           main] c.g.d.z.s.o.a.h.c.h.i.c.MainClientExec   : ex-00000047: executing POST /v1.32/containers/128f22c426d45daca997e33ea9c3b62928a65a0f376c96d80573176364685d48/start HTTP/1.1
2024-06-12T14:28:40.247+03:00 DEBUG 12012 --- [URL Shortener] [           main] g.d.z.s.o.a.h.c.h.i.c.InternalHttpClient : ep-00000046: start execution ex-00000047
2024-06-12T14:28:40.247+03:00 DEBUG 12012 --- [URL Shortener] [           main] h.i.i.PoolingHttpClientConnectionManager : ep-00000046: executing exchange ex-00000047 over http-outgoing-7
2024-06-12T14:28:40.247+03:00 DEBUG 12012 --- [URL Shortener] [           main] c.g.d.z.s.o.a.hc.client5.http.headers    : http-outgoing-7 >> POST /v1.32/containers/128f22c426d45daca997e33ea9c3b62928a65a0f376c96d80573176364685d48/start HTTP/1.1
2024-06-12T14:28:40.247+03:00 DEBUG 12012 --- [URL Shortener] [           main] c.g.d.z.s.o.a.hc.client5.http.headers    : http-outgoing-7 >> accept: application/json
2024-06-12T14:28:40.247+03:00 DEBUG 12012 --- [URL Shortener] [           main] c.g.d.z.s.o.a.hc.client5.http.headers    : http-outgoing-7 >> content-type: application/json
2024-06-12T14:28:40.247+03:00 DEBUG 12012 --- [URL Shortener] [           main] c.g.d.z.s.o.a.hc.client5.http.headers    : http-outgoing-7 >> x-tc-sid: 7171fa07-21e4-4858-9670-1c8520dc0b21
2024-06-12T14:28:40.247+03:00 DEBUG 12012 --- [URL Shortener] [           main] c.g.d.z.s.o.a.hc.client5.http.headers    : http-outgoing-7 >> User-Agent: tc-java/1.19.8
2024-06-12T14:28:40.247+03:00 DEBUG 12012 --- [URL Shortener] [           main] c.g.d.z.s.o.a.hc.client5.http.headers    : http-outgoing-7 >> Accept-Encoding: gzip, x-gzip, deflate
2024-06-12T14:28:40.247+03:00 DEBUG 12012 --- [URL Shortener] [           main] c.g.d.z.s.o.a.hc.client5.http.headers    : http-outgoing-7 >> Host: localhost:2375
2024-06-12T14:28:40.247+03:00 DEBUG 12012 --- [URL Shortener] [           main] c.g.d.z.s.o.a.hc.client5.http.headers    : http-outgoing-7 >> Connection: keep-alive
2024-06-12T14:28:40.247+03:00 DEBUG 12012 --- [URL Shortener] [           main] c.g.d.z.s.o.apache.hc.client5.http.wire  : http-outgoing-7 >> "POST /v1.32/containers/128f22c426d45daca997e33ea9c3b62928a65a0f376c96d80573176364685d48/start HTTP/1.1[\r][\n]"
2024-06-12T14:28:40.247+03:00 DEBUG 12012 --- [URL Shortener] [           main] c.g.d.z.s.o.apache.hc.client5.http.wire  : http-outgoing-7 >> "accept: application/json[\r][\n]"
2024-06-12T14:28:40.247+03:00 DEBUG 12012 --- [URL Shortener] [           main] c.g.d.z.s.o.apache.hc.client5.http.wire  : http-outgoing-7 >> "content-type: application/json[\r][\n]"
2024-06-12T14:28:40.247+03:00 DEBUG 12012 --- [URL Shortener] [           main] c.g.d.z.s.o.apache.hc.client5.http.wire  : http-outgoing-7 >> "x-tc-sid: 7171fa07-21e4-4858-9670-1c8520dc0b21[\r][\n]"
2024-06-12T14:28:40.247+03:00 DEBUG 12012 --- [URL Shortener] [           main] c.g.d.z.s.o.apache.hc.client5.http.wire  : http-outgoing-7 >> "User-Agent: tc-java/1.19.8[\r][\n]"
2024-06-12T14:28:40.247+03:00 DEBUG 12012 --- [URL Shortener] [           main] c.g.d.z.s.o.apache.hc.client5.http.wire  : http-outgoing-7 >> "Accept-Encoding: gzip, x-gzip, deflate[\r][\n]"
2024-06-12T14:28:40.247+03:00 DEBUG 12012 --- [URL Shortener] [           main] c.g.d.z.s.o.apache.hc.client5.http.wire  : http-outgoing-7 >> "Host: localhost:2375[\r][\n]"
2024-06-12T14:28:40.247+03:00 DEBUG 12012 --- [URL Shortener] [           main] c.g.d.z.s.o.apache.hc.client5.http.wire  : http-outgoing-7 >> "Connection: keep-alive[\r][\n]"
2024-06-12T14:28:40.247+03:00 DEBUG 12012 --- [URL Shortener] [           main] c.g.d.z.s.o.apache.hc.client5.http.wire  : http-outgoing-7 >> "[\r][\n]"
2024-06-12T14:28:40.544+03:00 DEBUG 12012 --- [URL Shortener] [           main] c.g.d.z.s.o.apache.hc.client5.http.wire  : http-outgoing-7 << "HTTP/1.1 204 No Content[\r][\n]"
2024-06-12T14:28:40.545+03:00 DEBUG 12012 --- [URL Shortener] [           main] c.g.d.z.s.o.apache.hc.client5.http.wire  : http-outgoing-7 << "Api-Version: 1.43[\r][\n]"
2024-06-12T14:28:40.545+03:00 DEBUG 12012 --- [URL Shortener] [           main] c.g.d.z.s.o.apache.hc.client5.http.wire  : http-outgoing-7 << "Date: Wed, 12 Jun 2024 11:28:40 GMT[\r][\n]"
2024-06-12T14:28:40.545+03:00 DEBUG 12012 --- [URL Shortener] [           main] c.g.d.z.s.o.apache.hc.client5.http.wire  : http-outgoing-7 << "Docker-Experimental: false[\r][\n]"
2024-06-12T14:28:40.545+03:00 DEBUG 12012 --- [URL Shortener] [           main] c.g.d.z.s.o.apache.hc.client5.http.wire  : http-outgoing-7 << "Ostype: linux[\r][\n]"
2024-06-12T14:28:40.545+03:00 DEBUG 12012 --- [URL Shortener] [           main] c.g.d.z.s.o.apache.hc.client5.http.wire  : http-outgoing-7 << "Server: Docker/24.0.7 (linux)[\r][\n]"
2024-06-12T14:28:40.545+03:00 DEBUG 12012 --- [URL Shortener] [           main] c.g.d.z.s.o.apache.hc.client5.http.wire  : http-outgoing-7 << "[\r][\n]"
2024-06-12T14:28:40.545+03:00 DEBUG 12012 --- [URL Shortener] [           main] c.g.d.z.s.o.a.hc.client5.http.headers    : http-outgoing-7 << HTTP/1.1 204 No Content
2024-06-12T14:28:40.545+03:00 DEBUG 12012 --- [URL Shortener] [           main] c.g.d.z.s.o.a.hc.client5.http.headers    : http-outgoing-7 << Api-Version: 1.43
2024-06-12T14:28:40.545+03:00 DEBUG 12012 --- [URL Shortener] [           main] c.g.d.z.s.o.a.hc.client5.http.headers    : http-outgoing-7 << Date: Wed, 12 Jun 2024 11:28:40 GMT
2024-06-12T14:28:40.545+03:00 DEBUG 12012 --- [URL Shortener] [           main] c.g.d.z.s.o.a.hc.client5.http.headers    : http-outgoing-7 << Docker-Experimental: false
2024-06-12T14:28:40.545+03:00 DEBUG 12012 --- [URL Shortener] [           main] c.g.d.z.s.o.a.hc.client5.http.headers    : http-outgoing-7 << Ostype: linux
2024-06-12T14:28:40.545+03:00 DEBUG 12012 --- [URL Shortener] [           main] c.g.d.z.s.o.a.hc.client5.http.headers    : http-outgoing-7 << Server: Docker/24.0.7 (linux)
2024-06-12T14:28:40.545+03:00 DEBUG 12012 --- [URL Shortener] [           main] c.g.d.z.s.o.a.h.c.h.i.c.MainClientExec   : ex-00000047: connection can be kept alive for 3 MINUTES
2024-06-12T14:28:40.545+03:00 DEBUG 12012 --- [URL Shortener] [           main] g.d.z.s.o.a.h.c.h.i.c.InternalHttpClient : ep-00000046: releasing valid endpoint
2024-06-12T14:28:40.545+03:00 DEBUG 12012 --- [URL Shortener] [           main] h.i.i.PoolingHttpClientConnectionManager : ep-00000046: releasing endpoint
2024-06-12T14:28:40.545+03:00 DEBUG 12012 --- [URL Shortener] [           main] h.i.i.PoolingHttpClientConnectionManager : ep-00000046: connection http-outgoing-7 can be kept alive for 3 MINUTES
2024-06-12T14:28:40.546+03:00 DEBUG 12012 --- [URL Shortener] [           main] h.i.i.PoolingHttpClientConnectionManager : ep-00000046: connection released [route: {}->npipe://localhost:2375][total available: 1; route allocated: 1 of 2147483647; total allocated: 1 of 2147483647]
2024-06-12T14:28:40.546+03:00 DEBUG 12012 --- [URL Shortener] [           main] o.t.s.c.g.d.core.command.AbstrDockerCmd  : Cmd: 128f22c426d45daca997e33ea9c3b62928a65a0f376c96d80573176364685d48,false
2024-06-12T14:28:40.546+03:00 DEBUG 12012 --- [URL Shortener] [           main] o.t.s.c.g.d.c.e.InspectContainerCmdExec  : GET: DefaultWebTarget{path=[/containers/128f22c426d45daca997e33ea9c3b62928a65a0f376c96d80573176364685d48/json], queryParams={}}
2024-06-12T14:28:40.546+03:00 DEBUG 12012 --- [URL Shortener] [           main] g.d.z.s.o.a.h.c.h.i.c.InternalHttpClient : ex-00000048: preparing request execution
2024-06-12T14:28:40.546+03:00 DEBUG 12012 --- [URL Shortener] [           main] c.g.d.z.s.o.a.h.c.h.p.RequestAddCookies  : Cookie spec selected: strict
2024-06-12T14:28:40.546+03:00 DEBUG 12012 --- [URL Shortener] [           main] c.g.d.z.s.o.a.h.c.h.p.RequestAuthCache   : Auth cache not set in the context
2024-06-12T14:28:40.546+03:00 DEBUG 12012 --- [URL Shortener] [           main] c.g.d.z.s.o.a.h.c.h.i.c.ProtocolExec     : ex-00000048: target auth state: UNCHALLENGED
2024-06-12T14:28:40.546+03:00 DEBUG 12012 --- [URL Shortener] [           main] c.g.d.z.s.o.a.h.c.h.i.c.ProtocolExec     : ex-00000048: proxy auth state: UNCHALLENGED
2024-06-12T14:28:40.546+03:00 DEBUG 12012 --- [URL Shortener] [           main] c.g.d.z.s.o.a.h.c.h.i.c.ConnectExec      : ex-00000048: acquiring connection with route {}->npipe://localhost:2375
2024-06-12T14:28:40.547+03:00 DEBUG 12012 --- [URL Shortener] [           main] g.d.z.s.o.a.h.c.h.i.c.InternalHttpClient : ex-00000048: acquiring endpoint (3 MINUTES)
2024-06-12T14:28:40.547+03:00 DEBUG 12012 --- [URL Shortener] [           main] h.i.i.PoolingHttpClientConnectionManager : ex-00000048: endpoint lease request (3 MINUTES) [route: {}->npipe://localhost:2375][total available: 1; route allocated: 1 of 2147483647; total allocated: 1 of 2147483647]
2024-06-12T14:28:40.547+03:00 DEBUG 12012 --- [URL Shortener] [           main] h.i.i.PoolingHttpClientConnectionManager : ex-00000048: endpoint leased [route: {}->npipe://localhost:2375][total available: 0; route allocated: 1 of 2147483647; total allocated: 1 of 2147483647]
2024-06-12T14:28:40.547+03:00 DEBUG 12012 --- [URL Shortener] [           main] h.i.i.PoolingHttpClientConnectionManager : ex-00000048: acquired ep-00000047
2024-06-12T14:28:40.547+03:00 DEBUG 12012 --- [URL Shortener] [           main] g.d.z.s.o.a.h.c.h.i.c.InternalHttpClient : ex-00000048: acquired endpoint ep-00000047
2024-06-12T14:28:40.547+03:00 DEBUG 12012 --- [URL Shortener] [           main] c.g.d.z.s.o.a.h.c.h.i.c.MainClientExec   : ex-00000048: executing GET /v1.32/containers/128f22c426d45daca997e33ea9c3b62928a65a0f376c96d80573176364685d48/json HTTP/1.1
2024-06-12T14:28:40.547+03:00 DEBUG 12012 --- [URL Shortener] [           main] g.d.z.s.o.a.h.c.h.i.c.InternalHttpClient : ep-00000047: start execution ex-00000048
2024-06-12T14:28:40.547+03:00 DEBUG 12012 --- [URL Shortener] [           main] h.i.i.PoolingHttpClientConnectionManager : ep-00000047: executing exchange ex-00000048 over http-outgoing-7
2024-06-12T14:28:40.547+03:00 DEBUG 12012 --- [URL Shortener] [           main] c.g.d.z.s.o.a.hc.client5.http.headers    : http-outgoing-7 >> GET /v1.32/containers/128f22c426d45daca997e33ea9c3b62928a65a0f376c96d80573176364685d48/json HTTP/1.1
2024-06-12T14:28:40.547+03:00 DEBUG 12012 --- [URL Shortener] [           main] c.g.d.z.s.o.a.hc.client5.http.headers    : http-outgoing-7 >> accept: application/json
2024-06-12T14:28:40.547+03:00 DEBUG 12012 --- [URL Shortener] [           main] c.g.d.z.s.o.a.hc.client5.http.headers    : http-outgoing-7 >> x-tc-sid: 7171fa07-21e4-4858-9670-1c8520dc0b21
2024-06-12T14:28:40.547+03:00 DEBUG 12012 --- [URL Shortener] [           main] c.g.d.z.s.o.a.hc.client5.http.headers    : http-outgoing-7 >> User-Agent: tc-java/1.19.8
2024-06-12T14:28:40.547+03:00 DEBUG 12012 --- [URL Shortener] [           main] c.g.d.z.s.o.a.hc.client5.http.headers    : http-outgoing-7 >> Accept-Encoding: gzip, x-gzip, deflate
2024-06-12T14:28:40.547+03:00 DEBUG 12012 --- [URL Shortener] [           main] c.g.d.z.s.o.a.hc.client5.http.headers    : http-outgoing-7 >> Host: localhost:2375
2024-06-12T14:28:40.547+03:00 DEBUG 12012 --- [URL Shortener] [           main] c.g.d.z.s.o.a.hc.client5.http.headers    : http-outgoing-7 >> Connection: keep-alive
2024-06-12T14:28:40.547+03:00 DEBUG 12012 --- [URL Shortener] [           main] c.g.d.z.s.o.apache.hc.client5.http.wire  : http-outgoing-7 >> "GET /v1.32/containers/128f22c426d45daca997e33ea9c3b62928a65a0f376c96d80573176364685d48/json HTTP/1.1[\r][\n]"
2024-06-12T14:28:40.547+03:00 DEBUG 12012 --- [URL Shortener] [           main] c.g.d.z.s.o.apache.hc.client5.http.wire  : http-outgoing-7 >> "accept: application/json[\r][\n]"
2024-06-12T14:28:40.547+03:00 DEBUG 12012 --- [URL Shortener] [           main] c.g.d.z.s.o.apache.hc.client5.http.wire  : http-outgoing-7 >> "x-tc-sid: 7171fa07-21e4-4858-9670-1c8520dc0b21[\r][\n]"
2024-06-12T14:28:40.547+03:00 DEBUG 12012 --- [URL Shortener] [           main] c.g.d.z.s.o.apache.hc.client5.http.wire  : http-outgoing-7 >> "User-Agent: tc-java/1.19.8[\r][\n]"
2024-06-12T14:28:40.547+03:00 DEBUG 12012 --- [URL Shortener] [           main] c.g.d.z.s.o.apache.hc.client5.http.wire  : http-outgoing-7 >> "Accept-Encoding: gzip, x-gzip, deflate[\r][\n]"
2024-06-12T14:28:40.547+03:00 DEBUG 12012 --- [URL Shortener] [           main] c.g.d.z.s.o.apache.hc.client5.http.wire  : http-outgoing-7 >> "Host: localhost:2375[\r][\n]"
2024-06-12T14:28:40.547+03:00 DEBUG 12012 --- [URL Shortener] [           main] c.g.d.z.s.o.apache.hc.client5.http.wire  : http-outgoing-7 >> "Connection: keep-alive[\r][\n]"
2024-06-12T14:28:40.547+03:00 DEBUG 12012 --- [URL Shortener] [           main] c.g.d.z.s.o.apache.hc.client5.http.wire  : http-outgoing-7 >> "[\r][\n]"
2024-06-12T14:28:40.550+03:00 DEBUG 12012 --- [URL Shortener] [           main] c.g.d.z.s.o.apache.hc.client5.http.wire  : http-outgoing-7 << "HTTP/1.1 200 OK[\r][\n]"
2024-06-12T14:28:40.550+03:00 DEBUG 12012 --- [URL Shortener] [           main] c.g.d.z.s.o.apache.hc.client5.http.wire  : http-outgoing-7 << "Api-Version: 1.43[\r][\n]"
2024-06-12T14:28:40.550+03:00 DEBUG 12012 --- [URL Shortener] [           main] c.g.d.z.s.o.apache.hc.client5.http.wire  : http-outgoing-7 << "Content-Type: application/json[\r][\n]"
2024-06-12T14:28:40.550+03:00 DEBUG 12012 --- [URL Shortener] [           main] c.g.d.z.s.o.apache.hc.client5.http.wire  : http-outgoing-7 << "Date: Wed, 12 Jun 2024 11:28:40 GMT[\r][\n]"
2024-06-12T14:28:40.550+03:00 DEBUG 12012 --- [URL Shortener] [           main] c.g.d.z.s.o.apache.hc.client5.http.wire  : http-outgoing-7 << "Docker-Experimental: false[\r][\n]"
2024-06-12T14:28:40.550+03:00 DEBUG 12012 --- [URL Shortener] [           main] c.g.d.z.s.o.apache.hc.client5.http.wire  : http-outgoing-7 << "Ostype: linux[\r][\n]"
2024-06-12T14:28:40.550+03:00 DEBUG 12012 --- [URL Shortener] [           main] c.g.d.z.s.o.apache.hc.client5.http.wire  : http-outgoing-7 << "Server: Docker/24.0.7 (linux)[\r][\n]"
2024-06-12T14:28:40.550+03:00 DEBUG 12012 --- [URL Shortener] [           main] c.g.d.z.s.o.apache.hc.client5.http.wire  : http-outgoing-7 << "Transfer-Encoding: chunked[\r][\n]"
2024-06-12T14:28:40.550+03:00 DEBUG 12012 --- [URL Shortener] [           main] c.g.d.z.s.o.apache.hc.client5.http.wire  : http-outgoing-7 << "[\r][\n]"
2024-06-12T14:28:40.550+03:00 DEBUG 12012 --- [URL Shortener] [           main] c.g.d.z.s.o.a.hc.client5.http.headers    : http-outgoing-7 << HTTP/1.1 200 OK
2024-06-12T14:28:40.550+03:00 DEBUG 12012 --- [URL Shortener] [           main] c.g.d.z.s.o.a.hc.client5.http.headers    : http-outgoing-7 << Api-Version: 1.43
2024-06-12T14:28:40.550+03:00 DEBUG 12012 --- [URL Shortener] [           main] c.g.d.z.s.o.a.hc.client5.http.headers    : http-outgoing-7 << Content-Type: application/json
2024-06-12T14:28:40.550+03:00 DEBUG 12012 --- [URL Shortener] [           main] c.g.d.z.s.o.a.hc.client5.http.headers    : http-outgoing-7 << Date: Wed, 12 Jun 2024 11:28:40 GMT
2024-06-12T14:28:40.550+03:00 DEBUG 12012 --- [URL Shortener] [           main] c.g.d.z.s.o.a.hc.client5.http.headers    : http-outgoing-7 << Docker-Experimental: false
2024-06-12T14:28:40.550+03:00 DEBUG 12012 --- [URL Shortener] [           main] c.g.d.z.s.o.a.hc.client5.http.headers    : http-outgoing-7 << Ostype: linux
2024-06-12T14:28:40.550+03:00 DEBUG 12012 --- [URL Shortener] [           main] c.g.d.z.s.o.a.hc.client5.http.headers    : http-outgoing-7 << Server: Docker/24.0.7 (linux)
2024-06-12T14:28:40.550+03:00 DEBUG 12012 --- [URL Shortener] [           main] c.g.d.z.s.o.a.hc.client5.http.headers    : http-outgoing-7 << Transfer-Encoding: chunked
2024-06-12T14:28:40.550+03:00 DEBUG 12012 --- [URL Shortener] [           main] c.g.d.z.s.o.a.h.c.h.i.c.MainClientExec   : ex-00000048: connection can be kept alive for 3 MINUTES
2024-06-12T14:28:40.551+03:00 DEBUG 12012 --- [URL Shortener] [           main] c.g.d.z.s.o.apache.hc.client5.http.wire  : http-outgoing-7 << "1a2c[\r][\n]"
2024-06-12T14:28:40.551+03:00 DEBUG 12012 --- [URL Shortener] [           main] c.g.d.z.s.o.apache.hc.client5.http.wire  : http-outgoing-7 << "{"Id":"128f22c426d45daca997e33ea9c3b62928a65a0f376c96d80573176364685d48","Created":"2024-06-12T11:28:40.186690474Z","Path":"docker-entrypoint.sh","Args":["postgres","-c","fsync=off"],"State":{"Status":"running","Running":true,"Paused":false,"Restarting":false,"OOMKilled":false,"Dead":false,"Pid":3409,"ExitCode":0,"Error":"","StartedAt":"2024-06-12T11:28:40.537033968Z","FinishedAt":"0001-01-01T00:00:00Z"},"Image":"sha256:cff6b68a194a672fd337d8728bfb252071012cce6f0f2ed760988f7bc63a89d2","ResolvConfPath":"/var/lib/docker/containers/128f22c426d45daca997e33ea9c3b62928a65a0f376c96d80573176364685d48/resolv.conf","HostnamePath":"/var/lib/docker/containers/128f22c426d45daca997e33ea9c3b62928a65a0f376c96d80573176364685d48/hostname","HostsPath":"/var/lib/docker/containers/128f22c426d45daca997e33ea9c3b62928a65a0f376c96d80573176364685d48/hosts","LogPath":"/var/lib/docker/containers/128f22c426d45daca997e33ea9c3b62928a65a0f376c96d80573176364685d48/128f22c426d45daca997e33ea9c3b62928a65a0f376c96d80573176364685d48-json.log","Name":"/modest_johnson","RestartCount":0,"Driver":"overlay2","Platform":"linux","MountLabel":"","ProcessLabel":"","AppArmorProfile":"","ExecIDs":null,"HostConfig":{"Binds":[],"ContainerIDFile":"","LogConfig":{"Type":"json-file","Config":{}},"NetworkMode":"default","PortBindings":{"5432/tcp":[{"HostIp":"0.0.0.0","HostPort":"0"}]},"RestartPolicy":{"Name":"","MaximumRetryCount":0},"AutoRemove":false,"VolumeDriver":"","VolumesFrom":[],"ConsoleSize":[0,0],"CapAdd":null,"CapDrop":null,"CgroupnsMode":"host","Dns":null,"DnsOptions":null,"DnsSearch":null,"ExtraHosts":[],"GroupAdd":null,"IpcMode":"shareable","Cgroup":"","Links":null,"OomScoreAdj":0,"PidMode":"","Privileged":false,"PublishAllPorts":false,"ReadonlyRootfs":false,"SecurityOpt":null,"UTSMode":"","UsernsMode":"","ShmSize":67108864,"Runtime":"runc","Isolation":"","CpuShares":0,"Memory":0,"NanoCpus":0,"CgroupParent":"","BlkioWeight":0,"BlkioWeightDevice":null,"BlkioDeviceReadBps":null,"BlkioDeviceWriteBps":null,"BlkioDeviceReadIOps":null,"BlkioDeviceWriteIOps":null,"CpuPeriod":0,"CpuQuota":0,"CpuRealtimePeriod":0,"CpuRealtimeRuntime":0,"CpusetCpus":"","CpusetMems":"","Devices":null,"DeviceCgroupRules":null,"DeviceRequests":null,"MemoryReservation":0,"MemorySwap":0,"MemorySwappiness":null,"OomKillDisable":false,"PidsLimit":null,"Ulimits":null,"CpuCount":0,"CpuPercent":0,"IOMaximumIOps":0,"IOMaximumBandwidth":0,"MaskedPaths":["/proc/asound","/proc/acpi","/proc/kcore","/proc/keys","/proc/latency_stats","/proc/timer_list","/proc/timer_stats","/proc/sched_debug","/proc/scsi","/sys/firmware","/sys/devices/virtual/powercap"],"ReadonlyPaths":["/proc/bus","/proc/fs","/proc/irq","/proc/sys","/proc/sysrq-trigger"]},"GraphDriver":{"Data":{"LowerDir":"/var/lib/docker/overlay2/09d2f644372b27643cf8b079912aca7e0472a8edec5ca8564974e7e631a78aa9-init/diff:/var/lib/docker/overlay2/db451d0433a46fa45e17cc0eae406c512a577a19aed597a6dcd152aa60abc9db/diff:/var/lib/docker/overlay2/2cbe3a1a11481afc7adee257a96fbd885a65a5a6b7f47a4b9e39ab13d617ed9f/diff:/var/lib/docker/overlay2/34f0f2835c7fab192b0a09fbaa35e3fde336f3a21db4d551ecb5744f35f022d8/diff:/var/lib/docker/overlay2/91c1ab49fbf459c6ac614f4f21e302f21d4a65eae0c0df9e5fd257fec8b8dac7/diff:/var/lib/docker/overlay2/c047fdb7a36e3127654f971b9e00f52a192b9425d14315e2be62531cbf859c1c/diff:/var/lib/docker/overlay2/f17ff6a2434319a3d0da9c06f159a651e34677f6555cedd9fa5cd4a243a4cf00/diff:/var/lib/docker/overlay2/d3896bdbfb55d53cc96483830bf86d746e709698c5870461b76a606235034e2c/diff:/var/lib/docker/overlay2/17bbcad0aa3d49db9143caa84bf36ac80a1e2abb4465494be53788fdf15136bc/diff:/var/lib/docker/overlay2/d3ba0002826ba8dc8a50ec5b5f40f8eeecc49aed69b7e4852b2c17d4e3bc7673/diff:/var/lib/docker/overlay2/b025c0d3f178bdae3585ff4493fb402ddac780bb0dc86a6e2a4bd16fd5df4fd0/diff:/var/lib/docker/overlay2/b34b03430c91db007405bdcdabdee4d661413c4a546d47aa4933ae256c8c1f83/diff:/var/lib/docker/overlay2/d4b461868c979b00a1a4f4e75535982f2a3b2f76c5b58eae99e5b0523fc10465/diff:/var/lib/docker/overlay2/a2edc56609840a14728ce10afbb50ca5b6a9dcfe1138d7a04954c1b2dfcd9724/diff:/var/lib/docker/"
2024-06-12T14:28:40.551+03:00 DEBUG 12012 --- [URL Shortener] [           main] c.g.d.z.s.o.apache.hc.client5.http.wire  : http-outgoing-7 << "overlay2/1d7e1c282144b7b877f2e2cfc223d536f406a3e5cf43804aff3d6b54f674eee8/diff","MergedDir":"/var/lib/docker/overlay2/09d2f644372b27643cf8b079912aca7e0472a8edec5ca8564974e7e631a78aa9/merged","UpperDir":"/var/lib/docker/overlay2/09d2f644372b27643cf8b079912aca7e0472a8edec5ca8564974e7e631a78aa9/diff","WorkDir":"/var/lib/docker/overlay2/09d2f644372b27643cf8b079912aca7e0472a8edec5ca8564974e7e631a78aa9/work"},"Name":"overlay2"},"Mounts":[{"Type":"volume","Name":"3574d884f9867df1ecd8662dc91d29b5afce1c0f6fab5317226e9473e9b116ee","Source":"/var/lib/docker/volumes/3574d884f9867df1ecd8662dc91d29b5afce1c0f6fab5317226e9473e9b116ee/_data","Destination":"/var/lib/postgresql/data","Driver":"local","Mode":"","RW":true,"Propagation":""}],"Config":{"Hostname":"128f22c426d4","Domainname":"","User":"","AttachStdin":false,"AttachStdout":false,"AttachStderr":false,"ExposedPorts":{"5432/tcp":{}},"Tty":false,"OpenStdin":false,"StdinOnce":false,"Env":["POSTGRES_USER=testuser","POSTGRES_PASSWORD=testpass","POSTGRES_DB=testdb","PATH=/usr/local/sbin:/usr/local/bin:/usr/sbin:/usr/bin:/sbin:/bin:/usr/lib/postgresql/16/bin","GOSU_VERSION=1.17","LANG=en_US.utf8","PG_MAJOR=16","PG_VERSION=16.3-1.pgdg120+1","PGDATA=/var/lib/postgresql/data"],"Cmd":["postgres","-c","fsync=off"],"Image":"postgres:latest","Volumes":{"/var/lib/postgresql/data":{}},"WorkingDir":"","Entrypoint":["docker-entrypoint.sh"],"OnBuild":null,"Labels":{"org.testcontainers":"true","org.testcontainers.lang":"java","org.testcontainers.sessionId":"7171fa07-21e4-4858-9670-1c8520dc0b21","org.testcontainers.version":"1.19.8"},"StopSignal":"SIGINT"},"NetworkSettings":{"Bridge":"","SandboxID":"29659b64971e03fad57c28c696096d3dec7d03cb77c8938c82e82e8c98523aab","HairpinMode":false,"LinkLocalIPv6Address":"","LinkLocalIPv6PrefixLen":0,"Ports":{"5432/tcp":[{"HostIp":"0.0.0.0","HostPort":"51223"}]},"SandboxKey":"/var/run/docker/netns/29659b64971e","SecondaryIPAddresses":null,"SecondaryIPv6Addresses":null,"EndpointID":"3210ff9161a13cd60610d55d12bfbb5f8c81a8ab6235076e8910c40ca6b31b4f","Gateway":"172.17.0.1","GlobalIPv6Address":"","GlobalIPv6PrefixLen":0,"IPAddress":"172.17.0.3","IPPrefixLen":16,"IPv6Gateway":"","MacAddress":"02:42:ac:11:00:03","Networks":{"bridge":{"IPAMConfig":null,"Links":null,"Aliases":null,"MacAddress":"02:42:ac:11:00:03","NetworkID":"9daa7fca6b6cbb5c2be934cabaa56953e265b86a191774f7c7502906e8f1d0b7","EndpointID":"3210ff9161a13cd60610d55d12bfbb5f8c81a8ab6235076e8910c40ca6b31b4f","Gateway":"172.17.0.1","IPAddress":"172.17.0.3","IPPrefixLen":16,"IPv6Gateway":"","GlobalIPv6Address":"","GlobalIPv6PrefixLen":0,"DriverOpts":null}}}}[\n]"
2024-06-12T14:28:40.552+03:00 DEBUG 12012 --- [URL Shortener] [           main] c.g.d.z.s.o.apache.hc.client5.http.wire  : http-outgoing-7 << "[\r][\n]"
2024-06-12T14:28:40.552+03:00 DEBUG 12012 --- [URL Shortener] [           main] c.g.d.z.s.o.apache.hc.client5.http.wire  : http-outgoing-7 << "0[\r][\n]"
2024-06-12T14:28:40.552+03:00 DEBUG 12012 --- [URL Shortener] [           main] c.g.d.z.s.o.apache.hc.client5.http.wire  : http-outgoing-7 << "[\r][\n]"
2024-06-12T14:28:40.552+03:00 DEBUG 12012 --- [URL Shortener] [           main] g.d.z.s.o.a.h.c.h.i.c.InternalHttpClient : ep-00000047: releasing valid endpoint
2024-06-12T14:28:40.552+03:00 DEBUG 12012 --- [URL Shortener] [           main] h.i.i.PoolingHttpClientConnectionManager : ep-00000047: releasing endpoint
2024-06-12T14:28:40.552+03:00 DEBUG 12012 --- [URL Shortener] [           main] h.i.i.PoolingHttpClientConnectionManager : ep-00000047: connection http-outgoing-7 can be kept alive for 3 MINUTES
2024-06-12T14:28:40.552+03:00 DEBUG 12012 --- [URL Shortener] [           main] h.i.i.PoolingHttpClientConnectionManager : ep-00000047: connection released [route: {}->npipe://localhost:2375][total available: 1; route allocated: 1 of 2147483647; total allocated: 1 of 2147483647]
2024-06-12T14:28:40.552+03:00 DEBUG 12012 --- [URL Shortener] [           main] o.t.s.c.g.d.core.command.AbstrDockerCmd  : Cmd: sha256:cff6b68a194a672fd337d8728bfb252071012cce6f0f2ed760988f7bc63a89d2
2024-06-12T14:28:40.553+03:00 DEBUG 12012 --- [URL Shortener] [           main] g.d.z.s.o.a.h.c.h.i.c.InternalHttpClient : ex-00000049: preparing request execution
2024-06-12T14:28:40.553+03:00 DEBUG 12012 --- [URL Shortener] [           main] c.g.d.z.s.o.a.h.c.h.p.RequestAddCookies  : Cookie spec selected: strict
2024-06-12T14:28:40.553+03:00 DEBUG 12012 --- [URL Shortener] [           main] c.g.d.z.s.o.a.h.c.h.p.RequestAuthCache   : Auth cache not set in the context
2024-06-12T14:28:40.553+03:00 DEBUG 12012 --- [URL Shortener] [           main] c.g.d.z.s.o.a.h.c.h.i.c.ProtocolExec     : ex-00000049: target auth state: UNCHALLENGED
2024-06-12T14:28:40.553+03:00 DEBUG 12012 --- [URL Shortener] [           main] c.g.d.z.s.o.a.h.c.h.i.c.ProtocolExec     : ex-00000049: proxy auth state: UNCHALLENGED
2024-06-12T14:28:40.553+03:00 DEBUG 12012 --- [URL Shortener] [           main] c.g.d.z.s.o.a.h.c.h.i.c.ConnectExec      : ex-00000049: acquiring connection with route {}->npipe://localhost:2375
2024-06-12T14:28:40.553+03:00 DEBUG 12012 --- [URL Shortener] [           main] g.d.z.s.o.a.h.c.h.i.c.InternalHttpClient : ex-00000049: acquiring endpoint (3 MINUTES)
2024-06-12T14:28:40.553+03:00 DEBUG 12012 --- [URL Shortener] [           main] h.i.i.PoolingHttpClientConnectionManager : ex-00000049: endpoint lease request (3 MINUTES) [route: {}->npipe://localhost:2375][total available: 1; route allocated: 1 of 2147483647; total allocated: 1 of 2147483647]
2024-06-12T14:28:40.553+03:00 DEBUG 12012 --- [URL Shortener] [           main] h.i.i.PoolingHttpClientConnectionManager : ex-00000049: endpoint leased [route: {}->npipe://localhost:2375][total available: 0; route allocated: 1 of 2147483647; total allocated: 1 of 2147483647]
2024-06-12T14:28:40.553+03:00 DEBUG 12012 --- [URL Shortener] [           main] h.i.i.PoolingHttpClientConnectionManager : ex-00000049: acquired ep-00000048
2024-06-12T14:28:40.553+03:00 DEBUG 12012 --- [URL Shortener] [           main] g.d.z.s.o.a.h.c.h.i.c.InternalHttpClient : ex-00000049: acquired endpoint ep-00000048
2024-06-12T14:28:40.553+03:00 DEBUG 12012 --- [URL Shortener] [           main] c.g.d.z.s.o.a.h.c.h.i.c.MainClientExec   : ex-00000049: executing GET /v1.32/images/sha256:cff6b68a194a672fd337d8728bfb252071012cce6f0f2ed760988f7bc63a89d2/json HTTP/1.1
2024-06-12T14:28:40.553+03:00 DEBUG 12012 --- [URL Shortener] [           main] g.d.z.s.o.a.h.c.h.i.c.InternalHttpClient : ep-00000048: start execution ex-00000049
2024-06-12T14:28:40.553+03:00 DEBUG 12012 --- [URL Shortener] [           main] h.i.i.PoolingHttpClientConnectionManager : ep-00000048: executing exchange ex-00000049 over http-outgoing-7
2024-06-12T14:28:40.553+03:00 DEBUG 12012 --- [URL Shortener] [           main] c.g.d.z.s.o.a.hc.client5.http.headers    : http-outgoing-7 >> GET /v1.32/images/sha256:cff6b68a194a672fd337d8728bfb252071012cce6f0f2ed760988f7bc63a89d2/json HTTP/1.1
2024-06-12T14:28:40.553+03:00 DEBUG 12012 --- [URL Shortener] [           main] c.g.d.z.s.o.a.hc.client5.http.headers    : http-outgoing-7 >> accept: application/json
2024-06-12T14:28:40.553+03:00 DEBUG 12012 --- [URL Shortener] [           main] c.g.d.z.s.o.a.hc.client5.http.headers    : http-outgoing-7 >> x-tc-sid: 7171fa07-21e4-4858-9670-1c8520dc0b21
2024-06-12T14:28:40.553+03:00 DEBUG 12012 --- [URL Shortener] [           main] c.g.d.z.s.o.a.hc.client5.http.headers    : http-outgoing-7 >> User-Agent: tc-java/1.19.8
2024-06-12T14:28:40.553+03:00 DEBUG 12012 --- [URL Shortener] [           main] c.g.d.z.s.o.a.hc.client5.http.headers    : http-outgoing-7 >> Accept-Encoding: gzip, x-gzip, deflate
2024-06-12T14:28:40.553+03:00 DEBUG 12012 --- [URL Shortener] [           main] c.g.d.z.s.o.a.hc.client5.http.headers    : http-outgoing-7 >> Host: localhost:2375
2024-06-12T14:28:40.553+03:00 DEBUG 12012 --- [URL Shortener] [           main] c.g.d.z.s.o.a.hc.client5.http.headers    : http-outgoing-7 >> Connection: keep-alive
2024-06-12T14:28:40.553+03:00 DEBUG 12012 --- [URL Shortener] [           main] c.g.d.z.s.o.apache.hc.client5.http.wire  : http-outgoing-7 >> "GET /v1.32/images/sha256:cff6b68a194a672fd337d8728bfb252071012cce6f0f2ed760988f7bc63a89d2/json HTTP/1.1[\r][\n]"
2024-06-12T14:28:40.553+03:00 DEBUG 12012 --- [URL Shortener] [           main] c.g.d.z.s.o.apache.hc.client5.http.wire  : http-outgoing-7 >> "accept: application/json[\r][\n]"
2024-06-12T14:28:40.553+03:00 DEBUG 12012 --- [URL Shortener] [           main] c.g.d.z.s.o.apache.hc.client5.http.wire  : http-outgoing-7 >> "x-tc-sid: 7171fa07-21e4-4858-9670-1c8520dc0b21[\r][\n]"
2024-06-12T14:28:40.553+03:00 DEBUG 12012 --- [URL Shortener] [           main] c.g.d.z.s.o.apache.hc.client5.http.wire  : http-outgoing-7 >> "User-Agent: tc-java/1.19.8[\r][\n]"
2024-06-12T14:28:40.553+03:00 DEBUG 12012 --- [URL Shortener] [           main] c.g.d.z.s.o.apache.hc.client5.http.wire  : http-outgoing-7 >> "Accept-Encoding: gzip, x-gzip, deflate[\r][\n]"
2024-06-12T14:28:40.553+03:00 DEBUG 12012 --- [URL Shortener] [           main] c.g.d.z.s.o.apache.hc.client5.http.wire  : http-outgoing-7 >> "Host: localhost:2375[\r][\n]"
2024-06-12T14:28:40.553+03:00 DEBUG 12012 --- [URL Shortener] [           main] c.g.d.z.s.o.apache.hc.client5.http.wire  : http-outgoing-7 >> "Connection: keep-alive[\r][\n]"
2024-06-12T14:28:40.553+03:00 DEBUG 12012 --- [URL Shortener] [           main] c.g.d.z.s.o.apache.hc.client5.http.wire  : http-outgoing-7 >> "[\r][\n]"
2024-06-12T14:28:40.557+03:00 DEBUG 12012 --- [URL Shortener] [           main] c.g.d.z.s.o.apache.hc.client5.http.wire  : http-outgoing-7 << "HTTP/1.1 200 OK[\r][\n]"
2024-06-12T14:28:40.557+03:00 DEBUG 12012 --- [URL Shortener] [           main] c.g.d.z.s.o.apache.hc.client5.http.wire  : http-outgoing-7 << "Api-Version: 1.43[\r][\n]"
2024-06-12T14:28:40.557+03:00 DEBUG 12012 --- [URL Shortener] [           main] c.g.d.z.s.o.apache.hc.client5.http.wire  : http-outgoing-7 << "Content-Type: application/json[\r][\n]"
2024-06-12T14:28:40.557+03:00 DEBUG 12012 --- [URL Shortener] [           main] c.g.d.z.s.o.apache.hc.client5.http.wire  : http-outgoing-7 << "Date: Wed, 12 Jun 2024 11:28:40 GMT[\r][\n]"
2024-06-12T14:28:40.557+03:00 DEBUG 12012 --- [URL Shortener] [           main] c.g.d.z.s.o.apache.hc.client5.http.wire  : http-outgoing-7 << "Docker-Experimental: false[\r][\n]"
2024-06-12T14:28:40.557+03:00 DEBUG 12012 --- [URL Shortener] [           main] c.g.d.z.s.o.apache.hc.client5.http.wire  : http-outgoing-7 << "Ostype: linux[\r][\n]"
2024-06-12T14:28:40.557+03:00 DEBUG 12012 --- [URL Shortener] [           main] c.g.d.z.s.o.apache.hc.client5.http.wire  : http-outgoing-7 << "Server: Docker/24.0.7 (linux)[\r][\n]"
2024-06-12T14:28:40.557+03:00 DEBUG 12012 --- [URL Shortener] [           main] c.g.d.z.s.o.apache.hc.client5.http.wire  : http-outgoing-7 << "Transfer-Encoding: chunked[\r][\n]"
2024-06-12T14:28:40.557+03:00 DEBUG 12012 --- [URL Shortener] [           main] c.g.d.z.s.o.apache.hc.client5.http.wire  : http-outgoing-7 << "[\r][\n]"
2024-06-12T14:28:40.557+03:00 DEBUG 12012 --- [URL Shortener] [           main] c.g.d.z.s.o.a.hc.client5.http.headers    : http-outgoing-7 << HTTP/1.1 200 OK
2024-06-12T14:28:40.557+03:00 DEBUG 12012 --- [URL Shortener] [           main] c.g.d.z.s.o.a.hc.client5.http.headers    : http-outgoing-7 << Api-Version: 1.43
2024-06-12T14:28:40.557+03:00 DEBUG 12012 --- [URL Shortener] [           main] c.g.d.z.s.o.a.hc.client5.http.headers    : http-outgoing-7 << Content-Type: application/json
2024-06-12T14:28:40.557+03:00 DEBUG 12012 --- [URL Shortener] [           main] c.g.d.z.s.o.a.hc.client5.http.headers    : http-outgoing-7 << Date: Wed, 12 Jun 2024 11:28:40 GMT
2024-06-12T14:28:40.557+03:00 DEBUG 12012 --- [URL Shortener] [           main] c.g.d.z.s.o.a.hc.client5.http.headers    : http-outgoing-7 << Docker-Experimental: false
2024-06-12T14:28:40.557+03:00 DEBUG 12012 --- [URL Shortener] [           main] c.g.d.z.s.o.a.hc.client5.http.headers    : http-outgoing-7 << Ostype: linux
2024-06-12T14:28:40.557+03:00 DEBUG 12012 --- [URL Shortener] [           main] c.g.d.z.s.o.a.hc.client5.http.headers    : http-outgoing-7 << Server: Docker/24.0.7 (linux)
2024-06-12T14:28:40.557+03:00 DEBUG 12012 --- [URL Shortener] [           main] c.g.d.z.s.o.a.hc.client5.http.headers    : http-outgoing-7 << Transfer-Encoding: chunked
2024-06-12T14:28:40.557+03:00 DEBUG 12012 --- [URL Shortener] [           main] c.g.d.z.s.o.a.h.c.h.i.c.MainClientExec   : ex-00000049: connection can be kept alive for 3 MINUTES
2024-06-12T14:28:40.557+03:00 DEBUG 12012 --- [URL Shortener] [           main] c.g.d.z.s.o.apache.hc.client5.http.wire  : http-outgoing-7 << "fcb[\r][\n]"
2024-06-12T14:28:40.557+03:00 DEBUG 12012 --- [URL Shortener] [           main] c.g.d.z.s.o.apache.hc.client5.http.wire  : http-outgoing-7 << "{"Id":"sha256:cff6b68a194a672fd337d8728bfb252071012cce6f0f2ed760988f7bc63a89d2","RepoTags":["postgres:latest"],"RepoDigests":["postgres@sha256:1bf73ccae25238fa555100080042f0b2f9be08eb757e200fe6afc1fc413a1b3c"],"Parent":"","Comment":"buildkit.dockerfile.v0","Created":"2024-05-09T18:58:11Z","Container":"","ContainerConfig":{"Hostname":"","Domainname":"","User":"","AttachStdin":false,"AttachStdout":false,"AttachStderr":false,"Tty":false,"OpenStdin":false,"StdinOnce":false,"Env":null,"Cmd":null,"Image":"","Volumes":null,"WorkingDir":"","Entrypoint":null,"OnBuild":null,"Labels":null},"DockerVersion":"","Author":"","Config":{"Hostname":"","Domainname":"","User":"","AttachStdin":false,"AttachStdout":false,"AttachStderr":false,"ExposedPorts":{"5432/tcp":{}},"Tty":false,"OpenStdin":false,"StdinOnce":false,"Env":["PATH=/usr/local/sbin:/usr/local/bin:/usr/sbin:/usr/bin:/sbin:/bin:/usr/lib/postgresql/16/bin","GOSU_VERSION=1.17","LANG=en_US.utf8","PG_MAJOR=16","PG_VERSION=16.3-1.pgdg120+1","PGDATA=/var/lib/postgresql/data"],"Cmd":["postgres"],"ArgsEscaped":true,"Image":"","Volumes":{"/var/lib/postgresql/data":{}},"WorkingDir":"","Entrypoint":["docker-entrypoint.sh"],"OnBuild":null,"Labels":null,"StopSignal":"SIGINT"},"Architecture":"amd64","Os":"linux","Size":431653614,"VirtualSize":431653614,"GraphDriver":{"Data":{"LowerDir":"/var/lib/docker/overlay2/2cbe3a1a11481afc7adee257a96fbd885a65a5a6b7f47a4b9e39ab13d617ed9f/diff:/var/lib/docker/overlay2/34f0f2835c7fab192b0a09fbaa35e3fde336f3a21db4d551ecb5744f35f022d8/diff:/var/lib/docker/overlay2/91c1ab49fbf459c6ac614f4f21e302f21d4a65eae0c0df9e5fd257fec8b8dac7/diff:/var/lib/docker/overlay2/c047fdb7a36e3127654f971b9e00f52a192b9425d14315e2be62531cbf859c1c/diff:/var/lib/docker/overlay2/f17ff6a2434319a3d0da9c06f159a651e34677f6555cedd9fa5cd4a243a4cf00/diff:/var/lib/docker/overlay2/d3896bdbfb55d53cc96483830bf86d746e709698c5870461b76a606235034e2c/diff:/var/lib/docker/overlay2/17bbcad0aa3d49db9143caa84bf36ac80a1e2abb4465494be53788fdf15136bc/diff:/var/lib/docker/overlay2/d3ba0002826ba8dc8a50ec5b5f40f8eeecc49aed69b7e4852b2c17d4e3bc7673/diff:/var/lib/docker/overlay2/b025c0d3f178bdae3585ff4493fb402ddac780bb0dc86a6e2a4bd16fd5df4fd0/diff:/var/lib/docker/overlay2/b34b03430c91db007405bdcdabdee4d661413c4a546d47aa4933ae256c8c1f83/diff:/var/lib/docker/overlay2/d4b461868c979b00a1a4f4e75535982f2a3b2f76c5b58eae99e5b0523fc10465/diff:/var/lib/docker/overlay2/a2edc56609840a14728ce10afbb50ca5b6a9dcfe1138d7a04954c1b2dfcd9724/diff:/var/lib/docker/overlay2/1d7e1c282144b7b877f2e2cfc223d536f406a3e5cf43804aff3d6b54f674eee8/diff","MergedDir":"/var/lib/docker/overlay2/db451d0433a46fa45e17cc0eae406c512a577a19aed597a6dcd152aa60abc9db/merged","UpperDir":"/var/lib/docker/overlay2/db451d0433a46fa45e17cc0eae406c512a577a19aed597a6dcd152aa60abc9db/diff","WorkDir":"/var/lib/docker/overlay2/db451d0433a46fa45e17cc0eae406c512a577a19aed597a6dcd152aa60abc9db/work"},"Name":"overlay2"},"RootFS":{"Type":"layers","Layers":["sha256:5d4427064ecc46e3c2add169e9b5eafc7ed2be7861081ec925938ab628ac0e25","sha256:57894dcaf5108dedc56cc6ab4fd1d8d472ae2accacdd6eab44c0c4243ba62a09","sha256:9af485ccec7d0f90c6080635fb714feaf1b360de056de3e04c0bdd17c74cc6ed","sha256:f17a5779355c3023eec438611def97db7084a827162127cd2752c1439d60a0b0","sha256:cbb41ec61839ae723b8f2e990047a7bfe1aa0b03c48ab2697be25cf6ee6c8486","sha256:ce09ab8e7a22a84fe4ec04bfe2e5554795a8676096710b41e1743097f9d32ac6","sha256:ad0852652b20792ec91e18d238c592ea10d8403d9209ee0f4fa96acb75b1d354","sha256:1c2f607c2a1eb2ebee1408395e389d84dc4df1e90d2ec9040998a5cb59026b13","sha256:92d4f28dafb9282ea143c07e9233550221e24de0f5e34594b62b907830fb4e9d","sha256:90cc38f521435434e484909fba474692b9bac55b15ddc38b3ca63dd45781ee67","sha256:d4e5929810590bf951a872f05fb700c1d05fe163ae0035a20a3f53bd9f608667","sha256:ecb659300c0050b257e8629822212cf3dca810c7ebd43837fd3e4c988a3cf0e1","sha256:9690a18c63c8789ce0003f0da355ee393b9100185a2c5d0b8967ed0dd582096b","sha256:ea50a959d3b14f43d71eb7835f63db1273f982dbefdedc9638ec2326d027ae35"]},"Metadata":{"LastTagTime":"0001-01-01T00:00:00Z"}}[\n]"
2024-06-12T14:28:40.557+03:00 DEBUG 12012 --- [URL Shortener] [           main] c.g.d.z.s.o.apache.hc.client5.http.wire  : http-outgoing-7 << "[\r][\n]"
2024-06-12T14:28:40.557+03:00 DEBUG 12012 --- [URL Shortener] [           main] c.g.d.z.s.o.apache.hc.client5.http.wire  : http-outgoing-7 << "0[\r][\n]"
2024-06-12T14:28:40.557+03:00 DEBUG 12012 --- [URL Shortener] [           main] c.g.d.z.s.o.apache.hc.client5.http.wire  : http-outgoing-7 << "[\r][\n]"
2024-06-12T14:28:40.558+03:00 DEBUG 12012 --- [URL Shortener] [           main] g.d.z.s.o.a.h.c.h.i.c.InternalHttpClient : ep-00000048: releasing valid endpoint
2024-06-12T14:28:40.558+03:00 DEBUG 12012 --- [URL Shortener] [           main] h.i.i.PoolingHttpClientConnectionManager : ep-00000048: releasing endpoint
2024-06-12T14:28:40.558+03:00 DEBUG 12012 --- [URL Shortener] [           main] h.i.i.PoolingHttpClientConnectionManager : ep-00000048: connection http-outgoing-7 can be kept alive for 3 MINUTES
2024-06-12T14:28:40.558+03:00 DEBUG 12012 --- [URL Shortener] [           main] h.i.i.PoolingHttpClientConnectionManager : ep-00000048: connection released [route: {}->npipe://localhost:2375][total available: 1; route allocated: 1 of 2147483647; total allocated: 1 of 2147483647]
2024-06-12T14:28:40.558+03:00 DEBUG 12012 --- [URL Shortener] [           main] o.t.s.c.g.d.core.command.AbstrDockerCmd  : Cmd: 
2024-06-12T14:28:40.558+03:00 DEBUG 12012 --- [URL Shortener] [           main] g.d.z.s.o.a.h.c.h.i.c.InternalHttpClient : ex-0000004A: preparing request execution
2024-06-12T14:28:40.558+03:00 DEBUG 12012 --- [URL Shortener] [           main] c.g.d.z.s.o.a.h.c.h.p.RequestAddCookies  : Cookie spec selected: strict
2024-06-12T14:28:40.558+03:00 DEBUG 12012 --- [URL Shortener] [           main] c.g.d.z.s.o.a.h.c.h.p.RequestAuthCache   : Auth cache not set in the context
2024-06-12T14:28:40.558+03:00 DEBUG 12012 --- [URL Shortener] [           main] c.g.d.z.s.o.a.h.c.h.i.c.ProtocolExec     : ex-0000004A: target auth state: UNCHALLENGED
2024-06-12T14:28:40.558+03:00 DEBUG 12012 --- [URL Shortener] [           main] c.g.d.z.s.o.a.h.c.h.i.c.ProtocolExec     : ex-0000004A: proxy auth state: UNCHALLENGED
2024-06-12T14:28:40.558+03:00 DEBUG 12012 --- [URL Shortener] [           main] c.g.d.z.s.o.a.h.c.h.i.c.ConnectExec      : ex-0000004A: acquiring connection with route {}->npipe://localhost:2375
2024-06-12T14:28:40.558+03:00 DEBUG 12012 --- [URL Shortener] [           main] g.d.z.s.o.a.h.c.h.i.c.InternalHttpClient : ex-0000004A: acquiring endpoint (3 MINUTES)
2024-06-12T14:28:40.558+03:00 DEBUG 12012 --- [URL Shortener] [           main] h.i.i.PoolingHttpClientConnectionManager : ex-0000004A: endpoint lease request (3 MINUTES) [route: {}->npipe://localhost:2375][total available: 1; route allocated: 1 of 2147483647; total allocated: 1 of 2147483647]
2024-06-12T14:28:40.558+03:00 DEBUG 12012 --- [URL Shortener] [           main] h.i.i.PoolingHttpClientConnectionManager : ex-0000004A: endpoint leased [route: {}->npipe://localhost:2375][total available: 0; route allocated: 1 of 2147483647; total allocated: 1 of 2147483647]
2024-06-12T14:28:40.558+03:00 DEBUG 12012 --- [URL Shortener] [           main] h.i.i.PoolingHttpClientConnectionManager : ex-0000004A: acquired ep-00000049
2024-06-12T14:28:40.558+03:00 DEBUG 12012 --- [URL Shortener] [           main] g.d.z.s.o.a.h.c.h.i.c.InternalHttpClient : ex-0000004A: acquired endpoint ep-00000049
2024-06-12T14:28:40.558+03:00 DEBUG 12012 --- [URL Shortener] [           main] c.g.d.z.s.o.a.h.c.h.i.c.MainClientExec   : ex-0000004A: executing GET /v1.32/version HTTP/1.1
2024-06-12T14:28:40.558+03:00 DEBUG 12012 --- [URL Shortener] [           main] g.d.z.s.o.a.h.c.h.i.c.InternalHttpClient : ep-00000049: start execution ex-0000004A
2024-06-12T14:28:40.558+03:00 DEBUG 12012 --- [URL Shortener] [           main] h.i.i.PoolingHttpClientConnectionManager : ep-00000049: executing exchange ex-0000004A over http-outgoing-7
2024-06-12T14:28:40.558+03:00 DEBUG 12012 --- [URL Shortener] [           main] c.g.d.z.s.o.a.hc.client5.http.headers    : http-outgoing-7 >> GET /v1.32/version HTTP/1.1
2024-06-12T14:28:40.558+03:00 DEBUG 12012 --- [URL Shortener] [           main] c.g.d.z.s.o.a.hc.client5.http.headers    : http-outgoing-7 >> accept: application/json
2024-06-12T14:28:40.558+03:00 DEBUG 12012 --- [URL Shortener] [           main] c.g.d.z.s.o.a.hc.client5.http.headers    : http-outgoing-7 >> x-tc-sid: 7171fa07-21e4-4858-9670-1c8520dc0b21
2024-06-12T14:28:40.558+03:00 DEBUG 12012 --- [URL Shortener] [           main] c.g.d.z.s.o.a.hc.client5.http.headers    : http-outgoing-7 >> User-Agent: tc-java/1.19.8
2024-06-12T14:28:40.558+03:00 DEBUG 12012 --- [URL Shortener] [           main] c.g.d.z.s.o.a.hc.client5.http.headers    : http-outgoing-7 >> Accept-Encoding: gzip, x-gzip, deflate
2024-06-12T14:28:40.558+03:00 DEBUG 12012 --- [URL Shortener] [           main] c.g.d.z.s.o.a.hc.client5.http.headers    : http-outgoing-7 >> Host: localhost:2375
2024-06-12T14:28:40.558+03:00 DEBUG 12012 --- [URL Shortener] [           main] c.g.d.z.s.o.a.hc.client5.http.headers    : http-outgoing-7 >> Connection: keep-alive
2024-06-12T14:28:40.558+03:00 DEBUG 12012 --- [URL Shortener] [           main] c.g.d.z.s.o.apache.hc.client5.http.wire  : http-outgoing-7 >> "GET /v1.32/version HTTP/1.1[\r][\n]"
2024-06-12T14:28:40.558+03:00 DEBUG 12012 --- [URL Shortener] [           main] c.g.d.z.s.o.apache.hc.client5.http.wire  : http-outgoing-7 >> "accept: application/json[\r][\n]"
2024-06-12T14:28:40.558+03:00 DEBUG 12012 --- [URL Shortener] [           main] c.g.d.z.s.o.apache.hc.client5.http.wire  : http-outgoing-7 >> "x-tc-sid: 7171fa07-21e4-4858-9670-1c8520dc0b21[\r][\n]"
2024-06-12T14:28:40.558+03:00 DEBUG 12012 --- [URL Shortener] [           main] c.g.d.z.s.o.apache.hc.client5.http.wire  : http-outgoing-7 >> "User-Agent: tc-java/1.19.8[\r][\n]"
2024-06-12T14:28:40.558+03:00 DEBUG 12012 --- [URL Shortener] [           main] c.g.d.z.s.o.apache.hc.client5.http.wire  : http-outgoing-7 >> "Accept-Encoding: gzip, x-gzip, deflate[\r][\n]"
2024-06-12T14:28:40.558+03:00 DEBUG 12012 --- [URL Shortener] [           main] c.g.d.z.s.o.apache.hc.client5.http.wire  : http-outgoing-7 >> "Host: localhost:2375[\r][\n]"
2024-06-12T14:28:40.558+03:00 DEBUG 12012 --- [URL Shortener] [           main] c.g.d.z.s.o.apache.hc.client5.http.wire  : http-outgoing-7 >> "Connection: keep-alive[\r][\n]"
2024-06-12T14:28:40.558+03:00 DEBUG 12012 --- [URL Shortener] [           main] c.g.d.z.s.o.apache.hc.client5.http.wire  : http-outgoing-7 >> "[\r][\n]"
2024-06-12T14:28:40.565+03:00 DEBUG 12012 --- [URL Shortener] [           main] c.g.d.z.s.o.apache.hc.client5.http.wire  : http-outgoing-7 << "HTTP/1.1 200 OK[\r][\n]"
2024-06-12T14:28:40.566+03:00 DEBUG 12012 --- [URL Shortener] [           main] c.g.d.z.s.o.apache.hc.client5.http.wire  : http-outgoing-7 << "Api-Version: 1.43[\r][\n]"
2024-06-12T14:28:40.566+03:00 DEBUG 12012 --- [URL Shortener] [           main] c.g.d.z.s.o.apache.hc.client5.http.wire  : http-outgoing-7 << "Content-Type: application/json[\r][\n]"
2024-06-12T14:28:40.566+03:00 DEBUG 12012 --- [URL Shortener] [           main] c.g.d.z.s.o.apache.hc.client5.http.wire  : http-outgoing-7 << "Date: Wed, 12 Jun 2024 11:28:40 GMT[\r][\n]"
2024-06-12T14:28:40.566+03:00 DEBUG 12012 --- [URL Shortener] [           main] c.g.d.z.s.o.apache.hc.client5.http.wire  : http-outgoing-7 << "Docker-Experimental: false[\r][\n]"
2024-06-12T14:28:40.566+03:00 DEBUG 12012 --- [URL Shortener] [           main] c.g.d.z.s.o.apache.hc.client5.http.wire  : http-outgoing-7 << "Ostype: linux[\r][\n]"
2024-06-12T14:28:40.566+03:00 DEBUG 12012 --- [URL Shortener] [           main] c.g.d.z.s.o.apache.hc.client5.http.wire  : http-outgoing-7 << "Server: Docker/24.0.7 (linux)[\r][\n]"
2024-06-12T14:28:40.566+03:00 DEBUG 12012 --- [URL Shortener] [           main] c.g.d.z.s.o.apache.hc.client5.http.wire  : http-outgoing-7 << "Transfer-Encoding: chunked[\r][\n]"
2024-06-12T14:28:40.566+03:00 DEBUG 12012 --- [URL Shortener] [           main] c.g.d.z.s.o.apache.hc.client5.http.wire  : http-outgoing-7 << "[\r][\n]"
2024-06-12T14:28:40.566+03:00 DEBUG 12012 --- [URL Shortener] [           main] c.g.d.z.s.o.a.hc.client5.http.headers    : http-outgoing-7 << HTTP/1.1 200 OK
2024-06-12T14:28:40.566+03:00 DEBUG 12012 --- [URL Shortener] [           main] c.g.d.z.s.o.a.hc.client5.http.headers    : http-outgoing-7 << Api-Version: 1.43
2024-06-12T14:28:40.566+03:00 DEBUG 12012 --- [URL Shortener] [           main] c.g.d.z.s.o.a.hc.client5.http.headers    : http-outgoing-7 << Content-Type: application/json
2024-06-12T14:28:40.566+03:00 DEBUG 12012 --- [URL Shortener] [           main] c.g.d.z.s.o.a.hc.client5.http.headers    : http-outgoing-7 << Date: Wed, 12 Jun 2024 11:28:40 GMT
2024-06-12T14:28:40.566+03:00 DEBUG 12012 --- [URL Shortener] [           main] c.g.d.z.s.o.a.hc.client5.http.headers    : http-outgoing-7 << Docker-Experimental: false
2024-06-12T14:28:40.566+03:00 DEBUG 12012 --- [URL Shortener] [           main] c.g.d.z.s.o.a.hc.client5.http.headers    : http-outgoing-7 << Ostype: linux
2024-06-12T14:28:40.566+03:00 DEBUG 12012 --- [URL Shortener] [           main] c.g.d.z.s.o.a.hc.client5.http.headers    : http-outgoing-7 << Server: Docker/24.0.7 (linux)
2024-06-12T14:28:40.566+03:00 DEBUG 12012 --- [URL Shortener] [           main] c.g.d.z.s.o.a.hc.client5.http.headers    : http-outgoing-7 << Transfer-Encoding: chunked
2024-06-12T14:28:40.566+03:00 DEBUG 12012 --- [URL Shortener] [           main] c.g.d.z.s.o.a.h.c.h.i.c.MainClientExec   : ex-0000004A: connection can be kept alive for 3 MINUTES
2024-06-12T14:28:40.566+03:00 DEBUG 12012 --- [URL Shortener] [           main] c.g.d.z.s.o.apache.hc.client5.http.wire  : http-outgoing-7 << "361[\r][\n]"
2024-06-12T14:28:40.566+03:00 DEBUG 12012 --- [URL Shortener] [           main] c.g.d.z.s.o.apache.hc.client5.http.wire  : http-outgoing-7 << "{"Platform":{"Name":"Docker Desktop 4.26.1 (131620)"},"Components":[{"Name":"Engine","Version":"24.0.7","Details":{"ApiVersion":"1.43","Arch":"amd64","BuildTime":"2023-10-26T09:08:02.000000000+00:00","Experimental":"false","GitCommit":"311b9ff","GoVersion":"go1.20.10","KernelVersion":"5.15.133.1-microsoft-standard-WSL2","MinAPIVersion":"1.12","Os":"linux"}},{"Name":"containerd","Version":"1.6.25","Details":{"GitCommit":"d8f198a4ed8892c764191ef7b3b06d8a2eeb5c7f"}},{"Name":"runc","Version":"1.1.10","Details":{"GitCommit":"v1.1.10-0-g18a0cb0"}},{"Name":"docker-init","Version":"0.19.0","Details":{"GitCommit":"de40ad0"}}],"Version":"24.0.7","ApiVersion":"1.43","MinAPIVersion":"1.12","GitCommit":"311b9ff","GoVersion":"go1.20.10","Os":"linux","Arch":"amd64","KernelVersion":"5.15.133.1-microsoft-standard-WSL2","BuildTime":"2023-10-26T09:08:02.000000000+00:00"}[\n]"
2024-06-12T14:28:40.566+03:00 DEBUG 12012 --- [URL Shortener] [           main] c.g.d.z.s.o.apache.hc.client5.http.wire  : http-outgoing-7 << "[\r][\n]"
2024-06-12T14:28:40.566+03:00 DEBUG 12012 --- [URL Shortener] [           main] c.g.d.z.s.o.apache.hc.client5.http.wire  : http-outgoing-7 << "0[\r][\n]"
2024-06-12T14:28:40.566+03:00 DEBUG 12012 --- [URL Shortener] [           main] c.g.d.z.s.o.apache.hc.client5.http.wire  : http-outgoing-7 << "[\r][\n]"
2024-06-12T14:28:40.567+03:00 DEBUG 12012 --- [URL Shortener] [           main] g.d.z.s.o.a.h.c.h.i.c.InternalHttpClient : ep-00000049: releasing valid endpoint
2024-06-12T14:28:40.567+03:00 DEBUG 12012 --- [URL Shortener] [           main] h.i.i.PoolingHttpClientConnectionManager : ep-00000049: releasing endpoint
2024-06-12T14:28:40.567+03:00 DEBUG 12012 --- [URL Shortener] [           main] h.i.i.PoolingHttpClientConnectionManager : ep-00000049: connection http-outgoing-7 can be kept alive for 3 MINUTES
2024-06-12T14:28:40.567+03:00 DEBUG 12012 --- [URL Shortener] [           main] h.i.i.PoolingHttpClientConnectionManager : ep-00000049: connection released [route: {}->npipe://localhost:2375][total available: 1; route allocated: 1 of 2147483647; total allocated: 1 of 2147483647]
2024-06-12T14:28:40.568+03:00 DEBUG 12012 --- [URL Shortener] [ream--733449709] g.d.z.s.o.a.h.c.h.i.c.InternalHttpClient : ex-0000004B: preparing request execution
2024-06-12T14:28:40.568+03:00 DEBUG 12012 --- [URL Shortener] [ream--733449709] c.g.d.z.s.o.a.h.c.h.p.RequestAddCookies  : Cookie spec selected: strict
2024-06-12T14:28:40.568+03:00 DEBUG 12012 --- [URL Shortener] [ream--733449709] c.g.d.z.s.o.a.h.c.h.p.RequestAuthCache   : Auth cache not set in the context
2024-06-12T14:28:40.568+03:00 DEBUG 12012 --- [URL Shortener] [ream--733449709] c.g.d.z.s.o.a.h.c.h.i.c.ProtocolExec     : ex-0000004B: target auth state: UNCHALLENGED
2024-06-12T14:28:40.568+03:00 DEBUG 12012 --- [URL Shortener] [ream--733449709] c.g.d.z.s.o.a.h.c.h.i.c.ProtocolExec     : ex-0000004B: proxy auth state: UNCHALLENGED
2024-06-12T14:28:40.568+03:00 DEBUG 12012 --- [URL Shortener] [ream--733449709] c.g.d.z.s.o.a.h.c.h.i.c.ConnectExec      : ex-0000004B: acquiring connection with route {}->npipe://localhost:2375
2024-06-12T14:28:40.568+03:00 DEBUG 12012 --- [URL Shortener] [ream--733449709] g.d.z.s.o.a.h.c.h.i.c.InternalHttpClient : ex-0000004B: acquiring endpoint (3 MINUTES)
2024-06-12T14:28:40.568+03:00 DEBUG 12012 --- [URL Shortener] [ream--733449709] h.i.i.PoolingHttpClientConnectionManager : ex-0000004B: endpoint lease request (3 MINUTES) [route: {}->npipe://localhost:2375][total available: 1; route allocated: 1 of 2147483647; total allocated: 1 of 2147483647]
2024-06-12T14:28:40.568+03:00 DEBUG 12012 --- [URL Shortener] [ream--733449709] h.i.i.PoolingHttpClientConnectionManager : ex-0000004B: endpoint leased [route: {}->npipe://localhost:2375][total available: 0; route allocated: 1 of 2147483647; total allocated: 1 of 2147483647]
2024-06-12T14:28:40.568+03:00 DEBUG 12012 --- [URL Shortener] [ream--733449709] h.i.i.PoolingHttpClientConnectionManager : ex-0000004B: acquired ep-0000004A
2024-06-12T14:28:40.568+03:00 DEBUG 12012 --- [URL Shortener] [ream--733449709] g.d.z.s.o.a.h.c.h.i.c.InternalHttpClient : ex-0000004B: acquired endpoint ep-0000004A
2024-06-12T14:28:40.568+03:00 DEBUG 12012 --- [URL Shortener] [ream--733449709] c.g.d.z.s.o.a.h.c.h.i.c.MainClientExec   : ex-0000004B: executing GET /v1.32/containers/128f22c426d45daca997e33ea9c3b62928a65a0f376c96d80573176364685d48/logs?stdout=true&stderr=true&follow=true&since=0 HTTP/1.1
2024-06-12T14:28:40.568+03:00 DEBUG 12012 --- [URL Shortener] [ream--733449709] g.d.z.s.o.a.h.c.h.i.c.InternalHttpClient : ep-0000004A: start execution ex-0000004B
2024-06-12T14:28:40.568+03:00 DEBUG 12012 --- [URL Shortener] [ream--733449709] h.i.i.PoolingHttpClientConnectionManager : ep-0000004A: executing exchange ex-0000004B over http-outgoing-7
2024-06-12T14:28:40.568+03:00 DEBUG 12012 --- [URL Shortener] [ream--733449709] c.g.d.z.s.o.a.hc.client5.http.headers    : http-outgoing-7 >> GET /v1.32/containers/128f22c426d45daca997e33ea9c3b62928a65a0f376c96d80573176364685d48/logs?stdout=true&stderr=true&follow=true&since=0 HTTP/1.1
2024-06-12T14:28:40.568+03:00 DEBUG 12012 --- [URL Shortener] [ream--733449709] c.g.d.z.s.o.a.hc.client5.http.headers    : http-outgoing-7 >> x-tc-sid: 7171fa07-21e4-4858-9670-1c8520dc0b21
2024-06-12T14:28:40.568+03:00 DEBUG 12012 --- [URL Shortener] [ream--733449709] c.g.d.z.s.o.a.hc.client5.http.headers    : http-outgoing-7 >> User-Agent: tc-java/1.19.8
2024-06-12T14:28:40.568+03:00 DEBUG 12012 --- [URL Shortener] [ream--733449709] c.g.d.z.s.o.a.hc.client5.http.headers    : http-outgoing-7 >> Accept-Encoding: gzip, x-gzip, deflate
2024-06-12T14:28:40.568+03:00 DEBUG 12012 --- [URL Shortener] [ream--733449709] c.g.d.z.s.o.a.hc.client5.http.headers    : http-outgoing-7 >> Host: localhost:2375
2024-06-12T14:28:40.568+03:00 DEBUG 12012 --- [URL Shortener] [ream--733449709] c.g.d.z.s.o.a.hc.client5.http.headers    : http-outgoing-7 >> Connection: keep-alive
2024-06-12T14:28:40.568+03:00 DEBUG 12012 --- [URL Shortener] [ream--733449709] c.g.d.z.s.o.apache.hc.client5.http.wire  : http-outgoing-7 >> "GET /v1.32/containers/128f22c426d45daca997e33ea9c3b62928a65a0f376c96d80573176364685d48/logs?stdout=true&stderr=true&follow=true&since=0 HTTP/1.1[\r][\n]"
2024-06-12T14:28:40.568+03:00 DEBUG 12012 --- [URL Shortener] [ream--733449709] c.g.d.z.s.o.apache.hc.client5.http.wire  : http-outgoing-7 >> "x-tc-sid: 7171fa07-21e4-4858-9670-1c8520dc0b21[\r][\n]"
2024-06-12T14:28:40.568+03:00 DEBUG 12012 --- [URL Shortener] [ream--733449709] c.g.d.z.s.o.apache.hc.client5.http.wire  : http-outgoing-7 >> "User-Agent: tc-java/1.19.8[\r][\n]"
2024-06-12T14:28:40.568+03:00 DEBUG 12012 --- [URL Shortener] [ream--733449709] c.g.d.z.s.o.apache.hc.client5.http.wire  : http-outgoing-7 >> "Accept-Encoding: gzip, x-gzip, deflate[\r][\n]"
2024-06-12T14:28:40.568+03:00 DEBUG 12012 --- [URL Shortener] [ream--733449709] c.g.d.z.s.o.apache.hc.client5.http.wire  : http-outgoing-7 >> "Host: localhost:2375[\r][\n]"
2024-06-12T14:28:40.568+03:00 DEBUG 12012 --- [URL Shortener] [ream--733449709] c.g.d.z.s.o.apache.hc.client5.http.wire  : http-outgoing-7 >> "Connection: keep-alive[\r][\n]"
2024-06-12T14:28:40.568+03:00 DEBUG 12012 --- [URL Shortener] [ream--733449709] c.g.d.z.s.o.apache.hc.client5.http.wire  : http-outgoing-7 >> "[\r][\n]"
2024-06-12T14:28:40.571+03:00 DEBUG 12012 --- [URL Shortener] [ream--733449709] c.g.d.z.s.o.apache.hc.client5.http.wire  : http-outgoing-7 << "HTTP/1.1 200 OK[\r][\n]"
2024-06-12T14:28:40.571+03:00 DEBUG 12012 --- [URL Shortener] [ream--733449709] c.g.d.z.s.o.apache.hc.client5.http.wire  : http-outgoing-7 << "Api-Version: 1.43[\r][\n]"
2024-06-12T14:28:40.571+03:00 DEBUG 12012 --- [URL Shortener] [ream--733449709] c.g.d.z.s.o.apache.hc.client5.http.wire  : http-outgoing-7 << "Content-Type: application/vnd.docker.raw-stream[\r][\n]"
2024-06-12T14:28:40.571+03:00 DEBUG 12012 --- [URL Shortener] [ream--733449709] c.g.d.z.s.o.apache.hc.client5.http.wire  : http-outgoing-7 << "Date: Wed, 12 Jun 2024 11:28:40 GMT[\r][\n]"
2024-06-12T14:28:40.571+03:00 DEBUG 12012 --- [URL Shortener] [ream--733449709] c.g.d.z.s.o.apache.hc.client5.http.wire  : http-outgoing-7 << "Docker-Experimental: false[\r][\n]"
2024-06-12T14:28:40.571+03:00 DEBUG 12012 --- [URL Shortener] [ream--733449709] c.g.d.z.s.o.apache.hc.client5.http.wire  : http-outgoing-7 << "Ostype: linux[\r][\n]"
2024-06-12T14:28:40.571+03:00 DEBUG 12012 --- [URL Shortener] [ream--733449709] c.g.d.z.s.o.apache.hc.client5.http.wire  : http-outgoing-7 << "Server: Docker/24.0.7 (linux)[\r][\n]"
2024-06-12T14:28:40.571+03:00 DEBUG 12012 --- [URL Shortener] [ream--733449709] c.g.d.z.s.o.apache.hc.client5.http.wire  : http-outgoing-7 << "Transfer-Encoding: chunked[\r][\n]"
2024-06-12T14:28:40.571+03:00 DEBUG 12012 --- [URL Shortener] [ream--733449709] c.g.d.z.s.o.apache.hc.client5.http.wire  : http-outgoing-7 << "[\r][\n]"
2024-06-12T14:28:40.571+03:00 DEBUG 12012 --- [URL Shortener] [ream--733449709] c.g.d.z.s.o.a.hc.client5.http.headers    : http-outgoing-7 << HTTP/1.1 200 OK
2024-06-12T14:28:40.571+03:00 DEBUG 12012 --- [URL Shortener] [ream--733449709] c.g.d.z.s.o.a.hc.client5.http.headers    : http-outgoing-7 << Api-Version: 1.43
2024-06-12T14:28:40.571+03:00 DEBUG 12012 --- [URL Shortener] [ream--733449709] c.g.d.z.s.o.a.hc.client5.http.headers    : http-outgoing-7 << Content-Type: application/vnd.docker.raw-stream
2024-06-12T14:28:40.571+03:00 DEBUG 12012 --- [URL Shortener] [ream--733449709] c.g.d.z.s.o.a.hc.client5.http.headers    : http-outgoing-7 << Date: Wed, 12 Jun 2024 11:28:40 GMT
2024-06-12T14:28:40.571+03:00 DEBUG 12012 --- [URL Shortener] [ream--733449709] c.g.d.z.s.o.a.hc.client5.http.headers    : http-outgoing-7 << Docker-Experimental: false
2024-06-12T14:28:40.571+03:00 DEBUG 12012 --- [URL Shortener] [ream--733449709] c.g.d.z.s.o.a.hc.client5.http.headers    : http-outgoing-7 << Ostype: linux
2024-06-12T14:28:40.571+03:00 DEBUG 12012 --- [URL Shortener] [ream--733449709] c.g.d.z.s.o.a.hc.client5.http.headers    : http-outgoing-7 << Server: Docker/24.0.7 (linux)
2024-06-12T14:28:40.571+03:00 DEBUG 12012 --- [URL Shortener] [ream--733449709] c.g.d.z.s.o.a.hc.client5.http.headers    : http-outgoing-7 << Transfer-Encoding: chunked
2024-06-12T14:28:40.571+03:00 DEBUG 12012 --- [URL Shortener] [ream--733449709] c.g.d.z.s.o.a.h.c.h.i.c.MainClientExec   : ex-0000004B: connection can be kept alive for 3 MINUTES
2024-06-12T14:28:40.573+03:00 DEBUG 12012 --- [URL Shortener] [ream--733449709] c.g.d.z.s.o.apache.hc.client5.http.wire  : http-outgoing-7 << "1fd[\r][\n]"
2024-06-12T14:28:40.573+03:00 DEBUG 12012 --- [URL Shortener] [ream--733449709] c.g.d.z.s.o.apache.hc.client5.http.wire  : http-outgoing-7 << "[0x1][0x0][0x0][0x0][0x0][0x0][0x0]NThe files belonging to this database system will be owned by user "postgres".[\n]"
2024-06-12T14:28:40.573+03:00 DEBUG 12012 --- [URL Shortener] [ream--733449709] c.g.d.z.s.o.apache.hc.client5.http.wire  : http-outgoing-7 << "[0x1][0x0][0x0][0x0][0x0][0x0][0x0],This user must also own the server process.[\n]"
2024-06-12T14:28:40.573+03:00 DEBUG 12012 --- [URL Shortener] [ream--733449709] c.g.d.z.s.o.apache.hc.client5.http.wire  : http-outgoing-7 << "[0x1][0x0][0x0][0x0][0x0][0x0][0x0][0x1][\n]"
2024-06-12T14:28:40.573+03:00 DEBUG 12012 --- [URL Shortener] [ream--733449709] c.g.d.z.s.o.apache.hc.client5.http.wire  : http-outgoing-7 << "[0x1][0x0][0x0][0x0][0x0][0x0][0x0]CThe database cluster will be initialized with locale "en_US.utf8".[\n]"
2024-06-12T14:28:40.573+03:00 DEBUG 12012 --- [URL Shortener] [ream--733449709] c.g.d.z.s.o.apache.hc.client5.http.wire  : http-outgoing-7 << "[0x1][0x0][0x0][0x0][0x0][0x0][0x0]BThe default database encoding has accordingly been set to "UTF8".[\n]"
2024-06-12T14:28:40.573+03:00 DEBUG 12012 --- [URL Shortener] [ream--733449709] c.g.d.z.s.o.apache.hc.client5.http.wire  : http-outgoing-7 << "[0x1][0x0][0x0][0x0][0x0][0x0][0x0]@The default text search configuration will be set to "english".[\n]"
2024-06-12T14:28:40.573+03:00 DEBUG 12012 --- [URL Shortener] [ream--733449709] c.g.d.z.s.o.apache.hc.client5.http.wire  : http-outgoing-7 << "[0x1][0x0][0x0][0x0][0x0][0x0][0x0][0x1][\n]"
2024-06-12T14:28:40.573+03:00 DEBUG 12012 --- [URL Shortener] [ream--733449709] c.g.d.z.s.o.apache.hc.client5.http.wire  : http-outgoing-7 << "[0x1][0x0][0x0][0x0][0x0][0x0][0x0]"Data page checksums are disabled.[\n]"
2024-06-12T14:28:40.573+03:00 DEBUG 12012 --- [URL Shortener] [ream--733449709] c.g.d.z.s.o.apache.hc.client5.http.wire  : http-outgoing-7 << "[0x1][0x0][0x0][0x0][0x0][0x0][0x0][0x1][\n]"
2024-06-12T14:28:40.573+03:00 DEBUG 12012 --- [URL Shortener] [ream--733449709] c.g.d.z.s.o.apache.hc.client5.http.wire  : http-outgoing-7 << "[0x1][0x0][0x0][0x0][0x0][0x0][0x0]Ifixing permissions on existing directory /var/lib/postgresql/data ... ok[\n]"
2024-06-12T14:28:40.573+03:00 DEBUG 12012 --- [URL Shortener] [ream--733449709] c.g.d.z.s.o.apache.hc.client5.http.wire  : http-outgoing-7 << "[\r][\n]"
2024-06-12T14:28:40.573+03:00 DEBUG 12012 --- [URL Shortener] [           main] o.t.containers.output.WaitingConsumer    : STDOUT: 
2024-06-12T14:28:40.573+03:00 DEBUG 12012 --- [URL Shortener] [           main] o.t.containers.output.WaitingConsumer    : STDOUT: fixing permissions on existing directory /var/lib/postgresql/data ... ok
2024-06-12T14:28:40.573+03:00 DEBUG 12012 --- [URL Shortener] [           main] o.t.containers.output.WaitingConsumer    : STDOUT: 
2024-06-12T14:28:40.573+03:00 DEBUG 12012 --- [URL Shortener] [           main] o.t.containers.output.WaitingConsumer    : STDOUT: Data page checksums are disabled.
2024-06-12T14:28:40.573+03:00 DEBUG 12012 --- [URL Shortener] [           main] o.t.containers.output.WaitingConsumer    : STDOUT: 
2024-06-12T14:28:40.573+03:00 DEBUG 12012 --- [URL Shortener] [           main] o.t.containers.output.WaitingConsumer    : STDOUT: The default text search configuration will be set to "english".
2024-06-12T14:28:40.573+03:00 DEBUG 12012 --- [URL Shortener] [           main] o.t.containers.output.WaitingConsumer    : STDOUT: The default database encoding has accordingly been set to "UTF8".
2024-06-12T14:28:40.573+03:00 DEBUG 12012 --- [URL Shortener] [           main] o.t.containers.output.WaitingConsumer    : STDOUT: The database cluster will be initialized with locale "en_US.utf8".
2024-06-12T14:28:40.573+03:00 DEBUG 12012 --- [URL Shortener] [           main] o.t.containers.output.WaitingConsumer    : STDOUT: This user must also own the server process.
2024-06-12T14:28:40.573+03:00 DEBUG 12012 --- [URL Shortener] [           main] o.t.containers.output.WaitingConsumer    : STDOUT: The files belonging to this database system will be owned by user "postgres".
2024-06-12T14:28:40.575+03:00 DEBUG 12012 --- [URL Shortener] [ream--733449709] c.g.d.z.s.o.apache.hc.client5.http.wire  : http-outgoing-7 << "68[\r][\n]"
2024-06-12T14:28:40.576+03:00 DEBUG 12012 --- [URL Shortener] [ream--733449709] c.g.d.z.s.o.apache.hc.client5.http.wire  : http-outgoing-7 << "[0x1][0x0][0x0][0x0][0x0][0x0][0x0][0x1f]creating subdirectories ... ok[\n]"
2024-06-12T14:28:40.576+03:00 DEBUG 12012 --- [URL Shortener] [ream--733449709] c.g.d.z.s.o.apache.hc.client5.http.wire  : http-outgoing-7 << "[0x1][0x0][0x0][0x0][0x0][0x0][0x0]9selecting dynamic shared memory implementation ... posix[\n]"
2024-06-12T14:28:40.576+03:00 DEBUG 12012 --- [URL Shortener] [ream--733449709] c.g.d.z.s.o.apache.hc.client5.http.wire  : http-outgoing-7 << "[\r][\n]"
2024-06-12T14:28:40.586+03:00 DEBUG 12012 --- [URL Shortener] [           main] o.t.containers.output.WaitingConsumer    : STDOUT: selecting dynamic shared memory implementation ... posix
2024-06-12T14:28:40.586+03:00 DEBUG 12012 --- [URL Shortener] [           main] o.t.containers.output.WaitingConsumer    : STDOUT: creating subdirectories ... ok
2024-06-12T14:28:40.588+03:00 DEBUG 12012 --- [URL Shortener] [ream--733449709] c.g.d.z.s.o.apache.hc.client5.http.wire  : http-outgoing-7 << "32[\r][\n]"
2024-06-12T14:28:40.588+03:00 DEBUG 12012 --- [URL Shortener] [ream--733449709] c.g.d.z.s.o.apache.hc.client5.http.wire  : http-outgoing-7 << "[0x1][0x0][0x0][0x0][0x0][0x0][0x0]*selecting default max_connections ... 100[\n]"
2024-06-12T14:28:40.588+03:00 DEBUG 12012 --- [URL Shortener] [ream--733449709] c.g.d.z.s.o.apache.hc.client5.http.wire  : http-outgoing-7 << "[\r][\n]"
2024-06-12T14:28:40.602+03:00 DEBUG 12012 --- [URL Shortener] [           main] o.t.containers.output.WaitingConsumer    : STDOUT: selecting default max_connections ... 100
2024-06-12T14:28:40.602+03:00 DEBUG 12012 --- [URL Shortener] [ream--733449709] c.g.d.z.s.o.apache.hc.client5.http.wire  : http-outgoing-7 << "33[\r][\n]"
2024-06-12T14:28:40.602+03:00 DEBUG 12012 --- [URL Shortener] [ream--733449709] c.g.d.z.s.o.apache.hc.client5.http.wire  : http-outgoing-7 << "[0x1][0x0][0x0][0x0][0x0][0x0][0x0]+selecting default shared_buffers ... 128MB[\n]"
2024-06-12T14:28:40.602+03:00 DEBUG 12012 --- [URL Shortener] [ream--733449709] c.g.d.z.s.o.apache.hc.client5.http.wire  : http-outgoing-7 << "[\r][\n]"
2024-06-12T14:28:40.611+03:00 DEBUG 12012 --- [URL Shortener] [ream--733449709] c.g.d.z.s.o.apache.hc.client5.http.wire  : http-outgoing-7 << "30[\r][\n]"
2024-06-12T14:28:40.611+03:00 DEBUG 12012 --- [URL Shortener] [ream--733449709] c.g.d.z.s.o.apache.hc.client5.http.wire  : http-outgoing-7 << "[0x1][0x0][0x0][0x0][0x0][0x0][0x0](selecting default time zone ... Etc/UTC[\n]"
2024-06-12T14:28:40.611+03:00 DEBUG 12012 --- [URL Shortener] [ream--733449709] c.g.d.z.s.o.apache.hc.client5.http.wire  : http-outgoing-7 << "[\r][\n]"
2024-06-12T14:28:40.611+03:00 DEBUG 12012 --- [URL Shortener] [ream--733449709] c.g.d.z.s.o.apache.hc.client5.http.wire  : http-outgoing-7 << "2c[\r][\n]"
2024-06-12T14:28:40.611+03:00 DEBUG 12012 --- [URL Shortener] [ream--733449709] c.g.d.z.s.o.apache.hc.client5.http.wire  : http-outgoing-7 << "[0x1][0x0][0x0][0x0][0x0][0x0][0x0]$creating configuration files ... ok[\n]"
2024-06-12T14:28:40.611+03:00 DEBUG 12012 --- [URL Shortener] [ream--733449709] c.g.d.z.s.o.apache.hc.client5.http.wire  : http-outgoing-7 << "[\r][\n]"
2024-06-12T14:28:40.617+03:00 DEBUG 12012 --- [URL Shortener] [           main] o.t.containers.output.WaitingConsumer    : STDOUT: creating configuration files ... ok
2024-06-12T14:28:40.617+03:00 DEBUG 12012 --- [URL Shortener] [           main] o.t.containers.output.WaitingConsumer    : STDOUT: selecting default time zone ... Etc/UTC
2024-06-12T14:28:40.617+03:00 DEBUG 12012 --- [URL Shortener] [           main] o.t.containers.output.WaitingConsumer    : STDOUT: selecting default shared_buffers ... 128MB
2024-06-12T14:28:40.701+03:00 DEBUG 12012 --- [URL Shortener] [ream--733449709] c.g.d.z.s.o.apache.hc.client5.http.wire  : http-outgoing-7 << "28[\r][\n]"
2024-06-12T14:28:40.701+03:00 DEBUG 12012 --- [URL Shortener] [ream--733449709] c.g.d.z.s.o.apache.hc.client5.http.wire  : http-outgoing-7 << "[0x1][0x0][0x0][0x0][0x0][0x0][0x0] running bootstrap script ... ok[\n]"
2024-06-12T14:28:40.701+03:00 DEBUG 12012 --- [URL Shortener] [ream--733449709] c.g.d.z.s.o.apache.hc.client5.http.wire  : http-outgoing-7 << "[\r][\n]"
2024-06-12T14:28:40.701+03:00 DEBUG 12012 --- [URL Shortener] [           main] o.t.containers.output.WaitingConsumer    : STDOUT: running bootstrap script ... ok
2024-06-12T14:28:40.982+03:00 DEBUG 12012 --- [URL Shortener] [ream--733449709] c.g.d.z.s.o.apache.hc.client5.http.wire  : http-outgoing-7 << "38[\r][\n]"
2024-06-12T14:28:40.982+03:00 DEBUG 12012 --- [URL Shortener] [ream--733449709] c.g.d.z.s.o.apache.hc.client5.http.wire  : http-outgoing-7 << "[0x1][0x0][0x0][0x0][0x0][0x0][0x0]0performing post-bootstrap initialization ... ok[\n]"
2024-06-12T14:28:40.982+03:00 DEBUG 12012 --- [URL Shortener] [ream--733449709] c.g.d.z.s.o.apache.hc.client5.http.wire  : http-outgoing-7 << "[\r][\n]"
2024-06-12T14:28:40.982+03:00 DEBUG 12012 --- [URL Shortener] [           main] o.t.containers.output.WaitingConsumer    : STDOUT: performing post-bootstrap initialization ... ok
2024-06-12T14:28:41.194+03:00 DEBUG 12012 --- [URL Shortener] [ream--733449709] c.g.d.z.s.o.apache.hc.client5.http.wire  : http-outgoing-7 << "1ad[\r][\n]"
2024-06-12T14:28:41.194+03:00 DEBUG 12012 --- [URL Shortener] [ream--733449709] c.g.d.z.s.o.apache.hc.client5.http.wire  : http-outgoing-7 << "[0x2][0x0][0x0][0x0][0x0][0x0][0x0]Ginitdb: warning: enabling "trust" authentication for local connections[\n]"
2024-06-12T14:28:41.194+03:00 DEBUG 12012 --- [URL Shortener] [ream--733449709] c.g.d.z.s.o.apache.hc.client5.http.wire  : http-outgoing-7 << "[0x2][0x0][0x0][0x0][0x0][0x0][0x0][0xffffff90]initdb: hint: You can change this by editing pg_hba.conf or using the option -A, or --auth-local and --auth-host, the next time you run initdb.[\n]"
2024-06-12T14:28:41.194+03:00 DEBUG 12012 --- [URL Shortener] [ream--733449709] c.g.d.z.s.o.apache.hc.client5.http.wire  : http-outgoing-7 << "[0x1][0x0][0x0][0x0][0x0][0x0][0x0][0x1c]syncing data to disk ... ok[\n]"
2024-06-12T14:28:41.194+03:00 DEBUG 12012 --- [URL Shortener] [ream--733449709] c.g.d.z.s.o.apache.hc.client5.http.wire  : http-outgoing-7 << "[0x1][0x0][0x0][0x0][0x0][0x0][0x0][0x1][\n]"
2024-06-12T14:28:41.194+03:00 DEBUG 12012 --- [URL Shortener] [ream--733449709] c.g.d.z.s.o.apache.hc.client5.http.wire  : http-outgoing-7 << "[0x1][0x0][0x0][0x0][0x0][0x0][0x0][0x1][\n]"
2024-06-12T14:28:41.194+03:00 DEBUG 12012 --- [URL Shortener] [ream--733449709] c.g.d.z.s.o.apache.hc.client5.http.wire  : http-outgoing-7 << "[0x1][0x0][0x0][0x0][0x0][0x0][0x0]6Success. You can now start the database server using:[\n]"
2024-06-12T14:28:41.194+03:00 DEBUG 12012 --- [URL Shortener] [ream--733449709] c.g.d.z.s.o.apache.hc.client5.http.wire  : http-outgoing-7 << "[0x1][0x0][0x0][0x0][0x0][0x0][0x0][0x1][\n]"
2024-06-12T14:28:41.194+03:00 DEBUG 12012 --- [URL Shortener] [ream--733449709] c.g.d.z.s.o.apache.hc.client5.http.wire  : http-outgoing-7 << "[0x1][0x0][0x0][0x0][0x0][0x0][0x0]8    pg_ctl -D /var/lib/postgresql/data -l logfile start[\n]"
2024-06-12T14:28:41.194+03:00 DEBUG 12012 --- [URL Shortener] [ream--733449709] c.g.d.z.s.o.apache.hc.client5.http.wire  : http-outgoing-7 << "[0x1][0x0][0x0][0x0][0x0][0x0][0x0][0x1][\n]"
2024-06-12T14:28:41.194+03:00 DEBUG 12012 --- [URL Shortener] [ream--733449709] c.g.d.z.s.o.apache.hc.client5.http.wire  : http-outgoing-7 << "[\r][\n]"
2024-06-12T14:28:41.194+03:00 DEBUG 12012 --- [URL Shortener] [           main] o.t.containers.output.WaitingConsumer    : STDERR: initdb: warning: enabling "trust" authentication for local connections
2024-06-12T14:28:41.194+03:00 DEBUG 12012 --- [URL Shortener] [           main] o.t.containers.output.WaitingConsumer    : STDOUT: 
2024-06-12T14:28:41.194+03:00 DEBUG 12012 --- [URL Shortener] [           main] o.t.containers.output.WaitingConsumer    : STDOUT: 
2024-06-12T14:28:41.194+03:00 DEBUG 12012 --- [URL Shortener] [           main] o.t.containers.output.WaitingConsumer    : STDOUT:     pg_ctl -D /var/lib/postgresql/data -l logfile start
2024-06-12T14:28:41.194+03:00 DEBUG 12012 --- [URL Shortener] [           main] o.t.containers.output.WaitingConsumer    : STDOUT: 
2024-06-12T14:28:41.194+03:00 DEBUG 12012 --- [URL Shortener] [           main] o.t.containers.output.WaitingConsumer    : STDOUT: Success. You can now start the database server using:
2024-06-12T14:28:41.194+03:00 DEBUG 12012 --- [URL Shortener] [           main] o.t.containers.output.WaitingConsumer    : STDOUT: 
2024-06-12T14:28:41.194+03:00 DEBUG 12012 --- [URL Shortener] [           main] o.t.containers.output.WaitingConsumer    : STDOUT: syncing data to disk ... ok
2024-06-12T14:28:41.194+03:00 DEBUG 12012 --- [URL Shortener] [           main] o.t.containers.output.WaitingConsumer    : STDERR: initdb: hint: You can change this by editing pg_hba.conf or using the option -A, or --auth-local and --auth-host, the next time you run initdb.
2024-06-12T14:28:41.223+03:00 DEBUG 12012 --- [URL Shortener] [ream--733449709] c.g.d.z.s.o.apache.hc.client5.http.wire  : http-outgoing-7 << "137[\r][\n]"
2024-06-12T14:28:41.223+03:00 DEBUG 12012 --- [URL Shortener] [ream--733449709] c.g.d.z.s.o.apache.hc.client5.http.wire  : http-outgoing-7 << "[0x1][0x0][0x0][0x0][0x0][0x0][0x0][0xffffffc3]waiting for server to start....2024-06-12 11:28:41.222 UTC [49] LOG:  starting PostgreSQL 16.3 (Debian 16.3-1.pgdg120+1) on x86_64-pc-linux-gnu, compiled by gcc (Debian 12.2.0-14) 12.2.0, 64-bit[\n]"
2024-06-12T14:28:41.223+03:00 DEBUG 12012 --- [URL Shortener] [ream--733449709] c.g.d.z.s.o.apache.hc.client5.http.wire  : http-outgoing-7 << "[0x1][0x0][0x0][0x0][0x0][0x0][0x0]d2024-06-12 11:28:41.222 UTC [49] LOG:  listening on Unix socket "/var/run/postgresql/.s.PGSQL.5432"[\n]"
2024-06-12T14:28:41.223+03:00 DEBUG 12012 --- [URL Shortener] [ream--733449709] c.g.d.z.s.o.apache.hc.client5.http.wire  : http-outgoing-7 << "[\r][\n]"
2024-06-12T14:28:41.223+03:00 DEBUG 12012 --- [URL Shortener] [           main] o.t.containers.output.WaitingConsumer    : STDOUT: 2024-06-12 11:28:41.222 UTC [49] LOG:  listening on Unix socket "/var/run/postgresql/.s.PGSQL.5432"
2024-06-12T14:28:41.223+03:00 DEBUG 12012 --- [URL Shortener] [           main] o.t.containers.output.WaitingConsumer    : STDOUT: waiting for server to start....2024-06-12 11:28:41.222 UTC [49] LOG:  starting PostgreSQL 16.3 (Debian 16.3-1.pgdg120+1) on x86_64-pc-linux-gnu, compiled by gcc (Debian 12.2.0-14) 12.2.0, 64-bit
2024-06-12T14:28:41.225+03:00 DEBUG 12012 --- [URL Shortener] [ream--733449709] c.g.d.z.s.o.apache.hc.client5.http.wire  : http-outgoing-7 << "68[\r][\n]"
2024-06-12T14:28:41.225+03:00 DEBUG 12012 --- [URL Shortener] [ream--733449709] c.g.d.z.s.o.apache.hc.client5.http.wire  : http-outgoing-7 << "[0x1][0x0][0x0][0x0][0x0][0x0][0x0]`2024-06-12 11:28:41.224 UTC [52] LOG:  database system was shut down at 2024-06-12 11:28:40 UTC[\n]"
2024-06-12T14:28:41.225+03:00 DEBUG 12012 --- [URL Shortener] [ream--733449709] c.g.d.z.s.o.apache.hc.client5.http.wire  : http-outgoing-7 << "[\r][\n]"
2024-06-12T14:28:41.227+03:00 DEBUG 12012 --- [URL Shortener] [ream--733449709] c.g.d.z.s.o.apache.hc.client5.http.wire  : http-outgoing-7 << "5e[\r][\n]"
2024-06-12T14:28:41.227+03:00 DEBUG 12012 --- [URL Shortener] [ream--733449709] c.g.d.z.s.o.apache.hc.client5.http.wire  : http-outgoing-7 << "[0x1][0x0][0x0][0x0][0x0][0x0][0x0]V2024-06-12 11:28:41.226 UTC [49] LOG:  database system is ready to accept connections[\n]"
2024-06-12T14:28:41.227+03:00 DEBUG 12012 --- [URL Shortener] [ream--733449709] c.g.d.z.s.o.apache.hc.client5.http.wire  : http-outgoing-7 << "[\r][\n]"
2024-06-12T14:28:41.235+03:00 DEBUG 12012 --- [URL Shortener] [           main] o.t.containers.output.WaitingConsumer    : STDOUT: 2024-06-12 11:28:41.226 UTC [49] LOG:  database system is ready to accept connections
2024-06-12T14:28:41.236+03:00 DEBUG 12012 --- [URL Shortener] [           main] o.t.containers.output.WaitingConsumer    : STDOUT: 2024-06-12 11:28:41.224 UTC [52] LOG:  database system was shut down at 2024-06-12 11:28:40 UTC
2024-06-12T14:28:41.312+03:00 DEBUG 12012 --- [URL Shortener] [ream--733449709] c.g.d.z.s.o.apache.hc.client5.http.wire  : http-outgoing-7 << "25[\r][\n]"
2024-06-12T14:28:41.312+03:00 DEBUG 12012 --- [URL Shortener] [ream--733449709] c.g.d.z.s.o.apache.hc.client5.http.wire  : http-outgoing-7 << "[0x1][0x0][0x0][0x0][0x0][0x0][0x0][0x6] done[\n]"
2024-06-12T14:28:41.312+03:00 DEBUG 12012 --- [URL Shortener] [ream--733449709] c.g.d.z.s.o.apache.hc.client5.http.wire  : http-outgoing-7 << "[0x1][0x0][0x0][0x0][0x0][0x0][0x0][0xf]server started[\n]"
2024-06-12T14:28:41.312+03:00 DEBUG 12012 --- [URL Shortener] [ream--733449709] c.g.d.z.s.o.apache.hc.client5.http.wire  : http-outgoing-7 << "[\r][\n]"
2024-06-12T14:28:41.312+03:00 DEBUG 12012 --- [URL Shortener] [           main] o.t.containers.output.WaitingConsumer    : STDOUT: server started
2024-06-12T14:28:41.312+03:00 DEBUG 12012 --- [URL Shortener] [           main] o.t.containers.output.WaitingConsumer    : STDOUT:  done
2024-06-12T14:28:41.381+03:00 DEBUG 12012 --- [URL Shortener] [ream--733449709] c.g.d.z.s.o.apache.hc.client5.http.wire  : http-outgoing-7 << "18[\r][\n]"
2024-06-12T14:28:41.381+03:00 DEBUG 12012 --- [URL Shortener] [ream--733449709] c.g.d.z.s.o.apache.hc.client5.http.wire  : http-outgoing-7 << "[0x1][0x0][0x0][0x0][0x0][0x0][0x0][0x10]CREATE DATABASE[\n]"
2024-06-12T14:28:41.381+03:00 DEBUG 12012 --- [URL Shortener] [ream--733449709] c.g.d.z.s.o.apache.hc.client5.http.wire  : http-outgoing-7 << "[\r][\n]"
2024-06-12T14:28:41.381+03:00 DEBUG 12012 --- [URL Shortener] [           main] o.t.containers.output.WaitingConsumer    : STDOUT: CREATE DATABASE
2024-06-12T14:28:41.382+03:00 DEBUG 12012 --- [URL Shortener] [ream--733449709] c.g.d.z.s.o.apache.hc.client5.http.wire  : http-outgoing-7 << "6f[\r][\n]"
2024-06-12T14:28:41.382+03:00 DEBUG 12012 --- [URL Shortener] [ream--733449709] c.g.d.z.s.o.apache.hc.client5.http.wire  : http-outgoing-7 << "[0x1][0x0][0x0][0x0][0x0][0x0][0x0][0x1][\n]"
2024-06-12T14:28:41.382+03:00 DEBUG 12012 --- [URL Shortener] [ream--733449709] c.g.d.z.s.o.apache.hc.client5.http.wire  : http-outgoing-7 << "[0x1][0x0][0x0][0x0][0x0][0x0][0x0][0x1][\n]"
2024-06-12T14:28:41.382+03:00 DEBUG 12012 --- [URL Shortener] [ream--733449709] c.g.d.z.s.o.apache.hc.client5.http.wire  : http-outgoing-7 << "[0x1][0x0][0x0][0x0][0x0][0x0][0x0]L/usr/local/bin/docker-entrypoint.sh: ignoring /docker-entrypoint-initdb.d/*[\n]"
2024-06-12T14:28:41.382+03:00 DEBUG 12012 --- [URL Shortener] [ream--733449709] c.g.d.z.s.o.apache.hc.client5.http.wire  : http-outgoing-7 << "[0x1][0x0][0x0][0x0][0x0][0x0][0x0][0x1][\n]"
2024-06-12T14:28:41.382+03:00 DEBUG 12012 --- [URL Shortener] [ream--733449709] c.g.d.z.s.o.apache.hc.client5.http.wire  : http-outgoing-7 << "[\r][\n]"
2024-06-12T14:28:41.383+03:00 DEBUG 12012 --- [URL Shortener] [ream--733449709] c.g.d.z.s.o.apache.hc.client5.http.wire  : http-outgoing-7 << "c1[\r][\n]"
2024-06-12T14:28:41.383+03:00 DEBUG 12012 --- [URL Shortener] [ream--733449709] c.g.d.z.s.o.apache.hc.client5.http.wire  : http-outgoing-7 << "[0x1][0x0][0x0][0x0][0x0][0x0][0x0]iwaiting for server to shut down....2024-06-12 11:28:41.382 UTC [49] LOG:  received fast shutdown request[\n]"
2024-06-12T14:28:41.383+03:00 DEBUG 12012 --- [URL Shortener] [ream--733449709] c.g.d.z.s.o.apache.hc.client5.http.wire  : http-outgoing-7 << "[0x1][0x0][0x0][0x0][0x0][0x0][0x0]H2024-06-12 11:28:41.382 UTC [49] LOG:  aborting any active transactions[\n]"
2024-06-12T14:28:41.383+03:00 DEBUG 12012 --- [URL Shortener] [ream--733449709] c.g.d.z.s.o.apache.hc.client5.http.wire  : http-outgoing-7 << "[\r][\n]"
2024-06-12T14:28:41.385+03:00 DEBUG 12012 --- [URL Shortener] [ream--733449709] c.g.d.z.s.o.apache.hc.client5.http.wire  : http-outgoing-7 << "115[\r][\n]"
2024-06-12T14:28:41.385+03:00 DEBUG 12012 --- [URL Shortener] [ream--733449709] c.g.d.z.s.o.apache.hc.client5.http.wire  : http-outgoing-7 << "[0x1][0x0][0x0][0x0][0x0][0x0][0x0]y2024-06-12 11:28:41.384 UTC [49] LOG:  background worker "logical replication launcher" (PID 55) exited with exit code 1[\n]"
2024-06-12T14:28:41.385+03:00 DEBUG 12012 --- [URL Shortener] [ream--733449709] c.g.d.z.s.o.apache.hc.client5.http.wire  : http-outgoing-7 << "[0x1][0x0][0x0][0x0][0x0][0x0][0x0]52024-06-12 11:28:41.384 UTC [50] LOG:  shutting down[\n]"
2024-06-12T14:28:41.385+03:00 DEBUG 12012 --- [URL Shortener] [ream--733449709] c.g.d.z.s.o.apache.hc.client5.http.wire  : http-outgoing-7 << "[0x1][0x0][0x0][0x0][0x0][0x0][0x0]O2024-06-12 11:28:41.384 UTC [50] LOG:  checkpoint starting: shutdown immediate[\n]"
2024-06-12T14:28:41.385+03:00 DEBUG 12012 --- [URL Shortener] [ream--733449709] c.g.d.z.s.o.apache.hc.client5.http.wire  : http-outgoing-7 << "[\r][\n]"
2024-06-12T14:28:41.389+03:00 DEBUG 12012 --- [URL Shortener] [ream--733449709] c.g.d.z.s.o.apache.hc.client5.http.wire  : http-outgoing-7 << "12c[\r][\n]"
2024-06-12T14:28:41.389+03:00 DEBUG 12012 --- [URL Shortener] [ream--733449709] c.g.d.z.s.o.apache.hc.client5.http.wire  : http-outgoing-7 << "[0x1][0x0][0x0][0x0][0x0][0x0][0x1]$2024-06-12 11:28:41.388 UTC [50] LOG:  checkpoint complete: wrote 922 buffers (5.6%); 0 WAL file(s) added, 0 removed, 0 recycled; write=0.004 s, sync=0.001 s, total=0.005 s; sync files=0, longest=0.000 s, average=0.000 s; distance=4255 kB, estimate=4255 kB; lsn=0/1912040, redo lsn=0/1912040[\n]"
2024-06-12T14:28:41.389+03:00 DEBUG 12012 --- [URL Shortener] [ream--733449709] c.g.d.z.s.o.apache.hc.client5.http.wire  : http-outgoing-7 << "[\r][\n]"
2024-06-12T14:28:41.393+03:00 DEBUG 12012 --- [URL Shortener] [ream--733449709] c.g.d.z.s.o.apache.hc.client5.http.wire  : http-outgoing-7 << "4c[\r][\n]"
2024-06-12T14:28:41.393+03:00 DEBUG 12012 --- [URL Shortener] [ream--733449709] c.g.d.z.s.o.apache.hc.client5.http.wire  : http-outgoing-7 << "[0x1][0x0][0x0][0x0][0x0][0x0][0x0]D2024-06-12 11:28:41.392 UTC [49] LOG:  database system is shut down[\n]"
2024-06-12T14:28:41.393+03:00 DEBUG 12012 --- [URL Shortener] [ream--733449709] c.g.d.z.s.o.apache.hc.client5.http.wire  : http-outgoing-7 << "[\r][\n]"
2024-06-12T14:28:41.407+03:00 DEBUG 12012 --- [URL Shortener] [           main] o.t.containers.output.WaitingConsumer    : STDOUT: 2024-06-12 11:28:41.392 UTC [49] LOG:  database system is shut down
2024-06-12T14:28:41.407+03:00 DEBUG 12012 --- [URL Shortener] [           main] o.t.containers.output.WaitingConsumer    : STDOUT: 2024-06-12 11:28:41.388 UTC [50] LOG:  checkpoint complete: wrote 922 buffers (5.6%); 0 WAL file(s) added, 0 removed, 0 recycled; write=0.004 s, sync=0.001 s, total=0.005 s; sync files=0, longest=0.000 s, average=0.000 s; distance=4255 kB, estimate=4255 kB; lsn=0/1912040, redo lsn=0/1912040
2024-06-12T14:28:41.407+03:00 DEBUG 12012 --- [URL Shortener] [           main] o.t.containers.output.WaitingConsumer    : STDOUT: 2024-06-12 11:28:41.384 UTC [50] LOG:  checkpoint starting: shutdown immediate
2024-06-12T14:28:41.407+03:00 DEBUG 12012 --- [URL Shortener] [           main] o.t.containers.output.WaitingConsumer    : STDOUT: 2024-06-12 11:28:41.384 UTC [50] LOG:  shutting down
2024-06-12T14:28:41.407+03:00 DEBUG 12012 --- [URL Shortener] [           main] o.t.containers.output.WaitingConsumer    : STDOUT: 2024-06-12 11:28:41.384 UTC [49] LOG:  background worker "logical replication launcher" (PID 55) exited with exit code 1
2024-06-12T14:28:41.407+03:00 DEBUG 12012 --- [URL Shortener] [           main] o.t.containers.output.WaitingConsumer    : STDOUT: 2024-06-12 11:28:41.382 UTC [49] LOG:  aborting any active transactions
2024-06-12T14:28:41.407+03:00 DEBUG 12012 --- [URL Shortener] [           main] o.t.containers.output.WaitingConsumer    : STDOUT: waiting for server to shut down....2024-06-12 11:28:41.382 UTC [49] LOG:  received fast shutdown request
2024-06-12T14:28:41.407+03:00 DEBUG 12012 --- [URL Shortener] [           main] o.t.containers.output.WaitingConsumer    : STDOUT: 
2024-06-12T14:28:41.407+03:00 DEBUG 12012 --- [URL Shortener] [           main] o.t.containers.output.WaitingConsumer    : STDOUT: /usr/local/bin/docker-entrypoint.sh: ignoring /docker-entrypoint-initdb.d/*
2024-06-12T14:28:41.407+03:00 DEBUG 12012 --- [URL Shortener] [           main] o.t.containers.output.WaitingConsumer    : STDOUT: 
2024-06-12T14:28:41.407+03:00 DEBUG 12012 --- [URL Shortener] [           main] o.t.containers.output.WaitingConsumer    : STDOUT: 
2024-06-12T14:28:41.483+03:00 DEBUG 12012 --- [URL Shortener] [ream--733449709] c.g.d.z.s.o.apache.hc.client5.http.wire  : http-outgoing-7 << "25[\r][\n]"
2024-06-12T14:28:41.483+03:00 DEBUG 12012 --- [URL Shortener] [ream--733449709] c.g.d.z.s.o.apache.hc.client5.http.wire  : http-outgoing-7 << "[0x1][0x0][0x0][0x0][0x0][0x0][0x0][0x6] done[\n]"
2024-06-12T14:28:41.483+03:00 DEBUG 12012 --- [URL Shortener] [ream--733449709] c.g.d.z.s.o.apache.hc.client5.http.wire  : http-outgoing-7 << "[0x1][0x0][0x0][0x0][0x0][0x0][0x0][0xf]server stopped[\n]"
2024-06-12T14:28:41.483+03:00 DEBUG 12012 --- [URL Shortener] [ream--733449709] c.g.d.z.s.o.apache.hc.client5.http.wire  : http-outgoing-7 << "[\r][\n]"
2024-06-12T14:28:41.483+03:00 DEBUG 12012 --- [URL Shortener] [           main] o.t.containers.output.WaitingConsumer    : STDOUT: server stopped
2024-06-12T14:28:41.483+03:00 DEBUG 12012 --- [URL Shortener] [           main] o.t.containers.output.WaitingConsumer    : STDOUT:  done
2024-06-12T14:28:41.484+03:00 DEBUG 12012 --- [URL Shortener] [ream--733449709] c.g.d.z.s.o.apache.hc.client5.http.wire  : http-outgoing-7 << "50[\r][\n]"
2024-06-12T14:28:41.484+03:00 DEBUG 12012 --- [URL Shortener] [ream--733449709] c.g.d.z.s.o.apache.hc.client5.http.wire  : http-outgoing-7 << "[0x1][0x0][0x0][0x0][0x0][0x0][0x0][0x1][\n]"
2024-06-12T14:28:41.484+03:00 DEBUG 12012 --- [URL Shortener] [ream--733449709] c.g.d.z.s.o.apache.hc.client5.http.wire  : http-outgoing-7 << "[0x1][0x0][0x0][0x0][0x0][0x0][0x0]6PostgreSQL init process complete; ready for start up.[\n]"
2024-06-12T14:28:41.484+03:00 DEBUG 12012 --- [URL Shortener] [ream--733449709] c.g.d.z.s.o.apache.hc.client5.http.wire  : http-outgoing-7 << "[0x1][0x0][0x0][0x0][0x0][0x0][0x0][0x1][\n]"
2024-06-12T14:28:41.484+03:00 DEBUG 12012 --- [URL Shortener] [ream--733449709] c.g.d.z.s.o.apache.hc.client5.http.wire  : http-outgoing-7 << "[\r][\n]"
2024-06-12T14:28:41.496+03:00 DEBUG 12012 --- [URL Shortener] [ream--733449709] c.g.d.z.s.o.apache.hc.client5.http.wire  : http-outgoing-7 << "1cb[\r][\n]"
2024-06-12T14:28:41.496+03:00 DEBUG 12012 --- [URL Shortener] [ream--733449709] c.g.d.z.s.o.apache.hc.client5.http.wire  : http-outgoing-7 << "[0x2][0x0][0x0][0x0][0x0][0x0][0x0][0xffffffa3]2024-06-12 11:28:41.495 UTC [1] LOG:  starting PostgreSQL 16.3 (Debian 16.3-1.pgdg120+1) on x86_64-pc-linux-gnu, compiled by gcc (Debian 12.2.0-14) 12.2.0, 64-bit[\n]"
2024-06-12T14:28:41.496+03:00 DEBUG 12012 --- [URL Shortener] [ream--733449709] c.g.d.z.s.o.apache.hc.client5.http.wire  : http-outgoing-7 << "[0x2][0x0][0x0][0x0][0x0][0x0][0x0]U2024-06-12 11:28:41.495 UTC [1] LOG:  listening on IPv4 address "0.0.0.0", port 5432[\n]"
2024-06-12T14:28:41.496+03:00 DEBUG 12012 --- [URL Shortener] [ream--733449709] c.g.d.z.s.o.apache.hc.client5.http.wire  : http-outgoing-7 << "[0x2][0x0][0x0][0x0][0x0][0x0][0x0]P2024-06-12 11:28:41.495 UTC [1] LOG:  listening on IPv6 address "::", port 5432[\n]"
2024-06-12T14:28:41.496+03:00 DEBUG 12012 --- [URL Shortener] [ream--733449709] c.g.d.z.s.o.apache.hc.client5.http.wire  : http-outgoing-7 << "[0x2][0x0][0x0][0x0][0x0][0x0][0x0]c2024-06-12 11:28:41.495 UTC [1] LOG:  listening on Unix socket "/var/run/postgresql/.s.PGSQL.5432"[\n]"
2024-06-12T14:28:41.496+03:00 DEBUG 12012 --- [URL Shortener] [ream--733449709] c.g.d.z.s.o.apache.hc.client5.http.wire  : http-outgoing-7 << "[\r][\n]"
2024-06-12T14:28:41.497+03:00 DEBUG 12012 --- [URL Shortener] [ream--733449709] c.g.d.z.s.o.apache.hc.client5.http.wire  : http-outgoing-7 << "68[\r][\n]"
2024-06-12T14:28:41.497+03:00 DEBUG 12012 --- [URL Shortener] [ream--733449709] c.g.d.z.s.o.apache.hc.client5.http.wire  : http-outgoing-7 << "[0x2][0x0][0x0][0x0][0x0][0x0][0x0]`2024-06-12 11:28:41.497 UTC [65] LOG:  database system was shut down at 2024-06-12 11:28:41 UTC[\n]"
2024-06-12T14:28:41.497+03:00 DEBUG 12012 --- [URL Shortener] [ream--733449709] c.g.d.z.s.o.apache.hc.client5.http.wire  : http-outgoing-7 << "[\r][\n]"
2024-06-12T14:28:41.500+03:00 DEBUG 12012 --- [URL Shortener] [           main] o.t.containers.output.WaitingConsumer    : STDERR: 2024-06-12 11:28:41.497 UTC [65] LOG:  database system was shut down at 2024-06-12 11:28:41 UTC
2024-06-12T14:28:41.499+03:00 DEBUG 12012 --- [URL Shortener] [ream--733449709] c.g.d.z.s.o.apache.hc.client5.http.wire  : http-outgoing-7 << "5d[\r][\n]"
2024-06-12T14:28:41.500+03:00 DEBUG 12012 --- [URL Shortener] [ream--733449709] c.g.d.z.s.o.apache.hc.client5.http.wire  : http-outgoing-7 << "[0x2][0x0][0x0][0x0][0x0][0x0][0x0]U2024-06-12 11:28:41.499 UTC [1] LOG:  database system is ready to accept connections[\n]"
2024-06-12T14:28:41.500+03:00 DEBUG 12012 --- [URL Shortener] [ream--733449709] c.g.d.z.s.o.apache.hc.client5.http.wire  : http-outgoing-7 << "[\r][\n]"
2024-06-12T14:28:41.500+03:00 DEBUG 12012 --- [URL Shortener] [           main] o.t.containers.output.WaitingConsumer    : STDERR: 2024-06-12 11:28:41.495 UTC [1] LOG:  listening on Unix socket "/var/run/postgresql/.s.PGSQL.5432"
2024-06-12T14:28:41.500+03:00 DEBUG 12012 --- [URL Shortener] [           main] o.t.containers.output.WaitingConsumer    : STDERR: 2024-06-12 11:28:41.495 UTC [1] LOG:  listening on IPv6 address "::", port 5432
2024-06-12T14:28:41.500+03:00 DEBUG 12012 --- [URL Shortener] [           main] o.t.containers.output.WaitingConsumer    : STDERR: 2024-06-12 11:28:41.499 UTC [1] LOG:  database system is ready to accept connections
2024-06-12T14:28:41.500+03:00 DEBUG 12012 --- [URL Shortener] [           main] g.d.z.s.o.a.h.c.h.i.c.InternalHttpClient : ep-0000004A: cancel
2024-06-12T14:28:41.500+03:00 DEBUG 12012 --- [URL Shortener] [           main] h.i.i.DefaultManagedHttpClientConnection : http-outgoing-7: close connection IMMEDIATE
2024-06-12T14:28:41.500+03:00 DEBUG 12012 --- [URL Shortener] [           main] g.d.z.s.o.a.h.c.h.i.c.InternalHttpClient : ep-0000004A: endpoint closed
2024-06-12T14:28:41.500+03:00 DEBUG 12012 --- [URL Shortener] [           main] g.d.z.s.o.a.h.c.h.i.c.InternalHttpClient : ep-0000004A: discarding endpoint
2024-06-12T14:28:41.500+03:00 DEBUG 12012 --- [URL Shortener] [           main] h.i.i.PoolingHttpClientConnectionManager : ep-0000004A: releasing endpoint
2024-06-12T14:28:41.500+03:00 DEBUG 12012 --- [URL Shortener] [           main] h.i.i.PoolingHttpClientConnectionManager : ep-0000004A: connection is not kept alive
2024-06-12T14:28:41.500+03:00 DEBUG 12012 --- [URL Shortener] [ream--733449709] c.g.d.z.s.o.apache.hc.client5.http.wire  : http-outgoing-7 << "end of stream"
2024-06-12T14:28:41.500+03:00 DEBUG 12012 --- [URL Shortener] [           main] h.i.i.PoolingHttpClientConnectionManager : ep-0000004A: connection released [route: {}->npipe://localhost:2375][total available: 0; route allocated: 0 of 2147483647; total allocated: 0 of 2147483647]
2024-06-12T14:28:41.500+03:00 DEBUG 12012 --- [URL Shortener] [           main] c.g.d.z.s.o.apache.hc.client5.http.wire  : http-outgoing-7 << "[read] I/O error: java.nio.channels.ClosedChannelException"
2024-06-12T14:28:41.500+03:00 DEBUG 12012 --- [URL Shortener] [ream--733449709] c.g.d.z.s.o.apache.hc.client5.http.wire  : http-outgoing-7 << "[read] I/O error: java.nio.channels.ClosedChannelException"
2024-06-12T14:28:41.500+03:00 DEBUG 12012 --- [URL Shortener] [ream--733449709] pacheDockerHttpClientImpl$ApacheResponse : Failed to close the response

java.io.IOException: java.nio.channels.ClosedChannelException
	at java.base/java.nio.channels.Channels$1.read(Channels.java:166) ~[na:na]
	at com.github.dockerjava.zerodep.shaded.org.apache.hc.client5.http.impl.io.LoggingInputStream.read(LoggingInputStream.java:81) ~[docker-java-transport-zerodep-3.3.6.jar:na]
	at com.github.dockerjava.zerodep.shaded.org.apache.hc.core5.http.impl.io.SessionInputBufferImpl.fillBuffer(SessionInputBufferImpl.java:149) ~[docker-java-transport-zerodep-3.3.6.jar:na]
	at com.github.dockerjava.zerodep.shaded.org.apache.hc.core5.http.impl.io.SessionInputBufferImpl.readLine(SessionInputBufferImpl.java:280) ~[docker-java-transport-zerodep-3.3.6.jar:na]
	at com.github.dockerjava.zerodep.shaded.org.apache.hc.core5.http.impl.io.ChunkedInputStream.getChunkSize(ChunkedInputStream.java:261) ~[docker-java-transport-zerodep-3.3.6.jar:na]
	at com.github.dockerjava.zerodep.shaded.org.apache.hc.core5.http.impl.io.ChunkedInputStream.nextChunk(ChunkedInputStream.java:222) ~[docker-java-transport-zerodep-3.3.6.jar:na]
	at com.github.dockerjava.zerodep.shaded.org.apache.hc.core5.http.impl.io.ChunkedInputStream.read(ChunkedInputStream.java:147) ~[docker-java-transport-zerodep-3.3.6.jar:na]
	at com.github.dockerjava.zerodep.shaded.org.apache.hc.core5.http.impl.io.ChunkedInputStream.close(ChunkedInputStream.java:314) ~[docker-java-transport-zerodep-3.3.6.jar:na]
	at com.github.dockerjava.zerodep.shaded.org.apache.hc.core5.io.Closer.close(Closer.java:48) ~[docker-java-transport-zerodep-3.3.6.jar:na]
	at com.github.dockerjava.zerodep.shaded.org.apache.hc.core5.http.impl.io.IncomingHttpEntity.close(IncomingHttpEntity.java:111) ~[docker-java-transport-zerodep-3.3.6.jar:na]
	at com.github.dockerjava.zerodep.shaded.org.apache.hc.core5.http.io.entity.HttpEntityWrapper.close(HttpEntityWrapper.java:120) ~[docker-java-transport-zerodep-3.3.6.jar:na]
	at com.github.dockerjava.zerodep.shaded.org.apache.hc.core5.io.Closer.close(Closer.java:48) ~[docker-java-transport-zerodep-3.3.6.jar:na]
	at com.github.dockerjava.zerodep.shaded.org.apache.hc.core5.http.message.BasicClassicHttpResponse.close(BasicClassicHttpResponse.java:93) ~[docker-java-transport-zerodep-3.3.6.jar:na]
	at com.github.dockerjava.zerodep.shaded.org.apache.hc.client5.http.impl.classic.CloseableHttpResponse.close(CloseableHttpResponse.java:200) ~[docker-java-transport-zerodep-3.3.6.jar:na]
	at com.github.dockerjava.zerodep.ApacheDockerHttpClientImpl$ApacheResponse.close(ApacheDockerHttpClientImpl.java:271) ~[docker-java-transport-zerodep-3.3.6.jar:na]
	at org.testcontainers.shaded.com.github.dockerjava.core.DefaultInvocationBuilder.lambda$executeAndStream$1(DefaultInvocationBuilder.java:277) ~[testcontainers-1.19.8.jar:1.19.8]
	at java.base/java.lang.Thread.run(Thread.java:1583) ~[na:na]
Caused by: java.nio.channels.ClosedChannelException: null
	at java.base/sun.nio.ch.WindowsAsynchronousFileChannelImpl.implRead(WindowsAsynchronousFileChannelImpl.java:521) ~[na:na]
	at java.base/sun.nio.ch.AsynchronousFileChannelImpl.read(AsynchronousFileChannelImpl.java:229) ~[na:na]
	at com.github.dockerjava.transport.NamedPipeSocket$AsynchronousFileByteChannel.read(NamedPipeSocket.java:117) ~[docker-java-transport-3.3.6.jar:na]
	at java.base/java.nio.channels.Channels$1.read(Channels.java:164) ~[na:na]
	... 16 common frames omitted

2024-06-12T14:28:41.500+03:00 DEBUG 12012 --- [URL Shortener] [           main] pacheDockerHttpClientImpl$ApacheResponse : Failed to close the response

java.io.IOException: java.nio.channels.ClosedChannelException
	at java.base/java.nio.channels.Channels$1.read(Channels.java:166) ~[na:na]
	at com.github.dockerjava.zerodep.shaded.org.apache.hc.client5.http.impl.io.LoggingInputStream.read(LoggingInputStream.java:81) ~[docker-java-transport-zerodep-3.3.6.jar:na]
	at com.github.dockerjava.zerodep.shaded.org.apache.hc.core5.http.impl.io.SessionInputBufferImpl.fillBuffer(SessionInputBufferImpl.java:149) ~[docker-java-transport-zerodep-3.3.6.jar:na]
	at com.github.dockerjava.zerodep.shaded.org.apache.hc.core5.http.impl.io.SessionInputBufferImpl.readLine(SessionInputBufferImpl.java:280) ~[docker-java-transport-zerodep-3.3.6.jar:na]
	at com.github.dockerjava.zerodep.shaded.org.apache.hc.core5.http.impl.io.ChunkedInputStream.getChunkSize(ChunkedInputStream.java:261) ~[docker-java-transport-zerodep-3.3.6.jar:na]
	at com.github.dockerjava.zerodep.shaded.org.apache.hc.core5.http.impl.io.ChunkedInputStream.nextChunk(ChunkedInputStream.java:222) ~[docker-java-transport-zerodep-3.3.6.jar:na]
	at com.github.dockerjava.zerodep.shaded.org.apache.hc.core5.http.impl.io.ChunkedInputStream.read(ChunkedInputStream.java:147) ~[docker-java-transport-zerodep-3.3.6.jar:na]
	at com.github.dockerjava.zerodep.shaded.org.apache.hc.core5.http.impl.io.ChunkedInputStream.close(ChunkedInputStream.java:314) ~[docker-java-transport-zerodep-3.3.6.jar:na]
	at com.github.dockerjava.zerodep.shaded.org.apache.hc.core5.io.Closer.close(Closer.java:48) ~[docker-java-transport-zerodep-3.3.6.jar:na]
	at com.github.dockerjava.zerodep.shaded.org.apache.hc.core5.http.impl.io.IncomingHttpEntity.close(IncomingHttpEntity.java:111) ~[docker-java-transport-zerodep-3.3.6.jar:na]
	at com.github.dockerjava.zerodep.shaded.org.apache.hc.core5.http.io.entity.HttpEntityWrapper.close(HttpEntityWrapper.java:120) ~[docker-java-transport-zerodep-3.3.6.jar:na]
	at com.github.dockerjava.zerodep.shaded.org.apache.hc.core5.io.Closer.close(Closer.java:48) ~[docker-java-transport-zerodep-3.3.6.jar:na]
	at com.github.dockerjava.zerodep.shaded.org.apache.hc.core5.http.message.BasicClassicHttpResponse.close(BasicClassicHttpResponse.java:93) ~[docker-java-transport-zerodep-3.3.6.jar:na]
	at com.github.dockerjava.zerodep.shaded.org.apache.hc.client5.http.impl.classic.CloseableHttpResponse.close(CloseableHttpResponse.java:200) ~[docker-java-transport-zerodep-3.3.6.jar:na]
	at com.github.dockerjava.zerodep.ApacheDockerHttpClientImpl$ApacheResponse.close(ApacheDockerHttpClientImpl.java:271) ~[docker-java-transport-zerodep-3.3.6.jar:na]
	at org.testcontainers.shaded.com.github.dockerjava.core.DefaultInvocationBuilder.lambda$null$0(DefaultInvocationBuilder.java:272) ~[testcontainers-1.19.8.jar:1.19.8]
	at com.github.dockerjava.api.async.ResultCallbackTemplate.close(ResultCallbackTemplate.java:77) ~[docker-java-api-3.3.6.jar:na]
	at org.testcontainers.containers.output.FrameConsumerResultCallback.close(FrameConsumerResultCallback.java:69) ~[testcontainers-1.19.8.jar:1.19.8]
	at org.testcontainers.containers.wait.strategy.LogMessageWaitStrategy.waitUntilReady(LogMessageWaitStrategy.java:49) ~[testcontainers-1.19.8.jar:1.19.8]
	at org.testcontainers.containers.wait.strategy.AbstractWaitStrategy.waitUntilReady(AbstractWaitStrategy.java:52) ~[testcontainers-1.19.8.jar:1.19.8]
	at org.testcontainers.containers.PostgreSQLContainer.waitUntilContainerStarted(PostgreSQLContainer.java:143) ~[postgresql-1.17.6.jar:na]
	at org.testcontainers.containers.GenericContainer.tryStart(GenericContainer.java:500) ~[testcontainers-1.19.8.jar:na]
	at org.testcontainers.containers.GenericContainer.lambda$doStart$0(GenericContainer.java:354) ~[testcontainers-1.19.8.jar:na]
	at org.rnorth.ducttape.unreliables.Unreliables.retryUntilSuccess(Unreliables.java:81) ~[duct-tape-1.0.8.jar:na]
	at org.testcontainers.containers.GenericContainer.doStart(GenericContainer.java:344) ~[testcontainers-1.19.8.jar:na]
	at org.testcontainers.containers.GenericContainer.start(GenericContainer.java:330) ~[testcontainers-1.19.8.jar:na]
	at org.testcontainers.junit.jupiter.TestcontainersExtension$StoreAdapter.start(TestcontainersExtension.java:242) ~[junit-jupiter-1.17.6.jar:na]
	at org.testcontainers.junit.jupiter.TestcontainersExtension$StoreAdapter.access$200(TestcontainersExtension.java:229) ~[junit-jupiter-1.17.6.jar:na]
	at org.testcontainers.junit.jupiter.TestcontainersExtension.lambda$null$1(TestcontainersExtension.java:56) ~[junit-jupiter-1.17.6.jar:na]
	at org.junit.platform.engine.support.store.NamespacedHierarchicalStore.lambda$getOrComputeIfAbsent$5(NamespacedHierarchicalStore.java:147) ~[junit-platform-engine-1.10.2.jar:1.10.2]
	at org.junit.platform.engine.support.store.NamespacedHierarchicalStore$MemoizingSupplier.computeValue(NamespacedHierarchicalStore.java:372) ~[junit-platform-engine-1.10.2.jar:1.10.2]
	at org.junit.platform.engine.support.store.NamespacedHierarchicalStore$MemoizingSupplier.get(NamespacedHierarchicalStore.java:361) ~[junit-platform-engine-1.10.2.jar:1.10.2]
	at org.junit.platform.engine.support.store.NamespacedHierarchicalStore$StoredValue.evaluate(NamespacedHierarchicalStore.java:308) ~[junit-platform-engine-1.10.2.jar:1.10.2]
	at org.junit.platform.engine.support.store.NamespacedHierarchicalStore$StoredValue.access$200(NamespacedHierarchicalStore.java:287) ~[junit-platform-engine-1.10.2.jar:1.10.2]
	at org.junit.platform.engine.support.store.NamespacedHierarchicalStore.getOrComputeIfAbsent(NamespacedHierarchicalStore.java:149) ~[junit-platform-engine-1.10.2.jar:1.10.2]
	at org.junit.jupiter.engine.execution.NamespaceAwareStore.lambda$getOrComputeIfAbsent$2(NamespaceAwareStore.java:57) ~[junit-jupiter-engine-5.10.2.jar:5.10.2]
	at org.junit.jupiter.engine.execution.NamespaceAwareStore.accessStore(NamespaceAwareStore.java:90) ~[junit-jupiter-engine-5.10.2.jar:5.10.2]
	at org.junit.jupiter.engine.execution.NamespaceAwareStore.getOrComputeIfAbsent(NamespaceAwareStore.java:57) ~[junit-jupiter-engine-5.10.2.jar:5.10.2]
	at org.testcontainers.junit.jupiter.TestcontainersExtension.lambda$beforeAll$2(TestcontainersExtension.java:56) ~[junit-jupiter-1.17.6.jar:na]
	at java.base/java.util.ArrayList.forEach(ArrayList.java:1596) ~[na:na]
	at org.testcontainers.junit.jupiter.TestcontainersExtension.beforeAll(TestcontainersExtension.java:55) ~[junit-jupiter-1.17.6.jar:na]
	at org.junit.jupiter.engine.descriptor.ClassBasedTestDescriptor.lambda$invokeBeforeAllCallbacks$12(ClassBasedTestDescriptor.java:396) ~[junit-jupiter-engine-5.10.2.jar:5.10.2]
	at org.junit.platform.engine.support.hierarchical.ThrowableCollector.execute(ThrowableCollector.java:73) ~[junit-platform-engine-1.10.2.jar:1.10.2]
	at org.junit.jupiter.engine.descriptor.ClassBasedTestDescriptor.invokeBeforeAllCallbacks(ClassBasedTestDescriptor.java:396) ~[junit-jupiter-engine-5.10.2.jar:5.10.2]
	at org.junit.jupiter.engine.descriptor.ClassBasedTestDescriptor.before(ClassBasedTestDescriptor.java:212) ~[junit-jupiter-engine-5.10.2.jar:5.10.2]
	at org.junit.jupiter.engine.descriptor.ClassBasedTestDescriptor.before(ClassBasedTestDescriptor.java:85) ~[junit-jupiter-engine-5.10.2.jar:5.10.2]
	at org.junit.platform.engine.support.hierarchical.NodeTestTask.lambda$executeRecursively$6(NodeTestTask.java:148) ~[junit-platform-engine-1.10.2.jar:1.10.2]
	at org.junit.platform.engine.support.hierarchical.ThrowableCollector.execute(ThrowableCollector.java:73) ~[junit-platform-engine-1.10.2.jar:1.10.2]
	at org.junit.platform.engine.support.hierarchical.NodeTestTask.lambda$executeRecursively$8(NodeTestTask.java:141) ~[junit-platform-engine-1.10.2.jar:1.10.2]
	at org.junit.platform.engine.support.hierarchical.Node.around(Node.java:137) ~[junit-platform-engine-1.10.2.jar:1.10.2]
	at org.junit.platform.engine.support.hierarchical.NodeTestTask.lambda$executeRecursively$9(NodeTestTask.java:139) ~[junit-platform-engine-1.10.2.jar:1.10.2]
	at org.junit.platform.engine.support.hierarchical.ThrowableCollector.execute(ThrowableCollector.java:73) ~[junit-platform-engine-1.10.2.jar:1.10.2]
	at org.junit.platform.engine.support.hierarchical.NodeTestTask.executeRecursively(NodeTestTask.java:138) ~[junit-platform-engine-1.10.2.jar:1.10.2]
	at org.junit.platform.engine.support.hierarchical.NodeTestTask.execute(NodeTestTask.java:95) ~[junit-platform-engine-1.10.2.jar:1.10.2]
	at java.base/java.util.ArrayList.forEach(ArrayList.java:1596) ~[na:na]
	at org.junit.platform.engine.support.hierarchical.SameThreadHierarchicalTestExecutorService.invokeAll(SameThreadHierarchicalTestExecutorService.java:41) ~[junit-platform-engine-1.10.2.jar:1.10.2]
	at org.junit.platform.engine.support.hierarchical.NodeTestTask.lambda$executeRecursively$6(NodeTestTask.java:155) ~[junit-platform-engine-1.10.2.jar:1.10.2]
	at org.junit.platform.engine.support.hierarchical.ThrowableCollector.execute(ThrowableCollector.java:73) ~[junit-platform-engine-1.10.2.jar:1.10.2]
	at org.junit.platform.engine.support.hierarchical.NodeTestTask.lambda$executeRecursively$8(NodeTestTask.java:141) ~[junit-platform-engine-1.10.2.jar:1.10.2]
	at org.junit.platform.engine.support.hierarchical.Node.around(Node.java:137) ~[junit-platform-engine-1.10.2.jar:1.10.2]
	at org.junit.platform.engine.support.hierarchical.NodeTestTask.lambda$executeRecursively$9(NodeTestTask.java:139) ~[junit-platform-engine-1.10.2.jar:1.10.2]
	at org.junit.platform.engine.support.hierarchical.ThrowableCollector.execute(ThrowableCollector.java:73) ~[junit-platform-engine-1.10.2.jar:1.10.2]
	at org.junit.platform.engine.support.hierarchical.NodeTestTask.executeRecursively(NodeTestTask.java:138) ~[junit-platform-engine-1.10.2.jar:1.10.2]
	at org.junit.platform.engine.support.hierarchical.NodeTestTask.execute(NodeTestTask.java:95) ~[junit-platform-engine-1.10.2.jar:1.10.2]
	at org.junit.platform.engine.support.hierarchical.SameThreadHierarchicalTestExecutorService.submit(SameThreadHierarchicalTestExecutorService.java:35) ~[junit-platform-engine-1.10.2.jar:1.10.2]
	at org.junit.platform.engine.support.hierarchical.HierarchicalTestExecutor.execute(HierarchicalTestExecutor.java:57) ~[junit-platform-engine-1.10.2.jar:1.10.2]
	at org.junit.platform.engine.support.hierarchical.HierarchicalTestEngine.execute(HierarchicalTestEngine.java:54) ~[junit-platform-engine-1.10.2.jar:1.10.2]
	at org.junit.platform.launcher.core.EngineExecutionOrchestrator.execute(EngineExecutionOrchestrator.java:198) ~[junit-platform-launcher-1.10.2.jar:1.10.2]
	at org.junit.platform.launcher.core.EngineExecutionOrchestrator.execute(EngineExecutionOrchestrator.java:169) ~[junit-platform-launcher-1.10.2.jar:1.10.2]
	at org.junit.platform.launcher.core.EngineExecutionOrchestrator.execute(EngineExecutionOrchestrator.java:93) ~[junit-platform-launcher-1.10.2.jar:1.10.2]
	at org.junit.platform.launcher.core.EngineExecutionOrchestrator.lambda$execute$0(EngineExecutionOrchestrator.java:58) ~[junit-platform-launcher-1.10.2.jar:1.10.2]
	at org.junit.platform.launcher.core.EngineExecutionOrchestrator.withInterceptedStreams(EngineExecutionOrchestrator.java:141) ~[junit-platform-launcher-1.10.2.jar:1.10.2]
	at org.junit.platform.launcher.core.EngineExecutionOrchestrator.execute(EngineExecutionOrchestrator.java:57) ~[junit-platform-launcher-1.10.2.jar:1.10.2]
	at org.junit.platform.launcher.core.DefaultLauncher.execute(DefaultLauncher.java:103) ~[junit-platform-launcher-1.10.2.jar:1.10.2]
	at org.junit.platform.launcher.core.DefaultLauncher.execute(DefaultLauncher.java:85) ~[junit-platform-launcher-1.10.2.jar:1.10.2]
	at org.junit.platform.launcher.core.DelegatingLauncher.execute(DelegatingLauncher.java:47) ~[junit-platform-launcher-1.10.2.jar:1.10.2]
	at org.apache.maven.surefire.junitplatform.LazyLauncher.execute(LazyLauncher.java:56) ~[surefire-junit-platform-3.2.5.jar:3.2.5]
	at org.apache.maven.surefire.junitplatform.JUnitPlatformProvider.execute(JUnitPlatformProvider.java:184) ~[surefire-junit-platform-3.2.5.jar:3.2.5]
	at org.apache.maven.surefire.junitplatform.JUnitPlatformProvider.invokeAllTests(JUnitPlatformProvider.java:148) ~[surefire-junit-platform-3.2.5.jar:3.2.5]
	at org.apache.maven.surefire.junitplatform.JUnitPlatformProvider.invoke(JUnitPlatformProvider.java:122) ~[surefire-junit-platform-3.2.5.jar:3.2.5]
	at org.apache.maven.surefire.booter.ForkedBooter.runSuitesInProcess(ForkedBooter.java:385) ~[surefire-booter-3.2.5.jar:3.2.5]
	at org.apache.maven.surefire.booter.ForkedBooter.execute(ForkedBooter.java:162) ~[surefire-booter-3.2.5.jar:3.2.5]
	at org.apache.maven.surefire.booter.ForkedBooter.run(ForkedBooter.java:507) ~[surefire-booter-3.2.5.jar:3.2.5]
	at org.apache.maven.surefire.booter.ForkedBooter.main(ForkedBooter.java:495) ~[surefire-booter-3.2.5.jar:3.2.5]
Caused by: java.nio.channels.ClosedChannelException: null
	at java.base/sun.nio.ch.WindowsAsynchronousFileChannelImpl.implRead(WindowsAsynchronousFileChannelImpl.java:521) ~[na:na]
	at java.base/sun.nio.ch.AsynchronousFileChannelImpl.read(AsynchronousFileChannelImpl.java:229) ~[na:na]
	at com.github.dockerjava.transport.NamedPipeSocket$AsynchronousFileByteChannel.read(NamedPipeSocket.java:117) ~[docker-java-transport-3.3.6.jar:na]
	at java.base/java.nio.channels.Channels$1.read(Channels.java:164) ~[na:na]
	... 83 common frames omitted

2024-06-12T14:28:41.505+03:00  INFO 12012 --- [URL Shortener] [           main] tc.postgres:latest                       : Container postgres:latest started in PT1.327082S
2024-06-12T14:28:41.505+03:00  INFO 12012 --- [URL Shortener] [           main] tc.postgres:latest                       : Container is started (JDBC URL: jdbc:postgresql://localhost:51223/testdb?loggerLevel=OFF)
2024-06-12T14:28:41.507+03:00 DEBUG 12012 --- [URL Shortener] [           main] o.t.s.c.g.d.core.command.AbstrDockerCmd  : Cmd: 128f22c426d45daca997e33ea9c3b62928a65a0f376c96d80573176364685d48,false
2024-06-12T14:28:41.508+03:00 DEBUG 12012 --- [URL Shortener] [           main] o.t.s.c.g.d.c.e.InspectContainerCmdExec  : GET: DefaultWebTarget{path=[/containers/128f22c426d45daca997e33ea9c3b62928a65a0f376c96d80573176364685d48/json], queryParams={}}
2024-06-12T14:28:41.508+03:00 DEBUG 12012 --- [URL Shortener] [           main] g.d.z.s.o.a.h.c.h.i.c.InternalHttpClient : ex-0000004C: preparing request execution
2024-06-12T14:28:41.508+03:00 DEBUG 12012 --- [URL Shortener] [           main] c.g.d.z.s.o.a.h.c.h.p.RequestAddCookies  : Cookie spec selected: strict
2024-06-12T14:28:41.508+03:00 DEBUG 12012 --- [URL Shortener] [           main] c.g.d.z.s.o.a.h.c.h.p.RequestAuthCache   : Auth cache not set in the context
2024-06-12T14:28:41.508+03:00 DEBUG 12012 --- [URL Shortener] [           main] c.g.d.z.s.o.a.h.c.h.i.c.ProtocolExec     : ex-0000004C: target auth state: UNCHALLENGED
2024-06-12T14:28:41.508+03:00 DEBUG 12012 --- [URL Shortener] [           main] c.g.d.z.s.o.a.h.c.h.i.c.ProtocolExec     : ex-0000004C: proxy auth state: UNCHALLENGED
2024-06-12T14:28:41.508+03:00 DEBUG 12012 --- [URL Shortener] [           main] c.g.d.z.s.o.a.h.c.h.i.c.ConnectExec      : ex-0000004C: acquiring connection with route {}->npipe://localhost:2375
2024-06-12T14:28:41.508+03:00 DEBUG 12012 --- [URL Shortener] [           main] g.d.z.s.o.a.h.c.h.i.c.InternalHttpClient : ex-0000004C: acquiring endpoint (3 MINUTES)
2024-06-12T14:28:41.508+03:00 DEBUG 12012 --- [URL Shortener] [           main] h.i.i.PoolingHttpClientConnectionManager : ex-0000004C: endpoint lease request (3 MINUTES) [route: {}->npipe://localhost:2375][total available: 0; route allocated: 0 of 2147483647; total allocated: 0 of 2147483647]
2024-06-12T14:28:41.508+03:00 DEBUG 12012 --- [URL Shortener] [           main] h.i.i.PoolingHttpClientConnectionManager : ex-0000004C: endpoint leased [route: {}->npipe://localhost:2375][total available: 0; route allocated: 1 of 2147483647; total allocated: 1 of 2147483647]
2024-06-12T14:28:41.508+03:00 DEBUG 12012 --- [URL Shortener] [           main] h.i.i.PoolingHttpClientConnectionManager : ex-0000004C: acquired ep-0000004B
2024-06-12T14:28:41.508+03:00 DEBUG 12012 --- [URL Shortener] [           main] g.d.z.s.o.a.h.c.h.i.c.InternalHttpClient : ex-0000004C: acquired endpoint ep-0000004B
2024-06-12T14:28:41.508+03:00 DEBUG 12012 --- [URL Shortener] [           main] c.g.d.z.s.o.a.h.c.h.i.c.ConnectExec      : ex-0000004C: opening connection {}->npipe://localhost:2375
2024-06-12T14:28:41.508+03:00 DEBUG 12012 --- [URL Shortener] [           main] g.d.z.s.o.a.h.c.h.i.c.InternalHttpClient : ep-0000004B: connecting endpoint (3 MINUTES)
2024-06-12T14:28:41.508+03:00 DEBUG 12012 --- [URL Shortener] [           main] h.i.i.PoolingHttpClientConnectionManager : ep-0000004B: connecting endpoint to npipe://localhost:2375 (3 MINUTES)
2024-06-12T14:28:41.508+03:00 DEBUG 12012 --- [URL Shortener] [           main] .i.i.DefaultHttpClientConnectionOperator : http-outgoing-8: connecting to localhost/127.0.0.1:2375
2024-06-12T14:28:41.508+03:00 DEBUG 12012 --- [URL Shortener] [           main] .i.i.DefaultHttpClientConnectionOperator : http-outgoing-8: connection established 
2024-06-12T14:28:41.508+03:00 DEBUG 12012 --- [URL Shortener] [           main] h.i.i.PoolingHttpClientConnectionManager : ep-0000004B: connected http-outgoing-8
2024-06-12T14:28:41.508+03:00 DEBUG 12012 --- [URL Shortener] [           main] g.d.z.s.o.a.h.c.h.i.c.InternalHttpClient : ep-0000004B: endpoint connected
2024-06-12T14:28:41.508+03:00 DEBUG 12012 --- [URL Shortener] [           main] c.g.d.z.s.o.a.h.c.h.i.c.MainClientExec   : ex-0000004C: executing GET /v1.32/containers/128f22c426d45daca997e33ea9c3b62928a65a0f376c96d80573176364685d48/json HTTP/1.1
2024-06-12T14:28:41.509+03:00 DEBUG 12012 --- [URL Shortener] [           main] g.d.z.s.o.a.h.c.h.i.c.InternalHttpClient : ep-0000004B: start execution ex-0000004C
2024-06-12T14:28:41.509+03:00 DEBUG 12012 --- [URL Shortener] [           main] h.i.i.PoolingHttpClientConnectionManager : ep-0000004B: executing exchange ex-0000004C over http-outgoing-8
2024-06-12T14:28:41.509+03:00 DEBUG 12012 --- [URL Shortener] [           main] c.g.d.z.s.o.a.hc.client5.http.headers    : http-outgoing-8 >> GET /v1.32/containers/128f22c426d45daca997e33ea9c3b62928a65a0f376c96d80573176364685d48/json HTTP/1.1
2024-06-12T14:28:41.509+03:00 DEBUG 12012 --- [URL Shortener] [           main] c.g.d.z.s.o.a.hc.client5.http.headers    : http-outgoing-8 >> accept: application/json
2024-06-12T14:28:41.509+03:00 DEBUG 12012 --- [URL Shortener] [           main] c.g.d.z.s.o.a.hc.client5.http.headers    : http-outgoing-8 >> x-tc-sid: 7171fa07-21e4-4858-9670-1c8520dc0b21
2024-06-12T14:28:41.509+03:00 DEBUG 12012 --- [URL Shortener] [           main] c.g.d.z.s.o.a.hc.client5.http.headers    : http-outgoing-8 >> User-Agent: tc-java/1.19.8
2024-06-12T14:28:41.509+03:00 DEBUG 12012 --- [URL Shortener] [           main] c.g.d.z.s.o.a.hc.client5.http.headers    : http-outgoing-8 >> Accept-Encoding: gzip, x-gzip, deflate
2024-06-12T14:28:41.509+03:00 DEBUG 12012 --- [URL Shortener] [           main] c.g.d.z.s.o.a.hc.client5.http.headers    : http-outgoing-8 >> Host: localhost:2375
2024-06-12T14:28:41.509+03:00 DEBUG 12012 --- [URL Shortener] [           main] c.g.d.z.s.o.a.hc.client5.http.headers    : http-outgoing-8 >> Connection: keep-alive
2024-06-12T14:28:41.509+03:00 DEBUG 12012 --- [URL Shortener] [           main] c.g.d.z.s.o.apache.hc.client5.http.wire  : http-outgoing-8 >> "GET /v1.32/containers/128f22c426d45daca997e33ea9c3b62928a65a0f376c96d80573176364685d48/json HTTP/1.1[\r][\n]"
2024-06-12T14:28:41.509+03:00 DEBUG 12012 --- [URL Shortener] [           main] c.g.d.z.s.o.apache.hc.client5.http.wire  : http-outgoing-8 >> "accept: application/json[\r][\n]"
2024-06-12T14:28:41.509+03:00 DEBUG 12012 --- [URL Shortener] [           main] c.g.d.z.s.o.apache.hc.client5.http.wire  : http-outgoing-8 >> "x-tc-sid: 7171fa07-21e4-4858-9670-1c8520dc0b21[\r][\n]"
2024-06-12T14:28:41.509+03:00 DEBUG 12012 --- [URL Shortener] [           main] c.g.d.z.s.o.apache.hc.client5.http.wire  : http-outgoing-8 >> "User-Agent: tc-java/1.19.8[\r][\n]"
2024-06-12T14:28:41.509+03:00 DEBUG 12012 --- [URL Shortener] [           main] c.g.d.z.s.o.apache.hc.client5.http.wire  : http-outgoing-8 >> "Accept-Encoding: gzip, x-gzip, deflate[\r][\n]"
2024-06-12T14:28:41.509+03:00 DEBUG 12012 --- [URL Shortener] [           main] c.g.d.z.s.o.apache.hc.client5.http.wire  : http-outgoing-8 >> "Host: localhost:2375[\r][\n]"
2024-06-12T14:28:41.509+03:00 DEBUG 12012 --- [URL Shortener] [           main] c.g.d.z.s.o.apache.hc.client5.http.wire  : http-outgoing-8 >> "Connection: keep-alive[\r][\n]"
2024-06-12T14:28:41.509+03:00 DEBUG 12012 --- [URL Shortener] [           main] c.g.d.z.s.o.apache.hc.client5.http.wire  : http-outgoing-8 >> "[\r][\n]"
2024-06-12T14:28:41.514+03:00 DEBUG 12012 --- [URL Shortener] [           main] c.g.d.z.s.o.apache.hc.client5.http.wire  : http-outgoing-8 << "HTTP/1.1 200 OK[\r][\n]"
2024-06-12T14:28:41.514+03:00 DEBUG 12012 --- [URL Shortener] [           main] c.g.d.z.s.o.apache.hc.client5.http.wire  : http-outgoing-8 << "Api-Version: 1.43[\r][\n]"
2024-06-12T14:28:41.514+03:00 DEBUG 12012 --- [URL Shortener] [           main] c.g.d.z.s.o.apache.hc.client5.http.wire  : http-outgoing-8 << "Content-Type: application/json[\r][\n]"
2024-06-12T14:28:41.514+03:00 DEBUG 12012 --- [URL Shortener] [           main] c.g.d.z.s.o.apache.hc.client5.http.wire  : http-outgoing-8 << "Date: Wed, 12 Jun 2024 11:28:41 GMT[\r][\n]"
2024-06-12T14:28:41.514+03:00 DEBUG 12012 --- [URL Shortener] [           main] c.g.d.z.s.o.apache.hc.client5.http.wire  : http-outgoing-8 << "Docker-Experimental: false[\r][\n]"
2024-06-12T14:28:41.514+03:00 DEBUG 12012 --- [URL Shortener] [           main] c.g.d.z.s.o.apache.hc.client5.http.wire  : http-outgoing-8 << "Ostype: linux[\r][\n]"
2024-06-12T14:28:41.514+03:00 DEBUG 12012 --- [URL Shortener] [           main] c.g.d.z.s.o.apache.hc.client5.http.wire  : http-outgoing-8 << "Server: Docker/24.0.7 (linux)[\r][\n]"
2024-06-12T14:28:41.514+03:00 DEBUG 12012 --- [URL Shortener] [           main] c.g.d.z.s.o.apache.hc.client5.http.wire  : http-outgoing-8 << "Transfer-Encoding: chunked[\r][\n]"
2024-06-12T14:28:41.514+03:00 DEBUG 12012 --- [URL Shortener] [           main] c.g.d.z.s.o.apache.hc.client5.http.wire  : http-outgoing-8 << "[\r][\n]"
2024-06-12T14:28:41.514+03:00 DEBUG 12012 --- [URL Shortener] [           main] c.g.d.z.s.o.a.hc.client5.http.headers    : http-outgoing-8 << HTTP/1.1 200 OK
2024-06-12T14:28:41.514+03:00 DEBUG 12012 --- [URL Shortener] [           main] c.g.d.z.s.o.a.hc.client5.http.headers    : http-outgoing-8 << Api-Version: 1.43
2024-06-12T14:28:41.514+03:00 DEBUG 12012 --- [URL Shortener] [           main] c.g.d.z.s.o.a.hc.client5.http.headers    : http-outgoing-8 << Content-Type: application/json
2024-06-12T14:28:41.514+03:00 DEBUG 12012 --- [URL Shortener] [           main] c.g.d.z.s.o.a.hc.client5.http.headers    : http-outgoing-8 << Date: Wed, 12 Jun 2024 11:28:41 GMT
2024-06-12T14:28:41.514+03:00 DEBUG 12012 --- [URL Shortener] [           main] c.g.d.z.s.o.a.hc.client5.http.headers    : http-outgoing-8 << Docker-Experimental: false
2024-06-12T14:28:41.514+03:00 DEBUG 12012 --- [URL Shortener] [           main] c.g.d.z.s.o.a.hc.client5.http.headers    : http-outgoing-8 << Ostype: linux
2024-06-12T14:28:41.514+03:00 DEBUG 12012 --- [URL Shortener] [           main] c.g.d.z.s.o.a.hc.client5.http.headers    : http-outgoing-8 << Server: Docker/24.0.7 (linux)
2024-06-12T14:28:41.514+03:00 DEBUG 12012 --- [URL Shortener] [           main] c.g.d.z.s.o.a.hc.client5.http.headers    : http-outgoing-8 << Transfer-Encoding: chunked
2024-06-12T14:28:41.514+03:00 DEBUG 12012 --- [URL Shortener] [           main] c.g.d.z.s.o.a.h.c.h.i.c.MainClientExec   : ex-0000004C: connection can be kept alive for 3 MINUTES
2024-06-12T14:28:41.515+03:00 DEBUG 12012 --- [URL Shortener] [           main] c.g.d.z.s.o.apache.hc.client5.http.wire  : http-outgoing-8 << "1a2c[\r][\n]"
2024-06-12T14:28:41.515+03:00 DEBUG 12012 --- [URL Shortener] [           main] c.g.d.z.s.o.apache.hc.client5.http.wire  : http-outgoing-8 << "{"Id":"128f22c426d45daca997e33ea9c3b62928a65a0f376c96d80573176364685d48","Created":"2024-06-12T11:28:40.186690474Z","Path":"docker-entrypoint.sh","Args":["postgres","-c","fsync=off"],"State":{"Status":"running","Running":true,"Paused":false,"Restarting":false,"OOMKilled":false,"Dead":false,"Pid":3409,"ExitCode":0,"Error":"","StartedAt":"2024-06-12T11:28:40.537033968Z","FinishedAt":"0001-01-01T00:00:00Z"},"Image":"sha256:cff6b68a194a672fd337d8728bfb252071012cce6f0f2ed760988f7bc63a89d2","ResolvConfPath":"/var/lib/docker/containers/128f22c426d45daca997e33ea9c3b62928a65a0f376c96d80573176364685d48/resolv.conf","HostnamePath":"/var/lib/docker/containers/128f22c426d45daca997e33ea9c3b62928a65a0f376c96d80573176364685d48/hostname","HostsPath":"/var/lib/docker/containers/128f22c426d45daca997e33ea9c3b62928a65a0f376c96d80573176364685d48/hosts","LogPath":"/var/lib/docker/containers/128f22c426d45daca997e33ea9c3b62928a65a0f376c96d80573176364685d48/128f22c426d45daca997e33ea9c3b62928a65a0f376c96d80573176364685d48-json.log","Name":"/modest_johnson","RestartCount":0,"Driver":"overlay2","Platform":"linux","MountLabel":"","ProcessLabel":"","AppArmorProfile":"","ExecIDs":null,"HostConfig":{"Binds":[],"ContainerIDFile":"","LogConfig":{"Type":"json-file","Config":{}},"NetworkMode":"default","PortBindings":{"5432/tcp":[{"HostIp":"0.0.0.0","HostPort":"0"}]},"RestartPolicy":{"Name":"","MaximumRetryCount":0},"AutoRemove":false,"VolumeDriver":"","VolumesFrom":[],"ConsoleSize":[0,0],"CapAdd":null,"CapDrop":null,"CgroupnsMode":"host","Dns":null,"DnsOptions":null,"DnsSearch":null,"ExtraHosts":[],"GroupAdd":null,"IpcMode":"shareable","Cgroup":"","Links":null,"OomScoreAdj":0,"PidMode":"","Privileged":false,"PublishAllPorts":false,"ReadonlyRootfs":false,"SecurityOpt":null,"UTSMode":"","UsernsMode":"","ShmSize":67108864,"Runtime":"runc","Isolation":"","CpuShares":0,"Memory":0,"NanoCpus":0,"CgroupParent":"","BlkioWeight":0,"BlkioWeightDevice":null,"BlkioDeviceReadBps":null,"BlkioDeviceWriteBps":null,"BlkioDeviceReadIOps":null,"BlkioDeviceWriteIOps":null,"CpuPeriod":0,"CpuQuota":0,"CpuRealtimePeriod":0,"CpuRealtimeRuntime":0,"CpusetCpus":"","CpusetMems":"","Devices":null,"DeviceCgroupRules":null,"DeviceRequests":null,"MemoryReservation":0,"MemorySwap":0,"MemorySwappiness":null,"OomKillDisable":false,"PidsLimit":null,"Ulimits":null,"CpuCount":0,"CpuPercent":0,"IOMaximumIOps":0,"IOMaximumBandwidth":0,"MaskedPaths":["/proc/asound","/proc/acpi","/proc/kcore","/proc/keys","/proc/latency_stats","/proc/timer_list","/proc/timer_stats","/proc/sched_debug","/proc/scsi","/sys/firmware","/sys/devices/virtual/powercap"],"ReadonlyPaths":["/proc/bus","/proc/fs","/proc/irq","/proc/sys","/proc/sysrq-trigger"]},"GraphDriver":{"Data":{"LowerDir":"/var/lib/docker/overlay2/09d2f644372b27643cf8b079912aca7e0472a8edec5ca8564974e7e631a78aa9-init/diff:/var/lib/docker/overlay2/db451d0433a46fa45e17cc0eae406c512a577a19aed597a6dcd152aa60abc9db/diff:/var/lib/docker/overlay2/2cbe3a1a11481afc7adee257a96fbd885a65a5a6b7f47a4b9e39ab13d617ed9f/diff:/var/lib/docker/overlay2/34f0f2835c7fab192b0a09fbaa35e3fde336f3a21db4d551ecb5744f35f022d8/diff:/var/lib/docker/overlay2/91c1ab49fbf459c6ac614f4f21e302f21d4a65eae0c0df9e5fd257fec8b8dac7/diff:/var/lib/docker/overlay2/c047fdb7a36e3127654f971b9e00f52a192b9425d14315e2be62531cbf859c1c/diff:/var/lib/docker/overlay2/f17ff6a2434319a3d0da9c06f159a651e34677f6555cedd9fa5cd4a243a4cf00/diff:/var/lib/docker/overlay2/d3896bdbfb55d53cc96483830bf86d746e709698c5870461b76a606235034e2c/diff:/var/lib/docker/overlay2/17bbcad0aa3d49db9143caa84bf36ac80a1e2abb4465494be53788fdf15136bc/diff:/var/lib/docker/overlay2/d3ba0002826ba8dc8a50ec5b5f40f8eeecc49aed69b7e4852b2c17d4e3bc7673/diff:/var/lib/docker/overlay2/b025c0d3f178bdae3585ff4493fb402ddac780bb0dc86a6e2a4bd16fd5df4fd0/diff:/var/lib/docker/overlay2/b34b03430c91db007405bdcdabdee4d661413c4a546d47aa4933ae256c8c1f83/diff:/var/lib/docker/overlay2/d4b461868c979b00a1a4f4e75535982f2a3b2f76c5b58eae99e5b0523fc10465/diff:/var/lib/docker/overlay2/a2edc56609840a14728ce10afbb50ca5b6a9dcfe1138d7a04954c1b2dfcd9724/diff:/var/lib/docker/"
2024-06-12T14:28:41.516+03:00 DEBUG 12012 --- [URL Shortener] [           main] c.g.d.z.s.o.apache.hc.client5.http.wire  : http-outgoing-8 << "overlay2/1d7e1c282144b7b877f2e2cfc223d536f406a3e5cf43804aff3d6b54f674eee8/diff","MergedDir":"/var/lib/docker/overlay2/09d2f644372b27643cf8b079912aca7e0472a8edec5ca8564974e7e631a78aa9/merged","UpperDir":"/var/lib/docker/overlay2/09d2f644372b27643cf8b079912aca7e0472a8edec5ca8564974e7e631a78aa9/diff","WorkDir":"/var/lib/docker/overlay2/09d2f644372b27643cf8b079912aca7e0472a8edec5ca8564974e7e631a78aa9/work"},"Name":"overlay2"},"Mounts":[{"Type":"volume","Name":"3574d884f9867df1ecd8662dc91d29b5afce1c0f6fab5317226e9473e9b116ee","Source":"/var/lib/docker/volumes/3574d884f9867df1ecd8662dc91d29b5afce1c0f6fab5317226e9473e9b116ee/_data","Destination":"/var/lib/postgresql/data","Driver":"local","Mode":"","RW":true,"Propagation":""}],"Config":{"Hostname":"128f22c426d4","Domainname":"","User":"","AttachStdin":false,"AttachStdout":false,"AttachStderr":false,"ExposedPorts":{"5432/tcp":{}},"Tty":false,"OpenStdin":false,"StdinOnce":false,"Env":["POSTGRES_USER=testuser","POSTGRES_PASSWORD=testpass","POSTGRES_DB=testdb","PATH=/usr/local/sbin:/usr/local/bin:/usr/sbin:/usr/bin:/sbin:/bin:/usr/lib/postgresql/16/bin","GOSU_VERSION=1.17","LANG=en_US.utf8","PG_MAJOR=16","PG_VERSION=16.3-1.pgdg120+1","PGDATA=/var/lib/postgresql/data"],"Cmd":["postgres","-c","fsync=off"],"Image":"postgres:latest","Volumes":{"/var/lib/postgresql/data":{}},"WorkingDir":"","Entrypoint":["docker-entrypoint.sh"],"OnBuild":null,"Labels":{"org.testcontainers":"true","org.testcontainers.lang":"java","org.testcontainers.sessionId":"7171fa07-21e4-4858-9670-1c8520dc0b21","org.testcontainers.version":"1.19.8"},"StopSignal":"SIGINT"},"NetworkSettings":{"Bridge":"","SandboxID":"29659b64971e03fad57c28c696096d3dec7d03cb77c8938c82e82e8c98523aab","HairpinMode":false,"LinkLocalIPv6Address":"","LinkLocalIPv6PrefixLen":0,"Ports":{"5432/tcp":[{"HostIp":"0.0.0.0","HostPort":"51223"}]},"SandboxKey":"/var/run/docker/netns/29659b64971e","SecondaryIPAddresses":null,"SecondaryIPv6Addresses":null,"EndpointID":"3210ff9161a13cd60610d55d12bfbb5f8c81a8ab6235076e8910c40ca6b31b4f","Gateway":"172.17.0.1","GlobalIPv6Address":"","GlobalIPv6PrefixLen":0,"IPAddress":"172.17.0.3","IPPrefixLen":16,"IPv6Gateway":"","MacAddress":"02:42:ac:11:00:03","Networks":{"bridge":{"IPAMConfig":null,"Links":null,"Aliases":null,"MacAddress":"02:42:ac:11:00:03","NetworkID":"9daa7fca6b6cbb5c2be934cabaa56953e265b86a191774f7c7502906e8f1d0b7","EndpointID":"3210ff9161a13cd60610d55d12bfbb5f8c81a8ab6235076e8910c40ca6b31b4f","Gateway":"172.17.0.1","IPAddress":"172.17.0.3","IPPrefixLen":16,"IPv6Gateway":"","GlobalIPv6Address":"","GlobalIPv6PrefixLen":0,"DriverOpts":null}}}}[\n]"
2024-06-12T14:28:41.516+03:00 DEBUG 12012 --- [URL Shortener] [           main] c.g.d.z.s.o.apache.hc.client5.http.wire  : http-outgoing-8 << "[\r][\n]"
2024-06-12T14:28:41.517+03:00 DEBUG 12012 --- [URL Shortener] [           main] c.g.d.z.s.o.apache.hc.client5.http.wire  : http-outgoing-8 << "0[\r][\n]"
2024-06-12T14:28:41.517+03:00 DEBUG 12012 --- [URL Shortener] [           main] c.g.d.z.s.o.apache.hc.client5.http.wire  : http-outgoing-8 << "[\r][\n]"
2024-06-12T14:28:41.517+03:00 DEBUG 12012 --- [URL Shortener] [           main] g.d.z.s.o.a.h.c.h.i.c.InternalHttpClient : ep-0000004B: releasing valid endpoint
2024-06-12T14:28:41.517+03:00 DEBUG 12012 --- [URL Shortener] [           main] h.i.i.PoolingHttpClientConnectionManager : ep-0000004B: releasing endpoint
2024-06-12T14:28:41.517+03:00 DEBUG 12012 --- [URL Shortener] [           main] h.i.i.PoolingHttpClientConnectionManager : ep-0000004B: connection http-outgoing-8 can be kept alive for 3 MINUTES
2024-06-12T14:28:41.517+03:00 DEBUG 12012 --- [URL Shortener] [           main] h.i.i.PoolingHttpClientConnectionManager : ep-0000004B: connection released [route: {}->npipe://localhost:2375][total available: 1; route allocated: 1 of 2147483647; total allocated: 1 of 2147483647]
2024-06-12T14:28:41.517+03:00 DEBUG 12012 --- [URL Shortener] [           main] o.t.s.c.g.d.core.command.AbstrDockerCmd  : Cmd: 128f22c426d45daca997e33ea9c3b62928a65a0f376c96d80573176364685d48,<null>
2024-06-12T14:28:41.517+03:00 DEBUG 12012 --- [URL Shortener] [           main] g.d.z.s.o.a.h.c.h.i.c.InternalHttpClient : ex-0000004D: preparing request execution
2024-06-12T14:28:41.518+03:00 DEBUG 12012 --- [URL Shortener] [           main] c.g.d.z.s.o.a.h.c.h.p.RequestAddCookies  : Cookie spec selected: strict
2024-06-12T14:28:41.518+03:00 DEBUG 12012 --- [URL Shortener] [           main] c.g.d.z.s.o.a.h.c.h.p.RequestAuthCache   : Auth cache not set in the context
2024-06-12T14:28:41.518+03:00 DEBUG 12012 --- [URL Shortener] [           main] c.g.d.z.s.o.a.h.c.h.i.c.ProtocolExec     : ex-0000004D: target auth state: UNCHALLENGED
2024-06-12T14:28:41.518+03:00 DEBUG 12012 --- [URL Shortener] [           main] c.g.d.z.s.o.a.h.c.h.i.c.ProtocolExec     : ex-0000004D: proxy auth state: UNCHALLENGED
2024-06-12T14:28:41.518+03:00 DEBUG 12012 --- [URL Shortener] [           main] c.g.d.z.s.o.a.h.c.h.i.c.ConnectExec      : ex-0000004D: acquiring connection with route {}->npipe://localhost:2375
2024-06-12T14:28:41.518+03:00 DEBUG 12012 --- [URL Shortener] [           main] g.d.z.s.o.a.h.c.h.i.c.InternalHttpClient : ex-0000004D: acquiring endpoint (3 MINUTES)
2024-06-12T14:28:41.518+03:00 DEBUG 12012 --- [URL Shortener] [           main] h.i.i.PoolingHttpClientConnectionManager : ex-0000004D: endpoint lease request (3 MINUTES) [route: {}->npipe://localhost:2375][total available: 1; route allocated: 1 of 2147483647; total allocated: 1 of 2147483647]
2024-06-12T14:28:41.518+03:00 DEBUG 12012 --- [URL Shortener] [           main] h.i.i.PoolingHttpClientConnectionManager : ex-0000004D: endpoint leased [route: {}->npipe://localhost:2375][total available: 0; route allocated: 1 of 2147483647; total allocated: 1 of 2147483647]
2024-06-12T14:28:41.518+03:00 DEBUG 12012 --- [URL Shortener] [           main] h.i.i.PoolingHttpClientConnectionManager : ex-0000004D: acquired ep-0000004C
2024-06-12T14:28:41.518+03:00 DEBUG 12012 --- [URL Shortener] [           main] g.d.z.s.o.a.h.c.h.i.c.InternalHttpClient : ex-0000004D: acquired endpoint ep-0000004C
2024-06-12T14:28:41.518+03:00 DEBUG 12012 --- [URL Shortener] [           main] c.g.d.z.s.o.a.h.c.h.i.c.MainClientExec   : ex-0000004D: executing POST /v1.32/containers/128f22c426d45daca997e33ea9c3b62928a65a0f376c96d80573176364685d48/kill HTTP/1.1
2024-06-12T14:28:41.518+03:00 DEBUG 12012 --- [URL Shortener] [           main] g.d.z.s.o.a.h.c.h.i.c.InternalHttpClient : ep-0000004C: start execution ex-0000004D
2024-06-12T14:28:41.518+03:00 DEBUG 12012 --- [URL Shortener] [           main] h.i.i.PoolingHttpClientConnectionManager : ep-0000004C: executing exchange ex-0000004D over http-outgoing-8
2024-06-12T14:28:41.518+03:00 DEBUG 12012 --- [URL Shortener] [           main] c.g.d.z.s.o.a.hc.client5.http.headers    : http-outgoing-8 >> POST /v1.32/containers/128f22c426d45daca997e33ea9c3b62928a65a0f376c96d80573176364685d48/kill HTTP/1.1
2024-06-12T14:28:41.518+03:00 DEBUG 12012 --- [URL Shortener] [           main] c.g.d.z.s.o.a.hc.client5.http.headers    : http-outgoing-8 >> accept: application/json
2024-06-12T14:28:41.518+03:00 DEBUG 12012 --- [URL Shortener] [           main] c.g.d.z.s.o.a.hc.client5.http.headers    : http-outgoing-8 >> content-type: application/json
2024-06-12T14:28:41.518+03:00 DEBUG 12012 --- [URL Shortener] [           main] c.g.d.z.s.o.a.hc.client5.http.headers    : http-outgoing-8 >> x-tc-sid: 7171fa07-21e4-4858-9670-1c8520dc0b21
2024-06-12T14:28:41.518+03:00 DEBUG 12012 --- [URL Shortener] [           main] c.g.d.z.s.o.a.hc.client5.http.headers    : http-outgoing-8 >> User-Agent: tc-java/1.19.8
2024-06-12T14:28:41.518+03:00 DEBUG 12012 --- [URL Shortener] [           main] c.g.d.z.s.o.a.hc.client5.http.headers    : http-outgoing-8 >> Accept-Encoding: gzip, x-gzip, deflate
2024-06-12T14:28:41.518+03:00 DEBUG 12012 --- [URL Shortener] [           main] c.g.d.z.s.o.a.hc.client5.http.headers    : http-outgoing-8 >> Host: localhost:2375
2024-06-12T14:28:41.518+03:00 DEBUG 12012 --- [URL Shortener] [           main] c.g.d.z.s.o.a.hc.client5.http.headers    : http-outgoing-8 >> Connection: keep-alive
2024-06-12T14:28:41.518+03:00 DEBUG 12012 --- [URL Shortener] [           main] c.g.d.z.s.o.apache.hc.client5.http.wire  : http-outgoing-8 >> "POST /v1.32/containers/128f22c426d45daca997e33ea9c3b62928a65a0f376c96d80573176364685d48/kill HTTP/1.1[\r][\n]"
2024-06-12T14:28:41.518+03:00 DEBUG 12012 --- [URL Shortener] [           main] c.g.d.z.s.o.apache.hc.client5.http.wire  : http-outgoing-8 >> "accept: application/json[\r][\n]"
2024-06-12T14:28:41.518+03:00 DEBUG 12012 --- [URL Shortener] [           main] c.g.d.z.s.o.apache.hc.client5.http.wire  : http-outgoing-8 >> "content-type: application/json[\r][\n]"
2024-06-12T14:28:41.518+03:00 DEBUG 12012 --- [URL Shortener] [           main] c.g.d.z.s.o.apache.hc.client5.http.wire  : http-outgoing-8 >> "x-tc-sid: 7171fa07-21e4-4858-9670-1c8520dc0b21[\r][\n]"
2024-06-12T14:28:41.518+03:00 DEBUG 12012 --- [URL Shortener] [           main] c.g.d.z.s.o.apache.hc.client5.http.wire  : http-outgoing-8 >> "User-Agent: tc-java/1.19.8[\r][\n]"
2024-06-12T14:28:41.518+03:00 DEBUG 12012 --- [URL Shortener] [           main] c.g.d.z.s.o.apache.hc.client5.http.wire  : http-outgoing-8 >> "Accept-Encoding: gzip, x-gzip, deflate[\r][\n]"
2024-06-12T14:28:41.518+03:00 DEBUG 12012 --- [URL Shortener] [           main] c.g.d.z.s.o.apache.hc.client5.http.wire  : http-outgoing-8 >> "Host: localhost:2375[\r][\n]"
2024-06-12T14:28:41.518+03:00 DEBUG 12012 --- [URL Shortener] [           main] c.g.d.z.s.o.apache.hc.client5.http.wire  : http-outgoing-8 >> "Connection: keep-alive[\r][\n]"
2024-06-12T14:28:41.518+03:00 DEBUG 12012 --- [URL Shortener] [           main] c.g.d.z.s.o.apache.hc.client5.http.wire  : http-outgoing-8 >> "[\r][\n]"
2024-06-12T14:28:41.932+03:00 DEBUG 12012 --- [URL Shortener] [           main] c.g.d.z.s.o.apache.hc.client5.http.wire  : http-outgoing-8 << "HTTP/1.1 204 No Content[\r][\n]"
2024-06-12T14:28:41.932+03:00 DEBUG 12012 --- [URL Shortener] [           main] c.g.d.z.s.o.apache.hc.client5.http.wire  : http-outgoing-8 << "Api-Version: 1.43[\r][\n]"
2024-06-12T14:28:41.932+03:00 DEBUG 12012 --- [URL Shortener] [           main] c.g.d.z.s.o.apache.hc.client5.http.wire  : http-outgoing-8 << "Date: Wed, 12 Jun 2024 11:28:41 GMT[\r][\n]"
2024-06-12T14:28:41.932+03:00 DEBUG 12012 --- [URL Shortener] [           main] c.g.d.z.s.o.apache.hc.client5.http.wire  : http-outgoing-8 << "Docker-Experimental: false[\r][\n]"
2024-06-12T14:28:41.932+03:00 DEBUG 12012 --- [URL Shortener] [           main] c.g.d.z.s.o.apache.hc.client5.http.wire  : http-outgoing-8 << "Ostype: linux[\r][\n]"
2024-06-12T14:28:41.932+03:00 DEBUG 12012 --- [URL Shortener] [           main] c.g.d.z.s.o.apache.hc.client5.http.wire  : http-outgoing-8 << "Server: Docker/24.0.7 (linux)[\r][\n]"
2024-06-12T14:28:41.932+03:00 DEBUG 12012 --- [URL Shortener] [           main] c.g.d.z.s.o.apache.hc.client5.http.wire  : http-outgoing-8 << "[\r][\n]"
2024-06-12T14:28:41.932+03:00 DEBUG 12012 --- [URL Shortener] [           main] c.g.d.z.s.o.a.hc.client5.http.headers    : http-outgoing-8 << HTTP/1.1 204 No Content
2024-06-12T14:28:41.932+03:00 DEBUG 12012 --- [URL Shortener] [           main] c.g.d.z.s.o.a.hc.client5.http.headers    : http-outgoing-8 << Api-Version: 1.43
2024-06-12T14:28:41.932+03:00 DEBUG 12012 --- [URL Shortener] [           main] c.g.d.z.s.o.a.hc.client5.http.headers    : http-outgoing-8 << Date: Wed, 12 Jun 2024 11:28:41 GMT
2024-06-12T14:28:41.932+03:00 DEBUG 12012 --- [URL Shortener] [           main] c.g.d.z.s.o.a.hc.client5.http.headers    : http-outgoing-8 << Docker-Experimental: false
2024-06-12T14:28:41.932+03:00 DEBUG 12012 --- [URL Shortener] [           main] c.g.d.z.s.o.a.hc.client5.http.headers    : http-outgoing-8 << Ostype: linux
2024-06-12T14:28:41.932+03:00 DEBUG 12012 --- [URL Shortener] [           main] c.g.d.z.s.o.a.hc.client5.http.headers    : http-outgoing-8 << Server: Docker/24.0.7 (linux)
2024-06-12T14:28:41.932+03:00 DEBUG 12012 --- [URL Shortener] [           main] c.g.d.z.s.o.a.h.c.h.i.c.MainClientExec   : ex-0000004D: connection can be kept alive for 3 MINUTES
2024-06-12T14:28:41.932+03:00 DEBUG 12012 --- [URL Shortener] [           main] g.d.z.s.o.a.h.c.h.i.c.InternalHttpClient : ep-0000004C: releasing valid endpoint
2024-06-12T14:28:41.932+03:00 DEBUG 12012 --- [URL Shortener] [           main] h.i.i.PoolingHttpClientConnectionManager : ep-0000004C: releasing endpoint
2024-06-12T14:28:41.932+03:00 DEBUG 12012 --- [URL Shortener] [           main] h.i.i.PoolingHttpClientConnectionManager : ep-0000004C: connection http-outgoing-8 can be kept alive for 3 MINUTES
2024-06-12T14:28:41.932+03:00 DEBUG 12012 --- [URL Shortener] [           main] h.i.i.PoolingHttpClientConnectionManager : ep-0000004C: connection released [route: {}->npipe://localhost:2375][total available: 1; route allocated: 1 of 2147483647; total allocated: 1 of 2147483647]
2024-06-12T14:28:41.932+03:00 DEBUG 12012 --- [URL Shortener] [           main] o.t.s.c.g.d.core.command.AbstrDockerCmd  : Cmd: 128f22c426d45daca997e33ea9c3b62928a65a0f376c96d80573176364685d48,false
2024-06-12T14:28:41.933+03:00 DEBUG 12012 --- [URL Shortener] [           main] o.t.s.c.g.d.c.e.InspectContainerCmdExec  : GET: DefaultWebTarget{path=[/containers/128f22c426d45daca997e33ea9c3b62928a65a0f376c96d80573176364685d48/json], queryParams={}}
2024-06-12T14:28:41.933+03:00 DEBUG 12012 --- [URL Shortener] [           main] g.d.z.s.o.a.h.c.h.i.c.InternalHttpClient : ex-0000004E: preparing request execution
2024-06-12T14:28:41.933+03:00 DEBUG 12012 --- [URL Shortener] [           main] c.g.d.z.s.o.a.h.c.h.p.RequestAddCookies  : Cookie spec selected: strict
2024-06-12T14:28:41.933+03:00 DEBUG 12012 --- [URL Shortener] [           main] c.g.d.z.s.o.a.h.c.h.p.RequestAuthCache   : Auth cache not set in the context
2024-06-12T14:28:41.933+03:00 DEBUG 12012 --- [URL Shortener] [           main] c.g.d.z.s.o.a.h.c.h.i.c.ProtocolExec     : ex-0000004E: target auth state: UNCHALLENGED
2024-06-12T14:28:41.933+03:00 DEBUG 12012 --- [URL Shortener] [           main] c.g.d.z.s.o.a.h.c.h.i.c.ProtocolExec     : ex-0000004E: proxy auth state: UNCHALLENGED
2024-06-12T14:28:41.933+03:00 DEBUG 12012 --- [URL Shortener] [           main] c.g.d.z.s.o.a.h.c.h.i.c.ConnectExec      : ex-0000004E: acquiring connection with route {}->npipe://localhost:2375
2024-06-12T14:28:41.933+03:00 DEBUG 12012 --- [URL Shortener] [           main] g.d.z.s.o.a.h.c.h.i.c.InternalHttpClient : ex-0000004E: acquiring endpoint (3 MINUTES)
2024-06-12T14:28:41.933+03:00 DEBUG 12012 --- [URL Shortener] [           main] h.i.i.PoolingHttpClientConnectionManager : ex-0000004E: endpoint lease request (3 MINUTES) [route: {}->npipe://localhost:2375][total available: 1; route allocated: 1 of 2147483647; total allocated: 1 of 2147483647]
2024-06-12T14:28:41.933+03:00 DEBUG 12012 --- [URL Shortener] [           main] h.i.i.PoolingHttpClientConnectionManager : ex-0000004E: endpoint leased [route: {}->npipe://localhost:2375][total available: 0; route allocated: 1 of 2147483647; total allocated: 1 of 2147483647]
2024-06-12T14:28:41.933+03:00 DEBUG 12012 --- [URL Shortener] [           main] h.i.i.PoolingHttpClientConnectionManager : ex-0000004E: acquired ep-0000004D
2024-06-12T14:28:41.933+03:00 DEBUG 12012 --- [URL Shortener] [           main] g.d.z.s.o.a.h.c.h.i.c.InternalHttpClient : ex-0000004E: acquired endpoint ep-0000004D
2024-06-12T14:28:41.933+03:00 DEBUG 12012 --- [URL Shortener] [           main] c.g.d.z.s.o.a.h.c.h.i.c.MainClientExec   : ex-0000004E: executing GET /v1.32/containers/128f22c426d45daca997e33ea9c3b62928a65a0f376c96d80573176364685d48/json HTTP/1.1
2024-06-12T14:28:41.933+03:00 DEBUG 12012 --- [URL Shortener] [           main] g.d.z.s.o.a.h.c.h.i.c.InternalHttpClient : ep-0000004D: start execution ex-0000004E
2024-06-12T14:28:41.933+03:00 DEBUG 12012 --- [URL Shortener] [           main] h.i.i.PoolingHttpClientConnectionManager : ep-0000004D: executing exchange ex-0000004E over http-outgoing-8
2024-06-12T14:28:41.933+03:00 DEBUG 12012 --- [URL Shortener] [           main] c.g.d.z.s.o.a.hc.client5.http.headers    : http-outgoing-8 >> GET /v1.32/containers/128f22c426d45daca997e33ea9c3b62928a65a0f376c96d80573176364685d48/json HTTP/1.1
2024-06-12T14:28:41.933+03:00 DEBUG 12012 --- [URL Shortener] [           main] c.g.d.z.s.o.a.hc.client5.http.headers    : http-outgoing-8 >> accept: application/json
2024-06-12T14:28:41.933+03:00 DEBUG 12012 --- [URL Shortener] [           main] c.g.d.z.s.o.a.hc.client5.http.headers    : http-outgoing-8 >> x-tc-sid: 7171fa07-21e4-4858-9670-1c8520dc0b21
2024-06-12T14:28:41.933+03:00 DEBUG 12012 --- [URL Shortener] [           main] c.g.d.z.s.o.a.hc.client5.http.headers    : http-outgoing-8 >> User-Agent: tc-java/1.19.8
2024-06-12T14:28:41.933+03:00 DEBUG 12012 --- [URL Shortener] [           main] c.g.d.z.s.o.a.hc.client5.http.headers    : http-outgoing-8 >> Accept-Encoding: gzip, x-gzip, deflate
2024-06-12T14:28:41.933+03:00 DEBUG 12012 --- [URL Shortener] [           main] c.g.d.z.s.o.a.hc.client5.http.headers    : http-outgoing-8 >> Host: localhost:2375
2024-06-12T14:28:41.933+03:00 DEBUG 12012 --- [URL Shortener] [           main] c.g.d.z.s.o.a.hc.client5.http.headers    : http-outgoing-8 >> Connection: keep-alive
2024-06-12T14:28:41.933+03:00 DEBUG 12012 --- [URL Shortener] [           main] c.g.d.z.s.o.apache.hc.client5.http.wire  : http-outgoing-8 >> "GET /v1.32/containers/128f22c426d45daca997e33ea9c3b62928a65a0f376c96d80573176364685d48/json HTTP/1.1[\r][\n]"
2024-06-12T14:28:41.933+03:00 DEBUG 12012 --- [URL Shortener] [           main] c.g.d.z.s.o.apache.hc.client5.http.wire  : http-outgoing-8 >> "accept: application/json[\r][\n]"
2024-06-12T14:28:41.933+03:00 DEBUG 12012 --- [URL Shortener] [           main] c.g.d.z.s.o.apache.hc.client5.http.wire  : http-outgoing-8 >> "x-tc-sid: 7171fa07-21e4-4858-9670-1c8520dc0b21[\r][\n]"
2024-06-12T14:28:41.933+03:00 DEBUG 12012 --- [URL Shortener] [           main] c.g.d.z.s.o.apache.hc.client5.http.wire  : http-outgoing-8 >> "User-Agent: tc-java/1.19.8[\r][\n]"
2024-06-12T14:28:41.933+03:00 DEBUG 12012 --- [URL Shortener] [           main] c.g.d.z.s.o.apache.hc.client5.http.wire  : http-outgoing-8 >> "Accept-Encoding: gzip, x-gzip, deflate[\r][\n]"
2024-06-12T14:28:41.933+03:00 DEBUG 12012 --- [URL Shortener] [           main] c.g.d.z.s.o.apache.hc.client5.http.wire  : http-outgoing-8 >> "Host: localhost:2375[\r][\n]"
2024-06-12T14:28:41.933+03:00 DEBUG 12012 --- [URL Shortener] [           main] c.g.d.z.s.o.apache.hc.client5.http.wire  : http-outgoing-8 >> "Connection: keep-alive[\r][\n]"
2024-06-12T14:28:41.933+03:00 DEBUG 12012 --- [URL Shortener] [           main] c.g.d.z.s.o.apache.hc.client5.http.wire  : http-outgoing-8 >> "[\r][\n]"
2024-06-12T14:28:41.941+03:00 DEBUG 12012 --- [URL Shortener] [           main] c.g.d.z.s.o.apache.hc.client5.http.wire  : http-outgoing-8 << "HTTP/1.1 200 OK[\r][\n]"
2024-06-12T14:28:41.941+03:00 DEBUG 12012 --- [URL Shortener] [           main] c.g.d.z.s.o.apache.hc.client5.http.wire  : http-outgoing-8 << "Api-Version: 1.43[\r][\n]"
2024-06-12T14:28:41.941+03:00 DEBUG 12012 --- [URL Shortener] [           main] c.g.d.z.s.o.apache.hc.client5.http.wire  : http-outgoing-8 << "Content-Type: application/json[\r][\n]"
2024-06-12T14:28:41.941+03:00 DEBUG 12012 --- [URL Shortener] [           main] c.g.d.z.s.o.apache.hc.client5.http.wire  : http-outgoing-8 << "Date: Wed, 12 Jun 2024 11:28:41 GMT[\r][\n]"
2024-06-12T14:28:41.941+03:00 DEBUG 12012 --- [URL Shortener] [           main] c.g.d.z.s.o.apache.hc.client5.http.wire  : http-outgoing-8 << "Docker-Experimental: false[\r][\n]"
2024-06-12T14:28:41.941+03:00 DEBUG 12012 --- [URL Shortener] [           main] c.g.d.z.s.o.apache.hc.client5.http.wire  : http-outgoing-8 << "Ostype: linux[\r][\n]"
2024-06-12T14:28:41.941+03:00 DEBUG 12012 --- [URL Shortener] [           main] c.g.d.z.s.o.apache.hc.client5.http.wire  : http-outgoing-8 << "Server: Docker/24.0.7 (linux)[\r][\n]"
2024-06-12T14:28:41.941+03:00 DEBUG 12012 --- [URL Shortener] [           main] c.g.d.z.s.o.apache.hc.client5.http.wire  : http-outgoing-8 << "Transfer-Encoding: chunked[\r][\n]"
2024-06-12T14:28:41.941+03:00 DEBUG 12012 --- [URL Shortener] [           main] c.g.d.z.s.o.apache.hc.client5.http.wire  : http-outgoing-8 << "[\r][\n]"
2024-06-12T14:28:41.941+03:00 DEBUG 12012 --- [URL Shortener] [           main] c.g.d.z.s.o.a.hc.client5.http.headers    : http-outgoing-8 << HTTP/1.1 200 OK
2024-06-12T14:28:41.941+03:00 DEBUG 12012 --- [URL Shortener] [           main] c.g.d.z.s.o.a.hc.client5.http.headers    : http-outgoing-8 << Api-Version: 1.43
2024-06-12T14:28:41.941+03:00 DEBUG 12012 --- [URL Shortener] [           main] c.g.d.z.s.o.a.hc.client5.http.headers    : http-outgoing-8 << Content-Type: application/json
2024-06-12T14:28:41.941+03:00 DEBUG 12012 --- [URL Shortener] [           main] c.g.d.z.s.o.a.hc.client5.http.headers    : http-outgoing-8 << Date: Wed, 12 Jun 2024 11:28:41 GMT
2024-06-12T14:28:41.941+03:00 DEBUG 12012 --- [URL Shortener] [           main] c.g.d.z.s.o.a.hc.client5.http.headers    : http-outgoing-8 << Docker-Experimental: false
2024-06-12T14:28:41.941+03:00 DEBUG 12012 --- [URL Shortener] [           main] c.g.d.z.s.o.a.hc.client5.http.headers    : http-outgoing-8 << Ostype: linux
2024-06-12T14:28:41.941+03:00 DEBUG 12012 --- [URL Shortener] [           main] c.g.d.z.s.o.a.hc.client5.http.headers    : http-outgoing-8 << Server: Docker/24.0.7 (linux)
2024-06-12T14:28:41.941+03:00 DEBUG 12012 --- [URL Shortener] [           main] c.g.d.z.s.o.a.hc.client5.http.headers    : http-outgoing-8 << Transfer-Encoding: chunked
2024-06-12T14:28:41.941+03:00 DEBUG 12012 --- [URL Shortener] [           main] c.g.d.z.s.o.a.h.c.h.i.c.MainClientExec   : ex-0000004E: connection can be kept alive for 3 MINUTES
2024-06-12T14:28:41.942+03:00 DEBUG 12012 --- [URL Shortener] [           main] c.g.d.z.s.o.apache.hc.client5.http.wire  : http-outgoing-8 << "1935[\r][\n]"
2024-06-12T14:28:41.942+03:00 DEBUG 12012 --- [URL Shortener] [           main] c.g.d.z.s.o.apache.hc.client5.http.wire  : http-outgoing-8 << "{"Id":"128f22c426d45daca997e33ea9c3b62928a65a0f376c96d80573176364685d48","Created":"2024-06-12T11:28:40.186690474Z","Path":"docker-entrypoint.sh","Args":["postgres","-c","fsync=off"],"State":{"Status":"exited","Running":false,"Paused":false,"Restarting":false,"OOMKilled":false,"Dead":false,"Pid":0,"ExitCode":137,"Error":"","StartedAt":"2024-06-12T11:28:40.537033968Z","FinishedAt":"2024-06-12T11:28:41.541397951Z"},"Image":"sha256:cff6b68a194a672fd337d8728bfb252071012cce6f0f2ed760988f7bc63a89d2","ResolvConfPath":"/var/lib/docker/containers/128f22c426d45daca997e33ea9c3b62928a65a0f376c96d80573176364685d48/resolv.conf","HostnamePath":"/var/lib/docker/containers/128f22c426d45daca997e33ea9c3b62928a65a0f376c96d80573176364685d48/hostname","HostsPath":"/var/lib/docker/containers/128f22c426d45daca997e33ea9c3b62928a65a0f376c96d80573176364685d48/hosts","LogPath":"/var/lib/docker/containers/128f22c426d45daca997e33ea9c3b62928a65a0f376c96d80573176364685d48/128f22c426d45daca997e33ea9c3b62928a65a0f376c96d80573176364685d48-json.log","Name":"/modest_johnson","RestartCount":0,"Driver":"overlay2","Platform":"linux","MountLabel":"","ProcessLabel":"","AppArmorProfile":"","ExecIDs":null,"HostConfig":{"Binds":[],"ContainerIDFile":"","LogConfig":{"Type":"json-file","Config":{}},"NetworkMode":"default","PortBindings":{"5432/tcp":[{"HostIp":"0.0.0.0","HostPort":"0"}]},"RestartPolicy":{"Name":"","MaximumRetryCount":0},"AutoRemove":false,"VolumeDriver":"","VolumesFrom":[],"ConsoleSize":[0,0],"CapAdd":null,"CapDrop":null,"CgroupnsMode":"host","Dns":null,"DnsOptions":null,"DnsSearch":null,"ExtraHosts":[],"GroupAdd":null,"IpcMode":"shareable","Cgroup":"","Links":null,"OomScoreAdj":0,"PidMode":"","Privileged":false,"PublishAllPorts":false,"ReadonlyRootfs":false,"SecurityOpt":null,"UTSMode":"","UsernsMode":"","ShmSize":67108864,"Runtime":"runc","Isolation":"","CpuShares":0,"Memory":0,"NanoCpus":0,"CgroupParent":"","BlkioWeight":0,"BlkioWeightDevice":null,"BlkioDeviceReadBps":null,"BlkioDeviceWriteBps":null,"BlkioDeviceReadIOps":null,"BlkioDeviceWriteIOps":null,"CpuPeriod":0,"CpuQuota":0,"CpuRealtimePeriod":0,"CpuRealtimeRuntime":0,"CpusetCpus":"","CpusetMems":"","Devices":null,"DeviceCgroupRules":null,"DeviceRequests":null,"MemoryReservation":0,"MemorySwap":0,"MemorySwappiness":null,"OomKillDisable":false,"PidsLimit":null,"Ulimits":null,"CpuCount":0,"CpuPercent":0,"IOMaximumIOps":0,"IOMaximumBandwidth":0,"MaskedPaths":["/proc/asound","/proc/acpi","/proc/kcore","/proc/keys","/proc/latency_stats","/proc/timer_list","/proc/timer_stats","/proc/sched_debug","/proc/scsi","/sys/firmware","/sys/devices/virtual/powercap"],"ReadonlyPaths":["/proc/bus","/proc/fs","/proc/irq","/proc/sys","/proc/sysrq-trigger"]},"GraphDriver":{"Data":{"LowerDir":"/var/lib/docker/overlay2/09d2f644372b27643cf8b079912aca7e0472a8edec5ca8564974e7e631a78aa9-init/diff:/var/lib/docker/overlay2/db451d0433a46fa45e17cc0eae406c512a577a19aed597a6dcd152aa60abc9db/diff:/var/lib/docker/overlay2/2cbe3a1a11481afc7adee257a96fbd885a65a5a6b7f47a4b9e39ab13d617ed9f/diff:/var/lib/docker/overlay2/34f0f2835c7fab192b0a09fbaa35e3fde336f3a21db4d551ecb5744f35f022d8/diff:/var/lib/docker/overlay2/91c1ab49fbf459c6ac614f4f21e302f21d4a65eae0c0df9e5fd257fec8b8dac7/diff:/var/lib/docker/overlay2/c047fdb7a36e3127654f971b9e00f52a192b9425d14315e2be62531cbf859c1c/diff:/var/lib/docker/overlay2/f17ff6a2434319a3d0da9c06f159a651e34677f6555cedd9fa5cd4a243a4cf00/diff:/var/lib/docker/overlay2/d3896bdbfb55d53cc96483830bf86d746e709698c5870461b76a606235034e2c/diff:/var/lib/docker/overlay2/17bbcad0aa3d49db9143caa84bf36ac80a1e2abb4465494be53788fdf15136bc/diff:/var/lib/docker/overlay2/d3ba0002826ba8dc8a50ec5b5f40f8eeecc49aed69b7e4852b2c17d4e3bc7673/diff:/var/lib/docker/overlay2/b025c0d3f178bdae3585ff4493fb402ddac780bb0dc86a6e2a4bd16fd5df4fd0/diff:/var/lib/docker/overlay2/b34b03430c91db007405bdcdabdee4d661413c4a546d47aa4933ae256c8c1f83/diff:/var/lib/docker/overlay2/d4b461868c979b00a1a4f4e75535982f2a3b2f76c5b58eae99e5b0523fc10465/diff:/var/lib/docker/overlay2/a2edc56609840a14728ce10afbb50ca5b6a9dcfe1138d7a04954c1b2dfcd9724/diff:/var/li"
2024-06-12T14:28:41.943+03:00 DEBUG 12012 --- [URL Shortener] [           main] c.g.d.z.s.o.apache.hc.client5.http.wire  : http-outgoing-8 << "b/docker/overlay2/1d7e1c282144b7b877f2e2cfc223d536f406a3e5cf43804aff3d6b54f674eee8/diff","MergedDir":"/var/lib/docker/overlay2/09d2f644372b27643cf8b079912aca7e0472a8edec5ca8564974e7e631a78aa9/merged","UpperDir":"/var/lib/docker/overlay2/09d2f644372b27643cf8b079912aca7e0472a8edec5ca8564974e7e631a78aa9/diff","WorkDir":"/var/lib/docker/overlay2/09d2f644372b27643cf8b079912aca7e0472a8edec5ca8564974e7e631a78aa9/work"},"Name":"overlay2"},"Mounts":[{"Type":"volume","Name":"3574d884f9867df1ecd8662dc91d29b5afce1c0f6fab5317226e9473e9b116ee","Source":"/var/lib/docker/volumes/3574d884f9867df1ecd8662dc91d29b5afce1c0f6fab5317226e9473e9b116ee/_data","Destination":"/var/lib/postgresql/data","Driver":"local","Mode":"","RW":true,"Propagation":""}],"Config":{"Hostname":"128f22c426d4","Domainname":"","User":"","AttachStdin":false,"AttachStdout":false,"AttachStderr":false,"ExposedPorts":{"5432/tcp":{}},"Tty":false,"OpenStdin":false,"StdinOnce":false,"Env":["POSTGRES_USER=testuser","POSTGRES_PASSWORD=testpass","POSTGRES_DB=testdb","PATH=/usr/local/sbin:/usr/local/bin:/usr/sbin:/usr/bin:/sbin:/bin:/usr/lib/postgresql/16/bin","GOSU_VERSION=1.17","LANG=en_US.utf8","PG_MAJOR=16","PG_VERSION=16.3-1.pgdg120+1","PGDATA=/var/lib/postgresql/data"],"Cmd":["postgres","-c","fsync=off"],"Image":"postgres:latest","Volumes":{"/var/lib/postgresql/data":{}},"WorkingDir":"","Entrypoint":["docker-entrypoint.sh"],"OnBuild":null,"Labels":{"org.testcontainers":"true","org.testcontainers.lang":"java","org.testcontainers.sessionId":"7171fa07-21e4-4858-9670-1c8520dc0b21","org.testcontainers.version":"1.19.8"},"StopSignal":"SIGINT"},"NetworkSettings":{"Bridge":"","SandboxID":"29659b64971e03fad57c28c696096d3dec7d03cb77c8938c82e82e8c98523aab","HairpinMode":false,"LinkLocalIPv6Address":"","LinkLocalIPv6PrefixLen":0,"Ports":{},"SandboxKey":"/var/run/docker/netns/29659b64971e","SecondaryIPAddresses":null,"SecondaryIPv6Addresses":null,"EndpointID":"","Gateway":"","GlobalIPv6Address":"","GlobalIPv6PrefixLen":0,"IPAddress":"","IPPrefixLen":0,"IPv6Gateway":"","MacAddress":"","Networks":{"bridge":{"IPAMConfig":null,"Links":null,"Aliases":null,"MacAddress":"","NetworkID":"9daa7fca6b6cbb5c2be934cabaa56953e265b86a191774f7c7502906e8f1d0b7","EndpointID":"","Gateway":"","IPAddress":"","IPPrefixLen":0,"IPv6Gateway":"","GlobalIPv6Address":"","GlobalIPv6PrefixLen":0,"DriverOpts":null}}}}[\n]"
2024-06-12T14:28:41.945+03:00 DEBUG 12012 --- [URL Shortener] [           main] c.g.d.z.s.o.apache.hc.client5.http.wire  : http-outgoing-8 << "[\r][\n]"
2024-06-12T14:28:41.945+03:00 DEBUG 12012 --- [URL Shortener] [           main] c.g.d.z.s.o.apache.hc.client5.http.wire  : http-outgoing-8 << "0[\r][\n]"
2024-06-12T14:28:41.945+03:00 DEBUG 12012 --- [URL Shortener] [           main] c.g.d.z.s.o.apache.hc.client5.http.wire  : http-outgoing-8 << "[\r][\n]"
2024-06-12T14:28:41.945+03:00 DEBUG 12012 --- [URL Shortener] [           main] g.d.z.s.o.a.h.c.h.i.c.InternalHttpClient : ep-0000004D: releasing valid endpoint
2024-06-12T14:28:41.945+03:00 DEBUG 12012 --- [URL Shortener] [           main] h.i.i.PoolingHttpClientConnectionManager : ep-0000004D: releasing endpoint
2024-06-12T14:28:41.945+03:00 DEBUG 12012 --- [URL Shortener] [           main] h.i.i.PoolingHttpClientConnectionManager : ep-0000004D: connection http-outgoing-8 can be kept alive for 3 MINUTES
2024-06-12T14:28:41.945+03:00 DEBUG 12012 --- [URL Shortener] [           main] h.i.i.PoolingHttpClientConnectionManager : ep-0000004D: connection released [route: {}->npipe://localhost:2375][total available: 1; route allocated: 1 of 2147483647; total allocated: 1 of 2147483647]
2024-06-12T14:28:41.946+03:00 DEBUG 12012 --- [URL Shortener] [           main] o.t.s.c.g.d.core.command.AbstrDockerCmd  : Cmd: 128f22c426d45daca997e33ea9c3b62928a65a0f376c96d80573176364685d48,true,true
2024-06-12T14:28:41.946+03:00 DEBUG 12012 --- [URL Shortener] [           main] g.d.z.s.o.a.h.c.h.i.c.InternalHttpClient : ex-0000004F: preparing request execution
2024-06-12T14:28:41.946+03:00 DEBUG 12012 --- [URL Shortener] [           main] c.g.d.z.s.o.a.h.c.h.p.RequestAddCookies  : Cookie spec selected: strict
2024-06-12T14:28:41.946+03:00 DEBUG 12012 --- [URL Shortener] [           main] c.g.d.z.s.o.a.h.c.h.p.RequestAuthCache   : Auth cache not set in the context
2024-06-12T14:28:41.946+03:00 DEBUG 12012 --- [URL Shortener] [           main] c.g.d.z.s.o.a.h.c.h.i.c.ProtocolExec     : ex-0000004F: target auth state: UNCHALLENGED
2024-06-12T14:28:41.946+03:00 DEBUG 12012 --- [URL Shortener] [           main] c.g.d.z.s.o.a.h.c.h.i.c.ProtocolExec     : ex-0000004F: proxy auth state: UNCHALLENGED
2024-06-12T14:28:41.946+03:00 DEBUG 12012 --- [URL Shortener] [           main] c.g.d.z.s.o.a.h.c.h.i.c.ConnectExec      : ex-0000004F: acquiring connection with route {}->npipe://localhost:2375
2024-06-12T14:28:41.946+03:00 DEBUG 12012 --- [URL Shortener] [           main] g.d.z.s.o.a.h.c.h.i.c.InternalHttpClient : ex-0000004F: acquiring endpoint (3 MINUTES)
2024-06-12T14:28:41.946+03:00 DEBUG 12012 --- [URL Shortener] [           main] h.i.i.PoolingHttpClientConnectionManager : ex-0000004F: endpoint lease request (3 MINUTES) [route: {}->npipe://localhost:2375][total available: 1; route allocated: 1 of 2147483647; total allocated: 1 of 2147483647]
2024-06-12T14:28:41.947+03:00 DEBUG 12012 --- [URL Shortener] [           main] h.i.i.PoolingHttpClientConnectionManager : ex-0000004F: endpoint leased [route: {}->npipe://localhost:2375][total available: 0; route allocated: 1 of 2147483647; total allocated: 1 of 2147483647]
2024-06-12T14:28:41.947+03:00 DEBUG 12012 --- [URL Shortener] [           main] h.i.i.PoolingHttpClientConnectionManager : ex-0000004F: acquired ep-0000004E
2024-06-12T14:28:41.947+03:00 DEBUG 12012 --- [URL Shortener] [           main] g.d.z.s.o.a.h.c.h.i.c.InternalHttpClient : ex-0000004F: acquired endpoint ep-0000004E
2024-06-12T14:28:41.947+03:00 DEBUG 12012 --- [URL Shortener] [           main] c.g.d.z.s.o.a.h.c.h.i.c.MainClientExec   : ex-0000004F: executing DELETE /v1.32/containers/128f22c426d45daca997e33ea9c3b62928a65a0f376c96d80573176364685d48?v=true&force=true HTTP/1.1
2024-06-12T14:28:41.947+03:00 DEBUG 12012 --- [URL Shortener] [           main] g.d.z.s.o.a.h.c.h.i.c.InternalHttpClient : ep-0000004E: start execution ex-0000004F
2024-06-12T14:28:41.947+03:00 DEBUG 12012 --- [URL Shortener] [           main] h.i.i.PoolingHttpClientConnectionManager : ep-0000004E: executing exchange ex-0000004F over http-outgoing-8
2024-06-12T14:28:41.947+03:00 DEBUG 12012 --- [URL Shortener] [           main] c.g.d.z.s.o.a.hc.client5.http.headers    : http-outgoing-8 >> DELETE /v1.32/containers/128f22c426d45daca997e33ea9c3b62928a65a0f376c96d80573176364685d48?v=true&force=true HTTP/1.1
2024-06-12T14:28:41.947+03:00 DEBUG 12012 --- [URL Shortener] [           main] c.g.d.z.s.o.a.hc.client5.http.headers    : http-outgoing-8 >> accept: application/json
2024-06-12T14:28:41.947+03:00 DEBUG 12012 --- [URL Shortener] [           main] c.g.d.z.s.o.a.hc.client5.http.headers    : http-outgoing-8 >> x-tc-sid: 7171fa07-21e4-4858-9670-1c8520dc0b21
2024-06-12T14:28:41.947+03:00 DEBUG 12012 --- [URL Shortener] [           main] c.g.d.z.s.o.a.hc.client5.http.headers    : http-outgoing-8 >> User-Agent: tc-java/1.19.8
2024-06-12T14:28:41.947+03:00 DEBUG 12012 --- [URL Shortener] [           main] c.g.d.z.s.o.a.hc.client5.http.headers    : http-outgoing-8 >> Accept-Encoding: gzip, x-gzip, deflate
2024-06-12T14:28:41.947+03:00 DEBUG 12012 --- [URL Shortener] [           main] c.g.d.z.s.o.a.hc.client5.http.headers    : http-outgoing-8 >> Host: localhost:2375
2024-06-12T14:28:41.947+03:00 DEBUG 12012 --- [URL Shortener] [           main] c.g.d.z.s.o.a.hc.client5.http.headers    : http-outgoing-8 >> Connection: keep-alive
2024-06-12T14:28:41.947+03:00 DEBUG 12012 --- [URL Shortener] [           main] c.g.d.z.s.o.apache.hc.client5.http.wire  : http-outgoing-8 >> "DELETE /v1.32/containers/128f22c426d45daca997e33ea9c3b62928a65a0f376c96d80573176364685d48?v=true&force=true HTTP/1.1[\r][\n]"
2024-06-12T14:28:41.947+03:00 DEBUG 12012 --- [URL Shortener] [           main] c.g.d.z.s.o.apache.hc.client5.http.wire  : http-outgoing-8 >> "accept: application/json[\r][\n]"
2024-06-12T14:28:41.947+03:00 DEBUG 12012 --- [URL Shortener] [           main] c.g.d.z.s.o.apache.hc.client5.http.wire  : http-outgoing-8 >> "x-tc-sid: 7171fa07-21e4-4858-9670-1c8520dc0b21[\r][\n]"
2024-06-12T14:28:41.947+03:00 DEBUG 12012 --- [URL Shortener] [           main] c.g.d.z.s.o.apache.hc.client5.http.wire  : http-outgoing-8 >> "User-Agent: tc-java/1.19.8[\r][\n]"
2024-06-12T14:28:41.947+03:00 DEBUG 12012 --- [URL Shortener] [           main] c.g.d.z.s.o.apache.hc.client5.http.wire  : http-outgoing-8 >> "Accept-Encoding: gzip, x-gzip, deflate[\r][\n]"
2024-06-12T14:28:41.947+03:00 DEBUG 12012 --- [URL Shortener] [           main] c.g.d.z.s.o.apache.hc.client5.http.wire  : http-outgoing-8 >> "Host: localhost:2375[\r][\n]"
2024-06-12T14:28:41.947+03:00 DEBUG 12012 --- [URL Shortener] [           main] c.g.d.z.s.o.apache.hc.client5.http.wire  : http-outgoing-8 >> "Connection: keep-alive[\r][\n]"
2024-06-12T14:28:41.947+03:00 DEBUG 12012 --- [URL Shortener] [           main] c.g.d.z.s.o.apache.hc.client5.http.wire  : http-outgoing-8 >> "[\r][\n]"
2024-06-12T14:28:41.995+03:00 DEBUG 12012 --- [URL Shortener] [           main] c.g.d.z.s.o.apache.hc.client5.http.wire  : http-outgoing-8 << "HTTP/1.1 204 No Content[\r][\n]"
2024-06-12T14:28:41.995+03:00 DEBUG 12012 --- [URL Shortener] [           main] c.g.d.z.s.o.apache.hc.client5.http.wire  : http-outgoing-8 << "Api-Version: 1.43[\r][\n]"
2024-06-12T14:28:41.995+03:00 DEBUG 12012 --- [URL Shortener] [           main] c.g.d.z.s.o.apache.hc.client5.http.wire  : http-outgoing-8 << "Date: Wed, 12 Jun 2024 11:28:41 GMT[\r][\n]"
2024-06-12T14:28:41.995+03:00 DEBUG 12012 --- [URL Shortener] [           main] c.g.d.z.s.o.apache.hc.client5.http.wire  : http-outgoing-8 << "Docker-Experimental: false[\r][\n]"
2024-06-12T14:28:41.995+03:00 DEBUG 12012 --- [URL Shortener] [           main] c.g.d.z.s.o.apache.hc.client5.http.wire  : http-outgoing-8 << "Ostype: linux[\r][\n]"
2024-06-12T14:28:41.995+03:00 DEBUG 12012 --- [URL Shortener] [           main] c.g.d.z.s.o.apache.hc.client5.http.wire  : http-outgoing-8 << "Server: Docker/24.0.7 (linux)[\r][\n]"
2024-06-12T14:28:41.995+03:00 DEBUG 12012 --- [URL Shortener] [           main] c.g.d.z.s.o.apache.hc.client5.http.wire  : http-outgoing-8 << "[\r][\n]"
2024-06-12T14:28:41.996+03:00 DEBUG 12012 --- [URL Shortener] [           main] c.g.d.z.s.o.a.hc.client5.http.headers    : http-outgoing-8 << HTTP/1.1 204 No Content
2024-06-12T14:28:41.996+03:00 DEBUG 12012 --- [URL Shortener] [           main] c.g.d.z.s.o.a.hc.client5.http.headers    : http-outgoing-8 << Api-Version: 1.43
2024-06-12T14:28:41.996+03:00 DEBUG 12012 --- [URL Shortener] [           main] c.g.d.z.s.o.a.hc.client5.http.headers    : http-outgoing-8 << Date: Wed, 12 Jun 2024 11:28:41 GMT
2024-06-12T14:28:41.996+03:00 DEBUG 12012 --- [URL Shortener] [           main] c.g.d.z.s.o.a.hc.client5.http.headers    : http-outgoing-8 << Docker-Experimental: false
2024-06-12T14:28:41.996+03:00 DEBUG 12012 --- [URL Shortener] [           main] c.g.d.z.s.o.a.hc.client5.http.headers    : http-outgoing-8 << Ostype: linux
2024-06-12T14:28:41.996+03:00 DEBUG 12012 --- [URL Shortener] [           main] c.g.d.z.s.o.a.hc.client5.http.headers    : http-outgoing-8 << Server: Docker/24.0.7 (linux)
2024-06-12T14:28:41.996+03:00 DEBUG 12012 --- [URL Shortener] [           main] c.g.d.z.s.o.a.h.c.h.i.c.MainClientExec   : ex-0000004F: connection can be kept alive for 3 MINUTES
2024-06-12T14:28:41.996+03:00 DEBUG 12012 --- [URL Shortener] [           main] g.d.z.s.o.a.h.c.h.i.c.InternalHttpClient : ep-0000004E: releasing valid endpoint
2024-06-12T14:28:41.996+03:00 DEBUG 12012 --- [URL Shortener] [           main] h.i.i.PoolingHttpClientConnectionManager : ep-0000004E: releasing endpoint
2024-06-12T14:28:41.996+03:00 DEBUG 12012 --- [URL Shortener] [           main] h.i.i.PoolingHttpClientConnectionManager : ep-0000004E: connection http-outgoing-8 can be kept alive for 3 MINUTES
2024-06-12T14:28:41.996+03:00 DEBUG 12012 --- [URL Shortener] [           main] h.i.i.PoolingHttpClientConnectionManager : ep-0000004E: connection released [route: {}->npipe://localhost:2375][total available: 1; route allocated: 1 of 2147483647; total allocated: 1 of 2147483647]
2024-06-12T14:28:41.996+03:00 DEBUG 12012 --- [URL Shortener] [           main] o.testcontainers.utility.ResourceReaper  : Removed container and associated volume(s): postgres:latest
]]></system-out>
  </testcase>
</testsuite>