<?xml version="1.0" encoding="UTF-8"?>
<testsuite xmlns:xsi="http://www.w3.org/2001/XMLSchema-instance" xsi:noNamespaceSchemaLocation="https://maven.apache.org/surefire/maven-surefire-plugin/xsd/surefire-test-report-3.0.xsd" version="3.0" name="com.example.url_profile.UrlProfileValidationServiceTest" time="7.7" tests="2" errors="0" skipped="0" failures="0">
  <properties>
    <property name="java.specification.version" value="21"/>
    <property name="sun.cpu.isalist" value="amd64"/>
    <property name="sun.jnu.encoding" value="Cp1251"/>
    <property name="java.class.path" value="H:\WORK\URL-Shortener\target\test-classes;H:\WORK\URL-Shortener\target\classes;C:\Users\daniel\.m2\repository\org\springframework\boot\spring-boot-starter-web\3.3.0\spring-boot-starter-web-3.3.0.jar;C:\Users\daniel\.m2\repository\org\springframework\boot\spring-boot-starter\3.3.0\spring-boot-starter-3.3.0.jar;C:\Users\daniel\.m2\repository\org\springframework\boot\spring-boot\3.3.0\spring-boot-3.3.0.jar;C:\Users\daniel\.m2\repository\org\springframework\boot\spring-boot-autoconfigure\3.3.0\spring-boot-autoconfigure-3.3.0.jar;C:\Users\daniel\.m2\repository\org\springframework\boot\spring-boot-starter-logging\3.3.0\spring-boot-starter-logging-3.3.0.jar;C:\Users\daniel\.m2\repository\ch\qos\logback\logback-classic\1.5.6\logback-classic-1.5.6.jar;C:\Users\daniel\.m2\repository\ch\qos\logback\logback-core\1.5.6\logback-core-1.5.6.jar;C:\Users\daniel\.m2\repository\org\apache\logging\log4j\log4j-to-slf4j\2.23.1\log4j-to-slf4j-2.23.1.jar;C:\Users\daniel\.m2\repository\org\apache\logging\log4j\log4j-api\2.23.1\log4j-api-2.23.1.jar;C:\Users\daniel\.m2\repository\org\slf4j\jul-to-slf4j\2.0.13\jul-to-slf4j-2.0.13.jar;C:\Users\daniel\.m2\repository\jakarta\annotation\jakarta.annotation-api\2.1.1\jakarta.annotation-api-2.1.1.jar;C:\Users\daniel\.m2\repository\org\yaml\snakeyaml\2.2\snakeyaml-2.2.jar;C:\Users\daniel\.m2\repository\org\springframework\boot\spring-boot-starter-json\3.3.0\spring-boot-starter-json-3.3.0.jar;C:\Users\daniel\.m2\repository\com\fasterxml\jackson\core\jackson-databind\2.17.1\jackson-databind-2.17.1.jar;C:\Users\daniel\.m2\repository\com\fasterxml\jackson\core\jackson-annotations\2.17.1\jackson-annotations-2.17.1.jar;C:\Users\daniel\.m2\repository\com\fasterxml\jackson\datatype\jackson-datatype-jdk8\2.17.1\jackson-datatype-jdk8-2.17.1.jar;C:\Users\daniel\.m2\repository\com\fasterxml\jackson\datatype\jackson-datatype-jsr310\2.17.1\jackson-datatype-jsr310-2.17.1.jar;C:\Users\daniel\.m2\repository\com\fasterxml\jackson\module\jackson-module-parameter-names\2.17.1\jackson-module-parameter-names-2.17.1.jar;C:\Users\daniel\.m2\repository\org\springframework\boot\spring-boot-starter-tomcat\3.3.0\spring-boot-starter-tomcat-3.3.0.jar;C:\Users\daniel\.m2\repository\org\apache\tomcat\embed\tomcat-embed-core\10.1.24\tomcat-embed-core-10.1.24.jar;C:\Users\daniel\.m2\repository\org\apache\tomcat\embed\tomcat-embed-el\10.1.24\tomcat-embed-el-10.1.24.jar;C:\Users\daniel\.m2\repository\org\apache\tomcat\embed\tomcat-embed-websocket\10.1.24\tomcat-embed-websocket-10.1.24.jar;C:\Users\daniel\.m2\repository\org\springframework\spring-web\6.1.8\spring-web-6.1.8.jar;C:\Users\daniel\.m2\repository\org\springframework\spring-beans\6.1.8\spring-beans-6.1.8.jar;C:\Users\daniel\.m2\repository\io\micrometer\micrometer-observation\1.13.0\micrometer-observation-1.13.0.jar;C:\Users\daniel\.m2\repository\io\micrometer\micrometer-commons\1.13.0\micrometer-commons-1.13.0.jar;C:\Users\daniel\.m2\repository\org\springframework\spring-webmvc\6.1.8\spring-webmvc-6.1.8.jar;C:\Users\daniel\.m2\repository\org\springframework\spring-context\6.1.8\spring-context-6.1.8.jar;C:\Users\daniel\.m2\repository\org\springframework\spring-expression\6.1.8\spring-expression-6.1.8.jar;C:\Users\daniel\.m2\repository\org\flywaydb\flyway-core\10.10.0\flyway-core-10.10.0.jar;C:\Users\daniel\.m2\repository\com\fasterxml\jackson\dataformat\jackson-dataformat-toml\2.17.1\jackson-dataformat-toml-2.17.1.jar;C:\Users\daniel\.m2\repository\com\fasterxml\jackson\core\jackson-core\2.17.1\jackson-core-2.17.1.jar;C:\Users\daniel\.m2\repository\com\google\code\gson\gson\2.10.1\gson-2.10.1.jar;C:\Users\daniel\.m2\repository\org\flywaydb\flyway-database-postgresql\10.10.0\flyway-database-postgresql-10.10.0.jar;C:\Users\daniel\.m2\repository\org\springdoc\springdoc-openapi-starter-webmvc-ui\2.3.0\springdoc-openapi-starter-webmvc-ui-2.3.0.jar;C:\Users\daniel\.m2\repository\org\springdoc\springdoc-openapi-starter-webmvc-api\2.3.0\springdoc-openapi-starter-webmvc-api-2.3.0.jar;C:\Users\daniel\.m2\repository\org\springdoc\springdoc-openapi-starter-common\2.3.0\springdoc-openapi-starter-common-2.3.0.jar;C:\Users\daniel\.m2\repository\io\swagger\core\v3\swagger-core-jakarta\2.2.19\swagger-core-jakarta-2.2.19.jar;C:\Users\daniel\.m2\repository\org\apache\commons\commons-lang3\3.14.0\commons-lang3-3.14.0.jar;C:\Users\daniel\.m2\repository\io\swagger\core\v3\swagger-annotations-jakarta\2.2.19\swagger-annotations-jakarta-2.2.19.jar;C:\Users\daniel\.m2\repository\io\swagger\core\v3\swagger-models-jakarta\2.2.19\swagger-models-jakarta-2.2.19.jar;C:\Users\daniel\.m2\repository\jakarta\validation\jakarta.validation-api\3.0.2\jakarta.validation-api-3.0.2.jar;C:\Users\daniel\.m2\repository\com\fasterxml\jackson\dataformat\jackson-dataformat-yaml\2.17.1\jackson-dataformat-yaml-2.17.1.jar;C:\Users\daniel\.m2\repository\org\webjars\swagger-ui\5.10.3\swagger-ui-5.10.3.jar;C:\Users\daniel\.m2\repository\org\postgresql\postgresql\42.7.3\postgresql-42.7.3.jar;C:\Users\daniel\.m2\repository\org\checkerframework\checker-qual\3.42.0\checker-qual-3.42.0.jar;C:\Users\daniel\.m2\repository\org\projectlombok\lombok\1.18.32\lombok-1.18.32.jar;C:\Users\daniel\.m2\repository\org\springframework\boot\spring-boot-starter-test\3.3.0\spring-boot-starter-test-3.3.0.jar;C:\Users\daniel\.m2\repository\org\springframework\boot\spring-boot-test\3.3.0\spring-boot-test-3.3.0.jar;C:\Users\daniel\.m2\repository\org\springframework\boot\spring-boot-test-autoconfigure\3.3.0\spring-boot-test-autoconfigure-3.3.0.jar;C:\Users\daniel\.m2\repository\com\jayway\jsonpath\json-path\2.9.0\json-path-2.9.0.jar;C:\Users\daniel\.m2\repository\org\slf4j\slf4j-api\2.0.13\slf4j-api-2.0.13.jar;C:\Users\daniel\.m2\repository\jakarta\xml\bind\jakarta.xml.bind-api\4.0.2\jakarta.xml.bind-api-4.0.2.jar;C:\Users\daniel\.m2\repository\jakarta\activation\jakarta.activation-api\2.1.3\jakarta.activation-api-2.1.3.jar;C:\Users\daniel\.m2\repository\net\minidev\json-smart\2.5.1\json-smart-2.5.1.jar;C:\Users\daniel\.m2\repository\net\minidev\accessors-smart\2.5.1\accessors-smart-2.5.1.jar;C:\Users\daniel\.m2\repository\org\ow2\asm\asm\9.6\asm-9.6.jar;C:\Users\daniel\.m2\repository\org\assertj\assertj-core\3.25.3\assertj-core-3.25.3.jar;C:\Users\daniel\.m2\repository\net\bytebuddy\byte-buddy\1.14.16\byte-buddy-1.14.16.jar;C:\Users\daniel\.m2\repository\org\awaitility\awaitility\4.2.1\awaitility-4.2.1.jar;C:\Users\daniel\.m2\repository\org\hamcrest\hamcrest\2.2\hamcrest-2.2.jar;C:\Users\daniel\.m2\repository\org\junit\jupiter\junit-jupiter\5.10.2\junit-jupiter-5.10.2.jar;C:\Users\daniel\.m2\repository\org\junit\jupiter\junit-jupiter-params\5.10.2\junit-jupiter-params-5.10.2.jar;C:\Users\daniel\.m2\repository\org\junit\jupiter\junit-jupiter-engine\5.10.2\junit-jupiter-engine-5.10.2.jar;C:\Users\daniel\.m2\repository\org\junit\platform\junit-platform-engine\1.10.2\junit-platform-engine-1.10.2.jar;C:\Users\daniel\.m2\repository\org\mockito\mockito-core\5.11.0\mockito-core-5.11.0.jar;C:\Users\daniel\.m2\repository\net\bytebuddy\byte-buddy-agent\1.14.16\byte-buddy-agent-1.14.16.jar;C:\Users\daniel\.m2\repository\org\objenesis\objenesis\3.3\objenesis-3.3.jar;C:\Users\daniel\.m2\repository\org\mockito\mockito-junit-jupiter\5.11.0\mockito-junit-jupiter-5.11.0.jar;C:\Users\daniel\.m2\repository\org\skyscreamer\jsonassert\1.5.1\jsonassert-1.5.1.jar;C:\Users\daniel\.m2\repository\com\vaadin\external\google\android-json\0.0.20131108.vaadin1\android-json-0.0.20131108.vaadin1.jar;C:\Users\daniel\.m2\repository\org\springframework\spring-core\6.1.8\spring-core-6.1.8.jar;C:\Users\daniel\.m2\repository\org\springframework\spring-jcl\6.1.8\spring-jcl-6.1.8.jar;C:\Users\daniel\.m2\repository\org\springframework\spring-test\6.1.8\spring-test-6.1.8.jar;C:\Users\daniel\.m2\repository\org\xmlunit\xmlunit-core\2.9.1\xmlunit-core-2.9.1.jar;C:\Users\daniel\.m2\repository\org\springframework\boot\spring-boot-starter-data-jpa\3.3.0\spring-boot-starter-data-jpa-3.3.0.jar;C:\Users\daniel\.m2\repository\org\springframework\boot\spring-boot-starter-aop\3.3.0\spring-boot-starter-aop-3.3.0.jar;C:\Users\daniel\.m2\repository\org\aspectj\aspectjweaver\1.9.22\aspectjweaver-1.9.22.jar;C:\Users\daniel\.m2\repository\org\springframework\boot\spring-boot-starter-jdbc\3.3.0\spring-boot-starter-jdbc-3.3.0.jar;C:\Users\daniel\.m2\repository\com\zaxxer\HikariCP\5.1.0\HikariCP-5.1.0.jar;C:\Users\daniel\.m2\repository\org\springframework\spring-jdbc\6.1.8\spring-jdbc-6.1.8.jar;C:\Users\daniel\.m2\repository\org\hibernate\orm\hibernate-core\6.5.2.Final\hibernate-core-6.5.2.Final.jar;C:\Users\daniel\.m2\repository\jakarta\persistence\jakarta.persistence-api\3.1.0\jakarta.persistence-api-3.1.0.jar;C:\Users\daniel\.m2\repository\jakarta\transaction\jakarta.transaction-api\2.0.1\jakarta.transaction-api-2.0.1.jar;C:\Users\daniel\.m2\repository\org\jboss\logging\jboss-logging\3.5.3.Final\jboss-logging-3.5.3.Final.jar;C:\Users\daniel\.m2\repository\org\hibernate\common\hibernate-commons-annotations\6.0.6.Final\hibernate-commons-annotations-6.0.6.Final.jar;C:\Users\daniel\.m2\repository\io\smallrye\jandex\3.1.2\jandex-3.1.2.jar;C:\Users\daniel\.m2\repository\com\fasterxml\classmate\1.7.0\classmate-1.7.0.jar;C:\Users\daniel\.m2\repository\org\glassfish\jaxb\jaxb-runtime\4.0.5\jaxb-runtime-4.0.5.jar;C:\Users\daniel\.m2\repository\org\glassfish\jaxb\jaxb-core\4.0.5\jaxb-core-4.0.5.jar;C:\Users\daniel\.m2\repository\org\eclipse\angus\angus-activation\2.0.2\angus-activation-2.0.2.jar;C:\Users\daniel\.m2\repository\org\glassfish\jaxb\txw2\4.0.5\txw2-4.0.5.jar;C:\Users\daniel\.m2\repository\com\sun\istack\istack-commons-runtime\4.1.2\istack-commons-runtime-4.1.2.jar;C:\Users\daniel\.m2\repository\jakarta\inject\jakarta.inject-api\2.0.1\jakarta.inject-api-2.0.1.jar;C:\Users\daniel\.m2\repository\org\antlr\antlr4-runtime\4.13.0\antlr4-runtime-4.13.0.jar;C:\Users\daniel\.m2\repository\org\springframework\data\spring-data-jpa\3.3.0\spring-data-jpa-3.3.0.jar;C:\Users\daniel\.m2\repository\org\springframework\data\spring-data-commons\3.3.0\spring-data-commons-3.3.0.jar;C:\Users\daniel\.m2\repository\org\springframework\spring-orm\6.1.8\spring-orm-6.1.8.jar;C:\Users\daniel\.m2\repository\org\springframework\spring-tx\6.1.8\spring-tx-6.1.8.jar;C:\Users\daniel\.m2\repository\org\springframework\spring-aspects\6.1.8\spring-aspects-6.1.8.jar;C:\Users\daniel\.m2\repository\org\springframework\boot\spring-boot-starter-security\3.3.0\spring-boot-starter-security-3.3.0.jar;C:\Users\daniel\.m2\repository\org\springframework\spring-aop\6.1.8\spring-aop-6.1.8.jar;C:\Users\daniel\.m2\repository\org\springframework\security\spring-security-config\6.3.0\spring-security-config-6.3.0.jar;C:\Users\daniel\.m2\repository\org\springframework\security\spring-security-core\6.3.0\spring-security-core-6.3.0.jar;C:\Users\daniel\.m2\repository\org\springframework\security\spring-security-crypto\6.3.0\spring-security-crypto-6.3.0.jar;C:\Users\daniel\.m2\repository\org\springframework\security\spring-security-web\6.3.0\spring-security-web-6.3.0.jar;C:\Users\daniel\.m2\repository\io\jsonwebtoken\jjwt\0.12.5\jjwt-0.12.5.jar;C:\Users\daniel\.m2\repository\io\jsonwebtoken\jjwt-api\0.12.5\jjwt-api-0.12.5.jar;C:\Users\daniel\.m2\repository\io\jsonwebtoken\jjwt-impl\0.12.5\jjwt-impl-0.12.5.jar;C:\Users\daniel\.m2\repository\io\jsonwebtoken\jjwt-jackson\0.12.5\jjwt-jackson-0.12.5.jar;C:\Users\daniel\.m2\repository\com\h2database\h2\2.2.224\h2-2.2.224.jar;C:\Users\daniel\.m2\repository\org\springframework\boot\spring-boot-starter-data-redis\3.3.0\spring-boot-starter-data-redis-3.3.0.jar;C:\Users\daniel\.m2\repository\io\lettuce\lettuce-core\6.3.2.RELEASE\lettuce-core-6.3.2.RELEASE.jar;C:\Users\daniel\.m2\repository\io\netty\netty-common\4.1.110.Final\netty-common-4.1.110.Final.jar;C:\Users\daniel\.m2\repository\io\netty\netty-handler\4.1.110.Final\netty-handler-4.1.110.Final.jar;C:\Users\daniel\.m2\repository\io\netty\netty-resolver\4.1.110.Final\netty-resolver-4.1.110.Final.jar;C:\Users\daniel\.m2\repository\io\netty\netty-buffer\4.1.110.Final\netty-buffer-4.1.110.Final.jar;C:\Users\daniel\.m2\repository\io\netty\netty-transport-native-unix-common\4.1.110.Final\netty-transport-native-unix-common-4.1.110.Final.jar;C:\Users\daniel\.m2\repository\io\netty\netty-codec\4.1.110.Final\netty-codec-4.1.110.Final.jar;C:\Users\daniel\.m2\repository\io\netty\netty-transport\4.1.110.Final\netty-transport-4.1.110.Final.jar;C:\Users\daniel\.m2\repository\io\projectreactor\reactor-core\3.6.6\reactor-core-3.6.6.jar;C:\Users\daniel\.m2\repository\org\reactivestreams\reactive-streams\1.0.4\reactive-streams-1.0.4.jar;C:\Users\daniel\.m2\repository\org\springframework\data\spring-data-redis\3.3.0\spring-data-redis-3.3.0.jar;C:\Users\daniel\.m2\repository\org\springframework\data\spring-data-keyvalue\3.3.0\spring-data-keyvalue-3.3.0.jar;C:\Users\daniel\.m2\repository\org\springframework\spring-oxm\6.1.8\spring-oxm-6.1.8.jar;C:\Users\daniel\.m2\repository\org\springframework\spring-context-support\6.1.8\spring-context-support-6.1.8.jar;C:\Users\daniel\.m2\repository\org\testcontainers\postgresql\1.17.6\postgresql-1.17.6.jar;C:\Users\daniel\.m2\repository\org\testcontainers\jdbc\1.19.8\jdbc-1.19.8.jar;C:\Users\daniel\.m2\repository\org\testcontainers\database-commons\1.19.8\database-commons-1.19.8.jar;C:\Users\daniel\.m2\repository\org\testcontainers\junit-jupiter\1.17.6\junit-jupiter-1.17.6.jar;C:\Users\daniel\.m2\repository\org\testcontainers\testcontainers\1.19.8\testcontainers-1.19.8.jar;C:\Users\daniel\.m2\repository\junit\junit\4.13.2\junit-4.13.2.jar;C:\Users\daniel\.m2\repository\org\hamcrest\hamcrest-core\2.2\hamcrest-core-2.2.jar;C:\Users\daniel\.m2\repository\org\apache\commons\commons-compress\1.24.0\commons-compress-1.24.0.jar;C:\Users\daniel\.m2\repository\org\rnorth\duct-tape\duct-tape\1.0.8\duct-tape-1.0.8.jar;C:\Users\daniel\.m2\repository\org\jetbrains\annotations\17.0.0\annotations-17.0.0.jar;C:\Users\daniel\.m2\repository\com\github\docker-java\docker-java-api\3.3.6\docker-java-api-3.3.6.jar;C:\Users\daniel\.m2\repository\com\github\docker-java\docker-java-transport-zerodep\3.3.6\docker-java-transport-zerodep-3.3.6.jar;C:\Users\daniel\.m2\repository\com\github\docker-java\docker-java-transport\3.3.6\docker-java-transport-3.3.6.jar;C:\Users\daniel\.m2\repository\net\java\dev\jna\jna\5.13.0\jna-5.13.0.jar;C:\Users\daniel\.m2\repository\org\junit\jupiter\junit-jupiter-api\5.10.2\junit-jupiter-api-5.10.2.jar;C:\Users\daniel\.m2\repository\org\opentest4j\opentest4j\1.3.0\opentest4j-1.3.0.jar;C:\Users\daniel\.m2\repository\org\junit\platform\junit-platform-commons\1.10.2\junit-platform-commons-1.10.2.jar;C:\Users\daniel\.m2\repository\org\apiguardian\apiguardian-api\1.1.2\apiguardian-api-1.1.2.jar;"/>
    <property name="java.vm.vendor" value="Oracle Corporation"/>
    <property name="sun.arch.data.model" value="64"/>
    <property name="user.variant" value=""/>
    <property name="java.vendor.url" value="https://java.oracle.com/"/>
    <property name="user.timezone" value="Europe/Kiev"/>
    <property name="org.jboss.logging.provider" value="slf4j"/>
    <property name="user.country.format" value="UA"/>
    <property name="os.name" value="Windows 11"/>
    <property name="java.vm.specification.version" value="21"/>
    <property name="sun.java.launcher" value="SUN_STANDARD"/>
    <property name="user.country" value="RU"/>
    <property name="sun.boot.library.path" value="C:\Program Files\Java\jdk-21\bin"/>
    <property name="sun.java.command" value="C:\Users\daniel\AppData\Local\Temp\surefire14997565960872538917\surefirebooter-20240612142816087_3.jar C:\Users\daniel\AppData\Local\Temp\surefire14997565960872538917 2024-06-12T14-28-15_973-jvmRun1 surefire-20240612142816087_1tmp surefire_0-20240612142816087_2tmp"/>
    <property name="jdk.debug" value="release"/>
    <property name="surefire.test.class.path" value="H:\WORK\URL-Shortener\target\test-classes;H:\WORK\URL-Shortener\target\classes;C:\Users\daniel\.m2\repository\org\springframework\boot\spring-boot-starter-web\3.3.0\spring-boot-starter-web-3.3.0.jar;C:\Users\daniel\.m2\repository\org\springframework\boot\spring-boot-starter\3.3.0\spring-boot-starter-3.3.0.jar;C:\Users\daniel\.m2\repository\org\springframework\boot\spring-boot\3.3.0\spring-boot-3.3.0.jar;C:\Users\daniel\.m2\repository\org\springframework\boot\spring-boot-autoconfigure\3.3.0\spring-boot-autoconfigure-3.3.0.jar;C:\Users\daniel\.m2\repository\org\springframework\boot\spring-boot-starter-logging\3.3.0\spring-boot-starter-logging-3.3.0.jar;C:\Users\daniel\.m2\repository\ch\qos\logback\logback-classic\1.5.6\logback-classic-1.5.6.jar;C:\Users\daniel\.m2\repository\ch\qos\logback\logback-core\1.5.6\logback-core-1.5.6.jar;C:\Users\daniel\.m2\repository\org\apache\logging\log4j\log4j-to-slf4j\2.23.1\log4j-to-slf4j-2.23.1.jar;C:\Users\daniel\.m2\repository\org\apache\logging\log4j\log4j-api\2.23.1\log4j-api-2.23.1.jar;C:\Users\daniel\.m2\repository\org\slf4j\jul-to-slf4j\2.0.13\jul-to-slf4j-2.0.13.jar;C:\Users\daniel\.m2\repository\jakarta\annotation\jakarta.annotation-api\2.1.1\jakarta.annotation-api-2.1.1.jar;C:\Users\daniel\.m2\repository\org\yaml\snakeyaml\2.2\snakeyaml-2.2.jar;C:\Users\daniel\.m2\repository\org\springframework\boot\spring-boot-starter-json\3.3.0\spring-boot-starter-json-3.3.0.jar;C:\Users\daniel\.m2\repository\com\fasterxml\jackson\core\jackson-databind\2.17.1\jackson-databind-2.17.1.jar;C:\Users\daniel\.m2\repository\com\fasterxml\jackson\core\jackson-annotations\2.17.1\jackson-annotations-2.17.1.jar;C:\Users\daniel\.m2\repository\com\fasterxml\jackson\datatype\jackson-datatype-jdk8\2.17.1\jackson-datatype-jdk8-2.17.1.jar;C:\Users\daniel\.m2\repository\com\fasterxml\jackson\datatype\jackson-datatype-jsr310\2.17.1\jackson-datatype-jsr310-2.17.1.jar;C:\Users\daniel\.m2\repository\com\fasterxml\jackson\module\jackson-module-parameter-names\2.17.1\jackson-module-parameter-names-2.17.1.jar;C:\Users\daniel\.m2\repository\org\springframework\boot\spring-boot-starter-tomcat\3.3.0\spring-boot-starter-tomcat-3.3.0.jar;C:\Users\daniel\.m2\repository\org\apache\tomcat\embed\tomcat-embed-core\10.1.24\tomcat-embed-core-10.1.24.jar;C:\Users\daniel\.m2\repository\org\apache\tomcat\embed\tomcat-embed-el\10.1.24\tomcat-embed-el-10.1.24.jar;C:\Users\daniel\.m2\repository\org\apache\tomcat\embed\tomcat-embed-websocket\10.1.24\tomcat-embed-websocket-10.1.24.jar;C:\Users\daniel\.m2\repository\org\springframework\spring-web\6.1.8\spring-web-6.1.8.jar;C:\Users\daniel\.m2\repository\org\springframework\spring-beans\6.1.8\spring-beans-6.1.8.jar;C:\Users\daniel\.m2\repository\io\micrometer\micrometer-observation\1.13.0\micrometer-observation-1.13.0.jar;C:\Users\daniel\.m2\repository\io\micrometer\micrometer-commons\1.13.0\micrometer-commons-1.13.0.jar;C:\Users\daniel\.m2\repository\org\springframework\spring-webmvc\6.1.8\spring-webmvc-6.1.8.jar;C:\Users\daniel\.m2\repository\org\springframework\spring-context\6.1.8\spring-context-6.1.8.jar;C:\Users\daniel\.m2\repository\org\springframework\spring-expression\6.1.8\spring-expression-6.1.8.jar;C:\Users\daniel\.m2\repository\org\flywaydb\flyway-core\10.10.0\flyway-core-10.10.0.jar;C:\Users\daniel\.m2\repository\com\fasterxml\jackson\dataformat\jackson-dataformat-toml\2.17.1\jackson-dataformat-toml-2.17.1.jar;C:\Users\daniel\.m2\repository\com\fasterxml\jackson\core\jackson-core\2.17.1\jackson-core-2.17.1.jar;C:\Users\daniel\.m2\repository\com\google\code\gson\gson\2.10.1\gson-2.10.1.jar;C:\Users\daniel\.m2\repository\org\flywaydb\flyway-database-postgresql\10.10.0\flyway-database-postgresql-10.10.0.jar;C:\Users\daniel\.m2\repository\org\springdoc\springdoc-openapi-starter-webmvc-ui\2.3.0\springdoc-openapi-starter-webmvc-ui-2.3.0.jar;C:\Users\daniel\.m2\repository\org\springdoc\springdoc-openapi-starter-webmvc-api\2.3.0\springdoc-openapi-starter-webmvc-api-2.3.0.jar;C:\Users\daniel\.m2\repository\org\springdoc\springdoc-openapi-starter-common\2.3.0\springdoc-openapi-starter-common-2.3.0.jar;C:\Users\daniel\.m2\repository\io\swagger\core\v3\swagger-core-jakarta\2.2.19\swagger-core-jakarta-2.2.19.jar;C:\Users\daniel\.m2\repository\org\apache\commons\commons-lang3\3.14.0\commons-lang3-3.14.0.jar;C:\Users\daniel\.m2\repository\io\swagger\core\v3\swagger-annotations-jakarta\2.2.19\swagger-annotations-jakarta-2.2.19.jar;C:\Users\daniel\.m2\repository\io\swagger\core\v3\swagger-models-jakarta\2.2.19\swagger-models-jakarta-2.2.19.jar;C:\Users\daniel\.m2\repository\jakarta\validation\jakarta.validation-api\3.0.2\jakarta.validation-api-3.0.2.jar;C:\Users\daniel\.m2\repository\com\fasterxml\jackson\dataformat\jackson-dataformat-yaml\2.17.1\jackson-dataformat-yaml-2.17.1.jar;C:\Users\daniel\.m2\repository\org\webjars\swagger-ui\5.10.3\swagger-ui-5.10.3.jar;C:\Users\daniel\.m2\repository\org\postgresql\postgresql\42.7.3\postgresql-42.7.3.jar;C:\Users\daniel\.m2\repository\org\checkerframework\checker-qual\3.42.0\checker-qual-3.42.0.jar;C:\Users\daniel\.m2\repository\org\projectlombok\lombok\1.18.32\lombok-1.18.32.jar;C:\Users\daniel\.m2\repository\org\springframework\boot\spring-boot-starter-test\3.3.0\spring-boot-starter-test-3.3.0.jar;C:\Users\daniel\.m2\repository\org\springframework\boot\spring-boot-test\3.3.0\spring-boot-test-3.3.0.jar;C:\Users\daniel\.m2\repository\org\springframework\boot\spring-boot-test-autoconfigure\3.3.0\spring-boot-test-autoconfigure-3.3.0.jar;C:\Users\daniel\.m2\repository\com\jayway\jsonpath\json-path\2.9.0\json-path-2.9.0.jar;C:\Users\daniel\.m2\repository\org\slf4j\slf4j-api\2.0.13\slf4j-api-2.0.13.jar;C:\Users\daniel\.m2\repository\jakarta\xml\bind\jakarta.xml.bind-api\4.0.2\jakarta.xml.bind-api-4.0.2.jar;C:\Users\daniel\.m2\repository\jakarta\activation\jakarta.activation-api\2.1.3\jakarta.activation-api-2.1.3.jar;C:\Users\daniel\.m2\repository\net\minidev\json-smart\2.5.1\json-smart-2.5.1.jar;C:\Users\daniel\.m2\repository\net\minidev\accessors-smart\2.5.1\accessors-smart-2.5.1.jar;C:\Users\daniel\.m2\repository\org\ow2\asm\asm\9.6\asm-9.6.jar;C:\Users\daniel\.m2\repository\org\assertj\assertj-core\3.25.3\assertj-core-3.25.3.jar;C:\Users\daniel\.m2\repository\net\bytebuddy\byte-buddy\1.14.16\byte-buddy-1.14.16.jar;C:\Users\daniel\.m2\repository\org\awaitility\awaitility\4.2.1\awaitility-4.2.1.jar;C:\Users\daniel\.m2\repository\org\hamcrest\hamcrest\2.2\hamcrest-2.2.jar;C:\Users\daniel\.m2\repository\org\junit\jupiter\junit-jupiter\5.10.2\junit-jupiter-5.10.2.jar;C:\Users\daniel\.m2\repository\org\junit\jupiter\junit-jupiter-params\5.10.2\junit-jupiter-params-5.10.2.jar;C:\Users\daniel\.m2\repository\org\junit\jupiter\junit-jupiter-engine\5.10.2\junit-jupiter-engine-5.10.2.jar;C:\Users\daniel\.m2\repository\org\junit\platform\junit-platform-engine\1.10.2\junit-platform-engine-1.10.2.jar;C:\Users\daniel\.m2\repository\org\mockito\mockito-core\5.11.0\mockito-core-5.11.0.jar;C:\Users\daniel\.m2\repository\net\bytebuddy\byte-buddy-agent\1.14.16\byte-buddy-agent-1.14.16.jar;C:\Users\daniel\.m2\repository\org\objenesis\objenesis\3.3\objenesis-3.3.jar;C:\Users\daniel\.m2\repository\org\mockito\mockito-junit-jupiter\5.11.0\mockito-junit-jupiter-5.11.0.jar;C:\Users\daniel\.m2\repository\org\skyscreamer\jsonassert\1.5.1\jsonassert-1.5.1.jar;C:\Users\daniel\.m2\repository\com\vaadin\external\google\android-json\0.0.20131108.vaadin1\android-json-0.0.20131108.vaadin1.jar;C:\Users\daniel\.m2\repository\org\springframework\spring-core\6.1.8\spring-core-6.1.8.jar;C:\Users\daniel\.m2\repository\org\springframework\spring-jcl\6.1.8\spring-jcl-6.1.8.jar;C:\Users\daniel\.m2\repository\org\springframework\spring-test\6.1.8\spring-test-6.1.8.jar;C:\Users\daniel\.m2\repository\org\xmlunit\xmlunit-core\2.9.1\xmlunit-core-2.9.1.jar;C:\Users\daniel\.m2\repository\org\springframework\boot\spring-boot-starter-data-jpa\3.3.0\spring-boot-starter-data-jpa-3.3.0.jar;C:\Users\daniel\.m2\repository\org\springframework\boot\spring-boot-starter-aop\3.3.0\spring-boot-starter-aop-3.3.0.jar;C:\Users\daniel\.m2\repository\org\aspectj\aspectjweaver\1.9.22\aspectjweaver-1.9.22.jar;C:\Users\daniel\.m2\repository\org\springframework\boot\spring-boot-starter-jdbc\3.3.0\spring-boot-starter-jdbc-3.3.0.jar;C:\Users\daniel\.m2\repository\com\zaxxer\HikariCP\5.1.0\HikariCP-5.1.0.jar;C:\Users\daniel\.m2\repository\org\springframework\spring-jdbc\6.1.8\spring-jdbc-6.1.8.jar;C:\Users\daniel\.m2\repository\org\hibernate\orm\hibernate-core\6.5.2.Final\hibernate-core-6.5.2.Final.jar;C:\Users\daniel\.m2\repository\jakarta\persistence\jakarta.persistence-api\3.1.0\jakarta.persistence-api-3.1.0.jar;C:\Users\daniel\.m2\repository\jakarta\transaction\jakarta.transaction-api\2.0.1\jakarta.transaction-api-2.0.1.jar;C:\Users\daniel\.m2\repository\org\jboss\logging\jboss-logging\3.5.3.Final\jboss-logging-3.5.3.Final.jar;C:\Users\daniel\.m2\repository\org\hibernate\common\hibernate-commons-annotations\6.0.6.Final\hibernate-commons-annotations-6.0.6.Final.jar;C:\Users\daniel\.m2\repository\io\smallrye\jandex\3.1.2\jandex-3.1.2.jar;C:\Users\daniel\.m2\repository\com\fasterxml\classmate\1.7.0\classmate-1.7.0.jar;C:\Users\daniel\.m2\repository\org\glassfish\jaxb\jaxb-runtime\4.0.5\jaxb-runtime-4.0.5.jar;C:\Users\daniel\.m2\repository\org\glassfish\jaxb\jaxb-core\4.0.5\jaxb-core-4.0.5.jar;C:\Users\daniel\.m2\repository\org\eclipse\angus\angus-activation\2.0.2\angus-activation-2.0.2.jar;C:\Users\daniel\.m2\repository\org\glassfish\jaxb\txw2\4.0.5\txw2-4.0.5.jar;C:\Users\daniel\.m2\repository\com\sun\istack\istack-commons-runtime\4.1.2\istack-commons-runtime-4.1.2.jar;C:\Users\daniel\.m2\repository\jakarta\inject\jakarta.inject-api\2.0.1\jakarta.inject-api-2.0.1.jar;C:\Users\daniel\.m2\repository\org\antlr\antlr4-runtime\4.13.0\antlr4-runtime-4.13.0.jar;C:\Users\daniel\.m2\repository\org\springframework\data\spring-data-jpa\3.3.0\spring-data-jpa-3.3.0.jar;C:\Users\daniel\.m2\repository\org\springframework\data\spring-data-commons\3.3.0\spring-data-commons-3.3.0.jar;C:\Users\daniel\.m2\repository\org\springframework\spring-orm\6.1.8\spring-orm-6.1.8.jar;C:\Users\daniel\.m2\repository\org\springframework\spring-tx\6.1.8\spring-tx-6.1.8.jar;C:\Users\daniel\.m2\repository\org\springframework\spring-aspects\6.1.8\spring-aspects-6.1.8.jar;C:\Users\daniel\.m2\repository\org\springframework\boot\spring-boot-starter-security\3.3.0\spring-boot-starter-security-3.3.0.jar;C:\Users\daniel\.m2\repository\org\springframework\spring-aop\6.1.8\spring-aop-6.1.8.jar;C:\Users\daniel\.m2\repository\org\springframework\security\spring-security-config\6.3.0\spring-security-config-6.3.0.jar;C:\Users\daniel\.m2\repository\org\springframework\security\spring-security-core\6.3.0\spring-security-core-6.3.0.jar;C:\Users\daniel\.m2\repository\org\springframework\security\spring-security-crypto\6.3.0\spring-security-crypto-6.3.0.jar;C:\Users\daniel\.m2\repository\org\springframework\security\spring-security-web\6.3.0\spring-security-web-6.3.0.jar;C:\Users\daniel\.m2\repository\io\jsonwebtoken\jjwt\0.12.5\jjwt-0.12.5.jar;C:\Users\daniel\.m2\repository\io\jsonwebtoken\jjwt-api\0.12.5\jjwt-api-0.12.5.jar;C:\Users\daniel\.m2\repository\io\jsonwebtoken\jjwt-impl\0.12.5\jjwt-impl-0.12.5.jar;C:\Users\daniel\.m2\repository\io\jsonwebtoken\jjwt-jackson\0.12.5\jjwt-jackson-0.12.5.jar;C:\Users\daniel\.m2\repository\com\h2database\h2\2.2.224\h2-2.2.224.jar;C:\Users\daniel\.m2\repository\org\springframework\boot\spring-boot-starter-data-redis\3.3.0\spring-boot-starter-data-redis-3.3.0.jar;C:\Users\daniel\.m2\repository\io\lettuce\lettuce-core\6.3.2.RELEASE\lettuce-core-6.3.2.RELEASE.jar;C:\Users\daniel\.m2\repository\io\netty\netty-common\4.1.110.Final\netty-common-4.1.110.Final.jar;C:\Users\daniel\.m2\repository\io\netty\netty-handler\4.1.110.Final\netty-handler-4.1.110.Final.jar;C:\Users\daniel\.m2\repository\io\netty\netty-resolver\4.1.110.Final\netty-resolver-4.1.110.Final.jar;C:\Users\daniel\.m2\repository\io\netty\netty-buffer\4.1.110.Final\netty-buffer-4.1.110.Final.jar;C:\Users\daniel\.m2\repository\io\netty\netty-transport-native-unix-common\4.1.110.Final\netty-transport-native-unix-common-4.1.110.Final.jar;C:\Users\daniel\.m2\repository\io\netty\netty-codec\4.1.110.Final\netty-codec-4.1.110.Final.jar;C:\Users\daniel\.m2\repository\io\netty\netty-transport\4.1.110.Final\netty-transport-4.1.110.Final.jar;C:\Users\daniel\.m2\repository\io\projectreactor\reactor-core\3.6.6\reactor-core-3.6.6.jar;C:\Users\daniel\.m2\repository\org\reactivestreams\reactive-streams\1.0.4\reactive-streams-1.0.4.jar;C:\Users\daniel\.m2\repository\org\springframework\data\spring-data-redis\3.3.0\spring-data-redis-3.3.0.jar;C:\Users\daniel\.m2\repository\org\springframework\data\spring-data-keyvalue\3.3.0\spring-data-keyvalue-3.3.0.jar;C:\Users\daniel\.m2\repository\org\springframework\spring-oxm\6.1.8\spring-oxm-6.1.8.jar;C:\Users\daniel\.m2\repository\org\springframework\spring-context-support\6.1.8\spring-context-support-6.1.8.jar;C:\Users\daniel\.m2\repository\org\testcontainers\postgresql\1.17.6\postgresql-1.17.6.jar;C:\Users\daniel\.m2\repository\org\testcontainers\jdbc\1.19.8\jdbc-1.19.8.jar;C:\Users\daniel\.m2\repository\org\testcontainers\database-commons\1.19.8\database-commons-1.19.8.jar;C:\Users\daniel\.m2\repository\org\testcontainers\junit-jupiter\1.17.6\junit-jupiter-1.17.6.jar;C:\Users\daniel\.m2\repository\org\testcontainers\testcontainers\1.19.8\testcontainers-1.19.8.jar;C:\Users\daniel\.m2\repository\junit\junit\4.13.2\junit-4.13.2.jar;C:\Users\daniel\.m2\repository\org\hamcrest\hamcrest-core\2.2\hamcrest-core-2.2.jar;C:\Users\daniel\.m2\repository\org\apache\commons\commons-compress\1.24.0\commons-compress-1.24.0.jar;C:\Users\daniel\.m2\repository\org\rnorth\duct-tape\duct-tape\1.0.8\duct-tape-1.0.8.jar;C:\Users\daniel\.m2\repository\org\jetbrains\annotations\17.0.0\annotations-17.0.0.jar;C:\Users\daniel\.m2\repository\com\github\docker-java\docker-java-api\3.3.6\docker-java-api-3.3.6.jar;C:\Users\daniel\.m2\repository\com\github\docker-java\docker-java-transport-zerodep\3.3.6\docker-java-transport-zerodep-3.3.6.jar;C:\Users\daniel\.m2\repository\com\github\docker-java\docker-java-transport\3.3.6\docker-java-transport-3.3.6.jar;C:\Users\daniel\.m2\repository\net\java\dev\jna\jna\5.13.0\jna-5.13.0.jar;C:\Users\daniel\.m2\repository\org\junit\jupiter\junit-jupiter-api\5.10.2\junit-jupiter-api-5.10.2.jar;C:\Users\daniel\.m2\repository\org\opentest4j\opentest4j\1.3.0\opentest4j-1.3.0.jar;C:\Users\daniel\.m2\repository\org\junit\platform\junit-platform-commons\1.10.2\junit-platform-commons-1.10.2.jar;C:\Users\daniel\.m2\repository\org\apiguardian\apiguardian-api\1.1.2\apiguardian-api-1.1.2.jar;"/>
    <property name="sun.cpu.endian" value="little"/>
    <property name="user.home" value="C:\Users\daniel"/>
    <property name="user.language" value="ru"/>
    <property name="java.specification.vendor" value="Oracle Corporation"/>
    <property name="java.version.date" value="2023-10-17"/>
    <property name="java.home" value="C:\Program Files\Java\jdk-21"/>
    <property name="file.separator" value="\"/>
    <property name="basedir" value="H:\WORK\URL-Shortener"/>
    <property name="java.vm.compressedOopsMode" value="Zero based"/>
    <property name="line.separator" value="&#10;"/>
    <property name="java.vm.specification.vendor" value="Oracle Corporation"/>
    <property name="java.specification.name" value="Java Platform API Specification"/>
    <property name="FILE_LOG_CHARSET" value="UTF-8"/>
    <property name="java.awt.headless" value="true"/>
    <property name="surefire.real.class.path" value="C:\Users\daniel\AppData\Local\Temp\surefire14997565960872538917\surefirebooter-20240612142816087_3.jar"/>
    <property name="user.script" value=""/>
    <property name="sun.management.compiler" value="HotSpot 64-Bit Tiered Compilers"/>
    <property name="java.runtime.version" value="21.0.1+12-LTS-29"/>
    <property name="user.name" value="daniel"/>
    <property name="stdout.encoding" value="Cp1251"/>
    <property name="path.separator" value=";"/>
    <property name="os.version" value="10.0"/>
    <property name="java.runtime.name" value="Java(TM) SE Runtime Environment"/>
    <property name="file.encoding" value="UTF-8"/>
    <property name="java.vm.name" value="Java HotSpot(TM) 64-Bit Server VM"/>
    <property name="localRepository" value="C:\Users\daniel\.m2\repository"/>
    <property name="java.vendor.url.bug" value="https://bugreport.java.com/bugreport/"/>
    <property name="java.io.tmpdir" value="C:\Users\daniel\AppData\Local\Temp\"/>
    <property name="idea.version" value="2023.2.3"/>
    <property name="com.zaxxer.hikari.pool_number" value="1"/>
    <property name="java.version" value="21.0.1"/>
    <property name="user.dir" value="H:\WORK\URL-Shortener"/>
    <property name="os.arch" value="amd64"/>
    <property name="java.vm.specification.name" value="Java Virtual Machine Specification"/>
    <property name="PID" value="12012"/>
    <property name="user.language.format" value="uk"/>
    <property name="sun.os.patch.level" value=""/>
    <property name="CONSOLE_LOG_CHARSET" value="UTF-8"/>
    <property name="native.encoding" value="Cp1251"/>
    <property name="java.library.path" value="C:\Program Files\Java\jdk-21\bin;C:\Windows\Sun\Java\bin;C:\Windows\system32;C:\Windows;C:\Program Files\Common Files\Oracle\Java\javapath;C:\Program Files (x86)\Common Files\Oracle\Java\javapath;C:\Windows\system32;C:\Windows;C:\Windows\System32\Wbem;C:\Windows\System32\WindowsPowerShell\v1.0\;C:\Windows\System32\OpenSSH\;C:\Program Files\Git\cmd;C:\Program Files (x86)\NVIDIA Corporation\PhysX\Common;C:\Program Files\NVIDIA Corporation\NVIDIA NvDLISR;C:\Program Files\Docker\Docker\resources\bin;C:\Program Files\Java\jdk-17\bin;C:\Users\daniel\AppData\Local\Programs\Python\Python311\Scripts\;C:\Users\daniel\AppData\Local\Programs\Python\Python311\;C:\Users\daniel\Documents\Maven\apache-maven-3.9.5\bin\bin;C:\Program Files\JetBrains\IntelliJ IDEA Community Edition 2023.2.3\bin;;C:\Users\daniel\AppData\Local\GitHubDesktop\bin;C:\Users\daniel\Documents\Maven\apache-maven-3.9.5\bin;;H:\VsCode\Microsoft VS Code\bin;."/>
    <property name="java.vm.info" value="mixed mode, sharing"/>
    <property name="stderr.encoding" value="Cp1251"/>
    <property name="java.vendor" value="Oracle Corporation"/>
    <property name="java.vm.version" value="21.0.1+12-LTS-29"/>
    <property name="sun.io.unicode.encoding" value="UnicodeLittle"/>
    <property name="java.class.version" value="65.0"/>
    <property name="LOGGED_APPLICATION_NAME" value="[URL Shortener] "/>
  </properties>
  <testcase name="isValidURLTest" classname="com.example.url_profile.UrlProfileValidationServiceTest" time="1.139">
    <system-out><![CDATA[2024-06-12T14:28:30.437+03:00 DEBUG 12012 --- [URL Shortener] [           main] tc.postgres:latest                       : Starting container: postgres:latest
2024-06-12T14:28:30.437+03:00 DEBUG 12012 --- [URL Shortener] [           main] tc.postgres:latest                       : Trying to start container: postgres:latest (attempt 1/1)
2024-06-12T14:28:30.437+03:00 DEBUG 12012 --- [URL Shortener] [           main] tc.postgres:latest                       : Starting container: postgres:latest
2024-06-12T14:28:30.437+03:00  INFO 12012 --- [URL Shortener] [           main] tc.postgres:latest                       : Creating container for image: postgres:latest
2024-06-12T14:28:30.437+03:00 DEBUG 12012 --- [URL Shortener] [           main] o.t.utility.RegistryAuthLocator          : Looking up auth config for image: postgres:latest at registry: https://index.docker.io/v1/
2024-06-12T14:28:30.437+03:00 DEBUG 12012 --- [URL Shortener] [           main] o.t.utility.RegistryAuthLocator          : No matching Auth Configs - falling back to defaultAuthConfig [null]
2024-06-12T14:28:30.437+03:00 DEBUG 12012 --- [URL Shortener] [           main] o.t.d.AuthDelegatingDockerClientConfig   : Effective auth config [null]
2024-06-12T14:28:30.437+03:00 DEBUG 12012 --- [URL Shortener] [           main] o.t.s.c.g.d.core.command.AbstrDockerCmd  : Cmd: org.testcontainers.shaded.com.github.dockerjava.core.command.CreateContainerCmdImpl@53f94afe[aliases=<null>,argsEscaped=<null>,attachStderr=<null>,attachStdin=<null>,attachStdout=<null>,authConfig=<null>,cmd={postgres,-c,fsync=off},domainName=<null>,entrypoint=<null>,env={POSTGRES_USER=testuser,POSTGRES_PASSWORD=testpass,POSTGRES_DB=testdb},exposedPorts=ExposedPorts(exposedPorts=[5432/tcp]),healthcheck=<null>,hostConfig=HostConfig(binds=[], blkioWeight=null, blkioWeightDevice=null, blkioDeviceReadBps=null, blkioDeviceWriteBps=null, blkioDeviceReadIOps=null, blkioDeviceWriteIOps=null, memorySwappiness=null, nanoCPUs=null, capAdd=null, capDrop=null, containerIDFile=null, cpuPeriod=null, cpuRealtimePeriod=null, cpuRealtimeRuntime=null, cpuShares=null, cpuQuota=null, cpusetCpus=null, cpusetMems=null, devices=null, deviceCgroupRules=null, deviceRequests=null, diskQuota=null, dns=null, dnsOptions=null, dnsSearch=null, extraHosts=[], groupAdd=null, ipcMode=null, cgroup=null, links=[], logConfig=LogConfig(type=null, config=null), lxcConf=null, memory=null, memorySwap=null, memoryReservation=null, kernelMemory=null, networkMode=null, oomKillDisable=null, init=null, autoRemove=null, oomScoreAdj=null, portBindings={5432/tcp=[Lcom.github.dockerjava.api.model.Ports$Binding;@2f8ab988}, privileged=null, publishAllPorts=null, readonlyRootfs=null, restartPolicy=null, ulimits=null, cpuCount=null, cpuPercent=null, ioMaximumIOps=null, ioMaximumBandwidth=null, volumesFrom=[], mounts=null, pidMode=null, isolation=null, securityOpts=null, storageOpt=null, cgroupParent=null, volumeDriver=null, shmSize=null, pidsLimit=null, runtime=null, tmpFs=null, utSMode=null, usernsMode=null, sysctls=null, consoleSize=null, cgroupnsMode=null),hostName=<null>,image=postgres:latest,ipv4Address=<null>,ipv6Address=<null>,labels={org.testcontainers=true, org.testcontainers.lang=java, org.testcontainers.version=1.19.8, org.testcontainers.sessionId=7171fa07-21e4-4858-9670-1c8520dc0b21},macAddress=<null>,name=<null>,networkDisabled=<null>,networkingConfig=<null>,onBuild=<null>,platform=<null>,portSpecs=<null>,shell=<null>,stdInOnce=<null>,stdinOpen=<null>,stopSignal=<null>,stopTimeout=<null>,tty=<null>,user=<null>,volumes=Volumes(volumes=[]),workingDir=<null>]
2024-06-12T14:28:30.438+03:00 DEBUG 12012 --- [URL Shortener] [           main] g.d.z.s.o.a.h.c.h.i.c.InternalHttpClient : ex-00000032: preparing request execution
2024-06-12T14:28:30.438+03:00 DEBUG 12012 --- [URL Shortener] [           main] c.g.d.z.s.o.a.h.c.h.p.RequestAddCookies  : Cookie spec selected: strict
2024-06-12T14:28:30.438+03:00 DEBUG 12012 --- [URL Shortener] [           main] c.g.d.z.s.o.a.h.c.h.p.RequestAuthCache   : Auth cache not set in the context
2024-06-12T14:28:30.438+03:00 DEBUG 12012 --- [URL Shortener] [           main] c.g.d.z.s.o.a.h.c.h.i.c.ProtocolExec     : ex-00000032: target auth state: UNCHALLENGED
2024-06-12T14:28:30.438+03:00 DEBUG 12012 --- [URL Shortener] [           main] c.g.d.z.s.o.a.h.c.h.i.c.ProtocolExec     : ex-00000032: proxy auth state: UNCHALLENGED
2024-06-12T14:28:30.438+03:00 DEBUG 12012 --- [URL Shortener] [           main] c.g.d.z.s.o.a.h.c.h.i.c.ConnectExec      : ex-00000032: acquiring connection with route {}->npipe://localhost:2375
2024-06-12T14:28:30.438+03:00 DEBUG 12012 --- [URL Shortener] [           main] g.d.z.s.o.a.h.c.h.i.c.InternalHttpClient : ex-00000032: acquiring endpoint (3 MINUTES)
2024-06-12T14:28:30.438+03:00 DEBUG 12012 --- [URL Shortener] [           main] h.i.i.PoolingHttpClientConnectionManager : ex-00000032: endpoint lease request (3 MINUTES) [route: {}->npipe://localhost:2375][total available: 1; route allocated: 1 of 2147483647; total allocated: 1 of 2147483647]
2024-06-12T14:28:30.438+03:00 DEBUG 12012 --- [URL Shortener] [           main] h.i.i.PoolingHttpClientConnectionManager : ex-00000032: endpoint leased [route: {}->npipe://localhost:2375][total available: 0; route allocated: 1 of 2147483647; total allocated: 1 of 2147483647]
2024-06-12T14:28:30.438+03:00 DEBUG 12012 --- [URL Shortener] [           main] h.i.i.PoolingHttpClientConnectionManager : ex-00000032: acquired ep-00000031
2024-06-12T14:28:30.439+03:00 DEBUG 12012 --- [URL Shortener] [           main] g.d.z.s.o.a.h.c.h.i.c.InternalHttpClient : ex-00000032: acquired endpoint ep-00000031
2024-06-12T14:28:30.439+03:00 DEBUG 12012 --- [URL Shortener] [           main] c.g.d.z.s.o.a.h.c.h.i.c.MainClientExec   : ex-00000032: executing POST /v1.32/containers/create HTTP/1.1
2024-06-12T14:28:30.439+03:00 DEBUG 12012 --- [URL Shortener] [           main] g.d.z.s.o.a.h.c.h.i.c.InternalHttpClient : ep-00000031: start execution ex-00000032
2024-06-12T14:28:30.439+03:00 DEBUG 12012 --- [URL Shortener] [           main] h.i.i.PoolingHttpClientConnectionManager : ep-00000031: executing exchange ex-00000032 over http-outgoing-5
2024-06-12T14:28:30.439+03:00 DEBUG 12012 --- [URL Shortener] [           main] c.g.d.z.s.o.a.hc.client5.http.headers    : http-outgoing-5 >> POST /v1.32/containers/create HTTP/1.1
2024-06-12T14:28:30.439+03:00 DEBUG 12012 --- [URL Shortener] [           main] c.g.d.z.s.o.a.hc.client5.http.headers    : http-outgoing-5 >> accept: application/json
2024-06-12T14:28:30.439+03:00 DEBUG 12012 --- [URL Shortener] [           main] c.g.d.z.s.o.a.hc.client5.http.headers    : http-outgoing-5 >> content-type: application/json
2024-06-12T14:28:30.439+03:00 DEBUG 12012 --- [URL Shortener] [           main] c.g.d.z.s.o.a.hc.client5.http.headers    : http-outgoing-5 >> x-tc-sid: 7171fa07-21e4-4858-9670-1c8520dc0b21
2024-06-12T14:28:30.439+03:00 DEBUG 12012 --- [URL Shortener] [           main] c.g.d.z.s.o.a.hc.client5.http.headers    : http-outgoing-5 >> User-Agent: tc-java/1.19.8
2024-06-12T14:28:30.439+03:00 DEBUG 12012 --- [URL Shortener] [           main] c.g.d.z.s.o.a.hc.client5.http.headers    : http-outgoing-5 >> Accept-Encoding: gzip, x-gzip, deflate
2024-06-12T14:28:30.439+03:00 DEBUG 12012 --- [URL Shortener] [           main] c.g.d.z.s.o.a.hc.client5.http.headers    : http-outgoing-5 >> Content-Length: 2069
2024-06-12T14:28:30.439+03:00 DEBUG 12012 --- [URL Shortener] [           main] c.g.d.z.s.o.a.hc.client5.http.headers    : http-outgoing-5 >> Host: localhost:2375
2024-06-12T14:28:30.439+03:00 DEBUG 12012 --- [URL Shortener] [           main] c.g.d.z.s.o.a.hc.client5.http.headers    : http-outgoing-5 >> Connection: keep-alive
2024-06-12T14:28:30.439+03:00 DEBUG 12012 --- [URL Shortener] [           main] c.g.d.z.s.o.apache.hc.client5.http.wire  : http-outgoing-5 >> "POST /v1.32/containers/create HTTP/1.1[\r][\n]"
2024-06-12T14:28:30.439+03:00 DEBUG 12012 --- [URL Shortener] [           main] c.g.d.z.s.o.apache.hc.client5.http.wire  : http-outgoing-5 >> "accept: application/json[\r][\n]"
2024-06-12T14:28:30.439+03:00 DEBUG 12012 --- [URL Shortener] [           main] c.g.d.z.s.o.apache.hc.client5.http.wire  : http-outgoing-5 >> "content-type: application/json[\r][\n]"
2024-06-12T14:28:30.439+03:00 DEBUG 12012 --- [URL Shortener] [           main] c.g.d.z.s.o.apache.hc.client5.http.wire  : http-outgoing-5 >> "x-tc-sid: 7171fa07-21e4-4858-9670-1c8520dc0b21[\r][\n]"
2024-06-12T14:28:30.439+03:00 DEBUG 12012 --- [URL Shortener] [           main] c.g.d.z.s.o.apache.hc.client5.http.wire  : http-outgoing-5 >> "User-Agent: tc-java/1.19.8[\r][\n]"
2024-06-12T14:28:30.439+03:00 DEBUG 12012 --- [URL Shortener] [           main] c.g.d.z.s.o.apache.hc.client5.http.wire  : http-outgoing-5 >> "Accept-Encoding: gzip, x-gzip, deflate[\r][\n]"
2024-06-12T14:28:30.439+03:00 DEBUG 12012 --- [URL Shortener] [           main] c.g.d.z.s.o.apache.hc.client5.http.wire  : http-outgoing-5 >> "Content-Length: 2069[\r][\n]"
2024-06-12T14:28:30.439+03:00 DEBUG 12012 --- [URL Shortener] [           main] c.g.d.z.s.o.apache.hc.client5.http.wire  : http-outgoing-5 >> "Host: localhost:2375[\r][\n]"
2024-06-12T14:28:30.439+03:00 DEBUG 12012 --- [URL Shortener] [           main] c.g.d.z.s.o.apache.hc.client5.http.wire  : http-outgoing-5 >> "Connection: keep-alive[\r][\n]"
2024-06-12T14:28:30.439+03:00 DEBUG 12012 --- [URL Shortener] [           main] c.g.d.z.s.o.apache.hc.client5.http.wire  : http-outgoing-5 >> "[\r][\n]"
2024-06-12T14:28:30.439+03:00 DEBUG 12012 --- [URL Shortener] [           main] c.g.d.z.s.o.apache.hc.client5.http.wire  : http-outgoing-5 >> "{"Hostname":null,"Domainname":null,"User":null,"AttachStdin":null,"AttachStdout":null,"AttachStderr":null,"PortSpecs":null,"Tty":null,"OpenStdin":null,"StdinOnce":null,"Env":["POSTGRES_USER=testuser","POSTGRES_PASSWORD=testpass","POSTGRES_DB=testdb"],"Cmd":["postgres","-c","fsync=off"],"Healthcheck":null,"ArgsEscaped":null,"Entrypoint":null,"Image":"postgres:latest","Volumes":{},"WorkingDir":null,"MacAddress":null,"OnBuild":null,"NetworkDisabled":null,"ExposedPorts":{"5432/tcp":{}},"StopSignal":null,"StopTimeout":null,"HostConfig":{"Binds":[],"BlkioWeight":null,"BlkioWeightDevice":null,"BlkioDeviceReadBps":null,"BlkioDeviceWriteBps":null,"BlkioDeviceReadIOps":null,"BlkioDeviceWriteIOps":null,"MemorySwappiness":null,"NanoCpus":null,"CapAdd":null,"CapDrop":null,"ContainerIDFile":null,"CpuPeriod":null,"CpuRealtimePeriod":null,"CpuRealtimeRuntime":null,"CpuShares":null,"CpuQuota":null,"CpusetCpus":null,"CpusetMems":null,"Devices":null,"DeviceCgroupRules":null,"DeviceRequests":null,"DiskQuota":null,"Dns":null,"DnsOptions":null,"DnsSearch":null,"ExtraHosts":[],"GroupAdd":null,"IpcMode":null,"Cgroup":null,"Links":[],"LogConfig":null,"LxcConf":null,"Memory":null,"MemorySwap":null,"MemoryReservation":null,"KernelMemory":null,"NetworkMode":null,"OomKillDisable":null,"Init":null,"AutoRemove":null,"OomScoreAdj":null,"PortBindings":{"5432/tcp":[{"HostIp":"","HostPort":""}]},"Privileged":null,"PublishAllPorts":null,"ReadonlyRootfs":null,"RestartPolicy":null,"Ulimits":null,"CpuCount":null,"CpuPercent":null,"IOMaximumIOps":null,"IOMaximumBandwidth":null,"VolumesFrom":[],"Mounts":null,"PidMode":null,"Isolation":null,"SecurityOpt":null,"StorageOpt":null,"CgroupParent":null,"VolumeDriver":null,"ShmSize":null,"PidsLimit":null,"Runtime":null,"Tmpfs":null,"UTSMode":null,"UsernsMode":null,"Sysctls":null,"ConsoleSize":null,"CgroupnsMode":null},"Labels":{"org.testcontainers":"true","org.testcontainers.lang":"java","org.testcontainers.version":"1.19.8","org.testcontainers.sessionId":"7171fa07-21e4-4858-9670-1c8520dc0b21"},"Shell":null,"NetworkingConfig":null}"
2024-06-12T14:28:30.502+03:00 DEBUG 12012 --- [URL Shortener] [           main] c.g.d.z.s.o.apache.hc.client5.http.wire  : http-outgoing-5 << "HTTP/1.1 201 Created[\r][\n]"
2024-06-12T14:28:30.502+03:00 DEBUG 12012 --- [URL Shortener] [           main] c.g.d.z.s.o.apache.hc.client5.http.wire  : http-outgoing-5 << "Api-Version: 1.43[\r][\n]"
2024-06-12T14:28:30.502+03:00 DEBUG 12012 --- [URL Shortener] [           main] c.g.d.z.s.o.apache.hc.client5.http.wire  : http-outgoing-5 << "Content-Type: application/json[\r][\n]"
2024-06-12T14:28:30.502+03:00 DEBUG 12012 --- [URL Shortener] [           main] c.g.d.z.s.o.apache.hc.client5.http.wire  : http-outgoing-5 << "Date: Wed, 12 Jun 2024 11:28:30 GMT[\r][\n]"
2024-06-12T14:28:30.502+03:00 DEBUG 12012 --- [URL Shortener] [           main] c.g.d.z.s.o.apache.hc.client5.http.wire  : http-outgoing-5 << "Docker-Experimental: false[\r][\n]"
2024-06-12T14:28:30.502+03:00 DEBUG 12012 --- [URL Shortener] [           main] c.g.d.z.s.o.apache.hc.client5.http.wire  : http-outgoing-5 << "Ostype: linux[\r][\n]"
2024-06-12T14:28:30.502+03:00 DEBUG 12012 --- [URL Shortener] [           main] c.g.d.z.s.o.apache.hc.client5.http.wire  : http-outgoing-5 << "Server: Docker/24.0.7 (linux)[\r][\n]"
2024-06-12T14:28:30.502+03:00 DEBUG 12012 --- [URL Shortener] [           main] c.g.d.z.s.o.apache.hc.client5.http.wire  : http-outgoing-5 << "Transfer-Encoding: chunked[\r][\n]"
2024-06-12T14:28:30.502+03:00 DEBUG 12012 --- [URL Shortener] [           main] c.g.d.z.s.o.apache.hc.client5.http.wire  : http-outgoing-5 << "[\r][\n]"
2024-06-12T14:28:30.502+03:00 DEBUG 12012 --- [URL Shortener] [           main] c.g.d.z.s.o.a.hc.client5.http.headers    : http-outgoing-5 << HTTP/1.1 201 Created
2024-06-12T14:28:30.502+03:00 DEBUG 12012 --- [URL Shortener] [           main] c.g.d.z.s.o.a.hc.client5.http.headers    : http-outgoing-5 << Api-Version: 1.43
2024-06-12T14:28:30.502+03:00 DEBUG 12012 --- [URL Shortener] [           main] c.g.d.z.s.o.a.hc.client5.http.headers    : http-outgoing-5 << Content-Type: application/json
2024-06-12T14:28:30.502+03:00 DEBUG 12012 --- [URL Shortener] [           main] c.g.d.z.s.o.a.hc.client5.http.headers    : http-outgoing-5 << Date: Wed, 12 Jun 2024 11:28:30 GMT
2024-06-12T14:28:30.502+03:00 DEBUG 12012 --- [URL Shortener] [           main] c.g.d.z.s.o.a.hc.client5.http.headers    : http-outgoing-5 << Docker-Experimental: false
2024-06-12T14:28:30.502+03:00 DEBUG 12012 --- [URL Shortener] [           main] c.g.d.z.s.o.a.hc.client5.http.headers    : http-outgoing-5 << Ostype: linux
2024-06-12T14:28:30.502+03:00 DEBUG 12012 --- [URL Shortener] [           main] c.g.d.z.s.o.a.hc.client5.http.headers    : http-outgoing-5 << Server: Docker/24.0.7 (linux)
2024-06-12T14:28:30.502+03:00 DEBUG 12012 --- [URL Shortener] [           main] c.g.d.z.s.o.a.hc.client5.http.headers    : http-outgoing-5 << Transfer-Encoding: chunked
2024-06-12T14:28:30.502+03:00 DEBUG 12012 --- [URL Shortener] [           main] c.g.d.z.s.o.a.h.c.h.i.c.MainClientExec   : ex-00000032: connection can be kept alive for 3 MINUTES
2024-06-12T14:28:30.502+03:00 DEBUG 12012 --- [URL Shortener] [           main] c.g.d.z.s.o.apache.hc.client5.http.wire  : http-outgoing-5 << "58[\r][\n]"
2024-06-12T14:28:30.502+03:00 DEBUG 12012 --- [URL Shortener] [           main] c.g.d.z.s.o.apache.hc.client5.http.wire  : http-outgoing-5 << "{"Id":"a6193c4fdb3114dc0ae2f4d479f73a938d7fc43c6587534025b532ae6f0d250a","Warnings":[]}[\n]"
2024-06-12T14:28:30.502+03:00 DEBUG 12012 --- [URL Shortener] [           main] c.g.d.z.s.o.apache.hc.client5.http.wire  : http-outgoing-5 << "[\r][\n]"
2024-06-12T14:28:30.502+03:00 DEBUG 12012 --- [URL Shortener] [           main] c.g.d.z.s.o.apache.hc.client5.http.wire  : http-outgoing-5 << "0[\r][\n]"
2024-06-12T14:28:30.502+03:00 DEBUG 12012 --- [URL Shortener] [           main] c.g.d.z.s.o.apache.hc.client5.http.wire  : http-outgoing-5 << "[\r][\n]"
2024-06-12T14:28:30.503+03:00 DEBUG 12012 --- [URL Shortener] [           main] g.d.z.s.o.a.h.c.h.i.c.InternalHttpClient : ep-00000031: releasing valid endpoint
2024-06-12T14:28:30.503+03:00 DEBUG 12012 --- [URL Shortener] [           main] h.i.i.PoolingHttpClientConnectionManager : ep-00000031: releasing endpoint
2024-06-12T14:28:30.503+03:00 DEBUG 12012 --- [URL Shortener] [           main] h.i.i.PoolingHttpClientConnectionManager : ep-00000031: connection http-outgoing-5 can be kept alive for 3 MINUTES
2024-06-12T14:28:30.503+03:00 DEBUG 12012 --- [URL Shortener] [           main] h.i.i.PoolingHttpClientConnectionManager : ep-00000031: connection released [route: {}->npipe://localhost:2375][total available: 1; route allocated: 1 of 2147483647; total allocated: 1 of 2147483647]
2024-06-12T14:28:30.503+03:00  INFO 12012 --- [URL Shortener] [           main] tc.postgres:latest                       : Container postgres:latest is starting: a6193c4fdb3114dc0ae2f4d479f73a938d7fc43c6587534025b532ae6f0d250a
2024-06-12T14:28:30.503+03:00 DEBUG 12012 --- [URL Shortener] [           main] o.t.s.c.g.d.core.command.AbstrDockerCmd  : Cmd: a6193c4fdb3114dc0ae2f4d479f73a938d7fc43c6587534025b532ae6f0d250a
2024-06-12T14:28:30.503+03:00 DEBUG 12012 --- [URL Shortener] [           main] g.d.z.s.o.a.h.c.h.i.c.InternalHttpClient : ex-00000033: preparing request execution
2024-06-12T14:28:30.503+03:00 DEBUG 12012 --- [URL Shortener] [           main] c.g.d.z.s.o.a.h.c.h.p.RequestAddCookies  : Cookie spec selected: strict
2024-06-12T14:28:30.504+03:00 DEBUG 12012 --- [URL Shortener] [           main] c.g.d.z.s.o.a.h.c.h.p.RequestAuthCache   : Auth cache not set in the context
2024-06-12T14:28:30.504+03:00 DEBUG 12012 --- [URL Shortener] [           main] c.g.d.z.s.o.a.h.c.h.i.c.ProtocolExec     : ex-00000033: target auth state: UNCHALLENGED
2024-06-12T14:28:30.504+03:00 DEBUG 12012 --- [URL Shortener] [           main] c.g.d.z.s.o.a.h.c.h.i.c.ProtocolExec     : ex-00000033: proxy auth state: UNCHALLENGED
2024-06-12T14:28:30.504+03:00 DEBUG 12012 --- [URL Shortener] [           main] c.g.d.z.s.o.a.h.c.h.i.c.ConnectExec      : ex-00000033: acquiring connection with route {}->npipe://localhost:2375
2024-06-12T14:28:30.504+03:00 DEBUG 12012 --- [URL Shortener] [           main] g.d.z.s.o.a.h.c.h.i.c.InternalHttpClient : ex-00000033: acquiring endpoint (3 MINUTES)
2024-06-12T14:28:30.504+03:00 DEBUG 12012 --- [URL Shortener] [           main] h.i.i.PoolingHttpClientConnectionManager : ex-00000033: endpoint lease request (3 MINUTES) [route: {}->npipe://localhost:2375][total available: 1; route allocated: 1 of 2147483647; total allocated: 1 of 2147483647]
2024-06-12T14:28:30.504+03:00 DEBUG 12012 --- [URL Shortener] [           main] h.i.i.PoolingHttpClientConnectionManager : ex-00000033: endpoint leased [route: {}->npipe://localhost:2375][total available: 0; route allocated: 1 of 2147483647; total allocated: 1 of 2147483647]
2024-06-12T14:28:30.504+03:00 DEBUG 12012 --- [URL Shortener] [           main] h.i.i.PoolingHttpClientConnectionManager : ex-00000033: acquired ep-00000032
2024-06-12T14:28:30.504+03:00 DEBUG 12012 --- [URL Shortener] [           main] g.d.z.s.o.a.h.c.h.i.c.InternalHttpClient : ex-00000033: acquired endpoint ep-00000032
2024-06-12T14:28:30.504+03:00 DEBUG 12012 --- [URL Shortener] [           main] c.g.d.z.s.o.a.h.c.h.i.c.MainClientExec   : ex-00000033: executing POST /v1.32/containers/a6193c4fdb3114dc0ae2f4d479f73a938d7fc43c6587534025b532ae6f0d250a/start HTTP/1.1
2024-06-12T14:28:30.504+03:00 DEBUG 12012 --- [URL Shortener] [           main] g.d.z.s.o.a.h.c.h.i.c.InternalHttpClient : ep-00000032: start execution ex-00000033
2024-06-12T14:28:30.504+03:00 DEBUG 12012 --- [URL Shortener] [           main] h.i.i.PoolingHttpClientConnectionManager : ep-00000032: executing exchange ex-00000033 over http-outgoing-5
2024-06-12T14:28:30.504+03:00 DEBUG 12012 --- [URL Shortener] [           main] c.g.d.z.s.o.a.hc.client5.http.headers    : http-outgoing-5 >> POST /v1.32/containers/a6193c4fdb3114dc0ae2f4d479f73a938d7fc43c6587534025b532ae6f0d250a/start HTTP/1.1
2024-06-12T14:28:30.504+03:00 DEBUG 12012 --- [URL Shortener] [           main] c.g.d.z.s.o.a.hc.client5.http.headers    : http-outgoing-5 >> accept: application/json
2024-06-12T14:28:30.504+03:00 DEBUG 12012 --- [URL Shortener] [           main] c.g.d.z.s.o.a.hc.client5.http.headers    : http-outgoing-5 >> content-type: application/json
2024-06-12T14:28:30.504+03:00 DEBUG 12012 --- [URL Shortener] [           main] c.g.d.z.s.o.a.hc.client5.http.headers    : http-outgoing-5 >> x-tc-sid: 7171fa07-21e4-4858-9670-1c8520dc0b21
2024-06-12T14:28:30.505+03:00 DEBUG 12012 --- [URL Shortener] [           main] c.g.d.z.s.o.a.hc.client5.http.headers    : http-outgoing-5 >> User-Agent: tc-java/1.19.8
2024-06-12T14:28:30.505+03:00 DEBUG 12012 --- [URL Shortener] [           main] c.g.d.z.s.o.a.hc.client5.http.headers    : http-outgoing-5 >> Accept-Encoding: gzip, x-gzip, deflate
2024-06-12T14:28:30.505+03:00 DEBUG 12012 --- [URL Shortener] [           main] c.g.d.z.s.o.a.hc.client5.http.headers    : http-outgoing-5 >> Host: localhost:2375
2024-06-12T14:28:30.505+03:00 DEBUG 12012 --- [URL Shortener] [           main] c.g.d.z.s.o.a.hc.client5.http.headers    : http-outgoing-5 >> Connection: keep-alive
2024-06-12T14:28:30.505+03:00 DEBUG 12012 --- [URL Shortener] [           main] c.g.d.z.s.o.apache.hc.client5.http.wire  : http-outgoing-5 >> "POST /v1.32/containers/a6193c4fdb3114dc0ae2f4d479f73a938d7fc43c6587534025b532ae6f0d250a/start HTTP/1.1[\r][\n]"
2024-06-12T14:28:30.505+03:00 DEBUG 12012 --- [URL Shortener] [           main] c.g.d.z.s.o.apache.hc.client5.http.wire  : http-outgoing-5 >> "accept: application/json[\r][\n]"
2024-06-12T14:28:30.505+03:00 DEBUG 12012 --- [URL Shortener] [           main] c.g.d.z.s.o.apache.hc.client5.http.wire  : http-outgoing-5 >> "content-type: application/json[\r][\n]"
2024-06-12T14:28:30.505+03:00 DEBUG 12012 --- [URL Shortener] [           main] c.g.d.z.s.o.apache.hc.client5.http.wire  : http-outgoing-5 >> "x-tc-sid: 7171fa07-21e4-4858-9670-1c8520dc0b21[\r][\n]"
2024-06-12T14:28:30.505+03:00 DEBUG 12012 --- [URL Shortener] [           main] c.g.d.z.s.o.apache.hc.client5.http.wire  : http-outgoing-5 >> "User-Agent: tc-java/1.19.8[\r][\n]"
2024-06-12T14:28:30.505+03:00 DEBUG 12012 --- [URL Shortener] [           main] c.g.d.z.s.o.apache.hc.client5.http.wire  : http-outgoing-5 >> "Accept-Encoding: gzip, x-gzip, deflate[\r][\n]"
2024-06-12T14:28:30.505+03:00 DEBUG 12012 --- [URL Shortener] [           main] c.g.d.z.s.o.apache.hc.client5.http.wire  : http-outgoing-5 >> "Host: localhost:2375[\r][\n]"
2024-06-12T14:28:30.505+03:00 DEBUG 12012 --- [URL Shortener] [           main] c.g.d.z.s.o.apache.hc.client5.http.wire  : http-outgoing-5 >> "Connection: keep-alive[\r][\n]"
2024-06-12T14:28:30.505+03:00 DEBUG 12012 --- [URL Shortener] [           main] c.g.d.z.s.o.apache.hc.client5.http.wire  : http-outgoing-5 >> "[\r][\n]"
2024-06-12T14:28:30.774+03:00 DEBUG 12012 --- [URL Shortener] [           main] c.g.d.z.s.o.apache.hc.client5.http.wire  : http-outgoing-5 << "HTTP/1.1 204 No Content[\r][\n]"
2024-06-12T14:28:30.774+03:00 DEBUG 12012 --- [URL Shortener] [           main] c.g.d.z.s.o.apache.hc.client5.http.wire  : http-outgoing-5 << "Api-Version: 1.43[\r][\n]"
2024-06-12T14:28:30.774+03:00 DEBUG 12012 --- [URL Shortener] [           main] c.g.d.z.s.o.apache.hc.client5.http.wire  : http-outgoing-5 << "Date: Wed, 12 Jun 2024 11:28:30 GMT[\r][\n]"
2024-06-12T14:28:30.774+03:00 DEBUG 12012 --- [URL Shortener] [           main] c.g.d.z.s.o.apache.hc.client5.http.wire  : http-outgoing-5 << "Docker-Experimental: false[\r][\n]"
2024-06-12T14:28:30.774+03:00 DEBUG 12012 --- [URL Shortener] [           main] c.g.d.z.s.o.apache.hc.client5.http.wire  : http-outgoing-5 << "Ostype: linux[\r][\n]"
2024-06-12T14:28:30.774+03:00 DEBUG 12012 --- [URL Shortener] [           main] c.g.d.z.s.o.apache.hc.client5.http.wire  : http-outgoing-5 << "Server: Docker/24.0.7 (linux)[\r][\n]"
2024-06-12T14:28:30.774+03:00 DEBUG 12012 --- [URL Shortener] [           main] c.g.d.z.s.o.apache.hc.client5.http.wire  : http-outgoing-5 << "[\r][\n]"
2024-06-12T14:28:30.774+03:00 DEBUG 12012 --- [URL Shortener] [           main] c.g.d.z.s.o.a.hc.client5.http.headers    : http-outgoing-5 << HTTP/1.1 204 No Content
2024-06-12T14:28:30.775+03:00 DEBUG 12012 --- [URL Shortener] [           main] c.g.d.z.s.o.a.hc.client5.http.headers    : http-outgoing-5 << Api-Version: 1.43
2024-06-12T14:28:30.775+03:00 DEBUG 12012 --- [URL Shortener] [           main] c.g.d.z.s.o.a.hc.client5.http.headers    : http-outgoing-5 << Date: Wed, 12 Jun 2024 11:28:30 GMT
2024-06-12T14:28:30.775+03:00 DEBUG 12012 --- [URL Shortener] [           main] c.g.d.z.s.o.a.hc.client5.http.headers    : http-outgoing-5 << Docker-Experimental: false
2024-06-12T14:28:30.775+03:00 DEBUG 12012 --- [URL Shortener] [           main] c.g.d.z.s.o.a.hc.client5.http.headers    : http-outgoing-5 << Ostype: linux
2024-06-12T14:28:30.775+03:00 DEBUG 12012 --- [URL Shortener] [           main] c.g.d.z.s.o.a.hc.client5.http.headers    : http-outgoing-5 << Server: Docker/24.0.7 (linux)
2024-06-12T14:28:30.775+03:00 DEBUG 12012 --- [URL Shortener] [           main] c.g.d.z.s.o.a.h.c.h.i.c.MainClientExec   : ex-00000033: connection can be kept alive for 3 MINUTES
2024-06-12T14:28:30.775+03:00 DEBUG 12012 --- [URL Shortener] [           main] g.d.z.s.o.a.h.c.h.i.c.InternalHttpClient : ep-00000032: releasing valid endpoint
2024-06-12T14:28:30.775+03:00 DEBUG 12012 --- [URL Shortener] [           main] h.i.i.PoolingHttpClientConnectionManager : ep-00000032: releasing endpoint
2024-06-12T14:28:30.775+03:00 DEBUG 12012 --- [URL Shortener] [           main] h.i.i.PoolingHttpClientConnectionManager : ep-00000032: connection http-outgoing-5 can be kept alive for 3 MINUTES
2024-06-12T14:28:30.775+03:00 DEBUG 12012 --- [URL Shortener] [           main] h.i.i.PoolingHttpClientConnectionManager : ep-00000032: connection released [route: {}->npipe://localhost:2375][total available: 1; route allocated: 1 of 2147483647; total allocated: 1 of 2147483647]
2024-06-12T14:28:30.775+03:00 DEBUG 12012 --- [URL Shortener] [           main] o.t.s.c.g.d.core.command.AbstrDockerCmd  : Cmd: a6193c4fdb3114dc0ae2f4d479f73a938d7fc43c6587534025b532ae6f0d250a,false
2024-06-12T14:28:30.776+03:00 DEBUG 12012 --- [URL Shortener] [           main] o.t.s.c.g.d.c.e.InspectContainerCmdExec  : GET: DefaultWebTarget{path=[/containers/a6193c4fdb3114dc0ae2f4d479f73a938d7fc43c6587534025b532ae6f0d250a/json], queryParams={}}
2024-06-12T14:28:30.776+03:00 DEBUG 12012 --- [URL Shortener] [           main] g.d.z.s.o.a.h.c.h.i.c.InternalHttpClient : ex-00000034: preparing request execution
2024-06-12T14:28:30.776+03:00 DEBUG 12012 --- [URL Shortener] [           main] c.g.d.z.s.o.a.h.c.h.p.RequestAddCookies  : Cookie spec selected: strict
2024-06-12T14:28:30.776+03:00 DEBUG 12012 --- [URL Shortener] [           main] c.g.d.z.s.o.a.h.c.h.p.RequestAuthCache   : Auth cache not set in the context
2024-06-12T14:28:30.776+03:00 DEBUG 12012 --- [URL Shortener] [           main] c.g.d.z.s.o.a.h.c.h.i.c.ProtocolExec     : ex-00000034: target auth state: UNCHALLENGED
2024-06-12T14:28:30.776+03:00 DEBUG 12012 --- [URL Shortener] [           main] c.g.d.z.s.o.a.h.c.h.i.c.ProtocolExec     : ex-00000034: proxy auth state: UNCHALLENGED
2024-06-12T14:28:30.776+03:00 DEBUG 12012 --- [URL Shortener] [           main] c.g.d.z.s.o.a.h.c.h.i.c.ConnectExec      : ex-00000034: acquiring connection with route {}->npipe://localhost:2375
2024-06-12T14:28:30.776+03:00 DEBUG 12012 --- [URL Shortener] [           main] g.d.z.s.o.a.h.c.h.i.c.InternalHttpClient : ex-00000034: acquiring endpoint (3 MINUTES)
2024-06-12T14:28:30.776+03:00 DEBUG 12012 --- [URL Shortener] [           main] h.i.i.PoolingHttpClientConnectionManager : ex-00000034: endpoint lease request (3 MINUTES) [route: {}->npipe://localhost:2375][total available: 1; route allocated: 1 of 2147483647; total allocated: 1 of 2147483647]
2024-06-12T14:28:30.776+03:00 DEBUG 12012 --- [URL Shortener] [           main] h.i.i.PoolingHttpClientConnectionManager : ex-00000034: endpoint leased [route: {}->npipe://localhost:2375][total available: 0; route allocated: 1 of 2147483647; total allocated: 1 of 2147483647]
2024-06-12T14:28:30.777+03:00 DEBUG 12012 --- [URL Shortener] [           main] h.i.i.PoolingHttpClientConnectionManager : ex-00000034: acquired ep-00000033
2024-06-12T14:28:30.777+03:00 DEBUG 12012 --- [URL Shortener] [           main] g.d.z.s.o.a.h.c.h.i.c.InternalHttpClient : ex-00000034: acquired endpoint ep-00000033
2024-06-12T14:28:30.777+03:00 DEBUG 12012 --- [URL Shortener] [           main] c.g.d.z.s.o.a.h.c.h.i.c.MainClientExec   : ex-00000034: executing GET /v1.32/containers/a6193c4fdb3114dc0ae2f4d479f73a938d7fc43c6587534025b532ae6f0d250a/json HTTP/1.1
2024-06-12T14:28:30.777+03:00 DEBUG 12012 --- [URL Shortener] [           main] g.d.z.s.o.a.h.c.h.i.c.InternalHttpClient : ep-00000033: start execution ex-00000034
2024-06-12T14:28:30.777+03:00 DEBUG 12012 --- [URL Shortener] [           main] h.i.i.PoolingHttpClientConnectionManager : ep-00000033: executing exchange ex-00000034 over http-outgoing-5
2024-06-12T14:28:30.777+03:00 DEBUG 12012 --- [URL Shortener] [           main] c.g.d.z.s.o.a.hc.client5.http.headers    : http-outgoing-5 >> GET /v1.32/containers/a6193c4fdb3114dc0ae2f4d479f73a938d7fc43c6587534025b532ae6f0d250a/json HTTP/1.1
2024-06-12T14:28:30.777+03:00 DEBUG 12012 --- [URL Shortener] [           main] c.g.d.z.s.o.a.hc.client5.http.headers    : http-outgoing-5 >> accept: application/json
2024-06-12T14:28:30.777+03:00 DEBUG 12012 --- [URL Shortener] [           main] c.g.d.z.s.o.a.hc.client5.http.headers    : http-outgoing-5 >> x-tc-sid: 7171fa07-21e4-4858-9670-1c8520dc0b21
2024-06-12T14:28:30.777+03:00 DEBUG 12012 --- [URL Shortener] [           main] c.g.d.z.s.o.a.hc.client5.http.headers    : http-outgoing-5 >> User-Agent: tc-java/1.19.8
2024-06-12T14:28:30.777+03:00 DEBUG 12012 --- [URL Shortener] [           main] c.g.d.z.s.o.a.hc.client5.http.headers    : http-outgoing-5 >> Accept-Encoding: gzip, x-gzip, deflate
2024-06-12T14:28:30.777+03:00 DEBUG 12012 --- [URL Shortener] [           main] c.g.d.z.s.o.a.hc.client5.http.headers    : http-outgoing-5 >> Host: localhost:2375
2024-06-12T14:28:30.777+03:00 DEBUG 12012 --- [URL Shortener] [           main] c.g.d.z.s.o.a.hc.client5.http.headers    : http-outgoing-5 >> Connection: keep-alive
2024-06-12T14:28:30.777+03:00 DEBUG 12012 --- [URL Shortener] [           main] c.g.d.z.s.o.apache.hc.client5.http.wire  : http-outgoing-5 >> "GET /v1.32/containers/a6193c4fdb3114dc0ae2f4d479f73a938d7fc43c6587534025b532ae6f0d250a/json HTTP/1.1[\r][\n]"
2024-06-12T14:28:30.777+03:00 DEBUG 12012 --- [URL Shortener] [           main] c.g.d.z.s.o.apache.hc.client5.http.wire  : http-outgoing-5 >> "accept: application/json[\r][\n]"
2024-06-12T14:28:30.777+03:00 DEBUG 12012 --- [URL Shortener] [           main] c.g.d.z.s.o.apache.hc.client5.http.wire  : http-outgoing-5 >> "x-tc-sid: 7171fa07-21e4-4858-9670-1c8520dc0b21[\r][\n]"
2024-06-12T14:28:30.777+03:00 DEBUG 12012 --- [URL Shortener] [           main] c.g.d.z.s.o.apache.hc.client5.http.wire  : http-outgoing-5 >> "User-Agent: tc-java/1.19.8[\r][\n]"
2024-06-12T14:28:30.777+03:00 DEBUG 12012 --- [URL Shortener] [           main] c.g.d.z.s.o.apache.hc.client5.http.wire  : http-outgoing-5 >> "Accept-Encoding: gzip, x-gzip, deflate[\r][\n]"
2024-06-12T14:28:30.777+03:00 DEBUG 12012 --- [URL Shortener] [           main] c.g.d.z.s.o.apache.hc.client5.http.wire  : http-outgoing-5 >> "Host: localhost:2375[\r][\n]"
2024-06-12T14:28:30.777+03:00 DEBUG 12012 --- [URL Shortener] [           main] c.g.d.z.s.o.apache.hc.client5.http.wire  : http-outgoing-5 >> "Connection: keep-alive[\r][\n]"
2024-06-12T14:28:30.777+03:00 DEBUG 12012 --- [URL Shortener] [           main] c.g.d.z.s.o.apache.hc.client5.http.wire  : http-outgoing-5 >> "[\r][\n]"
2024-06-12T14:28:30.780+03:00 DEBUG 12012 --- [URL Shortener] [           main] c.g.d.z.s.o.apache.hc.client5.http.wire  : http-outgoing-5 << "HTTP/1.1 200 OK[\r][\n]"
2024-06-12T14:28:30.780+03:00 DEBUG 12012 --- [URL Shortener] [           main] c.g.d.z.s.o.apache.hc.client5.http.wire  : http-outgoing-5 << "Api-Version: 1.43[\r][\n]"
2024-06-12T14:28:30.780+03:00 DEBUG 12012 --- [URL Shortener] [           main] c.g.d.z.s.o.apache.hc.client5.http.wire  : http-outgoing-5 << "Content-Type: application/json[\r][\n]"
2024-06-12T14:28:30.780+03:00 DEBUG 12012 --- [URL Shortener] [           main] c.g.d.z.s.o.apache.hc.client5.http.wire  : http-outgoing-5 << "Date: Wed, 12 Jun 2024 11:28:30 GMT[\r][\n]"
2024-06-12T14:28:30.780+03:00 DEBUG 12012 --- [URL Shortener] [           main] c.g.d.z.s.o.apache.hc.client5.http.wire  : http-outgoing-5 << "Docker-Experimental: false[\r][\n]"
2024-06-12T14:28:30.780+03:00 DEBUG 12012 --- [URL Shortener] [           main] c.g.d.z.s.o.apache.hc.client5.http.wire  : http-outgoing-5 << "Ostype: linux[\r][\n]"
2024-06-12T14:28:30.780+03:00 DEBUG 12012 --- [URL Shortener] [           main] c.g.d.z.s.o.apache.hc.client5.http.wire  : http-outgoing-5 << "Server: Docker/24.0.7 (linux)[\r][\n]"
2024-06-12T14:28:30.780+03:00 DEBUG 12012 --- [URL Shortener] [           main] c.g.d.z.s.o.apache.hc.client5.http.wire  : http-outgoing-5 << "Transfer-Encoding: chunked[\r][\n]"
2024-06-12T14:28:30.780+03:00 DEBUG 12012 --- [URL Shortener] [           main] c.g.d.z.s.o.apache.hc.client5.http.wire  : http-outgoing-5 << "[\r][\n]"
2024-06-12T14:28:30.780+03:00 DEBUG 12012 --- [URL Shortener] [           main] c.g.d.z.s.o.a.hc.client5.http.headers    : http-outgoing-5 << HTTP/1.1 200 OK
2024-06-12T14:28:30.780+03:00 DEBUG 12012 --- [URL Shortener] [           main] c.g.d.z.s.o.a.hc.client5.http.headers    : http-outgoing-5 << Api-Version: 1.43
2024-06-12T14:28:30.780+03:00 DEBUG 12012 --- [URL Shortener] [           main] c.g.d.z.s.o.a.hc.client5.http.headers    : http-outgoing-5 << Content-Type: application/json
2024-06-12T14:28:30.780+03:00 DEBUG 12012 --- [URL Shortener] [           main] c.g.d.z.s.o.a.hc.client5.http.headers    : http-outgoing-5 << Date: Wed, 12 Jun 2024 11:28:30 GMT
2024-06-12T14:28:30.780+03:00 DEBUG 12012 --- [URL Shortener] [           main] c.g.d.z.s.o.a.hc.client5.http.headers    : http-outgoing-5 << Docker-Experimental: false
2024-06-12T14:28:30.780+03:00 DEBUG 12012 --- [URL Shortener] [           main] c.g.d.z.s.o.a.hc.client5.http.headers    : http-outgoing-5 << Ostype: linux
2024-06-12T14:28:30.780+03:00 DEBUG 12012 --- [URL Shortener] [           main] c.g.d.z.s.o.a.hc.client5.http.headers    : http-outgoing-5 << Server: Docker/24.0.7 (linux)
2024-06-12T14:28:30.780+03:00 DEBUG 12012 --- [URL Shortener] [           main] c.g.d.z.s.o.a.hc.client5.http.headers    : http-outgoing-5 << Transfer-Encoding: chunked
2024-06-12T14:28:30.780+03:00 DEBUG 12012 --- [URL Shortener] [           main] c.g.d.z.s.o.a.h.c.h.i.c.MainClientExec   : ex-00000034: connection can be kept alive for 3 MINUTES
2024-06-12T14:28:30.781+03:00 DEBUG 12012 --- [URL Shortener] [           main] c.g.d.z.s.o.apache.hc.client5.http.wire  : http-outgoing-5 << "1a29[\r][\n]"
2024-06-12T14:28:30.781+03:00 DEBUG 12012 --- [URL Shortener] [           main] c.g.d.z.s.o.apache.hc.client5.http.wire  : http-outgoing-5 << "{"Id":"a6193c4fdb3114dc0ae2f4d479f73a938d7fc43c6587534025b532ae6f0d250a","Created":"2024-06-12T11:28:30.446493887Z","Path":"docker-entrypoint.sh","Args":["postgres","-c","fsync=off"],"State":{"Status":"running","Running":true,"Paused":false,"Restarting":false,"OOMKilled":false,"Dead":false,"Pid":3049,"ExitCode":0,"Error":"","StartedAt":"2024-06-12T11:28:30.766621724Z","FinishedAt":"0001-01-01T00:00:00Z"},"Image":"sha256:cff6b68a194a672fd337d8728bfb252071012cce6f0f2ed760988f7bc63a89d2","ResolvConfPath":"/var/lib/docker/containers/a6193c4fdb3114dc0ae2f4d479f73a938d7fc43c6587534025b532ae6f0d250a/resolv.conf","HostnamePath":"/var/lib/docker/containers/a6193c4fdb3114dc0ae2f4d479f73a938d7fc43c6587534025b532ae6f0d250a/hostname","HostsPath":"/var/lib/docker/containers/a6193c4fdb3114dc0ae2f4d479f73a938d7fc43c6587534025b532ae6f0d250a/hosts","LogPath":"/var/lib/docker/containers/a6193c4fdb3114dc0ae2f4d479f73a938d7fc43c6587534025b532ae6f0d250a/a6193c4fdb3114dc0ae2f4d479f73a938d7fc43c6587534025b532ae6f0d250a-json.log","Name":"/boring_bell","RestartCount":0,"Driver":"overlay2","Platform":"linux","MountLabel":"","ProcessLabel":"","AppArmorProfile":"","ExecIDs":null,"HostConfig":{"Binds":[],"ContainerIDFile":"","LogConfig":{"Type":"json-file","Config":{}},"NetworkMode":"default","PortBindings":{"5432/tcp":[{"HostIp":"0.0.0.0","HostPort":"0"}]},"RestartPolicy":{"Name":"","MaximumRetryCount":0},"AutoRemove":false,"VolumeDriver":"","VolumesFrom":[],"ConsoleSize":[0,0],"CapAdd":null,"CapDrop":null,"CgroupnsMode":"host","Dns":null,"DnsOptions":null,"DnsSearch":null,"ExtraHosts":[],"GroupAdd":null,"IpcMode":"shareable","Cgroup":"","Links":null,"OomScoreAdj":0,"PidMode":"","Privileged":false,"PublishAllPorts":false,"ReadonlyRootfs":false,"SecurityOpt":null,"UTSMode":"","UsernsMode":"","ShmSize":67108864,"Runtime":"runc","Isolation":"","CpuShares":0,"Memory":0,"NanoCpus":0,"CgroupParent":"","BlkioWeight":0,"BlkioWeightDevice":null,"BlkioDeviceReadBps":null,"BlkioDeviceWriteBps":null,"BlkioDeviceReadIOps":null,"BlkioDeviceWriteIOps":null,"CpuPeriod":0,"CpuQuota":0,"CpuRealtimePeriod":0,"CpuRealtimeRuntime":0,"CpusetCpus":"","CpusetMems":"","Devices":null,"DeviceCgroupRules":null,"DeviceRequests":null,"MemoryReservation":0,"MemorySwap":0,"MemorySwappiness":null,"OomKillDisable":false,"PidsLimit":null,"Ulimits":null,"CpuCount":0,"CpuPercent":0,"IOMaximumIOps":0,"IOMaximumBandwidth":0,"MaskedPaths":["/proc/asound","/proc/acpi","/proc/kcore","/proc/keys","/proc/latency_stats","/proc/timer_list","/proc/timer_stats","/proc/sched_debug","/proc/scsi","/sys/firmware","/sys/devices/virtual/powercap"],"ReadonlyPaths":["/proc/bus","/proc/fs","/proc/irq","/proc/sys","/proc/sysrq-trigger"]},"GraphDriver":{"Data":{"LowerDir":"/var/lib/docker/overlay2/9872caccbea2231e036a5a302fb9aa4bda2c94d98e8d92844d3d6e19e3f903ad-init/diff:/var/lib/docker/overlay2/db451d0433a46fa45e17cc0eae406c512a577a19aed597a6dcd152aa60abc9db/diff:/var/lib/docker/overlay2/2cbe3a1a11481afc7adee257a96fbd885a65a5a6b7f47a4b9e39ab13d617ed9f/diff:/var/lib/docker/overlay2/34f0f2835c7fab192b0a09fbaa35e3fde336f3a21db4d551ecb5744f35f022d8/diff:/var/lib/docker/overlay2/91c1ab49fbf459c6ac614f4f21e302f21d4a65eae0c0df9e5fd257fec8b8dac7/diff:/var/lib/docker/overlay2/c047fdb7a36e3127654f971b9e00f52a192b9425d14315e2be62531cbf859c1c/diff:/var/lib/docker/overlay2/f17ff6a2434319a3d0da9c06f159a651e34677f6555cedd9fa5cd4a243a4cf00/diff:/var/lib/docker/overlay2/d3896bdbfb55d53cc96483830bf86d746e709698c5870461b76a606235034e2c/diff:/var/lib/docker/overlay2/17bbcad0aa3d49db9143caa84bf36ac80a1e2abb4465494be53788fdf15136bc/diff:/var/lib/docker/overlay2/d3ba0002826ba8dc8a50ec5b5f40f8eeecc49aed69b7e4852b2c17d4e3bc7673/diff:/var/lib/docker/overlay2/b025c0d3f178bdae3585ff4493fb402ddac780bb0dc86a6e2a4bd16fd5df4fd0/diff:/var/lib/docker/overlay2/b34b03430c91db007405bdcdabdee4d661413c4a546d47aa4933ae256c8c1f83/diff:/var/lib/docker/overlay2/d4b461868c979b00a1a4f4e75535982f2a3b2f76c5b58eae99e5b0523fc10465/diff:/var/lib/docker/overlay2/a2edc56609840a14728ce10afbb50ca5b6a9dcfe1138d7a04954c1b2dfcd9724/diff:/var/lib/docker/ove"
2024-06-12T14:28:30.782+03:00 DEBUG 12012 --- [URL Shortener] [           main] c.g.d.z.s.o.apache.hc.client5.http.wire  : http-outgoing-5 << "rlay2/1d7e1c282144b7b877f2e2cfc223d536f406a3e5cf43804aff3d6b54f674eee8/diff","MergedDir":"/var/lib/docker/overlay2/9872caccbea2231e036a5a302fb9aa4bda2c94d98e8d92844d3d6e19e3f903ad/merged","UpperDir":"/var/lib/docker/overlay2/9872caccbea2231e036a5a302fb9aa4bda2c94d98e8d92844d3d6e19e3f903ad/diff","WorkDir":"/var/lib/docker/overlay2/9872caccbea2231e036a5a302fb9aa4bda2c94d98e8d92844d3d6e19e3f903ad/work"},"Name":"overlay2"},"Mounts":[{"Type":"volume","Name":"df81b6bc3c7e954fd6de1a29582c47570831e7d20fe201678c5bdcf008155a1a","Source":"/var/lib/docker/volumes/df81b6bc3c7e954fd6de1a29582c47570831e7d20fe201678c5bdcf008155a1a/_data","Destination":"/var/lib/postgresql/data","Driver":"local","Mode":"","RW":true,"Propagation":""}],"Config":{"Hostname":"a6193c4fdb31","Domainname":"","User":"","AttachStdin":false,"AttachStdout":false,"AttachStderr":false,"ExposedPorts":{"5432/tcp":{}},"Tty":false,"OpenStdin":false,"StdinOnce":false,"Env":["POSTGRES_USER=testuser","POSTGRES_PASSWORD=testpass","POSTGRES_DB=testdb","PATH=/usr/local/sbin:/usr/local/bin:/usr/sbin:/usr/bin:/sbin:/bin:/usr/lib/postgresql/16/bin","GOSU_VERSION=1.17","LANG=en_US.utf8","PG_MAJOR=16","PG_VERSION=16.3-1.pgdg120+1","PGDATA=/var/lib/postgresql/data"],"Cmd":["postgres","-c","fsync=off"],"Image":"postgres:latest","Volumes":{"/var/lib/postgresql/data":{}},"WorkingDir":"","Entrypoint":["docker-entrypoint.sh"],"OnBuild":null,"Labels":{"org.testcontainers":"true","org.testcontainers.lang":"java","org.testcontainers.sessionId":"7171fa07-21e4-4858-9670-1c8520dc0b21","org.testcontainers.version":"1.19.8"},"StopSignal":"SIGINT"},"NetworkSettings":{"Bridge":"","SandboxID":"a440afc44f2d833c42c415f8d7a20d9c3c6ae8a069b71110acfc05698cf3edf9","HairpinMode":false,"LinkLocalIPv6Address":"","LinkLocalIPv6PrefixLen":0,"Ports":{"5432/tcp":[{"HostIp":"0.0.0.0","HostPort":"51206"}]},"SandboxKey":"/var/run/docker/netns/a440afc44f2d","SecondaryIPAddresses":null,"SecondaryIPv6Addresses":null,"EndpointID":"c662bd6ff2cf79289693d47bdac278c13cb56501c94439d75ce81ca319b253dd","Gateway":"172.17.0.1","GlobalIPv6Address":"","GlobalIPv6PrefixLen":0,"IPAddress":"172.17.0.3","IPPrefixLen":16,"IPv6Gateway":"","MacAddress":"02:42:ac:11:00:03","Networks":{"bridge":{"IPAMConfig":null,"Links":null,"Aliases":null,"MacAddress":"02:42:ac:11:00:03","NetworkID":"9daa7fca6b6cbb5c2be934cabaa56953e265b86a191774f7c7502906e8f1d0b7","EndpointID":"c662bd6ff2cf79289693d47bdac278c13cb56501c94439d75ce81ca319b253dd","Gateway":"172.17.0.1","IPAddress":"172.17.0.3","IPPrefixLen":16,"IPv6Gateway":"","GlobalIPv6Address":"","GlobalIPv6PrefixLen":0,"DriverOpts":null}}}}[\n]"
2024-06-12T14:28:30.783+03:00 DEBUG 12012 --- [URL Shortener] [           main] c.g.d.z.s.o.apache.hc.client5.http.wire  : http-outgoing-5 << "[\r][\n]"
2024-06-12T14:28:30.783+03:00 DEBUG 12012 --- [URL Shortener] [           main] c.g.d.z.s.o.apache.hc.client5.http.wire  : http-outgoing-5 << "0[\r][\n]"
2024-06-12T14:28:30.783+03:00 DEBUG 12012 --- [URL Shortener] [           main] c.g.d.z.s.o.apache.hc.client5.http.wire  : http-outgoing-5 << "[\r][\n]"
2024-06-12T14:28:30.783+03:00 DEBUG 12012 --- [URL Shortener] [           main] g.d.z.s.o.a.h.c.h.i.c.InternalHttpClient : ep-00000033: releasing valid endpoint
2024-06-12T14:28:30.783+03:00 DEBUG 12012 --- [URL Shortener] [           main] h.i.i.PoolingHttpClientConnectionManager : ep-00000033: releasing endpoint
2024-06-12T14:28:30.783+03:00 DEBUG 12012 --- [URL Shortener] [           main] h.i.i.PoolingHttpClientConnectionManager : ep-00000033: connection http-outgoing-5 can be kept alive for 3 MINUTES
2024-06-12T14:28:30.783+03:00 DEBUG 12012 --- [URL Shortener] [           main] h.i.i.PoolingHttpClientConnectionManager : ep-00000033: connection released [route: {}->npipe://localhost:2375][total available: 1; route allocated: 1 of 2147483647; total allocated: 1 of 2147483647]
2024-06-12T14:28:30.783+03:00 DEBUG 12012 --- [URL Shortener] [           main] o.t.s.c.g.d.core.command.AbstrDockerCmd  : Cmd: sha256:cff6b68a194a672fd337d8728bfb252071012cce6f0f2ed760988f7bc63a89d2
2024-06-12T14:28:30.783+03:00 DEBUG 12012 --- [URL Shortener] [           main] g.d.z.s.o.a.h.c.h.i.c.InternalHttpClient : ex-00000035: preparing request execution
2024-06-12T14:28:30.783+03:00 DEBUG 12012 --- [URL Shortener] [           main] c.g.d.z.s.o.a.h.c.h.p.RequestAddCookies  : Cookie spec selected: strict
2024-06-12T14:28:30.783+03:00 DEBUG 12012 --- [URL Shortener] [           main] c.g.d.z.s.o.a.h.c.h.p.RequestAuthCache   : Auth cache not set in the context
2024-06-12T14:28:30.783+03:00 DEBUG 12012 --- [URL Shortener] [           main] c.g.d.z.s.o.a.h.c.h.i.c.ProtocolExec     : ex-00000035: target auth state: UNCHALLENGED
2024-06-12T14:28:30.783+03:00 DEBUG 12012 --- [URL Shortener] [           main] c.g.d.z.s.o.a.h.c.h.i.c.ProtocolExec     : ex-00000035: proxy auth state: UNCHALLENGED
2024-06-12T14:28:30.783+03:00 DEBUG 12012 --- [URL Shortener] [           main] c.g.d.z.s.o.a.h.c.h.i.c.ConnectExec      : ex-00000035: acquiring connection with route {}->npipe://localhost:2375
2024-06-12T14:28:30.783+03:00 DEBUG 12012 --- [URL Shortener] [           main] g.d.z.s.o.a.h.c.h.i.c.InternalHttpClient : ex-00000035: acquiring endpoint (3 MINUTES)
2024-06-12T14:28:30.783+03:00 DEBUG 12012 --- [URL Shortener] [           main] h.i.i.PoolingHttpClientConnectionManager : ex-00000035: endpoint lease request (3 MINUTES) [route: {}->npipe://localhost:2375][total available: 1; route allocated: 1 of 2147483647; total allocated: 1 of 2147483647]
2024-06-12T14:28:30.783+03:00 DEBUG 12012 --- [URL Shortener] [           main] h.i.i.PoolingHttpClientConnectionManager : ex-00000035: endpoint leased [route: {}->npipe://localhost:2375][total available: 0; route allocated: 1 of 2147483647; total allocated: 1 of 2147483647]
2024-06-12T14:28:30.783+03:00 DEBUG 12012 --- [URL Shortener] [           main] h.i.i.PoolingHttpClientConnectionManager : ex-00000035: acquired ep-00000034
2024-06-12T14:28:30.783+03:00 DEBUG 12012 --- [URL Shortener] [           main] g.d.z.s.o.a.h.c.h.i.c.InternalHttpClient : ex-00000035: acquired endpoint ep-00000034
2024-06-12T14:28:30.784+03:00 DEBUG 12012 --- [URL Shortener] [           main] c.g.d.z.s.o.a.h.c.h.i.c.MainClientExec   : ex-00000035: executing GET /v1.32/images/sha256:cff6b68a194a672fd337d8728bfb252071012cce6f0f2ed760988f7bc63a89d2/json HTTP/1.1
2024-06-12T14:28:30.784+03:00 DEBUG 12012 --- [URL Shortener] [           main] g.d.z.s.o.a.h.c.h.i.c.InternalHttpClient : ep-00000034: start execution ex-00000035
2024-06-12T14:28:30.784+03:00 DEBUG 12012 --- [URL Shortener] [           main] h.i.i.PoolingHttpClientConnectionManager : ep-00000034: executing exchange ex-00000035 over http-outgoing-5
2024-06-12T14:28:30.784+03:00 DEBUG 12012 --- [URL Shortener] [           main] c.g.d.z.s.o.a.hc.client5.http.headers    : http-outgoing-5 >> GET /v1.32/images/sha256:cff6b68a194a672fd337d8728bfb252071012cce6f0f2ed760988f7bc63a89d2/json HTTP/1.1
2024-06-12T14:28:30.784+03:00 DEBUG 12012 --- [URL Shortener] [           main] c.g.d.z.s.o.a.hc.client5.http.headers    : http-outgoing-5 >> accept: application/json
2024-06-12T14:28:30.784+03:00 DEBUG 12012 --- [URL Shortener] [           main] c.g.d.z.s.o.a.hc.client5.http.headers    : http-outgoing-5 >> x-tc-sid: 7171fa07-21e4-4858-9670-1c8520dc0b21
2024-06-12T14:28:30.784+03:00 DEBUG 12012 --- [URL Shortener] [           main] c.g.d.z.s.o.a.hc.client5.http.headers    : http-outgoing-5 >> User-Agent: tc-java/1.19.8
2024-06-12T14:28:30.784+03:00 DEBUG 12012 --- [URL Shortener] [           main] c.g.d.z.s.o.a.hc.client5.http.headers    : http-outgoing-5 >> Accept-Encoding: gzip, x-gzip, deflate
2024-06-12T14:28:30.784+03:00 DEBUG 12012 --- [URL Shortener] [           main] c.g.d.z.s.o.a.hc.client5.http.headers    : http-outgoing-5 >> Host: localhost:2375
2024-06-12T14:28:30.784+03:00 DEBUG 12012 --- [URL Shortener] [           main] c.g.d.z.s.o.a.hc.client5.http.headers    : http-outgoing-5 >> Connection: keep-alive
2024-06-12T14:28:30.784+03:00 DEBUG 12012 --- [URL Shortener] [           main] c.g.d.z.s.o.apache.hc.client5.http.wire  : http-outgoing-5 >> "GET /v1.32/images/sha256:cff6b68a194a672fd337d8728bfb252071012cce6f0f2ed760988f7bc63a89d2/json HTTP/1.1[\r][\n]"
2024-06-12T14:28:30.784+03:00 DEBUG 12012 --- [URL Shortener] [           main] c.g.d.z.s.o.apache.hc.client5.http.wire  : http-outgoing-5 >> "accept: application/json[\r][\n]"
2024-06-12T14:28:30.784+03:00 DEBUG 12012 --- [URL Shortener] [           main] c.g.d.z.s.o.apache.hc.client5.http.wire  : http-outgoing-5 >> "x-tc-sid: 7171fa07-21e4-4858-9670-1c8520dc0b21[\r][\n]"
2024-06-12T14:28:30.784+03:00 DEBUG 12012 --- [URL Shortener] [           main] c.g.d.z.s.o.apache.hc.client5.http.wire  : http-outgoing-5 >> "User-Agent: tc-java/1.19.8[\r][\n]"
2024-06-12T14:28:30.784+03:00 DEBUG 12012 --- [URL Shortener] [           main] c.g.d.z.s.o.apache.hc.client5.http.wire  : http-outgoing-5 >> "Accept-Encoding: gzip, x-gzip, deflate[\r][\n]"
2024-06-12T14:28:30.784+03:00 DEBUG 12012 --- [URL Shortener] [           main] c.g.d.z.s.o.apache.hc.client5.http.wire  : http-outgoing-5 >> "Host: localhost:2375[\r][\n]"
2024-06-12T14:28:30.784+03:00 DEBUG 12012 --- [URL Shortener] [           main] c.g.d.z.s.o.apache.hc.client5.http.wire  : http-outgoing-5 >> "Connection: keep-alive[\r][\n]"
2024-06-12T14:28:30.784+03:00 DEBUG 12012 --- [URL Shortener] [           main] c.g.d.z.s.o.apache.hc.client5.http.wire  : http-outgoing-5 >> "[\r][\n]"
2024-06-12T14:28:30.787+03:00 DEBUG 12012 --- [URL Shortener] [           main] c.g.d.z.s.o.apache.hc.client5.http.wire  : http-outgoing-5 << "HTTP/1.1 200 OK[\r][\n]"
2024-06-12T14:28:30.787+03:00 DEBUG 12012 --- [URL Shortener] [           main] c.g.d.z.s.o.apache.hc.client5.http.wire  : http-outgoing-5 << "Api-Version: 1.43[\r][\n]"
2024-06-12T14:28:30.787+03:00 DEBUG 12012 --- [URL Shortener] [           main] c.g.d.z.s.o.apache.hc.client5.http.wire  : http-outgoing-5 << "Content-Type: application/json[\r][\n]"
2024-06-12T14:28:30.787+03:00 DEBUG 12012 --- [URL Shortener] [           main] c.g.d.z.s.o.apache.hc.client5.http.wire  : http-outgoing-5 << "Date: Wed, 12 Jun 2024 11:28:30 GMT[\r][\n]"
2024-06-12T14:28:30.787+03:00 DEBUG 12012 --- [URL Shortener] [           main] c.g.d.z.s.o.apache.hc.client5.http.wire  : http-outgoing-5 << "Docker-Experimental: false[\r][\n]"
2024-06-12T14:28:30.787+03:00 DEBUG 12012 --- [URL Shortener] [           main] c.g.d.z.s.o.apache.hc.client5.http.wire  : http-outgoing-5 << "Ostype: linux[\r][\n]"
2024-06-12T14:28:30.787+03:00 DEBUG 12012 --- [URL Shortener] [           main] c.g.d.z.s.o.apache.hc.client5.http.wire  : http-outgoing-5 << "Server: Docker/24.0.7 (linux)[\r][\n]"
2024-06-12T14:28:30.788+03:00 DEBUG 12012 --- [URL Shortener] [           main] c.g.d.z.s.o.apache.hc.client5.http.wire  : http-outgoing-5 << "Transfer-Encoding: chunked[\r][\n]"
2024-06-12T14:28:30.788+03:00 DEBUG 12012 --- [URL Shortener] [           main] c.g.d.z.s.o.apache.hc.client5.http.wire  : http-outgoing-5 << "[\r][\n]"
2024-06-12T14:28:30.788+03:00 DEBUG 12012 --- [URL Shortener] [           main] c.g.d.z.s.o.a.hc.client5.http.headers    : http-outgoing-5 << HTTP/1.1 200 OK
2024-06-12T14:28:30.788+03:00 DEBUG 12012 --- [URL Shortener] [           main] c.g.d.z.s.o.a.hc.client5.http.headers    : http-outgoing-5 << Api-Version: 1.43
2024-06-12T14:28:30.788+03:00 DEBUG 12012 --- [URL Shortener] [           main] c.g.d.z.s.o.a.hc.client5.http.headers    : http-outgoing-5 << Content-Type: application/json
2024-06-12T14:28:30.788+03:00 DEBUG 12012 --- [URL Shortener] [           main] c.g.d.z.s.o.a.hc.client5.http.headers    : http-outgoing-5 << Date: Wed, 12 Jun 2024 11:28:30 GMT
2024-06-12T14:28:30.788+03:00 DEBUG 12012 --- [URL Shortener] [           main] c.g.d.z.s.o.a.hc.client5.http.headers    : http-outgoing-5 << Docker-Experimental: false
2024-06-12T14:28:30.788+03:00 DEBUG 12012 --- [URL Shortener] [           main] c.g.d.z.s.o.a.hc.client5.http.headers    : http-outgoing-5 << Ostype: linux
2024-06-12T14:28:30.788+03:00 DEBUG 12012 --- [URL Shortener] [           main] c.g.d.z.s.o.a.hc.client5.http.headers    : http-outgoing-5 << Server: Docker/24.0.7 (linux)
2024-06-12T14:28:30.788+03:00 DEBUG 12012 --- [URL Shortener] [           main] c.g.d.z.s.o.a.hc.client5.http.headers    : http-outgoing-5 << Transfer-Encoding: chunked
2024-06-12T14:28:30.788+03:00 DEBUG 12012 --- [URL Shortener] [           main] c.g.d.z.s.o.a.h.c.h.i.c.MainClientExec   : ex-00000035: connection can be kept alive for 3 MINUTES
2024-06-12T14:28:30.788+03:00 DEBUG 12012 --- [URL Shortener] [           main] c.g.d.z.s.o.apache.hc.client5.http.wire  : http-outgoing-5 << "fcb[\r][\n]"
2024-06-12T14:28:30.788+03:00 DEBUG 12012 --- [URL Shortener] [           main] c.g.d.z.s.o.apache.hc.client5.http.wire  : http-outgoing-5 << "{"Id":"sha256:cff6b68a194a672fd337d8728bfb252071012cce6f0f2ed760988f7bc63a89d2","RepoTags":["postgres:latest"],"RepoDigests":["postgres@sha256:1bf73ccae25238fa555100080042f0b2f9be08eb757e200fe6afc1fc413a1b3c"],"Parent":"","Comment":"buildkit.dockerfile.v0","Created":"2024-05-09T18:58:11Z","Container":"","ContainerConfig":{"Hostname":"","Domainname":"","User":"","AttachStdin":false,"AttachStdout":false,"AttachStderr":false,"Tty":false,"OpenStdin":false,"StdinOnce":false,"Env":null,"Cmd":null,"Image":"","Volumes":null,"WorkingDir":"","Entrypoint":null,"OnBuild":null,"Labels":null},"DockerVersion":"","Author":"","Config":{"Hostname":"","Domainname":"","User":"","AttachStdin":false,"AttachStdout":false,"AttachStderr":false,"ExposedPorts":{"5432/tcp":{}},"Tty":false,"OpenStdin":false,"StdinOnce":false,"Env":["PATH=/usr/local/sbin:/usr/local/bin:/usr/sbin:/usr/bin:/sbin:/bin:/usr/lib/postgresql/16/bin","GOSU_VERSION=1.17","LANG=en_US.utf8","PG_MAJOR=16","PG_VERSION=16.3-1.pgdg120+1","PGDATA=/var/lib/postgresql/data"],"Cmd":["postgres"],"ArgsEscaped":true,"Image":"","Volumes":{"/var/lib/postgresql/data":{}},"WorkingDir":"","Entrypoint":["docker-entrypoint.sh"],"OnBuild":null,"Labels":null,"StopSignal":"SIGINT"},"Architecture":"amd64","Os":"linux","Size":431653614,"VirtualSize":431653614,"GraphDriver":{"Data":{"LowerDir":"/var/lib/docker/overlay2/2cbe3a1a11481afc7adee257a96fbd885a65a5a6b7f47a4b9e39ab13d617ed9f/diff:/var/lib/docker/overlay2/34f0f2835c7fab192b0a09fbaa35e3fde336f3a21db4d551ecb5744f35f022d8/diff:/var/lib/docker/overlay2/91c1ab49fbf459c6ac614f4f21e302f21d4a65eae0c0df9e5fd257fec8b8dac7/diff:/var/lib/docker/overlay2/c047fdb7a36e3127654f971b9e00f52a192b9425d14315e2be62531cbf859c1c/diff:/var/lib/docker/overlay2/f17ff6a2434319a3d0da9c06f159a651e34677f6555cedd9fa5cd4a243a4cf00/diff:/var/lib/docker/overlay2/d3896bdbfb55d53cc96483830bf86d746e709698c5870461b76a606235034e2c/diff:/var/lib/docker/overlay2/17bbcad0aa3d49db9143caa84bf36ac80a1e2abb4465494be53788fdf15136bc/diff:/var/lib/docker/overlay2/d3ba0002826ba8dc8a50ec5b5f40f8eeecc49aed69b7e4852b2c17d4e3bc7673/diff:/var/lib/docker/overlay2/b025c0d3f178bdae3585ff4493fb402ddac780bb0dc86a6e2a4bd16fd5df4fd0/diff:/var/lib/docker/overlay2/b34b03430c91db007405bdcdabdee4d661413c4a546d47aa4933ae256c8c1f83/diff:/var/lib/docker/overlay2/d4b461868c979b00a1a4f4e75535982f2a3b2f76c5b58eae99e5b0523fc10465/diff:/var/lib/docker/overlay2/a2edc56609840a14728ce10afbb50ca5b6a9dcfe1138d7a04954c1b2dfcd9724/diff:/var/lib/docker/overlay2/1d7e1c282144b7b877f2e2cfc223d536f406a3e5cf43804aff3d6b54f674eee8/diff","MergedDir":"/var/lib/docker/overlay2/db451d0433a46fa45e17cc0eae406c512a577a19aed597a6dcd152aa60abc9db/merged","UpperDir":"/var/lib/docker/overlay2/db451d0433a46fa45e17cc0eae406c512a577a19aed597a6dcd152aa60abc9db/diff","WorkDir":"/var/lib/docker/overlay2/db451d0433a46fa45e17cc0eae406c512a577a19aed597a6dcd152aa60abc9db/work"},"Name":"overlay2"},"RootFS":{"Type":"layers","Layers":["sha256:5d4427064ecc46e3c2add169e9b5eafc7ed2be7861081ec925938ab628ac0e25","sha256:57894dcaf5108dedc56cc6ab4fd1d8d472ae2accacdd6eab44c0c4243ba62a09","sha256:9af485ccec7d0f90c6080635fb714feaf1b360de056de3e04c0bdd17c74cc6ed","sha256:f17a5779355c3023eec438611def97db7084a827162127cd2752c1439d60a0b0","sha256:cbb41ec61839ae723b8f2e990047a7bfe1aa0b03c48ab2697be25cf6ee6c8486","sha256:ce09ab8e7a22a84fe4ec04bfe2e5554795a8676096710b41e1743097f9d32ac6","sha256:ad0852652b20792ec91e18d238c592ea10d8403d9209ee0f4fa96acb75b1d354","sha256:1c2f607c2a1eb2ebee1408395e389d84dc4df1e90d2ec9040998a5cb59026b13","sha256:92d4f28dafb9282ea143c07e9233550221e24de0f5e34594b62b907830fb4e9d","sha256:90cc38f521435434e484909fba474692b9bac55b15ddc38b3ca63dd45781ee67","sha256:d4e5929810590bf951a872f05fb700c1d05fe163ae0035a20a3f53bd9f608667","sha256:ecb659300c0050b257e8629822212cf3dca810c7ebd43837fd3e4c988a3cf0e1","sha256:9690a18c63c8789ce0003f0da355ee393b9100185a2c5d0b8967ed0dd582096b","sha256:ea50a959d3b14f43d71eb7835f63db1273f982dbefdedc9638ec2326d027ae35"]},"Metadata":{"LastTagTime":"0001-01-01T00:00:00Z"}}[\n]"
2024-06-12T14:28:30.788+03:00 DEBUG 12012 --- [URL Shortener] [           main] c.g.d.z.s.o.apache.hc.client5.http.wire  : http-outgoing-5 << "[\r][\n]"
2024-06-12T14:28:30.788+03:00 DEBUG 12012 --- [URL Shortener] [           main] c.g.d.z.s.o.apache.hc.client5.http.wire  : http-outgoing-5 << "0[\r][\n]"
2024-06-12T14:28:30.788+03:00 DEBUG 12012 --- [URL Shortener] [           main] c.g.d.z.s.o.apache.hc.client5.http.wire  : http-outgoing-5 << "[\r][\n]"
2024-06-12T14:28:30.789+03:00 DEBUG 12012 --- [URL Shortener] [           main] g.d.z.s.o.a.h.c.h.i.c.InternalHttpClient : ep-00000034: releasing valid endpoint
2024-06-12T14:28:30.789+03:00 DEBUG 12012 --- [URL Shortener] [           main] h.i.i.PoolingHttpClientConnectionManager : ep-00000034: releasing endpoint
2024-06-12T14:28:30.789+03:00 DEBUG 12012 --- [URL Shortener] [           main] h.i.i.PoolingHttpClientConnectionManager : ep-00000034: connection http-outgoing-5 can be kept alive for 3 MINUTES
2024-06-12T14:28:30.789+03:00 DEBUG 12012 --- [URL Shortener] [           main] h.i.i.PoolingHttpClientConnectionManager : ep-00000034: connection released [route: {}->npipe://localhost:2375][total available: 1; route allocated: 1 of 2147483647; total allocated: 1 of 2147483647]
2024-06-12T14:28:30.789+03:00 DEBUG 12012 --- [URL Shortener] [           main] o.t.s.c.g.d.core.command.AbstrDockerCmd  : Cmd: 
2024-06-12T14:28:30.789+03:00 DEBUG 12012 --- [URL Shortener] [           main] g.d.z.s.o.a.h.c.h.i.c.InternalHttpClient : ex-00000036: preparing request execution
2024-06-12T14:28:30.789+03:00 DEBUG 12012 --- [URL Shortener] [           main] c.g.d.z.s.o.a.h.c.h.p.RequestAddCookies  : Cookie spec selected: strict
2024-06-12T14:28:30.789+03:00 DEBUG 12012 --- [URL Shortener] [           main] c.g.d.z.s.o.a.h.c.h.p.RequestAuthCache   : Auth cache not set in the context
2024-06-12T14:28:30.789+03:00 DEBUG 12012 --- [URL Shortener] [           main] c.g.d.z.s.o.a.h.c.h.i.c.ProtocolExec     : ex-00000036: target auth state: UNCHALLENGED
2024-06-12T14:28:30.789+03:00 DEBUG 12012 --- [URL Shortener] [           main] c.g.d.z.s.o.a.h.c.h.i.c.ProtocolExec     : ex-00000036: proxy auth state: UNCHALLENGED
2024-06-12T14:28:30.789+03:00 DEBUG 12012 --- [URL Shortener] [           main] c.g.d.z.s.o.a.h.c.h.i.c.ConnectExec      : ex-00000036: acquiring connection with route {}->npipe://localhost:2375
2024-06-12T14:28:30.789+03:00 DEBUG 12012 --- [URL Shortener] [           main] g.d.z.s.o.a.h.c.h.i.c.InternalHttpClient : ex-00000036: acquiring endpoint (3 MINUTES)
2024-06-12T14:28:30.789+03:00 DEBUG 12012 --- [URL Shortener] [           main] h.i.i.PoolingHttpClientConnectionManager : ex-00000036: endpoint lease request (3 MINUTES) [route: {}->npipe://localhost:2375][total available: 1; route allocated: 1 of 2147483647; total allocated: 1 of 2147483647]
2024-06-12T14:28:30.789+03:00 DEBUG 12012 --- [URL Shortener] [           main] h.i.i.PoolingHttpClientConnectionManager : ex-00000036: endpoint leased [route: {}->npipe://localhost:2375][total available: 0; route allocated: 1 of 2147483647; total allocated: 1 of 2147483647]
2024-06-12T14:28:30.789+03:00 DEBUG 12012 --- [URL Shortener] [           main] h.i.i.PoolingHttpClientConnectionManager : ex-00000036: acquired ep-00000035
2024-06-12T14:28:30.789+03:00 DEBUG 12012 --- [URL Shortener] [           main] g.d.z.s.o.a.h.c.h.i.c.InternalHttpClient : ex-00000036: acquired endpoint ep-00000035
2024-06-12T14:28:30.789+03:00 DEBUG 12012 --- [URL Shortener] [           main] c.g.d.z.s.o.a.h.c.h.i.c.MainClientExec   : ex-00000036: executing GET /v1.32/version HTTP/1.1
2024-06-12T14:28:30.789+03:00 DEBUG 12012 --- [URL Shortener] [           main] g.d.z.s.o.a.h.c.h.i.c.InternalHttpClient : ep-00000035: start execution ex-00000036
2024-06-12T14:28:30.789+03:00 DEBUG 12012 --- [URL Shortener] [           main] h.i.i.PoolingHttpClientConnectionManager : ep-00000035: executing exchange ex-00000036 over http-outgoing-5
2024-06-12T14:28:30.789+03:00 DEBUG 12012 --- [URL Shortener] [           main] c.g.d.z.s.o.a.hc.client5.http.headers    : http-outgoing-5 >> GET /v1.32/version HTTP/1.1
2024-06-12T14:28:30.790+03:00 DEBUG 12012 --- [URL Shortener] [           main] c.g.d.z.s.o.a.hc.client5.http.headers    : http-outgoing-5 >> accept: application/json
2024-06-12T14:28:30.790+03:00 DEBUG 12012 --- [URL Shortener] [           main] c.g.d.z.s.o.a.hc.client5.http.headers    : http-outgoing-5 >> x-tc-sid: 7171fa07-21e4-4858-9670-1c8520dc0b21
2024-06-12T14:28:30.790+03:00 DEBUG 12012 --- [URL Shortener] [           main] c.g.d.z.s.o.a.hc.client5.http.headers    : http-outgoing-5 >> User-Agent: tc-java/1.19.8
2024-06-12T14:28:30.790+03:00 DEBUG 12012 --- [URL Shortener] [           main] c.g.d.z.s.o.a.hc.client5.http.headers    : http-outgoing-5 >> Accept-Encoding: gzip, x-gzip, deflate
2024-06-12T14:28:30.790+03:00 DEBUG 12012 --- [URL Shortener] [           main] c.g.d.z.s.o.a.hc.client5.http.headers    : http-outgoing-5 >> Host: localhost:2375
2024-06-12T14:28:30.790+03:00 DEBUG 12012 --- [URL Shortener] [           main] c.g.d.z.s.o.a.hc.client5.http.headers    : http-outgoing-5 >> Connection: keep-alive
2024-06-12T14:28:30.790+03:00 DEBUG 12012 --- [URL Shortener] [           main] c.g.d.z.s.o.apache.hc.client5.http.wire  : http-outgoing-5 >> "GET /v1.32/version HTTP/1.1[\r][\n]"
2024-06-12T14:28:30.790+03:00 DEBUG 12012 --- [URL Shortener] [           main] c.g.d.z.s.o.apache.hc.client5.http.wire  : http-outgoing-5 >> "accept: application/json[\r][\n]"
2024-06-12T14:28:30.790+03:00 DEBUG 12012 --- [URL Shortener] [           main] c.g.d.z.s.o.apache.hc.client5.http.wire  : http-outgoing-5 >> "x-tc-sid: 7171fa07-21e4-4858-9670-1c8520dc0b21[\r][\n]"
2024-06-12T14:28:30.790+03:00 DEBUG 12012 --- [URL Shortener] [           main] c.g.d.z.s.o.apache.hc.client5.http.wire  : http-outgoing-5 >> "User-Agent: tc-java/1.19.8[\r][\n]"
2024-06-12T14:28:30.790+03:00 DEBUG 12012 --- [URL Shortener] [           main] c.g.d.z.s.o.apache.hc.client5.http.wire  : http-outgoing-5 >> "Accept-Encoding: gzip, x-gzip, deflate[\r][\n]"
2024-06-12T14:28:30.790+03:00 DEBUG 12012 --- [URL Shortener] [           main] c.g.d.z.s.o.apache.hc.client5.http.wire  : http-outgoing-5 >> "Host: localhost:2375[\r][\n]"
2024-06-12T14:28:30.790+03:00 DEBUG 12012 --- [URL Shortener] [           main] c.g.d.z.s.o.apache.hc.client5.http.wire  : http-outgoing-5 >> "Connection: keep-alive[\r][\n]"
2024-06-12T14:28:30.790+03:00 DEBUG 12012 --- [URL Shortener] [           main] c.g.d.z.s.o.apache.hc.client5.http.wire  : http-outgoing-5 >> "[\r][\n]"
2024-06-12T14:28:30.797+03:00 DEBUG 12012 --- [URL Shortener] [           main] c.g.d.z.s.o.apache.hc.client5.http.wire  : http-outgoing-5 << "HTTP/1.1 200 OK[\r][\n]"
2024-06-12T14:28:30.797+03:00 DEBUG 12012 --- [URL Shortener] [           main] c.g.d.z.s.o.apache.hc.client5.http.wire  : http-outgoing-5 << "Api-Version: 1.43[\r][\n]"
2024-06-12T14:28:30.797+03:00 DEBUG 12012 --- [URL Shortener] [           main] c.g.d.z.s.o.apache.hc.client5.http.wire  : http-outgoing-5 << "Content-Type: application/json[\r][\n]"
2024-06-12T14:28:30.797+03:00 DEBUG 12012 --- [URL Shortener] [           main] c.g.d.z.s.o.apache.hc.client5.http.wire  : http-outgoing-5 << "Date: Wed, 12 Jun 2024 11:28:30 GMT[\r][\n]"
2024-06-12T14:28:30.797+03:00 DEBUG 12012 --- [URL Shortener] [           main] c.g.d.z.s.o.apache.hc.client5.http.wire  : http-outgoing-5 << "Docker-Experimental: false[\r][\n]"
2024-06-12T14:28:30.797+03:00 DEBUG 12012 --- [URL Shortener] [           main] c.g.d.z.s.o.apache.hc.client5.http.wire  : http-outgoing-5 << "Ostype: linux[\r][\n]"
2024-06-12T14:28:30.797+03:00 DEBUG 12012 --- [URL Shortener] [           main] c.g.d.z.s.o.apache.hc.client5.http.wire  : http-outgoing-5 << "Server: Docker/24.0.7 (linux)[\r][\n]"
2024-06-12T14:28:30.797+03:00 DEBUG 12012 --- [URL Shortener] [           main] c.g.d.z.s.o.apache.hc.client5.http.wire  : http-outgoing-5 << "Transfer-Encoding: chunked[\r][\n]"
2024-06-12T14:28:30.797+03:00 DEBUG 12012 --- [URL Shortener] [           main] c.g.d.z.s.o.apache.hc.client5.http.wire  : http-outgoing-5 << "[\r][\n]"
2024-06-12T14:28:30.797+03:00 DEBUG 12012 --- [URL Shortener] [           main] c.g.d.z.s.o.a.hc.client5.http.headers    : http-outgoing-5 << HTTP/1.1 200 OK
2024-06-12T14:28:30.797+03:00 DEBUG 12012 --- [URL Shortener] [           main] c.g.d.z.s.o.a.hc.client5.http.headers    : http-outgoing-5 << Api-Version: 1.43
2024-06-12T14:28:30.797+03:00 DEBUG 12012 --- [URL Shortener] [           main] c.g.d.z.s.o.a.hc.client5.http.headers    : http-outgoing-5 << Content-Type: application/json
2024-06-12T14:28:30.797+03:00 DEBUG 12012 --- [URL Shortener] [           main] c.g.d.z.s.o.a.hc.client5.http.headers    : http-outgoing-5 << Date: Wed, 12 Jun 2024 11:28:30 GMT
2024-06-12T14:28:30.797+03:00 DEBUG 12012 --- [URL Shortener] [           main] c.g.d.z.s.o.a.hc.client5.http.headers    : http-outgoing-5 << Docker-Experimental: false
2024-06-12T14:28:30.797+03:00 DEBUG 12012 --- [URL Shortener] [           main] c.g.d.z.s.o.a.hc.client5.http.headers    : http-outgoing-5 << Ostype: linux
2024-06-12T14:28:30.797+03:00 DEBUG 12012 --- [URL Shortener] [           main] c.g.d.z.s.o.a.hc.client5.http.headers    : http-outgoing-5 << Server: Docker/24.0.7 (linux)
2024-06-12T14:28:30.797+03:00 DEBUG 12012 --- [URL Shortener] [           main] c.g.d.z.s.o.a.hc.client5.http.headers    : http-outgoing-5 << Transfer-Encoding: chunked
2024-06-12T14:28:30.797+03:00 DEBUG 12012 --- [URL Shortener] [           main] c.g.d.z.s.o.a.h.c.h.i.c.MainClientExec   : ex-00000036: connection can be kept alive for 3 MINUTES
2024-06-12T14:28:30.797+03:00 DEBUG 12012 --- [URL Shortener] [           main] c.g.d.z.s.o.apache.hc.client5.http.wire  : http-outgoing-5 << "361[\r][\n]"
2024-06-12T14:28:30.797+03:00 DEBUG 12012 --- [URL Shortener] [           main] c.g.d.z.s.o.apache.hc.client5.http.wire  : http-outgoing-5 << "{"Platform":{"Name":"Docker Desktop 4.26.1 (131620)"},"Components":[{"Name":"Engine","Version":"24.0.7","Details":{"ApiVersion":"1.43","Arch":"amd64","BuildTime":"2023-10-26T09:08:02.000000000+00:00","Experimental":"false","GitCommit":"311b9ff","GoVersion":"go1.20.10","KernelVersion":"5.15.133.1-microsoft-standard-WSL2","MinAPIVersion":"1.12","Os":"linux"}},{"Name":"containerd","Version":"1.6.25","Details":{"GitCommit":"d8f198a4ed8892c764191ef7b3b06d8a2eeb5c7f"}},{"Name":"runc","Version":"1.1.10","Details":{"GitCommit":"v1.1.10-0-g18a0cb0"}},{"Name":"docker-init","Version":"0.19.0","Details":{"GitCommit":"de40ad0"}}],"Version":"24.0.7","ApiVersion":"1.43","MinAPIVersion":"1.12","GitCommit":"311b9ff","GoVersion":"go1.20.10","Os":"linux","Arch":"amd64","KernelVersion":"5.15.133.1-microsoft-standard-WSL2","BuildTime":"2023-10-26T09:08:02.000000000+00:00"}[\n]"
2024-06-12T14:28:30.797+03:00 DEBUG 12012 --- [URL Shortener] [           main] c.g.d.z.s.o.apache.hc.client5.http.wire  : http-outgoing-5 << "[\r][\n]"
2024-06-12T14:28:30.797+03:00 DEBUG 12012 --- [URL Shortener] [           main] c.g.d.z.s.o.apache.hc.client5.http.wire  : http-outgoing-5 << "0[\r][\n]"
2024-06-12T14:28:30.797+03:00 DEBUG 12012 --- [URL Shortener] [           main] c.g.d.z.s.o.apache.hc.client5.http.wire  : http-outgoing-5 << "[\r][\n]"
2024-06-12T14:28:30.798+03:00 DEBUG 12012 --- [URL Shortener] [           main] g.d.z.s.o.a.h.c.h.i.c.InternalHttpClient : ep-00000035: releasing valid endpoint
2024-06-12T14:28:30.798+03:00 DEBUG 12012 --- [URL Shortener] [           main] h.i.i.PoolingHttpClientConnectionManager : ep-00000035: releasing endpoint
2024-06-12T14:28:30.798+03:00 DEBUG 12012 --- [URL Shortener] [           main] h.i.i.PoolingHttpClientConnectionManager : ep-00000035: connection http-outgoing-5 can be kept alive for 3 MINUTES
2024-06-12T14:28:30.798+03:00 DEBUG 12012 --- [URL Shortener] [           main] h.i.i.PoolingHttpClientConnectionManager : ep-00000035: connection released [route: {}->npipe://localhost:2375][total available: 1; route allocated: 1 of 2147483647; total allocated: 1 of 2147483647]
2024-06-12T14:28:30.799+03:00 DEBUG 12012 --- [URL Shortener] [ream-1270444078] g.d.z.s.o.a.h.c.h.i.c.InternalHttpClient : ex-00000037: preparing request execution
2024-06-12T14:28:30.799+03:00 DEBUG 12012 --- [URL Shortener] [ream-1270444078] c.g.d.z.s.o.a.h.c.h.p.RequestAddCookies  : Cookie spec selected: strict
2024-06-12T14:28:30.799+03:00 DEBUG 12012 --- [URL Shortener] [ream-1270444078] c.g.d.z.s.o.a.h.c.h.p.RequestAuthCache   : Auth cache not set in the context
2024-06-12T14:28:30.799+03:00 DEBUG 12012 --- [URL Shortener] [ream-1270444078] c.g.d.z.s.o.a.h.c.h.i.c.ProtocolExec     : ex-00000037: target auth state: UNCHALLENGED
2024-06-12T14:28:30.799+03:00 DEBUG 12012 --- [URL Shortener] [ream-1270444078] c.g.d.z.s.o.a.h.c.h.i.c.ProtocolExec     : ex-00000037: proxy auth state: UNCHALLENGED
2024-06-12T14:28:30.799+03:00 DEBUG 12012 --- [URL Shortener] [ream-1270444078] c.g.d.z.s.o.a.h.c.h.i.c.ConnectExec      : ex-00000037: acquiring connection with route {}->npipe://localhost:2375
2024-06-12T14:28:30.799+03:00 DEBUG 12012 --- [URL Shortener] [ream-1270444078] g.d.z.s.o.a.h.c.h.i.c.InternalHttpClient : ex-00000037: acquiring endpoint (3 MINUTES)
2024-06-12T14:28:30.799+03:00 DEBUG 12012 --- [URL Shortener] [ream-1270444078] h.i.i.PoolingHttpClientConnectionManager : ex-00000037: endpoint lease request (3 MINUTES) [route: {}->npipe://localhost:2375][total available: 1; route allocated: 1 of 2147483647; total allocated: 1 of 2147483647]
2024-06-12T14:28:30.799+03:00 DEBUG 12012 --- [URL Shortener] [ream-1270444078] h.i.i.PoolingHttpClientConnectionManager : ex-00000037: endpoint leased [route: {}->npipe://localhost:2375][total available: 0; route allocated: 1 of 2147483647; total allocated: 1 of 2147483647]
2024-06-12T14:28:30.799+03:00 DEBUG 12012 --- [URL Shortener] [ream-1270444078] h.i.i.PoolingHttpClientConnectionManager : ex-00000037: acquired ep-00000036
2024-06-12T14:28:30.799+03:00 DEBUG 12012 --- [URL Shortener] [ream-1270444078] g.d.z.s.o.a.h.c.h.i.c.InternalHttpClient : ex-00000037: acquired endpoint ep-00000036
2024-06-12T14:28:30.799+03:00 DEBUG 12012 --- [URL Shortener] [ream-1270444078] c.g.d.z.s.o.a.h.c.h.i.c.MainClientExec   : ex-00000037: executing GET /v1.32/containers/a6193c4fdb3114dc0ae2f4d479f73a938d7fc43c6587534025b532ae6f0d250a/logs?stdout=true&stderr=true&follow=true&since=0 HTTP/1.1
2024-06-12T14:28:30.799+03:00 DEBUG 12012 --- [URL Shortener] [ream-1270444078] g.d.z.s.o.a.h.c.h.i.c.InternalHttpClient : ep-00000036: start execution ex-00000037
2024-06-12T14:28:30.799+03:00 DEBUG 12012 --- [URL Shortener] [ream-1270444078] h.i.i.PoolingHttpClientConnectionManager : ep-00000036: executing exchange ex-00000037 over http-outgoing-5
2024-06-12T14:28:30.799+03:00 DEBUG 12012 --- [URL Shortener] [ream-1270444078] c.g.d.z.s.o.a.hc.client5.http.headers    : http-outgoing-5 >> GET /v1.32/containers/a6193c4fdb3114dc0ae2f4d479f73a938d7fc43c6587534025b532ae6f0d250a/logs?stdout=true&stderr=true&follow=true&since=0 HTTP/1.1
2024-06-12T14:28:30.799+03:00 DEBUG 12012 --- [URL Shortener] [ream-1270444078] c.g.d.z.s.o.a.hc.client5.http.headers    : http-outgoing-5 >> x-tc-sid: 7171fa07-21e4-4858-9670-1c8520dc0b21
2024-06-12T14:28:30.799+03:00 DEBUG 12012 --- [URL Shortener] [ream-1270444078] c.g.d.z.s.o.a.hc.client5.http.headers    : http-outgoing-5 >> User-Agent: tc-java/1.19.8
2024-06-12T14:28:30.799+03:00 DEBUG 12012 --- [URL Shortener] [ream-1270444078] c.g.d.z.s.o.a.hc.client5.http.headers    : http-outgoing-5 >> Accept-Encoding: gzip, x-gzip, deflate
2024-06-12T14:28:30.800+03:00 DEBUG 12012 --- [URL Shortener] [ream-1270444078] c.g.d.z.s.o.a.hc.client5.http.headers    : http-outgoing-5 >> Host: localhost:2375
2024-06-12T14:28:30.800+03:00 DEBUG 12012 --- [URL Shortener] [ream-1270444078] c.g.d.z.s.o.a.hc.client5.http.headers    : http-outgoing-5 >> Connection: keep-alive
2024-06-12T14:28:30.800+03:00 DEBUG 12012 --- [URL Shortener] [ream-1270444078] c.g.d.z.s.o.apache.hc.client5.http.wire  : http-outgoing-5 >> "GET /v1.32/containers/a6193c4fdb3114dc0ae2f4d479f73a938d7fc43c6587534025b532ae6f0d250a/logs?stdout=true&stderr=true&follow=true&since=0 HTTP/1.1[\r][\n]"
2024-06-12T14:28:30.800+03:00 DEBUG 12012 --- [URL Shortener] [ream-1270444078] c.g.d.z.s.o.apache.hc.client5.http.wire  : http-outgoing-5 >> "x-tc-sid: 7171fa07-21e4-4858-9670-1c8520dc0b21[\r][\n]"
2024-06-12T14:28:30.800+03:00 DEBUG 12012 --- [URL Shortener] [ream-1270444078] c.g.d.z.s.o.apache.hc.client5.http.wire  : http-outgoing-5 >> "User-Agent: tc-java/1.19.8[\r][\n]"
2024-06-12T14:28:30.800+03:00 DEBUG 12012 --- [URL Shortener] [ream-1270444078] c.g.d.z.s.o.apache.hc.client5.http.wire  : http-outgoing-5 >> "Accept-Encoding: gzip, x-gzip, deflate[\r][\n]"
2024-06-12T14:28:30.800+03:00 DEBUG 12012 --- [URL Shortener] [ream-1270444078] c.g.d.z.s.o.apache.hc.client5.http.wire  : http-outgoing-5 >> "Host: localhost:2375[\r][\n]"
2024-06-12T14:28:30.800+03:00 DEBUG 12012 --- [URL Shortener] [ream-1270444078] c.g.d.z.s.o.apache.hc.client5.http.wire  : http-outgoing-5 >> "Connection: keep-alive[\r][\n]"
2024-06-12T14:28:30.800+03:00 DEBUG 12012 --- [URL Shortener] [ream-1270444078] c.g.d.z.s.o.apache.hc.client5.http.wire  : http-outgoing-5 >> "[\r][\n]"
2024-06-12T14:28:30.802+03:00 DEBUG 12012 --- [URL Shortener] [ream-1270444078] c.g.d.z.s.o.apache.hc.client5.http.wire  : http-outgoing-5 << "HTTP/1.1 200 OK[\r][\n]"
2024-06-12T14:28:30.802+03:00 DEBUG 12012 --- [URL Shortener] [ream-1270444078] c.g.d.z.s.o.apache.hc.client5.http.wire  : http-outgoing-5 << "Api-Version: 1.43[\r][\n]"
2024-06-12T14:28:30.802+03:00 DEBUG 12012 --- [URL Shortener] [ream-1270444078] c.g.d.z.s.o.apache.hc.client5.http.wire  : http-outgoing-5 << "Content-Type: application/vnd.docker.raw-stream[\r][\n]"
2024-06-12T14:28:30.802+03:00 DEBUG 12012 --- [URL Shortener] [ream-1270444078] c.g.d.z.s.o.apache.hc.client5.http.wire  : http-outgoing-5 << "Date: Wed, 12 Jun 2024 11:28:30 GMT[\r][\n]"
2024-06-12T14:28:30.802+03:00 DEBUG 12012 --- [URL Shortener] [ream-1270444078] c.g.d.z.s.o.apache.hc.client5.http.wire  : http-outgoing-5 << "Docker-Experimental: false[\r][\n]"
2024-06-12T14:28:30.802+03:00 DEBUG 12012 --- [URL Shortener] [ream-1270444078] c.g.d.z.s.o.apache.hc.client5.http.wire  : http-outgoing-5 << "Ostype: linux[\r][\n]"
2024-06-12T14:28:30.802+03:00 DEBUG 12012 --- [URL Shortener] [ream-1270444078] c.g.d.z.s.o.apache.hc.client5.http.wire  : http-outgoing-5 << "Server: Docker/24.0.7 (linux)[\r][\n]"
2024-06-12T14:28:30.802+03:00 DEBUG 12012 --- [URL Shortener] [ream-1270444078] c.g.d.z.s.o.apache.hc.client5.http.wire  : http-outgoing-5 << "Transfer-Encoding: chunked[\r][\n]"
2024-06-12T14:28:30.802+03:00 DEBUG 12012 --- [URL Shortener] [ream-1270444078] c.g.d.z.s.o.apache.hc.client5.http.wire  : http-outgoing-5 << "[\r][\n]"
2024-06-12T14:28:30.803+03:00 DEBUG 12012 --- [URL Shortener] [ream-1270444078] c.g.d.z.s.o.a.hc.client5.http.headers    : http-outgoing-5 << HTTP/1.1 200 OK
2024-06-12T14:28:30.803+03:00 DEBUG 12012 --- [URL Shortener] [ream-1270444078] c.g.d.z.s.o.a.hc.client5.http.headers    : http-outgoing-5 << Api-Version: 1.43
2024-06-12T14:28:30.803+03:00 DEBUG 12012 --- [URL Shortener] [ream-1270444078] c.g.d.z.s.o.a.hc.client5.http.headers    : http-outgoing-5 << Content-Type: application/vnd.docker.raw-stream
2024-06-12T14:28:30.803+03:00 DEBUG 12012 --- [URL Shortener] [ream-1270444078] c.g.d.z.s.o.a.hc.client5.http.headers    : http-outgoing-5 << Date: Wed, 12 Jun 2024 11:28:30 GMT
2024-06-12T14:28:30.803+03:00 DEBUG 12012 --- [URL Shortener] [ream-1270444078] c.g.d.z.s.o.a.hc.client5.http.headers    : http-outgoing-5 << Docker-Experimental: false
2024-06-12T14:28:30.803+03:00 DEBUG 12012 --- [URL Shortener] [ream-1270444078] c.g.d.z.s.o.a.hc.client5.http.headers    : http-outgoing-5 << Ostype: linux
2024-06-12T14:28:30.803+03:00 DEBUG 12012 --- [URL Shortener] [ream-1270444078] c.g.d.z.s.o.a.hc.client5.http.headers    : http-outgoing-5 << Server: Docker/24.0.7 (linux)
2024-06-12T14:28:30.803+03:00 DEBUG 12012 --- [URL Shortener] [ream-1270444078] c.g.d.z.s.o.a.hc.client5.http.headers    : http-outgoing-5 << Transfer-Encoding: chunked
2024-06-12T14:28:30.803+03:00 DEBUG 12012 --- [URL Shortener] [ream-1270444078] c.g.d.z.s.o.a.h.c.h.i.c.MainClientExec   : ex-00000037: connection can be kept alive for 3 MINUTES
2024-06-12T14:28:30.803+03:00 DEBUG 12012 --- [URL Shortener] [ream-1270444078] c.g.d.z.s.o.apache.hc.client5.http.wire  : http-outgoing-5 << "1fd[\r][\n]"
2024-06-12T14:28:30.803+03:00 DEBUG 12012 --- [URL Shortener] [ream-1270444078] c.g.d.z.s.o.apache.hc.client5.http.wire  : http-outgoing-5 << "[0x1][0x0][0x0][0x0][0x0][0x0][0x0]NThe files belonging to this database system will be owned by user "postgres".[\n]"
2024-06-12T14:28:30.803+03:00 DEBUG 12012 --- [URL Shortener] [ream-1270444078] c.g.d.z.s.o.apache.hc.client5.http.wire  : http-outgoing-5 << "[0x1][0x0][0x0][0x0][0x0][0x0][0x0],This user must also own the server process.[\n]"
2024-06-12T14:28:30.803+03:00 DEBUG 12012 --- [URL Shortener] [ream-1270444078] c.g.d.z.s.o.apache.hc.client5.http.wire  : http-outgoing-5 << "[0x1][0x0][0x0][0x0][0x0][0x0][0x0][0x1][\n]"
2024-06-12T14:28:30.803+03:00 DEBUG 12012 --- [URL Shortener] [ream-1270444078] c.g.d.z.s.o.apache.hc.client5.http.wire  : http-outgoing-5 << "[0x1][0x0][0x0][0x0][0x0][0x0][0x0]CThe database cluster will be initialized with locale "en_US.utf8".[\n]"
2024-06-12T14:28:30.803+03:00 DEBUG 12012 --- [URL Shortener] [ream-1270444078] c.g.d.z.s.o.apache.hc.client5.http.wire  : http-outgoing-5 << "[0x1][0x0][0x0][0x0][0x0][0x0][0x0]BThe default database encoding has accordingly been set to "UTF8".[\n]"
2024-06-12T14:28:30.803+03:00 DEBUG 12012 --- [URL Shortener] [ream-1270444078] c.g.d.z.s.o.apache.hc.client5.http.wire  : http-outgoing-5 << "[0x1][0x0][0x0][0x0][0x0][0x0][0x0]@The default text search configuration will be set to "english".[\n]"
2024-06-12T14:28:30.803+03:00 DEBUG 12012 --- [URL Shortener] [ream-1270444078] c.g.d.z.s.o.apache.hc.client5.http.wire  : http-outgoing-5 << "[0x1][0x0][0x0][0x0][0x0][0x0][0x0][0x1][\n]"
2024-06-12T14:28:30.803+03:00 DEBUG 12012 --- [URL Shortener] [ream-1270444078] c.g.d.z.s.o.apache.hc.client5.http.wire  : http-outgoing-5 << "[0x1][0x0][0x0][0x0][0x0][0x0][0x0]"Data page checksums are disabled.[\n]"
2024-06-12T14:28:30.803+03:00 DEBUG 12012 --- [URL Shortener] [ream-1270444078] c.g.d.z.s.o.apache.hc.client5.http.wire  : http-outgoing-5 << "[0x1][0x0][0x0][0x0][0x0][0x0][0x0][0x1][\n]"
2024-06-12T14:28:30.803+03:00 DEBUG 12012 --- [URL Shortener] [ream-1270444078] c.g.d.z.s.o.apache.hc.client5.http.wire  : http-outgoing-5 << "[0x1][0x0][0x0][0x0][0x0][0x0][0x0]Ifixing permissions on existing directory /var/lib/postgresql/data ... ok[\n]"
2024-06-12T14:28:30.803+03:00 DEBUG 12012 --- [URL Shortener] [ream-1270444078] c.g.d.z.s.o.apache.hc.client5.http.wire  : http-outgoing-5 << "[\r][\n]"
2024-06-12T14:28:30.803+03:00 DEBUG 12012 --- [URL Shortener] [           main] o.t.containers.output.WaitingConsumer    : STDOUT: 
2024-06-12T14:28:30.803+03:00 DEBUG 12012 --- [URL Shortener] [           main] o.t.containers.output.WaitingConsumer    : STDOUT: fixing permissions on existing directory /var/lib/postgresql/data ... ok
2024-06-12T14:28:30.803+03:00 DEBUG 12012 --- [URL Shortener] [           main] o.t.containers.output.WaitingConsumer    : STDOUT: 
2024-06-12T14:28:30.803+03:00 DEBUG 12012 --- [URL Shortener] [           main] o.t.containers.output.WaitingConsumer    : STDOUT: Data page checksums are disabled.
2024-06-12T14:28:30.803+03:00 DEBUG 12012 --- [URL Shortener] [           main] o.t.containers.output.WaitingConsumer    : STDOUT: 
2024-06-12T14:28:30.803+03:00 DEBUG 12012 --- [URL Shortener] [           main] o.t.containers.output.WaitingConsumer    : STDOUT: The default text search configuration will be set to "english".
2024-06-12T14:28:30.803+03:00 DEBUG 12012 --- [URL Shortener] [           main] o.t.containers.output.WaitingConsumer    : STDOUT: The default database encoding has accordingly been set to "UTF8".
2024-06-12T14:28:30.803+03:00 DEBUG 12012 --- [URL Shortener] [           main] o.t.containers.output.WaitingConsumer    : STDOUT: The database cluster will be initialized with locale "en_US.utf8".
2024-06-12T14:28:30.803+03:00 DEBUG 12012 --- [URL Shortener] [           main] o.t.containers.output.WaitingConsumer    : STDOUT: This user must also own the server process.
2024-06-12T14:28:30.803+03:00 DEBUG 12012 --- [URL Shortener] [           main] o.t.containers.output.WaitingConsumer    : STDOUT: The files belonging to this database system will be owned by user "postgres".
2024-06-12T14:28:30.805+03:00 DEBUG 12012 --- [URL Shortener] [ream-1270444078] c.g.d.z.s.o.apache.hc.client5.http.wire  : http-outgoing-5 << "68[\r][\n]"
2024-06-12T14:28:30.805+03:00 DEBUG 12012 --- [URL Shortener] [ream-1270444078] c.g.d.z.s.o.apache.hc.client5.http.wire  : http-outgoing-5 << "[0x1][0x0][0x0][0x0][0x0][0x0][0x0][0x1f]creating subdirectories ... ok[\n]"
2024-06-12T14:28:30.805+03:00 DEBUG 12012 --- [URL Shortener] [ream-1270444078] c.g.d.z.s.o.apache.hc.client5.http.wire  : http-outgoing-5 << "[0x1][0x0][0x0][0x0][0x0][0x0][0x0]9selecting dynamic shared memory implementation ... posix[\n]"
2024-06-12T14:28:30.805+03:00 DEBUG 12012 --- [URL Shortener] [ream-1270444078] c.g.d.z.s.o.apache.hc.client5.http.wire  : http-outgoing-5 << "[\r][\n]"
2024-06-12T14:28:30.818+03:00 DEBUG 12012 --- [URL Shortener] [ream-1270444078] c.g.d.z.s.o.apache.hc.client5.http.wire  : http-outgoing-5 << "32[\r][\n]"
2024-06-12T14:28:30.818+03:00 DEBUG 12012 --- [URL Shortener] [ream-1270444078] c.g.d.z.s.o.apache.hc.client5.http.wire  : http-outgoing-5 << "[0x1][0x0][0x0][0x0][0x0][0x0][0x0]*selecting default max_connections ... 100[\n]"
2024-06-12T14:28:30.818+03:00 DEBUG 12012 --- [URL Shortener] [ream-1270444078] c.g.d.z.s.o.apache.hc.client5.http.wire  : http-outgoing-5 << "[\r][\n]"
2024-06-12T14:28:30.826+03:00 DEBUG 12012 --- [URL Shortener] [           main] o.t.containers.output.WaitingConsumer    : STDOUT: selecting default max_connections ... 100
2024-06-12T14:28:30.826+03:00 DEBUG 12012 --- [URL Shortener] [           main] o.t.containers.output.WaitingConsumer    : STDOUT: selecting dynamic shared memory implementation ... posix
2024-06-12T14:28:30.826+03:00 DEBUG 12012 --- [URL Shortener] [           main] o.t.containers.output.WaitingConsumer    : STDOUT: creating subdirectories ... ok
2024-06-12T14:28:30.834+03:00 DEBUG 12012 --- [URL Shortener] [ream-1270444078] c.g.d.z.s.o.apache.hc.client5.http.wire  : http-outgoing-5 << "33[\r][\n]"
2024-06-12T14:28:30.834+03:00 DEBUG 12012 --- [URL Shortener] [ream-1270444078] c.g.d.z.s.o.apache.hc.client5.http.wire  : http-outgoing-5 << "[0x1][0x0][0x0][0x0][0x0][0x0][0x0]+selecting default shared_buffers ... 128MB[\n]"
2024-06-12T14:28:30.834+03:00 DEBUG 12012 --- [URL Shortener] [ream-1270444078] c.g.d.z.s.o.apache.hc.client5.http.wire  : http-outgoing-5 << "[\r][\n]"
2024-06-12T14:28:30.841+03:00 DEBUG 12012 --- [URL Shortener] [           main] o.t.containers.output.WaitingConsumer    : STDOUT: selecting default shared_buffers ... 128MB
2024-06-12T14:28:30.843+03:00 DEBUG 12012 --- [URL Shortener] [ream-1270444078] c.g.d.z.s.o.apache.hc.client5.http.wire  : http-outgoing-5 << "30[\r][\n]"
2024-06-12T14:28:30.843+03:00 DEBUG 12012 --- [URL Shortener] [ream-1270444078] c.g.d.z.s.o.apache.hc.client5.http.wire  : http-outgoing-5 << "[0x1][0x0][0x0][0x0][0x0][0x0][0x0](selecting default time zone ... Etc/UTC[\n]"
2024-06-12T14:28:30.843+03:00 DEBUG 12012 --- [URL Shortener] [ream-1270444078] c.g.d.z.s.o.apache.hc.client5.http.wire  : http-outgoing-5 << "[\r][\n]"
2024-06-12T14:28:30.843+03:00 DEBUG 12012 --- [URL Shortener] [ream-1270444078] c.g.d.z.s.o.apache.hc.client5.http.wire  : http-outgoing-5 << "2c[\r][\n]"
2024-06-12T14:28:30.843+03:00 DEBUG 12012 --- [URL Shortener] [ream-1270444078] c.g.d.z.s.o.apache.hc.client5.http.wire  : http-outgoing-5 << "[0x1][0x0][0x0][0x0][0x0][0x0][0x0]$creating configuration files ... ok[\n]"
2024-06-12T14:28:30.843+03:00 DEBUG 12012 --- [URL Shortener] [ream-1270444078] c.g.d.z.s.o.apache.hc.client5.http.wire  : http-outgoing-5 << "[\r][\n]"
2024-06-12T14:28:30.856+03:00 DEBUG 12012 --- [URL Shortener] [           main] o.t.containers.output.WaitingConsumer    : STDOUT: creating configuration files ... ok
2024-06-12T14:28:30.856+03:00 DEBUG 12012 --- [URL Shortener] [           main] o.t.containers.output.WaitingConsumer    : STDOUT: selecting default time zone ... Etc/UTC
2024-06-12T14:28:30.937+03:00 DEBUG 12012 --- [URL Shortener] [ream-1270444078] c.g.d.z.s.o.apache.hc.client5.http.wire  : http-outgoing-5 << "28[\r][\n]"
2024-06-12T14:28:30.937+03:00 DEBUG 12012 --- [URL Shortener] [ream-1270444078] c.g.d.z.s.o.apache.hc.client5.http.wire  : http-outgoing-5 << "[0x1][0x0][0x0][0x0][0x0][0x0][0x0] running bootstrap script ... ok[\n]"
2024-06-12T14:28:30.937+03:00 DEBUG 12012 --- [URL Shortener] [ream-1270444078] c.g.d.z.s.o.apache.hc.client5.http.wire  : http-outgoing-5 << "[\r][\n]"
2024-06-12T14:28:30.937+03:00 DEBUG 12012 --- [URL Shortener] [           main] o.t.containers.output.WaitingConsumer    : STDOUT: running bootstrap script ... ok
2024-06-12T14:28:31.216+03:00 DEBUG 12012 --- [URL Shortener] [ream-1270444078] c.g.d.z.s.o.apache.hc.client5.http.wire  : http-outgoing-5 << "38[\r][\n]"
2024-06-12T14:28:31.216+03:00 DEBUG 12012 --- [URL Shortener] [ream-1270444078] c.g.d.z.s.o.apache.hc.client5.http.wire  : http-outgoing-5 << "[0x1][0x0][0x0][0x0][0x0][0x0][0x0]0performing post-bootstrap initialization ... ok[\n]"
2024-06-12T14:28:31.216+03:00 DEBUG 12012 --- [URL Shortener] [ream-1270444078] c.g.d.z.s.o.apache.hc.client5.http.wire  : http-outgoing-5 << "[\r][\n]"
2024-06-12T14:28:31.216+03:00 DEBUG 12012 --- [URL Shortener] [           main] o.t.containers.output.WaitingConsumer    : STDOUT: performing post-bootstrap initialization ... ok
2024-06-12T14:28:31.445+03:00 DEBUG 12012 --- [URL Shortener] [ream-1270444078] c.g.d.z.s.o.apache.hc.client5.http.wire  : http-outgoing-5 << "1ad[\r][\n]"
2024-06-12T14:28:31.445+03:00 DEBUG 12012 --- [URL Shortener] [ream-1270444078] c.g.d.z.s.o.apache.hc.client5.http.wire  : http-outgoing-5 << "[0x1][0x0][0x0][0x0][0x0][0x0][0x0][0x1c]syncing data to disk ... ok[\n]"
2024-06-12T14:28:31.445+03:00 DEBUG 12012 --- [URL Shortener] [ream-1270444078] c.g.d.z.s.o.apache.hc.client5.http.wire  : http-outgoing-5 << "[0x1][0x0][0x0][0x0][0x0][0x0][0x0][0x1][\n]"
2024-06-12T14:28:31.445+03:00 DEBUG 12012 --- [URL Shortener] [ream-1270444078] c.g.d.z.s.o.apache.hc.client5.http.wire  : http-outgoing-5 << "[0x1][0x0][0x0][0x0][0x0][0x0][0x0][0x1][\n]"
2024-06-12T14:28:31.445+03:00 DEBUG 12012 --- [URL Shortener] [ream-1270444078] c.g.d.z.s.o.apache.hc.client5.http.wire  : http-outgoing-5 << "[0x1][0x0][0x0][0x0][0x0][0x0][0x0]6Success. You can now start the database server using:[\n]"
2024-06-12T14:28:31.445+03:00 DEBUG 12012 --- [URL Shortener] [ream-1270444078] c.g.d.z.s.o.apache.hc.client5.http.wire  : http-outgoing-5 << "[0x1][0x0][0x0][0x0][0x0][0x0][0x0][0x1][\n]"
2024-06-12T14:28:31.445+03:00 DEBUG 12012 --- [URL Shortener] [ream-1270444078] c.g.d.z.s.o.apache.hc.client5.http.wire  : http-outgoing-5 << "[0x1][0x0][0x0][0x0][0x0][0x0][0x0]8    pg_ctl -D /var/lib/postgresql/data -l logfile start[\n]"
2024-06-12T14:28:31.445+03:00 DEBUG 12012 --- [URL Shortener] [ream-1270444078] c.g.d.z.s.o.apache.hc.client5.http.wire  : http-outgoing-5 << "[0x1][0x0][0x0][0x0][0x0][0x0][0x0][0x1][\n]"
2024-06-12T14:28:31.445+03:00 DEBUG 12012 --- [URL Shortener] [ream-1270444078] c.g.d.z.s.o.apache.hc.client5.http.wire  : http-outgoing-5 << "[0x2][0x0][0x0][0x0][0x0][0x0][0x0]Ginitdb: warning: enabling "trust" authentication for local connections[\n]"
2024-06-12T14:28:31.445+03:00 DEBUG 12012 --- [URL Shortener] [ream-1270444078] c.g.d.z.s.o.apache.hc.client5.http.wire  : http-outgoing-5 << "[0x2][0x0][0x0][0x0][0x0][0x0][0x0][0xffffff90]initdb: hint: You can change this by editing pg_hba.conf or using the option -A, or --auth-local and --auth-host, the next time you run initdb.[\n]"
2024-06-12T14:28:31.445+03:00 DEBUG 12012 --- [URL Shortener] [ream-1270444078] c.g.d.z.s.o.apache.hc.client5.http.wire  : http-outgoing-5 << "[\r][\n]"
2024-06-12T14:28:31.445+03:00 DEBUG 12012 --- [URL Shortener] [           main] o.t.containers.output.WaitingConsumer    : STDOUT: 
2024-06-12T14:28:31.445+03:00 DEBUG 12012 --- [URL Shortener] [           main] o.t.containers.output.WaitingConsumer    : STDERR: initdb: hint: You can change this by editing pg_hba.conf or using the option -A, or --auth-local and --auth-host, the next time you run initdb.
2024-06-12T14:28:31.445+03:00 DEBUG 12012 --- [URL Shortener] [           main] o.t.containers.output.WaitingConsumer    : STDERR: initdb: warning: enabling "trust" authentication for local connections
2024-06-12T14:28:31.446+03:00 DEBUG 12012 --- [URL Shortener] [           main] o.t.containers.output.WaitingConsumer    : STDOUT: 
2024-06-12T14:28:31.446+03:00 DEBUG 12012 --- [URL Shortener] [           main] o.t.containers.output.WaitingConsumer    : STDOUT:     pg_ctl -D /var/lib/postgresql/data -l logfile start
2024-06-12T14:28:31.446+03:00 DEBUG 12012 --- [URL Shortener] [           main] o.t.containers.output.WaitingConsumer    : STDOUT: Success. You can now start the database server using:
2024-06-12T14:28:31.446+03:00 DEBUG 12012 --- [URL Shortener] [           main] o.t.containers.output.WaitingConsumer    : STDOUT: 
2024-06-12T14:28:31.446+03:00 DEBUG 12012 --- [URL Shortener] [           main] o.t.containers.output.WaitingConsumer    : STDOUT: 
2024-06-12T14:28:31.446+03:00 DEBUG 12012 --- [URL Shortener] [           main] o.t.containers.output.WaitingConsumer    : STDOUT: syncing data to disk ... ok
2024-06-12T14:28:31.474+03:00 DEBUG 12012 --- [URL Shortener] [ream-1270444078] c.g.d.z.s.o.apache.hc.client5.http.wire  : http-outgoing-5 << "137[\r][\n]"
2024-06-12T14:28:31.474+03:00 DEBUG 12012 --- [URL Shortener] [ream-1270444078] c.g.d.z.s.o.apache.hc.client5.http.wire  : http-outgoing-5 << "[0x1][0x0][0x0][0x0][0x0][0x0][0x0][0xffffffc3]waiting for server to start....2024-06-12 11:28:31.473 UTC [48] LOG:  starting PostgreSQL 16.3 (Debian 16.3-1.pgdg120+1) on x86_64-pc-linux-gnu, compiled by gcc (Debian 12.2.0-14) 12.2.0, 64-bit[\n]"
2024-06-12T14:28:31.474+03:00 DEBUG 12012 --- [URL Shortener] [ream-1270444078] c.g.d.z.s.o.apache.hc.client5.http.wire  : http-outgoing-5 << "[0x1][0x0][0x0][0x0][0x0][0x0][0x0]d2024-06-12 11:28:31.473 UTC [48] LOG:  listening on Unix socket "/var/run/postgresql/.s.PGSQL.5432"[\n]"
2024-06-12T14:28:31.474+03:00 DEBUG 12012 --- [URL Shortener] [ream-1270444078] c.g.d.z.s.o.apache.hc.client5.http.wire  : http-outgoing-5 << "[\r][\n]"
2024-06-12T14:28:31.475+03:00 DEBUG 12012 --- [URL Shortener] [           main] o.t.containers.output.WaitingConsumer    : STDOUT: 2024-06-12 11:28:31.473 UTC [48] LOG:  listening on Unix socket "/var/run/postgresql/.s.PGSQL.5432"
2024-06-12T14:28:31.475+03:00 DEBUG 12012 --- [URL Shortener] [           main] o.t.containers.output.WaitingConsumer    : STDOUT: waiting for server to start....2024-06-12 11:28:31.473 UTC [48] LOG:  starting PostgreSQL 16.3 (Debian 16.3-1.pgdg120+1) on x86_64-pc-linux-gnu, compiled by gcc (Debian 12.2.0-14) 12.2.0, 64-bit
2024-06-12T14:28:31.475+03:00 DEBUG 12012 --- [URL Shortener] [ream-1270444078] c.g.d.z.s.o.apache.hc.client5.http.wire  : http-outgoing-5 << "68[\r][\n]"
2024-06-12T14:28:31.475+03:00 DEBUG 12012 --- [URL Shortener] [ream-1270444078] c.g.d.z.s.o.apache.hc.client5.http.wire  : http-outgoing-5 << "[0x1][0x0][0x0][0x0][0x0][0x0][0x0]`2024-06-12 11:28:31.475 UTC [51] LOG:  database system was shut down at 2024-06-12 11:28:31 UTC[\n]"
2024-06-12T14:28:31.475+03:00 DEBUG 12012 --- [URL Shortener] [ream-1270444078] c.g.d.z.s.o.apache.hc.client5.http.wire  : http-outgoing-5 << "[\r][\n]"
2024-06-12T14:28:31.478+03:00 DEBUG 12012 --- [URL Shortener] [ream-1270444078] c.g.d.z.s.o.apache.hc.client5.http.wire  : http-outgoing-5 << "5e[\r][\n]"
2024-06-12T14:28:31.478+03:00 DEBUG 12012 --- [URL Shortener] [ream-1270444078] c.g.d.z.s.o.apache.hc.client5.http.wire  : http-outgoing-5 << "[0x1][0x0][0x0][0x0][0x0][0x0][0x0]V2024-06-12 11:28:31.477 UTC [48] LOG:  database system is ready to accept connections[\n]"
2024-06-12T14:28:31.478+03:00 DEBUG 12012 --- [URL Shortener] [ream-1270444078] c.g.d.z.s.o.apache.hc.client5.http.wire  : http-outgoing-5 << "[\r][\n]"
2024-06-12T14:28:31.493+03:00 DEBUG 12012 --- [URL Shortener] [           main] o.t.containers.output.WaitingConsumer    : STDOUT: 2024-06-12 11:28:31.477 UTC [48] LOG:  database system is ready to accept connections
2024-06-12T14:28:31.493+03:00 DEBUG 12012 --- [URL Shortener] [           main] o.t.containers.output.WaitingConsumer    : STDOUT: 2024-06-12 11:28:31.475 UTC [51] LOG:  database system was shut down at 2024-06-12 11:28:31 UTC
2024-06-12T14:28:31.562+03:00 DEBUG 12012 --- [URL Shortener] [ream-1270444078] c.g.d.z.s.o.apache.hc.client5.http.wire  : http-outgoing-5 << "25[\r][\n]"
2024-06-12T14:28:31.562+03:00 DEBUG 12012 --- [URL Shortener] [ream-1270444078] c.g.d.z.s.o.apache.hc.client5.http.wire  : http-outgoing-5 << "[0x1][0x0][0x0][0x0][0x0][0x0][0x0][0x6] done[\n]"
2024-06-12T14:28:31.562+03:00 DEBUG 12012 --- [URL Shortener] [ream-1270444078] c.g.d.z.s.o.apache.hc.client5.http.wire  : http-outgoing-5 << "[0x1][0x0][0x0][0x0][0x0][0x0][0x0][0xf]server started[\n]"
2024-06-12T14:28:31.562+03:00 DEBUG 12012 --- [URL Shortener] [ream-1270444078] c.g.d.z.s.o.apache.hc.client5.http.wire  : http-outgoing-5 << "[\r][\n]"
2024-06-12T14:28:31.562+03:00 DEBUG 12012 --- [URL Shortener] [           main] o.t.containers.output.WaitingConsumer    : STDOUT: server started
2024-06-12T14:28:31.562+03:00 DEBUG 12012 --- [URL Shortener] [           main] o.t.containers.output.WaitingConsumer    : STDOUT:  done
2024-06-12T14:28:31.630+03:00 DEBUG 12012 --- [URL Shortener] [ream-1270444078] c.g.d.z.s.o.apache.hc.client5.http.wire  : http-outgoing-5 << "18[\r][\n]"
2024-06-12T14:28:31.630+03:00 DEBUG 12012 --- [URL Shortener] [ream-1270444078] c.g.d.z.s.o.apache.hc.client5.http.wire  : http-outgoing-5 << "[0x1][0x0][0x0][0x0][0x0][0x0][0x0][0x10]CREATE DATABASE[\n]"
2024-06-12T14:28:31.630+03:00 DEBUG 12012 --- [URL Shortener] [ream-1270444078] c.g.d.z.s.o.apache.hc.client5.http.wire  : http-outgoing-5 << "[\r][\n]"
2024-06-12T14:28:31.630+03:00 DEBUG 12012 --- [URL Shortener] [           main] o.t.containers.output.WaitingConsumer    : STDOUT: CREATE DATABASE
2024-06-12T14:28:31.631+03:00 DEBUG 12012 --- [URL Shortener] [ream-1270444078] c.g.d.z.s.o.apache.hc.client5.http.wire  : http-outgoing-5 << "6f[\r][\n]"
2024-06-12T14:28:31.631+03:00 DEBUG 12012 --- [URL Shortener] [ream-1270444078] c.g.d.z.s.o.apache.hc.client5.http.wire  : http-outgoing-5 << "[0x1][0x0][0x0][0x0][0x0][0x0][0x0][0x1][\n]"
2024-06-12T14:28:31.631+03:00 DEBUG 12012 --- [URL Shortener] [ream-1270444078] c.g.d.z.s.o.apache.hc.client5.http.wire  : http-outgoing-5 << "[0x1][0x0][0x0][0x0][0x0][0x0][0x0][0x1][\n]"
2024-06-12T14:28:31.631+03:00 DEBUG 12012 --- [URL Shortener] [ream-1270444078] c.g.d.z.s.o.apache.hc.client5.http.wire  : http-outgoing-5 << "[0x1][0x0][0x0][0x0][0x0][0x0][0x0]L/usr/local/bin/docker-entrypoint.sh: ignoring /docker-entrypoint-initdb.d/*[\n]"
2024-06-12T14:28:31.631+03:00 DEBUG 12012 --- [URL Shortener] [ream-1270444078] c.g.d.z.s.o.apache.hc.client5.http.wire  : http-outgoing-5 << "[0x1][0x0][0x0][0x0][0x0][0x0][0x0][0x1][\n]"
2024-06-12T14:28:31.631+03:00 DEBUG 12012 --- [URL Shortener] [ream-1270444078] c.g.d.z.s.o.apache.hc.client5.http.wire  : http-outgoing-5 << "[\r][\n]"
2024-06-12T14:28:31.632+03:00 DEBUG 12012 --- [URL Shortener] [ream-1270444078] c.g.d.z.s.o.apache.hc.client5.http.wire  : http-outgoing-5 << "c1[\r][\n]"
2024-06-12T14:28:31.632+03:00 DEBUG 12012 --- [URL Shortener] [ream-1270444078] c.g.d.z.s.o.apache.hc.client5.http.wire  : http-outgoing-5 << "[0x1][0x0][0x0][0x0][0x0][0x0][0x0]hwaiting for server to shut down...2024-06-12 11:28:31.631 UTC [48] LOG:  received fast shutdown request[\n]"
2024-06-12T14:28:31.632+03:00 DEBUG 12012 --- [URL Shortener] [ream-1270444078] c.g.d.z.s.o.apache.hc.client5.http.wire  : http-outgoing-5 << "[0x1][0x0][0x0][0x0][0x0][0x0][0x0]I.2024-06-12 11:28:31.631 UTC [48] LOG:  aborting any active transactions[\n]"
2024-06-12T14:28:31.632+03:00 DEBUG 12012 --- [URL Shortener] [ream-1270444078] c.g.d.z.s.o.apache.hc.client5.http.wire  : http-outgoing-5 << "[\r][\n]"
2024-06-12T14:28:31.634+03:00 DEBUG 12012 --- [URL Shortener] [ream-1270444078] c.g.d.z.s.o.apache.hc.client5.http.wire  : http-outgoing-5 << "115[\r][\n]"
2024-06-12T14:28:31.634+03:00 DEBUG 12012 --- [URL Shortener] [ream-1270444078] c.g.d.z.s.o.apache.hc.client5.http.wire  : http-outgoing-5 << "[0x1][0x0][0x0][0x0][0x0][0x0][0x0]y2024-06-12 11:28:31.633 UTC [48] LOG:  background worker "logical replication launcher" (PID 54) exited with exit code 1[\n]"
2024-06-12T14:28:31.634+03:00 DEBUG 12012 --- [URL Shortener] [ream-1270444078] c.g.d.z.s.o.apache.hc.client5.http.wire  : http-outgoing-5 << "[0x1][0x0][0x0][0x0][0x0][0x0][0x0]52024-06-12 11:28:31.633 UTC [49] LOG:  shutting down[\n]"
2024-06-12T14:28:31.634+03:00 DEBUG 12012 --- [URL Shortener] [ream-1270444078] c.g.d.z.s.o.apache.hc.client5.http.wire  : http-outgoing-5 << "[0x1][0x0][0x0][0x0][0x0][0x0][0x0]O2024-06-12 11:28:31.633 UTC [49] LOG:  checkpoint starting: shutdown immediate[\n]"
2024-06-12T14:28:31.634+03:00 DEBUG 12012 --- [URL Shortener] [ream-1270444078] c.g.d.z.s.o.apache.hc.client5.http.wire  : http-outgoing-5 << "[\r][\n]"
2024-06-12T14:28:31.638+03:00 DEBUG 12012 --- [URL Shortener] [ream-1270444078] c.g.d.z.s.o.apache.hc.client5.http.wire  : http-outgoing-5 << "12c[\r][\n]"
2024-06-12T14:28:31.638+03:00 DEBUG 12012 --- [URL Shortener] [ream-1270444078] c.g.d.z.s.o.apache.hc.client5.http.wire  : http-outgoing-5 << "[0x1][0x0][0x0][0x0][0x0][0x0][0x1]$2024-06-12 11:28:31.637 UTC [49] LOG:  checkpoint complete: wrote 922 buffers (5.6%); 0 WAL file(s) added, 0 removed, 0 recycled; write=0.004 s, sync=0.001 s, total=0.005 s; sync files=0, longest=0.000 s, average=0.000 s; distance=4255 kB, estimate=4255 kB; lsn=0/1912040, redo lsn=0/1912040[\n]"
2024-06-12T14:28:31.638+03:00 DEBUG 12012 --- [URL Shortener] [ream-1270444078] c.g.d.z.s.o.apache.hc.client5.http.wire  : http-outgoing-5 << "[\r][\n]"
2024-06-12T14:28:31.641+03:00 DEBUG 12012 --- [URL Shortener] [ream-1270444078] c.g.d.z.s.o.apache.hc.client5.http.wire  : http-outgoing-5 << "4c[\r][\n]"
2024-06-12T14:28:31.641+03:00 DEBUG 12012 --- [URL Shortener] [ream-1270444078] c.g.d.z.s.o.apache.hc.client5.http.wire  : http-outgoing-5 << "[0x1][0x0][0x0][0x0][0x0][0x0][0x0]D2024-06-12 11:28:31.641 UTC [48] LOG:  database system is shut down[\n]"
2024-06-12T14:28:31.641+03:00 DEBUG 12012 --- [URL Shortener] [ream-1270444078] c.g.d.z.s.o.apache.hc.client5.http.wire  : http-outgoing-5 << "[\r][\n]"
2024-06-12T14:28:31.648+03:00 DEBUG 12012 --- [URL Shortener] [           main] o.t.containers.output.WaitingConsumer    : STDOUT: 2024-06-12 11:28:31.641 UTC [48] LOG:  database system is shut down
2024-06-12T14:28:31.648+03:00 DEBUG 12012 --- [URL Shortener] [           main] o.t.containers.output.WaitingConsumer    : STDOUT: 2024-06-12 11:28:31.637 UTC [49] LOG:  checkpoint complete: wrote 922 buffers (5.6%); 0 WAL file(s) added, 0 removed, 0 recycled; write=0.004 s, sync=0.001 s, total=0.005 s; sync files=0, longest=0.000 s, average=0.000 s; distance=4255 kB, estimate=4255 kB; lsn=0/1912040, redo lsn=0/1912040
2024-06-12T14:28:31.648+03:00 DEBUG 12012 --- [URL Shortener] [           main] o.t.containers.output.WaitingConsumer    : STDOUT: 2024-06-12 11:28:31.633 UTC [49] LOG:  checkpoint starting: shutdown immediate
2024-06-12T14:28:31.648+03:00 DEBUG 12012 --- [URL Shortener] [           main] o.t.containers.output.WaitingConsumer    : STDOUT: 2024-06-12 11:28:31.633 UTC [49] LOG:  shutting down
2024-06-12T14:28:31.648+03:00 DEBUG 12012 --- [URL Shortener] [           main] o.t.containers.output.WaitingConsumer    : STDOUT: 2024-06-12 11:28:31.633 UTC [48] LOG:  background worker "logical replication launcher" (PID 54) exited with exit code 1
2024-06-12T14:28:31.648+03:00 DEBUG 12012 --- [URL Shortener] [           main] o.t.containers.output.WaitingConsumer    : STDOUT: .2024-06-12 11:28:31.631 UTC [48] LOG:  aborting any active transactions
2024-06-12T14:28:31.648+03:00 DEBUG 12012 --- [URL Shortener] [           main] o.t.containers.output.WaitingConsumer    : STDOUT: waiting for server to shut down...2024-06-12 11:28:31.631 UTC [48] LOG:  received fast shutdown request
2024-06-12T14:28:31.648+03:00 DEBUG 12012 --- [URL Shortener] [           main] o.t.containers.output.WaitingConsumer    : STDOUT: 
2024-06-12T14:28:31.648+03:00 DEBUG 12012 --- [URL Shortener] [           main] o.t.containers.output.WaitingConsumer    : STDOUT: /usr/local/bin/docker-entrypoint.sh: ignoring /docker-entrypoint-initdb.d/*
2024-06-12T14:28:31.648+03:00 DEBUG 12012 --- [URL Shortener] [           main] o.t.containers.output.WaitingConsumer    : STDOUT: 
2024-06-12T14:28:31.648+03:00 DEBUG 12012 --- [URL Shortener] [           main] o.t.containers.output.WaitingConsumer    : STDOUT: 
2024-06-12T14:28:31.732+03:00 DEBUG 12012 --- [URL Shortener] [ream-1270444078] c.g.d.z.s.o.apache.hc.client5.http.wire  : http-outgoing-5 << "25[\r][\n]"
2024-06-12T14:28:31.732+03:00 DEBUG 12012 --- [URL Shortener] [ream-1270444078] c.g.d.z.s.o.apache.hc.client5.http.wire  : http-outgoing-5 << "[0x1][0x0][0x0][0x0][0x0][0x0][0x0][0x6] done[\n]"
2024-06-12T14:28:31.732+03:00 DEBUG 12012 --- [URL Shortener] [ream-1270444078] c.g.d.z.s.o.apache.hc.client5.http.wire  : http-outgoing-5 << "[0x1][0x0][0x0][0x0][0x0][0x0][0x0][0xf]server stopped[\n]"
2024-06-12T14:28:31.732+03:00 DEBUG 12012 --- [URL Shortener] [ream-1270444078] c.g.d.z.s.o.apache.hc.client5.http.wire  : http-outgoing-5 << "[\r][\n]"
2024-06-12T14:28:31.733+03:00 DEBUG 12012 --- [URL Shortener] [           main] o.t.containers.output.WaitingConsumer    : STDOUT: server stopped
2024-06-12T14:28:31.733+03:00 DEBUG 12012 --- [URL Shortener] [           main] o.t.containers.output.WaitingConsumer    : STDOUT:  done
2024-06-12T14:28:31.733+03:00 DEBUG 12012 --- [URL Shortener] [ream-1270444078] c.g.d.z.s.o.apache.hc.client5.http.wire  : http-outgoing-5 << "50[\r][\n]"
2024-06-12T14:28:31.733+03:00 DEBUG 12012 --- [URL Shortener] [ream-1270444078] c.g.d.z.s.o.apache.hc.client5.http.wire  : http-outgoing-5 << "[0x1][0x0][0x0][0x0][0x0][0x0][0x0][0x1][\n]"
2024-06-12T14:28:31.733+03:00 DEBUG 12012 --- [URL Shortener] [ream-1270444078] c.g.d.z.s.o.apache.hc.client5.http.wire  : http-outgoing-5 << "[0x1][0x0][0x0][0x0][0x0][0x0][0x0]6PostgreSQL init process complete; ready for start up.[\n]"
2024-06-12T14:28:31.733+03:00 DEBUG 12012 --- [URL Shortener] [ream-1270444078] c.g.d.z.s.o.apache.hc.client5.http.wire  : http-outgoing-5 << "[0x1][0x0][0x0][0x0][0x0][0x0][0x0][0x1][\n]"
2024-06-12T14:28:31.733+03:00 DEBUG 12012 --- [URL Shortener] [ream-1270444078] c.g.d.z.s.o.apache.hc.client5.http.wire  : http-outgoing-5 << "[\r][\n]"
2024-06-12T14:28:31.745+03:00 DEBUG 12012 --- [URL Shortener] [ream-1270444078] c.g.d.z.s.o.apache.hc.client5.http.wire  : http-outgoing-5 << "1cb[\r][\n]"
2024-06-12T14:28:31.745+03:00 DEBUG 12012 --- [URL Shortener] [ream-1270444078] c.g.d.z.s.o.apache.hc.client5.http.wire  : http-outgoing-5 << "[0x2][0x0][0x0][0x0][0x0][0x0][0x0][0xffffffa3]2024-06-12 11:28:31.745 UTC [1] LOG:  starting PostgreSQL 16.3 (Debian 16.3-1.pgdg120+1) on x86_64-pc-linux-gnu, compiled by gcc (Debian 12.2.0-14) 12.2.0, 64-bit[\n]"
2024-06-12T14:28:31.745+03:00 DEBUG 12012 --- [URL Shortener] [ream-1270444078] c.g.d.z.s.o.apache.hc.client5.http.wire  : http-outgoing-5 << "[0x2][0x0][0x0][0x0][0x0][0x0][0x0]U2024-06-12 11:28:31.745 UTC [1] LOG:  listening on IPv4 address "0.0.0.0", port 5432[\n]"
2024-06-12T14:28:31.745+03:00 DEBUG 12012 --- [URL Shortener] [ream-1270444078] c.g.d.z.s.o.apache.hc.client5.http.wire  : http-outgoing-5 << "[0x2][0x0][0x0][0x0][0x0][0x0][0x0]P2024-06-12 11:28:31.745 UTC [1] LOG:  listening on IPv6 address "::", port 5432[\n]"
2024-06-12T14:28:31.745+03:00 DEBUG 12012 --- [URL Shortener] [ream-1270444078] c.g.d.z.s.o.apache.hc.client5.http.wire  : http-outgoing-5 << "[0x2][0x0][0x0][0x0][0x0][0x0][0x0]c2024-06-12 11:28:31.745 UTC [1] LOG:  listening on Unix socket "/var/run/postgresql/.s.PGSQL.5432"[\n]"
2024-06-12T14:28:31.745+03:00 DEBUG 12012 --- [URL Shortener] [ream-1270444078] c.g.d.z.s.o.apache.hc.client5.http.wire  : http-outgoing-5 << "[\r][\n]"
2024-06-12T14:28:31.748+03:00 DEBUG 12012 --- [URL Shortener] [ream-1270444078] c.g.d.z.s.o.apache.hc.client5.http.wire  : http-outgoing-5 << "68[\r][\n]"
2024-06-12T14:28:31.748+03:00 DEBUG 12012 --- [URL Shortener] [ream-1270444078] c.g.d.z.s.o.apache.hc.client5.http.wire  : http-outgoing-5 << "[0x2][0x0][0x0][0x0][0x0][0x0][0x0]`2024-06-12 11:28:31.747 UTC [64] LOG:  database system was shut down at 2024-06-12 11:28:31 UTC[\n]"
2024-06-12T14:28:31.748+03:00 DEBUG 12012 --- [URL Shortener] [ream-1270444078] c.g.d.z.s.o.apache.hc.client5.http.wire  : http-outgoing-5 << "[\r][\n]"
2024-06-12T14:28:31.750+03:00 DEBUG 12012 --- [URL Shortener] [ream-1270444078] c.g.d.z.s.o.apache.hc.client5.http.wire  : http-outgoing-5 << "5d[\r][\n]"
2024-06-12T14:28:31.750+03:00 DEBUG 12012 --- [URL Shortener] [ream-1270444078] c.g.d.z.s.o.apache.hc.client5.http.wire  : http-outgoing-5 << "[0x2][0x0][0x0][0x0][0x0][0x0][0x0]U2024-06-12 11:28:31.750 UTC [1] LOG:  database system is ready to accept connections[\n]"
2024-06-12T14:28:31.750+03:00 DEBUG 12012 --- [URL Shortener] [ream-1270444078] c.g.d.z.s.o.apache.hc.client5.http.wire  : http-outgoing-5 << "[\r][\n]"
2024-06-12T14:28:31.756+03:00 DEBUG 12012 --- [URL Shortener] [           main] o.t.containers.output.WaitingConsumer    : STDERR: 2024-06-12 11:28:31.750 UTC [1] LOG:  database system is ready to accept connections
2024-06-12T14:28:31.756+03:00 DEBUG 12012 --- [URL Shortener] [           main] g.d.z.s.o.a.h.c.h.i.c.InternalHttpClient : ep-00000036: cancel
2024-06-12T14:28:31.756+03:00 DEBUG 12012 --- [URL Shortener] [           main] h.i.i.DefaultManagedHttpClientConnection : http-outgoing-5: close connection IMMEDIATE
2024-06-12T14:28:31.756+03:00 DEBUG 12012 --- [URL Shortener] [           main] g.d.z.s.o.a.h.c.h.i.c.InternalHttpClient : ep-00000036: endpoint closed
2024-06-12T14:28:31.756+03:00 DEBUG 12012 --- [URL Shortener] [           main] g.d.z.s.o.a.h.c.h.i.c.InternalHttpClient : ep-00000036: discarding endpoint
2024-06-12T14:28:31.756+03:00 DEBUG 12012 --- [URL Shortener] [           main] h.i.i.PoolingHttpClientConnectionManager : ep-00000036: releasing endpoint
2024-06-12T14:28:31.756+03:00 DEBUG 12012 --- [URL Shortener] [           main] h.i.i.PoolingHttpClientConnectionManager : ep-00000036: connection is not kept alive
2024-06-12T14:28:31.756+03:00 DEBUG 12012 --- [URL Shortener] [ream-1270444078] c.g.d.z.s.o.apache.hc.client5.http.wire  : http-outgoing-5 << "end of stream"
2024-06-12T14:28:31.756+03:00 DEBUG 12012 --- [URL Shortener] [           main] h.i.i.PoolingHttpClientConnectionManager : ep-00000036: connection released [route: {}->npipe://localhost:2375][total available: 0; route allocated: 0 of 2147483647; total allocated: 0 of 2147483647]
2024-06-12T14:28:31.756+03:00 DEBUG 12012 --- [URL Shortener] [           main] c.g.d.z.s.o.apache.hc.client5.http.wire  : http-outgoing-5 << "[read] I/O error: java.nio.channels.ClosedChannelException"
2024-06-12T14:28:31.756+03:00 DEBUG 12012 --- [URL Shortener] [ream-1270444078] c.g.d.z.s.o.apache.hc.client5.http.wire  : http-outgoing-5 << "[read] I/O error: java.nio.channels.ClosedChannelException"
2024-06-12T14:28:31.756+03:00 DEBUG 12012 --- [URL Shortener] [ream-1270444078] pacheDockerHttpClientImpl$ApacheResponse : Failed to close the response

java.io.IOException: java.nio.channels.ClosedChannelException
	at java.base/java.nio.channels.Channels$1.read(Channels.java:166) ~[na:na]
	at com.github.dockerjava.zerodep.shaded.org.apache.hc.client5.http.impl.io.LoggingInputStream.read(LoggingInputStream.java:81) ~[docker-java-transport-zerodep-3.3.6.jar:na]
	at com.github.dockerjava.zerodep.shaded.org.apache.hc.core5.http.impl.io.SessionInputBufferImpl.fillBuffer(SessionInputBufferImpl.java:149) ~[docker-java-transport-zerodep-3.3.6.jar:na]
	at com.github.dockerjava.zerodep.shaded.org.apache.hc.core5.http.impl.io.SessionInputBufferImpl.readLine(SessionInputBufferImpl.java:280) ~[docker-java-transport-zerodep-3.3.6.jar:na]
	at com.github.dockerjava.zerodep.shaded.org.apache.hc.core5.http.impl.io.ChunkedInputStream.getChunkSize(ChunkedInputStream.java:261) ~[docker-java-transport-zerodep-3.3.6.jar:na]
	at com.github.dockerjava.zerodep.shaded.org.apache.hc.core5.http.impl.io.ChunkedInputStream.nextChunk(ChunkedInputStream.java:222) ~[docker-java-transport-zerodep-3.3.6.jar:na]
	at com.github.dockerjava.zerodep.shaded.org.apache.hc.core5.http.impl.io.ChunkedInputStream.read(ChunkedInputStream.java:147) ~[docker-java-transport-zerodep-3.3.6.jar:na]
	at com.github.dockerjava.zerodep.shaded.org.apache.hc.core5.http.impl.io.ChunkedInputStream.close(ChunkedInputStream.java:314) ~[docker-java-transport-zerodep-3.3.6.jar:na]
	at com.github.dockerjava.zerodep.shaded.org.apache.hc.core5.io.Closer.close(Closer.java:48) ~[docker-java-transport-zerodep-3.3.6.jar:na]
	at com.github.dockerjava.zerodep.shaded.org.apache.hc.core5.http.impl.io.IncomingHttpEntity.close(IncomingHttpEntity.java:111) ~[docker-java-transport-zerodep-3.3.6.jar:na]
	at com.github.dockerjava.zerodep.shaded.org.apache.hc.core5.http.io.entity.HttpEntityWrapper.close(HttpEntityWrapper.java:120) ~[docker-java-transport-zerodep-3.3.6.jar:na]
	at com.github.dockerjava.zerodep.shaded.org.apache.hc.core5.io.Closer.close(Closer.java:48) ~[docker-java-transport-zerodep-3.3.6.jar:na]
	at com.github.dockerjava.zerodep.shaded.org.apache.hc.core5.http.message.BasicClassicHttpResponse.close(BasicClassicHttpResponse.java:93) ~[docker-java-transport-zerodep-3.3.6.jar:na]
	at com.github.dockerjava.zerodep.shaded.org.apache.hc.client5.http.impl.classic.CloseableHttpResponse.close(CloseableHttpResponse.java:200) ~[docker-java-transport-zerodep-3.3.6.jar:na]
	at com.github.dockerjava.zerodep.ApacheDockerHttpClientImpl$ApacheResponse.close(ApacheDockerHttpClientImpl.java:271) ~[docker-java-transport-zerodep-3.3.6.jar:na]
	at org.testcontainers.shaded.com.github.dockerjava.core.DefaultInvocationBuilder.lambda$executeAndStream$1(DefaultInvocationBuilder.java:277) ~[testcontainers-1.19.8.jar:1.19.8]
	at java.base/java.lang.Thread.run(Thread.java:1583) ~[na:na]
Caused by: java.nio.channels.ClosedChannelException: null
	at java.base/sun.nio.ch.WindowsAsynchronousFileChannelImpl.implRead(WindowsAsynchronousFileChannelImpl.java:521) ~[na:na]
	at java.base/sun.nio.ch.AsynchronousFileChannelImpl.read(AsynchronousFileChannelImpl.java:229) ~[na:na]
	at com.github.dockerjava.transport.NamedPipeSocket$AsynchronousFileByteChannel.read(NamedPipeSocket.java:117) ~[docker-java-transport-3.3.6.jar:na]
	at java.base/java.nio.channels.Channels$1.read(Channels.java:164) ~[na:na]
	... 16 common frames omitted

2024-06-12T14:28:31.756+03:00 DEBUG 12012 --- [URL Shortener] [           main] pacheDockerHttpClientImpl$ApacheResponse : Failed to close the response

java.io.IOException: java.nio.channels.ClosedChannelException
	at java.base/java.nio.channels.Channels$1.read(Channels.java:166) ~[na:na]
	at com.github.dockerjava.zerodep.shaded.org.apache.hc.client5.http.impl.io.LoggingInputStream.read(LoggingInputStream.java:81) ~[docker-java-transport-zerodep-3.3.6.jar:na]
	at com.github.dockerjava.zerodep.shaded.org.apache.hc.core5.http.impl.io.SessionInputBufferImpl.fillBuffer(SessionInputBufferImpl.java:149) ~[docker-java-transport-zerodep-3.3.6.jar:na]
	at com.github.dockerjava.zerodep.shaded.org.apache.hc.core5.http.impl.io.SessionInputBufferImpl.readLine(SessionInputBufferImpl.java:280) ~[docker-java-transport-zerodep-3.3.6.jar:na]
	at com.github.dockerjava.zerodep.shaded.org.apache.hc.core5.http.impl.io.ChunkedInputStream.getChunkSize(ChunkedInputStream.java:261) ~[docker-java-transport-zerodep-3.3.6.jar:na]
	at com.github.dockerjava.zerodep.shaded.org.apache.hc.core5.http.impl.io.ChunkedInputStream.nextChunk(ChunkedInputStream.java:222) ~[docker-java-transport-zerodep-3.3.6.jar:na]
	at com.github.dockerjava.zerodep.shaded.org.apache.hc.core5.http.impl.io.ChunkedInputStream.read(ChunkedInputStream.java:147) ~[docker-java-transport-zerodep-3.3.6.jar:na]
	at com.github.dockerjava.zerodep.shaded.org.apache.hc.core5.http.impl.io.ChunkedInputStream.close(ChunkedInputStream.java:314) ~[docker-java-transport-zerodep-3.3.6.jar:na]
	at com.github.dockerjava.zerodep.shaded.org.apache.hc.core5.io.Closer.close(Closer.java:48) ~[docker-java-transport-zerodep-3.3.6.jar:na]
	at com.github.dockerjava.zerodep.shaded.org.apache.hc.core5.http.impl.io.IncomingHttpEntity.close(IncomingHttpEntity.java:111) ~[docker-java-transport-zerodep-3.3.6.jar:na]
	at com.github.dockerjava.zerodep.shaded.org.apache.hc.core5.http.io.entity.HttpEntityWrapper.close(HttpEntityWrapper.java:120) ~[docker-java-transport-zerodep-3.3.6.jar:na]
	at com.github.dockerjava.zerodep.shaded.org.apache.hc.core5.io.Closer.close(Closer.java:48) ~[docker-java-transport-zerodep-3.3.6.jar:na]
	at com.github.dockerjava.zerodep.shaded.org.apache.hc.core5.http.message.BasicClassicHttpResponse.close(BasicClassicHttpResponse.java:93) ~[docker-java-transport-zerodep-3.3.6.jar:na]
	at com.github.dockerjava.zerodep.shaded.org.apache.hc.client5.http.impl.classic.CloseableHttpResponse.close(CloseableHttpResponse.java:200) ~[docker-java-transport-zerodep-3.3.6.jar:na]
	at com.github.dockerjava.zerodep.ApacheDockerHttpClientImpl$ApacheResponse.close(ApacheDockerHttpClientImpl.java:271) ~[docker-java-transport-zerodep-3.3.6.jar:na]
	at org.testcontainers.shaded.com.github.dockerjava.core.DefaultInvocationBuilder.lambda$null$0(DefaultInvocationBuilder.java:272) ~[testcontainers-1.19.8.jar:1.19.8]
	at com.github.dockerjava.api.async.ResultCallbackTemplate.close(ResultCallbackTemplate.java:77) ~[docker-java-api-3.3.6.jar:na]
	at org.testcontainers.containers.output.FrameConsumerResultCallback.close(FrameConsumerResultCallback.java:69) ~[testcontainers-1.19.8.jar:1.19.8]
	at org.testcontainers.containers.wait.strategy.LogMessageWaitStrategy.waitUntilReady(LogMessageWaitStrategy.java:49) ~[testcontainers-1.19.8.jar:1.19.8]
	at org.testcontainers.containers.wait.strategy.AbstractWaitStrategy.waitUntilReady(AbstractWaitStrategy.java:52) ~[testcontainers-1.19.8.jar:1.19.8]
	at org.testcontainers.containers.PostgreSQLContainer.waitUntilContainerStarted(PostgreSQLContainer.java:143) ~[postgresql-1.17.6.jar:na]
	at org.testcontainers.containers.GenericContainer.tryStart(GenericContainer.java:500) ~[testcontainers-1.19.8.jar:na]
	at org.testcontainers.containers.GenericContainer.lambda$doStart$0(GenericContainer.java:354) ~[testcontainers-1.19.8.jar:na]
	at org.rnorth.ducttape.unreliables.Unreliables.retryUntilSuccess(Unreliables.java:81) ~[duct-tape-1.0.8.jar:na]
	at org.testcontainers.containers.GenericContainer.doStart(GenericContainer.java:344) ~[testcontainers-1.19.8.jar:na]
	at org.testcontainers.containers.GenericContainer.start(GenericContainer.java:330) ~[testcontainers-1.19.8.jar:na]
	at org.testcontainers.junit.jupiter.TestcontainersExtension$StoreAdapter.start(TestcontainersExtension.java:242) ~[junit-jupiter-1.17.6.jar:na]
	at org.testcontainers.junit.jupiter.TestcontainersExtension$StoreAdapter.access$200(TestcontainersExtension.java:229) ~[junit-jupiter-1.17.6.jar:na]
	at org.testcontainers.junit.jupiter.TestcontainersExtension.lambda$null$1(TestcontainersExtension.java:56) ~[junit-jupiter-1.17.6.jar:na]
	at org.junit.platform.engine.support.store.NamespacedHierarchicalStore.lambda$getOrComputeIfAbsent$5(NamespacedHierarchicalStore.java:147) ~[junit-platform-engine-1.10.2.jar:1.10.2]
	at org.junit.platform.engine.support.store.NamespacedHierarchicalStore$MemoizingSupplier.computeValue(NamespacedHierarchicalStore.java:372) ~[junit-platform-engine-1.10.2.jar:1.10.2]
	at org.junit.platform.engine.support.store.NamespacedHierarchicalStore$MemoizingSupplier.get(NamespacedHierarchicalStore.java:361) ~[junit-platform-engine-1.10.2.jar:1.10.2]
	at org.junit.platform.engine.support.store.NamespacedHierarchicalStore$StoredValue.evaluate(NamespacedHierarchicalStore.java:308) ~[junit-platform-engine-1.10.2.jar:1.10.2]
	at org.junit.platform.engine.support.store.NamespacedHierarchicalStore$StoredValue.access$200(NamespacedHierarchicalStore.java:287) ~[junit-platform-engine-1.10.2.jar:1.10.2]
	at org.junit.platform.engine.support.store.NamespacedHierarchicalStore.getOrComputeIfAbsent(NamespacedHierarchicalStore.java:149) ~[junit-platform-engine-1.10.2.jar:1.10.2]
	at org.junit.jupiter.engine.execution.NamespaceAwareStore.lambda$getOrComputeIfAbsent$2(NamespaceAwareStore.java:57) ~[junit-jupiter-engine-5.10.2.jar:5.10.2]
	at org.junit.jupiter.engine.execution.NamespaceAwareStore.accessStore(NamespaceAwareStore.java:90) ~[junit-jupiter-engine-5.10.2.jar:5.10.2]
	at org.junit.jupiter.engine.execution.NamespaceAwareStore.getOrComputeIfAbsent(NamespaceAwareStore.java:57) ~[junit-jupiter-engine-5.10.2.jar:5.10.2]
	at org.testcontainers.junit.jupiter.TestcontainersExtension.lambda$beforeAll$2(TestcontainersExtension.java:56) ~[junit-jupiter-1.17.6.jar:na]
	at java.base/java.util.ArrayList.forEach(ArrayList.java:1596) ~[na:na]
	at org.testcontainers.junit.jupiter.TestcontainersExtension.beforeAll(TestcontainersExtension.java:55) ~[junit-jupiter-1.17.6.jar:na]
	at org.junit.jupiter.engine.descriptor.ClassBasedTestDescriptor.lambda$invokeBeforeAllCallbacks$12(ClassBasedTestDescriptor.java:396) ~[junit-jupiter-engine-5.10.2.jar:5.10.2]
	at org.junit.platform.engine.support.hierarchical.ThrowableCollector.execute(ThrowableCollector.java:73) ~[junit-platform-engine-1.10.2.jar:1.10.2]
	at org.junit.jupiter.engine.descriptor.ClassBasedTestDescriptor.invokeBeforeAllCallbacks(ClassBasedTestDescriptor.java:396) ~[junit-jupiter-engine-5.10.2.jar:5.10.2]
	at org.junit.jupiter.engine.descriptor.ClassBasedTestDescriptor.before(ClassBasedTestDescriptor.java:212) ~[junit-jupiter-engine-5.10.2.jar:5.10.2]
	at org.junit.jupiter.engine.descriptor.ClassBasedTestDescriptor.before(ClassBasedTestDescriptor.java:85) ~[junit-jupiter-engine-5.10.2.jar:5.10.2]
	at org.junit.platform.engine.support.hierarchical.NodeTestTask.lambda$executeRecursively$6(NodeTestTask.java:148) ~[junit-platform-engine-1.10.2.jar:1.10.2]
	at org.junit.platform.engine.support.hierarchical.ThrowableCollector.execute(ThrowableCollector.java:73) ~[junit-platform-engine-1.10.2.jar:1.10.2]
	at org.junit.platform.engine.support.hierarchical.NodeTestTask.lambda$executeRecursively$8(NodeTestTask.java:141) ~[junit-platform-engine-1.10.2.jar:1.10.2]
	at org.junit.platform.engine.support.hierarchical.Node.around(Node.java:137) ~[junit-platform-engine-1.10.2.jar:1.10.2]
	at org.junit.platform.engine.support.hierarchical.NodeTestTask.lambda$executeRecursively$9(NodeTestTask.java:139) ~[junit-platform-engine-1.10.2.jar:1.10.2]
	at org.junit.platform.engine.support.hierarchical.ThrowableCollector.execute(ThrowableCollector.java:73) ~[junit-platform-engine-1.10.2.jar:1.10.2]
	at org.junit.platform.engine.support.hierarchical.NodeTestTask.executeRecursively(NodeTestTask.java:138) ~[junit-platform-engine-1.10.2.jar:1.10.2]
	at org.junit.platform.engine.support.hierarchical.NodeTestTask.execute(NodeTestTask.java:95) ~[junit-platform-engine-1.10.2.jar:1.10.2]
	at java.base/java.util.ArrayList.forEach(ArrayList.java:1596) ~[na:na]
	at org.junit.platform.engine.support.hierarchical.SameThreadHierarchicalTestExecutorService.invokeAll(SameThreadHierarchicalTestExecutorService.java:41) ~[junit-platform-engine-1.10.2.jar:1.10.2]
	at org.junit.platform.engine.support.hierarchical.NodeTestTask.lambda$executeRecursively$6(NodeTestTask.java:155) ~[junit-platform-engine-1.10.2.jar:1.10.2]
	at org.junit.platform.engine.support.hierarchical.ThrowableCollector.execute(ThrowableCollector.java:73) ~[junit-platform-engine-1.10.2.jar:1.10.2]
	at org.junit.platform.engine.support.hierarchical.NodeTestTask.lambda$executeRecursively$8(NodeTestTask.java:141) ~[junit-platform-engine-1.10.2.jar:1.10.2]
	at org.junit.platform.engine.support.hierarchical.Node.around(Node.java:137) ~[junit-platform-engine-1.10.2.jar:1.10.2]
	at org.junit.platform.engine.support.hierarchical.NodeTestTask.lambda$executeRecursively$9(NodeTestTask.java:139) ~[junit-platform-engine-1.10.2.jar:1.10.2]
	at org.junit.platform.engine.support.hierarchical.ThrowableCollector.execute(ThrowableCollector.java:73) ~[junit-platform-engine-1.10.2.jar:1.10.2]
	at org.junit.platform.engine.support.hierarchical.NodeTestTask.executeRecursively(NodeTestTask.java:138) ~[junit-platform-engine-1.10.2.jar:1.10.2]
	at org.junit.platform.engine.support.hierarchical.NodeTestTask.execute(NodeTestTask.java:95) ~[junit-platform-engine-1.10.2.jar:1.10.2]
	at org.junit.platform.engine.support.hierarchical.SameThreadHierarchicalTestExecutorService.submit(SameThreadHierarchicalTestExecutorService.java:35) ~[junit-platform-engine-1.10.2.jar:1.10.2]
	at org.junit.platform.engine.support.hierarchical.HierarchicalTestExecutor.execute(HierarchicalTestExecutor.java:57) ~[junit-platform-engine-1.10.2.jar:1.10.2]
	at org.junit.platform.engine.support.hierarchical.HierarchicalTestEngine.execute(HierarchicalTestEngine.java:54) ~[junit-platform-engine-1.10.2.jar:1.10.2]
	at org.junit.platform.launcher.core.EngineExecutionOrchestrator.execute(EngineExecutionOrchestrator.java:198) ~[junit-platform-launcher-1.10.2.jar:1.10.2]
	at org.junit.platform.launcher.core.EngineExecutionOrchestrator.execute(EngineExecutionOrchestrator.java:169) ~[junit-platform-launcher-1.10.2.jar:1.10.2]
	at org.junit.platform.launcher.core.EngineExecutionOrchestrator.execute(EngineExecutionOrchestrator.java:93) ~[junit-platform-launcher-1.10.2.jar:1.10.2]
	at org.junit.platform.launcher.core.EngineExecutionOrchestrator.lambda$execute$0(EngineExecutionOrchestrator.java:58) ~[junit-platform-launcher-1.10.2.jar:1.10.2]
	at org.junit.platform.launcher.core.EngineExecutionOrchestrator.withInterceptedStreams(EngineExecutionOrchestrator.java:141) ~[junit-platform-launcher-1.10.2.jar:1.10.2]
	at org.junit.platform.launcher.core.EngineExecutionOrchestrator.execute(EngineExecutionOrchestrator.java:57) ~[junit-platform-launcher-1.10.2.jar:1.10.2]
	at org.junit.platform.launcher.core.DefaultLauncher.execute(DefaultLauncher.java:103) ~[junit-platform-launcher-1.10.2.jar:1.10.2]
	at org.junit.platform.launcher.core.DefaultLauncher.execute(DefaultLauncher.java:85) ~[junit-platform-launcher-1.10.2.jar:1.10.2]
	at org.junit.platform.launcher.core.DelegatingLauncher.execute(DelegatingLauncher.java:47) ~[junit-platform-launcher-1.10.2.jar:1.10.2]
	at org.apache.maven.surefire.junitplatform.LazyLauncher.execute(LazyLauncher.java:56) ~[surefire-junit-platform-3.2.5.jar:3.2.5]
	at org.apache.maven.surefire.junitplatform.JUnitPlatformProvider.execute(JUnitPlatformProvider.java:184) ~[surefire-junit-platform-3.2.5.jar:3.2.5]
	at org.apache.maven.surefire.junitplatform.JUnitPlatformProvider.invokeAllTests(JUnitPlatformProvider.java:148) ~[surefire-junit-platform-3.2.5.jar:3.2.5]
	at org.apache.maven.surefire.junitplatform.JUnitPlatformProvider.invoke(JUnitPlatformProvider.java:122) ~[surefire-junit-platform-3.2.5.jar:3.2.5]
	at org.apache.maven.surefire.booter.ForkedBooter.runSuitesInProcess(ForkedBooter.java:385) ~[surefire-booter-3.2.5.jar:3.2.5]
	at org.apache.maven.surefire.booter.ForkedBooter.execute(ForkedBooter.java:162) ~[surefire-booter-3.2.5.jar:3.2.5]
	at org.apache.maven.surefire.booter.ForkedBooter.run(ForkedBooter.java:507) ~[surefire-booter-3.2.5.jar:3.2.5]
	at org.apache.maven.surefire.booter.ForkedBooter.main(ForkedBooter.java:495) ~[surefire-booter-3.2.5.jar:3.2.5]
Caused by: java.nio.channels.ClosedChannelException: null
	at java.base/sun.nio.ch.WindowsAsynchronousFileChannelImpl.implRead(WindowsAsynchronousFileChannelImpl.java:521) ~[na:na]
	at java.base/sun.nio.ch.AsynchronousFileChannelImpl.read(AsynchronousFileChannelImpl.java:229) ~[na:na]
	at com.github.dockerjava.transport.NamedPipeSocket$AsynchronousFileByteChannel.read(NamedPipeSocket.java:117) ~[docker-java-transport-3.3.6.jar:na]
	at java.base/java.nio.channels.Channels$1.read(Channels.java:164) ~[na:na]
	... 83 common frames omitted

2024-06-12T14:28:31.757+03:00  INFO 12012 --- [URL Shortener] [           main] tc.postgres:latest                       : Container postgres:latest started in PT1.3205132S
2024-06-12T14:28:31.757+03:00  INFO 12012 --- [URL Shortener] [           main] tc.postgres:latest                       : Container is started (JDBC URL: jdbc:postgresql://localhost:51206/testdb?loggerLevel=OFF)
2024-06-12T14:28:31.758+03:00 DEBUG 12012 --- [URL Shortener] [           main] .b.t.c.SpringBootTestContextBootstrapper : Neither @ContextConfiguration nor @ContextHierarchy found for test class [UrlProfileValidationServiceTest]: using SpringBootContextLoader
2024-06-12T14:28:31.758+03:00 DEBUG 12012 --- [URL Shortener] [           main] o.s.t.c.support.AbstractContextLoader    : Could not detect default resource locations for test class [com.example.url_profile.UrlProfileValidationServiceTest]: no resource found for suffixes {-context.xml, Context.groovy}.
2024-06-12T14:28:31.758+03:00  INFO 12012 --- [URL Shortener] [           main] t.c.s.AnnotationConfigContextLoaderUtils : Could not detect default configuration classes for test class [com.example.url_profile.UrlProfileValidationServiceTest]: UrlProfileValidationServiceTest does not declare any static, non-private, non-final, nested classes annotated with @Configuration.
2024-06-12T14:28:31.758+03:00 DEBUG 12012 --- [URL Shortener] [           main] .b.t.c.SpringBootTestContextBootstrapper : Using ContextCustomizerFactory implementations for test class [UrlProfileValidationServiceTest]: [ImportsContextCustomizerFactory, ExcludeFilterContextCustomizerFactory, HttpGraphQlTesterContextCustomizerFactory, DuplicateJsonObjectContextCustomizerFactory, MockitoContextCustomizerFactory, TestRestTemplateContextCustomizerFactory, WebTestClientContextCustomizerFactory, OverrideAutoConfigurationContextCustomizerFactory, ObservabilityContextCustomizerFactory, TypeExcludeFiltersContextCustomizerFactory, PropertyMappingContextCustomizerFactory, WebDriverContextCustomizerFactory, MockServerContainerContextCustomizerFactory, DynamicPropertiesContextCustomizerFactory]
2024-06-12T14:28:31.760+03:00 DEBUG 12012 --- [URL Shortener] [           main] .b.t.c.SpringBootTestContextBootstrapper : Using ContextCustomizers for test class [UrlProfileValidationServiceTest]: [ExcludeFilterContextCustomizer, DuplicateJsonObjectContextCustomizer, MockitoContextCustomizer, TestRestTemplateContextCustomizer, DisableObservabilityContextCustomizer, PropertyMappingContextCustomizer, WebDriverContextCustomizer, DynamicPropertiesContextCustomizer]
2024-06-12T14:28:31.760+03:00  INFO 12012 --- [URL Shortener] [           main] .b.t.c.SpringBootTestContextBootstrapper : Found @SpringBootConfiguration com.example.UrlShortenerApplication for test class com.example.url_profile.UrlProfileValidationServiceTest
2024-06-12T14:28:31.761+03:00 DEBUG 12012 --- [URL Shortener] [           main] .s.t.c.u.TestContextSpringFactoriesUtils : Skipping candidate TestExecutionListener [org.springframework.test.context.observation.MicrometerObservationRegistryTestExecutionListener] due to a missing dependency. Specify custom TestExecutionListener classes or make the default TestExecutionListener classes and their required dependencies available. Offending class: io.micrometer.context.ThreadLocalAccessor. MicrometerObservationRegistryTestExecutionListener requires io.micrometer:micrometer-observation:1.10.8 or higher and io.micrometer:context-propagation:1.0.3 or higher.
2024-06-12T14:28:31.762+03:00 DEBUG 12012 --- [URL Shortener] [           main] .b.t.c.SpringBootTestContextBootstrapper : Using TestExecutionListeners for test class [UrlProfileValidationServiceTest]: [ServletTestExecutionListener, DirtiesContextBeforeModesTestExecutionListener, ApplicationEventsTestExecutionListener, MockitoTestExecutionListener, DependencyInjectionTestExecutionListener, DirtiesContextTestExecutionListener, TransactionalTestExecutionListener, SqlScriptsTestExecutionListener, EventPublishingTestExecutionListener, ResetMocksTestExecutionListener, RestDocsTestExecutionListener, MockRestServiceServerResetTestExecutionListener, MockMvcPrintOnlyOnFailureTestExecutionListener, WebDriverTestExecutionListener, MockWebServiceServerTestExecutionListener]
2024-06-12T14:28:31.762+03:00 DEBUG 12012 --- [URL Shortener] [           main] sContextBeforeModesTestExecutionListener : Before test class: class [UrlProfileValidationServiceTest], class annotated with @DirtiesContext [false] with mode [null]
  .   ____          _            __ _ _
 /\\ / ___'_ __ _ _(_)_ __  __ _ \ \ \ \
( ( )\___ | '_ | '_| | '_ \/ _` | \ \ \ \
 \\/  ___)| |_)| | | | | || (_| |  ) ) ) )
  '  |____| .__|_| |_|_| |_\__, | / / / /
 =========|_|==============|___/=/_/_/_/

 :: Spring Boot ::                (v3.3.0)

2024-06-12T14:28:31.793+03:00  INFO 12012 --- [URL Shortener] [           main] c.e.u.UrlProfileValidationServiceTest    : Starting UrlProfileValidationServiceTest using Java 21.0.1 with PID 12012 (started by daniel in H:\WORK\URL-Shortener)
2024-06-12T14:28:31.793+03:00 DEBUG 12012 --- [URL Shortener] [           main] c.e.u.UrlProfileValidationServiceTest    : Running with Spring Boot v3.3.0, Spring v6.1.8
2024-06-12T14:28:31.793+03:00  INFO 12012 --- [URL Shortener] [           main] c.e.u.UrlProfileValidationServiceTest    : The following 1 profile is active: "prod"
2024-06-12T14:28:31.793+03:00 DEBUG 12012 --- [URL Shortener] [           main] o.s.boot.SpringApplication               : Loading source class com.example.UrlShortenerApplication
2024-06-12T14:28:31.796+03:00 DEBUG 12012 --- [URL Shortener] [           main] o.s.w.c.s.GenericWebApplicationContext   : Refreshing org.springframework.web.context.support.GenericWebApplicationContext@684430c1
2024-06-12T14:28:31.797+03:00 DEBUG 12012 --- [URL Shortener] [           main] o.s.b.f.s.DefaultListableBeanFactory     : Creating shared instance of singleton bean 'org.springframework.context.annotation.internalConfigurationAnnotationProcessor'
2024-06-12T14:28:31.798+03:00 DEBUG 12012 --- [URL Shortener] [           main] o.s.b.f.s.DefaultListableBeanFactory     : Creating shared instance of singleton bean 'org.springframework.boot.autoconfigure.internalCachingMetadataReaderFactory'
2024-06-12T14:28:31.818+03:00 DEBUG 12012 --- [URL Shortener] [           main] o.s.c.a.ClassPathBeanDefinitionScanner   : Identified candidate component class: file [H:\WORK\URL-Shortener\target\classes\com\example\auth\controller\AuthController.class]
2024-06-12T14:28:31.826+03:00 DEBUG 12012 --- [URL Shortener] [           main] o.s.c.a.ClassPathBeanDefinitionScanner   : Identified candidate component class: file [H:\WORK\URL-Shortener\target\classes\com\example\auth\jwt\JwtRequestFilter.class]
2024-06-12T14:28:31.827+03:00 DEBUG 12012 --- [URL Shortener] [           main] o.s.c.a.ClassPathBeanDefinitionScanner   : Identified candidate component class: file [H:\WORK\URL-Shortener\target\classes\com\example\auth\jwt\JwtUtil.class]
2024-06-12T14:28:31.828+03:00 DEBUG 12012 --- [URL Shortener] [           main] o.s.c.a.ClassPathBeanDefinitionScanner   : Identified candidate component class: file [H:\WORK\URL-Shortener\target\classes\com\example\auth\security\CustomUserDetailsService.class]
2024-06-12T14:28:31.834+03:00 DEBUG 12012 --- [URL Shortener] [           main] o.s.c.a.ClassPathBeanDefinitionScanner   : Identified candidate component class: file [H:\WORK\URL-Shortener\target\classes\com\example\auth\security\SecurityConfig.class]
2024-06-12T14:28:31.836+03:00 DEBUG 12012 --- [URL Shortener] [           main] o.s.c.a.ClassPathBeanDefinitionScanner   : Identified candidate component class: file [H:\WORK\URL-Shortener\target\classes\com\example\auth\service\AuthService.class]
2024-06-12T14:28:31.839+03:00 DEBUG 12012 --- [URL Shortener] [           main] o.s.c.a.ClassPathBeanDefinitionScanner   : Identified candidate component class: file [H:\WORK\URL-Shortener\target\classes\com\example\config\GlobalExceptionHandler.class]
2024-06-12T14:28:31.844+03:00 DEBUG 12012 --- [URL Shortener] [           main] o.s.c.a.ClassPathBeanDefinitionScanner   : Identified candidate component class: file [H:\WORK\URL-Shortener\target\classes\com\example\rest\AdminUrlShortenerController.class]
2024-06-12T14:28:31.845+03:00 DEBUG 12012 --- [URL Shortener] [           main] o.s.c.a.ClassPathBeanDefinitionScanner   : Identified candidate component class: file [H:\WORK\URL-Shortener\target\classes\com\example\rest\UrlShortenerController.class]
2024-06-12T14:28:31.846+03:00 DEBUG 12012 --- [URL Shortener] [           main] o.s.c.a.ClassPathBeanDefinitionScanner   : Ignored because not a concrete top-level class: file [H:\WORK\URL-Shortener\target\classes\com\example\role\RoleRepository.class]
2024-06-12T14:28:31.847+03:00 DEBUG 12012 --- [URL Shortener] [           main] o.s.c.a.ClassPathBeanDefinitionScanner   : Identified candidate component class: file [H:\WORK\URL-Shortener\target\classes\com\example\role\RoleService.class]
2024-06-12T14:28:31.849+03:00 DEBUG 12012 --- [URL Shortener] [           main] o.s.c.a.ClassPathBeanDefinitionScanner   : Identified candidate component class: file [H:\WORK\URL-Shortener\target\classes\com\example\url_profile\UrlProfileMapper.class]
2024-06-12T14:28:31.850+03:00 DEBUG 12012 --- [URL Shortener] [           main] o.s.c.a.ClassPathBeanDefinitionScanner   : Identified candidate component class: file [H:\WORK\URL-Shortener\target\classes\com\example\url_profile\UrlProfileService.class]
2024-06-12T14:28:31.851+03:00 DEBUG 12012 --- [URL Shortener] [           main] o.s.c.a.ClassPathBeanDefinitionScanner   : Identified candidate component class: file [H:\WORK\URL-Shortener\target\classes\com\example\url_profile\UrlProfileValidationService.class]
2024-06-12T14:28:31.853+03:00 DEBUG 12012 --- [URL Shortener] [           main] o.s.c.a.ClassPathBeanDefinitionScanner   : Identified candidate component class: file [H:\WORK\URL-Shortener\target\classes\com\example\url_view\UrlViewMapper.class]
2024-06-12T14:28:31.854+03:00 DEBUG 12012 --- [URL Shortener] [           main] o.s.c.a.ClassPathBeanDefinitionScanner   : Identified candidate component class: file [H:\WORK\URL-Shortener\target\classes\com\example\url_view\UrlViewService.class]
2024-06-12T14:28:31.855+03:00 DEBUG 12012 --- [URL Shortener] [           main] o.s.c.a.ClassPathBeanDefinitionScanner   : Ignored because not a concrete top-level class: file [H:\WORK\URL-Shortener\target\classes\com\example\user\UserRepository.class]
2024-06-12T14:28:31.855+03:00 DEBUG 12012 --- [URL Shortener] [           main] o.s.c.a.ClassPathBeanDefinitionScanner   : Identified candidate component class: file [H:\WORK\URL-Shortener\target\classes\com\example\user\UserService.class]
2024-06-12T14:28:32.080+03:00  INFO 12012 --- [URL Shortener] [           main] .s.d.r.c.RepositoryConfigurationDelegate : Multiple Spring Data modules found, entering strict repository configuration mode
2024-06-12T14:28:32.080+03:00  INFO 12012 --- [URL Shortener] [           main] .s.d.r.c.RepositoryConfigurationDelegate : Bootstrapping Spring Data JPA repositories in DEFAULT mode.
2024-06-12T14:28:32.080+03:00 DEBUG 12012 --- [URL Shortener] [           main] o.s.b.f.s.DefaultListableBeanFactory     : Creating shared instance of singleton bean 'org.springframework.boot.autoconfigure.AutoConfigurationPackages'
2024-06-12T14:28:32.080+03:00 DEBUG 12012 --- [URL Shortener] [           main] o.s.b.a.AutoConfigurationPackages        : @EnableAutoConfiguration was declared on a class in the package 'com.example'. Automatic @Repository and @Entity scanning is enabled.
2024-06-12T14:28:32.080+03:00 DEBUG 12012 --- [URL Shortener] [           main] .s.d.r.c.RepositoryConfigurationDelegate : Scanning for JPA repositories in packages com.example.
2024-06-12T14:28:32.086+03:00 DEBUG 12012 --- [URL Shortener] [           main] o.s.d.r.c.RepositoryComponentProvider    : Identified candidate component class: file [H:\WORK\URL-Shortener\target\classes\com\example\role\RoleRepository.class]
2024-06-12T14:28:32.087+03:00 DEBUG 12012 --- [URL Shortener] [           main] o.s.d.r.c.RepositoryComponentProvider    : Identified candidate component class: file [H:\WORK\URL-Shortener\target\classes\com\example\url_profile\UrlProfileRepository.class]
2024-06-12T14:28:32.087+03:00 DEBUG 12012 --- [URL Shortener] [           main] o.s.d.r.c.RepositoryComponentProvider    : Identified candidate component class: file [H:\WORK\URL-Shortener\target\classes\com\example\url_view\UrlViewRepository.class]
2024-06-12T14:28:32.087+03:00 DEBUG 12012 --- [URL Shortener] [           main] o.s.d.r.c.RepositoryComponentProvider    : Identified candidate component class: file [H:\WORK\URL-Shortener\target\classes\com\example\user\UserRepository.class]
2024-06-12T14:28:32.091+03:00 DEBUG 12012 --- [URL Shortener] [           main] ssPathScanningCandidateComponentProvider : Identified candidate component class: file [H:\WORK\URL-Shortener\target\classes\com\example\auth\validation\EmailValidatorImpl.class]
2024-06-12T14:28:32.091+03:00 DEBUG 12012 --- [URL Shortener] [           main] ssPathScanningCandidateComponentProvider : Identified candidate component class: file [H:\WORK\URL-Shortener\target\classes\com\example\auth\validation\PasswordValidatorImpl.class]
2024-06-12T14:28:32.096+03:00  INFO 12012 --- [URL Shortener] [           main] .s.d.r.c.RepositoryConfigurationDelegate : Finished Spring Data repository scanning in 15 ms. Found 4 JPA repository interfaces.
2024-06-12T14:28:32.099+03:00  INFO 12012 --- [URL Shortener] [           main] .s.d.r.c.RepositoryConfigurationDelegate : Multiple Spring Data modules found, entering strict repository configuration mode
2024-06-12T14:28:32.099+03:00  INFO 12012 --- [URL Shortener] [           main] .s.d.r.c.RepositoryConfigurationDelegate : Bootstrapping Spring Data Redis repositories in DEFAULT mode.
2024-06-12T14:28:32.100+03:00 DEBUG 12012 --- [URL Shortener] [           main] .s.d.r.c.RepositoryConfigurationDelegate : Scanning for Redis repositories in packages com.example.
2024-06-12T14:28:32.102+03:00 DEBUG 12012 --- [URL Shortener] [           main] o.s.d.r.c.RepositoryComponentProvider    : Identified candidate component class: file [H:\WORK\URL-Shortener\target\classes\com\example\role\RoleRepository.class]
2024-06-12T14:28:32.102+03:00 DEBUG 12012 --- [URL Shortener] [           main] o.s.d.r.c.RepositoryComponentProvider    : Identified candidate component class: file [H:\WORK\URL-Shortener\target\classes\com\example\url_profile\UrlProfileRepository.class]
2024-06-12T14:28:32.103+03:00 DEBUG 12012 --- [URL Shortener] [           main] o.s.d.r.c.RepositoryComponentProvider    : Identified candidate component class: file [H:\WORK\URL-Shortener\target\classes\com\example\url_view\UrlViewRepository.class]
2024-06-12T14:28:32.103+03:00 DEBUG 12012 --- [URL Shortener] [           main] o.s.d.r.c.RepositoryComponentProvider    : Identified candidate component class: file [H:\WORK\URL-Shortener\target\classes\com\example\user\UserRepository.class]
2024-06-12T14:28:32.103+03:00  INFO 12012 --- [URL Shortener] [           main] .RepositoryConfigurationExtensionSupport : Spring Data Redis - Could not safely identify store assignment for repository candidate interface com.example.role.RoleRepository; If you want this repository to be a Redis repository, consider annotating your entities with one of these annotations: org.springframework.data.redis.core.RedisHash (preferred), or consider extending one of the following types with your repository: org.springframework.data.keyvalue.repository.KeyValueRepository
2024-06-12T14:28:32.103+03:00  INFO 12012 --- [URL Shortener] [           main] .RepositoryConfigurationExtensionSupport : Spring Data Redis - Could not safely identify store assignment for repository candidate interface com.example.url_profile.UrlProfileRepository; If you want this repository to be a Redis repository, consider annotating your entities with one of these annotations: org.springframework.data.redis.core.RedisHash (preferred), or consider extending one of the following types with your repository: org.springframework.data.keyvalue.repository.KeyValueRepository
2024-06-12T14:28:32.103+03:00  INFO 12012 --- [URL Shortener] [           main] .RepositoryConfigurationExtensionSupport : Spring Data Redis - Could not safely identify store assignment for repository candidate interface com.example.url_view.UrlViewRepository; If you want this repository to be a Redis repository, consider annotating your entities with one of these annotations: org.springframework.data.redis.core.RedisHash (preferred), or consider extending one of the following types with your repository: org.springframework.data.keyvalue.repository.KeyValueRepository
2024-06-12T14:28:32.103+03:00  INFO 12012 --- [URL Shortener] [           main] .RepositoryConfigurationExtensionSupport : Spring Data Redis - Could not safely identify store assignment for repository candidate interface com.example.user.UserRepository; If you want this repository to be a Redis repository, consider annotating your entities with one of these annotations: org.springframework.data.redis.core.RedisHash (preferred), or consider extending one of the following types with your repository: org.springframework.data.keyvalue.repository.KeyValueRepository
2024-06-12T14:28:32.103+03:00  INFO 12012 --- [URL Shortener] [           main] .s.d.r.c.RepositoryConfigurationDelegate : Finished Spring Data repository scanning in 4 ms. Found 0 Redis repository interfaces.
2024-06-12T14:28:32.135+03:00 DEBUG 12012 --- [URL Shortener] [           main] o.s.b.f.s.DefaultListableBeanFactory     : Creating shared instance of singleton bean 'springSecurityHandlerMappingIntrospectorBeanDefinitionRegistryPostProcessor'
2024-06-12T14:28:32.136+03:00 DEBUG 12012 --- [URL Shortener] [           main] o.s.b.f.s.DefaultListableBeanFactory     : Creating shared instance of singleton bean 'propertySourcesPlaceholderConfigurer'
2024-06-12T14:28:32.137+03:00 DEBUG 12012 --- [URL Shortener] [           main] o.s.b.f.s.DefaultListableBeanFactory     : Creating shared instance of singleton bean 'org.springframework.boot.test.mock.mockito.MockitoPostProcessor'
2024-06-12T14:28:32.138+03:00 DEBUG 12012 --- [URL Shortener] [           main] o.s.b.f.s.DefaultListableBeanFactory     : Creating shared instance of singleton bean 'org.springframework.boot.autoconfigure.cache.CacheAutoConfiguration$CacheManagerEntityManagerFactoryDependsOnPostProcessor'
2024-06-12T14:28:32.138+03:00 DEBUG 12012 --- [URL Shortener] [           main] o.s.b.f.s.DefaultListableBeanFactory     : Creating shared instance of singleton bean 'emBeanDefinitionRegistrarPostProcessor'
2024-06-12T14:28:32.138+03:00 DEBUG 12012 --- [URL Shortener] [           main] o.s.b.f.s.DefaultListableBeanFactory     : Creating shared instance of singleton bean 'org.springframework.boot.sql.init.dependency.DatabaseInitializationDependencyConfigurer$DependsOnDatabaseInitializationPostProcessor'
2024-06-12T14:28:32.144+03:00 DEBUG 12012 --- [URL Shortener] [           main] o.s.b.f.s.DefaultListableBeanFactory     : Creating shared instance of singleton bean 'org.springframework.context.event.internalEventListenerProcessor'
2024-06-12T14:28:32.144+03:00 DEBUG 12012 --- [URL Shortener] [           main] o.s.b.f.s.DefaultListableBeanFactory     : Creating shared instance of singleton bean 'conversionServicePostProcessor'
2024-06-12T14:28:32.145+03:00 DEBUG 12012 --- [URL Shortener] [           main] o.s.b.f.s.DefaultListableBeanFactory     : Creating shared instance of singleton bean 'preserveErrorControllerTargetClassPostProcessor'
2024-06-12T14:28:32.145+03:00 DEBUG 12012 --- [URL Shortener] [           main] o.s.b.f.s.DefaultListableBeanFactory     : Creating shared instance of singleton bean 'org.springframework.context.event.internalEventListenerFactory'
2024-06-12T14:28:32.145+03:00 DEBUG 12012 --- [URL Shortener] [           main] o.s.b.f.s.DefaultListableBeanFactory     : Creating shared instance of singleton bean 'org.springframework.transaction.config.internalTransactionalEventListenerFactory'
2024-06-12T14:28:32.147+03:00 DEBUG 12012 --- [URL Shortener] [           main] o.s.b.f.s.DefaultListableBeanFactory     : Creating shared instance of singleton bean 'org.springframework.boot.test.mock.mockito.MockitoPostProcessor$SpyPostProcessor'
2024-06-12T14:28:32.147+03:00 DEBUG 12012 --- [URL Shortener] [           main] o.s.b.f.s.DefaultListableBeanFactory     : Creating shared instance of singleton bean 'org.springframework.context.annotation.internalAutowiredAnnotationProcessor'
2024-06-12T14:28:32.147+03:00 DEBUG 12012 --- [URL Shortener] [           main] o.s.b.f.s.DefaultListableBeanFactory     : Creating shared instance of singleton bean 'org.springframework.context.annotation.internalCommonAnnotationProcessor'
2024-06-12T14:28:32.148+03:00 DEBUG 12012 --- [URL Shortener] [           main] o.s.b.f.s.DefaultListableBeanFactory     : Creating shared instance of singleton bean 'org.springframework.context.annotation.internalPersistenceAnnotationProcessor'
2024-06-12T14:28:32.148+03:00 DEBUG 12012 --- [URL Shortener] [           main] o.s.b.f.s.DefaultListableBeanFactory     : Creating shared instance of singleton bean 'org.springframework.boot.context.properties.ConfigurationPropertiesBindingPostProcessor'
2024-06-12T14:28:32.148+03:00 DEBUG 12012 --- [URL Shortener] [           main] o.s.b.f.s.DefaultListableBeanFactory     : Creating shared instance of singleton bean 'org.springframework.boot.context.internalConfigurationPropertiesBinder'
2024-06-12T14:28:32.148+03:00 DEBUG 12012 --- [URL Shortener] [           main] o.s.b.f.s.DefaultListableBeanFactory     : Creating shared instance of singleton bean 'jdbcConnectionDetailsHikariBeanPostProcessor'
2024-06-12T14:28:32.148+03:00 DEBUG 12012 --- [URL Shortener] [           main] o.s.b.f.s.DefaultListableBeanFactory     : Creating shared instance of singleton bean 'org.springframework.aop.config.internalAutoProxyCreator'
2024-06-12T14:28:32.149+03:00 DEBUG 12012 --- [URL Shortener] [           main] o.s.b.f.s.DefaultListableBeanFactory     : Creating shared instance of singleton bean 'persistenceExceptionTranslationPostProcessor'
2024-06-12T14:28:32.152+03:00 DEBUG 12012 --- [URL Shortener] [           main] o.s.b.f.s.DefaultListableBeanFactory     : Autowiring by type from bean name 'persistenceExceptionTranslationPostProcessor' via factory method to bean named 'environment'
2024-06-12T14:28:32.153+03:00 DEBUG 12012 --- [URL Shortener] [           main] o.s.b.f.s.DefaultListableBeanFactory     : Creating shared instance of singleton bean 'webServerFactoryCustomizerBeanPostProcessor'
2024-06-12T14:28:32.153+03:00 DEBUG 12012 --- [URL Shortener] [           main] o.s.b.f.s.DefaultListableBeanFactory     : Creating shared instance of singleton bean 'errorPageRegistrarBeanPostProcessor'
2024-06-12T14:28:32.153+03:00 DEBUG 12012 --- [URL Shortener] [           main] o.s.b.f.s.DefaultListableBeanFactory     : Creating shared instance of singleton bean 'projectingArgumentResolverBeanPostProcessor'
2024-06-12T14:28:32.154+03:00 DEBUG 12012 --- [URL Shortener] [           main] o.s.b.f.s.DefaultListableBeanFactory     : Creating shared instance of singleton bean 'preFilterAuthorizationAdvisor'
2024-06-12T14:28:32.154+03:00 DEBUG 12012 --- [URL Shortener] [           main] o.s.b.f.s.DefaultListableBeanFactory     : Creating shared instance of singleton bean 'org.springframework.security.config.annotation.method.configuration.PrePostMethodSecurityConfiguration'
2024-06-12T14:28:32.155+03:00 DEBUG 12012 --- [URL Shortener] [           main] o.s.b.f.s.DefaultListableBeanFactory     : Autowiring by type from bean name 'preFilterAuthorizationAdvisor' via factory method to bean named 'org.springframework.security.config.annotation.method.configuration.PrePostMethodSecurityConfiguration'
2024-06-12T14:28:32.155+03:00 DEBUG 12012 --- [URL Shortener] [           main] o.s.b.f.s.DefaultListableBeanFactory     : Autowiring by type from bean name 'preFilterAuthorizationAdvisor' via factory method to bean named 'org.springframework.web.context.support.GenericWebApplicationContext@684430c1'
2024-06-12T14:28:32.155+03:00 DEBUG 12012 --- [URL Shortener] [           main] o.s.b.f.s.DefaultListableBeanFactory     : Creating shared instance of singleton bean 'preAuthorizeAuthorizationAdvisor'
2024-06-12T14:28:32.156+03:00 DEBUG 12012 --- [URL Shortener] [           main] o.s.b.f.s.DefaultListableBeanFactory     : Autowiring by type from bean name 'preAuthorizeAuthorizationAdvisor' via factory method to bean named 'org.springframework.security.config.annotation.method.configuration.PrePostMethodSecurityConfiguration'
2024-06-12T14:28:32.156+03:00 DEBUG 12012 --- [URL Shortener] [           main] o.s.b.f.s.DefaultListableBeanFactory     : Autowiring by type from bean name 'preAuthorizeAuthorizationAdvisor' via factory method to bean named 'org.springframework.web.context.support.GenericWebApplicationContext@684430c1'
2024-06-12T14:28:32.156+03:00 DEBUG 12012 --- [URL Shortener] [           main] o.s.b.f.s.DefaultListableBeanFactory     : Creating shared instance of singleton bean 'postFilterAuthorizationAdvisor'
2024-06-12T14:28:32.157+03:00 DEBUG 12012 --- [URL Shortener] [           main] o.s.b.f.s.DefaultListableBeanFactory     : Autowiring by type from bean name 'postFilterAuthorizationAdvisor' via factory method to bean named 'org.springframework.security.config.annotation.method.configuration.PrePostMethodSecurityConfiguration'
2024-06-12T14:28:32.157+03:00 DEBUG 12012 --- [URL Shortener] [           main] o.s.b.f.s.DefaultListableBeanFactory     : Autowiring by type from bean name 'postFilterAuthorizationAdvisor' via factory method to bean named 'org.springframework.web.context.support.GenericWebApplicationContext@684430c1'
2024-06-12T14:28:32.157+03:00 DEBUG 12012 --- [URL Shortener] [           main] o.s.b.f.s.DefaultListableBeanFactory     : Creating shared instance of singleton bean 'postAuthorizeAuthorizationAdvisor'
2024-06-12T14:28:32.157+03:00 DEBUG 12012 --- [URL Shortener] [           main] o.s.b.f.s.DefaultListableBeanFactory     : Autowiring by type from bean name 'postAuthorizeAuthorizationAdvisor' via factory method to bean named 'org.springframework.security.config.annotation.method.configuration.PrePostMethodSecurityConfiguration'
2024-06-12T14:28:32.157+03:00 DEBUG 12012 --- [URL Shortener] [           main] o.s.b.f.s.DefaultListableBeanFactory     : Autowiring by type from bean name 'postAuthorizeAuthorizationAdvisor' via factory method to bean named 'org.springframework.web.context.support.GenericWebApplicationContext@684430c1'
2024-06-12T14:28:32.158+03:00 DEBUG 12012 --- [URL Shortener] [           main] o.s.b.f.s.DefaultListableBeanFactory     : Creating shared instance of singleton bean 'authorizeReturnObjectAdvisor'
2024-06-12T14:28:32.158+03:00 DEBUG 12012 --- [URL Shortener] [           main] o.s.b.f.s.DefaultListableBeanFactory     : Creating shared instance of singleton bean 'authorizationProxyFactory'
2024-06-12T14:28:32.158+03:00 DEBUG 12012 --- [URL Shortener] [           main] o.s.b.f.s.DefaultListableBeanFactory     : Creating shared instance of singleton bean 'org.springframework.cache.config.internalCacheAdvisor'
2024-06-12T14:28:32.158+03:00 DEBUG 12012 --- [URL Shortener] [           main] o.s.b.f.s.DefaultListableBeanFactory     : Creating shared instance of singleton bean 'org.springframework.cache.annotation.ProxyCachingConfiguration'
2024-06-12T14:28:32.158+03:00 DEBUG 12012 --- [URL Shortener] [           main] o.s.b.f.s.DefaultListableBeanFactory     : Creating shared instance of singleton bean 'org.springframework.transaction.config.internalTransactionAdvisor'
2024-06-12T14:28:32.158+03:00 DEBUG 12012 --- [URL Shortener] [           main] o.s.b.f.s.DefaultListableBeanFactory     : Creating shared instance of singleton bean 'org.springframework.transaction.annotation.ProxyTransactionManagementConfiguration'
2024-06-12T14:28:32.163+03:00 DEBUG 12012 --- [URL Shortener] [           main] o.s.b.f.s.DefaultListableBeanFactory     : Creating shared instance of singleton bean 'transactionAttributeSource'
2024-06-12T14:28:32.165+03:00 DEBUG 12012 --- [URL Shortener] [           main] o.s.b.f.s.DefaultListableBeanFactory     : Creating shared instance of singleton bean 'transactionInterceptor'
2024-06-12T14:28:32.166+03:00 DEBUG 12012 --- [URL Shortener] [           main] o.s.b.f.s.DefaultListableBeanFactory     : Autowiring by type from bean name 'transactionInterceptor' via factory method to bean named 'transactionAttributeSource'
2024-06-12T14:28:32.166+03:00 DEBUG 12012 --- [URL Shortener] [           main] o.s.b.f.s.DefaultListableBeanFactory     : Autowiring by type from bean name 'org.springframework.transaction.config.internalTransactionAdvisor' via factory method to bean named 'transactionAttributeSource'
2024-06-12T14:28:32.166+03:00 DEBUG 12012 --- [URL Shortener] [           main] o.s.b.f.s.DefaultListableBeanFactory     : Autowiring by type from bean name 'org.springframework.transaction.config.internalTransactionAdvisor' via factory method to bean named 'transactionInterceptor'
2024-06-12T14:28:32.168+03:00 DEBUG 12012 --- [URL Shortener] [           main] o.s.b.f.s.DefaultListableBeanFactory     : Creating shared instance of singleton bean 'cacheOperationSource'
2024-06-12T14:28:32.169+03:00 DEBUG 12012 --- [URL Shortener] [           main] o.s.b.f.s.DefaultListableBeanFactory     : Creating shared instance of singleton bean 'cacheInterceptor'
2024-06-12T14:28:32.170+03:00 DEBUG 12012 --- [URL Shortener] [           main] o.s.b.f.s.DefaultListableBeanFactory     : Autowiring by type from bean name 'cacheInterceptor' via factory method to bean named 'cacheOperationSource'
2024-06-12T14:28:32.170+03:00 DEBUG 12012 --- [URL Shortener] [           main] o.s.b.f.s.DefaultListableBeanFactory     : Autowiring by type from bean name 'org.springframework.cache.config.internalCacheAdvisor' via factory method to bean named 'cacheOperationSource'
2024-06-12T14:28:32.170+03:00 DEBUG 12012 --- [URL Shortener] [           main] o.s.b.f.s.DefaultListableBeanFactory     : Autowiring by type from bean name 'org.springframework.cache.config.internalCacheAdvisor' via factory method to bean named 'cacheInterceptor'
2024-06-12T14:28:32.173+03:00 DEBUG 12012 --- [URL Shortener] [           main] o.s.b.f.s.DefaultListableBeanFactory     : Autowiring by type from bean name 'authorizeReturnObjectAdvisor' via factory method to bean named 'authorizationProxyFactory'
2024-06-12T14:28:32.175+03:00 DEBUG 12012 --- [URL Shortener] [           main] o.s.u.c.s.UiApplicationContextUtils      : Unable to locate ThemeSource with name 'themeSource': using default [org.springframework.ui.context.support.ResourceBundleThemeSource@7fa86ddd]
2024-06-12T14:28:32.176+03:00 DEBUG 12012 --- [URL Shortener] [           main] o.s.b.f.s.DefaultListableBeanFactory     : Creating shared instance of singleton bean 'cacheManager'
2024-06-12T14:28:32.176+03:00 DEBUG 12012 --- [URL Shortener] [           main] o.s.b.f.s.DefaultListableBeanFactory     : Creating shared instance of singleton bean 'org.springframework.boot.autoconfigure.cache.RedisCacheConfiguration'
2024-06-12T14:28:32.178+03:00 DEBUG 12012 --- [URL Shortener] [           main] o.s.b.f.s.DefaultListableBeanFactory     : Creating shared instance of singleton bean 'spring.cache-org.springframework.boot.autoconfigure.cache.CacheProperties'
2024-06-12T14:28:32.178+03:00 DEBUG 12012 --- [URL Shortener] [           main] o.s.b.f.s.DefaultListableBeanFactory     : Creating shared instance of singleton bean 'org.springframework.boot.context.properties.BoundConfigurationProperties'
2024-06-12T14:28:32.181+03:00 DEBUG 12012 --- [URL Shortener] [           main] o.s.b.f.s.DefaultListableBeanFactory     : Creating shared instance of singleton bean 'stringOrNumberMigrationVersionConverter'
2024-06-12T14:28:32.181+03:00 DEBUG 12012 --- [URL Shortener] [           main] o.s.b.f.s.DefaultListableBeanFactory     : Creating shared instance of singleton bean 'org.springframework.boot.autoconfigure.flyway.FlywayAutoConfiguration'
2024-06-12T14:28:32.185+03:00 DEBUG 12012 --- [URL Shortener] [           main] o.s.b.f.s.DefaultListableBeanFactory     : Creating shared instance of singleton bean 'cacheManagerCustomizers'
2024-06-12T14:28:32.186+03:00 DEBUG 12012 --- [URL Shortener] [           main] o.s.b.f.s.DefaultListableBeanFactory     : Creating shared instance of singleton bean 'org.springframework.boot.autoconfigure.cache.CacheAutoConfiguration'
2024-06-12T14:28:32.188+03:00 DEBUG 12012 --- [URL Shortener] [           main] o.s.b.f.s.DefaultListableBeanFactory     : Creating shared instance of singleton bean 'redisConnectionFactory'
2024-06-12T14:28:32.188+03:00 DEBUG 12012 --- [URL Shortener] [           main] o.s.b.f.s.DefaultListableBeanFactory     : Creating shared instance of singleton bean 'org.springframework.boot.autoconfigure.data.redis.LettuceConnectionConfiguration'
2024-06-12T14:28:32.189+03:00 DEBUG 12012 --- [URL Shortener] [           main] o.s.b.f.s.DefaultListableBeanFactory     : Creating shared instance of singleton bean 'spring.data.redis-org.springframework.boot.autoconfigure.data.redis.RedisProperties'
2024-06-12T14:28:32.201+03:00 DEBUG 12012 --- [URL Shortener] [           main] o.s.b.f.s.DefaultListableBeanFactory     : Creating shared instance of singleton bean 'redisConnectionDetails'
2024-06-12T14:28:32.202+03:00 DEBUG 12012 --- [URL Shortener] [           main] o.s.b.f.s.DefaultListableBeanFactory     : Creating shared instance of singleton bean 'org.springframework.boot.autoconfigure.data.redis.RedisAutoConfiguration'
2024-06-12T14:28:32.203+03:00 DEBUG 12012 --- [URL Shortener] [           main] o.s.b.f.s.DefaultListableBeanFactory     : Autowiring by type from bean name 'redisConnectionDetails' via factory method to bean named 'spring.data.redis-org.springframework.boot.autoconfigure.data.redis.RedisProperties'
2024-06-12T14:28:32.204+03:00 DEBUG 12012 --- [URL Shortener] [           main] o.s.b.f.s.DefaultListableBeanFactory     : Autowiring by type from bean name 'org.springframework.boot.autoconfigure.data.redis.LettuceConnectionConfiguration' via constructor to bean named 'spring.data.redis-org.springframework.boot.autoconfigure.data.redis.RedisProperties'
2024-06-12T14:28:32.204+03:00 DEBUG 12012 --- [URL Shortener] [           main] o.s.b.f.s.DefaultListableBeanFactory     : Autowiring by type from bean name 'org.springframework.boot.autoconfigure.data.redis.LettuceConnectionConfiguration' via constructor to bean named 'redisConnectionDetails'
2024-06-12T14:28:32.205+03:00 DEBUG 12012 --- [URL Shortener] [           main] o.s.b.f.s.DefaultListableBeanFactory     : Creating shared instance of singleton bean 'sslBundleRegistry'
2024-06-12T14:28:32.205+03:00 DEBUG 12012 --- [URL Shortener] [           main] o.s.b.f.s.DefaultListableBeanFactory     : Creating shared instance of singleton bean 'org.springframework.boot.autoconfigure.ssl.SslAutoConfiguration'
2024-06-12T14:28:32.206+03:00 DEBUG 12012 --- [URL Shortener] [           main] o.s.b.f.s.DefaultListableBeanFactory     : Creating shared instance of singleton bean 'spring.ssl-org.springframework.boot.autoconfigure.ssl.SslProperties'
2024-06-12T14:28:32.208+03:00 DEBUG 12012 --- [URL Shortener] [           main] o.s.b.f.s.DefaultListableBeanFactory     : Autowiring by type from bean name 'org.springframework.boot.autoconfigure.ssl.SslAutoConfiguration' via constructor to bean named 'spring.ssl-org.springframework.boot.autoconfigure.ssl.SslProperties'
2024-06-12T14:28:32.209+03:00 DEBUG 12012 --- [URL Shortener] [           main] o.s.b.f.s.DefaultListableBeanFactory     : Creating shared instance of singleton bean 'sslPropertiesSslBundleRegistrar'
2024-06-12T14:28:32.210+03:00 DEBUG 12012 --- [URL Shortener] [           main] o.s.b.f.s.DefaultListableBeanFactory     : Creating shared instance of singleton bean 'fileWatcher'
2024-06-12T14:28:32.210+03:00 DEBUG 12012 --- [URL Shortener] [           main] o.s.b.f.s.DefaultListableBeanFactory     : Autowiring by type from bean name 'sslPropertiesSslBundleRegistrar' via factory method to bean named 'fileWatcher'
2024-06-12T14:28:32.213+03:00 DEBUG 12012 --- [URL Shortener] [           main] o.s.b.f.s.DefaultListableBeanFactory     : Creating shared instance of singleton bean 'lettuceClientResources'
2024-06-12T14:28:32.214+03:00 DEBUG 12012 --- [URL Shortener] [           main] i.l.c.r.DefaultEventLoopGroupProvider    : Creating executor io.netty.util.concurrent.DefaultEventExecutorGroup
2024-06-12T14:28:32.214+03:00 DEBUG 12012 --- [URL Shortener] [           main] i.l.c.resource.DefaultClientResources    : LatencyUtils/HdrUtils are not available, metrics are disabled
2024-06-12T14:28:32.216+03:00 DEBUG 12012 --- [URL Shortener] [           main] o.s.b.f.s.DefaultListableBeanFactory     : Autowiring by type from bean name 'redisConnectionFactory' via factory method to bean named 'lettuceClientResources'
2024-06-12T14:28:32.220+03:00 DEBUG 12012 --- [URL Shortener] [           main] o.s.b.f.s.DefaultListableBeanFactory     : Autowiring by type from bean name 'cacheManager' via factory method to bean named 'spring.cache-org.springframework.boot.autoconfigure.cache.CacheProperties'
2024-06-12T14:28:32.221+03:00 DEBUG 12012 --- [URL Shortener] [           main] o.s.b.f.s.DefaultListableBeanFactory     : Autowiring by type from bean name 'cacheManager' via factory method to bean named 'cacheManagerCustomizers'
2024-06-12T14:28:32.221+03:00 DEBUG 12012 --- [URL Shortener] [           main] o.s.b.f.s.DefaultListableBeanFactory     : Autowiring by type from bean name 'cacheManager' via factory method to bean named 'redisConnectionFactory'
2024-06-12T14:28:32.221+03:00 DEBUG 12012 --- [URL Shortener] [           main] o.s.b.f.s.DefaultListableBeanFactory     : Autowiring by type from bean name 'cacheManager' via factory method to bean named 'org.springframework.web.context.support.GenericWebApplicationContext@684430c1'
2024-06-12T14:28:32.223+03:00 DEBUG 12012 --- [URL Shortener] [           main] o.s.b.f.s.DefaultListableBeanFactory     : Creating shared instance of singleton bean 'flyway'
2024-06-12T14:28:32.224+03:00 DEBUG 12012 --- [URL Shortener] [           main] o.s.b.f.s.DefaultListableBeanFactory     : Creating shared instance of singleton bean 'org.springframework.boot.autoconfigure.flyway.FlywayAutoConfiguration$FlywayConfiguration'
2024-06-12T14:28:32.224+03:00 DEBUG 12012 --- [URL Shortener] [           main] o.s.b.f.s.DefaultListableBeanFactory     : Creating shared instance of singleton bean 'spring.flyway-org.springframework.boot.autoconfigure.flyway.FlywayProperties'
2024-06-12T14:28:32.233+03:00 DEBUG 12012 --- [URL Shortener] [           main] o.s.b.f.s.DefaultListableBeanFactory     : Autowiring by type from bean name 'org.springframework.boot.autoconfigure.flyway.FlywayAutoConfiguration$FlywayConfiguration' via constructor to bean named 'spring.flyway-org.springframework.boot.autoconfigure.flyway.FlywayProperties'
2024-06-12T14:28:32.236+03:00 DEBUG 12012 --- [URL Shortener] [           main] o.s.b.f.s.DefaultListableBeanFactory     : Creating shared instance of singleton bean 'flywayConnectionDetails'
2024-06-12T14:28:32.238+03:00 DEBUG 12012 --- [URL Shortener] [           main] o.s.b.f.s.DefaultListableBeanFactory     : Creating shared instance of singleton bean 'resourceProviderCustomizer'
2024-06-12T14:28:32.239+03:00 DEBUG 12012 --- [URL Shortener] [           main] o.s.b.f.s.DefaultListableBeanFactory     : Autowiring by type from bean name 'flyway' via factory method to bean named 'flywayConnectionDetails'
2024-06-12T14:28:32.239+03:00 DEBUG 12012 --- [URL Shortener] [           main] o.s.b.f.s.DefaultListableBeanFactory     : Autowiring by type from bean name 'flyway' via factory method to bean named 'org.springframework.web.context.support.GenericWebApplicationContext@684430c1'
2024-06-12T14:28:32.239+03:00 DEBUG 12012 --- [URL Shortener] [           main] o.s.b.f.s.DefaultListableBeanFactory     : Autowiring by type from bean name 'flyway' via factory method to bean named 'resourceProviderCustomizer'
2024-06-12T14:28:32.240+03:00 DEBUG 12012 --- [URL Shortener] [           main] o.s.b.f.s.DefaultListableBeanFactory     : Creating shared instance of singleton bean 'dataSource'
2024-06-12T14:28:32.240+03:00 DEBUG 12012 --- [URL Shortener] [           main] o.s.b.f.s.DefaultListableBeanFactory     : Creating shared instance of singleton bean 'org.springframework.boot.autoconfigure.jdbc.DataSourceConfiguration$Hikari'
2024-06-12T14:28:32.242+03:00 DEBUG 12012 --- [URL Shortener] [           main] o.s.b.f.s.DefaultListableBeanFactory     : Creating shared instance of singleton bean 'spring.datasource-org.springframework.boot.autoconfigure.jdbc.DataSourceProperties'
2024-06-12T14:28:32.246+03:00 DEBUG 12012 --- [URL Shortener] [           main] o.s.b.f.s.DefaultListableBeanFactory     : Creating shared instance of singleton bean 'jdbcConnectionDetails'
2024-06-12T14:28:32.246+03:00 DEBUG 12012 --- [URL Shortener] [           main] o.s.b.f.s.DefaultListableBeanFactory     : Creating shared instance of singleton bean 'org.springframework.boot.autoconfigure.jdbc.DataSourceAutoConfiguration$PooledDataSourceConfiguration'
2024-06-12T14:28:32.247+03:00 DEBUG 12012 --- [URL Shortener] [           main] o.s.b.f.s.DefaultListableBeanFactory     : Autowiring by type from bean name 'jdbcConnectionDetails' via factory method to bean named 'spring.datasource-org.springframework.boot.autoconfigure.jdbc.DataSourceProperties'
2024-06-12T14:28:32.248+03:00 DEBUG 12012 --- [URL Shortener] [           main] o.s.b.f.s.DefaultListableBeanFactory     : Autowiring by type from bean name 'dataSource' via factory method to bean named 'spring.datasource-org.springframework.boot.autoconfigure.jdbc.DataSourceProperties'
2024-06-12T14:28:32.248+03:00 DEBUG 12012 --- [URL Shortener] [           main] o.s.b.f.s.DefaultListableBeanFactory     : Autowiring by type from bean name 'dataSource' via factory method to bean named 'jdbcConnectionDetails'
2024-06-12T14:28:32.248+03:00 DEBUG 12012 --- [URL Shortener] [           main] com.zaxxer.hikari.HikariConfig           : Driver class org.postgresql.Driver found in Thread context class loader jdk.internal.loader.ClassLoaders$AppClassLoader@33909752
2024-06-12T14:28:32.260+03:00 DEBUG 12012 --- [URL Shortener] [           main] o.s.b.f.s.DefaultListableBeanFactory     : Creating shared instance of singleton bean 'postgresqlFlywayConfigurationCustomizer'
2024-06-12T14:28:32.268+03:00 DEBUG 12012 --- [URL Shortener] [           main] o.f.c.i.s.classpath.ClassPathScanner     : Scanning for classpath resources at 'classpath:db/callback' ...
2024-06-12T14:28:32.268+03:00 DEBUG 12012 --- [URL Shortener] [           main] o.f.c.i.s.classpath.ClassPathScanner     : Determining location urls for classpath:db/callback using ClassLoader jdk.internal.loader.ClassLoaders$AppClassLoader@33909752 ...
2024-06-12T14:28:32.268+03:00 DEBUG 12012 --- [URL Shortener] [           main] o.f.c.i.s.classpath.ClassPathScanner     : Unable to resolve location classpath:db/callback.
2024-06-12T14:28:32.269+03:00 DEBUG 12012 --- [URL Shortener] [           main] o.s.b.f.s.DefaultListableBeanFactory     : Creating shared instance of singleton bean 'flywayInitializer'
2024-06-12T14:28:32.270+03:00 DEBUG 12012 --- [URL Shortener] [           main] o.s.b.f.s.DefaultListableBeanFactory     : Autowiring by type from bean name 'flywayInitializer' via factory method to bean named 'flyway'
2024-06-12T14:28:32.270+03:00 DEBUG 12012 --- [URL Shortener] [           main] o.f.c.i.s.classpath.ClassPathScanner     : Scanning for classpath resources at 'classpath:db/migration' ...
2024-06-12T14:28:32.270+03:00 DEBUG 12012 --- [URL Shortener] [           main] o.f.c.i.s.classpath.ClassPathScanner     : Determining location urls for classpath:db/migration using ClassLoader jdk.internal.loader.ClassLoaders$AppClassLoader@33909752 ...
2024-06-12T14:28:32.271+03:00 DEBUG 12012 --- [URL Shortener] [           main] o.f.c.i.s.classpath.ClassPathScanner     : Scanning URL: file:/H:/WORK/URL-Shortener/target/classes/db/migration
2024-06-12T14:28:32.271+03:00 DEBUG 12012 --- [URL Shortener] [           main] i.s.c.FileSystemClassPathLocationScanner : Scanning starting at classpath root in filesystem: H:\WORK\URL-Shortener\target\classes\
2024-06-12T14:28:32.271+03:00 DEBUG 12012 --- [URL Shortener] [           main] i.s.c.FileSystemClassPathLocationScanner : Scanning for resources in path: H:\WORK\URL-Shortener\target\classes\db\migration (db/migration)
2024-06-12T14:28:32.271+03:00 DEBUG 12012 --- [URL Shortener] [           main] o.f.c.i.s.classpath.ClassPathScanner     : Found resource: db/migration/V1__create_tables.sql
2024-06-12T14:28:32.271+03:00 DEBUG 12012 --- [URL Shortener] [           main] o.f.c.i.s.classpath.ClassPathScanner     : Found resource: db/migration/V2__populate_roles.sql
2024-06-12T14:28:32.271+03:00 DEBUG 12012 --- [URL Shortener] [           main] o.f.c.i.s.classpath.ClassPathScanner     : Scanning for classes at classpath:db/migration
2024-06-12T14:28:32.271+03:00 DEBUG 12012 --- [URL Shortener] [           main] o.f.c.i.resource.ResourceNameValidator   : Validating V2__populate_roles.sql
2024-06-12T14:28:32.271+03:00 DEBUG 12012 --- [URL Shortener] [           main] o.s.j.datasource.SimpleDriverDataSource  : Creating new JDBC Driver Connection to [jdbc:postgresql://localhost:2024/url_shortener]
2024-06-12T14:28:32.271+03:00 DEBUG 12012 --- [URL Shortener] [           main] org.postgresql.Driver                    : Loading driver configuration via classloader jdk.internal.loader.ClassLoaders$AppClassLoader@33909752
2024-06-12T14:28:32.272+03:00 DEBUG 12012 --- [URL Shortener] [           main] org.postgresql.Driver                    : Connecting with URL: jdbc:postgresql://localhost:2024/url_shortener
2024-06-12T14:28:32.272+03:00 DEBUG 12012 --- [URL Shortener] [           main] org.postgresql.jdbc.PgConnection         : PostgreSQL JDBC Driver 42.7.3
2024-06-12T14:28:32.272+03:00 DEBUG 12012 --- [URL Shortener] [           main] org.postgresql.jdbc.PgConnection         :   setDefaultFetchSize = 0
2024-06-12T14:28:32.272+03:00 DEBUG 12012 --- [URL Shortener] [           main] org.postgresql.jdbc.PgConnection         :   setPrepareThreshold = 5
2024-06-12T14:28:32.272+03:00 DEBUG 12012 --- [URL Shortener] [           main] o.p.core.v3.ConnectionFactoryImpl        : Trying to establish a protocol version 3 connection to localhost:2024
2024-06-12T14:28:32.273+03:00 DEBUG 12012 --- [URL Shortener] [           main] o.p.core.v3.ConnectionFactoryImpl        : Receive Buffer Size is 65 536
2024-06-12T14:28:32.273+03:00 DEBUG 12012 --- [URL Shortener] [           main] o.p.core.v3.ConnectionFactoryImpl        : Send Buffer Size is 65 536
2024-06-12T14:28:32.377+03:00 DEBUG 12012 --- [URL Shortener] [           main] o.f.c.i.resource.ResourceNameValidator   : Validating V1__create_tables.sql
2024-06-12T14:28:32.377+03:00 DEBUG 12012 --- [URL Shortener] [           main] o.s.j.datasource.SimpleDriverDataSource  : Creating new JDBC Driver Connection to [jdbc:postgresql://localhost:2024/url_shortener]
2024-06-12T14:28:32.377+03:00 DEBUG 12012 --- [URL Shortener] [           main] org.postgresql.Driver                    : Connecting with URL: jdbc:postgresql://localhost:2024/url_shortener
2024-06-12T14:28:32.377+03:00 DEBUG 12012 --- [URL Shortener] [           main] org.postgresql.jdbc.PgConnection         : PostgreSQL JDBC Driver 42.7.3
2024-06-12T14:28:32.377+03:00 DEBUG 12012 --- [URL Shortener] [           main] org.postgresql.jdbc.PgConnection         :   setDefaultFetchSize = 0
2024-06-12T14:28:32.377+03:00 DEBUG 12012 --- [URL Shortener] [           main] org.postgresql.jdbc.PgConnection         :   setPrepareThreshold = 5
2024-06-12T14:28:32.377+03:00 DEBUG 12012 --- [URL Shortener] [           main] o.p.core.v3.ConnectionFactoryImpl        : Trying to establish a protocol version 3 connection to localhost:2024
2024-06-12T14:28:32.378+03:00 DEBUG 12012 --- [URL Shortener] [           main] o.p.core.v3.ConnectionFactoryImpl        : Receive Buffer Size is 65 536
2024-06-12T14:28:32.378+03:00 DEBUG 12012 --- [URL Shortener] [           main] o.p.core.v3.ConnectionFactoryImpl        : Send Buffer Size is 65 536
2024-06-12T14:28:32.431+03:00  INFO 12012 --- [URL Shortener] [           main] org.flywaydb.core.FlywayExecutor         : Database: jdbc:postgresql://localhost:2024/url_shortener (PostgreSQL 16.2)
2024-06-12T14:28:32.432+03:00 DEBUG 12012 --- [URL Shortener] [           main] org.flywaydb.core.FlywayExecutor         : Driver: PostgreSQL JDBC Driver 42.7.3
2024-06-12T14:28:32.432+03:00 DEBUG 12012 --- [URL Shortener] [           main] org.flywaydb.core.FlywayExecutor         : DDL Transactions Supported: true
2024-06-12T14:28:32.433+03:00 DEBUG 12012 --- [URL Shortener] [           main] o.f.c.i.s.SchemaHistoryFactory           : Schemas: 
2024-06-12T14:28:32.433+03:00 DEBUG 12012 --- [URL Shortener] [           main] o.f.c.i.s.SchemaHistoryFactory           : Default schema: null
2024-06-12T14:28:32.439+03:00 DEBUG 12012 --- [URL Shortener] [           main] o.f.c.i.c.SqlScriptCallbackFactory       : Scanning for SQL callbacks ...
2024-06-12T14:28:32.447+03:00 DEBUG 12012 --- [URL Shortener] [           main] o.f.core.internal.command.DbValidate     : Validating migrations ...
2024-06-12T14:28:32.448+03:00 DEBUG 12012 --- [URL Shortener] [           main] org.postgresql.jdbc.PgConnection         :   setAutoCommit = false
2024-06-12T14:28:32.450+03:00 DEBUG 12012 --- [URL Shortener] [           main] o.f.c.a.c.ClassicConfiguration           : CherryPickConfigurationExtension not found
2024-06-12T14:28:32.457+03:00 DEBUG 12012 --- [URL Shortener] [           main] o.f.core.internal.scanner.Scanner        : Filtering out resource: db/migration/V2__populate_roles.sql (filename: V2__populate_roles.sql)
2024-06-12T14:28:32.457+03:00 DEBUG 12012 --- [URL Shortener] [           main] o.f.core.internal.scanner.Scanner        : Filtering out resource: db/migration/V1__create_tables.sql (filename: V1__create_tables.sql)
2024-06-12T14:28:32.457+03:00 DEBUG 12012 --- [URL Shortener] [           main] o.f.core.internal.scanner.Scanner        : Filtering out resource: db/migration/V2__populate_roles.sql (filename: V2__populate_roles.sql)
2024-06-12T14:28:32.457+03:00 DEBUG 12012 --- [URL Shortener] [           main] o.f.core.internal.scanner.Scanner        : Filtering out resource: db/migration/V1__create_tables.sql (filename: V1__create_tables.sql)
2024-06-12T14:28:32.480+03:00 DEBUG 12012 --- [URL Shortener] [           main] org.postgresql.jdbc.PgConnection         :   setAutoCommit = true
2024-06-12T14:28:32.481+03:00  INFO 12012 --- [URL Shortener] [           main] o.f.core.internal.command.DbValidate     : Successfully validated 2 migrations (execution time 00:00.032s)
2024-06-12T14:28:32.483+03:00 DEBUG 12012 --- [URL Shortener] [           main] org.postgresql.jdbc.PgConnection         :   setAutoCommit = false
2024-06-12T14:28:32.484+03:00 DEBUG 12012 --- [URL Shortener] [           main] o.f.core.internal.command.DbSchemas      : Skipping creation of existing schema: "public"
2024-06-12T14:28:32.484+03:00 DEBUG 12012 --- [URL Shortener] [           main] org.postgresql.jdbc.PgConnection         :   setAutoCommit = true
2024-06-12T14:28:32.486+03:00 DEBUG 12012 --- [URL Shortener] [           main] o.s.j.datasource.SimpleDriverDataSource  : Creating new JDBC Driver Connection to [jdbc:postgresql://localhost:2024/url_shortener]
2024-06-12T14:28:32.487+03:00 DEBUG 12012 --- [URL Shortener] [           main] org.postgresql.Driver                    : Connecting with URL: jdbc:postgresql://localhost:2024/url_shortener
2024-06-12T14:28:32.487+03:00 DEBUG 12012 --- [URL Shortener] [           main] org.postgresql.jdbc.PgConnection         : PostgreSQL JDBC Driver 42.7.3
2024-06-12T14:28:32.487+03:00 DEBUG 12012 --- [URL Shortener] [           main] org.postgresql.jdbc.PgConnection         :   setDefaultFetchSize = 0
2024-06-12T14:28:32.487+03:00 DEBUG 12012 --- [URL Shortener] [           main] org.postgresql.jdbc.PgConnection         :   setPrepareThreshold = 5
2024-06-12T14:28:32.487+03:00 DEBUG 12012 --- [URL Shortener] [           main] o.p.core.v3.ConnectionFactoryImpl        : Trying to establish a protocol version 3 connection to localhost:2024
2024-06-12T14:28:32.488+03:00 DEBUG 12012 --- [URL Shortener] [           main] o.p.core.v3.ConnectionFactoryImpl        : Receive Buffer Size is 65 536
2024-06-12T14:28:32.488+03:00 DEBUG 12012 --- [URL Shortener] [           main] o.p.core.v3.ConnectionFactoryImpl        : Send Buffer Size is 65 536
2024-06-12T14:28:32.537+03:00 DEBUG 12012 --- [URL Shortener] [           main] org.postgresql.jdbc.PgConnection         :   setAutoCommit = false
2024-06-12T14:28:32.539+03:00 DEBUG 12012 --- [URL Shortener] [           main] o.f.c.a.c.ClassicConfiguration           : CherryPickConfigurationExtension not found
2024-06-12T14:28:32.540+03:00  INFO 12012 --- [URL Shortener] [           main] o.f.core.internal.command.DbMigrate      : Current version of schema "public": 2
2024-06-12T14:28:32.541+03:00 DEBUG 12012 --- [URL Shortener] [           main] org.postgresql.jdbc.PgConnection         :   setAutoCommit = true
2024-06-12T14:28:32.542+03:00  INFO 12012 --- [URL Shortener] [           main] o.f.core.internal.command.DbMigrate      : Schema "public" is up to date. No migration necessary.
2024-06-12T14:28:32.543+03:00 DEBUG 12012 --- [URL Shortener] [           main] org.postgresql.jdbc.PgConnection         :   setAutoCommit = false
2024-06-12T14:28:32.544+03:00 DEBUG 12012 --- [URL Shortener] [           main] org.postgresql.jdbc.PgConnection         :   setAutoCommit = true
2024-06-12T14:28:32.545+03:00 DEBUG 12012 --- [URL Shortener] [           main] org.postgresql.jdbc.PgConnection         :   setAutoCommit = false
2024-06-12T14:28:32.545+03:00 DEBUG 12012 --- [URL Shortener] [           main] org.postgresql.jdbc.PgConnection         :   setAutoCommit = true
2024-06-12T14:28:32.548+03:00 DEBUG 12012 --- [URL Shortener] [           main] org.flywaydb.core.FlywayExecutor         : Memory usage: 56 of 82M
2024-06-12T14:28:32.549+03:00 DEBUG 12012 --- [URL Shortener] [           main] o.s.b.f.s.DefaultListableBeanFactory     : Creating shared instance of singleton bean 'dataSourceScriptDatabaseInitializer'
2024-06-12T14:28:32.549+03:00 DEBUG 12012 --- [URL Shortener] [           main] o.s.b.f.s.DefaultListableBeanFactory     : Creating shared instance of singleton bean 'org.springframework.boot.autoconfigure.sql.init.DataSourceInitializationConfiguration'
2024-06-12T14:28:32.550+03:00 DEBUG 12012 --- [URL Shortener] [           main] o.s.b.f.s.DefaultListableBeanFactory     : Creating shared instance of singleton bean 'spring.sql.init-org.springframework.boot.autoconfigure.sql.init.SqlInitializationProperties'
2024-06-12T14:28:32.552+03:00 DEBUG 12012 --- [URL Shortener] [           main] o.s.b.f.s.DefaultListableBeanFactory     : Autowiring by type from bean name 'dataSourceScriptDatabaseInitializer' via factory method to bean named 'dataSource'
2024-06-12T14:28:32.552+03:00 DEBUG 12012 --- [URL Shortener] [           main] o.s.b.f.s.DefaultListableBeanFactory     : Autowiring by type from bean name 'dataSourceScriptDatabaseInitializer' via factory method to bean named 'spring.sql.init-org.springframework.boot.autoconfigure.sql.init.SqlInitializationProperties'
2024-06-12T14:28:32.556+03:00 DEBUG 12012 --- [URL Shortener] [           main] o.s.b.f.s.DefaultListableBeanFactory     : Creating shared instance of singleton bean 'entityManagerFactory'
2024-06-12T14:28:32.556+03:00 DEBUG 12012 --- [URL Shortener] [           main] o.s.b.f.s.DefaultListableBeanFactory     : Creating shared instance of singleton bean 'org.springframework.boot.autoconfigure.orm.jpa.HibernateJpaConfiguration'
2024-06-12T14:28:32.557+03:00 DEBUG 12012 --- [URL Shortener] [           main] o.s.b.f.s.DefaultListableBeanFactory     : Creating shared instance of singleton bean 'spring.jpa-org.springframework.boot.autoconfigure.orm.jpa.JpaProperties'
2024-06-12T14:28:32.559+03:00 DEBUG 12012 --- [URL Shortener] [           main] o.s.b.f.s.DefaultListableBeanFactory     : Creating shared instance of singleton bean 'spring.jpa.hibernate-org.springframework.boot.autoconfigure.orm.jpa.HibernateProperties'
2024-06-12T14:28:32.561+03:00 DEBUG 12012 --- [URL Shortener] [           main] o.s.b.f.s.DefaultListableBeanFactory     : Autowiring by type from bean name 'org.springframework.boot.autoconfigure.orm.jpa.HibernateJpaConfiguration' via constructor to bean named 'dataSource'
2024-06-12T14:28:32.561+03:00 DEBUG 12012 --- [URL Shortener] [           main] o.s.b.f.s.DefaultListableBeanFactory     : Autowiring by type from bean name 'org.springframework.boot.autoconfigure.orm.jpa.HibernateJpaConfiguration' via constructor to bean named 'spring.jpa-org.springframework.boot.autoconfigure.orm.jpa.JpaProperties'
2024-06-12T14:28:32.561+03:00 DEBUG 12012 --- [URL Shortener] [           main] o.s.b.f.s.DefaultListableBeanFactory     : Autowiring by type from bean name 'org.springframework.boot.autoconfigure.orm.jpa.HibernateJpaConfiguration' via constructor to bean named 'org.springframework.beans.factory.support.DefaultListableBeanFactory@10280879'
2024-06-12T14:28:32.561+03:00 DEBUG 12012 --- [URL Shortener] [           main] o.s.b.f.s.DefaultListableBeanFactory     : Autowiring by type from bean name 'org.springframework.boot.autoconfigure.orm.jpa.HibernateJpaConfiguration' via constructor to bean named 'spring.jpa.hibernate-org.springframework.boot.autoconfigure.orm.jpa.HibernateProperties'
2024-06-12T14:28:32.565+03:00 DEBUG 12012 --- [URL Shortener] [           main] o.s.b.f.s.DefaultListableBeanFactory     : Creating shared instance of singleton bean 'hikariPoolDataSourceMetadataProvider'
2024-06-12T14:28:32.565+03:00 DEBUG 12012 --- [URL Shortener] [           main] o.s.b.f.s.DefaultListableBeanFactory     : Creating shared instance of singleton bean 'org.springframework.boot.autoconfigure.jdbc.metadata.DataSourcePoolMetadataProvidersConfiguration$HikariPoolDataSourceMetadataProviderConfiguration'
2024-06-12T14:28:32.569+03:00 DEBUG 12012 --- [URL Shortener] [           main] o.s.b.f.s.DefaultListableBeanFactory     : Creating shared instance of singleton bean 'entityManagerFactoryBuilder'
2024-06-12T14:28:32.570+03:00 DEBUG 12012 --- [URL Shortener] [           main] o.s.b.f.s.DefaultListableBeanFactory     : Creating shared instance of singleton bean 'jpaVendorAdapter'
2024-06-12T14:28:32.581+03:00 DEBUG 12012 --- [URL Shortener] [           main] org.jboss.logging                        : Logging Provider: org.jboss.logging.Slf4jLoggerProvider found via system property
2024-06-12T14:28:32.585+03:00 DEBUG 12012 --- [URL Shortener] [           main] o.s.b.f.s.DefaultListableBeanFactory     : Autowiring by type from bean name 'entityManagerFactoryBuilder' via factory method to bean named 'jpaVendorAdapter'
2024-06-12T14:28:32.588+03:00 DEBUG 12012 --- [URL Shortener] [           main] o.s.b.f.s.DefaultListableBeanFactory     : Creating shared instance of singleton bean 'persistenceManagedTypes'
2024-06-12T14:28:32.589+03:00 DEBUG 12012 --- [URL Shortener] [           main] o.s.b.f.s.DefaultListableBeanFactory     : Autowiring by type from bean name 'persistenceManagedTypes' via factory method to bean named 'org.springframework.beans.factory.support.DefaultListableBeanFactory@10280879'
2024-06-12T14:28:32.589+03:00 DEBUG 12012 --- [URL Shortener] [           main] o.s.b.f.s.DefaultListableBeanFactory     : Autowiring by type from bean name 'persistenceManagedTypes' via factory method to bean named 'org.springframework.web.context.support.GenericWebApplicationContext@684430c1'
2024-06-12T14:28:32.597+03:00 DEBUG 12012 --- [URL Shortener] [           main] o.s.b.f.s.DefaultListableBeanFactory     : Autowiring by type from bean name 'entityManagerFactory' via factory method to bean named 'entityManagerFactoryBuilder'
2024-06-12T14:28:32.597+03:00 DEBUG 12012 --- [URL Shortener] [           main] o.s.b.f.s.DefaultListableBeanFactory     : Autowiring by type from bean name 'entityManagerFactory' via factory method to bean named 'persistenceManagedTypes'
2024-06-12T14:28:32.608+03:00 DEBUG 12012 --- [URL Shortener] [           main] o.s.jdbc.datasource.DataSourceUtils      : Fetching JDBC Connection from DataSource
2024-06-12T14:28:32.608+03:00 DEBUG 12012 --- [URL Shortener] [           main] com.zaxxer.hikari.HikariConfig           : HikariPool-1 - configuration:
2024-06-12T14:28:32.610+03:00 DEBUG 12012 --- [URL Shortener] [           main] com.zaxxer.hikari.HikariConfig           : allowPoolSuspension.............false
2024-06-12T14:28:32.611+03:00 DEBUG 12012 --- [URL Shortener] [           main] com.zaxxer.hikari.HikariConfig           : autoCommit......................true
2024-06-12T14:28:32.611+03:00 DEBUG 12012 --- [URL Shortener] [           main] com.zaxxer.hikari.HikariConfig           : catalog.........................none
2024-06-12T14:28:32.611+03:00 DEBUG 12012 --- [URL Shortener] [           main] com.zaxxer.hikari.HikariConfig           : connectionInitSql...............none
2024-06-12T14:28:32.611+03:00 DEBUG 12012 --- [URL Shortener] [           main] com.zaxxer.hikari.HikariConfig           : connectionTestQuery.............none
2024-06-12T14:28:32.612+03:00 DEBUG 12012 --- [URL Shortener] [           main] com.zaxxer.hikari.HikariConfig           : connectionTimeout...............30000
2024-06-12T14:28:32.612+03:00 DEBUG 12012 --- [URL Shortener] [           main] com.zaxxer.hikari.HikariConfig           : dataSource......................none
2024-06-12T14:28:32.612+03:00 DEBUG 12012 --- [URL Shortener] [           main] com.zaxxer.hikari.HikariConfig           : dataSourceClassName.............none
2024-06-12T14:28:32.612+03:00 DEBUG 12012 --- [URL Shortener] [           main] com.zaxxer.hikari.HikariConfig           : dataSourceJNDI..................none
2024-06-12T14:28:32.613+03:00 DEBUG 12012 --- [URL Shortener] [           main] com.zaxxer.hikari.HikariConfig           : dataSourceProperties............{password=<masked>}
2024-06-12T14:28:32.613+03:00 DEBUG 12012 --- [URL Shortener] [           main] com.zaxxer.hikari.HikariConfig           : driverClassName................."org.postgresql.Driver"
2024-06-12T14:28:32.613+03:00 DEBUG 12012 --- [URL Shortener] [           main] com.zaxxer.hikari.HikariConfig           : exceptionOverrideClassName......none
2024-06-12T14:28:32.613+03:00 DEBUG 12012 --- [URL Shortener] [           main] com.zaxxer.hikari.HikariConfig           : healthCheckProperties...........{}
2024-06-12T14:28:32.613+03:00 DEBUG 12012 --- [URL Shortener] [           main] com.zaxxer.hikari.HikariConfig           : healthCheckRegistry.............none
2024-06-12T14:28:32.613+03:00 DEBUG 12012 --- [URL Shortener] [           main] com.zaxxer.hikari.HikariConfig           : idleTimeout.....................600000
2024-06-12T14:28:32.613+03:00 DEBUG 12012 --- [URL Shortener] [           main] com.zaxxer.hikari.HikariConfig           : initializationFailTimeout.......1
2024-06-12T14:28:32.613+03:00 DEBUG 12012 --- [URL Shortener] [           main] com.zaxxer.hikari.HikariConfig           : isolateInternalQueries..........false
2024-06-12T14:28:32.613+03:00 DEBUG 12012 --- [URL Shortener] [           main] com.zaxxer.hikari.HikariConfig           : jdbcUrl.........................jdbc:postgresql://localhost:51206/testdb?loggerLevel=OFF
2024-06-12T14:28:32.614+03:00 DEBUG 12012 --- [URL Shortener] [           main] com.zaxxer.hikari.HikariConfig           : keepaliveTime...................0
2024-06-12T14:28:32.614+03:00 DEBUG 12012 --- [URL Shortener] [           main] com.zaxxer.hikari.HikariConfig           : leakDetectionThreshold..........0
2024-06-12T14:28:32.614+03:00 DEBUG 12012 --- [URL Shortener] [           main] com.zaxxer.hikari.HikariConfig           : maxLifetime.....................1800000
2024-06-12T14:28:32.614+03:00 DEBUG 12012 --- [URL Shortener] [           main] com.zaxxer.hikari.HikariConfig           : maximumPoolSize.................10
2024-06-12T14:28:32.614+03:00 DEBUG 12012 --- [URL Shortener] [           main] com.zaxxer.hikari.HikariConfig           : metricRegistry..................none
2024-06-12T14:28:32.615+03:00 DEBUG 12012 --- [URL Shortener] [           main] com.zaxxer.hikari.HikariConfig           : metricsTrackerFactory...........none
2024-06-12T14:28:32.615+03:00 DEBUG 12012 --- [URL Shortener] [           main] com.zaxxer.hikari.HikariConfig           : minimumIdle.....................10
2024-06-12T14:28:32.615+03:00 DEBUG 12012 --- [URL Shortener] [           main] com.zaxxer.hikari.HikariConfig           : password........................<masked>
2024-06-12T14:28:32.615+03:00 DEBUG 12012 --- [URL Shortener] [           main] com.zaxxer.hikari.HikariConfig           : poolName........................"HikariPool-1"
2024-06-12T14:28:32.615+03:00 DEBUG 12012 --- [URL Shortener] [           main] com.zaxxer.hikari.HikariConfig           : readOnly........................false
2024-06-12T14:28:32.615+03:00 DEBUG 12012 --- [URL Shortener] [           main] com.zaxxer.hikari.HikariConfig           : registerMbeans..................false
2024-06-12T14:28:32.616+03:00 DEBUG 12012 --- [URL Shortener] [           main] com.zaxxer.hikari.HikariConfig           : scheduledExecutor...............none
2024-06-12T14:28:32.616+03:00 DEBUG 12012 --- [URL Shortener] [           main] com.zaxxer.hikari.HikariConfig           : schema..........................none
2024-06-12T14:28:32.616+03:00 DEBUG 12012 --- [URL Shortener] [           main] com.zaxxer.hikari.HikariConfig           : threadFactory...................internal
2024-06-12T14:28:32.616+03:00 DEBUG 12012 --- [URL Shortener] [           main] com.zaxxer.hikari.HikariConfig           : transactionIsolation............default
2024-06-12T14:28:32.616+03:00 DEBUG 12012 --- [URL Shortener] [           main] com.zaxxer.hikari.HikariConfig           : username........................"testuser"
2024-06-12T14:28:32.616+03:00 DEBUG 12012 --- [URL Shortener] [           main] com.zaxxer.hikari.HikariConfig           : validationTimeout...............5000
2024-06-12T14:28:32.616+03:00  INFO 12012 --- [URL Shortener] [           main] com.zaxxer.hikari.HikariDataSource       : HikariPool-1 - Starting...
2024-06-12T14:28:32.650+03:00 DEBUG 12012 --- [URL Shortener] [           main] org.postgresql.Driver                    : Loading driver configuration via classloader jdk.internal.loader.ClassLoaders$AppClassLoader@33909752
2024-06-12T14:28:32.651+03:00 DEBUG 12012 --- [URL Shortener] [           main] org.postgresql.Driver                    : Connecting with URL: jdbc:postgresql://localhost:51206/testdb?loggerLevel=OFF
2024-06-12T14:28:32.651+03:00 DEBUG 12012 --- [URL Shortener] [           main] org.postgresql.jdbc.PgConnection         : PostgreSQL JDBC Driver 42.7.3
2024-06-12T14:28:32.651+03:00 DEBUG 12012 --- [URL Shortener] [           main] org.postgresql.jdbc.PgConnection         :   setDefaultFetchSize = 0
2024-06-12T14:28:32.651+03:00 DEBUG 12012 --- [URL Shortener] [           main] org.postgresql.jdbc.PgConnection         :   setPrepareThreshold = 5
2024-06-12T14:28:32.651+03:00 DEBUG 12012 --- [URL Shortener] [           main] o.p.core.v3.ConnectionFactoryImpl        : Trying to establish a protocol version 3 connection to localhost:51206
2024-06-12T14:28:32.655+03:00 DEBUG 12012 --- [URL Shortener] [           main] o.p.core.v3.ConnectionFactoryImpl        : Receive Buffer Size is 65 536
2024-06-12T14:28:32.655+03:00 DEBUG 12012 --- [URL Shortener] [           main] o.p.core.v3.ConnectionFactoryImpl        : Send Buffer Size is 65 536
2024-06-12T14:28:32.681+03:00  INFO 12012 --- [URL Shortener] [           main] com.zaxxer.hikari.pool.HikariPool        : HikariPool-1 - Added connection org.postgresql.jdbc.PgConnection@7b9f7087
2024-06-12T14:28:32.683+03:00  INFO 12012 --- [URL Shortener] [           main] com.zaxxer.hikari.HikariDataSource       : HikariPool-1 - Start completed.
2024-06-12T14:28:32.718+03:00 DEBUG 12012 --- [URL Shortener] [           main] j.LocalContainerEntityManagerFactoryBean : Building JPA container EntityManagerFactory for persistence unit 'default'
2024-06-12T14:28:32.738+03:00 DEBUG 12012 --- [URL Shortener] [           main] o.hibernate.jpa.internal.util.LogHelper  : PersistenceUnitInfo [
	name: default
	persistence provider classname: null
	classloader: jdk.internal.loader.ClassLoaders$AppClassLoader@33909752
	excludeUnlistedClasses: true
	JTA datasource: null
	Non JTA datasource: HikariDataSource (HikariPool-1)
	Transaction type: RESOURCE_LOCAL
	PU root URL: file:/H:/WORK/URL-Shortener/target/test-classes/
	Shared Cache Mode: UNSPECIFIED
	Validation Mode: AUTO
	Jar files URLs []
	Managed classes names [
		com.example.role.Role
		com.example.url_profile.UrlProfile
		com.example.url_view.UrlView
		com.example.user.User]
	Mapping files names []
	Properties []
2024-06-12T14:28:32.754+03:00 DEBUG 12012 --- [URL Shortener] [           main] o.h.i.internal.IntegratorServiceImpl     : Adding Integrator [org.hibernate.boot.beanvalidation.BeanValidationIntegrator].
2024-06-12T14:28:32.755+03:00 DEBUG 12012 --- [URL Shortener] [           main] o.h.i.internal.IntegratorServiceImpl     : Adding Integrator [org.hibernate.cache.internal.CollectionCacheInvalidator].
2024-06-12T14:28:32.794+03:00 DEBUG 12012 --- [URL Shortener] [l-1 housekeeper] com.zaxxer.hikari.pool.HikariPool        : HikariPool-1 - Pool stats (total=1, active=0, idle=1, waiting=0)
2024-06-12T14:28:32.794+03:00  INFO 12012 --- [URL Shortener] [           main] org.hibernate.Version                    : HHH000412: Hibernate ORM core version 6.5.2.Final
2024-06-12T14:28:32.794+03:00 DEBUG 12012 --- [URL Shortener] [onnection adder] org.postgresql.Driver                    : Connecting with URL: jdbc:postgresql://localhost:51206/testdb?loggerLevel=OFF
2024-06-12T14:28:32.795+03:00 DEBUG 12012 --- [URL Shortener] [onnection adder] org.postgresql.jdbc.PgConnection         : PostgreSQL JDBC Driver 42.7.3
2024-06-12T14:28:32.795+03:00 DEBUG 12012 --- [URL Shortener] [onnection adder] org.postgresql.jdbc.PgConnection         :   setDefaultFetchSize = 0
2024-06-12T14:28:32.795+03:00 DEBUG 12012 --- [URL Shortener] [onnection adder] org.postgresql.jdbc.PgConnection         :   setPrepareThreshold = 5
2024-06-12T14:28:32.795+03:00 DEBUG 12012 --- [URL Shortener] [onnection adder] o.p.core.v3.ConnectionFactoryImpl        : Trying to establish a protocol version 3 connection to localhost:51206
2024-06-12T14:28:32.796+03:00 DEBUG 12012 --- [URL Shortener] [onnection adder] o.p.core.v3.ConnectionFactoryImpl        : Receive Buffer Size is 65 536
2024-06-12T14:28:32.796+03:00 DEBUG 12012 --- [URL Shortener] [onnection adder] o.p.core.v3.ConnectionFactoryImpl        : Send Buffer Size is 65 536
2024-06-12T14:28:32.797+03:00 DEBUG 12012 --- [URL Shortener] [           main] org.hibernate.cfg.Environment            : HHH000206: 'hibernate.properties' not found
2024-06-12T14:28:32.818+03:00 DEBUG 12012 --- [URL Shortener] [onnection adder] com.zaxxer.hikari.pool.HikariPool        : HikariPool-1 - Added connection org.postgresql.jdbc.PgConnection@7a8de485
2024-06-12T14:28:32.829+03:00 DEBUG 12012 --- [URL Shortener] [           main] org.hibernate.orm.idgen.factory          : Registering IdentifierGenerator strategy [uuid2] -> [org.hibernate.id.UUIDGenerator]
2024-06-12T14:28:32.829+03:00 DEBUG 12012 --- [URL Shortener] [           main] org.hibernate.orm.idgen.factory          : Registering IdentifierGenerator strategy [guid] -> [org.hibernate.id.GUIDGenerator]
2024-06-12T14:28:32.830+03:00 DEBUG 12012 --- [URL Shortener] [           main] org.hibernate.orm.idgen.factory          : Registering IdentifierGenerator strategy [uuid] -> [org.hibernate.id.UUIDHexGenerator]
2024-06-12T14:28:32.830+03:00 DEBUG 12012 --- [URL Shortener] [           main] org.hibernate.orm.idgen.factory          : Registering IdentifierGenerator strategy [uuid.hex] -> [org.hibernate.id.UUIDHexGenerator]
2024-06-12T14:28:32.830+03:00 DEBUG 12012 --- [URL Shortener] [           main] org.hibernate.orm.idgen.factory          : Registering IdentifierGenerator strategy [assigned] -> [org.hibernate.id.Assigned]
2024-06-12T14:28:32.832+03:00 DEBUG 12012 --- [URL Shortener] [           main] org.hibernate.orm.idgen.factory          : Registering IdentifierGenerator strategy [identity] -> [org.hibernate.id.IdentityGenerator]
2024-06-12T14:28:32.832+03:00 DEBUG 12012 --- [URL Shortener] [           main] org.hibernate.orm.idgen.factory          : Registering IdentifierGenerator strategy [select] -> [org.hibernate.id.SelectGenerator]
2024-06-12T14:28:32.833+03:00 DEBUG 12012 --- [URL Shortener] [           main] org.hibernate.orm.idgen.factory          : Registering IdentifierGenerator strategy [sequence] -> [org.hibernate.id.enhanced.SequenceStyleGenerator]
2024-06-12T14:28:32.834+03:00 DEBUG 12012 --- [URL Shortener] [           main] org.hibernate.orm.idgen.factory          : Registering IdentifierGenerator strategy [increment] -> [org.hibernate.id.IncrementGenerator]
2024-06-12T14:28:32.834+03:00 DEBUG 12012 --- [URL Shortener] [           main] org.hibernate.orm.idgen.factory          : Registering IdentifierGenerator strategy [foreign] -> [org.hibernate.id.ForeignGenerator]
2024-06-12T14:28:32.834+03:00 DEBUG 12012 --- [URL Shortener] [           main] org.hibernate.orm.idgen.factory          : Registering IdentifierGenerator strategy [enhanced-sequence] -> [org.hibernate.id.enhanced.SequenceStyleGenerator]
2024-06-12T14:28:32.835+03:00 DEBUG 12012 --- [URL Shortener] [           main] org.hibernate.orm.idgen.factory          : Registering IdentifierGenerator strategy [enhanced-table] -> [org.hibernate.id.enhanced.TableGenerator]
2024-06-12T14:28:32.844+03:00 DEBUG 12012 --- [URL Shortener] [           main] o.h.c.internal.RegionFactoryInitiator    : Cannot default RegionFactory based on registered strategies as `[]` RegionFactory strategies were registered
2024-06-12T14:28:32.845+03:00  INFO 12012 --- [URL Shortener] [           main] o.h.c.internal.RegionFactoryInitiator    : HHH000026: Second-level cache disabled
2024-06-12T14:28:32.856+03:00 DEBUG 12012 --- [URL Shortener] [onnection adder] com.zaxxer.hikari.pool.HikariPool        : HikariPool-1 - After adding stats (total=2, active=0, idle=2, waiting=0)
2024-06-12T14:28:32.856+03:00 DEBUG 12012 --- [URL Shortener] [onnection adder] org.postgresql.Driver                    : Connecting with URL: jdbc:postgresql://localhost:51206/testdb?loggerLevel=OFF
2024-06-12T14:28:32.856+03:00 DEBUG 12012 --- [URL Shortener] [onnection adder] org.postgresql.jdbc.PgConnection         : PostgreSQL JDBC Driver 42.7.3
2024-06-12T14:28:32.856+03:00 DEBUG 12012 --- [URL Shortener] [onnection adder] org.postgresql.jdbc.PgConnection         :   setDefaultFetchSize = 0
2024-06-12T14:28:32.856+03:00 DEBUG 12012 --- [URL Shortener] [onnection adder] org.postgresql.jdbc.PgConnection         :   setPrepareThreshold = 5
2024-06-12T14:28:32.856+03:00 DEBUG 12012 --- [URL Shortener] [onnection adder] o.p.core.v3.ConnectionFactoryImpl        : Trying to establish a protocol version 3 connection to localhost:51206
2024-06-12T14:28:32.857+03:00 DEBUG 12012 --- [URL Shortener] [onnection adder] o.p.core.v3.ConnectionFactoryImpl        : Receive Buffer Size is 65 536
2024-06-12T14:28:32.858+03:00 DEBUG 12012 --- [URL Shortener] [onnection adder] o.p.core.v3.ConnectionFactoryImpl        : Send Buffer Size is 65 536
2024-06-12T14:28:32.874+03:00 DEBUG 12012 --- [URL Shortener] [onnection adder] com.zaxxer.hikari.pool.HikariPool        : HikariPool-1 - Added connection org.postgresql.jdbc.PgConnection@744a05a4
2024-06-12T14:28:32.919+03:00 DEBUG 12012 --- [URL Shortener] [onnection adder] com.zaxxer.hikari.pool.HikariPool        : HikariPool-1 - After adding stats (total=3, active=0, idle=3, waiting=0)
2024-06-12T14:28:32.919+03:00 DEBUG 12012 --- [URL Shortener] [onnection adder] org.postgresql.Driver                    : Connecting with URL: jdbc:postgresql://localhost:51206/testdb?loggerLevel=OFF
2024-06-12T14:28:32.919+03:00 DEBUG 12012 --- [URL Shortener] [onnection adder] org.postgresql.jdbc.PgConnection         : PostgreSQL JDBC Driver 42.7.3
2024-06-12T14:28:32.919+03:00 DEBUG 12012 --- [URL Shortener] [onnection adder] org.postgresql.jdbc.PgConnection         :   setDefaultFetchSize = 0
2024-06-12T14:28:32.919+03:00 DEBUG 12012 --- [URL Shortener] [onnection adder] org.postgresql.jdbc.PgConnection         :   setPrepareThreshold = 5
2024-06-12T14:28:32.919+03:00 DEBUG 12012 --- [URL Shortener] [onnection adder] o.p.core.v3.ConnectionFactoryImpl        : Trying to establish a protocol version 3 connection to localhost:51206
2024-06-12T14:28:32.920+03:00 DEBUG 12012 --- [URL Shortener] [onnection adder] o.p.core.v3.ConnectionFactoryImpl        : Receive Buffer Size is 65 536
2024-06-12T14:28:32.921+03:00 DEBUG 12012 --- [URL Shortener] [onnection adder] o.p.core.v3.ConnectionFactoryImpl        : Send Buffer Size is 65 536
2024-06-12T14:28:32.936+03:00 DEBUG 12012 --- [URL Shortener] [onnection adder] com.zaxxer.hikari.pool.HikariPool        : HikariPool-1 - Added connection org.postgresql.jdbc.PgConnection@70758ff5
2024-06-12T14:28:32.938+03:00 DEBUG 12012 --- [URL Shortener] [           main] org.hibernate.type.BasicTypeRegistry     : Adding type registration boolean -> org.hibernate.type.BasicTypeReference@25bd68ea
2024-06-12T14:28:32.938+03:00 DEBUG 12012 --- [URL Shortener] [           main] org.hibernate.type.BasicTypeRegistry     : Adding type registration boolean -> org.hibernate.type.BasicTypeReference@25bd68ea
2024-06-12T14:28:32.938+03:00 DEBUG 12012 --- [URL Shortener] [           main] org.hibernate.type.BasicTypeRegistry     : Adding type registration java.lang.Boolean -> org.hibernate.type.BasicTypeReference@25bd68ea
2024-06-12T14:28:32.938+03:00 DEBUG 12012 --- [URL Shortener] [           main] org.hibernate.type.BasicTypeRegistry     : Adding type registration numeric_boolean -> org.hibernate.type.BasicTypeReference@7915111a
2024-06-12T14:28:32.938+03:00 DEBUG 12012 --- [URL Shortener] [           main] org.hibernate.type.BasicTypeRegistry     : Adding type registration org.hibernate.type.NumericBooleanConverter -> org.hibernate.type.BasicTypeReference@7915111a
2024-06-12T14:28:32.938+03:00 DEBUG 12012 --- [URL Shortener] [           main] org.hibernate.type.BasicTypeRegistry     : Adding type registration true_false -> org.hibernate.type.BasicTypeReference@37aec9b
2024-06-12T14:28:32.938+03:00 DEBUG 12012 --- [URL Shortener] [           main] org.hibernate.type.BasicTypeRegistry     : Adding type registration org.hibernate.type.TrueFalseConverter -> org.hibernate.type.BasicTypeReference@37aec9b
2024-06-12T14:28:32.938+03:00 DEBUG 12012 --- [URL Shortener] [           main] org.hibernate.type.BasicTypeRegistry     : Adding type registration yes_no -> org.hibernate.type.BasicTypeReference@34538ffe
2024-06-12T14:28:32.938+03:00 DEBUG 12012 --- [URL Shortener] [           main] org.hibernate.type.BasicTypeRegistry     : Adding type registration org.hibernate.type.YesNoConverter -> org.hibernate.type.BasicTypeReference@34538ffe
2024-06-12T14:28:32.938+03:00 DEBUG 12012 --- [URL Shortener] [           main] org.hibernate.type.BasicTypeRegistry     : Adding type registration byte -> org.hibernate.type.BasicTypeReference@7ae75ba6
2024-06-12T14:28:32.938+03:00 DEBUG 12012 --- [URL Shortener] [           main] org.hibernate.type.BasicTypeRegistry     : Adding type registration byte -> org.hibernate.type.BasicTypeReference@7ae75ba6
2024-06-12T14:28:32.938+03:00 DEBUG 12012 --- [URL Shortener] [           main] org.hibernate.type.BasicTypeRegistry     : Adding type registration java.lang.Byte -> org.hibernate.type.BasicTypeReference@7ae75ba6
2024-06-12T14:28:32.938+03:00 DEBUG 12012 --- [URL Shortener] [           main] org.hibernate.type.BasicTypeRegistry     : Adding type registration binary -> org.hibernate.type.BasicTypeReference@2bab1821
2024-06-12T14:28:32.938+03:00 DEBUG 12012 --- [URL Shortener] [           main] org.hibernate.type.BasicTypeRegistry     : Adding type registration byte[] -> org.hibernate.type.BasicTypeReference@2bab1821
2024-06-12T14:28:32.938+03:00 DEBUG 12012 --- [URL Shortener] [           main] org.hibernate.type.BasicTypeRegistry     : Adding type registration [B -> org.hibernate.type.BasicTypeReference@2bab1821
2024-06-12T14:28:32.938+03:00 DEBUG 12012 --- [URL Shortener] [           main] org.hibernate.type.BasicTypeRegistry     : Adding type registration binary_wrapper -> org.hibernate.type.BasicTypeReference@7f6137fb
2024-06-12T14:28:32.938+03:00 DEBUG 12012 --- [URL Shortener] [           main] org.hibernate.type.BasicTypeRegistry     : Adding type registration wrapper-binary -> org.hibernate.type.BasicTypeReference@7f6137fb
2024-06-12T14:28:32.938+03:00 DEBUG 12012 --- [URL Shortener] [           main] org.hibernate.type.BasicTypeRegistry     : Adding type registration image -> org.hibernate.type.BasicTypeReference@57657b96
2024-06-12T14:28:32.938+03:00 DEBUG 12012 --- [URL Shortener] [           main] org.hibernate.type.BasicTypeRegistry     : Adding type registration blob -> org.hibernate.type.BasicTypeReference@179f30b7
2024-06-12T14:28:32.938+03:00 DEBUG 12012 --- [URL Shortener] [           main] org.hibernate.type.BasicTypeRegistry     : Adding type registration java.sql.Blob -> org.hibernate.type.BasicTypeReference@179f30b7
2024-06-12T14:28:32.938+03:00 DEBUG 12012 --- [URL Shortener] [           main] org.hibernate.type.BasicTypeRegistry     : Adding type registration materialized_blob -> org.hibernate.type.BasicTypeReference@64864875
2024-06-12T14:28:32.938+03:00 DEBUG 12012 --- [URL Shortener] [           main] org.hibernate.type.BasicTypeRegistry     : Adding type registration materialized_blob_wrapper -> org.hibernate.type.BasicTypeReference@12ae75f1
2024-06-12T14:28:32.938+03:00 DEBUG 12012 --- [URL Shortener] [           main] org.hibernate.type.BasicTypeRegistry     : Adding type registration short -> org.hibernate.type.BasicTypeReference@6eeb15f9
2024-06-12T14:28:32.938+03:00 DEBUG 12012 --- [URL Shortener] [           main] org.hibernate.type.BasicTypeRegistry     : Adding type registration short -> org.hibernate.type.BasicTypeReference@6eeb15f9
2024-06-12T14:28:32.938+03:00 DEBUG 12012 --- [URL Shortener] [           main] org.hibernate.type.BasicTypeRegistry     : Adding type registration java.lang.Short -> org.hibernate.type.BasicTypeReference@6eeb15f9
2024-06-12T14:28:32.938+03:00 DEBUG 12012 --- [URL Shortener] [           main] org.hibernate.type.BasicTypeRegistry     : Adding type registration integer -> org.hibernate.type.BasicTypeReference@1f8a1b
2024-06-12T14:28:32.938+03:00 DEBUG 12012 --- [URL Shortener] [           main] org.hibernate.type.BasicTypeRegistry     : Adding type registration int -> org.hibernate.type.BasicTypeReference@1f8a1b
2024-06-12T14:28:32.938+03:00 DEBUG 12012 --- [URL Shortener] [           main] org.hibernate.type.BasicTypeRegistry     : Adding type registration java.lang.Integer -> org.hibernate.type.BasicTypeReference@1f8a1b
2024-06-12T14:28:32.938+03:00 DEBUG 12012 --- [URL Shortener] [           main] org.hibernate.type.BasicTypeRegistry     : Adding type registration long -> org.hibernate.type.BasicTypeReference@568cbf8d
2024-06-12T14:28:32.938+03:00 DEBUG 12012 --- [URL Shortener] [           main] org.hibernate.type.BasicTypeRegistry     : Adding type registration long -> org.hibernate.type.BasicTypeReference@568cbf8d
2024-06-12T14:28:32.938+03:00 DEBUG 12012 --- [URL Shortener] [           main] org.hibernate.type.BasicTypeRegistry     : Adding type registration java.lang.Long -> org.hibernate.type.BasicTypeReference@568cbf8d
2024-06-12T14:28:32.938+03:00 DEBUG 12012 --- [URL Shortener] [           main] org.hibernate.type.BasicTypeRegistry     : Adding type registration float -> org.hibernate.type.BasicTypeReference@376c5950
2024-06-12T14:28:32.938+03:00 DEBUG 12012 --- [URL Shortener] [           main] org.hibernate.type.BasicTypeRegistry     : Adding type registration float -> org.hibernate.type.BasicTypeReference@376c5950
2024-06-12T14:28:32.938+03:00 DEBUG 12012 --- [URL Shortener] [           main] org.hibernate.type.BasicTypeRegistry     : Adding type registration java.lang.Float -> org.hibernate.type.BasicTypeReference@376c5950
2024-06-12T14:28:32.938+03:00 DEBUG 12012 --- [URL Shortener] [           main] org.hibernate.type.BasicTypeRegistry     : Adding type registration double -> org.hibernate.type.BasicTypeReference@11ec699
2024-06-12T14:28:32.938+03:00 DEBUG 12012 --- [URL Shortener] [           main] org.hibernate.type.BasicTypeRegistry     : Adding type registration double -> org.hibernate.type.BasicTypeReference@11ec699
2024-06-12T14:28:32.938+03:00 DEBUG 12012 --- [URL Shortener] [           main] org.hibernate.type.BasicTypeRegistry     : Adding type registration java.lang.Double -> org.hibernate.type.BasicTypeReference@11ec699
2024-06-12T14:28:32.938+03:00 DEBUG 12012 --- [URL Shortener] [           main] org.hibernate.type.BasicTypeRegistry     : Adding type registration big_integer -> org.hibernate.type.BasicTypeReference@7d2ddbf3
2024-06-12T14:28:32.938+03:00 DEBUG 12012 --- [URL Shortener] [           main] org.hibernate.type.BasicTypeRegistry     : Adding type registration java.math.BigInteger -> org.hibernate.type.BasicTypeReference@7d2ddbf3
2024-06-12T14:28:32.938+03:00 DEBUG 12012 --- [URL Shortener] [           main] org.hibernate.type.BasicTypeRegistry     : Adding type registration big_decimal -> org.hibernate.type.BasicTypeReference@4eee730c
2024-06-12T14:28:32.938+03:00 DEBUG 12012 --- [URL Shortener] [           main] org.hibernate.type.BasicTypeRegistry     : Adding type registration java.math.BigDecimal -> org.hibernate.type.BasicTypeReference@4eee730c
2024-06-12T14:28:32.938+03:00 DEBUG 12012 --- [URL Shortener] [           main] org.hibernate.type.BasicTypeRegistry     : Adding type registration character -> org.hibernate.type.BasicTypeReference@1b1d1558
2024-06-12T14:28:32.938+03:00 DEBUG 12012 --- [URL Shortener] [           main] org.hibernate.type.BasicTypeRegistry     : Adding type registration char -> org.hibernate.type.BasicTypeReference@1b1d1558
2024-06-12T14:28:32.938+03:00 DEBUG 12012 --- [URL Shortener] [           main] org.hibernate.type.BasicTypeRegistry     : Adding type registration java.lang.Character -> org.hibernate.type.BasicTypeReference@1b1d1558
2024-06-12T14:28:32.938+03:00 DEBUG 12012 --- [URL Shortener] [           main] org.hibernate.type.BasicTypeRegistry     : Adding type registration character_nchar -> org.hibernate.type.BasicTypeReference@6cc022ac
2024-06-12T14:28:32.938+03:00 DEBUG 12012 --- [URL Shortener] [           main] org.hibernate.type.BasicTypeRegistry     : Adding type registration string -> org.hibernate.type.BasicTypeReference@7f219e84
2024-06-12T14:28:32.938+03:00 DEBUG 12012 --- [URL Shortener] [           main] org.hibernate.type.BasicTypeRegistry     : Adding type registration java.lang.String -> org.hibernate.type.BasicTypeReference@7f219e84
2024-06-12T14:28:32.938+03:00 DEBUG 12012 --- [URL Shortener] [           main] org.hibernate.type.BasicTypeRegistry     : Adding type registration nstring -> org.hibernate.type.BasicTypeReference@42eaf47f
2024-06-12T14:28:32.938+03:00 DEBUG 12012 --- [URL Shortener] [           main] org.hibernate.type.BasicTypeRegistry     : Adding type registration characters -> org.hibernate.type.BasicTypeReference@312e8eaf
2024-06-12T14:28:32.938+03:00 DEBUG 12012 --- [URL Shortener] [           main] org.hibernate.type.BasicTypeRegistry     : Adding type registration char[] -> org.hibernate.type.BasicTypeReference@312e8eaf
2024-06-12T14:28:32.938+03:00 DEBUG 12012 --- [URL Shortener] [           main] org.hibernate.type.BasicTypeRegistry     : Adding type registration [C -> org.hibernate.type.BasicTypeReference@312e8eaf
2024-06-12T14:28:32.938+03:00 DEBUG 12012 --- [URL Shortener] [           main] org.hibernate.type.BasicTypeRegistry     : Adding type registration wrapper-characters -> org.hibernate.type.BasicTypeReference@5c960f64
2024-06-12T14:28:32.938+03:00 DEBUG 12012 --- [URL Shortener] [           main] org.hibernate.type.BasicTypeRegistry     : Adding type registration text -> org.hibernate.type.BasicTypeReference@2f307fcc
2024-06-12T14:28:32.939+03:00 DEBUG 12012 --- [URL Shortener] [           main] org.hibernate.type.BasicTypeRegistry     : Adding type registration ntext -> org.hibernate.type.BasicTypeReference@3aec2f59
2024-06-12T14:28:32.939+03:00 DEBUG 12012 --- [URL Shortener] [           main] org.hibernate.type.BasicTypeRegistry     : Adding type registration clob -> org.hibernate.type.BasicTypeReference@7f72855d
2024-06-12T14:28:32.939+03:00 DEBUG 12012 --- [URL Shortener] [           main] org.hibernate.type.BasicTypeRegistry     : Adding type registration java.sql.Clob -> org.hibernate.type.BasicTypeReference@7f72855d
2024-06-12T14:28:32.939+03:00 DEBUG 12012 --- [URL Shortener] [           main] org.hibernate.type.BasicTypeRegistry     : Adding type registration nclob -> org.hibernate.type.BasicTypeReference@13f358f8
2024-06-12T14:28:32.939+03:00 DEBUG 12012 --- [URL Shortener] [           main] org.hibernate.type.BasicTypeRegistry     : Adding type registration java.sql.NClob -> org.hibernate.type.BasicTypeReference@13f358f8
2024-06-12T14:28:32.939+03:00 DEBUG 12012 --- [URL Shortener] [           main] org.hibernate.type.BasicTypeRegistry     : Adding type registration materialized_clob -> org.hibernate.type.BasicTypeReference@3f119b55
2024-06-12T14:28:32.939+03:00 DEBUG 12012 --- [URL Shortener] [           main] org.hibernate.type.BasicTypeRegistry     : Adding type registration materialized_clob_char_array -> org.hibernate.type.BasicTypeReference@64dcfd09
2024-06-12T14:28:32.939+03:00 DEBUG 12012 --- [URL Shortener] [           main] org.hibernate.type.BasicTypeRegistry     : Adding type registration materialized_clob_character_array -> org.hibernate.type.BasicTypeReference@fefd4a2
2024-06-12T14:28:32.939+03:00 DEBUG 12012 --- [URL Shortener] [           main] org.hibernate.type.BasicTypeRegistry     : Adding type registration materialized_nclob -> org.hibernate.type.BasicTypeReference@6d2693f
2024-06-12T14:28:32.939+03:00 DEBUG 12012 --- [URL Shortener] [           main] org.hibernate.type.BasicTypeRegistry     : Adding type registration materialized_nclob_character_array -> org.hibernate.type.BasicTypeReference@352a8183
2024-06-12T14:28:32.939+03:00 DEBUG 12012 --- [URL Shortener] [           main] org.hibernate.type.BasicTypeRegistry     : Adding type registration materialized_nclob_char_array -> org.hibernate.type.BasicTypeReference@361d169a
2024-06-12T14:28:32.939+03:00 DEBUG 12012 --- [URL Shortener] [           main] org.hibernate.type.BasicTypeRegistry     : Adding type registration Duration -> org.hibernate.type.BasicTypeReference@47a68e3f
2024-06-12T14:28:32.939+03:00 DEBUG 12012 --- [URL Shortener] [           main] org.hibernate.type.BasicTypeRegistry     : Adding type registration java.time.Duration -> org.hibernate.type.BasicTypeReference@47a68e3f
2024-06-12T14:28:32.939+03:00 DEBUG 12012 --- [URL Shortener] [           main] org.hibernate.type.BasicTypeRegistry     : Adding type registration LocalDateTime -> org.hibernate.type.BasicTypeReference@52288c65
2024-06-12T14:28:32.939+03:00 DEBUG 12012 --- [URL Shortener] [           main] org.hibernate.type.BasicTypeRegistry     : Adding type registration java.time.LocalDateTime -> org.hibernate.type.BasicTypeReference@52288c65
2024-06-12T14:28:32.939+03:00 DEBUG 12012 --- [URL Shortener] [           main] org.hibernate.type.BasicTypeRegistry     : Adding type registration LocalDate -> org.hibernate.type.BasicTypeReference@33ef393a
2024-06-12T14:28:32.939+03:00 DEBUG 12012 --- [URL Shortener] [           main] org.hibernate.type.BasicTypeRegistry     : Adding type registration java.time.LocalDate -> org.hibernate.type.BasicTypeReference@33ef393a
2024-06-12T14:28:32.939+03:00 DEBUG 12012 --- [URL Shortener] [           main] org.hibernate.type.BasicTypeRegistry     : Adding type registration LocalTime -> org.hibernate.type.BasicTypeReference@6d18401b
2024-06-12T14:28:32.939+03:00 DEBUG 12012 --- [URL Shortener] [           main] org.hibernate.type.BasicTypeRegistry     : Adding type registration java.time.LocalTime -> org.hibernate.type.BasicTypeReference@6d18401b
2024-06-12T14:28:32.939+03:00 DEBUG 12012 --- [URL Shortener] [           main] org.hibernate.type.BasicTypeRegistry     : Adding type registration OffsetDateTime -> org.hibernate.type.BasicTypeReference@1ebcfcf1
2024-06-12T14:28:32.939+03:00 DEBUG 12012 --- [URL Shortener] [           main] org.hibernate.type.BasicTypeRegistry     : Adding type registration java.time.OffsetDateTime -> org.hibernate.type.BasicTypeReference@1ebcfcf1
2024-06-12T14:28:32.939+03:00 DEBUG 12012 --- [URL Shortener] [           main] org.hibernate.type.BasicTypeRegistry     : Adding type registration OffsetDateTimeWithTimezone -> org.hibernate.type.BasicTypeReference@8e100e7
2024-06-12T14:28:32.939+03:00 DEBUG 12012 --- [URL Shortener] [           main] org.hibernate.type.BasicTypeRegistry     : Adding type registration OffsetDateTimeWithoutTimezone -> org.hibernate.type.BasicTypeReference@420dde28
2024-06-12T14:28:32.939+03:00 DEBUG 12012 --- [URL Shortener] [           main] org.hibernate.type.BasicTypeRegistry     : Adding type registration OffsetTime -> org.hibernate.type.BasicTypeReference@6d3a56ea
2024-06-12T14:28:32.939+03:00 DEBUG 12012 --- [URL Shortener] [           main] org.hibernate.type.BasicTypeRegistry     : Adding type registration java.time.OffsetTime -> org.hibernate.type.BasicTypeReference@6d3a56ea
2024-06-12T14:28:32.939+03:00 DEBUG 12012 --- [URL Shortener] [           main] org.hibernate.type.BasicTypeRegistry     : Adding type registration OffsetTimeUtc -> org.hibernate.type.BasicTypeReference@141874c8
2024-06-12T14:28:32.939+03:00 DEBUG 12012 --- [URL Shortener] [           main] org.hibernate.type.BasicTypeRegistry     : Adding type registration OffsetTimeWithTimezone -> org.hibernate.type.BasicTypeReference@147ea894
2024-06-12T14:28:32.939+03:00 DEBUG 12012 --- [URL Shortener] [           main] org.hibernate.type.BasicTypeRegistry     : Adding type registration OffsetTimeWithoutTimezone -> org.hibernate.type.BasicTypeReference@38aed8ad
2024-06-12T14:28:32.939+03:00 DEBUG 12012 --- [URL Shortener] [           main] org.hibernate.type.BasicTypeRegistry     : Adding type registration ZonedDateTime -> org.hibernate.type.BasicTypeReference@79c4454
2024-06-12T14:28:32.939+03:00 DEBUG 12012 --- [URL Shortener] [           main] org.hibernate.type.BasicTypeRegistry     : Adding type registration java.time.ZonedDateTime -> org.hibernate.type.BasicTypeReference@79c4454
2024-06-12T14:28:32.939+03:00 DEBUG 12012 --- [URL Shortener] [           main] org.hibernate.type.BasicTypeRegistry     : Adding type registration ZonedDateTimeWithTimezone -> org.hibernate.type.BasicTypeReference@50f5ce5b
2024-06-12T14:28:32.939+03:00 DEBUG 12012 --- [URL Shortener] [           main] org.hibernate.type.BasicTypeRegistry     : Adding type registration ZonedDateTimeWithoutTimezone -> org.hibernate.type.BasicTypeReference@31aee6d9
2024-06-12T14:28:32.939+03:00 DEBUG 12012 --- [URL Shortener] [           main] org.hibernate.type.BasicTypeRegistry     : Adding type registration date -> org.hibernate.type.BasicTypeReference@7f0b2bf1
2024-06-12T14:28:32.939+03:00 DEBUG 12012 --- [URL Shortener] [           main] org.hibernate.type.BasicTypeRegistry     : Adding type registration java.sql.Date -> org.hibernate.type.BasicTypeReference@7f0b2bf1
2024-06-12T14:28:32.939+03:00 DEBUG 12012 --- [URL Shortener] [           main] org.hibernate.type.BasicTypeRegistry     : Adding type registration time -> org.hibernate.type.BasicTypeReference@1a507ea0
2024-06-12T14:28:32.939+03:00 DEBUG 12012 --- [URL Shortener] [           main] org.hibernate.type.BasicTypeRegistry     : Adding type registration java.sql.Time -> org.hibernate.type.BasicTypeReference@1a507ea0
2024-06-12T14:28:32.939+03:00 DEBUG 12012 --- [URL Shortener] [           main] org.hibernate.type.BasicTypeRegistry     : Adding type registration timestamp -> org.hibernate.type.BasicTypeReference@64a9fca7
2024-06-12T14:28:32.939+03:00 DEBUG 12012 --- [URL Shortener] [           main] org.hibernate.type.BasicTypeRegistry     : Adding type registration java.sql.Timestamp -> org.hibernate.type.BasicTypeReference@64a9fca7
2024-06-12T14:28:32.939+03:00 DEBUG 12012 --- [URL Shortener] [           main] org.hibernate.type.BasicTypeRegistry     : Adding type registration java.util.Date -> org.hibernate.type.BasicTypeReference@64a9fca7
2024-06-12T14:28:32.939+03:00 DEBUG 12012 --- [URL Shortener] [           main] org.hibernate.type.BasicTypeRegistry     : Adding type registration calendar -> org.hibernate.type.BasicTypeReference@22f756c5
2024-06-12T14:28:32.939+03:00 DEBUG 12012 --- [URL Shortener] [           main] org.hibernate.type.BasicTypeRegistry     : Adding type registration java.util.Calendar -> org.hibernate.type.BasicTypeReference@22f756c5
2024-06-12T14:28:32.939+03:00 DEBUG 12012 --- [URL Shortener] [           main] org.hibernate.type.BasicTypeRegistry     : Adding type registration java.util.GregorianCalendar -> org.hibernate.type.BasicTypeReference@22f756c5
2024-06-12T14:28:32.939+03:00 DEBUG 12012 --- [URL Shortener] [           main] org.hibernate.type.BasicTypeRegistry     : Adding type registration calendar_date -> org.hibernate.type.BasicTypeReference@485a5c9
2024-06-12T14:28:32.939+03:00 DEBUG 12012 --- [URL Shortener] [           main] org.hibernate.type.BasicTypeRegistry     : Adding type registration calendar_time -> org.hibernate.type.BasicTypeReference@1d397e87
2024-06-12T14:28:32.939+03:00 DEBUG 12012 --- [URL Shortener] [           main] org.hibernate.type.BasicTypeRegistry     : Adding type registration instant -> org.hibernate.type.BasicTypeReference@36def543
2024-06-12T14:28:32.939+03:00 DEBUG 12012 --- [URL Shortener] [           main] org.hibernate.type.BasicTypeRegistry     : Adding type registration java.time.Instant -> org.hibernate.type.BasicTypeReference@36def543
2024-06-12T14:28:32.939+03:00 DEBUG 12012 --- [URL Shortener] [           main] org.hibernate.type.BasicTypeRegistry     : Adding type registration uuid -> org.hibernate.type.BasicTypeReference@2e07dc23
2024-06-12T14:28:32.939+03:00 DEBUG 12012 --- [URL Shortener] [           main] org.hibernate.type.BasicTypeRegistry     : Adding type registration java.util.UUID -> org.hibernate.type.BasicTypeReference@2e07dc23
2024-06-12T14:28:32.939+03:00 DEBUG 12012 --- [URL Shortener] [           main] org.hibernate.type.BasicTypeRegistry     : Adding type registration pg-uuid -> org.hibernate.type.BasicTypeReference@2e07dc23
2024-06-12T14:28:32.939+03:00 DEBUG 12012 --- [URL Shortener] [           main] org.hibernate.type.BasicTypeRegistry     : Adding type registration uuid-binary -> org.hibernate.type.BasicTypeReference@7859fc7
2024-06-12T14:28:32.939+03:00 DEBUG 12012 --- [URL Shortener] [           main] org.hibernate.type.BasicTypeRegistry     : Adding type registration uuid-char -> org.hibernate.type.BasicTypeReference@519e14f6
2024-06-12T14:28:32.939+03:00 DEBUG 12012 --- [URL Shortener] [           main] org.hibernate.type.BasicTypeRegistry     : Adding type registration class -> org.hibernate.type.BasicTypeReference@10ab976b
2024-06-12T14:28:32.939+03:00 DEBUG 12012 --- [URL Shortener] [           main] org.hibernate.type.BasicTypeRegistry     : Adding type registration java.lang.Class -> org.hibernate.type.BasicTypeReference@10ab976b
2024-06-12T14:28:32.939+03:00 DEBUG 12012 --- [URL Shortener] [           main] org.hibernate.type.BasicTypeRegistry     : Adding type registration currency -> org.hibernate.type.BasicTypeReference@5da799
2024-06-12T14:28:32.940+03:00 DEBUG 12012 --- [URL Shortener] [           main] org.hibernate.type.BasicTypeRegistry     : Adding type registration Currency -> org.hibernate.type.BasicTypeReference@5da799
2024-06-12T14:28:32.940+03:00 DEBUG 12012 --- [URL Shortener] [           main] org.hibernate.type.BasicTypeRegistry     : Adding type registration java.util.Currency -> org.hibernate.type.BasicTypeReference@5da799
2024-06-12T14:28:32.940+03:00 DEBUG 12012 --- [URL Shortener] [           main] org.hibernate.type.BasicTypeRegistry     : Adding type registration locale -> org.hibernate.type.BasicTypeReference@a15e3c1
2024-06-12T14:28:32.940+03:00 DEBUG 12012 --- [URL Shortener] [           main] org.hibernate.type.BasicTypeRegistry     : Adding type registration java.util.Locale -> org.hibernate.type.BasicTypeReference@a15e3c1
2024-06-12T14:28:32.940+03:00 DEBUG 12012 --- [URL Shortener] [           main] org.hibernate.type.BasicTypeRegistry     : Adding type registration serializable -> org.hibernate.type.BasicTypeReference@46c92d27
2024-06-12T14:28:32.940+03:00 DEBUG 12012 --- [URL Shortener] [           main] org.hibernate.type.BasicTypeRegistry     : Adding type registration java.io.Serializable -> org.hibernate.type.BasicTypeReference@46c92d27
2024-06-12T14:28:32.940+03:00 DEBUG 12012 --- [URL Shortener] [           main] org.hibernate.type.BasicTypeRegistry     : Adding type registration timezone -> org.hibernate.type.BasicTypeReference@2bc52b08
2024-06-12T14:28:32.940+03:00 DEBUG 12012 --- [URL Shortener] [           main] org.hibernate.type.BasicTypeRegistry     : Adding type registration java.util.TimeZone -> org.hibernate.type.BasicTypeReference@2bc52b08
2024-06-12T14:28:32.940+03:00 DEBUG 12012 --- [URL Shortener] [           main] org.hibernate.type.BasicTypeRegistry     : Adding type registration ZoneOffset -> org.hibernate.type.BasicTypeReference@6b578779
2024-06-12T14:28:32.940+03:00 DEBUG 12012 --- [URL Shortener] [           main] org.hibernate.type.BasicTypeRegistry     : Adding type registration java.time.ZoneOffset -> org.hibernate.type.BasicTypeReference@6b578779
2024-06-12T14:28:32.940+03:00 DEBUG 12012 --- [URL Shortener] [           main] org.hibernate.type.BasicTypeRegistry     : Adding type registration url -> org.hibernate.type.BasicTypeReference@4e797a39
2024-06-12T14:28:32.940+03:00 DEBUG 12012 --- [URL Shortener] [           main] org.hibernate.type.BasicTypeRegistry     : Adding type registration java.net.URL -> org.hibernate.type.BasicTypeReference@4e797a39
2024-06-12T14:28:32.940+03:00 DEBUG 12012 --- [URL Shortener] [           main] org.hibernate.type.BasicTypeRegistry     : Adding type registration vector -> org.hibernate.type.BasicTypeReference@41d6d6c4
2024-06-12T14:28:32.940+03:00 DEBUG 12012 --- [URL Shortener] [           main] org.hibernate.type.BasicTypeRegistry     : Adding type registration row_version -> org.hibernate.type.BasicTypeReference@4349389d
2024-06-12T14:28:32.943+03:00 DEBUG 12012 --- [URL Shortener] [           main] org.hibernate.type.BasicTypeRegistry     : Adding type registration object -> org.hibernate.type.JavaObjectType@67c1fc9b
2024-06-12T14:28:32.943+03:00 DEBUG 12012 --- [URL Shortener] [           main] org.hibernate.type.BasicTypeRegistry     : Adding type registration java.lang.Object -> org.hibernate.type.JavaObjectType@67c1fc9b
2024-06-12T14:28:32.944+03:00 DEBUG 12012 --- [URL Shortener] [           main] org.hibernate.type.BasicTypeRegistry     : Adding type registration null -> org.hibernate.type.NullType@771b2b5b
2024-06-12T14:28:32.944+03:00 DEBUG 12012 --- [URL Shortener] [           main] org.hibernate.type.BasicTypeRegistry     : Adding type registration imm_date -> org.hibernate.type.BasicTypeReference@1aa64998
2024-06-12T14:28:32.944+03:00 DEBUG 12012 --- [URL Shortener] [           main] org.hibernate.type.BasicTypeRegistry     : Adding type registration imm_time -> org.hibernate.type.BasicTypeReference@571b4bf6
2024-06-12T14:28:32.944+03:00 DEBUG 12012 --- [URL Shortener] [           main] org.hibernate.type.BasicTypeRegistry     : Adding type registration imm_timestamp -> org.hibernate.type.BasicTypeReference@24ffe853
2024-06-12T14:28:32.944+03:00 DEBUG 12012 --- [URL Shortener] [           main] org.hibernate.type.BasicTypeRegistry     : Adding type registration imm_calendar -> org.hibernate.type.BasicTypeReference@a904e64
2024-06-12T14:28:32.944+03:00 DEBUG 12012 --- [URL Shortener] [           main] org.hibernate.type.BasicTypeRegistry     : Adding type registration imm_calendar_date -> org.hibernate.type.BasicTypeReference@22d23c27
2024-06-12T14:28:32.944+03:00 DEBUG 12012 --- [URL Shortener] [           main] org.hibernate.type.BasicTypeRegistry     : Adding type registration imm_calendar_time -> org.hibernate.type.BasicTypeReference@2f1b8770
2024-06-12T14:28:32.944+03:00 DEBUG 12012 --- [URL Shortener] [           main] org.hibernate.type.BasicTypeRegistry     : Adding type registration imm_binary -> org.hibernate.type.BasicTypeReference@74fd5fb0
2024-06-12T14:28:32.944+03:00 DEBUG 12012 --- [URL Shortener] [           main] org.hibernate.type.BasicTypeRegistry     : Adding type registration imm_serializable -> org.hibernate.type.BasicTypeReference@7c16cc25
2024-06-12T14:28:32.955+03:00 DEBUG 12012 --- [URL Shortener] [           main] o.h.boot.internal.BootstrapContextImpl   : Injecting JPA temp ClassLoader [org.springframework.instrument.classloading.SimpleThrowawayClassLoader@257e8c43] into BootstrapContext; was [null]
2024-06-12T14:28:32.956+03:00 DEBUG 12012 --- [URL Shortener] [           main] o.h.boot.internal.ClassLoaderAccessImpl  : ClassLoaderAccessImpl#injectTempClassLoader(org.springframework.instrument.classloading.SimpleThrowawayClassLoader@257e8c43) [was null]
2024-06-12T14:28:32.956+03:00 DEBUG 12012 --- [URL Shortener] [           main] o.h.boot.internal.BootstrapContextImpl   : Injecting ScanEnvironment [org.hibernate.jpa.boot.internal.StandardJpaScanEnvironmentImpl@77587422] into BootstrapContext; was [null]
2024-06-12T14:28:32.956+03:00 DEBUG 12012 --- [URL Shortener] [           main] o.h.boot.internal.BootstrapContextImpl   : Injecting ScanOptions [org.hibernate.boot.archive.scan.internal.StandardScanOptions@39eea4f6] into BootstrapContext; was [org.hibernate.boot.archive.scan.internal.StandardScanOptions@5c94d4b8]
2024-06-12T14:28:32.982+03:00 DEBUG 12012 --- [URL Shortener] [onnection adder] com.zaxxer.hikari.pool.HikariPool        : HikariPool-1 - After adding stats (total=4, active=0, idle=4, waiting=0)
2024-06-12T14:28:32.982+03:00 DEBUG 12012 --- [URL Shortener] [onnection adder] org.postgresql.Driver                    : Connecting with URL: jdbc:postgresql://localhost:51206/testdb?loggerLevel=OFF
2024-06-12T14:28:32.982+03:00 DEBUG 12012 --- [URL Shortener] [onnection adder] org.postgresql.jdbc.PgConnection         : PostgreSQL JDBC Driver 42.7.3
2024-06-12T14:28:32.982+03:00 DEBUG 12012 --- [URL Shortener] [onnection adder] org.postgresql.jdbc.PgConnection         :   setDefaultFetchSize = 0
2024-06-12T14:28:32.982+03:00 DEBUG 12012 --- [URL Shortener] [onnection adder] org.postgresql.jdbc.PgConnection         :   setPrepareThreshold = 5
2024-06-12T14:28:32.982+03:00 DEBUG 12012 --- [URL Shortener] [onnection adder] o.p.core.v3.ConnectionFactoryImpl        : Trying to establish a protocol version 3 connection to localhost:51206
2024-06-12T14:28:32.983+03:00 DEBUG 12012 --- [URL Shortener] [onnection adder] o.p.core.v3.ConnectionFactoryImpl        : Receive Buffer Size is 65 536
2024-06-12T14:28:32.983+03:00 DEBUG 12012 --- [URL Shortener] [onnection adder] o.p.core.v3.ConnectionFactoryImpl        : Send Buffer Size is 65 536
2024-06-12T14:28:32.996+03:00 DEBUG 12012 --- [URL Shortener] [onnection adder] com.zaxxer.hikari.pool.HikariPool        : HikariPool-1 - Added connection org.postgresql.jdbc.PgConnection@35770f9f
2024-06-12T14:28:33.027+03:00 DEBUG 12012 --- [URL Shortener] [onnection adder] com.zaxxer.hikari.pool.HikariPool        : HikariPool-1 - After adding stats (total=5, active=0, idle=5, waiting=0)
2024-06-12T14:28:33.027+03:00 DEBUG 12012 --- [URL Shortener] [onnection adder] org.postgresql.Driver                    : Connecting with URL: jdbc:postgresql://localhost:51206/testdb?loggerLevel=OFF
2024-06-12T14:28:33.027+03:00 DEBUG 12012 --- [URL Shortener] [onnection adder] org.postgresql.jdbc.PgConnection         : PostgreSQL JDBC Driver 42.7.3
2024-06-12T14:28:33.027+03:00 DEBUG 12012 --- [URL Shortener] [onnection adder] org.postgresql.jdbc.PgConnection         :   setDefaultFetchSize = 0
2024-06-12T14:28:33.027+03:00 DEBUG 12012 --- [URL Shortener] [onnection adder] org.postgresql.jdbc.PgConnection         :   setPrepareThreshold = 5
2024-06-12T14:28:33.027+03:00 DEBUG 12012 --- [URL Shortener] [onnection adder] o.p.core.v3.ConnectionFactoryImpl        : Trying to establish a protocol version 3 connection to localhost:51206
2024-06-12T14:28:33.029+03:00 DEBUG 12012 --- [URL Shortener] [onnection adder] o.p.core.v3.ConnectionFactoryImpl        : Receive Buffer Size is 65 536
2024-06-12T14:28:33.029+03:00 DEBUG 12012 --- [URL Shortener] [onnection adder] o.p.core.v3.ConnectionFactoryImpl        : Send Buffer Size is 65 536
2024-06-12T14:28:33.042+03:00 DEBUG 12012 --- [URL Shortener] [onnection adder] com.zaxxer.hikari.pool.HikariPool        : HikariPool-1 - Added connection org.postgresql.jdbc.PgConnection@204b6c78
2024-06-12T14:28:33.075+03:00 DEBUG 12012 --- [URL Shortener] [onnection adder] com.zaxxer.hikari.pool.HikariPool        : HikariPool-1 - After adding stats (total=6, active=0, idle=6, waiting=0)
2024-06-12T14:28:33.075+03:00 DEBUG 12012 --- [URL Shortener] [onnection adder] org.postgresql.Driver                    : Connecting with URL: jdbc:postgresql://localhost:51206/testdb?loggerLevel=OFF
2024-06-12T14:28:33.075+03:00 DEBUG 12012 --- [URL Shortener] [onnection adder] org.postgresql.jdbc.PgConnection         : PostgreSQL JDBC Driver 42.7.3
2024-06-12T14:28:33.075+03:00 DEBUG 12012 --- [URL Shortener] [onnection adder] org.postgresql.jdbc.PgConnection         :   setDefaultFetchSize = 0
2024-06-12T14:28:33.075+03:00 DEBUG 12012 --- [URL Shortener] [onnection adder] org.postgresql.jdbc.PgConnection         :   setPrepareThreshold = 5
2024-06-12T14:28:33.076+03:00 DEBUG 12012 --- [URL Shortener] [onnection adder] o.p.core.v3.ConnectionFactoryImpl        : Trying to establish a protocol version 3 connection to localhost:51206
2024-06-12T14:28:33.076+03:00 DEBUG 12012 --- [URL Shortener] [onnection adder] o.p.core.v3.ConnectionFactoryImpl        : Receive Buffer Size is 65 536
2024-06-12T14:28:33.077+03:00 DEBUG 12012 --- [URL Shortener] [onnection adder] o.p.core.v3.ConnectionFactoryImpl        : Send Buffer Size is 65 536
2024-06-12T14:28:33.095+03:00 DEBUG 12012 --- [URL Shortener] [onnection adder] com.zaxxer.hikari.pool.HikariPool        : HikariPool-1 - Added connection org.postgresql.jdbc.PgConnection@4083af0
2024-06-12T14:28:33.137+03:00 DEBUG 12012 --- [URL Shortener] [onnection adder] com.zaxxer.hikari.pool.HikariPool        : HikariPool-1 - After adding stats (total=7, active=0, idle=7, waiting=0)
2024-06-12T14:28:33.137+03:00 DEBUG 12012 --- [URL Shortener] [onnection adder] org.postgresql.Driver                    : Connecting with URL: jdbc:postgresql://localhost:51206/testdb?loggerLevel=OFF
2024-06-12T14:28:33.137+03:00 DEBUG 12012 --- [URL Shortener] [onnection adder] org.postgresql.jdbc.PgConnection         : PostgreSQL JDBC Driver 42.7.3
2024-06-12T14:28:33.137+03:00 DEBUG 12012 --- [URL Shortener] [onnection adder] org.postgresql.jdbc.PgConnection         :   setDefaultFetchSize = 0
2024-06-12T14:28:33.137+03:00 DEBUG 12012 --- [URL Shortener] [onnection adder] org.postgresql.jdbc.PgConnection         :   setPrepareThreshold = 5
2024-06-12T14:28:33.137+03:00 DEBUG 12012 --- [URL Shortener] [onnection adder] o.p.core.v3.ConnectionFactoryImpl        : Trying to establish a protocol version 3 connection to localhost:51206
2024-06-12T14:28:33.138+03:00 DEBUG 12012 --- [URL Shortener] [onnection adder] o.p.core.v3.ConnectionFactoryImpl        : Receive Buffer Size is 65 536
2024-06-12T14:28:33.138+03:00 DEBUG 12012 --- [URL Shortener] [onnection adder] o.p.core.v3.ConnectionFactoryImpl        : Send Buffer Size is 65 536
2024-06-12T14:28:33.154+03:00 DEBUG 12012 --- [URL Shortener] [onnection adder] com.zaxxer.hikari.pool.HikariPool        : HikariPool-1 - Added connection org.postgresql.jdbc.PgConnection@58de07a3
2024-06-12T14:28:33.193+03:00  INFO 12012 --- [URL Shortener] [           main] o.s.o.j.p.SpringPersistenceUnitInfo      : No LoadTimeWeaver setup: ignoring JPA class transformer
2024-06-12T14:28:33.193+03:00 DEBUG 12012 --- [URL Shortener] [           main] o.h.boot.internal.BootstrapContextImpl   : Injecting JPA temp ClassLoader [null] into BootstrapContext; was [org.springframework.instrument.classloading.SimpleThrowawayClassLoader@257e8c43]
2024-06-12T14:28:33.193+03:00 DEBUG 12012 --- [URL Shortener] [           main] o.h.boot.internal.ClassLoaderAccessImpl  : ClassLoaderAccessImpl#injectTempClassLoader(null) [was org.springframework.instrument.classloading.SimpleThrowawayClassLoader@257e8c43]
2024-06-12T14:28:33.199+03:00 DEBUG 12012 --- [URL Shortener] [onnection adder] com.zaxxer.hikari.pool.HikariPool        : HikariPool-1 - After adding stats (total=8, active=0, idle=8, waiting=0)
2024-06-12T14:28:33.199+03:00 DEBUG 12012 --- [URL Shortener] [onnection adder] org.postgresql.Driver                    : Connecting with URL: jdbc:postgresql://localhost:51206/testdb?loggerLevel=OFF
2024-06-12T14:28:33.199+03:00 DEBUG 12012 --- [URL Shortener] [onnection adder] org.postgresql.jdbc.PgConnection         : PostgreSQL JDBC Driver 42.7.3
2024-06-12T14:28:33.199+03:00 DEBUG 12012 --- [URL Shortener] [onnection adder] org.postgresql.jdbc.PgConnection         :   setDefaultFetchSize = 0
2024-06-12T14:28:33.199+03:00 DEBUG 12012 --- [URL Shortener] [onnection adder] org.postgresql.jdbc.PgConnection         :   setPrepareThreshold = 5
2024-06-12T14:28:33.199+03:00 DEBUG 12012 --- [URL Shortener] [onnection adder] o.p.core.v3.ConnectionFactoryImpl        : Trying to establish a protocol version 3 connection to localhost:51206
2024-06-12T14:28:33.200+03:00 DEBUG 12012 --- [URL Shortener] [onnection adder] o.p.core.v3.ConnectionFactoryImpl        : Receive Buffer Size is 65 536
2024-06-12T14:28:33.200+03:00 DEBUG 12012 --- [URL Shortener] [onnection adder] o.p.core.v3.ConnectionFactoryImpl        : Send Buffer Size is 65 536
2024-06-12T14:28:33.213+03:00 DEBUG 12012 --- [URL Shortener] [onnection adder] com.zaxxer.hikari.pool.HikariPool        : HikariPool-1 - Added connection org.postgresql.jdbc.PgConnection@5558f0d0
2024-06-12T14:28:33.222+03:00 DEBUG 12012 --- [URL Shortener] [           main] o.h.e.j.e.i.JdbcEnvironmentInitiator     : Database ->
	   name : PostgreSQL
	version : 16.3 (Debian 16.3-1.pgdg120+1)
	  major : 16
	  minor : 3
2024-06-12T14:28:33.222+03:00 DEBUG 12012 --- [URL Shortener] [           main] o.h.e.j.e.i.JdbcEnvironmentInitiator     : Driver ->
	   name : PostgreSQL JDBC Driver
	version : 42.7.3
	  major : 42
	  minor : 7
2024-06-12T14:28:33.222+03:00 DEBUG 12012 --- [URL Shortener] [           main] o.h.e.j.e.i.JdbcEnvironmentInitiator     : JDBC version : 4.2
2024-06-12T14:28:33.243+03:00  WARN 12012 --- [URL Shortener] [           main] org.hibernate.orm.deprecation            : HHH90000025: PostgreSQLDialect does not need to be specified explicitly using 'hibernate.dialect' (remove the property setting and it will be selected by default)
2024-06-12T14:28:33.244+03:00 DEBUG 12012 --- [URL Shortener] [           main] org.hibernate.orm.dialect                : HHH035001: Using dialect: org.hibernate.dialect.PostgreSQLDialect, version: 16.3
2024-06-12T14:28:33.245+03:00 DEBUG 12012 --- [URL Shortener] [onnection adder] com.zaxxer.hikari.pool.HikariPool        : HikariPool-1 - After adding stats (total=9, active=1, idle=8, waiting=0)
2024-06-12T14:28:33.245+03:00 DEBUG 12012 --- [URL Shortener] [onnection adder] org.postgresql.Driver                    : Connecting with URL: jdbc:postgresql://localhost:51206/testdb?loggerLevel=OFF
2024-06-12T14:28:33.245+03:00 DEBUG 12012 --- [URL Shortener] [onnection adder] org.postgresql.jdbc.PgConnection         : PostgreSQL JDBC Driver 42.7.3
2024-06-12T14:28:33.245+03:00 DEBUG 12012 --- [URL Shortener] [onnection adder] org.postgresql.jdbc.PgConnection         :   setDefaultFetchSize = 0
2024-06-12T14:28:33.245+03:00 DEBUG 12012 --- [URL Shortener] [onnection adder] org.postgresql.jdbc.PgConnection         :   setPrepareThreshold = 5
2024-06-12T14:28:33.245+03:00 DEBUG 12012 --- [URL Shortener] [onnection adder] o.p.core.v3.ConnectionFactoryImpl        : Trying to establish a protocol version 3 connection to localhost:51206
2024-06-12T14:28:33.247+03:00 DEBUG 12012 --- [URL Shortener] [onnection adder] o.p.core.v3.ConnectionFactoryImpl        : Receive Buffer Size is 65 536
2024-06-12T14:28:33.247+03:00 DEBUG 12012 --- [URL Shortener] [onnection adder] o.p.core.v3.ConnectionFactoryImpl        : Send Buffer Size is 65 536
2024-06-12T14:28:33.252+03:00 DEBUG 12012 --- [URL Shortener] [           main] o.h.e.j.env.spi.IdentifierHelperBuilder  : JDBC driver metadata reported database stores quoted identifiers in neither upper, lower nor mixed case
2024-06-12T14:28:33.259+03:00 DEBUG 12012 --- [URL Shortener] [onnection adder] com.zaxxer.hikari.pool.HikariPool        : HikariPool-1 - Added connection org.postgresql.jdbc.PgConnection@6b910e34
2024-06-12T14:28:33.262+03:00 DEBUG 12012 --- [URL Shortener] [           main] org.hibernate.orm.jdbc.lob               : HHH10010004: Disabling contextual LOB creation as Dialect reported it is not supported
2024-06-12T14:28:33.271+03:00 DEBUG 12012 --- [URL Shortener] [           main] o.h.t.d.sql.spi.DdlTypeRegistry          : addDescriptor(2003, org.hibernate.type.descriptor.sql.internal.ArrayDdlTypeImpl@5eabcf77) replaced previous registration(org.hibernate.type.descriptor.sql.internal.ArrayDdlTypeImpl@647468a7)
2024-06-12T14:28:33.271+03:00 DEBUG 12012 --- [URL Shortener] [           main] o.h.t.d.sql.spi.DdlTypeRegistry          : addDescriptor(6, org.hibernate.type.descriptor.sql.internal.CapacityDependentDdlType@29f58b44) replaced previous registration(org.hibernate.type.descriptor.sql.internal.DdlTypeImpl@fcee97c)
2024-06-12T14:28:33.274+03:00 DEBUG 12012 --- [URL Shortener] [           main] o.h.t.d.jdbc.spi.JdbcTypeRegistry        : addDescriptor(2004, BlobTypeDescriptor(BLOB_BINDING)) replaced previous registration(BlobTypeDescriptor(DEFAULT))
2024-06-12T14:28:33.274+03:00 DEBUG 12012 --- [URL Shortener] [           main] o.h.t.d.jdbc.spi.JdbcTypeRegistry        : addDescriptor(2005, ClobTypeDescriptor(CLOB_BINDING)) replaced previous registration(ClobTypeDescriptor(DEFAULT))
2024-06-12T14:28:33.283+03:00 DEBUG 12012 --- [URL Shortener] [           main] org.hibernate.type.BasicTypeRegistry     : Adding type registration JAVA_OBJECT -> org.hibernate.type.JavaObjectType@5a63de07
2024-06-12T14:28:33.283+03:00 DEBUG 12012 --- [URL Shortener] [           main] org.hibernate.type.BasicTypeRegistry     : Adding type registration java.lang.Object -> org.hibernate.type.JavaObjectType@5a63de07
2024-06-12T14:28:33.283+03:00 DEBUG 12012 --- [URL Shortener] [           main] org.hibernate.type.BasicTypeRegistry     : Type registration key [java.lang.Object] overrode previous entry : `org.hibernate.type.JavaObjectType@67c1fc9b`
2024-06-12T14:28:33.287+03:00 DEBUG 12012 --- [URL Shortener] [           main] org.hibernate.type.BasicTypeRegistry     : Adding type registration org.hibernate.type.DurationType -> basicType@1(java.time.Duration,3015)
2024-06-12T14:28:33.287+03:00 DEBUG 12012 --- [URL Shortener] [           main] org.hibernate.type.BasicTypeRegistry     : Adding type registration Duration -> basicType@1(java.time.Duration,3015)
2024-06-12T14:28:33.287+03:00 DEBUG 12012 --- [URL Shortener] [           main] org.hibernate.type.BasicTypeRegistry     : Adding type registration java.time.Duration -> basicType@1(java.time.Duration,3015)
2024-06-12T14:28:33.290+03:00 DEBUG 12012 --- [URL Shortener] [           main] org.hibernate.type.BasicTypeRegistry     : Adding type registration org.hibernate.type.OffsetDateTimeType -> basicType@2(java.time.OffsetDateTime,3003)
2024-06-12T14:28:33.290+03:00 DEBUG 12012 --- [URL Shortener] [           main] org.hibernate.type.BasicTypeRegistry     : Adding type registration OffsetDateTime -> basicType@2(java.time.OffsetDateTime,3003)
2024-06-12T14:28:33.290+03:00 DEBUG 12012 --- [URL Shortener] [           main] org.hibernate.type.BasicTypeRegistry     : Adding type registration java.time.OffsetDateTime -> basicType@2(java.time.OffsetDateTime,3003)
2024-06-12T14:28:33.290+03:00 DEBUG 12012 --- [URL Shortener] [           main] org.hibernate.type.BasicTypeRegistry     : Adding type registration org.hibernate.type.ZonedDateTimeType -> basicType@3(java.time.ZonedDateTime,3003)
2024-06-12T14:28:33.290+03:00 DEBUG 12012 --- [URL Shortener] [           main] org.hibernate.type.BasicTypeRegistry     : Adding type registration ZonedDateTime -> basicType@3(java.time.ZonedDateTime,3003)
2024-06-12T14:28:33.290+03:00 DEBUG 12012 --- [URL Shortener] [           main] org.hibernate.type.BasicTypeRegistry     : Adding type registration java.time.ZonedDateTime -> basicType@3(java.time.ZonedDateTime,3003)
2024-06-12T14:28:33.291+03:00 DEBUG 12012 --- [URL Shortener] [           main] org.hibernate.type.BasicTypeRegistry     : Adding type registration org.hibernate.type.OffsetTimeType -> basicType@4(java.time.OffsetTime,3007)
2024-06-12T14:28:33.291+03:00 DEBUG 12012 --- [URL Shortener] [           main] org.hibernate.type.BasicTypeRegistry     : Adding type registration OffsetTime -> basicType@4(java.time.OffsetTime,3007)
2024-06-12T14:28:33.291+03:00 DEBUG 12012 --- [URL Shortener] [           main] org.hibernate.type.BasicTypeRegistry     : Adding type registration java.time.OffsetTime -> basicType@4(java.time.OffsetTime,3007)
2024-06-12T14:28:33.292+03:00 DEBUG 12012 --- [URL Shortener] [           main] o.h.type.spi.TypeConfiguration$Scope     : Scoping TypeConfiguration [org.hibernate.type.spi.TypeConfiguration@21d30ba5] to MetadataBuildingContext [org.hibernate.boot.internal.MetadataBuildingContextRootImpl@1b68e626]
2024-06-12T14:28:33.293+03:00 DEBUG 12012 --- [URL Shortener] [onnection adder] com.zaxxer.hikari.pool.HikariPool        : HikariPool-1 - After adding stats (total=10, active=0, idle=10, waiting=0)
2024-06-12T14:28:33.327+03:00 DEBUG 12012 --- [URL Shortener] [           main] o.h.boot.model.relational.Namespace      : Created database namespace [logicalName=Name{catalog=null, schema=null}, physicalName=Name{catalog=null, schema=null}]
2024-06-12T14:28:33.350+03:00 DEBUG 12012 --- [URL Shortener] [           main] o.h.boot.model.internal.EntityBinder     : Binding entity from annotated class: com.example.role.Role
2024-06-12T14:28:33.356+03:00 DEBUG 12012 --- [URL Shortener] [           main] o.h.boot.model.internal.EntityBinder     : Import with entity name Role
2024-06-12T14:28:33.363+03:00 DEBUG 12012 --- [URL Shortener] [           main] o.h.boot.model.internal.EntityBinder     : Bind entity com.example.role.Role on table roles
2024-06-12T14:28:33.372+03:00 DEBUG 12012 --- [URL Shortener] [           main] o.h.boot.model.internal.AnnotatedColumn  : Binding column: AnnotatedDiscriminatorColumn(column='DTYPE')
2024-06-12T14:28:33.388+03:00 DEBUG 12012 --- [URL Shortener] [           main] o.h.boot.model.internal.AnnotatedColumn  : Binding column: AnnotatedColumn()
2024-06-12T14:28:33.389+03:00 DEBUG 12012 --- [URL Shortener] [           main] o.h.boot.internal.ClassLoaderAccessImpl  : Not known whether passed class name [com.example.role.Role] is safe
2024-06-12T14:28:33.389+03:00 DEBUG 12012 --- [URL Shortener] [           main] o.h.boot.internal.ClassLoaderAccessImpl  : No temp ClassLoader provided; using live ClassLoader for loading potentially unsafe class : com.example.role.Role
2024-06-12T14:28:33.390+03:00 DEBUG 12012 --- [URL Shortener] [           main] o.h.boot.model.internal.PropertyBinder   : MetadataSourceProcessor property id with lazy=false
2024-06-12T14:28:33.395+03:00 DEBUG 12012 --- [URL Shortener] [           main] o.h.b.m.internal.AbstractPropertyHolder  : Attempting to locate auto-apply AttributeConverter for property [com.example.role.Role:id]
2024-06-12T14:28:33.397+03:00 DEBUG 12012 --- [URL Shortener] [           main] o.h.b.model.internal.BasicValueBinder    : building BasicValue for id
2024-06-12T14:28:33.399+03:00 DEBUG 12012 --- [URL Shortener] [           main] org.hibernate.mapping.BasicValue         : Skipping column re-registration: roles.id
2024-06-12T14:28:33.399+03:00 DEBUG 12012 --- [URL Shortener] [           main] o.h.boot.model.internal.PropertyBinder   : Building property id
2024-06-12T14:28:33.402+03:00 DEBUG 12012 --- [URL Shortener] [           main] o.h.boot.model.internal.BinderHelper     : #makeIdGenerator(BasicValue([Column(id)]), id, identity, , ...)
2024-06-12T14:28:33.403+03:00 DEBUG 12012 --- [URL Shortener] [           main] o.h.boot.model.internal.AnnotatedColumn  : Binding column: AnnotatedColumn(column='name')
2024-06-12T14:28:33.403+03:00 DEBUG 12012 --- [URL Shortener] [           main] o.h.boot.model.internal.PropertyBinder   : MetadataSourceProcessor property name with lazy=false
2024-06-12T14:28:33.403+03:00 DEBUG 12012 --- [URL Shortener] [           main] o.h.b.m.internal.AbstractPropertyHolder  : Attempting to locate auto-apply AttributeConverter for property [com.example.role.Role:name]
2024-06-12T14:28:33.403+03:00 DEBUG 12012 --- [URL Shortener] [           main] o.h.b.model.internal.BasicValueBinder    : building BasicValue for name
2024-06-12T14:28:33.403+03:00 DEBUG 12012 --- [URL Shortener] [           main] org.hibernate.mapping.BasicValue         : Skipping column re-registration: roles.name
2024-06-12T14:28:33.403+03:00 DEBUG 12012 --- [URL Shortener] [           main] o.h.boot.model.internal.PropertyBinder   : Building property name
2024-06-12T14:28:33.405+03:00 DEBUG 12012 --- [URL Shortener] [           main] o.h.b.r.c.i.ClassLoaderServiceImpl       : HHH000194: Package not found or no package-info.java: com.example.role
2024-06-12T14:28:33.408+03:00 DEBUG 12012 --- [URL Shortener] [           main] o.h.boot.model.internal.EntityBinder     : Binding entity from annotated class: com.example.url_profile.UrlProfile
2024-06-12T14:28:33.408+03:00 DEBUG 12012 --- [URL Shortener] [           main] o.h.boot.model.internal.EntityBinder     : Import with entity name UrlProfile
2024-06-12T14:28:33.408+03:00 DEBUG 12012 --- [URL Shortener] [           main] o.h.boot.model.internal.EntityBinder     : Bind entity com.example.url_profile.UrlProfile on table url
2024-06-12T14:28:33.409+03:00 DEBUG 12012 --- [URL Shortener] [           main] o.h.boot.model.internal.AnnotatedColumn  : Binding column: AnnotatedDiscriminatorColumn(column='DTYPE')
2024-06-12T14:28:33.413+03:00 DEBUG 12012 --- [URL Shortener] [           main] o.h.boot.model.internal.AnnotatedColumn  : Binding column: AnnotatedColumn()
2024-06-12T14:28:33.413+03:00 DEBUG 12012 --- [URL Shortener] [           main] o.h.boot.internal.ClassLoaderAccessImpl  : Not known whether passed class name [com.example.url_profile.UrlProfile] is safe
2024-06-12T14:28:33.413+03:00 DEBUG 12012 --- [URL Shortener] [           main] o.h.boot.internal.ClassLoaderAccessImpl  : No temp ClassLoader provided; using live ClassLoader for loading potentially unsafe class : com.example.url_profile.UrlProfile
2024-06-12T14:28:33.413+03:00 DEBUG 12012 --- [URL Shortener] [           main] o.h.boot.model.internal.PropertyBinder   : MetadataSourceProcessor property id with lazy=false
2024-06-12T14:28:33.413+03:00 DEBUG 12012 --- [URL Shortener] [           main] o.h.b.m.internal.AbstractPropertyHolder  : Attempting to locate auto-apply AttributeConverter for property [com.example.url_profile.UrlProfile:id]
2024-06-12T14:28:33.413+03:00 DEBUG 12012 --- [URL Shortener] [           main] o.h.b.model.internal.BasicValueBinder    : building BasicValue for id
2024-06-12T14:28:33.413+03:00 DEBUG 12012 --- [URL Shortener] [           main] org.hibernate.mapping.BasicValue         : Skipping column re-registration: url.id
2024-06-12T14:28:33.413+03:00 DEBUG 12012 --- [URL Shortener] [           main] o.h.boot.model.internal.PropertyBinder   : Building property id
2024-06-12T14:28:33.413+03:00 DEBUG 12012 --- [URL Shortener] [           main] o.h.boot.model.internal.BinderHelper     : #makeIdGenerator(BasicValue([Column(id)]), id, identity, , ...)
2024-06-12T14:28:33.413+03:00 DEBUG 12012 --- [URL Shortener] [           main] o.h.boot.model.internal.AnnotatedColumn  : Binding column: AnnotatedColumn(column='created_at')
2024-06-12T14:28:33.413+03:00 DEBUG 12012 --- [URL Shortener] [           main] o.h.boot.model.internal.PropertyBinder   : MetadataSourceProcessor property createdAt with lazy=false
2024-06-12T14:28:33.413+03:00 DEBUG 12012 --- [URL Shortener] [           main] o.h.b.m.internal.AbstractPropertyHolder  : Attempting to locate auto-apply AttributeConverter for property [com.example.url_profile.UrlProfile:createdAt]
2024-06-12T14:28:33.413+03:00 DEBUG 12012 --- [URL Shortener] [           main] o.h.b.model.internal.BasicValueBinder    : building BasicValue for createdAt
2024-06-12T14:28:33.414+03:00 DEBUG 12012 --- [URL Shortener] [           main] org.hibernate.mapping.BasicValue         : Skipping column re-registration: url.created_at
2024-06-12T14:28:33.414+03:00 DEBUG 12012 --- [URL Shortener] [           main] o.h.boot.model.internal.PropertyBinder   : Building property createdAt
2024-06-12T14:28:33.414+03:00 DEBUG 12012 --- [URL Shortener] [           main] o.h.boot.model.internal.AnnotatedColumn  : Binding column: AnnotatedColumn(column='long_url')
2024-06-12T14:28:33.414+03:00 DEBUG 12012 --- [URL Shortener] [           main] o.h.boot.model.internal.PropertyBinder   : MetadataSourceProcessor property longUrl with lazy=false
2024-06-12T14:28:33.414+03:00 DEBUG 12012 --- [URL Shortener] [           main] o.h.b.m.internal.AbstractPropertyHolder  : Attempting to locate auto-apply AttributeConverter for property [com.example.url_profile.UrlProfile:longUrl]
2024-06-12T14:28:33.414+03:00 DEBUG 12012 --- [URL Shortener] [           main] o.h.b.model.internal.BasicValueBinder    : building BasicValue for longUrl
2024-06-12T14:28:33.414+03:00 DEBUG 12012 --- [URL Shortener] [           main] org.hibernate.mapping.BasicValue         : Skipping column re-registration: url.long_url
2024-06-12T14:28:33.414+03:00 DEBUG 12012 --- [URL Shortener] [           main] o.h.boot.model.internal.PropertyBinder   : Building property longUrl
2024-06-12T14:28:33.414+03:00 DEBUG 12012 --- [URL Shortener] [           main] o.h.boot.model.internal.AnnotatedColumn  : Binding column: AnnotatedColumn(column='short_url')
2024-06-12T14:28:33.414+03:00 DEBUG 12012 --- [URL Shortener] [           main] o.h.boot.model.internal.PropertyBinder   : MetadataSourceProcessor property shortUrl with lazy=false
2024-06-12T14:28:33.414+03:00 DEBUG 12012 --- [URL Shortener] [           main] o.h.b.m.internal.AbstractPropertyHolder  : Attempting to locate auto-apply AttributeConverter for property [com.example.url_profile.UrlProfile:shortUrl]
2024-06-12T14:28:33.414+03:00 DEBUG 12012 --- [URL Shortener] [           main] o.h.b.model.internal.BasicValueBinder    : building BasicValue for shortUrl
2024-06-12T14:28:33.414+03:00 DEBUG 12012 --- [URL Shortener] [           main] org.hibernate.mapping.BasicValue         : Skipping column re-registration: url.short_url
2024-06-12T14:28:33.414+03:00 DEBUG 12012 --- [URL Shortener] [           main] o.h.boot.model.internal.PropertyBinder   : Building property shortUrl
2024-06-12T14:28:33.415+03:00 DEBUG 12012 --- [URL Shortener] [           main] o.h.boot.model.internal.AnnotatedColumn  : Binding column: AnnotatedJoinColumn()
2024-06-12T14:28:33.415+03:00 DEBUG 12012 --- [URL Shortener] [           main] o.h.boot.model.internal.AnnotatedColumn  : Binding column: AnnotatedColumn()
2024-06-12T14:28:33.422+03:00 DEBUG 12012 --- [URL Shortener] [           main] o.h.boot.model.internal.AnnotatedColumn  : Binding column: IndexColumn(column='urlViews_ORDER')
2024-06-12T14:28:33.424+03:00 DEBUG 12012 --- [URL Shortener] [           main] o.h.boot.model.internal.AnnotatedColumn  : Binding column: AnnotatedColumn()
2024-06-12T14:28:33.425+03:00 DEBUG 12012 --- [URL Shortener] [           main] o.h.boot.model.internal.AnnotatedColumn  : Binding column: AnnotatedColumn(column='urlViews_KEY')
2024-06-12T14:28:33.425+03:00 DEBUG 12012 --- [URL Shortener] [           main] o.h.boot.model.internal.AnnotatedColumn  : Binding column: AnnotatedJoinColumn(column='urlViews_KEY')
2024-06-12T14:28:33.426+03:00 DEBUG 12012 --- [URL Shortener] [           main] o.h.boot.model.internal.AnnotatedColumn  : Binding column: AnnotatedJoinColumn()
2024-06-12T14:28:33.426+03:00 DEBUG 12012 --- [URL Shortener] [           main] o.h.boot.model.internal.AnnotatedColumn  : Binding column: AnnotatedJoinColumn()
2024-06-12T14:28:33.428+03:00 DEBUG 12012 --- [URL Shortener] [           main] o.h.b.model.internal.CollectionBinder    : Collection role: com.example.url_profile.UrlProfile.urlViews
2024-06-12T14:28:33.430+03:00 DEBUG 12012 --- [URL Shortener] [           main] o.h.boot.model.internal.PropertyBinder   : Building property urlViews
2024-06-12T14:28:33.430+03:00 DEBUG 12012 --- [URL Shortener] [           main] o.h.boot.model.internal.AnnotatedColumn  : Binding column: AnnotatedJoinColumn(column='created_by')
2024-06-12T14:28:33.430+03:00 DEBUG 12012 --- [URL Shortener] [           main] o.h.boot.model.internal.AnnotatedColumn  : Binding column: AnnotatedColumn()
2024-06-12T14:28:33.432+03:00 DEBUG 12012 --- [URL Shortener] [           main] o.h.boot.model.internal.PropertyBinder   : Building property user
2024-06-12T14:28:33.432+03:00 DEBUG 12012 --- [URL Shortener] [           main] o.h.boot.model.internal.AnnotatedColumn  : Binding column: AnnotatedColumn(column='valid_to')
2024-06-12T14:28:33.433+03:00 DEBUG 12012 --- [URL Shortener] [           main] o.h.boot.model.internal.PropertyBinder   : MetadataSourceProcessor property validTo with lazy=false
2024-06-12T14:28:33.433+03:00 DEBUG 12012 --- [URL Shortener] [           main] o.h.b.m.internal.AbstractPropertyHolder  : Attempting to locate auto-apply AttributeConverter for property [com.example.url_profile.UrlProfile:validTo]
2024-06-12T14:28:33.433+03:00 DEBUG 12012 --- [URL Shortener] [           main] o.h.b.model.internal.BasicValueBinder    : building BasicValue for validTo
2024-06-12T14:28:33.433+03:00 DEBUG 12012 --- [URL Shortener] [           main] org.hibernate.mapping.BasicValue         : Skipping column re-registration: url.valid_to
2024-06-12T14:28:33.433+03:00 DEBUG 12012 --- [URL Shortener] [           main] o.h.boot.model.internal.PropertyBinder   : Building property validTo
2024-06-12T14:28:33.433+03:00 DEBUG 12012 --- [URL Shortener] [           main] o.h.b.r.c.i.ClassLoaderServiceImpl       : HHH000194: Package not found or no package-info.java: com.example.url_profile
2024-06-12T14:28:33.434+03:00 DEBUG 12012 --- [URL Shortener] [           main] o.h.boot.model.internal.EntityBinder     : Binding entity from annotated class: com.example.url_view.UrlView
2024-06-12T14:28:33.434+03:00 DEBUG 12012 --- [URL Shortener] [           main] o.h.boot.model.internal.EntityBinder     : Import with entity name UrlView
2024-06-12T14:28:33.434+03:00 DEBUG 12012 --- [URL Shortener] [           main] o.h.boot.model.internal.EntityBinder     : Bind entity com.example.url_view.UrlView on table url_views
2024-06-12T14:28:33.434+03:00 DEBUG 12012 --- [URL Shortener] [           main] o.h.boot.model.internal.AnnotatedColumn  : Binding column: AnnotatedDiscriminatorColumn(column='DTYPE')
2024-06-12T14:28:33.435+03:00 DEBUG 12012 --- [URL Shortener] [           main] o.h.boot.model.internal.AnnotatedColumn  : Binding column: AnnotatedColumn()
2024-06-12T14:28:33.435+03:00 DEBUG 12012 --- [URL Shortener] [           main] o.h.boot.internal.ClassLoaderAccessImpl  : Not known whether passed class name [com.example.url_view.UrlView] is safe
2024-06-12T14:28:33.435+03:00 DEBUG 12012 --- [URL Shortener] [           main] o.h.boot.internal.ClassLoaderAccessImpl  : No temp ClassLoader provided; using live ClassLoader for loading potentially unsafe class : com.example.url_view.UrlView
2024-06-12T14:28:33.435+03:00 DEBUG 12012 --- [URL Shortener] [           main] o.h.boot.model.internal.PropertyBinder   : MetadataSourceProcessor property id with lazy=false
2024-06-12T14:28:33.435+03:00 DEBUG 12012 --- [URL Shortener] [           main] o.h.b.m.internal.AbstractPropertyHolder  : Attempting to locate auto-apply AttributeConverter for property [com.example.url_view.UrlView:id]
2024-06-12T14:28:33.435+03:00 DEBUG 12012 --- [URL Shortener] [           main] o.h.b.model.internal.BasicValueBinder    : building BasicValue for id
2024-06-12T14:28:33.435+03:00 DEBUG 12012 --- [URL Shortener] [           main] org.hibernate.mapping.BasicValue         : Skipping column re-registration: url_views.id
2024-06-12T14:28:33.435+03:00 DEBUG 12012 --- [URL Shortener] [           main] o.h.boot.model.internal.PropertyBinder   : Building property id
2024-06-12T14:28:33.435+03:00 DEBUG 12012 --- [URL Shortener] [           main] o.h.boot.model.internal.BinderHelper     : #makeIdGenerator(BasicValue([Column(id)]), id, identity, , ...)
2024-06-12T14:28:33.435+03:00 DEBUG 12012 --- [URL Shortener] [           main] o.h.boot.model.internal.AnnotatedColumn  : Binding column: AnnotatedColumn()
2024-06-12T14:28:33.435+03:00 DEBUG 12012 --- [URL Shortener] [           main] o.h.boot.model.internal.PropertyBinder   : MetadataSourceProcessor property browser with lazy=false
2024-06-12T14:28:33.435+03:00 DEBUG 12012 --- [URL Shortener] [           main] o.h.b.m.internal.AbstractPropertyHolder  : Attempting to locate auto-apply AttributeConverter for property [com.example.url_view.UrlView:browser]
2024-06-12T14:28:33.435+03:00 DEBUG 12012 --- [URL Shortener] [           main] o.h.b.model.internal.BasicValueBinder    : building BasicValue for browser
2024-06-12T14:28:33.435+03:00 DEBUG 12012 --- [URL Shortener] [           main] org.hibernate.mapping.BasicValue         : Skipping column re-registration: url_views.browser
2024-06-12T14:28:33.435+03:00 DEBUG 12012 --- [URL Shortener] [           main] o.h.boot.model.internal.PropertyBinder   : Building property browser
2024-06-12T14:28:33.435+03:00 DEBUG 12012 --- [URL Shortener] [           main] o.h.boot.model.internal.AnnotatedColumn  : Binding column: AnnotatedColumn(column='ip_address')
2024-06-12T14:28:33.435+03:00 DEBUG 12012 --- [URL Shortener] [           main] o.h.boot.model.internal.PropertyBinder   : MetadataSourceProcessor property ipAddress with lazy=false
2024-06-12T14:28:33.435+03:00 DEBUG 12012 --- [URL Shortener] [           main] o.h.b.m.internal.AbstractPropertyHolder  : Attempting to locate auto-apply AttributeConverter for property [com.example.url_view.UrlView:ipAddress]
2024-06-12T14:28:33.435+03:00 DEBUG 12012 --- [URL Shortener] [           main] o.h.b.model.internal.BasicValueBinder    : building BasicValue for ipAddress
2024-06-12T14:28:33.435+03:00 DEBUG 12012 --- [URL Shortener] [           main] org.hibernate.mapping.BasicValue         : Skipping column re-registration: url_views.ip_address
2024-06-12T14:28:33.436+03:00 DEBUG 12012 --- [URL Shortener] [           main] o.h.boot.model.internal.PropertyBinder   : Building property ipAddress
2024-06-12T14:28:33.436+03:00 DEBUG 12012 --- [URL Shortener] [           main] o.h.boot.model.internal.AnnotatedColumn  : Binding column: AnnotatedColumn(column='os_system')
2024-06-12T14:28:33.436+03:00 DEBUG 12012 --- [URL Shortener] [           main] o.h.boot.model.internal.PropertyBinder   : MetadataSourceProcessor property osSystem with lazy=false
2024-06-12T14:28:33.436+03:00 DEBUG 12012 --- [URL Shortener] [           main] o.h.b.m.internal.AbstractPropertyHolder  : Attempting to locate auto-apply AttributeConverter for property [com.example.url_view.UrlView:osSystem]
2024-06-12T14:28:33.436+03:00 DEBUG 12012 --- [URL Shortener] [           main] o.h.b.model.internal.BasicValueBinder    : building BasicValue for osSystem
2024-06-12T14:28:33.436+03:00 DEBUG 12012 --- [URL Shortener] [           main] org.hibernate.mapping.BasicValue         : Skipping column re-registration: url_views.os_system
2024-06-12T14:28:33.436+03:00 DEBUG 12012 --- [URL Shortener] [           main] o.h.boot.model.internal.PropertyBinder   : Building property osSystem
2024-06-12T14:28:33.436+03:00 DEBUG 12012 --- [URL Shortener] [           main] o.h.boot.model.internal.AnnotatedColumn  : Binding column: AnnotatedColumn()
2024-06-12T14:28:33.436+03:00 DEBUG 12012 --- [URL Shortener] [           main] o.h.boot.model.internal.PropertyBinder   : MetadataSourceProcessor property referer with lazy=false
2024-06-12T14:28:33.436+03:00 DEBUG 12012 --- [URL Shortener] [           main] o.h.b.m.internal.AbstractPropertyHolder  : Attempting to locate auto-apply AttributeConverter for property [com.example.url_view.UrlView:referer]
2024-06-12T14:28:33.436+03:00 DEBUG 12012 --- [URL Shortener] [           main] o.h.b.model.internal.BasicValueBinder    : building BasicValue for referer
2024-06-12T14:28:33.436+03:00 DEBUG 12012 --- [URL Shortener] [           main] org.hibernate.mapping.BasicValue         : Skipping column re-registration: url_views.referer
2024-06-12T14:28:33.436+03:00 DEBUG 12012 --- [URL Shortener] [           main] o.h.boot.model.internal.PropertyBinder   : Building property referer
2024-06-12T14:28:33.436+03:00 DEBUG 12012 --- [URL Shortener] [           main] o.h.boot.model.internal.AnnotatedColumn  : Binding column: AnnotatedJoinColumn(column='url_id')
2024-06-12T14:28:33.436+03:00 DEBUG 12012 --- [URL Shortener] [           main] o.h.boot.model.internal.AnnotatedColumn  : Binding column: AnnotatedColumn()
2024-06-12T14:28:33.436+03:00 DEBUG 12012 --- [URL Shortener] [           main] o.h.boot.model.internal.PropertyBinder   : Building property urlProfile
2024-06-12T14:28:33.437+03:00 DEBUG 12012 --- [URL Shortener] [           main] o.h.b.r.c.i.ClassLoaderServiceImpl       : HHH000194: Package not found or no package-info.java: com.example.url_view
2024-06-12T14:28:33.438+03:00 DEBUG 12012 --- [URL Shortener] [           main] o.h.boot.model.internal.EntityBinder     : Binding entity from annotated class: com.example.user.User
2024-06-12T14:28:33.438+03:00 DEBUG 12012 --- [URL Shortener] [           main] o.h.boot.model.internal.EntityBinder     : Import with entity name User
2024-06-12T14:28:33.438+03:00 DEBUG 12012 --- [URL Shortener] [           main] o.h.boot.model.internal.EntityBinder     : Bind entity com.example.user.User on table users
2024-06-12T14:28:33.438+03:00 DEBUG 12012 --- [URL Shortener] [           main] o.h.boot.model.internal.AnnotatedColumn  : Binding column: AnnotatedDiscriminatorColumn(column='DTYPE')
2024-06-12T14:28:33.439+03:00 DEBUG 12012 --- [URL Shortener] [           main] o.h.boot.model.internal.AnnotatedColumn  : Binding column: AnnotatedColumn()
2024-06-12T14:28:33.439+03:00 DEBUG 12012 --- [URL Shortener] [           main] o.h.boot.internal.ClassLoaderAccessImpl  : Not known whether passed class name [com.example.user.User] is safe
2024-06-12T14:28:33.439+03:00 DEBUG 12012 --- [URL Shortener] [           main] o.h.boot.internal.ClassLoaderAccessImpl  : No temp ClassLoader provided; using live ClassLoader for loading potentially unsafe class : com.example.user.User
2024-06-12T14:28:33.439+03:00 DEBUG 12012 --- [URL Shortener] [           main] o.h.boot.model.internal.PropertyBinder   : MetadataSourceProcessor property id with lazy=false
2024-06-12T14:28:33.439+03:00 DEBUG 12012 --- [URL Shortener] [           main] o.h.b.m.internal.AbstractPropertyHolder  : Attempting to locate auto-apply AttributeConverter for property [com.example.user.User:id]
2024-06-12T14:28:33.439+03:00 DEBUG 12012 --- [URL Shortener] [           main] o.h.b.model.internal.BasicValueBinder    : building BasicValue for id
2024-06-12T14:28:33.439+03:00 DEBUG 12012 --- [URL Shortener] [           main] org.hibernate.mapping.BasicValue         : Skipping column re-registration: users.id
2024-06-12T14:28:33.439+03:00 DEBUG 12012 --- [URL Shortener] [           main] o.h.boot.model.internal.PropertyBinder   : Building property id
2024-06-12T14:28:33.439+03:00 DEBUG 12012 --- [URL Shortener] [           main] o.h.boot.model.internal.BinderHelper     : #makeIdGenerator(BasicValue([Column(id)]), id, identity, , ...)
2024-06-12T14:28:33.439+03:00 DEBUG 12012 --- [URL Shortener] [           main] o.h.boot.model.internal.AnnotatedColumn  : Binding column: AnnotatedColumn()
2024-06-12T14:28:33.439+03:00 DEBUG 12012 --- [URL Shortener] [           main] o.h.boot.model.internal.PropertyBinder   : MetadataSourceProcessor property active with lazy=false
2024-06-12T14:28:33.439+03:00 DEBUG 12012 --- [URL Shortener] [           main] o.h.b.m.internal.AbstractPropertyHolder  : Attempting to locate auto-apply AttributeConverter for property [com.example.user.User:active]
2024-06-12T14:28:33.439+03:00 DEBUG 12012 --- [URL Shortener] [           main] o.h.b.model.internal.BasicValueBinder    : building BasicValue for active
2024-06-12T14:28:33.439+03:00 DEBUG 12012 --- [URL Shortener] [           main] org.hibernate.mapping.BasicValue         : Skipping column re-registration: users.active
2024-06-12T14:28:33.439+03:00 DEBUG 12012 --- [URL Shortener] [           main] o.h.boot.model.internal.PropertyBinder   : Building property active
2024-06-12T14:28:33.439+03:00 DEBUG 12012 --- [URL Shortener] [           main] o.h.boot.model.internal.AnnotatedColumn  : Binding column: AnnotatedColumn(column='created_at')
2024-06-12T14:28:33.439+03:00 DEBUG 12012 --- [URL Shortener] [           main] o.h.boot.model.internal.PropertyBinder   : MetadataSourceProcessor property createdAt with lazy=false
2024-06-12T14:28:33.439+03:00 DEBUG 12012 --- [URL Shortener] [           main] o.h.b.m.internal.AbstractPropertyHolder  : Attempting to locate auto-apply AttributeConverter for property [com.example.user.User:createdAt]
2024-06-12T14:28:33.439+03:00 DEBUG 12012 --- [URL Shortener] [           main] o.h.b.model.internal.BasicValueBinder    : building BasicValue for createdAt
2024-06-12T14:28:33.439+03:00 DEBUG 12012 --- [URL Shortener] [           main] org.hibernate.mapping.BasicValue         : Skipping column re-registration: users.created_at
2024-06-12T14:28:33.439+03:00 DEBUG 12012 --- [URL Shortener] [           main] o.h.boot.model.internal.PropertyBinder   : Building property createdAt
2024-06-12T14:28:33.445+03:00 DEBUG 12012 --- [URL Shortener] [           main] o.h.boot.model.internal.AnnotatedColumn  : Binding column: AnnotatedColumn()
2024-06-12T14:28:33.445+03:00 DEBUG 12012 --- [URL Shortener] [           main] o.h.boot.model.internal.PropertyBinder   : MetadataSourceProcessor property email with lazy=false
2024-06-12T14:28:33.445+03:00 DEBUG 12012 --- [URL Shortener] [           main] o.h.b.m.internal.AbstractPropertyHolder  : Attempting to locate auto-apply AttributeConverter for property [com.example.user.User:email]
2024-06-12T14:28:33.445+03:00 DEBUG 12012 --- [URL Shortener] [           main] o.h.b.model.internal.BasicValueBinder    : building BasicValue for email
2024-06-12T14:28:33.445+03:00 DEBUG 12012 --- [URL Shortener] [           main] org.hibernate.mapping.BasicValue         : Skipping column re-registration: users.email
2024-06-12T14:28:33.445+03:00 DEBUG 12012 --- [URL Shortener] [           main] o.h.boot.model.internal.PropertyBinder   : Building property email
2024-06-12T14:28:33.445+03:00 DEBUG 12012 --- [URL Shortener] [           main] o.h.boot.model.internal.AnnotatedColumn  : Binding column: AnnotatedColumn()
2024-06-12T14:28:33.445+03:00 DEBUG 12012 --- [URL Shortener] [           main] o.h.boot.model.internal.PropertyBinder   : MetadataSourceProcessor property locked with lazy=false
2024-06-12T14:28:33.445+03:00 DEBUG 12012 --- [URL Shortener] [           main] o.h.b.m.internal.AbstractPropertyHolder  : Attempting to locate auto-apply AttributeConverter for property [com.example.user.User:locked]
2024-06-12T14:28:33.445+03:00 DEBUG 12012 --- [URL Shortener] [           main] o.h.b.model.internal.BasicValueBinder    : building BasicValue for locked
2024-06-12T14:28:33.445+03:00 DEBUG 12012 --- [URL Shortener] [           main] org.hibernate.mapping.BasicValue         : Skipping column re-registration: users.locked
2024-06-12T14:28:33.445+03:00 DEBUG 12012 --- [URL Shortener] [           main] o.h.boot.model.internal.PropertyBinder   : Building property locked
2024-06-12T14:28:33.445+03:00 DEBUG 12012 --- [URL Shortener] [           main] o.h.boot.model.internal.AnnotatedColumn  : Binding column: AnnotatedColumn()
2024-06-12T14:28:33.445+03:00 DEBUG 12012 --- [URL Shortener] [           main] o.h.boot.model.internal.PropertyBinder   : MetadataSourceProcessor property password with lazy=false
2024-06-12T14:28:33.445+03:00 DEBUG 12012 --- [URL Shortener] [           main] o.h.b.m.internal.AbstractPropertyHolder  : Attempting to locate auto-apply AttributeConverter for property [com.example.user.User:password]
2024-06-12T14:28:33.445+03:00 DEBUG 12012 --- [URL Shortener] [           main] o.h.b.model.internal.BasicValueBinder    : building BasicValue for password
2024-06-12T14:28:33.445+03:00 DEBUG 12012 --- [URL Shortener] [           main] org.hibernate.mapping.BasicValue         : Skipping column re-registration: users.password
2024-06-12T14:28:33.446+03:00 DEBUG 12012 --- [URL Shortener] [           main] o.h.boot.model.internal.PropertyBinder   : Building property password
2024-06-12T14:28:33.446+03:00 DEBUG 12012 --- [URL Shortener] [           main] o.h.boot.model.internal.AnnotatedColumn  : Binding column: AnnotatedJoinColumn(column='role_id')
2024-06-12T14:28:33.446+03:00 DEBUG 12012 --- [URL Shortener] [           main] o.h.boot.model.internal.AnnotatedColumn  : Binding column: AnnotatedColumn()
2024-06-12T14:28:33.446+03:00 DEBUG 12012 --- [URL Shortener] [           main] o.h.boot.model.internal.PropertyBinder   : Building property role
2024-06-12T14:28:33.446+03:00 DEBUG 12012 --- [URL Shortener] [           main] o.h.boot.model.internal.AnnotatedColumn  : Binding column: AnnotatedJoinColumn()
2024-06-12T14:28:33.446+03:00 DEBUG 12012 --- [URL Shortener] [           main] o.h.boot.model.internal.AnnotatedColumn  : Binding column: AnnotatedColumn()
2024-06-12T14:28:33.446+03:00 DEBUG 12012 --- [URL Shortener] [           main] o.h.boot.model.internal.AnnotatedColumn  : Binding column: IndexColumn(column='urls_ORDER')
2024-06-12T14:28:33.446+03:00 DEBUG 12012 --- [URL Shortener] [           main] o.h.boot.model.internal.AnnotatedColumn  : Binding column: AnnotatedColumn()
2024-06-12T14:28:33.446+03:00 DEBUG 12012 --- [URL Shortener] [           main] o.h.boot.model.internal.AnnotatedColumn  : Binding column: AnnotatedColumn(column='urls_KEY')
2024-06-12T14:28:33.446+03:00 DEBUG 12012 --- [URL Shortener] [           main] o.h.boot.model.internal.AnnotatedColumn  : Binding column: AnnotatedJoinColumn(column='urls_KEY')
2024-06-12T14:28:33.446+03:00 DEBUG 12012 --- [URL Shortener] [           main] o.h.boot.model.internal.AnnotatedColumn  : Binding column: AnnotatedJoinColumn()
2024-06-12T14:28:33.446+03:00 DEBUG 12012 --- [URL Shortener] [           main] o.h.boot.model.internal.AnnotatedColumn  : Binding column: AnnotatedJoinColumn()
2024-06-12T14:28:33.446+03:00 DEBUG 12012 --- [URL Shortener] [           main] o.h.b.model.internal.CollectionBinder    : Collection role: com.example.user.User.urls
2024-06-12T14:28:33.446+03:00 DEBUG 12012 --- [URL Shortener] [           main] o.h.boot.model.internal.PropertyBinder   : Building property urls
2024-06-12T14:28:33.447+03:00 DEBUG 12012 --- [URL Shortener] [           main] o.h.boot.model.internal.AnnotatedColumn  : Binding column: AnnotatedColumn(column='username')
2024-06-12T14:28:33.447+03:00 DEBUG 12012 --- [URL Shortener] [           main] o.h.boot.model.internal.PropertyBinder   : MetadataSourceProcessor property username with lazy=false
2024-06-12T14:28:33.447+03:00 DEBUG 12012 --- [URL Shortener] [           main] o.h.b.m.internal.AbstractPropertyHolder  : Attempting to locate auto-apply AttributeConverter for property [com.example.user.User:username]
2024-06-12T14:28:33.447+03:00 DEBUG 12012 --- [URL Shortener] [           main] o.h.b.model.internal.BasicValueBinder    : building BasicValue for username
2024-06-12T14:28:33.447+03:00 DEBUG 12012 --- [URL Shortener] [           main] org.hibernate.mapping.BasicValue         : Skipping column re-registration: users.username
2024-06-12T14:28:33.447+03:00 DEBUG 12012 --- [URL Shortener] [           main] o.h.boot.model.internal.PropertyBinder   : Building property username
2024-06-12T14:28:33.447+03:00 DEBUG 12012 --- [URL Shortener] [           main] o.h.b.r.c.i.ClassLoaderServiceImpl       : HHH000194: Package not found or no package-info.java: com.example.user
2024-06-12T14:28:33.449+03:00 DEBUG 12012 --- [URL Shortener] [           main] o.h.b.model.internal.BasicValueBinder    : Starting `BasicValueBinder#fillSimpleValue` for id
2024-06-12T14:28:33.450+03:00 DEBUG 12012 --- [URL Shortener] [           main] o.h.b.model.internal.BasicValueBinder    : Starting `BasicValueBinder#fillSimpleValue` for name
2024-06-12T14:28:33.450+03:00 DEBUG 12012 --- [URL Shortener] [           main] o.h.b.model.internal.BasicValueBinder    : Starting `BasicValueBinder#fillSimpleValue` for id
2024-06-12T14:28:33.450+03:00 DEBUG 12012 --- [URL Shortener] [           main] o.h.b.model.internal.BasicValueBinder    : Starting `BasicValueBinder#fillSimpleValue` for createdAt
2024-06-12T14:28:33.450+03:00 DEBUG 12012 --- [URL Shortener] [           main] o.h.b.model.internal.BasicValueBinder    : Starting `BasicValueBinder#fillSimpleValue` for longUrl
2024-06-12T14:28:33.450+03:00 DEBUG 12012 --- [URL Shortener] [           main] o.h.b.model.internal.BasicValueBinder    : Starting `BasicValueBinder#fillSimpleValue` for shortUrl
2024-06-12T14:28:33.450+03:00 DEBUG 12012 --- [URL Shortener] [           main] o.h.b.model.internal.BasicValueBinder    : Starting `BasicValueBinder#fillSimpleValue` for validTo
2024-06-12T14:28:33.450+03:00 DEBUG 12012 --- [URL Shortener] [           main] o.h.b.model.internal.BasicValueBinder    : Starting `BasicValueBinder#fillSimpleValue` for id
2024-06-12T14:28:33.450+03:00 DEBUG 12012 --- [URL Shortener] [           main] o.h.b.model.internal.BasicValueBinder    : Starting `BasicValueBinder#fillSimpleValue` for browser
2024-06-12T14:28:33.450+03:00 DEBUG 12012 --- [URL Shortener] [           main] o.h.b.model.internal.BasicValueBinder    : Starting `BasicValueBinder#fillSimpleValue` for ipAddress
2024-06-12T14:28:33.450+03:00 DEBUG 12012 --- [URL Shortener] [           main] o.h.b.model.internal.BasicValueBinder    : Starting `BasicValueBinder#fillSimpleValue` for osSystem
2024-06-12T14:28:33.451+03:00 DEBUG 12012 --- [URL Shortener] [           main] o.h.b.model.internal.BasicValueBinder    : Starting `BasicValueBinder#fillSimpleValue` for referer
2024-06-12T14:28:33.451+03:00 DEBUG 12012 --- [URL Shortener] [           main] o.h.b.model.internal.BasicValueBinder    : Starting `BasicValueBinder#fillSimpleValue` for id
2024-06-12T14:28:33.451+03:00 DEBUG 12012 --- [URL Shortener] [           main] o.h.b.model.internal.BasicValueBinder    : Starting `BasicValueBinder#fillSimpleValue` for active
2024-06-12T14:28:33.451+03:00 DEBUG 12012 --- [URL Shortener] [           main] o.h.b.model.internal.BasicValueBinder    : Starting `BasicValueBinder#fillSimpleValue` for createdAt
2024-06-12T14:28:33.451+03:00 DEBUG 12012 --- [URL Shortener] [           main] o.h.b.model.internal.BasicValueBinder    : Starting `BasicValueBinder#fillSimpleValue` for email
2024-06-12T14:28:33.451+03:00 DEBUG 12012 --- [URL Shortener] [           main] o.h.b.model.internal.BasicValueBinder    : Starting `BasicValueBinder#fillSimpleValue` for locked
2024-06-12T14:28:33.451+03:00 DEBUG 12012 --- [URL Shortener] [           main] o.h.b.model.internal.BasicValueBinder    : Starting `BasicValueBinder#fillSimpleValue` for password
2024-06-12T14:28:33.451+03:00 DEBUG 12012 --- [URL Shortener] [           main] o.h.b.model.internal.BasicValueBinder    : Starting `BasicValueBinder#fillSimpleValue` for username
2024-06-12T14:28:33.456+03:00 DEBUG 12012 --- [URL Shortener] [           main] org.hibernate.mapping.PrimaryKey         : Forcing column [id] to be non-null as it is part of the primary key for table [roles]
2024-06-12T14:28:33.456+03:00 DEBUG 12012 --- [URL Shortener] [           main] org.hibernate.mapping.PrimaryKey         : Forcing column [id] to be non-null as it is part of the primary key for table [url]
2024-06-12T14:28:33.456+03:00 DEBUG 12012 --- [URL Shortener] [           main] org.hibernate.mapping.PrimaryKey         : Forcing column [id] to be non-null as it is part of the primary key for table [url_views]
2024-06-12T14:28:33.456+03:00 DEBUG 12012 --- [URL Shortener] [           main] org.hibernate.mapping.PrimaryKey         : Forcing column [id] to be non-null as it is part of the primary key for table [users]
2024-06-12T14:28:33.458+03:00 DEBUG 12012 --- [URL Shortener] [           main] o.h.b.m.internal.CollectionSecondPass    : Second pass for collection: com.example.url_profile.UrlProfile.urlViews
2024-06-12T14:28:33.458+03:00 DEBUG 12012 --- [URL Shortener] [           main] o.h.b.model.internal.CollectionBinder    : Binding a OneToMany: com.example.url_profile.UrlProfile.urlViews through a foreign key
2024-06-12T14:28:33.461+03:00 DEBUG 12012 --- [URL Shortener] [           main] o.h.b.model.internal.CollectionBinder    : Mapping collection: com.example.url_profile.UrlProfile.urlViews -> url_views
2024-06-12T14:28:33.462+03:00 DEBUG 12012 --- [URL Shortener] [           main] o.h.boot.model.internal.TableBinder      : Retrieving property com.example.url_view.UrlView.urlProfile
2024-06-12T14:28:33.462+03:00 DEBUG 12012 --- [URL Shortener] [           main] o.h.b.m.internal.CollectionSecondPass    : Mapped collection key: url_id, one-to-many: com.example.url_view.UrlView
2024-06-12T14:28:33.462+03:00 DEBUG 12012 --- [URL Shortener] [           main] o.h.b.m.internal.CollectionSecondPass    : Second pass for collection: com.example.user.User.urls
2024-06-12T14:28:33.462+03:00 DEBUG 12012 --- [URL Shortener] [           main] o.h.b.model.internal.CollectionBinder    : Binding a OneToMany: com.example.user.User.urls through a foreign key
2024-06-12T14:28:33.462+03:00 DEBUG 12012 --- [URL Shortener] [           main] o.h.b.model.internal.CollectionBinder    : Mapping collection: com.example.user.User.urls -> url
2024-06-12T14:28:33.463+03:00 DEBUG 12012 --- [URL Shortener] [           main] o.h.boot.model.internal.TableBinder      : Retrieving property com.example.url_profile.UrlProfile.user
2024-06-12T14:28:33.463+03:00 DEBUG 12012 --- [URL Shortener] [           main] o.h.b.m.internal.CollectionSecondPass    : Mapped collection key: created_by, one-to-many: com.example.url_profile.UrlProfile
2024-06-12T14:28:33.522+03:00 DEBUG 12012 --- [URL Shortener] [           main] o.hibernate.internal.SessionFactoryImpl  : Building session factory
2024-06-12T14:28:33.560+03:00 DEBUG 12012 --- [URL Shortener] [           main] .h.s.i.SessionFactoryServiceRegistryImpl : EventListenerRegistry access via ServiceRegistry is deprecated.  Use `sessionFactory.getEventEngine().getListenerRegistry()` instead
2024-06-12T14:28:33.560+03:00 DEBUG 12012 --- [URL Shortener] [           main] o.hibernate.internal.SessionFactoryImpl  : Instantiating SessionFactory with settings: {java.specification.version=21, sun.cpu.isalist=amd64, hibernate.resource.beans.container=org.springframework.orm.hibernate5.SpringBeanContainer@f714749, hibernate.connection.handling_mode=DELAYED_ACQUISITION_AND_HOLD, sun.jnu.encoding=Cp1251, hibernate.dialect=org.hibernate.dialect.PostgreSQLDialect, hibernate.implicit_naming_strategy=org.springframework.boot.orm.jpa.hibernate.SpringImplicitNamingStrategy, java.class.path=H:\WORK\URL-Shortener\target\test-classes;H:\WORK\URL-Shortener\target\classes;C:\Users\daniel\.m2\repository\org\springframework\boot\spring-boot-starter-web\3.3.0\spring-boot-starter-web-3.3.0.jar;C:\Users\daniel\.m2\repository\org\springframework\boot\spring-boot-starter\3.3.0\spring-boot-starter-3.3.0.jar;C:\Users\daniel\.m2\repository\org\springframework\boot\spring-boot\3.3.0\spring-boot-3.3.0.jar;C:\Users\daniel\.m2\repository\org\springframework\boot\spring-boot-autoconfigure\3.3.0\spring-boot-autoconfigure-3.3.0.jar;C:\Users\daniel\.m2\repository\org\springframework\boot\spring-boot-starter-logging\3.3.0\spring-boot-starter-logging-3.3.0.jar;C:\Users\daniel\.m2\repository\ch\qos\logback\logback-classic\1.5.6\logback-classic-1.5.6.jar;C:\Users\daniel\.m2\repository\ch\qos\logback\logback-core\1.5.6\logback-core-1.5.6.jar;C:\Users\daniel\.m2\repository\org\apache\logging\log4j\log4j-to-slf4j\2.23.1\log4j-to-slf4j-2.23.1.jar;C:\Users\daniel\.m2\repository\org\apache\logging\log4j\log4j-api\2.23.1\log4j-api-2.23.1.jar;C:\Users\daniel\.m2\repository\org\slf4j\jul-to-slf4j\2.0.13\jul-to-slf4j-2.0.13.jar;C:\Users\daniel\.m2\repository\jakarta\annotation\jakarta.annotation-api\2.1.1\jakarta.annotation-api-2.1.1.jar;C:\Users\daniel\.m2\repository\org\yaml\snakeyaml\2.2\snakeyaml-2.2.jar;C:\Users\daniel\.m2\repository\org\springframework\boot\spring-boot-starter-json\3.3.0\spring-boot-starter-json-3.3.0.jar;C:\Users\daniel\.m2\repository\com\fasterxml\jackson\core\jackson-databind\2.17.1\jackson-databind-2.17.1.jar;C:\Users\daniel\.m2\repository\com\fasterxml\jackson\core\jackson-annotations\2.17.1\jackson-annotations-2.17.1.jar;C:\Users\daniel\.m2\repository\com\fasterxml\jackson\datatype\jackson-datatype-jdk8\2.17.1\jackson-datatype-jdk8-2.17.1.jar;C:\Users\daniel\.m2\repository\com\fasterxml\jackson\datatype\jackson-datatype-jsr310\2.17.1\jackson-datatype-jsr310-2.17.1.jar;C:\Users\daniel\.m2\repository\com\fasterxml\jackson\module\jackson-module-parameter-names\2.17.1\jackson-module-parameter-names-2.17.1.jar;C:\Users\daniel\.m2\repository\org\springframework\boot\spring-boot-starter-tomcat\3.3.0\spring-boot-starter-tomcat-3.3.0.jar;C:\Users\daniel\.m2\repository\org\apache\tomcat\embed\tomcat-embed-core\10.1.24\tomcat-embed-core-10.1.24.jar;C:\Users\daniel\.m2\repository\org\apache\tomcat\embed\tomcat-embed-el\10.1.24\tomcat-embed-el-10.1.24.jar;C:\Users\daniel\.m2\repository\org\apache\tomcat\embed\tomcat-embed-websocket\10.1.24\tomcat-embed-websocket-10.1.24.jar;C:\Users\daniel\.m2\repository\org\springframework\spring-web\6.1.8\spring-web-6.1.8.jar;C:\Users\daniel\.m2\repository\org\springframework\spring-beans\6.1.8\spring-beans-6.1.8.jar;C:\Users\daniel\.m2\repository\io\micrometer\micrometer-observation\1.13.0\micrometer-observation-1.13.0.jar;C:\Users\daniel\.m2\repository\io\micrometer\micrometer-commons\1.13.0\micrometer-commons-1.13.0.jar;C:\Users\daniel\.m2\repository\org\springframework\spring-webmvc\6.1.8\spring-webmvc-6.1.8.jar;C:\Users\daniel\.m2\repository\org\springframework\spring-context\6.1.8\spring-context-6.1.8.jar;C:\Users\daniel\.m2\repository\org\springframework\spring-expression\6.1.8\spring-expression-6.1.8.jar;C:\Users\daniel\.m2\repository\org\flywaydb\flyway-core\10.10.0\flyway-core-10.10.0.jar;C:\Users\daniel\.m2\repository\com\fasterxml\jackson\dataformat\jackson-dataformat-toml\2.17.1\jackson-dataformat-toml-2.17.1.jar;C:\Users\daniel\.m2\repository\com\fasterxml\jackson\core\jackson-core\2.17.1\jackson-core-2.17.1.jar;C:\Users\daniel\.m2\repository\com\google\code\gson\gson\2.10.1\gson-2.10.1.jar;C:\Users\daniel\.m2\repository\org\flywaydb\flyway-database-postgresql\10.10.0\flyway-database-postgresql-10.10.0.jar;C:\Users\daniel\.m2\repository\org\springdoc\springdoc-openapi-starter-webmvc-ui\2.3.0\springdoc-openapi-starter-webmvc-ui-2.3.0.jar;C:\Users\daniel\.m2\repository\org\springdoc\springdoc-openapi-starter-webmvc-api\2.3.0\springdoc-openapi-starter-webmvc-api-2.3.0.jar;C:\Users\daniel\.m2\repository\org\springdoc\springdoc-openapi-starter-common\2.3.0\springdoc-openapi-starter-common-2.3.0.jar;C:\Users\daniel\.m2\repository\io\swagger\core\v3\swagger-core-jakarta\2.2.19\swagger-core-jakarta-2.2.19.jar;C:\Users\daniel\.m2\repository\org\apache\commons\commons-lang3\3.14.0\commons-lang3-3.14.0.jar;C:\Users\daniel\.m2\repository\io\swagger\core\v3\swagger-annotations-jakarta\2.2.19\swagger-annotations-jakarta-2.2.19.jar;C:\Users\daniel\.m2\repository\io\swagger\core\v3\swagger-models-jakarta\2.2.19\swagger-models-jakarta-2.2.19.jar;C:\Users\daniel\.m2\repository\jakarta\validation\jakarta.validation-api\3.0.2\jakarta.validation-api-3.0.2.jar;C:\Users\daniel\.m2\repository\com\fasterxml\jackson\dataformat\jackson-dataformat-yaml\2.17.1\jackson-dataformat-yaml-2.17.1.jar;C:\Users\daniel\.m2\repository\org\webjars\swagger-ui\5.10.3\swagger-ui-5.10.3.jar;C:\Users\daniel\.m2\repository\org\postgresql\postgresql\42.7.3\postgresql-42.7.3.jar;C:\Users\daniel\.m2\repository\org\checkerframework\checker-qual\3.42.0\checker-qual-3.42.0.jar;C:\Users\daniel\.m2\repository\org\projectlombok\lombok\1.18.32\lombok-1.18.32.jar;C:\Users\daniel\.m2\repository\org\springframework\boot\spring-boot-starter-test\3.3.0\spring-boot-starter-test-3.3.0.jar;C:\Users\daniel\.m2\repository\org\springframework\boot\spring-boot-test\3.3.0\spring-boot-test-3.3.0.jar;C:\Users\daniel\.m2\repository\org\springframework\boot\spring-boot-test-autoconfigure\3.3.0\spring-boot-test-autoconfigure-3.3.0.jar;C:\Users\daniel\.m2\repository\com\jayway\jsonpath\json-path\2.9.0\json-path-2.9.0.jar;C:\Users\daniel\.m2\repository\org\slf4j\slf4j-api\2.0.13\slf4j-api-2.0.13.jar;C:\Users\daniel\.m2\repository\jakarta\xml\bind\jakarta.xml.bind-api\4.0.2\jakarta.xml.bind-api-4.0.2.jar;C:\Users\daniel\.m2\repository\jakarta\activation\jakarta.activation-api\2.1.3\jakarta.activation-api-2.1.3.jar;C:\Users\daniel\.m2\repository\net\minidev\json-smart\2.5.1\json-smart-2.5.1.jar;C:\Users\daniel\.m2\repository\net\minidev\accessors-smart\2.5.1\accessors-smart-2.5.1.jar;C:\Users\daniel\.m2\repository\org\ow2\asm\asm\9.6\asm-9.6.jar;C:\Users\daniel\.m2\repository\org\assertj\assertj-core\3.25.3\assertj-core-3.25.3.jar;C:\Users\daniel\.m2\repository\net\bytebuddy\byte-buddy\1.14.16\byte-buddy-1.14.16.jar;C:\Users\daniel\.m2\repository\org\awaitility\awaitility\4.2.1\awaitility-4.2.1.jar;C:\Users\daniel\.m2\repository\org\hamcrest\hamcrest\2.2\hamcrest-2.2.jar;C:\Users\daniel\.m2\repository\org\junit\jupiter\junit-jupiter\5.10.2\junit-jupiter-5.10.2.jar;C:\Users\daniel\.m2\repository\org\junit\jupiter\junit-jupiter-params\5.10.2\junit-jupiter-params-5.10.2.jar;C:\Users\daniel\.m2\repository\org\junit\jupiter\junit-jupiter-engine\5.10.2\junit-jupiter-engine-5.10.2.jar;C:\Users\daniel\.m2\repository\org\junit\platform\junit-platform-engine\1.10.2\junit-platform-engine-1.10.2.jar;C:\Users\daniel\.m2\repository\org\mockito\mockito-core\5.11.0\mockito-core-5.11.0.jar;C:\Users\daniel\.m2\repository\net\bytebuddy\byte-buddy-agent\1.14.16\byte-buddy-agent-1.14.16.jar;C:\Users\daniel\.m2\repository\org\objenesis\objenesis\3.3\objenesis-3.3.jar;C:\Users\daniel\.m2\repository\org\mockito\mockito-junit-jupiter\5.11.0\mockito-junit-jupiter-5.11.0.jar;C:\Users\daniel\.m2\repository\org\skyscreamer\jsonassert\1.5.1\jsonassert-1.5.1.jar;C:\Users\daniel\.m2\repository\com\vaadin\external\google\android-json\0.0.20131108.vaadin1\android-json-0.0.20131108.vaadin1.jar;C:\Users\daniel\.m2\repository\org\springframework\spring-core\6.1.8\spring-core-6.1.8.jar;C:\Users\daniel\.m2\repository\org\springframework\spring-jcl\6.1.8\spring-jcl-6.1.8.jar;C:\Users\daniel\.m2\repository\org\springframework\spring-test\6.1.8\spring-test-6.1.8.jar;C:\Users\daniel\.m2\repository\org\xmlunit\xmlunit-core\2.9.1\xmlunit-core-2.9.1.jar;C:\Users\daniel\.m2\repository\org\springframework\boot\spring-boot-starter-data-jpa\3.3.0\spring-boot-starter-data-jpa-3.3.0.jar;C:\Users\daniel\.m2\repository\org\springframework\boot\spring-boot-starter-aop\3.3.0\spring-boot-starter-aop-3.3.0.jar;C:\Users\daniel\.m2\repository\org\aspectj\aspectjweaver\1.9.22\aspectjweaver-1.9.22.jar;C:\Users\daniel\.m2\repository\org\springframework\boot\spring-boot-starter-jdbc\3.3.0\spring-boot-starter-jdbc-3.3.0.jar;C:\Users\daniel\.m2\repository\com\zaxxer\HikariCP\5.1.0\HikariCP-5.1.0.jar;C:\Users\daniel\.m2\repository\org\springframework\spring-jdbc\6.1.8\spring-jdbc-6.1.8.jar;C:\Users\daniel\.m2\repository\org\hibernate\orm\hibernate-core\6.5.2.Final\hibernate-core-6.5.2.Final.jar;C:\Users\daniel\.m2\repository\jakarta\persistence\jakarta.persistence-api\3.1.0\jakarta.persistence-api-3.1.0.jar;C:\Users\daniel\.m2\repository\jakarta\transaction\jakarta.transaction-api\2.0.1\jakarta.transaction-api-2.0.1.jar;C:\Users\daniel\.m2\repository\org\jboss\logging\jboss-logging\3.5.3.Final\jboss-logging-3.5.3.Final.jar;C:\Users\daniel\.m2\repository\org\hibernate\common\hibernate-commons-annotations\6.0.6.Final\hibernate-commons-annotations-6.0.6.Final.jar;C:\Users\daniel\.m2\repository\io\smallrye\jandex\3.1.2\jandex-3.1.2.jar;C:\Users\daniel\.m2\repository\com\fasterxml\classmate\1.7.0\classmate-1.7.0.jar;C:\Users\daniel\.m2\repository\org\glassfish\jaxb\jaxb-runtime\4.0.5\jaxb-runtime-4.0.5.jar;C:\Users\daniel\.m2\repository\org\glassfish\jaxb\jaxb-core\4.0.5\jaxb-core-4.0.5.jar;C:\Users\daniel\.m2\repository\org\eclipse\angus\angus-activation\2.0.2\angus-activation-2.0.2.jar;C:\Users\daniel\.m2\repository\org\glassfish\jaxb\txw2\4.0.5\txw2-4.0.5.jar;C:\Users\daniel\.m2\repository\com\sun\istack\istack-commons-runtime\4.1.2\istack-commons-runtime-4.1.2.jar;C:\Users\daniel\.m2\repository\jakarta\inject\jakarta.inject-api\2.0.1\jakarta.inject-api-2.0.1.jar;C:\Users\daniel\.m2\repository\org\antlr\antlr4-runtime\4.13.0\antlr4-runtime-4.13.0.jar;C:\Users\daniel\.m2\repository\org\springframework\data\spring-data-jpa\3.3.0\spring-data-jpa-3.3.0.jar;C:\Users\daniel\.m2\repository\org\springframework\data\spring-data-commons\3.3.0\spring-data-commons-3.3.0.jar;C:\Users\daniel\.m2\repository\org\springframework\spring-orm\6.1.8\spring-orm-6.1.8.jar;C:\Users\daniel\.m2\repository\org\springframework\spring-tx\6.1.8\spring-tx-6.1.8.jar;C:\Users\daniel\.m2\repository\org\springframework\spring-aspects\6.1.8\spring-aspects-6.1.8.jar;C:\Users\daniel\.m2\repository\org\springframework\boot\spring-boot-starter-security\3.3.0\spring-boot-starter-security-3.3.0.jar;C:\Users\daniel\.m2\repository\org\springframework\spring-aop\6.1.8\spring-aop-6.1.8.jar;C:\Users\daniel\.m2\repository\org\springframework\security\spring-security-config\6.3.0\spring-security-config-6.3.0.jar;C:\Users\daniel\.m2\repository\org\springframework\security\spring-security-core\6.3.0\spring-security-core-6.3.0.jar;C:\Users\daniel\.m2\repository\org\springframework\security\spring-security-crypto\6.3.0\spring-security-crypto-6.3.0.jar;C:\Users\daniel\.m2\repository\org\springframework\security\spring-security-web\6.3.0\spring-security-web-6.3.0.jar;C:\Users\daniel\.m2\repository\io\jsonwebtoken\jjwt\0.12.5\jjwt-0.12.5.jar;C:\Users\daniel\.m2\repository\io\jsonwebtoken\jjwt-api\0.12.5\jjwt-api-0.12.5.jar;C:\Users\daniel\.m2\repository\io\jsonwebtoken\jjwt-impl\0.12.5\jjwt-impl-0.12.5.jar;C:\Users\daniel\.m2\repository\io\jsonwebtoken\jjwt-jackson\0.12.5\jjwt-jackson-0.12.5.jar;C:\Users\daniel\.m2\repository\com\h2database\h2\2.2.224\h2-2.2.224.jar;C:\Users\daniel\.m2\repository\org\springframework\boot\spring-boot-starter-data-redis\3.3.0\spring-boot-starter-data-redis-3.3.0.jar;C:\Users\daniel\.m2\repository\io\lettuce\lettuce-core\6.3.2.RELEASE\lettuce-core-6.3.2.RELEASE.jar;C:\Users\daniel\.m2\repository\io\netty\netty-common\4.1.110.Final\netty-common-4.1.110.Final.jar;C:\Users\daniel\.m2\repository\io\netty\netty-handler\4.1.110.Final\netty-handler-4.1.110.Final.jar;C:\Users\daniel\.m2\repository\io\netty\netty-resolver\4.1.110.Final\netty-resolver-4.1.110.Final.jar;C:\Users\daniel\.m2\repository\io\netty\netty-buffer\4.1.110.Final\netty-buffer-4.1.110.Final.jar;C:\Users\daniel\.m2\repository\io\netty\netty-transport-native-unix-common\4.1.110.Final\netty-transport-native-unix-common-4.1.110.Final.jar;C:\Users\daniel\.m2\repository\io\netty\netty-codec\4.1.110.Final\netty-codec-4.1.110.Final.jar;C:\Users\daniel\.m2\repository\io\netty\netty-transport\4.1.110.Final\netty-transport-4.1.110.Final.jar;C:\Users\daniel\.m2\repository\io\projectreactor\reactor-core\3.6.6\reactor-core-3.6.6.jar;C:\Users\daniel\.m2\repository\org\reactivestreams\reactive-streams\1.0.4\reactive-streams-1.0.4.jar;C:\Users\daniel\.m2\repository\org\springframework\data\spring-data-redis\3.3.0\spring-data-redis-3.3.0.jar;C:\Users\daniel\.m2\repository\org\springframework\data\spring-data-keyvalue\3.3.0\spring-data-keyvalue-3.3.0.jar;C:\Users\daniel\.m2\repository\org\springframework\spring-oxm\6.1.8\spring-oxm-6.1.8.jar;C:\Users\daniel\.m2\repository\org\springframework\spring-context-support\6.1.8\spring-context-support-6.1.8.jar;C:\Users\daniel\.m2\repository\org\testcontainers\postgresql\1.17.6\postgresql-1.17.6.jar;C:\Users\daniel\.m2\repository\org\testcontainers\jdbc\1.19.8\jdbc-1.19.8.jar;C:\Users\daniel\.m2\repository\org\testcontainers\database-commons\1.19.8\database-commons-1.19.8.jar;C:\Users\daniel\.m2\repository\org\testcontainers\junit-jupiter\1.17.6\junit-jupiter-1.17.6.jar;C:\Users\daniel\.m2\repository\org\testcontainers\testcontainers\1.19.8\testcontainers-1.19.8.jar;C:\Users\daniel\.m2\repository\junit\junit\4.13.2\junit-4.13.2.jar;C:\Users\daniel\.m2\repository\org\hamcrest\hamcrest-core\2.2\hamcrest-core-2.2.jar;C:\Users\daniel\.m2\repository\org\apache\commons\commons-compress\1.24.0\commons-compress-1.24.0.jar;C:\Users\daniel\.m2\repository\org\rnorth\duct-tape\duct-tape\1.0.8\duct-tape-1.0.8.jar;C:\Users\daniel\.m2\repository\org\jetbrains\annotations\17.0.0\annotations-17.0.0.jar;C:\Users\daniel\.m2\repository\com\github\docker-java\docker-java-api\3.3.6\docker-java-api-3.3.6.jar;C:\Users\daniel\.m2\repository\com\github\docker-java\docker-java-transport-zerodep\3.3.6\docker-java-transport-zerodep-3.3.6.jar;C:\Users\daniel\.m2\repository\com\github\docker-java\docker-java-transport\3.3.6\docker-java-transport-3.3.6.jar;C:\Users\daniel\.m2\repository\net\java\dev\jna\jna\5.13.0\jna-5.13.0.jar;C:\Users\daniel\.m2\repository\org\junit\jupiter\junit-jupiter-api\5.10.2\junit-jupiter-api-5.10.2.jar;C:\Users\daniel\.m2\repository\org\opentest4j\opentest4j\1.3.0\opentest4j-1.3.0.jar;C:\Users\daniel\.m2\repository\org\junit\platform\junit-platform-commons\1.10.2\junit-platform-commons-1.10.2.jar;C:\Users\daniel\.m2\repository\org\apiguardian\apiguardian-api\1.1.2\apiguardian-api-1.1.2.jar;, java.vm.vendor=Oracle Corporation, sun.arch.data.model=64, user.variant=, java.vendor.url=https://java.oracle.com/, user.timezone=Europe/Kiev, jakarta.persistence.sharedCache.mode=UNSPECIFIED, org.jboss.logging.provider=slf4j, user.country.format=UA, java.vm.specification.version=21, os.name=Windows 11, jakarta.persistence.nonJtaDataSource=HikariDataSource (HikariPool-1), sun.java.launcher=SUN_STANDARD, user.country=RU, sun.boot.library.path=C:\Program Files\Java\jdk-21\bin, sun.java.command=C:\Users\daniel\AppData\Local\Temp\surefire14997565960872538917\surefirebooter-20240612142816087_3.jar C:\Users\daniel\AppData\Local\Temp\surefire14997565960872538917 2024-06-12T14-28-15_973-jvmRun1 surefire-20240612142816087_1tmp surefire_0-20240612142816087_2tmp, javax.persistence.nonJtaDataSource=HikariDataSource (HikariPool-1), hibernate.transaction.jta.platform=org.hibernate.engine.transaction.jta.platform.internal.NoJtaPlatform@25f3207e, jdk.debug=release, surefire.test.class.path=H:\WORK\URL-Shortener\target\test-classes;H:\WORK\URL-Shortener\target\classes;C:\Users\daniel\.m2\repository\org\springframework\boot\spring-boot-starter-web\3.3.0\spring-boot-starter-web-3.3.0.jar;C:\Users\daniel\.m2\repository\org\springframework\boot\spring-boot-starter\3.3.0\spring-boot-starter-3.3.0.jar;C:\Users\daniel\.m2\repository\org\springframework\boot\spring-boot\3.3.0\spring-boot-3.3.0.jar;C:\Users\daniel\.m2\repository\org\springframework\boot\spring-boot-autoconfigure\3.3.0\spring-boot-autoconfigure-3.3.0.jar;C:\Users\daniel\.m2\repository\org\springframework\boot\spring-boot-starter-logging\3.3.0\spring-boot-starter-logging-3.3.0.jar;C:\Users\daniel\.m2\repository\ch\qos\logback\logback-classic\1.5.6\logback-classic-1.5.6.jar;C:\Users\daniel\.m2\repository\ch\qos\logback\logback-core\1.5.6\logback-core-1.5.6.jar;C:\Users\daniel\.m2\repository\org\apache\logging\log4j\log4j-to-slf4j\2.23.1\log4j-to-slf4j-2.23.1.jar;C:\Users\daniel\.m2\repository\org\apache\logging\log4j\log4j-api\2.23.1\log4j-api-2.23.1.jar;C:\Users\daniel\.m2\repository\org\slf4j\jul-to-slf4j\2.0.13\jul-to-slf4j-2.0.13.jar;C:\Users\daniel\.m2\repository\jakarta\annotation\jakarta.annotation-api\2.1.1\jakarta.annotation-api-2.1.1.jar;C:\Users\daniel\.m2\repository\org\yaml\snakeyaml\2.2\snakeyaml-2.2.jar;C:\Users\daniel\.m2\repository\org\springframework\boot\spring-boot-starter-json\3.3.0\spring-boot-starter-json-3.3.0.jar;C:\Users\daniel\.m2\repository\com\fasterxml\jackson\core\jackson-databind\2.17.1\jackson-databind-2.17.1.jar;C:\Users\daniel\.m2\repository\com\fasterxml\jackson\core\jackson-annotations\2.17.1\jackson-annotations-2.17.1.jar;C:\Users\daniel\.m2\repository\com\fasterxml\jackson\datatype\jackson-datatype-jdk8\2.17.1\jackson-datatype-jdk8-2.17.1.jar;C:\Users\daniel\.m2\repository\com\fasterxml\jackson\datatype\jackson-datatype-jsr310\2.17.1\jackson-datatype-jsr310-2.17.1.jar;C:\Users\daniel\.m2\repository\com\fasterxml\jackson\module\jackson-module-parameter-names\2.17.1\jackson-module-parameter-names-2.17.1.jar;C:\Users\daniel\.m2\repository\org\springframework\boot\spring-boot-starter-tomcat\3.3.0\spring-boot-starter-tomcat-3.3.0.jar;C:\Users\daniel\.m2\repository\org\apache\tomcat\embed\tomcat-embed-core\10.1.24\tomcat-embed-core-10.1.24.jar;C:\Users\daniel\.m2\repository\org\apache\tomcat\embed\tomcat-embed-el\10.1.24\tomcat-embed-el-10.1.24.jar;C:\Users\daniel\.m2\repository\org\apache\tomcat\embed\tomcat-embed-websocket\10.1.24\tomcat-embed-websocket-10.1.24.jar;C:\Users\daniel\.m2\repository\org\springframework\spring-web\6.1.8\spring-web-6.1.8.jar;C:\Users\daniel\.m2\repository\org\springframework\spring-beans\6.1.8\spring-beans-6.1.8.jar;C:\Users\daniel\.m2\repository\io\micrometer\micrometer-observation\1.13.0\micrometer-observation-1.13.0.jar;C:\Users\daniel\.m2\repository\io\micrometer\micrometer-commons\1.13.0\micrometer-commons-1.13.0.jar;C:\Users\daniel\.m2\repository\org\springframework\spring-webmvc\6.1.8\spring-webmvc-6.1.8.jar;C:\Users\daniel\.m2\repository\org\springframework\spring-context\6.1.8\spring-context-6.1.8.jar;C:\Users\daniel\.m2\repository\org\springframework\spring-expression\6.1.8\spring-expression-6.1.8.jar;C:\Users\daniel\.m2\repository\org\flywaydb\flyway-core\10.10.0\flyway-core-10.10.0.jar;C:\Users\daniel\.m2\repository\com\fasterxml\jackson\dataformat\jackson-dataformat-toml\2.17.1\jackson-dataformat-toml-2.17.1.jar;C:\Users\daniel\.m2\repository\com\fasterxml\jackson\core\jackson-core\2.17.1\jackson-core-2.17.1.jar;C:\Users\daniel\.m2\repository\com\google\code\gson\gson\2.10.1\gson-2.10.1.jar;C:\Users\daniel\.m2\repository\org\flywaydb\flyway-database-postgresql\10.10.0\flyway-database-postgresql-10.10.0.jar;C:\Users\daniel\.m2\repository\org\springdoc\springdoc-openapi-starter-webmvc-ui\2.3.0\springdoc-openapi-starter-webmvc-ui-2.3.0.jar;C:\Users\daniel\.m2\repository\org\springdoc\springdoc-openapi-starter-webmvc-api\2.3.0\springdoc-openapi-starter-webmvc-api-2.3.0.jar;C:\Users\daniel\.m2\repository\org\springdoc\springdoc-openapi-starter-common\2.3.0\springdoc-openapi-starter-common-2.3.0.jar;C:\Users\daniel\.m2\repository\io\swagger\core\v3\swagger-core-jakarta\2.2.19\swagger-core-jakarta-2.2.19.jar;C:\Users\daniel\.m2\repository\org\apache\commons\commons-lang3\3.14.0\commons-lang3-3.14.0.jar;C:\Users\daniel\.m2\repository\io\swagger\core\v3\swagger-annotations-jakarta\2.2.19\swagger-annotations-jakarta-2.2.19.jar;C:\Users\daniel\.m2\repository\io\swagger\core\v3\swagger-models-jakarta\2.2.19\swagger-models-jakarta-2.2.19.jar;C:\Users\daniel\.m2\repository\jakarta\validation\jakarta.validation-api\3.0.2\jakarta.validation-api-3.0.2.jar;C:\Users\daniel\.m2\repository\com\fasterxml\jackson\dataformat\jackson-dataformat-yaml\2.17.1\jackson-dataformat-yaml-2.17.1.jar;C:\Users\daniel\.m2\repository\org\webjars\swagger-ui\5.10.3\swagger-ui-5.10.3.jar;C:\Users\daniel\.m2\repository\org\postgresql\postgresql\42.7.3\postgresql-42.7.3.jar;C:\Users\daniel\.m2\repository\org\checkerframework\checker-qual\3.42.0\checker-qual-3.42.0.jar;C:\Users\daniel\.m2\repository\org\projectlombok\lombok\1.18.32\lombok-1.18.32.jar;C:\Users\daniel\.m2\repository\org\springframework\boot\spring-boot-starter-test\3.3.0\spring-boot-starter-test-3.3.0.jar;C:\Users\daniel\.m2\repository\org\springframework\boot\spring-boot-test\3.3.0\spring-boot-test-3.3.0.jar;C:\Users\daniel\.m2\repository\org\springframework\boot\spring-boot-test-autoconfigure\3.3.0\spring-boot-test-autoconfigure-3.3.0.jar;C:\Users\daniel\.m2\repository\com\jayway\jsonpath\json-path\2.9.0\json-path-2.9.0.jar;C:\Users\daniel\.m2\repository\org\slf4j\slf4j-api\2.0.13\slf4j-api-2.0.13.jar;C:\Users\daniel\.m2\repository\jakarta\xml\bind\jakarta.xml.bind-api\4.0.2\jakarta.xml.bind-api-4.0.2.jar;C:\Users\daniel\.m2\repository\jakarta\activation\jakarta.activation-api\2.1.3\jakarta.activation-api-2.1.3.jar;C:\Users\daniel\.m2\repository\net\minidev\json-smart\2.5.1\json-smart-2.5.1.jar;C:\Users\daniel\.m2\repository\net\minidev\accessors-smart\2.5.1\accessors-smart-2.5.1.jar;C:\Users\daniel\.m2\repository\org\ow2\asm\asm\9.6\asm-9.6.jar;C:\Users\daniel\.m2\repository\org\assertj\assertj-core\3.25.3\assertj-core-3.25.3.jar;C:\Users\daniel\.m2\repository\net\bytebuddy\byte-buddy\1.14.16\byte-buddy-1.14.16.jar;C:\Users\daniel\.m2\repository\org\awaitility\awaitility\4.2.1\awaitility-4.2.1.jar;C:\Users\daniel\.m2\repository\org\hamcrest\hamcrest\2.2\hamcrest-2.2.jar;C:\Users\daniel\.m2\repository\org\junit\jupiter\junit-jupiter\5.10.2\junit-jupiter-5.10.2.jar;C:\Users\daniel\.m2\repository\org\junit\jupiter\junit-jupiter-params\5.10.2\junit-jupiter-params-5.10.2.jar;C:\Users\daniel\.m2\repository\org\junit\jupiter\junit-jupiter-engine\5.10.2\junit-jupiter-engine-5.10.2.jar;C:\Users\daniel\.m2\repository\org\junit\platform\junit-platform-engine\1.10.2\junit-platform-engine-1.10.2.jar;C:\Users\daniel\.m2\repository\org\mockito\mockito-core\5.11.0\mockito-core-5.11.0.jar;C:\Users\daniel\.m2\repository\net\bytebuddy\byte-buddy-agent\1.14.16\byte-buddy-agent-1.14.16.jar;C:\Users\daniel\.m2\repository\org\objenesis\objenesis\3.3\objenesis-3.3.jar;C:\Users\daniel\.m2\repository\org\mockito\mockito-junit-jupiter\5.11.0\mockito-junit-jupiter-5.11.0.jar;C:\Users\daniel\.m2\repository\org\skyscreamer\jsonassert\1.5.1\jsonassert-1.5.1.jar;C:\Users\daniel\.m2\repository\com\vaadin\external\google\android-json\0.0.20131108.vaadin1\android-json-0.0.20131108.vaadin1.jar;C:\Users\daniel\.m2\repository\org\springframework\spring-core\6.1.8\spring-core-6.1.8.jar;C:\Users\daniel\.m2\repository\org\springframework\spring-jcl\6.1.8\spring-jcl-6.1.8.jar;C:\Users\daniel\.m2\repository\org\springframework\spring-test\6.1.8\spring-test-6.1.8.jar;C:\Users\daniel\.m2\repository\org\xmlunit\xmlunit-core\2.9.1\xmlunit-core-2.9.1.jar;C:\Users\daniel\.m2\repository\org\springframework\boot\spring-boot-starter-data-jpa\3.3.0\spring-boot-starter-data-jpa-3.3.0.jar;C:\Users\daniel\.m2\repository\org\springframework\boot\spring-boot-starter-aop\3.3.0\spring-boot-starter-aop-3.3.0.jar;C:\Users\daniel\.m2\repository\org\aspectj\aspectjweaver\1.9.22\aspectjweaver-1.9.22.jar;C:\Users\daniel\.m2\repository\org\springframework\boot\spring-boot-starter-jdbc\3.3.0\spring-boot-starter-jdbc-3.3.0.jar;C:\Users\daniel\.m2\repository\com\zaxxer\HikariCP\5.1.0\HikariCP-5.1.0.jar;C:\Users\daniel\.m2\repository\org\springframework\spring-jdbc\6.1.8\spring-jdbc-6.1.8.jar;C:\Users\daniel\.m2\repository\org\hibernate\orm\hibernate-core\6.5.2.Final\hibernate-core-6.5.2.Final.jar;C:\Users\daniel\.m2\repository\jakarta\persistence\jakarta.persistence-api\3.1.0\jakarta.persistence-api-3.1.0.jar;C:\Users\daniel\.m2\repository\jakarta\transaction\jakarta.transaction-api\2.0.1\jakarta.transaction-api-2.0.1.jar;C:\Users\daniel\.m2\repository\org\jboss\logging\jboss-logging\3.5.3.Final\jboss-logging-3.5.3.Final.jar;C:\Users\daniel\.m2\repository\org\hibernate\common\hibernate-commons-annotations\6.0.6.Final\hibernate-commons-annotations-6.0.6.Final.jar;C:\Users\daniel\.m2\repository\io\smallrye\jandex\3.1.2\jandex-3.1.2.jar;C:\Users\daniel\.m2\repository\com\fasterxml\classmate\1.7.0\classmate-1.7.0.jar;C:\Users\daniel\.m2\repository\org\glassfish\jaxb\jaxb-runtime\4.0.5\jaxb-runtime-4.0.5.jar;C:\Users\daniel\.m2\repository\org\glassfish\jaxb\jaxb-core\4.0.5\jaxb-core-4.0.5.jar;C:\Users\daniel\.m2\repository\org\eclipse\angus\angus-activation\2.0.2\angus-activation-2.0.2.jar;C:\Users\daniel\.m2\repository\org\glassfish\jaxb\txw2\4.0.5\txw2-4.0.5.jar;C:\Users\daniel\.m2\repository\com\sun\istack\istack-commons-runtime\4.1.2\istack-commons-runtime-4.1.2.jar;C:\Users\daniel\.m2\repository\jakarta\inject\jakarta.inject-api\2.0.1\jakarta.inject-api-2.0.1.jar;C:\Users\daniel\.m2\repository\org\antlr\antlr4-runtime\4.13.0\antlr4-runtime-4.13.0.jar;C:\Users\daniel\.m2\repository\org\springframework\data\spring-data-jpa\3.3.0\spring-data-jpa-3.3.0.jar;C:\Users\daniel\.m2\repository\org\springframework\data\spring-data-commons\3.3.0\spring-data-commons-3.3.0.jar;C:\Users\daniel\.m2\repository\org\springframework\spring-orm\6.1.8\spring-orm-6.1.8.jar;C:\Users\daniel\.m2\repository\org\springframework\spring-tx\6.1.8\spring-tx-6.1.8.jar;C:\Users\daniel\.m2\repository\org\springframework\spring-aspects\6.1.8\spring-aspects-6.1.8.jar;C:\Users\daniel\.m2\repository\org\springframework\boot\spring-boot-starter-security\3.3.0\spring-boot-starter-security-3.3.0.jar;C:\Users\daniel\.m2\repository\org\springframework\spring-aop\6.1.8\spring-aop-6.1.8.jar;C:\Users\daniel\.m2\repository\org\springframework\security\spring-security-config\6.3.0\spring-security-config-6.3.0.jar;C:\Users\daniel\.m2\repository\org\springframework\security\spring-security-core\6.3.0\spring-security-core-6.3.0.jar;C:\Users\daniel\.m2\repository\org\springframework\security\spring-security-crypto\6.3.0\spring-security-crypto-6.3.0.jar;C:\Users\daniel\.m2\repository\org\springframework\security\spring-security-web\6.3.0\spring-security-web-6.3.0.jar;C:\Users\daniel\.m2\repository\io\jsonwebtoken\jjwt\0.12.5\jjwt-0.12.5.jar;C:\Users\daniel\.m2\repository\io\jsonwebtoken\jjwt-api\0.12.5\jjwt-api-0.12.5.jar;C:\Users\daniel\.m2\repository\io\jsonwebtoken\jjwt-impl\0.12.5\jjwt-impl-0.12.5.jar;C:\Users\daniel\.m2\repository\io\jsonwebtoken\jjwt-jackson\0.12.5\jjwt-jackson-0.12.5.jar;C:\Users\daniel\.m2\repository\com\h2database\h2\2.2.224\h2-2.2.224.jar;C:\Users\daniel\.m2\repository\org\springframework\boot\spring-boot-starter-data-redis\3.3.0\spring-boot-starter-data-redis-3.3.0.jar;C:\Users\daniel\.m2\repository\io\lettuce\lettuce-core\6.3.2.RELEASE\lettuce-core-6.3.2.RELEASE.jar;C:\Users\daniel\.m2\repository\io\netty\netty-common\4.1.110.Final\netty-common-4.1.110.Final.jar;C:\Users\daniel\.m2\repository\io\netty\netty-handler\4.1.110.Final\netty-handler-4.1.110.Final.jar;C:\Users\daniel\.m2\repository\io\netty\netty-resolver\4.1.110.Final\netty-resolver-4.1.110.Final.jar;C:\Users\daniel\.m2\repository\io\netty\netty-buffer\4.1.110.Final\netty-buffer-4.1.110.Final.jar;C:\Users\daniel\.m2\repository\io\netty\netty-transport-native-unix-common\4.1.110.Final\netty-transport-native-unix-common-4.1.110.Final.jar;C:\Users\daniel\.m2\repository\io\netty\netty-codec\4.1.110.Final\netty-codec-4.1.110.Final.jar;C:\Users\daniel\.m2\repository\io\netty\netty-transport\4.1.110.Final\netty-transport-4.1.110.Final.jar;C:\Users\daniel\.m2\repository\io\projectreactor\reactor-core\3.6.6\reactor-core-3.6.6.jar;C:\Users\daniel\.m2\repository\org\reactivestreams\reactive-streams\1.0.4\reactive-streams-1.0.4.jar;C:\Users\daniel\.m2\repository\org\springframework\data\spring-data-redis\3.3.0\spring-data-redis-3.3.0.jar;C:\Users\daniel\.m2\repository\org\springframework\data\spring-data-keyvalue\3.3.0\spring-data-keyvalue-3.3.0.jar;C:\Users\daniel\.m2\repository\org\springframework\spring-oxm\6.1.8\spring-oxm-6.1.8.jar;C:\Users\daniel\.m2\repository\org\springframework\spring-context-support\6.1.8\spring-context-support-6.1.8.jar;C:\Users\daniel\.m2\repository\org\testcontainers\postgresql\1.17.6\postgresql-1.17.6.jar;C:\Users\daniel\.m2\repository\org\testcontainers\jdbc\1.19.8\jdbc-1.19.8.jar;C:\Users\daniel\.m2\repository\org\testcontainers\database-commons\1.19.8\database-commons-1.19.8.jar;C:\Users\daniel\.m2\repository\org\testcontainers\junit-jupiter\1.17.6\junit-jupiter-1.17.6.jar;C:\Users\daniel\.m2\repository\org\testcontainers\testcontainers\1.19.8\testcontainers-1.19.8.jar;C:\Users\daniel\.m2\repository\junit\junit\4.13.2\junit-4.13.2.jar;C:\Users\daniel\.m2\repository\org\hamcrest\hamcrest-core\2.2\hamcrest-core-2.2.jar;C:\Users\daniel\.m2\repository\org\apache\commons\commons-compress\1.24.0\commons-compress-1.24.0.jar;C:\Users\daniel\.m2\repository\org\rnorth\duct-tape\duct-tape\1.0.8\duct-tape-1.0.8.jar;C:\Users\daniel\.m2\repository\org\jetbrains\annotations\17.0.0\annotations-17.0.0.jar;C:\Users\daniel\.m2\repository\com\github\docker-java\docker-java-api\3.3.6\docker-java-api-3.3.6.jar;C:\Users\daniel\.m2\repository\com\github\docker-java\docker-java-transport-zerodep\3.3.6\docker-java-transport-zerodep-3.3.6.jar;C:\Users\daniel\.m2\repository\com\github\docker-java\docker-java-transport\3.3.6\docker-java-transport-3.3.6.jar;C:\Users\daniel\.m2\repository\net\java\dev\jna\jna\5.13.0\jna-5.13.0.jar;C:\Users\daniel\.m2\repository\org\junit\jupiter\junit-jupiter-api\5.10.2\junit-jupiter-api-5.10.2.jar;C:\Users\daniel\.m2\repository\org\opentest4j\opentest4j\1.3.0\opentest4j-1.3.0.jar;C:\Users\daniel\.m2\repository\org\junit\platform\junit-platform-commons\1.10.2\junit-platform-commons-1.10.2.jar;C:\Users\daniel\.m2\repository\org\apiguardian\apiguardian-api\1.1.2\apiguardian-api-1.1.2.jar;, sun.cpu.endian=little, hibernate.cdi.extensions=true, user.home=C:\Users\daniel, user.language=ru, java.specification.vendor=Oracle Corporation, java.version.date=2023-10-17, java.home=C:\Program Files\Java\jdk-21, file.separator=\, basedir=H:\WORK\URL-Shortener, java.vm.compressedOopsMode=Zero based, line.separator=
, hibernate.persistenceUnitName=default, java.vm.specification.vendor=Oracle Corporation, java.specification.name=Java Platform API Specification, FILE_LOG_CHARSET=UTF-8, hibernate.transaction.coordinator_class=class org.hibernate.resource.transaction.backend.jdbc.internal.JdbcResourceLocalTransactionCoordinatorBuilderImpl, java.awt.headless=true, surefire.real.class.path=C:\Users\daniel\AppData\Local\Temp\surefire14997565960872538917\surefirebooter-20240612142816087_3.jar, jakarta.persistence.validation.mode=AUTO, user.script=, sun.management.compiler=HotSpot 64-Bit Tiered Compilers, java.runtime.version=21.0.1+12-LTS-29, user.name=daniel, stdout.encoding=Cp1251, path.separator=;, os.version=10.0, java.runtime.name=Java(TM) SE Runtime Environment, file.encoding=UTF-8, java.vm.name=Java HotSpot(TM) 64-Bit Server VM, hibernate.show_sql=true, localRepository=C:\Users\daniel\.m2\repository, java.vendor.url.bug=https://bugreport.java.com/bugreport/, java.io.tmpdir=C:\Users\daniel\AppData\Local\Temp\, idea.version=2023.2.3, com.zaxxer.hikari.pool_number=1, java.version=21.0.1, hibernate.physical_naming_strategy=org.hibernate.boot.model.naming.CamelCaseToUnderscoresNamingStrategy, user.dir=H:\WORK\URL-Shortener, os.arch=amd64, java.vm.specification.name=Java Virtual Machine Specification, PID=12012, user.language.format=uk, sun.os.patch.level=, CONSOLE_LOG_CHARSET=UTF-8, hibernate.boot.CfgXmlAccessService.key=org.hibernate.boot.registry.StandardServiceRegistryBuilder$1@3d587c73, native.encoding=Cp1251, java.library.path=C:\Program Files\Java\jdk-21\bin;C:\Windows\Sun\Java\bin;C:\Windows\system32;C:\Windows;C:\Program Files\Common Files\Oracle\Java\javapath;C:\Program Files (x86)\Common Files\Oracle\Java\javapath;C:\Windows\system32;C:\Windows;C:\Windows\System32\Wbem;C:\Windows\System32\WindowsPowerShell\v1.0\;C:\Windows\System32\OpenSSH\;C:\Program Files\Git\cmd;C:\Program Files (x86)\NVIDIA Corporation\PhysX\Common;C:\Program Files\NVIDIA Corporation\NVIDIA NvDLISR;C:\Program Files\Docker\Docker\resources\bin;C:\Program Files\Java\jdk-17\bin;C:\Users\daniel\AppData\Local\Programs\Python\Python311\Scripts\;C:\Users\daniel\AppData\Local\Programs\Python\Python311\;C:\Users\daniel\Documents\Maven\apache-maven-3.9.5\bin\bin;C:\Program Files\JetBrains\IntelliJ IDEA Community Edition 2023.2.3\bin;;C:\Users\daniel\AppData\Local\GitHubDesktop\bin;C:\Users\daniel\Documents\Maven\apache-maven-3.9.5\bin;;H:\VsCode\Microsoft VS Code\bin;., stderr.encoding=Cp1251, java.vendor=Oracle Corporation, java.vm.info=mixed mode, sharing, java.vm.version=21.0.1+12-LTS-29, sun.io.unicode.encoding=UnicodeLittle, hibernate.archive.scanner=org.hibernate.boot.archive.scan.internal.DisabledScanner, hibernate.connection.datasource=HikariDataSource (HikariPool-1), java.class.version=65.0, LOGGED_APPLICATION_NAME=[URL Shortener] }
2024-06-12T14:28:33.565+03:00 DEBUG 12012 --- [URL Shortener] [           main] o.hibernate.internal.SessionFactoryImpl  : Session factory constructed with filter configurations : {}
2024-06-12T14:28:33.570+03:00 DEBUG 12012 --- [URL Shortener] [           main] o.h.b.beanvalidation.TypeSafeActivator   : Unable to acquire Bean Validation ValidatorFactory, skipping activation
2024-06-12T14:28:33.576+03:00 DEBUG 12012 --- [URL Shortener] [           main] .h.t.s.s.SchemaManagementToolCoordinator : No schema actions specified for contributor `orm`; doing nothing
2024-06-12T14:28:33.606+03:00 DEBUG 12012 --- [URL Shortener] [           main] o.h.q.sqm.function.SqmFunctionRegistry   : Registered SqmFunctionTemplate [NamedSqmFunctionTemplate(max)] under max; prior registration was null
2024-06-12T14:28:33.606+03:00 DEBUG 12012 --- [URL Shortener] [           main] o.h.q.sqm.function.SqmFunctionRegistry   : Registered SqmFunctionTemplate [NamedSqmFunctionTemplate(min)] under min; prior registration was null
2024-06-12T14:28:33.607+03:00 DEBUG 12012 --- [URL Shortener] [           main] o.h.q.sqm.function.SqmFunctionRegistry   : Registered SqmFunctionTemplate [NamedSqmFunctionTemplate(sum)] under sum; prior registration was null
2024-06-12T14:28:33.607+03:00 DEBUG 12012 --- [URL Shortener] [           main] o.h.q.sqm.function.SqmFunctionRegistry   : Registered SqmFunctionTemplate [NamedSqmFunctionTemplate(avg)] under avg; prior registration was null
2024-06-12T14:28:33.608+03:00 DEBUG 12012 --- [URL Shortener] [           main] o.h.q.sqm.function.SqmFunctionRegistry   : Registered SqmFunctionTemplate [org.hibernate.dialect.function.CountFunction@4bcfa08b] under count; prior registration was null
2024-06-12T14:28:33.609+03:00 DEBUG 12012 --- [URL Shortener] [           main] o.h.q.sqm.function.SqmFunctionRegistry   : Registered SqmFunctionTemplate [org.hibernate.dialect.function.EveryAnyEmulation@4b6575fd] under every; prior registration was null
2024-06-12T14:28:33.609+03:00 DEBUG 12012 --- [URL Shortener] [           main] o.h.q.sqm.function.SqmFunctionRegistry   : Registered SqmFunctionTemplate [org.hibernate.dialect.function.EveryAnyEmulation@ecc5101] under any; prior registration was null
2024-06-12T14:28:33.609+03:00 DEBUG 12012 --- [URL Shortener] [           main] o.h.q.sqm.function.SqmFunctionRegistry   : Registered SqmFunctionTemplate [NamedSqmFunctionTemplate(floor)] under floor; prior registration was null
2024-06-12T14:28:33.609+03:00 DEBUG 12012 --- [URL Shortener] [           main] o.h.q.sqm.function.SqmFunctionRegistry   : Registered SqmFunctionTemplate [NamedSqmFunctionTemplate(ceiling)] under ceiling; prior registration was null
2024-06-12T14:28:33.609+03:00 DEBUG 12012 --- [URL Shortener] [           main] o.h.q.sqm.function.SqmFunctionRegistry   : Registered SqmFunctionTemplate [NamedSqmFunctionTemplate(mod)] under mod; prior registration was null
2024-06-12T14:28:33.609+03:00 DEBUG 12012 --- [URL Shortener] [           main] o.h.q.sqm.function.SqmFunctionRegistry   : Registered SqmFunctionTemplate [NamedSqmFunctionTemplate(abs)] under abs; prior registration was null
2024-06-12T14:28:33.609+03:00 DEBUG 12012 --- [URL Shortener] [           main] o.h.q.sqm.function.SqmFunctionRegistry   : Registered SqmFunctionTemplate [NamedSqmFunctionTemplate(sign)] under sign; prior registration was null
2024-06-12T14:28:33.609+03:00 DEBUG 12012 --- [URL Shortener] [           main] o.h.q.sqm.function.SqmFunctionRegistry   : Registered SqmFunctionTemplate [NamedSqmFunctionTemplate(sqrt)] under sqrt; prior registration was null
2024-06-12T14:28:33.609+03:00 DEBUG 12012 --- [URL Shortener] [           main] o.h.q.sqm.function.SqmFunctionRegistry   : Registered SqmFunctionTemplate [NamedSqmFunctionTemplate(ln)] under ln; prior registration was null
2024-06-12T14:28:33.609+03:00 DEBUG 12012 --- [URL Shortener] [           main] o.h.q.sqm.function.SqmFunctionRegistry   : Registered SqmFunctionTemplate [NamedSqmFunctionTemplate(exp)] under exp; prior registration was null
2024-06-12T14:28:33.609+03:00 DEBUG 12012 --- [URL Shortener] [           main] o.h.q.sqm.function.SqmFunctionRegistry   : Registered SqmFunctionTemplate [NamedSqmFunctionTemplate(power)] under power; prior registration was null
2024-06-12T14:28:33.610+03:00 DEBUG 12012 --- [URL Shortener] [           main] o.h.q.sqm.function.SqmFunctionRegistry   : Registered SqmFunctionTemplate [NamedSqmFunctionTemplate(round)] under round; prior registration was null
2024-06-12T14:28:33.610+03:00 DEBUG 12012 --- [URL Shortener] [           main] o.h.q.sqm.function.SqmFunctionRegistry   : Registered SqmFunctionTemplate [NamedSqmFunctionTemplate(sin)] under sin; prior registration was null
2024-06-12T14:28:33.610+03:00 DEBUG 12012 --- [URL Shortener] [           main] o.h.q.sqm.function.SqmFunctionRegistry   : Registered SqmFunctionTemplate [NamedSqmFunctionTemplate(cos)] under cos; prior registration was null
2024-06-12T14:28:33.610+03:00 DEBUG 12012 --- [URL Shortener] [           main] o.h.q.sqm.function.SqmFunctionRegistry   : Registered SqmFunctionTemplate [NamedSqmFunctionTemplate(tan)] under tan; prior registration was null
2024-06-12T14:28:33.610+03:00 DEBUG 12012 --- [URL Shortener] [           main] o.h.q.sqm.function.SqmFunctionRegistry   : Registered SqmFunctionTemplate [NamedSqmFunctionTemplate(asin)] under asin; prior registration was null
2024-06-12T14:28:33.610+03:00 DEBUG 12012 --- [URL Shortener] [           main] o.h.q.sqm.function.SqmFunctionRegistry   : Registered SqmFunctionTemplate [NamedSqmFunctionTemplate(acos)] under acos; prior registration was null
2024-06-12T14:28:33.610+03:00 DEBUG 12012 --- [URL Shortener] [           main] o.h.q.sqm.function.SqmFunctionRegistry   : Registered SqmFunctionTemplate [NamedSqmFunctionTemplate(atan)] under atan; prior registration was null
2024-06-12T14:28:33.610+03:00 DEBUG 12012 --- [URL Shortener] [           main] o.h.q.sqm.function.SqmFunctionRegistry   : Registered SqmFunctionTemplate [NamedSqmFunctionTemplate(atan2)] under atan2; prior registration was null
2024-06-12T14:28:33.611+03:00 DEBUG 12012 --- [URL Shortener] [           main] o.h.q.sqm.function.SqmFunctionRegistry   : Registered SqmFunctionTemplate [org.hibernate.query.sqm.function.PatternBasedSqmFunctionDescriptor@4300b54c] under sinh; prior registration was null
2024-06-12T14:28:33.611+03:00 DEBUG 12012 --- [URL Shortener] [           main] o.h.q.sqm.function.SqmFunctionRegistry   : Registered SqmFunctionTemplate [org.hibernate.query.sqm.function.PatternBasedSqmFunctionDescriptor@67f5066e] under cosh; prior registration was null
2024-06-12T14:28:33.611+03:00 DEBUG 12012 --- [URL Shortener] [           main] o.h.q.sqm.function.SqmFunctionRegistry   : Registered SqmFunctionTemplate [org.hibernate.query.sqm.function.PatternBasedSqmFunctionDescriptor@57fd3b57] under tanh; prior registration was null
2024-06-12T14:28:33.611+03:00 DEBUG 12012 --- [URL Shortener] [           main] o.h.q.sqm.function.SqmFunctionRegistry   : Registered SqmFunctionTemplate [org.hibernate.query.sqm.function.PatternBasedSqmFunctionDescriptor@6903bec9] under pi; prior registration was null
2024-06-12T14:28:33.611+03:00 DEBUG 12012 --- [URL Shortener] [           main] o.h.q.sqm.function.SqmFunctionRegistry   : Registered SqmFunctionTemplate [org.hibernate.query.sqm.function.PatternBasedSqmFunctionDescriptor@2f6fcc70] under log; prior registration was null
2024-06-12T14:28:33.612+03:00 DEBUG 12012 --- [URL Shortener] [           main] o.h.q.sqm.function.SqmFunctionRegistry   : Registered SqmFunctionTemplate [NamedSqmFunctionTemplate(coalesce)] under coalesce; prior registration was null
2024-06-12T14:28:33.612+03:00 DEBUG 12012 --- [URL Shortener] [           main] o.h.q.sqm.function.SqmFunctionRegistry   : Registered SqmFunctionTemplate [NamedSqmFunctionTemplate(nullif)] under nullif; prior registration was null
2024-06-12T14:28:33.612+03:00 DEBUG 12012 --- [URL Shortener] [           main] o.h.q.sqm.function.SqmFunctionRegistry   : Registered SqmFunctionTemplate [NamedSqmFunctionTemplate(left)] under left; prior registration was null
2024-06-12T14:28:33.612+03:00 DEBUG 12012 --- [URL Shortener] [           main] o.h.q.sqm.function.SqmFunctionRegistry   : Registered SqmFunctionTemplate [NamedSqmFunctionTemplate(right)] under right; prior registration was null
2024-06-12T14:28:33.612+03:00 DEBUG 12012 --- [URL Shortener] [           main] o.h.q.sqm.function.SqmFunctionRegistry   : Registered SqmFunctionTemplate [NamedSqmFunctionTemplate(replace)] under replace; prior registration was null
2024-06-12T14:28:33.612+03:00 DEBUG 12012 --- [URL Shortener] [           main] o.h.q.sqm.function.SqmFunctionRegistry   : Registered SqmFunctionTemplate [NamedSqmFunctionTemplate(concat)] under concat; prior registration was null
2024-06-12T14:28:33.612+03:00 DEBUG 12012 --- [URL Shortener] [           main] o.h.q.sqm.function.SqmFunctionRegistry   : Registered SqmFunctionTemplate [NamedSqmFunctionTemplate(lower)] under lower; prior registration was null
2024-06-12T14:28:33.612+03:00 DEBUG 12012 --- [URL Shortener] [           main] o.h.q.sqm.function.SqmFunctionRegistry   : Registered SqmFunctionTemplate [NamedSqmFunctionTemplate(upper)] under upper; prior registration was null
2024-06-12T14:28:33.612+03:00 DEBUG 12012 --- [URL Shortener] [           main] o.h.q.sqm.function.SqmFunctionRegistry   : Registered SqmFunctionTemplate [NamedSqmFunctionTemplate(substring)] under substring; prior registration was null
2024-06-12T14:28:33.612+03:00 DEBUG 12012 --- [URL Shortener] [           main] o.h.q.sqm.function.SqmFunctionRegistry   : Registered SqmFunctionTemplate [NamedSqmFunctionTemplate(locate)] under locate; prior registration was null
2024-06-12T14:28:33.612+03:00 DEBUG 12012 --- [URL Shortener] [           main] o.h.q.sqm.function.SqmFunctionRegistry   : Registered SqmFunctionTemplate [NamedSqmFunctionTemplate(character_length)] under character_length; prior registration was null
2024-06-12T14:28:33.612+03:00 DEBUG 12012 --- [URL Shortener] [           main] o.h.q.sqm.function.SqmFunctionRegistry   : Registering alternate key : length -> character_length
2024-06-12T14:28:33.613+03:00 DEBUG 12012 --- [URL Shortener] [           main] o.h.q.sqm.function.SqmFunctionRegistry   : Registered SqmFunctionTemplate [org.hibernate.dialect.function.LocatePositionEmulation@3dd22110] under position; prior registration was null
2024-06-12T14:28:33.614+03:00 DEBUG 12012 --- [URL Shortener] [           main] o.h.q.sqm.function.SqmFunctionRegistry   : Registered SqmFunctionTemplate [org.hibernate.dialect.function.InsertSubstringOverlayEmulation@651e3cc9] under overlay; prior registration was null
2024-06-12T14:28:33.615+03:00 DEBUG 12012 --- [URL Shortener] [           main] o.h.q.sqm.function.SqmFunctionRegistry   : Registered SqmFunctionTemplate [org.hibernate.dialect.function.TrimFunction@10c9bd51] under trim; prior registration was null
2024-06-12T14:28:33.615+03:00 DEBUG 12012 --- [URL Shortener] [           main] o.h.q.sqm.function.SqmFunctionRegistry   : Registered SqmFunctionTemplate [org.hibernate.dialect.function.CastFunction@5c44bce3] under cast; prior registration was null
2024-06-12T14:28:33.615+03:00 DEBUG 12012 --- [URL Shortener] [           main] o.h.q.sqm.function.SqmFunctionRegistry   : Registered SqmFunctionTemplate [org.hibernate.query.sqm.function.PatternBasedSqmFunctionDescriptor@444958a4] under collate; prior registration was null
2024-06-12T14:28:33.617+03:00 DEBUG 12012 --- [URL Shortener] [           main] o.h.q.sqm.function.SqmFunctionRegistry   : Registered SqmFunctionTemplate [org.hibernate.dialect.function.ExtractFunction@7313e4fb] under extract; prior registration was null
2024-06-12T14:28:33.617+03:00 DEBUG 12012 --- [URL Shortener] [           main] o.h.q.sqm.function.SqmFunctionRegistry   : Registered SqmFunctionTemplate [NamedSqmFunctionTemplate(least)] under least; prior registration was null
2024-06-12T14:28:33.617+03:00 DEBUG 12012 --- [URL Shortener] [           main] o.h.q.sqm.function.SqmFunctionRegistry   : Registered SqmFunctionTemplate [NamedSqmFunctionTemplate(greatest)] under greatest; prior registration was null
2024-06-12T14:28:33.617+03:00 DEBUG 12012 --- [URL Shortener] [           main] o.h.q.sqm.function.SqmFunctionRegistry   : Registered SqmFunctionTemplate [org.hibernate.dialect.function.CoalesceIfnullEmulation@7b4b6dca] under ifnull; prior registration was null
2024-06-12T14:28:33.617+03:00 DEBUG 12012 --- [URL Shortener] [           main] o.h.q.sqm.function.SqmFunctionRegistry   : Registered SqmFunctionTemplate [NamedSqmFunctionTemplate(lpad)] under lpad; prior registration was null
2024-06-12T14:28:33.617+03:00 DEBUG 12012 --- [URL Shortener] [           main] o.h.q.sqm.function.SqmFunctionRegistry   : Registered SqmFunctionTemplate [NamedSqmFunctionTemplate(rpad)] under rpad; prior registration was null
2024-06-12T14:28:33.618+03:00 DEBUG 12012 --- [URL Shortener] [           main] o.h.q.sqm.function.SqmFunctionRegistry   : Registered SqmFunctionTemplate [org.hibernate.dialect.function.LpadRpadPadEmulation@253fb3fa] under pad; prior registration was null
2024-06-12T14:28:33.618+03:00 DEBUG 12012 --- [URL Shortener] [           main] o.h.q.sqm.function.SqmFunctionRegistry   : Registered SqmFunctionTemplate [org.hibernate.dialect.function.CastStrEmulation@5035c23c] under str; prior registration was null
2024-06-12T14:28:33.620+03:00 DEBUG 12012 --- [URL Shortener] [           main] o.h.q.sqm.function.SqmFunctionRegistry   : Registered SqmFunctionTemplate [org.hibernate.dialect.function.FormatFunction@22bd6b0a] under format; prior registration was null
2024-06-12T14:28:33.620+03:00 DEBUG 12012 --- [URL Shortener] [           main] o.h.q.sqm.function.SqmFunctionRegistry   : Registered SqmFunctionTemplate [org.hibernate.dialect.function.TimestampaddFunction@190ec769] under timestampadd; prior registration was null
2024-06-12T14:28:33.621+03:00 DEBUG 12012 --- [URL Shortener] [           main] o.h.q.sqm.function.SqmFunctionRegistry   : Registered SqmFunctionTemplate [org.hibernate.dialect.function.TimestampdiffFunction@1f9ec3e7] under timestampdiff; prior registration was null
2024-06-12T14:28:33.622+03:00 DEBUG 12012 --- [URL Shortener] [           main] o.h.q.sqm.function.SqmFunctionRegistry   : Registering alternate key : dateadd -> timestampadd
2024-06-12T14:28:33.622+03:00 DEBUG 12012 --- [URL Shortener] [           main] o.h.q.sqm.function.SqmFunctionRegistry   : Registering alternate key : datediff -> timestampdiff
2024-06-12T14:28:33.622+03:00 DEBUG 12012 --- [URL Shortener] [           main] o.h.q.sqm.function.SqmFunctionRegistry   : Registered SqmFunctionTemplate [org.hibernate.dialect.function.CurrentFunction@b549c4a] under current_date; prior registration was null
2024-06-12T14:28:33.622+03:00 DEBUG 12012 --- [URL Shortener] [           main] o.h.q.sqm.function.SqmFunctionRegistry   : Registered SqmFunctionTemplate [org.hibernate.dialect.function.CurrentFunction@72412c3d] under current_time; prior registration was null
2024-06-12T14:28:33.622+03:00 DEBUG 12012 --- [URL Shortener] [           main] o.h.q.sqm.function.SqmFunctionRegistry   : Registered SqmFunctionTemplate [org.hibernate.dialect.function.CurrentFunction@457f43a2] under current_timestamp; prior registration was null
2024-06-12T14:28:33.622+03:00 DEBUG 12012 --- [URL Shortener] [           main] o.h.q.sqm.function.SqmFunctionRegistry   : Registering alternate key : current date -> current_date
2024-06-12T14:28:33.622+03:00 DEBUG 12012 --- [URL Shortener] [           main] o.h.q.sqm.function.SqmFunctionRegistry   : Registering alternate key : current time -> current_time
2024-06-12T14:28:33.622+03:00 DEBUG 12012 --- [URL Shortener] [           main] o.h.q.sqm.function.SqmFunctionRegistry   : Registering alternate key : current timestamp -> current_timestamp
2024-06-12T14:28:33.622+03:00 DEBUG 12012 --- [URL Shortener] [           main] o.h.q.sqm.function.SqmFunctionRegistry   : Registered SqmFunctionTemplate [org.hibernate.dialect.function.CurrentFunction@4016d5fe] under local_date; prior registration was null
2024-06-12T14:28:33.622+03:00 DEBUG 12012 --- [URL Shortener] [           main] o.h.q.sqm.function.SqmFunctionRegistry   : Registered SqmFunctionTemplate [org.hibernate.dialect.function.CurrentFunction@6f8fa77a] under local_time; prior registration was null
2024-06-12T14:28:33.622+03:00 DEBUG 12012 --- [URL Shortener] [           main] o.h.q.sqm.function.SqmFunctionRegistry   : Registered SqmFunctionTemplate [org.hibernate.dialect.function.CurrentFunction@14d44e72] under local_datetime; prior registration was null
2024-06-12T14:28:33.622+03:00 DEBUG 12012 --- [URL Shortener] [           main] o.h.q.sqm.function.SqmFunctionRegistry   : Registered SqmFunctionTemplate [org.hibernate.dialect.function.CurrentFunction@2b097d19] under offset_datetime; prior registration was null
2024-06-12T14:28:33.622+03:00 DEBUG 12012 --- [URL Shortener] [           main] o.h.q.sqm.function.SqmFunctionRegistry   : Registering alternate key : local date -> local_date
2024-06-12T14:28:33.622+03:00 DEBUG 12012 --- [URL Shortener] [           main] o.h.q.sqm.function.SqmFunctionRegistry   : Registering alternate key : local time -> local_time
2024-06-12T14:28:33.622+03:00 DEBUG 12012 --- [URL Shortener] [           main] o.h.q.sqm.function.SqmFunctionRegistry   : Registering alternate key : local datetime -> local_datetime
2024-06-12T14:28:33.622+03:00 DEBUG 12012 --- [URL Shortener] [           main] o.h.q.sqm.function.SqmFunctionRegistry   : Registering alternate key : offset datetime -> offset_datetime
2024-06-12T14:28:33.622+03:00 DEBUG 12012 --- [URL Shortener] [           main] o.h.q.sqm.function.SqmFunctionRegistry   : Registered SqmFunctionTemplate [org.hibernate.dialect.function.CurrentFunction@5d46f4a3] under instant; prior registration was null
2024-06-12T14:28:33.622+03:00 DEBUG 12012 --- [URL Shortener] [           main] o.h.q.sqm.function.SqmFunctionRegistry   : Registering alternate key : current_instant -> instant
2024-06-12T14:28:33.623+03:00 DEBUG 12012 --- [URL Shortener] [           main] o.h.q.sqm.function.SqmFunctionRegistry   : Registered SqmFunctionTemplate [org.hibernate.dialect.function.SqlFunction@73790bb5] under sql; prior registration was null
2024-06-12T14:28:33.623+03:00 DEBUG 12012 --- [URL Shortener] [           main] o.h.q.sqm.function.SqmFunctionRegistry   : Registered SqmFunctionTemplate [NamedSqmFunctionTemplate(cot)] under cot; prior registration was null
2024-06-12T14:28:33.623+03:00 DEBUG 12012 --- [URL Shortener] [           main] o.h.q.sqm.function.SqmFunctionRegistry   : Registered SqmFunctionTemplate [NamedSqmFunctionTemplate(radians)] under radians; prior registration was null
2024-06-12T14:28:33.623+03:00 DEBUG 12012 --- [URL Shortener] [           main] o.h.q.sqm.function.SqmFunctionRegistry   : Registered SqmFunctionTemplate [NamedSqmFunctionTemplate(degrees)] under degrees; prior registration was null
2024-06-12T14:28:33.623+03:00 DEBUG 12012 --- [URL Shortener] [           main] o.h.q.sqm.function.SqmFunctionRegistry   : Registered SqmFunctionTemplate [NamedSqmFunctionTemplate(log)] under log; prior registration was org.hibernate.query.sqm.function.PatternBasedSqmFunctionDescriptor@2f6fcc70
2024-06-12T14:28:33.623+03:00 DEBUG 12012 --- [URL Shortener] [           main] o.h.q.sqm.function.SqmFunctionRegistry   : Registered SqmFunctionTemplate [org.hibernate.query.sqm.function.PatternBasedSqmFunctionDescriptor@3d3709d0] under mod; prior registration was NamedSqmFunctionTemplate(mod)
2024-06-12T14:28:33.623+03:00 DEBUG 12012 --- [URL Shortener] [           main] o.h.q.sqm.function.SqmFunctionRegistry   : Registered SqmFunctionTemplate [NamedSqmFunctionTemplate(log10)] under log10; prior registration was null
2024-06-12T14:28:33.623+03:00 DEBUG 12012 --- [URL Shortener] [           main] o.h.q.sqm.function.SqmFunctionRegistry   : Registered SqmFunctionTemplate [NamedSqmFunctionTemplate(tanh)] under tanh; prior registration was org.hibernate.query.sqm.function.PatternBasedSqmFunctionDescriptor@57fd3b57
2024-06-12T14:28:33.623+03:00 DEBUG 12012 --- [URL Shortener] [           main] o.h.q.sqm.function.SqmFunctionRegistry   : Registered SqmFunctionTemplate [NamedSqmFunctionTemplate(sinh)] under sinh; prior registration was org.hibernate.query.sqm.function.PatternBasedSqmFunctionDescriptor@4300b54c
2024-06-12T14:28:33.623+03:00 DEBUG 12012 --- [URL Shortener] [           main] o.h.q.sqm.function.SqmFunctionRegistry   : Registered SqmFunctionTemplate [NamedSqmFunctionTemplate(cosh)] under cosh; prior registration was org.hibernate.query.sqm.function.PatternBasedSqmFunctionDescriptor@67f5066e
2024-06-12T14:28:33.623+03:00 DEBUG 12012 --- [URL Shortener] [           main] o.h.q.sqm.function.SqmFunctionRegistry   : Registered SqmFunctionTemplate [NamedSqmFunctionTemplate(acosh)] under acosh; prior registration was null
2024-06-12T14:28:33.623+03:00 DEBUG 12012 --- [URL Shortener] [           main] o.h.q.sqm.function.SqmFunctionRegistry   : Registered SqmFunctionTemplate [NamedSqmFunctionTemplate(asinh)] under asinh; prior registration was null
2024-06-12T14:28:33.623+03:00 DEBUG 12012 --- [URL Shortener] [           main] o.h.q.sqm.function.SqmFunctionRegistry   : Registered SqmFunctionTemplate [NamedSqmFunctionTemplate(atanh)] under atanh; prior registration was null
2024-06-12T14:28:33.623+03:00 DEBUG 12012 --- [URL Shortener] [           main] o.h.q.sqm.function.SqmFunctionRegistry   : Registered SqmFunctionTemplate [NamedSqmFunctionTemplate(cbrt)] under cbrt; prior registration was null
2024-06-12T14:28:33.623+03:00 DEBUG 12012 --- [URL Shortener] [           main] o.h.q.sqm.function.SqmFunctionRegistry   : Registered SqmFunctionTemplate [NamedSqmFunctionTemplate(pi)] under pi; prior registration was org.hibernate.query.sqm.function.PatternBasedSqmFunctionDescriptor@6903bec9
2024-06-12T14:28:33.623+03:00 DEBUG 12012 --- [URL Shortener] [           main] o.h.q.sqm.function.SqmFunctionRegistry   : Registered SqmFunctionTemplate [NamedSqmFunctionTemplate(ltrim)] under ltrim; prior registration was null
2024-06-12T14:28:33.623+03:00 DEBUG 12012 --- [URL Shortener] [           main] o.h.q.sqm.function.SqmFunctionRegistry   : Registered SqmFunctionTemplate [NamedSqmFunctionTemplate(rtrim)] under rtrim; prior registration was null
2024-06-12T14:28:33.623+03:00 DEBUG 12012 --- [URL Shortener] [           main] o.h.q.sqm.function.SqmFunctionRegistry   : Registered SqmFunctionTemplate [NamedSqmFunctionTemplate(repeat)] under repeat; prior registration was null
2024-06-12T14:28:33.623+03:00 DEBUG 12012 --- [URL Shortener] [           main] o.h.q.sqm.function.SqmFunctionRegistry   : Registered SqmFunctionTemplate [NamedSqmFunctionTemplate(md5)] under md5; prior registration was null
2024-06-12T14:28:33.623+03:00 DEBUG 12012 --- [URL Shortener] [           main] o.h.q.sqm.function.SqmFunctionRegistry   : Registered SqmFunctionTemplate [NamedSqmFunctionTemplate(initcap)] under initcap; prior registration was null
2024-06-12T14:28:33.623+03:00 DEBUG 12012 --- [URL Shortener] [           main] o.h.q.sqm.function.SqmFunctionRegistry   : Registered SqmFunctionTemplate [NamedSqmFunctionTemplate(substr)] under substr; prior registration was null
2024-06-12T14:28:33.623+03:00 DEBUG 12012 --- [URL Shortener] [           main] o.h.q.sqm.function.SqmFunctionRegistry   : Registered SqmFunctionTemplate [NamedSqmFunctionTemplate(substr)] under substring; prior registration was NamedSqmFunctionTemplate(substring)
2024-06-12T14:28:33.623+03:00 DEBUG 12012 --- [URL Shortener] [           main] o.h.q.sqm.function.SqmFunctionRegistry   : Registered SqmFunctionTemplate [NamedSqmFunctionTemplate(translate)] under translate; prior registration was null
2024-06-12T14:28:33.623+03:00 DEBUG 12012 --- [URL Shortener] [           main] o.h.q.sqm.function.SqmFunctionRegistry   : Registered SqmFunctionTemplate [NamedSqmFunctionTemplate(to_number)] under to_number; prior registration was null
2024-06-12T14:28:33.623+03:00 DEBUG 12012 --- [URL Shortener] [           main] o.h.q.sqm.function.SqmFunctionRegistry   : Registered SqmFunctionTemplate [NamedSqmFunctionTemplate(to_char)] under to_char; prior registration was null
2024-06-12T14:28:33.623+03:00 DEBUG 12012 --- [URL Shortener] [           main] o.h.q.sqm.function.SqmFunctionRegistry   : Registered SqmFunctionTemplate [NamedSqmFunctionTemplate(to_date)] under to_date; prior registration was null
2024-06-12T14:28:33.623+03:00 DEBUG 12012 --- [URL Shortener] [           main] o.h.q.sqm.function.SqmFunctionRegistry   : Registered SqmFunctionTemplate [NamedSqmFunctionTemplate(to_timestamp)] under to_timestamp; prior registration was null
2024-06-12T14:28:33.623+03:00 DEBUG 12012 --- [URL Shortener] [           main] o.h.q.sqm.function.SqmFunctionRegistry   : Registered SqmFunctionTemplate [org.hibernate.dialect.function.ConcatPipeFunction@69e3e1d9] under concat; prior registration was NamedSqmFunctionTemplate(concat)
2024-06-12T14:28:33.623+03:00 DEBUG 12012 --- [URL Shortener] [           main] o.h.q.sqm.function.SqmFunctionRegistry   : Registered SqmFunctionTemplate [NamedSqmFunctionTemplate(localtime)] under localtime; prior registration was null
2024-06-12T14:28:33.624+03:00 DEBUG 12012 --- [URL Shortener] [           main] o.h.q.sqm.function.SqmFunctionRegistry   : Registered SqmFunctionTemplate [NamedSqmFunctionTemplate(localtimestamp)] under localtimestamp; prior registration was null
2024-06-12T14:28:33.624+03:00 DEBUG 12012 --- [URL Shortener] [           main] o.h.q.sqm.function.SqmFunctionRegistry   : Registered SqmFunctionTemplate [NamedSqmFunctionTemplate(localtime)] under local_time; prior registration was org.hibernate.dialect.function.CurrentFunction@6f8fa77a
2024-06-12T14:28:33.624+03:00 DEBUG 12012 --- [URL Shortener] [           main] o.h.q.sqm.function.SqmFunctionRegistry   : Registered SqmFunctionTemplate [NamedSqmFunctionTemplate(localtimestamp)] under local_datetime; prior registration was org.hibernate.dialect.function.CurrentFunction@14d44e72
2024-06-12T14:28:33.624+03:00 DEBUG 12012 --- [URL Shortener] [           main] o.h.q.sqm.function.SqmFunctionRegistry   : Registered SqmFunctionTemplate [org.hibernate.dialect.function.LengthFunction@2de3ac17] under character_length; prior registration was NamedSqmFunctionTemplate(character_length)
2024-06-12T14:28:33.624+03:00 DEBUG 12012 --- [URL Shortener] [           main] o.h.q.sqm.function.SqmFunctionRegistry   : Registering alternate key : length -> character_length
2024-06-12T14:28:33.624+03:00 DEBUG 12012 --- [URL Shortener] [           main] o.h.q.sqm.function.SqmFunctionRegistry   : Registered SqmFunctionTemplate [org.hibernate.dialect.function.LengthFunction@4c683777] under bit_length; prior registration was null
2024-06-12T14:28:33.624+03:00 DEBUG 12012 --- [URL Shortener] [           main] o.h.q.sqm.function.SqmFunctionRegistry   : Registered SqmFunctionTemplate [org.hibernate.dialect.function.LengthFunction@1fa35f7e] under octet_length; prior registration was null
2024-06-12T14:28:33.624+03:00 DEBUG 12012 --- [URL Shortener] [           main] o.h.q.sqm.function.SqmFunctionRegistry   : Registered SqmFunctionTemplate [NamedSqmFunctionTemplate(ascii)] under ascii; prior registration was null
2024-06-12T14:28:33.624+03:00 DEBUG 12012 --- [URL Shortener] [           main] o.h.q.sqm.function.SqmFunctionRegistry   : Registered SqmFunctionTemplate [NamedSqmFunctionTemplate(chr)] under chr; prior registration was null
2024-06-12T14:28:33.624+03:00 DEBUG 12012 --- [URL Shortener] [           main] o.h.q.sqm.function.SqmFunctionRegistry   : Registering alternate key : char -> chr
2024-06-12T14:28:33.624+03:00 DEBUG 12012 --- [URL Shortener] [           main] o.h.q.sqm.function.SqmFunctionRegistry   : Registered SqmFunctionTemplate [org.hibernate.query.sqm.function.PatternBasedSqmFunctionDescriptor@7df0bb1] under position; prior registration was org.hibernate.dialect.function.LocatePositionEmulation@3dd22110
2024-06-12T14:28:33.624+03:00 DEBUG 12012 --- [URL Shortener] [           main] o.h.q.sqm.function.SqmFunctionRegistry   : Registered SqmFunctionTemplate [org.hibernate.query.sqm.function.PatternBasedSqmFunctionDescriptor@37ec9c49] under bitand; prior registration was null
2024-06-12T14:28:33.624+03:00 DEBUG 12012 --- [URL Shortener] [           main] o.h.q.sqm.function.SqmFunctionRegistry   : Registered SqmFunctionTemplate [org.hibernate.query.sqm.function.PatternBasedSqmFunctionDescriptor@3ab2d64c] under bitor; prior registration was null
2024-06-12T14:28:33.624+03:00 DEBUG 12012 --- [URL Shortener] [           main] o.h.q.sqm.function.SqmFunctionRegistry   : Registered SqmFunctionTemplate [org.hibernate.query.sqm.function.PatternBasedSqmFunctionDescriptor@3f6f26cb] under bitxor; prior registration was null
2024-06-12T14:28:33.624+03:00 DEBUG 12012 --- [URL Shortener] [           main] o.h.q.sqm.function.SqmFunctionRegistry   : Registered SqmFunctionTemplate [org.hibernate.query.sqm.function.PatternBasedSqmFunctionDescriptor@40123014] under bitnot; prior registration was null
2024-06-12T14:28:33.624+03:00 DEBUG 12012 --- [URL Shortener] [           main] o.h.q.sqm.function.SqmFunctionRegistry   : Registered SqmFunctionTemplate [NamedSqmFunctionTemplate(bit_and)] under bit_and; prior registration was null
2024-06-12T14:28:33.624+03:00 DEBUG 12012 --- [URL Shortener] [           main] o.h.q.sqm.function.SqmFunctionRegistry   : Registered SqmFunctionTemplate [NamedSqmFunctionTemplate(bit_or)] under bit_or; prior registration was null
2024-06-12T14:28:33.624+03:00 DEBUG 12012 --- [URL Shortener] [           main] o.h.q.sqm.function.SqmFunctionRegistry   : Registered SqmFunctionTemplate [NamedSqmFunctionTemplate(bool_and)] under bool_and; prior registration was null
2024-06-12T14:28:33.624+03:00 DEBUG 12012 --- [URL Shortener] [           main] o.h.q.sqm.function.SqmFunctionRegistry   : Registering alternate key : every -> bool_and
2024-06-12T14:28:33.624+03:00 DEBUG 12012 --- [URL Shortener] [           main] o.h.q.sqm.function.SqmFunctionRegistry   : Registered SqmFunctionTemplate [NamedSqmFunctionTemplate(bool_or)] under bool_or; prior registration was null
2024-06-12T14:28:33.624+03:00 DEBUG 12012 --- [URL Shortener] [           main] o.h.q.sqm.function.SqmFunctionRegistry   : Registering alternate key : any -> bool_or
2024-06-12T14:28:33.624+03:00 DEBUG 12012 --- [URL Shortener] [           main] o.h.q.sqm.function.SqmFunctionRegistry   : Registered SqmFunctionTemplate [org.hibernate.query.sqm.function.PatternBasedSqmFunctionDescriptor@13cfe28b] under median; prior registration was null
2024-06-12T14:28:33.624+03:00 DEBUG 12012 --- [URL Shortener] [           main] o.h.q.sqm.function.SqmFunctionRegistry   : Registered SqmFunctionTemplate [NamedSqmFunctionTemplate(stddev)] under stddev; prior registration was null
2024-06-12T14:28:33.624+03:00 DEBUG 12012 --- [URL Shortener] [           main] o.h.q.sqm.function.SqmFunctionRegistry   : Registered SqmFunctionTemplate [NamedSqmFunctionTemplate(stddev_pop)] under stddev_pop; prior registration was null
2024-06-12T14:28:33.625+03:00 DEBUG 12012 --- [URL Shortener] [           main] o.h.q.sqm.function.SqmFunctionRegistry   : Registered SqmFunctionTemplate [NamedSqmFunctionTemplate(stddev_samp)] under stddev_samp; prior registration was null
2024-06-12T14:28:33.625+03:00 DEBUG 12012 --- [URL Shortener] [           main] o.h.q.sqm.function.SqmFunctionRegistry   : Registered SqmFunctionTemplate [NamedSqmFunctionTemplate(variance)] under variance; prior registration was null
2024-06-12T14:28:33.625+03:00 DEBUG 12012 --- [URL Shortener] [           main] o.h.q.sqm.function.SqmFunctionRegistry   : Registered SqmFunctionTemplate [NamedSqmFunctionTemplate(var_pop)] under var_pop; prior registration was null
2024-06-12T14:28:33.625+03:00 DEBUG 12012 --- [URL Shortener] [           main] o.h.q.sqm.function.SqmFunctionRegistry   : Registered SqmFunctionTemplate [NamedSqmFunctionTemplate(var_samp)] under var_samp; prior registration was null
2024-06-12T14:28:33.625+03:00 DEBUG 12012 --- [URL Shortener] [           main] o.h.q.sqm.function.SqmFunctionRegistry   : Registered SqmFunctionTemplate [NamedSqmFunctionTemplate(covar_pop)] under covar_pop; prior registration was null
2024-06-12T14:28:33.625+03:00 DEBUG 12012 --- [URL Shortener] [           main] o.h.q.sqm.function.SqmFunctionRegistry   : Registered SqmFunctionTemplate [NamedSqmFunctionTemplate(covar_samp)] under covar_samp; prior registration was null
2024-06-12T14:28:33.625+03:00 DEBUG 12012 --- [URL Shortener] [           main] o.h.q.sqm.function.SqmFunctionRegistry   : Registered SqmFunctionTemplate [NamedSqmFunctionTemplate(corr)] under corr; prior registration was null
2024-06-12T14:28:33.625+03:00 DEBUG 12012 --- [URL Shortener] [           main] o.h.q.sqm.function.SqmFunctionRegistry   : Registered SqmFunctionTemplate [NamedSqmFunctionTemplate(regr_avgx)] under regr_avgx; prior registration was null
2024-06-12T14:28:33.625+03:00 DEBUG 12012 --- [URL Shortener] [           main] o.h.q.sqm.function.SqmFunctionRegistry   : Registered SqmFunctionTemplate [NamedSqmFunctionTemplate(regr_avgy)] under regr_avgy; prior registration was null
2024-06-12T14:28:33.625+03:00 DEBUG 12012 --- [URL Shortener] [           main] o.h.q.sqm.function.SqmFunctionRegistry   : Registered SqmFunctionTemplate [NamedSqmFunctionTemplate(regr_count)] under regr_count; prior registration was null
2024-06-12T14:28:33.625+03:00 DEBUG 12012 --- [URL Shortener] [           main] o.h.q.sqm.function.SqmFunctionRegistry   : Registered SqmFunctionTemplate [NamedSqmFunctionTemplate(regr_intercept)] under regr_intercept; prior registration was null
2024-06-12T14:28:33.625+03:00 DEBUG 12012 --- [URL Shortener] [           main] o.h.q.sqm.function.SqmFunctionRegistry   : Registered SqmFunctionTemplate [NamedSqmFunctionTemplate(regr_r2)] under regr_r2; prior registration was null
2024-06-12T14:28:33.625+03:00 DEBUG 12012 --- [URL Shortener] [           main] o.h.q.sqm.function.SqmFunctionRegistry   : Registered SqmFunctionTemplate [NamedSqmFunctionTemplate(regr_slope)] under regr_slope; prior registration was null
2024-06-12T14:28:33.625+03:00 DEBUG 12012 --- [URL Shortener] [           main] o.h.q.sqm.function.SqmFunctionRegistry   : Registered SqmFunctionTemplate [NamedSqmFunctionTemplate(regr_sxx)] under regr_sxx; prior registration was null
2024-06-12T14:28:33.625+03:00 DEBUG 12012 --- [URL Shortener] [           main] o.h.q.sqm.function.SqmFunctionRegistry   : Registered SqmFunctionTemplate [NamedSqmFunctionTemplate(regr_sxy)] under regr_sxy; prior registration was null
2024-06-12T14:28:33.625+03:00 DEBUG 12012 --- [URL Shortener] [           main] o.h.q.sqm.function.SqmFunctionRegistry   : Registered SqmFunctionTemplate [NamedSqmFunctionTemplate(regr_syy)] under regr_syy; prior registration was null
2024-06-12T14:28:33.625+03:00 DEBUG 12012 --- [URL Shortener] [           main] o.h.q.sqm.function.SqmFunctionRegistry   : Registered SqmFunctionTemplate [org.hibernate.query.sqm.function.PatternBasedSqmFunctionDescriptor@79fc6651] under insert; prior registration was null
2024-06-12T14:28:33.626+03:00 DEBUG 12012 --- [URL Shortener] [           main] o.h.q.sqm.function.SqmFunctionRegistry   : Registered SqmFunctionTemplate [org.hibernate.query.sqm.function.MultipatternSqmFunctionDescriptor@7b2a6ed3] under overlay; prior registration was org.hibernate.dialect.function.InsertSubstringOverlayEmulation@651e3cc9
2024-06-12T14:28:33.626+03:00 DEBUG 12012 --- [URL Shortener] [           main] o.h.q.sqm.function.SqmFunctionRegistry   : Registered SqmFunctionTemplate [NamedSqmFunctionTemplate(soundex)] under soundex; prior registration was null
2024-06-12T14:28:33.626+03:00 DEBUG 12012 --- [URL Shortener] [           main] o.h.q.sqm.function.SqmFunctionRegistry   : Registered SqmFunctionTemplate [org.hibernate.query.sqm.function.MultipatternSqmFunctionDescriptor@28993a77] under locate; prior registration was NamedSqmFunctionTemplate(locate)
2024-06-12T14:28:33.626+03:00 DEBUG 12012 --- [URL Shortener] [           main] o.h.q.sqm.function.SqmFunctionRegistry   : Registered SqmFunctionTemplate [NamedSqmFunctionTemplate(row_number)] under row_number; prior registration was null
2024-06-12T14:28:33.626+03:00 DEBUG 12012 --- [URL Shortener] [           main] o.h.q.sqm.function.SqmFunctionRegistry   : Registered SqmFunctionTemplate [NamedSqmFunctionTemplate(lag)] under lag; prior registration was null
2024-06-12T14:28:33.626+03:00 DEBUG 12012 --- [URL Shortener] [           main] o.h.q.sqm.function.SqmFunctionRegistry   : Registered SqmFunctionTemplate [NamedSqmFunctionTemplate(lead)] under lead; prior registration was null
2024-06-12T14:28:33.626+03:00 DEBUG 12012 --- [URL Shortener] [           main] o.h.q.sqm.function.SqmFunctionRegistry   : Registered SqmFunctionTemplate [NamedSqmFunctionTemplate(first_value)] under first_value; prior registration was null
2024-06-12T14:28:33.626+03:00 DEBUG 12012 --- [URL Shortener] [           main] o.h.q.sqm.function.SqmFunctionRegistry   : Registered SqmFunctionTemplate [NamedSqmFunctionTemplate(last_value)] under last_value; prior registration was null
2024-06-12T14:28:33.626+03:00 DEBUG 12012 --- [URL Shortener] [           main] o.h.q.sqm.function.SqmFunctionRegistry   : Registered SqmFunctionTemplate [NamedSqmFunctionTemplate(nth_value)] under nth_value; prior registration was null
2024-06-12T14:28:33.627+03:00 DEBUG 12012 --- [URL Shortener] [           main] o.h.q.sqm.function.SqmFunctionRegistry   : Registered SqmFunctionTemplate [org.hibernate.dialect.function.ListaggStringAggEmulation@e7423bb] under listagg; prior registration was null
2024-06-12T14:28:33.628+03:00 DEBUG 12012 --- [URL Shortener] [           main] o.h.q.sqm.function.SqmFunctionRegistry   : Registered SqmFunctionTemplate [org.hibernate.dialect.function.array.PostgreSQLArrayConstructorFunction@52b53172] under array; prior registration was null
2024-06-12T14:28:33.628+03:00 DEBUG 12012 --- [URL Shortener] [           main] o.h.q.sqm.function.SqmFunctionRegistry   : Registered SqmFunctionTemplate [org.hibernate.dialect.function.array.PostgreSQLArrayConstructorFunction@5c1dc4e9] under array_list; prior registration was null
2024-06-12T14:28:33.628+03:00 DEBUG 12012 --- [URL Shortener] [           main] o.h.q.sqm.function.SqmFunctionRegistry   : Registered SqmFunctionTemplate [org.hibernate.dialect.function.array.ArrayAggFunction@14b3976] under array_agg; prior registration was null
2024-06-12T14:28:33.630+03:00 DEBUG 12012 --- [URL Shortener] [           main] o.h.q.sqm.function.SqmFunctionRegistry   : Registered SqmFunctionTemplate [org.hibernate.dialect.function.array.PostgreSQLArrayPositionFunction@44986fae] under array_position; prior registration was null
2024-06-12T14:28:33.634+03:00 DEBUG 12012 --- [URL Shortener] [           main] o.h.q.sqm.function.SqmFunctionRegistry   : Registered SqmFunctionTemplate [org.hibernate.dialect.function.array.PostgreSQLArrayPositionsFunction@7138e064] under array_positions; prior registration was null
2024-06-12T14:28:33.638+03:00 DEBUG 12012 --- [URL Shortener] [           main] o.h.q.sqm.function.SqmFunctionRegistry   : Registered SqmFunctionTemplate [org.hibernate.dialect.function.array.PostgreSQLArrayPositionsFunction@18a421ea] under array_positions_list; prior registration was null
2024-06-12T14:28:33.638+03:00 DEBUG 12012 --- [URL Shortener] [           main] o.h.q.sqm.function.SqmFunctionRegistry   : Registered SqmFunctionTemplate [org.hibernate.query.sqm.function.PatternBasedSqmFunctionDescriptor@18247d9b] under array_length; prior registration was null
2024-06-12T14:28:33.641+03:00 DEBUG 12012 --- [URL Shortener] [           main] o.h.q.sqm.function.SqmFunctionRegistry   : Registered SqmFunctionTemplate [org.hibernate.dialect.function.array.PostgreSQLArrayConcatFunction@720cbb7d] under array_concat; prior registration was null
2024-06-12T14:28:33.642+03:00 DEBUG 12012 --- [URL Shortener] [           main] o.h.q.sqm.function.SqmFunctionRegistry   : Registered SqmFunctionTemplate [org.hibernate.dialect.function.array.PostgreSQLArrayConcatElementFunction@1285ec6] under array_prepend; prior registration was null
2024-06-12T14:28:33.642+03:00 DEBUG 12012 --- [URL Shortener] [           main] o.h.q.sqm.function.SqmFunctionRegistry   : Registered SqmFunctionTemplate [org.hibernate.dialect.function.array.PostgreSQLArrayConcatElementFunction@2abe5132] under array_append; prior registration was null
2024-06-12T14:28:33.644+03:00 DEBUG 12012 --- [URL Shortener] [           main] o.h.q.sqm.function.SqmFunctionRegistry   : Registered SqmFunctionTemplate [org.hibernate.dialect.function.array.ArrayContainsOperatorFunction@16fa28eb] under array_contains; prior registration was null
2024-06-12T14:28:33.644+03:00 DEBUG 12012 --- [URL Shortener] [           main] o.h.q.sqm.function.SqmFunctionRegistry   : Registered SqmFunctionTemplate [org.hibernate.dialect.function.array.ArrayContainsOperatorFunction@28fdce67] under array_contains_nullable; prior registration was null
2024-06-12T14:28:33.645+03:00 DEBUG 12012 --- [URL Shortener] [           main] o.h.q.sqm.function.SqmFunctionRegistry   : Registered SqmFunctionTemplate [org.hibernate.dialect.function.array.ArrayOverlapsOperatorFunction@1a35343e] under array_overlaps; prior registration was null
2024-06-12T14:28:33.645+03:00 DEBUG 12012 --- [URL Shortener] [           main] o.h.q.sqm.function.SqmFunctionRegistry   : Registered SqmFunctionTemplate [org.hibernate.dialect.function.array.ArrayOverlapsOperatorFunction@7f994055] under array_overlaps_nullable; prior registration was null
2024-06-12T14:28:33.646+03:00 DEBUG 12012 --- [URL Shortener] [           main] o.h.q.sqm.function.SqmFunctionRegistry   : Registered SqmFunctionTemplate [org.hibernate.query.sqm.function.PatternBasedSqmFunctionDescriptor@6285027a] under array_get; prior registration was null
2024-06-12T14:28:33.646+03:00 DEBUG 12012 --- [URL Shortener] [           main] o.h.q.sqm.function.SqmFunctionRegistry   : Registered SqmFunctionTemplate [org.hibernate.dialect.function.array.ArraySetUnnestFunction@59acb725] under array_set; prior registration was null
2024-06-12T14:28:33.647+03:00 DEBUG 12012 --- [URL Shortener] [           main] o.h.q.sqm.function.SqmFunctionRegistry   : Registered SqmFunctionTemplate [NamedSqmFunctionTemplate(array_remove)] under array_remove; prior registration was null
2024-06-12T14:28:33.647+03:00 DEBUG 12012 --- [URL Shortener] [           main] o.h.q.sqm.function.SqmFunctionRegistry   : Registered SqmFunctionTemplate [org.hibernate.dialect.function.array.ArrayRemoveIndexUnnestFunction@1606ecbb] under array_remove_index; prior registration was null
2024-06-12T14:28:33.647+03:00 DEBUG 12012 --- [URL Shortener] [           main] o.h.q.sqm.function.SqmFunctionRegistry   : Registered SqmFunctionTemplate [org.hibernate.query.sqm.function.PatternBasedSqmFunctionDescriptor@5c18ad5d] under array_slice; prior registration was null
2024-06-12T14:28:33.647+03:00 DEBUG 12012 --- [URL Shortener] [           main] o.h.q.sqm.function.SqmFunctionRegistry   : Registered SqmFunctionTemplate [NamedSqmFunctionTemplate(array_replace)] under array_replace; prior registration was null
2024-06-12T14:28:33.647+03:00 DEBUG 12012 --- [URL Shortener] [           main] o.h.q.sqm.function.SqmFunctionRegistry   : Registered SqmFunctionTemplate [org.hibernate.query.sqm.function.PatternBasedSqmFunctionDescriptor@497ccf3] under array_trim; prior registration was null
2024-06-12T14:28:33.648+03:00 DEBUG 12012 --- [URL Shortener] [           main] o.h.q.sqm.function.SqmFunctionRegistry   : Registered SqmFunctionTemplate [org.hibernate.dialect.function.array.PostgreSQLArrayFillFunction@7677d320] under array_fill; prior registration was null
2024-06-12T14:28:33.648+03:00 DEBUG 12012 --- [URL Shortener] [           main] o.h.q.sqm.function.SqmFunctionRegistry   : Registered SqmFunctionTemplate [org.hibernate.dialect.function.array.PostgreSQLArrayFillFunction@545d772e] under array_fill_list; prior registration was null
2024-06-12T14:28:33.648+03:00 DEBUG 12012 --- [URL Shortener] [           main] o.h.q.sqm.function.SqmFunctionRegistry   : Registered SqmFunctionTemplate [org.hibernate.dialect.function.array.ArrayToStringFunction@17856f0] under array_to_string; prior registration was null
2024-06-12T14:28:33.648+03:00 DEBUG 12012 --- [URL Shortener] [           main] o.h.q.sqm.function.SqmFunctionRegistry   : Registered SqmFunctionTemplate [NamedSqmFunctionTemplate(make_date)] under make_date; prior registration was null
2024-06-12T14:28:33.648+03:00 DEBUG 12012 --- [URL Shortener] [           main] o.h.q.sqm.function.SqmFunctionRegistry   : Registered SqmFunctionTemplate [NamedSqmFunctionTemplate(make_time)] under make_time; prior registration was null
2024-06-12T14:28:33.648+03:00 DEBUG 12012 --- [URL Shortener] [           main] o.h.q.sqm.function.SqmFunctionRegistry   : Registered SqmFunctionTemplate [NamedSqmFunctionTemplate(make_timestamp)] under make_timestamp; prior registration was null
2024-06-12T14:28:33.648+03:00 DEBUG 12012 --- [URL Shortener] [           main] o.h.q.sqm.function.SqmFunctionRegistry   : Registered SqmFunctionTemplate [NamedSqmFunctionTemplate(make_timestamptz)] under make_timestamptz; prior registration was null
2024-06-12T14:28:33.649+03:00 DEBUG 12012 --- [URL Shortener] [           main] o.h.q.sqm.function.SqmFunctionRegistry   : Registered SqmFunctionTemplate [org.hibernate.dialect.function.InverseDistributionFunction@685a3c14] under mode; prior registration was null
2024-06-12T14:28:33.649+03:00 DEBUG 12012 --- [URL Shortener] [           main] o.h.q.sqm.function.SqmFunctionRegistry   : Registered SqmFunctionTemplate [org.hibernate.dialect.function.InverseDistributionFunction@4c2ad035] under percentile_cont; prior registration was null
2024-06-12T14:28:33.649+03:00 DEBUG 12012 --- [URL Shortener] [           main] o.h.q.sqm.function.SqmFunctionRegistry   : Registered SqmFunctionTemplate [org.hibernate.dialect.function.InverseDistributionFunction@4b7ab262] under percentile_disc; prior registration was null
2024-06-12T14:28:33.650+03:00 DEBUG 12012 --- [URL Shortener] [           main] o.h.q.sqm.function.SqmFunctionRegistry   : Registered SqmFunctionTemplate [org.hibernate.dialect.function.HypotheticalSetFunction@323fa578] under rank; prior registration was null
2024-06-12T14:28:33.650+03:00 DEBUG 12012 --- [URL Shortener] [           main] o.h.q.sqm.function.SqmFunctionRegistry   : Registered SqmFunctionTemplate [org.hibernate.dialect.function.HypotheticalSetFunction@6d543ec2] under dense_rank; prior registration was null
2024-06-12T14:28:33.650+03:00 DEBUG 12012 --- [URL Shortener] [           main] o.h.q.sqm.function.SqmFunctionRegistry   : Registered SqmFunctionTemplate [org.hibernate.dialect.function.HypotheticalSetFunction@12a719ed] under percent_rank; prior registration was null
2024-06-12T14:28:33.650+03:00 DEBUG 12012 --- [URL Shortener] [           main] o.h.q.sqm.function.SqmFunctionRegistry   : Registered SqmFunctionTemplate [org.hibernate.dialect.function.HypotheticalSetFunction@79dd79eb] under cume_dist; prior registration was null
2024-06-12T14:28:33.650+03:00 DEBUG 12012 --- [URL Shortener] [           main] o.h.q.sqm.function.SqmFunctionRegistry   : Registered SqmFunctionTemplate [org.hibernate.dialect.function.PostgreSQLMinMaxFunction@422ab2ff] under min; prior registration was NamedSqmFunctionTemplate(min)
2024-06-12T14:28:33.650+03:00 DEBUG 12012 --- [URL Shortener] [           main] o.h.q.sqm.function.SqmFunctionRegistry   : Registered SqmFunctionTemplate [org.hibernate.dialect.function.PostgreSQLMinMaxFunction@4494ed08] under max; prior registration was NamedSqmFunctionTemplate(max)
2024-06-12T14:28:33.650+03:00 DEBUG 12012 --- [URL Shortener] [           main] o.h.q.sqm.function.SqmFunctionRegistry   : Registered SqmFunctionTemplate [org.hibernate.query.sqm.function.PatternBasedSqmFunctionDescriptor@7a2d676e] under bitxor; prior registration was org.hibernate.query.sqm.function.PatternBasedSqmFunctionDescriptor@3f6f26cb
2024-06-12T14:28:33.651+03:00 DEBUG 12012 --- [URL Shortener] [           main] o.h.q.sqm.function.SqmFunctionRegistry   : Registered SqmFunctionTemplate [org.hibernate.dialect.function.PostgreSQLTruncRoundFunction@1b6824c1] under round; prior registration was NamedSqmFunctionTemplate(round)
2024-06-12T14:28:33.653+03:00 DEBUG 12012 --- [URL Shortener] [           main] o.h.q.sqm.function.SqmFunctionRegistry   : Registered SqmFunctionTemplate [org.hibernate.dialect.function.PostgreSQLTruncFunction@7bd76b79] under trunc; prior registration was null
2024-06-12T14:28:33.653+03:00 DEBUG 12012 --- [URL Shortener] [           main] o.h.q.sqm.function.SqmFunctionRegistry   : Registering alternate key : truncate -> trunc
2024-06-12T14:28:33.653+03:00 DEBUG 12012 --- [URL Shortener] [           main] o.h.q.sqm.function.SqmFunctionRegistry   : Registered SqmFunctionTemplate [org.hibernate.query.sqm.function.PatternBasedSqmFunctionDescriptor@5fdfa35d] under date_trunc; prior registration was null
2024-06-12T14:28:33.654+03:00 DEBUG 12012 --- [URL Shortener] [           main] org.hibernate.HQL_FUNCTIONS              : abs(NUMERIC arg)
2024-06-12T14:28:33.655+03:00 DEBUG 12012 --- [URL Shortener] [           main] org.hibernate.HQL_FUNCTIONS              : Double acos(NUMERIC arg)
2024-06-12T14:28:33.655+03:00 DEBUG 12012 --- [URL Shortener] [           main] org.hibernate.HQL_FUNCTIONS              : Double acosh(NUMERIC arg)
2024-06-12T14:28:33.655+03:00 DEBUG 12012 --- [URL Shortener] [           main] org.hibernate.HQL_FUNCTIONS              : Boolean any(BOOLEAN predicate)
2024-06-12T14:28:33.655+03:00 DEBUG 12012 --- [URL Shortener] [           main] org.hibernate.HQL_FUNCTIONS              : array( ... )
2024-06-12T14:28:33.655+03:00 DEBUG 12012 --- [URL Shortener] [           main] org.hibernate.HQL_FUNCTIONS              : array_agg(arg)
2024-06-12T14:28:33.655+03:00 DEBUG 12012 --- [URL Shortener] [           main] org.hibernate.HQL_FUNCTIONS              : array_append( ... )
2024-06-12T14:28:33.655+03:00 DEBUG 12012 --- [URL Shortener] [           main] org.hibernate.HQL_FUNCTIONS              : array_concat( ... )
2024-06-12T14:28:33.655+03:00 DEBUG 12012 --- [URL Shortener] [           main] org.hibernate.HQL_FUNCTIONS              : Boolean array_contains(ARRAY haystackArray, OBJECT needleElementOrArray)
2024-06-12T14:28:33.655+03:00 DEBUG 12012 --- [URL Shortener] [           main] org.hibernate.HQL_FUNCTIONS              : Boolean array_contains_nullable(ARRAY haystackArray, OBJECT needleElementOrArray)
2024-06-12T14:28:33.655+03:00 DEBUG 12012 --- [URL Shortener] [           main] org.hibernate.HQL_FUNCTIONS              : array_fill(OBJECT element, INTEGER elementCount)
2024-06-12T14:28:33.655+03:00 DEBUG 12012 --- [URL Shortener] [           main] org.hibernate.HQL_FUNCTIONS              : array_fill_list(OBJECT element, INTEGER elementCount)
2024-06-12T14:28:33.655+03:00 DEBUG 12012 --- [URL Shortener] [           main] org.hibernate.HQL_FUNCTIONS              : array_get(ARRAY array, INTEGER index)
2024-06-12T14:28:33.655+03:00 DEBUG 12012 --- [URL Shortener] [           main] org.hibernate.HQL_FUNCTIONS              : Integer array_length(ARRAY array)
2024-06-12T14:28:33.655+03:00 DEBUG 12012 --- [URL Shortener] [           main] org.hibernate.HQL_FUNCTIONS              : array_list( ... )
2024-06-12T14:28:33.655+03:00 DEBUG 12012 --- [URL Shortener] [           main] org.hibernate.HQL_FUNCTIONS              : Boolean array_overlaps(ARRAY array0, OBJECT array1)
2024-06-12T14:28:33.655+03:00 DEBUG 12012 --- [URL Shortener] [           main] org.hibernate.HQL_FUNCTIONS              : Boolean array_overlaps_nullable(ARRAY array0, OBJECT array1)
2024-06-12T14:28:33.655+03:00 DEBUG 12012 --- [URL Shortener] [           main] org.hibernate.HQL_FUNCTIONS              : Integer array_position(ARRAY array, OBJECT element[, INTEGER startPosition])
2024-06-12T14:28:33.655+03:00 DEBUG 12012 --- [URL Shortener] [           main] org.hibernate.HQL_FUNCTIONS              : int[] array_positions(ARRAY array, OBJECT element)
2024-06-12T14:28:33.655+03:00 DEBUG 12012 --- [URL Shortener] [           main] org.hibernate.HQL_FUNCTIONS              : List array_positions_list(ARRAY array, OBJECT element)
2024-06-12T14:28:33.655+03:00 DEBUG 12012 --- [URL Shortener] [           main] org.hibernate.HQL_FUNCTIONS              : array_prepend( ... )
2024-06-12T14:28:33.655+03:00 DEBUG 12012 --- [URL Shortener] [           main] org.hibernate.HQL_FUNCTIONS              : array_remove( ... )
2024-06-12T14:28:33.655+03:00 DEBUG 12012 --- [URL Shortener] [           main] org.hibernate.HQL_FUNCTIONS              : array_remove_index( ... )
2024-06-12T14:28:33.655+03:00 DEBUG 12012 --- [URL Shortener] [           main] org.hibernate.HQL_FUNCTIONS              : array_replace(ARRAY array, OBJECT old, OBJECT new)
2024-06-12T14:28:33.655+03:00 DEBUG 12012 --- [URL Shortener] [           main] org.hibernate.HQL_FUNCTIONS              : array_set( ... )
2024-06-12T14:28:33.655+03:00 DEBUG 12012 --- [URL Shortener] [           main] org.hibernate.HQL_FUNCTIONS              : array_slice(ARRAY array, INTEGER start, INTEGER end)
2024-06-12T14:28:33.655+03:00 DEBUG 12012 --- [URL Shortener] [           main] org.hibernate.HQL_FUNCTIONS              : String array_to_string( ... )
2024-06-12T14:28:33.655+03:00 DEBUG 12012 --- [URL Shortener] [           main] org.hibernate.HQL_FUNCTIONS              : array_trim(ARRAY array, INTEGER elementsToRemove)
2024-06-12T14:28:33.655+03:00 DEBUG 12012 --- [URL Shortener] [           main] org.hibernate.HQL_FUNCTIONS              : Integer ascii(STRING arg)
2024-06-12T14:28:33.655+03:00 DEBUG 12012 --- [URL Shortener] [           main] org.hibernate.HQL_FUNCTIONS              : Double asin(NUMERIC arg)
2024-06-12T14:28:33.655+03:00 DEBUG 12012 --- [URL Shortener] [           main] org.hibernate.HQL_FUNCTIONS              : Double asinh(NUMERIC arg)
2024-06-12T14:28:33.655+03:00 DEBUG 12012 --- [URL Shortener] [           main] org.hibernate.HQL_FUNCTIONS              : Double atan(NUMERIC arg)
2024-06-12T14:28:33.655+03:00 DEBUG 12012 --- [URL Shortener] [           main] org.hibernate.HQL_FUNCTIONS              : Double atan2(NUMERIC arg0, NUMERIC arg1)
2024-06-12T14:28:33.655+03:00 DEBUG 12012 --- [URL Shortener] [           main] org.hibernate.HQL_FUNCTIONS              : Double atanh(NUMERIC arg)
2024-06-12T14:28:33.655+03:00 DEBUG 12012 --- [URL Shortener] [           main] org.hibernate.HQL_FUNCTIONS              : avg(arg)
2024-06-12T14:28:33.656+03:00 DEBUG 12012 --- [URL Shortener] [           main] org.hibernate.HQL_FUNCTIONS              : bit_and(arg)
2024-06-12T14:28:33.656+03:00 DEBUG 12012 --- [URL Shortener] [           main] org.hibernate.HQL_FUNCTIONS              : Integer bit_length(STRING_OR_CLOB arg)
2024-06-12T14:28:33.656+03:00 DEBUG 12012 --- [URL Shortener] [           main] org.hibernate.HQL_FUNCTIONS              : bit_or(arg)
2024-06-12T14:28:33.656+03:00 DEBUG 12012 --- [URL Shortener] [           main] org.hibernate.HQL_FUNCTIONS              : bitand(arg0, arg1)
2024-06-12T14:28:33.656+03:00 DEBUG 12012 --- [URL Shortener] [           main] org.hibernate.HQL_FUNCTIONS              : bitnot(arg)
2024-06-12T14:28:33.656+03:00 DEBUG 12012 --- [URL Shortener] [           main] org.hibernate.HQL_FUNCTIONS              : bitor(arg0, arg1)
2024-06-12T14:28:33.656+03:00 DEBUG 12012 --- [URL Shortener] [           main] org.hibernate.HQL_FUNCTIONS              : bitxor(arg0, arg1)
2024-06-12T14:28:33.656+03:00 DEBUG 12012 --- [URL Shortener] [           main] org.hibernate.HQL_FUNCTIONS              : Boolean bool_and(BOOLEAN predicate)
2024-06-12T14:28:33.656+03:00 DEBUG 12012 --- [URL Shortener] [           main] org.hibernate.HQL_FUNCTIONS              : Boolean bool_or(BOOLEAN predicate)
2024-06-12T14:28:33.656+03:00 DEBUG 12012 --- [URL Shortener] [           main] org.hibernate.HQL_FUNCTIONS              : cast(arg as Type)
2024-06-12T14:28:33.656+03:00 DEBUG 12012 --- [URL Shortener] [           main] org.hibernate.HQL_FUNCTIONS              : Double cbrt(NUMERIC arg)
2024-06-12T14:28:33.656+03:00 DEBUG 12012 --- [URL Shortener] [           main] org.hibernate.HQL_FUNCTIONS              : ceiling(NUMERIC arg)
2024-06-12T14:28:33.656+03:00 DEBUG 12012 --- [URL Shortener] [           main] org.hibernate.HQL_FUNCTIONS              : Character char(INTEGER arg)
2024-06-12T14:28:33.656+03:00 DEBUG 12012 --- [URL Shortener] [           main] org.hibernate.HQL_FUNCTIONS              : Integer character_length(STRING_OR_CLOB arg)
2024-06-12T14:28:33.656+03:00 DEBUG 12012 --- [URL Shortener] [           main] org.hibernate.HQL_FUNCTIONS              : Character chr(INTEGER arg)
2024-06-12T14:28:33.656+03:00 DEBUG 12012 --- [URL Shortener] [           main] org.hibernate.HQL_FUNCTIONS              : coalesce(arg0[, arg1[, ...]])
2024-06-12T14:28:33.656+03:00 DEBUG 12012 --- [URL Shortener] [           main] org.hibernate.HQL_FUNCTIONS              : String collate(STRING string as COLLATION collation)
2024-06-12T14:28:33.656+03:00 DEBUG 12012 --- [URL Shortener] [           main] org.hibernate.HQL_FUNCTIONS              : (STRING string0[, STRING string1[, ...]])
2024-06-12T14:28:33.656+03:00 DEBUG 12012 --- [URL Shortener] [           main] org.hibernate.HQL_FUNCTIONS              : Double corr(NUMERIC arg0, NUMERIC arg1)
2024-06-12T14:28:33.656+03:00 DEBUG 12012 --- [URL Shortener] [           main] org.hibernate.HQL_FUNCTIONS              : Double cos(NUMERIC arg)
2024-06-12T14:28:33.656+03:00 DEBUG 12012 --- [URL Shortener] [           main] org.hibernate.HQL_FUNCTIONS              : Double cosh(NUMERIC arg)
2024-06-12T14:28:33.656+03:00 DEBUG 12012 --- [URL Shortener] [           main] org.hibernate.HQL_FUNCTIONS              : Double cot(NUMERIC arg)
2024-06-12T14:28:33.656+03:00 DEBUG 12012 --- [URL Shortener] [           main] org.hibernate.HQL_FUNCTIONS              : Long count([distinct ]{arg|*})
2024-06-12T14:28:33.656+03:00 DEBUG 12012 --- [URL Shortener] [           main] org.hibernate.HQL_FUNCTIONS              : Double covar_pop(NUMERIC arg0, NUMERIC arg1)
2024-06-12T14:28:33.656+03:00 DEBUG 12012 --- [URL Shortener] [           main] org.hibernate.HQL_FUNCTIONS              : Double covar_samp(NUMERIC arg0, NUMERIC arg1)
2024-06-12T14:28:33.656+03:00 DEBUG 12012 --- [URL Shortener] [           main] org.hibernate.HQL_FUNCTIONS              : Double cume_dist([arg0[, ...]])
2024-06-12T14:28:33.656+03:00 DEBUG 12012 --- [URL Shortener] [           main] org.hibernate.HQL_FUNCTIONS              : Date current date
2024-06-12T14:28:33.656+03:00 DEBUG 12012 --- [URL Shortener] [           main] org.hibernate.HQL_FUNCTIONS              : Time current time
2024-06-12T14:28:33.656+03:00 DEBUG 12012 --- [URL Shortener] [           main] org.hibernate.HQL_FUNCTIONS              : Timestamp current timestamp
2024-06-12T14:28:33.656+03:00 DEBUG 12012 --- [URL Shortener] [           main] org.hibernate.HQL_FUNCTIONS              : Date current_date
2024-06-12T14:28:33.656+03:00 DEBUG 12012 --- [URL Shortener] [           main] org.hibernate.HQL_FUNCTIONS              : Instant current_instant
2024-06-12T14:28:33.656+03:00 DEBUG 12012 --- [URL Shortener] [           main] org.hibernate.HQL_FUNCTIONS              : Time current_time
2024-06-12T14:28:33.656+03:00 DEBUG 12012 --- [URL Shortener] [           main] org.hibernate.HQL_FUNCTIONS              : Timestamp current_timestamp
2024-06-12T14:28:33.656+03:00 DEBUG 12012 --- [URL Shortener] [           main] org.hibernate.HQL_FUNCTIONS              : date_trunc(STRING field, TEMPORAL datetime)
2024-06-12T14:28:33.656+03:00 DEBUG 12012 --- [URL Shortener] [           main] org.hibernate.HQL_FUNCTIONS              : dateadd(TEMPORAL_UNIT field, INTEGER magnitude, TEMPORAL datetime)
2024-06-12T14:28:33.657+03:00 DEBUG 12012 --- [URL Shortener] [           main] org.hibernate.HQL_FUNCTIONS              : Long|Double datediff(TEMPORAL_UNIT field, TEMPORAL start, TEMPORAL end)
2024-06-12T14:28:33.657+03:00 DEBUG 12012 --- [URL Shortener] [           main] org.hibernate.HQL_FUNCTIONS              : Double degrees(NUMERIC arg)
2024-06-12T14:28:33.657+03:00 DEBUG 12012 --- [URL Shortener] [           main] org.hibernate.HQL_FUNCTIONS              : Long dense_rank([arg0[, ...]])
2024-06-12T14:28:33.657+03:00 DEBUG 12012 --- [URL Shortener] [           main] org.hibernate.HQL_FUNCTIONS              : Boolean every(BOOLEAN predicate)
2024-06-12T14:28:33.657+03:00 DEBUG 12012 --- [URL Shortener] [           main] org.hibernate.HQL_FUNCTIONS              : Double exp(NUMERIC arg)
2024-06-12T14:28:33.657+03:00 DEBUG 12012 --- [URL Shortener] [           main] org.hibernate.HQL_FUNCTIONS              : extract(TEMPORAL_UNIT field from TEMPORAL arg)
2024-06-12T14:28:33.657+03:00 DEBUG 12012 --- [URL Shortener] [           main] org.hibernate.HQL_FUNCTIONS              : first_valueANY value
2024-06-12T14:28:33.657+03:00 DEBUG 12012 --- [URL Shortener] [           main] org.hibernate.HQL_FUNCTIONS              : floor(NUMERIC arg)
2024-06-12T14:28:33.657+03:00 DEBUG 12012 --- [URL Shortener] [           main] org.hibernate.HQL_FUNCTIONS              : String format(TEMPORAL datetime as STRING pattern)
2024-06-12T14:28:33.657+03:00 DEBUG 12012 --- [URL Shortener] [           main] org.hibernate.HQL_FUNCTIONS              : greatest(COMPARABLE arg0, COMPARABLE arg1[, arg2[, ...]])
2024-06-12T14:28:33.657+03:00 DEBUG 12012 --- [URL Shortener] [           main] org.hibernate.HQL_FUNCTIONS              : ifnull(arg0, arg1)
2024-06-12T14:28:33.657+03:00 DEBUG 12012 --- [URL Shortener] [           main] org.hibernate.HQL_FUNCTIONS              : String initcap(arg)
2024-06-12T14:28:33.657+03:00 DEBUG 12012 --- [URL Shortener] [           main] org.hibernate.HQL_FUNCTIONS              : String insert(STRING string, INTEGER start, INTEGER length, STRING replacement)
2024-06-12T14:28:33.657+03:00 DEBUG 12012 --- [URL Shortener] [           main] org.hibernate.HQL_FUNCTIONS              : Instant instant
2024-06-12T14:28:33.657+03:00 DEBUG 12012 --- [URL Shortener] [           main] org.hibernate.HQL_FUNCTIONS              : lagANY value[, INTEGER offset[, ANY default]]
2024-06-12T14:28:33.657+03:00 DEBUG 12012 --- [URL Shortener] [           main] org.hibernate.HQL_FUNCTIONS              : last_valueANY value
2024-06-12T14:28:33.657+03:00 DEBUG 12012 --- [URL Shortener] [           main] org.hibernate.HQL_FUNCTIONS              : leadANY value[, INTEGER offset[, ANY default]]
2024-06-12T14:28:33.657+03:00 DEBUG 12012 --- [URL Shortener] [           main] org.hibernate.HQL_FUNCTIONS              : least(COMPARABLE arg0, COMPARABLE arg1[, arg2[, ...]])
2024-06-12T14:28:33.657+03:00 DEBUG 12012 --- [URL Shortener] [           main] org.hibernate.HQL_FUNCTIONS              : String left(STRING string, INTEGER length)
2024-06-12T14:28:33.657+03:00 DEBUG 12012 --- [URL Shortener] [           main] org.hibernate.HQL_FUNCTIONS              : Integer length(STRING_OR_CLOB arg)
2024-06-12T14:28:33.657+03:00 DEBUG 12012 --- [URL Shortener] [           main] org.hibernate.HQL_FUNCTIONS              : String listagg(STRING arg0, STRING arg1)
2024-06-12T14:28:33.657+03:00 DEBUG 12012 --- [URL Shortener] [           main] org.hibernate.HQL_FUNCTIONS              : Double ln(NUMERIC arg)
2024-06-12T14:28:33.657+03:00 DEBUG 12012 --- [URL Shortener] [           main] org.hibernate.HQL_FUNCTIONS              : LocalDate local date
2024-06-12T14:28:33.657+03:00 DEBUG 12012 --- [URL Shortener] [           main] org.hibernate.HQL_FUNCTIONS              : LocalDateTime local datetime
2024-06-12T14:28:33.657+03:00 DEBUG 12012 --- [URL Shortener] [           main] org.hibernate.HQL_FUNCTIONS              : LocalTime local time
2024-06-12T14:28:33.657+03:00 DEBUG 12012 --- [URL Shortener] [           main] org.hibernate.HQL_FUNCTIONS              : LocalDate local_date
2024-06-12T14:28:33.657+03:00 DEBUG 12012 --- [URL Shortener] [           main] org.hibernate.HQL_FUNCTIONS              : LocalDateTime local_datetime
2024-06-12T14:28:33.657+03:00 DEBUG 12012 --- [URL Shortener] [           main] org.hibernate.HQL_FUNCTIONS              : LocalTime local_time
2024-06-12T14:28:33.657+03:00 DEBUG 12012 --- [URL Shortener] [           main] org.hibernate.HQL_FUNCTIONS              : Time localtime
2024-06-12T14:28:33.657+03:00 DEBUG 12012 --- [URL Shortener] [           main] org.hibernate.HQL_FUNCTIONS              : Timestamp localtimestamp
2024-06-12T14:28:33.657+03:00 DEBUG 12012 --- [URL Shortener] [           main] org.hibernate.HQL_FUNCTIONS              : Integer locate(STRING pattern, STRING string[, INTEGER start])
2024-06-12T14:28:33.657+03:00 DEBUG 12012 --- [URL Shortener] [           main] org.hibernate.HQL_FUNCTIONS              : Double log(NUMERIC arg0[, NUMERIC arg1])
2024-06-12T14:28:33.657+03:00 DEBUG 12012 --- [URL Shortener] [           main] org.hibernate.HQL_FUNCTIONS              : Double log10(NUMERIC arg)
2024-06-12T14:28:33.657+03:00 DEBUG 12012 --- [URL Shortener] [           main] org.hibernate.HQL_FUNCTIONS              : String lower(STRING string)
2024-06-12T14:28:33.657+03:00 DEBUG 12012 --- [URL Shortener] [           main] org.hibernate.HQL_FUNCTIONS              : String lpad(STRING string, INTEGER length[, STRING padding])
2024-06-12T14:28:33.657+03:00 DEBUG 12012 --- [URL Shortener] [           main] org.hibernate.HQL_FUNCTIONS              : String ltrim(STRING string[, STRING characters])
2024-06-12T14:28:33.657+03:00 DEBUG 12012 --- [URL Shortener] [           main] org.hibernate.HQL_FUNCTIONS              : Date make_date(INTEGER arg0, INTEGER arg1, INTEGER arg2)
2024-06-12T14:28:33.657+03:00 DEBUG 12012 --- [URL Shortener] [           main] org.hibernate.HQL_FUNCTIONS              : Time make_time(INTEGER arg0, INTEGER arg1, INTEGER arg2)
2024-06-12T14:28:33.657+03:00 DEBUG 12012 --- [URL Shortener] [           main] org.hibernate.HQL_FUNCTIONS              : Timestamp make_timestamp(INTEGER arg0, INTEGER arg1, INTEGER arg2, INTEGER arg3, INTEGER arg4, INTEGER arg5)
2024-06-12T14:28:33.658+03:00 DEBUG 12012 --- [URL Shortener] [           main] org.hibernate.HQL_FUNCTIONS              : Timestamp make_timestamptz(INTEGER arg0, INTEGER arg1, INTEGER arg2, INTEGER arg3, INTEGER arg4, INTEGER arg5[, INTEGER arg6])
2024-06-12T14:28:33.658+03:00 DEBUG 12012 --- [URL Shortener] [           main] org.hibernate.HQL_FUNCTIONS              : max(COMPARABLE arg)
2024-06-12T14:28:33.658+03:00 DEBUG 12012 --- [URL Shortener] [           main] org.hibernate.HQL_FUNCTIONS              : String md5(arg)
2024-06-12T14:28:33.658+03:00 DEBUG 12012 --- [URL Shortener] [           main] org.hibernate.HQL_FUNCTIONS              : Double median(NUMERIC arg)
2024-06-12T14:28:33.658+03:00 DEBUG 12012 --- [URL Shortener] [           main] org.hibernate.HQL_FUNCTIONS              : min(COMPARABLE arg)
2024-06-12T14:28:33.658+03:00 DEBUG 12012 --- [URL Shortener] [           main] org.hibernate.HQL_FUNCTIONS              : Integer mod(INTEGER arg0, INTEGER arg1)
2024-06-12T14:28:33.658+03:00 DEBUG 12012 --- [URL Shortener] [           main] org.hibernate.HQL_FUNCTIONS              : mode()
2024-06-12T14:28:33.658+03:00 DEBUG 12012 --- [URL Shortener] [           main] org.hibernate.HQL_FUNCTIONS              : nth_valueANY value, INTEGER nth
2024-06-12T14:28:33.658+03:00 DEBUG 12012 --- [URL Shortener] [           main] org.hibernate.HQL_FUNCTIONS              : nullif(arg0, arg1)
2024-06-12T14:28:33.658+03:00 DEBUG 12012 --- [URL Shortener] [           main] org.hibernate.HQL_FUNCTIONS              : Integer octet_length(STRING_OR_CLOB arg)
2024-06-12T14:28:33.658+03:00 DEBUG 12012 --- [URL Shortener] [           main] org.hibernate.HQL_FUNCTIONS              : OffsetDateTime offset datetime
2024-06-12T14:28:33.658+03:00 DEBUG 12012 --- [URL Shortener] [           main] org.hibernate.HQL_FUNCTIONS              : OffsetDateTime offset_datetime
2024-06-12T14:28:33.658+03:00 DEBUG 12012 --- [URL Shortener] [           main] org.hibernate.HQL_FUNCTIONS              : String overlay(string placing replacement from start[ for length])
2024-06-12T14:28:33.658+03:00 DEBUG 12012 --- [URL Shortener] [           main] org.hibernate.HQL_FUNCTIONS              : String pad(STRING string with INTEGER length {leading|trailing}[ STRING character])
2024-06-12T14:28:33.658+03:00 DEBUG 12012 --- [URL Shortener] [           main] org.hibernate.HQL_FUNCTIONS              : Double percent_rank([arg0[, ...]])
2024-06-12T14:28:33.658+03:00 DEBUG 12012 --- [URL Shortener] [           main] org.hibernate.HQL_FUNCTIONS              : percentile_cont(NUMERIC arg)
2024-06-12T14:28:33.658+03:00 DEBUG 12012 --- [URL Shortener] [           main] org.hibernate.HQL_FUNCTIONS              : percentile_disc(NUMERIC arg)
2024-06-12T14:28:33.658+03:00 DEBUG 12012 --- [URL Shortener] [           main] org.hibernate.HQL_FUNCTIONS              : Double pi
2024-06-12T14:28:33.658+03:00 DEBUG 12012 --- [URL Shortener] [           main] org.hibernate.HQL_FUNCTIONS              : Integer position(STRING pattern in STRING string)
2024-06-12T14:28:33.658+03:00 DEBUG 12012 --- [URL Shortener] [           main] org.hibernate.HQL_FUNCTIONS              : Double power(NUMERIC arg0, NUMERIC arg1)
2024-06-12T14:28:33.658+03:00 DEBUG 12012 --- [URL Shortener] [           main] org.hibernate.HQL_FUNCTIONS              : Double radians(NUMERIC arg)
2024-06-12T14:28:33.658+03:00 DEBUG 12012 --- [URL Shortener] [           main] org.hibernate.HQL_FUNCTIONS              : Long rank([arg0[, ...]])
2024-06-12T14:28:33.658+03:00 DEBUG 12012 --- [URL Shortener] [           main] org.hibernate.HQL_FUNCTIONS              : Double regr_avgx(NUMERIC arg0, NUMERIC arg1)
2024-06-12T14:28:33.658+03:00 DEBUG 12012 --- [URL Shortener] [           main] org.hibernate.HQL_FUNCTIONS              : Double regr_avgy(NUMERIC arg0, NUMERIC arg1)
2024-06-12T14:28:33.658+03:00 DEBUG 12012 --- [URL Shortener] [           main] org.hibernate.HQL_FUNCTIONS              : Double regr_count(NUMERIC arg0, NUMERIC arg1)
2024-06-12T14:28:33.658+03:00 DEBUG 12012 --- [URL Shortener] [           main] org.hibernate.HQL_FUNCTIONS              : Double regr_intercept(NUMERIC arg0, NUMERIC arg1)
2024-06-12T14:28:33.658+03:00 DEBUG 12012 --- [URL Shortener] [           main] org.hibernate.HQL_FUNCTIONS              : Double regr_r2(NUMERIC arg0, NUMERIC arg1)
2024-06-12T14:28:33.658+03:00 DEBUG 12012 --- [URL Shortener] [           main] org.hibernate.HQL_FUNCTIONS              : Double regr_slope(NUMERIC arg0, NUMERIC arg1)
2024-06-12T14:28:33.658+03:00 DEBUG 12012 --- [URL Shortener] [           main] org.hibernate.HQL_FUNCTIONS              : Double regr_sxx(NUMERIC arg0, NUMERIC arg1)
2024-06-12T14:28:33.658+03:00 DEBUG 12012 --- [URL Shortener] [           main] org.hibernate.HQL_FUNCTIONS              : Double regr_sxy(NUMERIC arg0, NUMERIC arg1)
2024-06-12T14:28:33.658+03:00 DEBUG 12012 --- [URL Shortener] [           main] org.hibernate.HQL_FUNCTIONS              : Double regr_syy(NUMERIC arg0, NUMERIC arg1)
2024-06-12T14:28:33.658+03:00 DEBUG 12012 --- [URL Shortener] [           main] org.hibernate.HQL_FUNCTIONS              : String repeat(STRING string, INTEGER times)
2024-06-12T14:28:33.658+03:00 DEBUG 12012 --- [URL Shortener] [           main] org.hibernate.HQL_FUNCTIONS              : String replace(STRING string, STRING pattern, STRING replacement)
2024-06-12T14:28:33.658+03:00 DEBUG 12012 --- [URL Shortener] [           main] org.hibernate.HQL_FUNCTIONS              : String right(STRING string, INTEGER length)
2024-06-12T14:28:33.658+03:00 DEBUG 12012 --- [URL Shortener] [           main] org.hibernate.HQL_FUNCTIONS              : round(NUMERIC number[, INTEGER places])
2024-06-12T14:28:33.658+03:00 DEBUG 12012 --- [URL Shortener] [           main] org.hibernate.HQL_FUNCTIONS              : Long row_number()
2024-06-12T14:28:33.658+03:00 DEBUG 12012 --- [URL Shortener] [           main] org.hibernate.HQL_FUNCTIONS              : String rpad(STRING string, INTEGER length[, STRING padding])
2024-06-12T14:28:33.658+03:00 DEBUG 12012 --- [URL Shortener] [           main] org.hibernate.HQL_FUNCTIONS              : String rtrim(STRING string[, STRING characters])
2024-06-12T14:28:33.658+03:00 DEBUG 12012 --- [URL Shortener] [           main] org.hibernate.HQL_FUNCTIONS              : Integer sign(NUMERIC arg)
2024-06-12T14:28:33.658+03:00 DEBUG 12012 --- [URL Shortener] [           main] org.hibernate.HQL_FUNCTIONS              : Double sin(NUMERIC arg)
2024-06-12T14:28:33.658+03:00 DEBUG 12012 --- [URL Shortener] [           main] org.hibernate.HQL_FUNCTIONS              : Double sinh(NUMERIC arg)
2024-06-12T14:28:33.658+03:00 DEBUG 12012 --- [URL Shortener] [           main] org.hibernate.HQL_FUNCTIONS              : String soundex(arg)
2024-06-12T14:28:33.658+03:00 DEBUG 12012 --- [URL Shortener] [           main] org.hibernate.HQL_FUNCTIONS              : Object sql
2024-06-12T14:28:33.658+03:00 DEBUG 12012 --- [URL Shortener] [           main] org.hibernate.HQL_FUNCTIONS              : Double sqrt(NUMERIC arg)
2024-06-12T14:28:33.658+03:00 DEBUG 12012 --- [URL Shortener] [           main] org.hibernate.HQL_FUNCTIONS              : Double stddev(NUMERIC arg)
2024-06-12T14:28:33.658+03:00 DEBUG 12012 --- [URL Shortener] [           main] org.hibernate.HQL_FUNCTIONS              : Double stddev_pop(NUMERIC arg)
2024-06-12T14:28:33.658+03:00 DEBUG 12012 --- [URL Shortener] [           main] org.hibernate.HQL_FUNCTIONS              : Double stddev_samp(NUMERIC arg)
2024-06-12T14:28:33.658+03:00 DEBUG 12012 --- [URL Shortener] [           main] org.hibernate.HQL_FUNCTIONS              : String str(arg)
2024-06-12T14:28:33.658+03:00 DEBUG 12012 --- [URL Shortener] [           main] org.hibernate.HQL_FUNCTIONS              : String substr(STRING string, INTEGER start[, INTEGER length])
2024-06-12T14:28:33.658+03:00 DEBUG 12012 --- [URL Shortener] [           main] org.hibernate.HQL_FUNCTIONS              : String substring(STRING string{ from|,} INTEGER start[{ for|,} INTEGER length])
2024-06-12T14:28:33.658+03:00 DEBUG 12012 --- [URL Shortener] [           main] org.hibernate.HQL_FUNCTIONS              : sum(arg)
2024-06-12T14:28:33.658+03:00 DEBUG 12012 --- [URL Shortener] [           main] org.hibernate.HQL_FUNCTIONS              : Double tan(NUMERIC arg)
2024-06-12T14:28:33.658+03:00 DEBUG 12012 --- [URL Shortener] [           main] org.hibernate.HQL_FUNCTIONS              : Double tanh(NUMERIC arg)
2024-06-12T14:28:33.658+03:00 DEBUG 12012 --- [URL Shortener] [           main] org.hibernate.HQL_FUNCTIONS              : timestampadd(TEMPORAL_UNIT field, INTEGER magnitude, TEMPORAL datetime)
2024-06-12T14:28:33.658+03:00 DEBUG 12012 --- [URL Shortener] [           main] org.hibernate.HQL_FUNCTIONS              : Long|Double timestampdiff(TEMPORAL_UNIT field, TEMPORAL start, TEMPORAL end)
2024-06-12T14:28:33.658+03:00 DEBUG 12012 --- [URL Shortener] [           main] org.hibernate.HQL_FUNCTIONS              : String to_char(ANY arg0[, STRING arg1, STRING arg2])
2024-06-12T14:28:33.658+03:00 DEBUG 12012 --- [URL Shortener] [           main] org.hibernate.HQL_FUNCTIONS              : Date to_date(STRING arg0[, STRING arg1, STRING arg2])
2024-06-12T14:28:33.658+03:00 DEBUG 12012 --- [URL Shortener] [           main] org.hibernate.HQL_FUNCTIONS              : Double to_number(STRING arg0[, STRING arg1, STRING arg2])
2024-06-12T14:28:33.658+03:00 DEBUG 12012 --- [URL Shortener] [           main] org.hibernate.HQL_FUNCTIONS              : Timestamp to_timestamp(STRING arg0[, STRING arg1, STRING arg2])
2024-06-12T14:28:33.658+03:00 DEBUG 12012 --- [URL Shortener] [           main] org.hibernate.HQL_FUNCTIONS              : String translate(STRING arg0, STRING arg1, STRING arg2)
2024-06-12T14:28:33.658+03:00 DEBUG 12012 --- [URL Shortener] [           main] org.hibernate.HQL_FUNCTIONS              : String trim([[{leading|trailing|both} ][STRING arg0 ]from] STRING arg1)
2024-06-12T14:28:33.658+03:00 DEBUG 12012 --- [URL Shortener] [           main] org.hibernate.HQL_FUNCTIONS              : trunc( ... )
2024-06-12T14:28:33.658+03:00 DEBUG 12012 --- [URL Shortener] [           main] org.hibernate.HQL_FUNCTIONS              : truncate( ... )
2024-06-12T14:28:33.658+03:00 DEBUG 12012 --- [URL Shortener] [           main] org.hibernate.HQL_FUNCTIONS              : String upper(STRING string)
2024-06-12T14:28:33.658+03:00 DEBUG 12012 --- [URL Shortener] [           main] org.hibernate.HQL_FUNCTIONS              : Double var_pop(NUMERIC arg)
2024-06-12T14:28:33.658+03:00 DEBUG 12012 --- [URL Shortener] [           main] org.hibernate.HQL_FUNCTIONS              : Double var_samp(NUMERIC arg)
2024-06-12T14:28:33.658+03:00 DEBUG 12012 --- [URL Shortener] [           main] org.hibernate.HQL_FUNCTIONS              : Double variance(NUMERIC arg)
2024-06-12T14:28:33.663+03:00 DEBUG 12012 --- [URL Shortener] [           main] org.hibernate.orm.query.plan.cache       : Starting QueryInterpretationCache(2048)
2024-06-12T14:28:33.737+03:00 DEBUG 12012 --- [URL Shortener] [           main] .h.s.i.SessionFactoryServiceRegistryImpl : EventListenerRegistry access via ServiceRegistry is deprecated.  Use `sessionFactory.getEventEngine().getListenerRegistry()` instead
2024-06-12T14:28:33.738+03:00 DEBUG 12012 --- [URL Shortener] [           main] h.e.i.EntityCopyObserverFactoryInitiator : Configured EntityCopyObserver strategy: disallow
2024-06-12T14:28:33.806+03:00 DEBUG 12012 --- [URL Shortener] [           main] org.hibernate.ormbytecode.interceptor    : To-one property `com.example.user.User#role` was mapped with LAZY + NO_PROXY but the class was not enhanced
2024-06-12T14:28:33.806+03:00 DEBUG 12012 --- [URL Shortener] [           main] org.hibernate.ormbytecode.interceptor    : To-one property `com.example.user.User#role` was mapped with LAZY + NO_PROXY but the class was not enhanced
2024-06-12T14:28:33.807+03:00 DEBUG 12012 --- [URL Shortener] [           main] o.h.boot.internal.ClassLoaderAccessImpl  : Not known whether passed class name [com.example.user.User] is safe
2024-06-12T14:28:33.807+03:00 DEBUG 12012 --- [URL Shortener] [           main] o.h.boot.internal.ClassLoaderAccessImpl  : No temp ClassLoader provided; using live ClassLoader for loading potentially unsafe class : com.example.user.User
2024-06-12T14:28:33.981+03:00 DEBUG 12012 --- [URL Shortener] [           main] o.h.b.i.bytebuddy.BytecodeProviderImpl   : HHH000513: Unable to create the ReflectionOptimizer for [com.example.user.User]: private accessor [active]
2024-06-12T14:28:33.988+03:00 DEBUG 12012 --- [URL Shortener] [           main] org.hibernate.ormbytecode.interceptor    : To-one property `com.example.user.User#role` was mapped with LAZY + NO_PROXY but the class was not enhanced
2024-06-12T14:28:34.005+03:00 DEBUG 12012 --- [URL Shortener] [           main] org.hibernate.ormbytecode.interceptor    : To-one property `com.example.url_profile.UrlProfile#user` was mapped with LAZY + NO_PROXY but the class was not enhanced
2024-06-12T14:28:34.005+03:00 DEBUG 12012 --- [URL Shortener] [           main] org.hibernate.ormbytecode.interceptor    : To-one property `com.example.url_profile.UrlProfile#user` was mapped with LAZY + NO_PROXY but the class was not enhanced
2024-06-12T14:28:34.005+03:00 DEBUG 12012 --- [URL Shortener] [           main] o.h.boot.internal.ClassLoaderAccessImpl  : Not known whether passed class name [com.example.url_profile.UrlProfile] is safe
2024-06-12T14:28:34.005+03:00 DEBUG 12012 --- [URL Shortener] [           main] o.h.boot.internal.ClassLoaderAccessImpl  : No temp ClassLoader provided; using live ClassLoader for loading potentially unsafe class : com.example.url_profile.UrlProfile
2024-06-12T14:28:34.022+03:00 DEBUG 12012 --- [URL Shortener] [           main] o.h.b.i.bytebuddy.BytecodeProviderImpl   : HHH000513: Unable to create the ReflectionOptimizer for [com.example.url_profile.UrlProfile]: private accessor [createdAt]
2024-06-12T14:28:34.022+03:00 DEBUG 12012 --- [URL Shortener] [           main] org.hibernate.ormbytecode.interceptor    : To-one property `com.example.url_profile.UrlProfile#user` was mapped with LAZY + NO_PROXY but the class was not enhanced
2024-06-12T14:28:34.022+03:00 DEBUG 12012 --- [URL Shortener] [           main] org.hibernate.ormbytecode.interceptor    : To-one property `com.example.url_view.UrlView#urlProfile` was mapped with LAZY + NO_PROXY but the class was not enhanced
2024-06-12T14:28:34.022+03:00 DEBUG 12012 --- [URL Shortener] [           main] org.hibernate.ormbytecode.interceptor    : To-one property `com.example.url_view.UrlView#urlProfile` was mapped with LAZY + NO_PROXY but the class was not enhanced
2024-06-12T14:28:34.022+03:00 DEBUG 12012 --- [URL Shortener] [           main] o.h.boot.internal.ClassLoaderAccessImpl  : Not known whether passed class name [com.example.url_view.UrlView] is safe
2024-06-12T14:28:34.022+03:00 DEBUG 12012 --- [URL Shortener] [           main] o.h.boot.internal.ClassLoaderAccessImpl  : No temp ClassLoader provided; using live ClassLoader for loading potentially unsafe class : com.example.url_view.UrlView
2024-06-12T14:28:34.037+03:00 DEBUG 12012 --- [URL Shortener] [           main] o.h.b.i.bytebuddy.BytecodeProviderImpl   : HHH000513: Unable to create the ReflectionOptimizer for [com.example.url_view.UrlView]: private accessor [browser]
2024-06-12T14:28:34.037+03:00 DEBUG 12012 --- [URL Shortener] [           main] org.hibernate.ormbytecode.interceptor    : To-one property `com.example.url_view.UrlView#urlProfile` was mapped with LAZY + NO_PROXY but the class was not enhanced
2024-06-12T14:28:34.037+03:00 DEBUG 12012 --- [URL Shortener] [           main] o.h.boot.internal.ClassLoaderAccessImpl  : Not known whether passed class name [com.example.role.Role] is safe
2024-06-12T14:28:34.037+03:00 DEBUG 12012 --- [URL Shortener] [           main] o.h.boot.internal.ClassLoaderAccessImpl  : No temp ClassLoader provided; using live ClassLoader for loading potentially unsafe class : com.example.role.Role
2024-06-12T14:28:34.047+03:00 DEBUG 12012 --- [URL Shortener] [           main] o.h.b.i.bytebuddy.BytecodeProviderImpl   : HHH000513: Unable to create the ReflectionOptimizer for [com.example.role.Role]: private accessor [name]
2024-06-12T14:28:34.065+03:00 DEBUG 12012 --- [URL Shortener] [           main] org.hibernate.orm.jdbc.mutation          : Skipping collection (re)creation - com.example.user.User.urls
2024-06-12T14:28:34.066+03:00 DEBUG 12012 --- [URL Shortener] [           main] org.hibernate.orm.jdbc.mutation          : Skipping collection row deletions - com.example.user.User.urls
2024-06-12T14:28:34.066+03:00 DEBUG 12012 --- [URL Shortener] [           main] org.hibernate.orm.jdbc.mutation          : Skipping collection removals - com.example.user.User.urls
2024-06-12T14:28:34.068+03:00 DEBUG 12012 --- [URL Shortener] [           main] org.hibernate.orm.jdbc.mutation          : Skipping collection (re)creation - com.example.url_profile.UrlProfile.urlViews
2024-06-12T14:28:34.068+03:00 DEBUG 12012 --- [URL Shortener] [           main] org.hibernate.orm.jdbc.mutation          : Skipping collection row deletions - com.example.url_profile.UrlProfile.urlViews
2024-06-12T14:28:34.068+03:00 DEBUG 12012 --- [URL Shortener] [           main] org.hibernate.orm.jdbc.mutation          : Skipping collection removals - com.example.url_profile.UrlProfile.urlViews
2024-06-12T14:28:34.100+03:00 DEBUG 12012 --- [URL Shortener] [           main] o.hibernate.orm.model.mapping.creation   : Starting post-init callbacks
2024-06-12T14:28:34.101+03:00 DEBUG 12012 --- [URL Shortener] [           main] o.hibernate.orm.model.mapping.creation   : Starting PostInitCallbackEntry : To-one key - NavigableRole[com.example.user.User.role]
2024-06-12T14:28:34.104+03:00 DEBUG 12012 --- [URL Shortener] [           main] o.hibernate.orm.model.mapping.creation   : Starting PostInitCallbackEntry : PluralAttributeMapping( NavigableRole[com.example.user.User.urls#{element}]) - element descriptor
2024-06-12T14:28:34.104+03:00 DEBUG 12012 --- [URL Shortener] [           main] o.hibernate.orm.model.mapping.creation   : Starting PostInitCallbackEntry : PluralAttributeMapping(com.example.user.User.urls)#finishInitialization
2024-06-12T14:28:34.104+03:00 DEBUG 12012 --- [URL Shortener] [           main] o.hibernate.orm.model.mapping.creation   : Starting PostInitCallbackEntry : PluralAttributeMapping(com.example.user.User.urls) - key descriptor
2024-06-12T14:28:34.105+03:00 DEBUG 12012 --- [URL Shortener] [           main] o.hibernate.orm.model.mapping.creation   : Starting PostInitCallbackEntry : Entity(com.example.user.User) `staticFetchableList` generator
2024-06-12T14:28:34.105+03:00 DEBUG 12012 --- [URL Shortener] [           main] o.hibernate.orm.model.mapping.creation   : Starting PostInitCallbackEntry : PluralAttributeMapping( NavigableRole[com.example.url_profile.UrlProfile.urlViews#{element}]) - element descriptor
2024-06-12T14:28:34.105+03:00 DEBUG 12012 --- [URL Shortener] [           main] o.hibernate.orm.model.mapping.creation   : Starting PostInitCallbackEntry : PluralAttributeMapping(com.example.url_profile.UrlProfile.urlViews)#finishInitialization
2024-06-12T14:28:34.105+03:00 DEBUG 12012 --- [URL Shortener] [           main] o.hibernate.orm.model.mapping.creation   : Starting PostInitCallbackEntry : PluralAttributeMapping(com.example.url_profile.UrlProfile.urlViews) - key descriptor
2024-06-12T14:28:34.105+03:00 DEBUG 12012 --- [URL Shortener] [           main] o.hibernate.orm.model.mapping.creation   : Starting PostInitCallbackEntry : To-one key - NavigableRole[com.example.url_profile.UrlProfile.user]
2024-06-12T14:28:34.105+03:00 DEBUG 12012 --- [URL Shortener] [           main] o.hibernate.orm.model.mapping.creation   : Starting PostInitCallbackEntry : Entity(com.example.url_profile.UrlProfile) `staticFetchableList` generator
2024-06-12T14:28:34.105+03:00 DEBUG 12012 --- [URL Shortener] [           main] o.hibernate.orm.model.mapping.creation   : Starting PostInitCallbackEntry : To-one key - NavigableRole[com.example.url_view.UrlView.urlProfile]
2024-06-12T14:28:34.105+03:00 DEBUG 12012 --- [URL Shortener] [           main] o.hibernate.orm.model.mapping.creation   : Starting PostInitCallbackEntry : Entity(com.example.url_view.UrlView) `staticFetchableList` generator
2024-06-12T14:28:34.105+03:00 DEBUG 12012 --- [URL Shortener] [           main] o.hibernate.orm.model.mapping.creation   : Starting PostInitCallbackEntry : Entity(com.example.role.Role) `staticFetchableList` generator
2024-06-12T14:28:34.105+03:00 DEBUG 12012 --- [URL Shortener] [           main] o.hibernate.orm.model.mapping.creation   : Starting PostInitCallbackEntry : PluralAttributeMapping( NavigableRole[com.example.user.User.urls#{element}]) - element descriptor
2024-06-12T14:28:34.105+03:00 DEBUG 12012 --- [URL Shortener] [           main] o.hibernate.orm.model.mapping.creation   : Starting PostInitCallbackEntry : PluralAttributeMapping( NavigableRole[com.example.url_profile.UrlProfile.urlViews#{element}]) - element descriptor
2024-06-12T14:28:34.174+03:00 DEBUG 12012 --- [URL Shortener] [           main] org.hibernate.orm.sql.ast.create         : Created new SQL alias : u1_0
2024-06-12T14:28:34.175+03:00 DEBUG 12012 --- [URL Shortener] [           main] org.hibernate.orm.sql.ast.create         : Registration of TableGroup [StandardTableGroup(com.example.user.User)] with identifierForTableGroup [com.example.user.User] for NavigablePath [com.example.user.User] 
2024-06-12T14:28:34.184+03:00 DEBUG 12012 --- [URL Shortener] [           main] org.hibernate.orm.sql.ast.create         : Registration of TableGroup [org.hibernate.sql.ast.tree.from.LazyTableGroup@1b60c196] with identifierForTableGroup [com.example.user.User.role] for NavigablePath [com.example.user.User.role] 
2024-06-12T14:28:34.185+03:00 DEBUG 12012 --- [URL Shortener] [           main] org.hibernate.orm.sql.ast.create         : Created new SQL alias : r1_0
2024-06-12T14:28:34.193+03:00 DEBUG 12012 --- [URL Shortener] [           main] org.hibernate.orm.results.graph.AST      : DomainResult Graph:
 \-EntityResultImpl [com.example.user.User]
 |  +-BasicFetch [com.example.user.User.active]
 |  +-BasicFetch [com.example.user.User.createdAt]
 |  +-BasicFetch [com.example.user.User.email]
 |  +-BasicFetch [com.example.user.User.locked]
 |  +-BasicFetch [com.example.user.User.password]
 |  +-EntityFetchJoinedImpl [com.example.user.User.role]
 |  +-DelayedCollectionFetch [com.example.user.User.urls]
 |  \-BasicFetch [com.example.user.User.username]

2024-06-12T14:28:34.195+03:00 DEBUG 12012 --- [URL Shortener] [           main] org.hibernate.orm.sql.ast.tree           : SQL AST Tree:
    SelectStatement {
      FromClause {
        StandardTableGroup (u1 : com.example.user.User) {
          primaryTableReference : users as u1_0
          TableGroupJoins {
            left  join LazyTableGroup (r1 : com.example.user.User.role) {
              primaryTableReference : roles as r1_0
            }
          }
        }
      }
    }

2024-06-12T14:28:34.202+03:00 DEBUG 12012 --- [URL Shortener] [           main] o.h.p.entity.AbstractEntityPersister     : Static SQL for entity: com.example.user.User
2024-06-12T14:28:34.202+03:00 DEBUG 12012 --- [URL Shortener] [           main] o.h.p.entity.AbstractEntityPersister     :  Version select: select id from users where id=?
2024-06-12T14:28:34.202+03:00 DEBUG 12012 --- [URL Shortener] [           main] o.h.p.entity.AbstractEntityPersister     :  Insert (0): insert into users (active,created_at,email,locked,password,role_id,username) values (?,?,?,?,?,?,?) returning id
2024-06-12T14:28:34.202+03:00 DEBUG 12012 --- [URL Shortener] [           main] o.h.p.entity.AbstractEntityPersister     :  Update (0): update users set active=?,created_at=?,email=?,locked=?,password=?,role_id=?,username=? where id=?
2024-06-12T14:28:34.202+03:00 DEBUG 12012 --- [URL Shortener] [           main] o.h.p.entity.AbstractEntityPersister     :  Delete (0): delete from users where id=?
2024-06-12T14:28:34.203+03:00 DEBUG 12012 --- [URL Shortener] [           main] org.hibernate.orm.sql.ast.create         : Created new SQL alias : up1_0
2024-06-12T14:28:34.203+03:00 DEBUG 12012 --- [URL Shortener] [           main] org.hibernate.orm.sql.ast.create         : Registration of TableGroup [StandardTableGroup(com.example.url_profile.UrlProfile)] with identifierForTableGroup [com.example.url_profile.UrlProfile] for NavigablePath [com.example.url_profile.UrlProfile] 
2024-06-12T14:28:34.203+03:00 DEBUG 12012 --- [URL Shortener] [           main] org.hibernate.orm.sql.ast.create         : Registration of TableGroup [org.hibernate.sql.ast.tree.from.LazyTableGroup@16b48082] with identifierForTableGroup [com.example.url_profile.UrlProfile.user] for NavigablePath [com.example.url_profile.UrlProfile.user] 
2024-06-12T14:28:34.203+03:00 DEBUG 12012 --- [URL Shortener] [           main] org.hibernate.orm.sql.ast.create         : Created new SQL alias : u1_0
2024-06-12T14:28:34.203+03:00 DEBUG 12012 --- [URL Shortener] [           main] org.hibernate.orm.sql.ast.create         : Registration of TableGroup [org.hibernate.sql.ast.tree.from.LazyTableGroup@5bf41334] with identifierForTableGroup [com.example.url_profile.UrlProfile.user.role] for NavigablePath [com.example.url_profile.UrlProfile.user.role] 
2024-06-12T14:28:34.203+03:00 DEBUG 12012 --- [URL Shortener] [           main] org.hibernate.orm.sql.ast.create         : Created new SQL alias : r1_0
2024-06-12T14:28:34.203+03:00 DEBUG 12012 --- [URL Shortener] [           main] org.hibernate.orm.results.graph.AST      : DomainResult Graph:
 \-EntityResultImpl [com.example.url_profile.UrlProfile]
 |  +-BasicFetch [com.example.url_profile.UrlProfile.createdAt]
 |  +-BasicFetch [com.example.url_profile.UrlProfile.longUrl]
 |  +-BasicFetch [com.example.url_profile.UrlProfile.shortUrl]
 |  +-DelayedCollectionFetch [com.example.url_profile.UrlProfile.urlViews]
 |  +-EntityFetchJoinedImpl [com.example.url_profile.UrlProfile.user]
 |  \-BasicFetch [com.example.url_profile.UrlProfile.validTo]

2024-06-12T14:28:34.203+03:00 DEBUG 12012 --- [URL Shortener] [           main] org.hibernate.orm.sql.ast.tree           : SQL AST Tree:
    SelectStatement {
      FromClause {
        StandardTableGroup (up1 : com.example.url_profile.UrlProfile) {
          primaryTableReference : url as up1_0
          TableGroupJoins {
            left  join LazyTableGroup (u1 : com.example.url_profile.UrlProfile.user) {
              primaryTableReference : users as u1_0
              TableGroupJoins {
                left  join LazyTableGroup (r1 : com.example.url_profile.UrlProfile.user.role) {
                  primaryTableReference : roles as r1_0
                }
              }
            }
          }
        }
      }
    }

2024-06-12T14:28:34.203+03:00 DEBUG 12012 --- [URL Shortener] [           main] o.h.p.entity.AbstractEntityPersister     : Static SQL for entity: com.example.url_profile.UrlProfile
2024-06-12T14:28:34.203+03:00 DEBUG 12012 --- [URL Shortener] [           main] o.h.p.entity.AbstractEntityPersister     :  Version select: select id from url where id=?
2024-06-12T14:28:34.203+03:00 DEBUG 12012 --- [URL Shortener] [           main] o.h.p.entity.AbstractEntityPersister     :  Insert (0): insert into url (created_at,long_url,short_url,created_by,valid_to) values (?,?,?,?,?) returning id
2024-06-12T14:28:34.203+03:00 DEBUG 12012 --- [URL Shortener] [           main] o.h.p.entity.AbstractEntityPersister     :  Update (0): update url set created_at=?,long_url=?,short_url=?,created_by=?,valid_to=? where id=?
2024-06-12T14:28:34.203+03:00 DEBUG 12012 --- [URL Shortener] [           main] o.h.p.entity.AbstractEntityPersister     :  Delete (0): delete from url where id=?
2024-06-12T14:28:34.203+03:00 DEBUG 12012 --- [URL Shortener] [           main] org.hibernate.orm.sql.ast.create         : Created new SQL alias : uv1_0
2024-06-12T14:28:34.203+03:00 DEBUG 12012 --- [URL Shortener] [           main] org.hibernate.orm.sql.ast.create         : Registration of TableGroup [StandardTableGroup(com.example.url_view.UrlView)] with identifierForTableGroup [com.example.url_view.UrlView] for NavigablePath [com.example.url_view.UrlView] 
2024-06-12T14:28:34.204+03:00 DEBUG 12012 --- [URL Shortener] [           main] org.hibernate.orm.sql.ast.create         : Registration of TableGroup [org.hibernate.sql.ast.tree.from.LazyTableGroup@750afe12] with identifierForTableGroup [com.example.url_view.UrlView.urlProfile] for NavigablePath [com.example.url_view.UrlView.urlProfile] 
2024-06-12T14:28:34.205+03:00 DEBUG 12012 --- [URL Shortener] [           main] org.hibernate.orm.sql.ast.create         : Created new SQL alias : up1_0
2024-06-12T14:28:34.205+03:00 DEBUG 12012 --- [URL Shortener] [           main] org.hibernate.orm.sql.ast.create         : Registration of TableGroup [org.hibernate.sql.ast.tree.from.LazyTableGroup@7075ef91] with identifierForTableGroup [com.example.url_view.UrlView.urlProfile.user] for NavigablePath [com.example.url_view.UrlView.urlProfile.user] 
2024-06-12T14:28:34.205+03:00 DEBUG 12012 --- [URL Shortener] [           main] org.hibernate.orm.sql.ast.create         : Created new SQL alias : u1_0
2024-06-12T14:28:34.205+03:00 DEBUG 12012 --- [URL Shortener] [           main] org.hibernate.orm.sql.ast.create         : Registration of TableGroup [org.hibernate.sql.ast.tree.from.LazyTableGroup@35c66ad] with identifierForTableGroup [com.example.url_view.UrlView.urlProfile.user.role] for NavigablePath [com.example.url_view.UrlView.urlProfile.user.role] 
2024-06-12T14:28:34.205+03:00 DEBUG 12012 --- [URL Shortener] [           main] org.hibernate.orm.sql.ast.create         : Created new SQL alias : r1_0
2024-06-12T14:28:34.205+03:00 DEBUG 12012 --- [URL Shortener] [           main] org.hibernate.orm.results.graph.AST      : DomainResult Graph:
 \-EntityResultImpl [com.example.url_view.UrlView]
 |  +-BasicFetch [com.example.url_view.UrlView.browser]
 |  +-BasicFetch [com.example.url_view.UrlView.ipAddress]
 |  +-BasicFetch [com.example.url_view.UrlView.osSystem]
 |  +-BasicFetch [com.example.url_view.UrlView.referer]
 |  \-EntityFetchJoinedImpl [com.example.url_view.UrlView.urlProfile]

2024-06-12T14:28:34.205+03:00 DEBUG 12012 --- [URL Shortener] [           main] org.hibernate.orm.sql.ast.tree           : SQL AST Tree:
    SelectStatement {
      FromClause {
        StandardTableGroup (uv1 : com.example.url_view.UrlView) {
          primaryTableReference : url_views as uv1_0
          TableGroupJoins {
             join LazyTableGroup (up1 : com.example.url_view.UrlView.urlProfile) {
              primaryTableReference : url as up1_0
              TableGroupJoins {
                left  join LazyTableGroup (u1 : com.example.url_view.UrlView.urlProfile.user) {
                  primaryTableReference : users as u1_0
                  TableGroupJoins {
                    left  join LazyTableGroup (r1 : com.example.url_view.UrlView.urlProfile.user.role) {
                      primaryTableReference : roles as r1_0
                    }
                  }
                }
              }
            }
          }
        }
      }
    }

2024-06-12T14:28:34.205+03:00 DEBUG 12012 --- [URL Shortener] [           main] o.h.p.entity.AbstractEntityPersister     : Static SQL for entity: com.example.url_view.UrlView
2024-06-12T14:28:34.206+03:00 DEBUG 12012 --- [URL Shortener] [           main] o.h.p.entity.AbstractEntityPersister     :  Version select: select id from url_views where id=?
2024-06-12T14:28:34.206+03:00 DEBUG 12012 --- [URL Shortener] [           main] o.h.p.entity.AbstractEntityPersister     :  Insert (0): insert into url_views (browser,ip_address,os_system,referer,url_id) values (?,?,?,?,?) returning id
2024-06-12T14:28:34.206+03:00 DEBUG 12012 --- [URL Shortener] [           main] o.h.p.entity.AbstractEntityPersister     :  Update (0): update url_views set browser=?,ip_address=?,os_system=?,referer=?,url_id=? where id=?
2024-06-12T14:28:34.206+03:00 DEBUG 12012 --- [URL Shortener] [           main] o.h.p.entity.AbstractEntityPersister     :  Delete (0): delete from url_views where id=?
2024-06-12T14:28:34.206+03:00 DEBUG 12012 --- [URL Shortener] [           main] org.hibernate.orm.sql.ast.create         : Created new SQL alias : r1_0
2024-06-12T14:28:34.206+03:00 DEBUG 12012 --- [URL Shortener] [           main] org.hibernate.orm.sql.ast.create         : Registration of TableGroup [StandardTableGroup(com.example.role.Role)] with identifierForTableGroup [com.example.role.Role] for NavigablePath [com.example.role.Role] 
2024-06-12T14:28:34.206+03:00 DEBUG 12012 --- [URL Shortener] [           main] org.hibernate.orm.results.graph.AST      : DomainResult Graph:
 \-EntityResultImpl [com.example.role.Role]
 |  \-BasicFetch [com.example.role.Role.name]

2024-06-12T14:28:34.206+03:00 DEBUG 12012 --- [URL Shortener] [           main] org.hibernate.orm.sql.ast.tree           : SQL AST Tree:
    SelectStatement {
      FromClause {
        StandardTableGroup (r1 : com.example.role.Role) {
          primaryTableReference : roles as r1_0
        }
      }
    }

2024-06-12T14:28:34.206+03:00 DEBUG 12012 --- [URL Shortener] [           main] o.h.p.entity.AbstractEntityPersister     : Static SQL for entity: com.example.role.Role
2024-06-12T14:28:34.206+03:00 DEBUG 12012 --- [URL Shortener] [           main] o.h.p.entity.AbstractEntityPersister     :  Version select: select id from roles where id=?
2024-06-12T14:28:34.206+03:00 DEBUG 12012 --- [URL Shortener] [           main] o.h.p.entity.AbstractEntityPersister     :  Insert (0): insert into roles (name) values (?) returning id
2024-06-12T14:28:34.206+03:00 DEBUG 12012 --- [URL Shortener] [           main] o.h.p.entity.AbstractEntityPersister     :  Update (0): update roles set name=? where id=?
2024-06-12T14:28:34.206+03:00 DEBUG 12012 --- [URL Shortener] [           main] o.h.p.entity.AbstractEntityPersister     :  Delete (0): delete from roles where id=?
2024-06-12T14:28:34.207+03:00 DEBUG 12012 --- [URL Shortener] [           main] org.hibernate.orm.sql.ast.create         : Created new SQL alias : u1_0
2024-06-12T14:28:34.209+03:00 DEBUG 12012 --- [URL Shortener] [           main] org.hibernate.orm.sql.ast.create         : Registration of TableGroup [org.hibernate.sql.ast.tree.from.OneToManyTableGroup@685783b1] with identifierForTableGroup [com.example.user.User.urls] for NavigablePath [com.example.user.User.urls] 
2024-06-12T14:28:34.209+03:00 DEBUG 12012 --- [URL Shortener] [           main] org.hibernate.orm.sql.ast.create         : Registration of TableGroup [StandardTableGroup(com.example.user.User.urls.{element})] with identifierForTableGroup [com.example.user.User.urls.{element}] for NavigablePath [com.example.user.User.urls.{element}] 
2024-06-12T14:28:34.213+03:00 DEBUG 12012 --- [URL Shortener] [           main] org.hibernate.orm.sql.ast.create         : Registration of TableGroup [org.hibernate.sql.ast.tree.from.LazyTableGroup@4796ae58] with identifierForTableGroup [com.example.user.User.urls.{element}.user] for NavigablePath [com.example.user.User.urls.{element}.user] 
2024-06-12T14:28:34.215+03:00 DEBUG 12012 --- [URL Shortener] [           main] org.hibernate.orm.results.graph.AST      : DomainResult Graph:
 \-CollectionDomainResult [com.example.user.User.urls]

2024-06-12T14:28:34.215+03:00 DEBUG 12012 --- [URL Shortener] [           main] org.hibernate.orm.sql.ast.tree           : SQL AST Tree:
    SelectStatement {
      FromClause {
        OneToManyTableGroup (u1 : com.example.user.User.urls) {
          primaryTableReference : url as u1_0
          TableGroupJoins {
            left  join LazyTableGroup (u2 : com.example.user.User.urls.{element}.user) {
            }
          }
        }
      }
    }

2024-06-12T14:28:34.215+03:00 DEBUG 12012 --- [URL Shortener] [           main] org.hibernate.orm.jdbc.mutation          : Static SQL for collection: com.example.user.User.urls
2024-06-12T14:28:34.215+03:00 DEBUG 12012 --- [URL Shortener] [           main] org.hibernate.orm.sql.ast.create         : Created new SQL alias : uv1_0
2024-06-12T14:28:34.215+03:00 DEBUG 12012 --- [URL Shortener] [           main] org.hibernate.orm.sql.ast.create         : Registration of TableGroup [org.hibernate.sql.ast.tree.from.OneToManyTableGroup@192800d] with identifierForTableGroup [com.example.url_profile.UrlProfile.urlViews] for NavigablePath [com.example.url_profile.UrlProfile.urlViews] 
2024-06-12T14:28:34.215+03:00 DEBUG 12012 --- [URL Shortener] [           main] org.hibernate.orm.sql.ast.create         : Registration of TableGroup [StandardTableGroup(com.example.url_profile.UrlProfile.urlViews.{element})] with identifierForTableGroup [com.example.url_profile.UrlProfile.urlViews.{element}] for NavigablePath [com.example.url_profile.UrlProfile.urlViews.{element}] 
2024-06-12T14:28:34.215+03:00 DEBUG 12012 --- [URL Shortener] [           main] org.hibernate.orm.sql.ast.create         : Registration of TableGroup [org.hibernate.sql.ast.tree.from.LazyTableGroup@52f9a620] with identifierForTableGroup [com.example.url_profile.UrlProfile.urlViews.{element}.urlProfile] for NavigablePath [com.example.url_profile.UrlProfile.urlViews.{element}.urlProfile] 
2024-06-12T14:28:34.215+03:00 DEBUG 12012 --- [URL Shortener] [           main] org.hibernate.orm.results.graph.AST      : DomainResult Graph:
 \-CollectionDomainResult [com.example.url_profile.UrlProfile.urlViews]

2024-06-12T14:28:34.215+03:00 DEBUG 12012 --- [URL Shortener] [           main] org.hibernate.orm.sql.ast.tree           : SQL AST Tree:
    SelectStatement {
      FromClause {
        OneToManyTableGroup (uv1 : com.example.url_profile.UrlProfile.urlViews) {
          primaryTableReference : url_views as uv1_0
          TableGroupJoins {
            left  join LazyTableGroup (up1 : com.example.url_profile.UrlProfile.urlViews.{element}.urlProfile) {
            }
          }
        }
      }
    }

2024-06-12T14:28:34.215+03:00 DEBUG 12012 --- [URL Shortener] [           main] org.hibernate.orm.jdbc.mutation          : Static SQL for collection: com.example.url_profile.UrlProfile.urlViews
2024-06-12T14:28:34.237+03:00  INFO 12012 --- [URL Shortener] [           main] o.h.e.t.j.p.i.JtaPlatformInitiator       : HHH000489: No JTA platform available (set 'hibernate.transaction.jta.platform' to enable JTA platform integration)
2024-06-12T14:28:34.237+03:00 DEBUG 12012 --- [URL Shortener] [           main] o.h.type.spi.TypeConfiguration$Scope     : Scoping TypeConfiguration [org.hibernate.type.spi.TypeConfiguration@21d30ba5] to SessionFactoryImplementor [org.hibernate.internal.SessionFactoryImpl@20bc417f]
2024-06-12T14:28:34.238+03:00 DEBUG 12012 --- [URL Shortener] [           main] o.h.query.named.NamedObjectRepository    : Checking 0 named HQL queries
2024-06-12T14:28:34.238+03:00 DEBUG 12012 --- [URL Shortener] [           main] o.h.query.named.NamedObjectRepository    : Checking 0 named SQL queries
2024-06-12T14:28:34.238+03:00 DEBUG 12012 --- [URL Shortener] [           main] .h.t.s.s.SchemaManagementToolCoordinator : No schema actions specified for contributor `orm`; doing nothing
2024-06-12T14:28:34.238+03:00 DEBUG 12012 --- [URL Shortener] [           main] .h.t.s.s.SchemaManagementToolCoordinator : No actions found; doing nothing
2024-06-12T14:28:34.239+03:00 DEBUG 12012 --- [URL Shortener] [           main] o.h.internal.SessionFactoryRegistry      : Initializing SessionFactoryRegistry : org.hibernate.internal.SessionFactoryRegistry@1992b8b
2024-06-12T14:28:34.239+03:00 DEBUG 12012 --- [URL Shortener] [           main] o.h.internal.SessionFactoryRegistry      : Registering SessionFactory: e7fde8a3-9da5-4fc7-8b56-eb0a62aa546e (<unnamed>)
2024-06-12T14:28:34.239+03:00 DEBUG 12012 --- [URL Shortener] [           main] o.h.internal.SessionFactoryRegistry      : Not binding SessionFactory to JNDI, no JNDI name configured
2024-06-12T14:28:34.239+03:00 DEBUG 12012 --- [URL Shortener] [           main] o.hibernate.internal.SessionFactoryImpl  : Instantiated SessionFactory
2024-06-12T14:28:34.239+03:00  INFO 12012 --- [URL Shortener] [           main] j.LocalContainerEntityManagerFactoryBean : Initialized JPA EntityManagerFactory for persistence unit 'default'
2024-06-12T14:28:34.244+03:00 DEBUG 12012 --- [URL Shortener] [           main] o.s.b.f.s.DefaultListableBeanFactory     : Creating shared instance of singleton bean 'urlShortenerApplication'
2024-06-12T14:28:34.245+03:00 DEBUG 12012 --- [URL Shortener] [           main] o.s.b.f.s.DefaultListableBeanFactory     : Creating shared instance of singleton bean 'authController'
2024-06-12T14:28:34.251+03:00 DEBUG 12012 --- [URL Shortener] [           main] o.s.b.f.s.DefaultListableBeanFactory     : Creating shared instance of singleton bean 'authService'
2024-06-12T14:28:34.252+03:00 DEBUG 12012 --- [URL Shortener] [           main] o.s.b.f.s.DefaultListableBeanFactory     : Creating shared instance of singleton bean 'authenticationManager'
2024-06-12T14:28:34.252+03:00 DEBUG 12012 --- [URL Shortener] [           main] o.s.b.f.s.DefaultListableBeanFactory     : Creating shared instance of singleton bean 'securityConfig'
2024-06-12T14:28:34.252+03:00 DEBUG 12012 --- [URL Shortener] [           main] o.s.b.f.s.DefaultListableBeanFactory     : Creating shared instance of singleton bean 'customUserDetailsService'
2024-06-12T14:28:34.253+03:00 DEBUG 12012 --- [URL Shortener] [           main] o.s.b.f.s.DefaultListableBeanFactory     : Creating shared instance of singleton bean 'userRepository'
2024-06-12T14:28:34.262+03:00 DEBUG 12012 --- [URL Shortener] [           main] o.s.b.f.s.DefaultListableBeanFactory     : Creating shared instance of singleton bean 'jpa.named-queries#3'
2024-06-12T14:28:34.266+03:00 DEBUG 12012 --- [URL Shortener] [           main] o.s.b.f.s.DefaultListableBeanFactory     : Creating shared instance of singleton bean 'jpa.UserRepository.fragments#0'
2024-06-12T14:28:34.272+03:00 DEBUG 12012 --- [URL Shortener] [           main] o.s.b.f.s.DefaultListableBeanFactory     : Creating shared instance of singleton bean 'jpaSharedEM_entityManagerFactory'
2024-06-12T14:28:34.305+03:00 DEBUG 12012 --- [URL Shortener] [           main] o.s.b.f.s.DefaultListableBeanFactory     : Creating shared instance of singleton bean 'jpaMappingContext'
2024-06-12T14:28:34.305+03:00 DEBUG 12012 --- [URL Shortener] [           main] .c.JpaMetamodelMappingContextFactoryBean : Initializing JpaMetamodelMappingContext…
2024-06-12T14:28:34.318+03:00 DEBUG 12012 --- [URL Shortener] [           main] .c.JpaMetamodelMappingContextFactoryBean : Finished initializing JpaMetamodelMappingContext
2024-06-12T14:28:34.349+03:00 DEBUG 12012 --- [URL Shortener] [           main] tor$SharedEntityManagerInvocationHandler : Creating new EntityManager for shared EntityManager invocation
2024-06-12T14:28:34.394+03:00 DEBUG 12012 --- [URL Shortener] [           main] o.h.stat.internal.StatisticsInitiator    : Statistics initialized [enabled=false]
2024-06-12T14:28:34.399+03:00 DEBUG 12012 --- [URL Shortener] [           main] tor$SharedEntityManagerInvocationHandler : Creating new EntityManager for shared EntityManager invocation
2024-06-12T14:28:34.444+03:00 DEBUG 12012 --- [URL Shortener] [           main] o.s.d.r.c.s.RepositoryFactorySupport     : Initializing repository instance for com.example.user.UserRepository…
2024-06-12T14:28:34.455+03:00 DEBUG 12012 --- [URL Shortener] [           main] tor$SharedEntityManagerInvocationHandler : Creating new EntityManager for shared EntityManager invocation
2024-06-12T14:28:34.495+03:00 DEBUG 12012 --- [URL Shortener] [           main] o.s.d.jpa.repository.query.NamedQuery    : Looking up named query User.findByUsername
2024-06-12T14:28:34.499+03:00 DEBUG 12012 --- [URL Shortener] [           main] cResourceLocalTransactionCoordinatorImpl : JDBC transaction marked for rollback-only (exception provided for stack trace)

java.lang.Exception: exception just for purpose of providing stack trace
	at org.hibernate.resource.transaction.backend.jdbc.internal.JdbcResourceLocalTransactionCoordinatorImpl$TransactionDriverControlImpl.markRollbackOnly(JdbcResourceLocalTransactionCoordinatorImpl.java:309) ~[hibernate-core-6.5.2.Final.jar:6.5.2.Final]
	at org.hibernate.internal.AbstractSharedSessionContract.buildNamedQuery(AbstractSharedSessionContract.java:1109) ~[hibernate-core-6.5.2.Final.jar:6.5.2.Final]
	at org.hibernate.internal.AbstractSharedSessionContract.createNamedQuery(AbstractSharedSessionContract.java:987) ~[hibernate-core-6.5.2.Final.jar:6.5.2.Final]
	at org.hibernate.internal.AbstractSharedSessionContract.createNamedQuery(AbstractSharedSessionContract.java:140) ~[hibernate-core-6.5.2.Final.jar:6.5.2.Final]
	at java.base/jdk.internal.reflect.DirectMethodHandleAccessor.invoke(DirectMethodHandleAccessor.java:103) ~[na:na]
	at java.base/java.lang.reflect.Method.invoke(Method.java:580) ~[na:na]
	at org.springframework.orm.jpa.ExtendedEntityManagerCreator$ExtendedEntityManagerInvocationHandler.invoke(ExtendedEntityManagerCreator.java:364) ~[spring-orm-6.1.8.jar:6.1.8]
	at jdk.proxy2/jdk.proxy2.$Proxy174.createNamedQuery(Unknown Source) ~[na:na]
	at org.springframework.data.jpa.repository.query.NamedQuery.hasNamedQuery(NamedQuery.java:112) ~[spring-data-jpa-3.3.0.jar:3.3.0]
	at org.springframework.data.jpa.repository.query.NamedQuery.lookupFrom(NamedQuery.java:138) ~[spring-data-jpa-3.3.0.jar:3.3.0]
	at org.springframework.data.jpa.repository.query.JpaQueryLookupStrategy$DeclaredQueryLookupStrategy.resolveQuery(JpaQueryLookupStrategy.java:180) ~[spring-data-jpa-3.3.0.jar:3.3.0]
	at org.springframework.data.jpa.repository.query.JpaQueryLookupStrategy$CreateIfNotFoundQueryLookupStrategy.resolveQuery(JpaQueryLookupStrategy.java:252) ~[spring-data-jpa-3.3.0.jar:3.3.0]
	at org.springframework.data.jpa.repository.query.JpaQueryLookupStrategy$AbstractQueryLookupStrategy.resolveQuery(JpaQueryLookupStrategy.java:95) ~[spring-data-jpa-3.3.0.jar:3.3.0]
	at org.springframework.data.repository.core.support.QueryExecutorMethodInterceptor.lookupQuery(QueryExecutorMethodInterceptor.java:111) ~[spring-data-commons-3.3.0.jar:3.3.0]
	at org.springframework.data.repository.core.support.QueryExecutorMethodInterceptor.mapMethodsToQuery(QueryExecutorMethodInterceptor.java:99) ~[spring-data-commons-3.3.0.jar:3.3.0]
	at org.springframework.data.repository.core.support.QueryExecutorMethodInterceptor.lambda$new$0(QueryExecutorMethodInterceptor.java:88) ~[spring-data-commons-3.3.0.jar:3.3.0]
	at java.base/java.util.Optional.map(Optional.java:260) ~[na:na]
	at org.springframework.data.repository.core.support.QueryExecutorMethodInterceptor.<init>(QueryExecutorMethodInterceptor.java:88) ~[spring-data-commons-3.3.0.jar:3.3.0]
	at org.springframework.data.repository.core.support.RepositoryFactorySupport.getRepository(RepositoryFactorySupport.java:357) ~[spring-data-commons-3.3.0.jar:3.3.0]
	at org.springframework.data.repository.core.support.RepositoryFactoryBeanSupport.lambda$afterPropertiesSet$5(RepositoryFactoryBeanSupport.java:286) ~[spring-data-commons-3.3.0.jar:3.3.0]
	at org.springframework.data.util.Lazy.getNullable(Lazy.java:135) ~[spring-data-commons-3.3.0.jar:3.3.0]
	at org.springframework.data.util.Lazy.get(Lazy.java:113) ~[spring-data-commons-3.3.0.jar:3.3.0]
	at org.springframework.data.repository.core.support.RepositoryFactoryBeanSupport.afterPropertiesSet(RepositoryFactoryBeanSupport.java:292) ~[spring-data-commons-3.3.0.jar:3.3.0]
	at org.springframework.data.jpa.repository.support.JpaRepositoryFactoryBean.afterPropertiesSet(JpaRepositoryFactoryBean.java:132) ~[spring-data-jpa-3.3.0.jar:3.3.0]
	at org.springframework.beans.factory.support.AbstractAutowireCapableBeanFactory.invokeInitMethods(AbstractAutowireCapableBeanFactory.java:1835) ~[spring-beans-6.1.8.jar:6.1.8]
	at org.springframework.beans.factory.support.AbstractAutowireCapableBeanFactory.initializeBean(AbstractAutowireCapableBeanFactory.java:1784) ~[spring-beans-6.1.8.jar:6.1.8]
	at org.springframework.beans.factory.support.AbstractAutowireCapableBeanFactory.doCreateBean(AbstractAutowireCapableBeanFactory.java:600) ~[spring-beans-6.1.8.jar:6.1.8]
	at org.springframework.beans.factory.support.AbstractAutowireCapableBeanFactory.createBean(AbstractAutowireCapableBeanFactory.java:522) ~[spring-beans-6.1.8.jar:6.1.8]
	at org.springframework.beans.factory.support.AbstractBeanFactory.lambda$doGetBean$0(AbstractBeanFactory.java:337) ~[spring-beans-6.1.8.jar:6.1.8]
	at org.springframework.beans.factory.support.DefaultSingletonBeanRegistry.getSingleton(DefaultSingletonBeanRegistry.java:234) ~[spring-beans-6.1.8.jar:6.1.8]
	at org.springframework.beans.factory.support.AbstractBeanFactory.doGetBean(AbstractBeanFactory.java:335) ~[spring-beans-6.1.8.jar:6.1.8]
	at org.springframework.beans.factory.support.AbstractBeanFactory.getBean(AbstractBeanFactory.java:200) ~[spring-beans-6.1.8.jar:6.1.8]
	at org.springframework.beans.factory.config.DependencyDescriptor.resolveCandidate(DependencyDescriptor.java:254) ~[spring-beans-6.1.8.jar:6.1.8]
	at org.springframework.beans.factory.support.DefaultListableBeanFactory.doResolveDependency(DefaultListableBeanFactory.java:1443) ~[spring-beans-6.1.8.jar:6.1.8]
	at org.springframework.beans.factory.support.DefaultListableBeanFactory.resolveDependency(DefaultListableBeanFactory.java:1353) ~[spring-beans-6.1.8.jar:6.1.8]
	at org.springframework.beans.factory.support.ConstructorResolver.resolveAutowiredArgument(ConstructorResolver.java:904) ~[spring-beans-6.1.8.jar:6.1.8]
	at org.springframework.beans.factory.support.ConstructorResolver.createArgumentArray(ConstructorResolver.java:782) ~[spring-beans-6.1.8.jar:6.1.8]
	at org.springframework.beans.factory.support.ConstructorResolver.autowireConstructor(ConstructorResolver.java:237) ~[spring-beans-6.1.8.jar:6.1.8]
	at org.springframework.beans.factory.support.AbstractAutowireCapableBeanFactory.autowireConstructor(AbstractAutowireCapableBeanFactory.java:1357) ~[spring-beans-6.1.8.jar:6.1.8]
	at org.springframework.beans.factory.support.AbstractAutowireCapableBeanFactory.createBeanInstance(AbstractAutowireCapableBeanFactory.java:1194) ~[spring-beans-6.1.8.jar:6.1.8]
	at org.springframework.beans.factory.support.AbstractAutowireCapableBeanFactory.doCreateBean(AbstractAutowireCapableBeanFactory.java:562) ~[spring-beans-6.1.8.jar:6.1.8]
	at org.springframework.beans.factory.support.AbstractAutowireCapableBeanFactory.createBean(AbstractAutowireCapableBeanFactory.java:522) ~[spring-beans-6.1.8.jar:6.1.8]
	at org.springframework.beans.factory.support.AbstractBeanFactory.lambda$doGetBean$0(AbstractBeanFactory.java:337) ~[spring-beans-6.1.8.jar:6.1.8]
	at org.springframework.beans.factory.support.DefaultSingletonBeanRegistry.getSingleton(DefaultSingletonBeanRegistry.java:234) ~[spring-beans-6.1.8.jar:6.1.8]
	at org.springframework.beans.factory.support.AbstractBeanFactory.doGetBean(AbstractBeanFactory.java:335) ~[spring-beans-6.1.8.jar:6.1.8]
	at org.springframework.beans.factory.support.AbstractBeanFactory.getBean(AbstractBeanFactory.java:200) ~[spring-beans-6.1.8.jar:6.1.8]
	at org.springframework.beans.factory.config.DependencyDescriptor.resolveCandidate(DependencyDescriptor.java:254) ~[spring-beans-6.1.8.jar:6.1.8]
	at org.springframework.beans.factory.support.DefaultListableBeanFactory.doResolveDependency(DefaultListableBeanFactory.java:1443) ~[spring-beans-6.1.8.jar:6.1.8]
	at org.springframework.beans.factory.support.DefaultListableBeanFactory.resolveDependency(DefaultListableBeanFactory.java:1353) ~[spring-beans-6.1.8.jar:6.1.8]
	at org.springframework.beans.factory.support.ConstructorResolver.resolveAutowiredArgument(ConstructorResolver.java:904) ~[spring-beans-6.1.8.jar:6.1.8]
	at org.springframework.beans.factory.support.ConstructorResolver.createArgumentArray(ConstructorResolver.java:782) ~[spring-beans-6.1.8.jar:6.1.8]
	at org.springframework.beans.factory.support.ConstructorResolver.autowireConstructor(ConstructorResolver.java:237) ~[spring-beans-6.1.8.jar:6.1.8]
	at org.springframework.beans.factory.support.AbstractAutowireCapableBeanFactory.autowireConstructor(AbstractAutowireCapableBeanFactory.java:1357) ~[spring-beans-6.1.8.jar:6.1.8]
	at org.springframework.beans.factory.support.AbstractAutowireCapableBeanFactory.createBeanInstance(AbstractAutowireCapableBeanFactory.java:1194) ~[spring-beans-6.1.8.jar:6.1.8]
	at org.springframework.beans.factory.support.AbstractAutowireCapableBeanFactory.doCreateBean(AbstractAutowireCapableBeanFactory.java:562) ~[spring-beans-6.1.8.jar:6.1.8]
	at org.springframework.beans.factory.support.AbstractAutowireCapableBeanFactory.createBean(AbstractAutowireCapableBeanFactory.java:522) ~[spring-beans-6.1.8.jar:6.1.8]
	at org.springframework.beans.factory.support.AbstractBeanFactory.lambda$doGetBean$0(AbstractBeanFactory.java:337) ~[spring-beans-6.1.8.jar:6.1.8]
	at org.springframework.beans.factory.support.DefaultSingletonBeanRegistry.getSingleton(DefaultSingletonBeanRegistry.java:234) ~[spring-beans-6.1.8.jar:6.1.8]
	at org.springframework.beans.factory.support.AbstractBeanFactory.doGetBean(AbstractBeanFactory.java:335) ~[spring-beans-6.1.8.jar:6.1.8]
	at org.springframework.beans.factory.support.AbstractBeanFactory.getBean(AbstractBeanFactory.java:200) ~[spring-beans-6.1.8.jar:6.1.8]
	at org.springframework.beans.factory.support.ConstructorResolver.instantiateUsingFactoryMethod(ConstructorResolver.java:409) ~[spring-beans-6.1.8.jar:6.1.8]
	at org.springframework.beans.factory.support.AbstractAutowireCapableBeanFactory.instantiateUsingFactoryMethod(AbstractAutowireCapableBeanFactory.java:1337) ~[spring-beans-6.1.8.jar:6.1.8]
	at org.springframework.beans.factory.support.AbstractAutowireCapableBeanFactory.createBeanInstance(AbstractAutowireCapableBeanFactory.java:1167) ~[spring-beans-6.1.8.jar:6.1.8]
	at org.springframework.beans.factory.support.AbstractAutowireCapableBeanFactory.doCreateBean(AbstractAutowireCapableBeanFactory.java:562) ~[spring-beans-6.1.8.jar:6.1.8]
	at org.springframework.beans.factory.support.AbstractAutowireCapableBeanFactory.createBean(AbstractAutowireCapableBeanFactory.java:522) ~[spring-beans-6.1.8.jar:6.1.8]
	at org.springframework.beans.factory.support.AbstractBeanFactory.lambda$doGetBean$0(AbstractBeanFactory.java:337) ~[spring-beans-6.1.8.jar:6.1.8]
	at org.springframework.beans.factory.support.DefaultSingletonBeanRegistry.getSingleton(DefaultSingletonBeanRegistry.java:234) ~[spring-beans-6.1.8.jar:6.1.8]
	at org.springframework.beans.factory.support.AbstractBeanFactory.doGetBean(AbstractBeanFactory.java:335) ~[spring-beans-6.1.8.jar:6.1.8]
	at org.springframework.beans.factory.support.AbstractBeanFactory.getBean(AbstractBeanFactory.java:200) ~[spring-beans-6.1.8.jar:6.1.8]
	at org.springframework.beans.factory.config.DependencyDescriptor.resolveCandidate(DependencyDescriptor.java:254) ~[spring-beans-6.1.8.jar:6.1.8]
	at org.springframework.beans.factory.support.DefaultListableBeanFactory.doResolveDependency(DefaultListableBeanFactory.java:1443) ~[spring-beans-6.1.8.jar:6.1.8]
	at org.springframework.beans.factory.support.DefaultListableBeanFactory.resolveDependency(DefaultListableBeanFactory.java:1353) ~[spring-beans-6.1.8.jar:6.1.8]
	at org.springframework.beans.factory.support.ConstructorResolver.resolveAutowiredArgument(ConstructorResolver.java:904) ~[spring-beans-6.1.8.jar:6.1.8]
	at org.springframework.beans.factory.support.ConstructorResolver.createArgumentArray(ConstructorResolver.java:782) ~[spring-beans-6.1.8.jar:6.1.8]
	at org.springframework.beans.factory.support.ConstructorResolver.autowireConstructor(ConstructorResolver.java:237) ~[spring-beans-6.1.8.jar:6.1.8]
	at org.springframework.beans.factory.support.AbstractAutowireCapableBeanFactory.autowireConstructor(AbstractAutowireCapableBeanFactory.java:1357) ~[spring-beans-6.1.8.jar:6.1.8]
	at org.springframework.beans.factory.support.AbstractAutowireCapableBeanFactory.createBeanInstance(AbstractAutowireCapableBeanFactory.java:1194) ~[spring-beans-6.1.8.jar:6.1.8]
	at org.springframework.beans.factory.support.AbstractAutowireCapableBeanFactory.doCreateBean(AbstractAutowireCapableBeanFactory.java:562) ~[spring-beans-6.1.8.jar:6.1.8]
	at org.springframework.beans.factory.support.AbstractAutowireCapableBeanFactory.createBean(AbstractAutowireCapableBeanFactory.java:522) ~[spring-beans-6.1.8.jar:6.1.8]
	at org.springframework.beans.factory.support.AbstractBeanFactory.lambda$doGetBean$0(AbstractBeanFactory.java:337) ~[spring-beans-6.1.8.jar:6.1.8]
	at org.springframework.beans.factory.support.DefaultSingletonBeanRegistry.getSingleton(DefaultSingletonBeanRegistry.java:234) ~[spring-beans-6.1.8.jar:6.1.8]
	at org.springframework.beans.factory.support.AbstractBeanFactory.doGetBean(AbstractBeanFactory.java:335) ~[spring-beans-6.1.8.jar:6.1.8]
	at org.springframework.beans.factory.support.AbstractBeanFactory.getBean(AbstractBeanFactory.java:200) ~[spring-beans-6.1.8.jar:6.1.8]
	at org.springframework.beans.factory.config.DependencyDescriptor.resolveCandidate(DependencyDescriptor.java:254) ~[spring-beans-6.1.8.jar:6.1.8]
	at org.springframework.beans.factory.support.DefaultListableBeanFactory.doResolveDependency(DefaultListableBeanFactory.java:1443) ~[spring-beans-6.1.8.jar:6.1.8]
	at org.springframework.beans.factory.support.DefaultListableBeanFactory.resolveDependency(DefaultListableBeanFactory.java:1353) ~[spring-beans-6.1.8.jar:6.1.8]
	at org.springframework.beans.factory.support.ConstructorResolver.resolveAutowiredArgument(ConstructorResolver.java:904) ~[spring-beans-6.1.8.jar:6.1.8]
	at org.springframework.beans.factory.support.ConstructorResolver.createArgumentArray(ConstructorResolver.java:782) ~[spring-beans-6.1.8.jar:6.1.8]
	at org.springframework.beans.factory.support.ConstructorResolver.autowireConstructor(ConstructorResolver.java:237) ~[spring-beans-6.1.8.jar:6.1.8]
	at org.springframework.beans.factory.support.AbstractAutowireCapableBeanFactory.autowireConstructor(AbstractAutowireCapableBeanFactory.java:1357) ~[spring-beans-6.1.8.jar:6.1.8]
	at org.springframework.beans.factory.support.AbstractAutowireCapableBeanFactory.createBeanInstance(AbstractAutowireCapableBeanFactory.java:1194) ~[spring-beans-6.1.8.jar:6.1.8]
	at org.springframework.beans.factory.support.AbstractAutowireCapableBeanFactory.doCreateBean(AbstractAutowireCapableBeanFactory.java:562) ~[spring-beans-6.1.8.jar:6.1.8]
	at org.springframework.beans.factory.support.AbstractAutowireCapableBeanFactory.createBean(AbstractAutowireCapableBeanFactory.java:522) ~[spring-beans-6.1.8.jar:6.1.8]
	at org.springframework.beans.factory.support.AbstractBeanFactory.lambda$doGetBean$0(AbstractBeanFactory.java:337) ~[spring-beans-6.1.8.jar:6.1.8]
	at org.springframework.beans.factory.support.DefaultSingletonBeanRegistry.getSingleton(DefaultSingletonBeanRegistry.java:234) ~[spring-beans-6.1.8.jar:6.1.8]
	at org.springframework.beans.factory.support.AbstractBeanFactory.doGetBean(AbstractBeanFactory.java:335) ~[spring-beans-6.1.8.jar:6.1.8]
	at org.springframework.beans.factory.support.AbstractBeanFactory.getBean(AbstractBeanFactory.java:200) ~[spring-beans-6.1.8.jar:6.1.8]
	at org.springframework.beans.factory.support.DefaultListableBeanFactory.preInstantiateSingletons(DefaultListableBeanFactory.java:975) ~[spring-beans-6.1.8.jar:6.1.8]
	at org.springframework.context.support.AbstractApplicationContext.finishBeanFactoryInitialization(AbstractApplicationContext.java:962) ~[spring-context-6.1.8.jar:6.1.8]
	at org.springframework.context.support.AbstractApplicationContext.refresh(AbstractApplicationContext.java:624) ~[spring-context-6.1.8.jar:6.1.8]
	at org.springframework.boot.SpringApplication.refresh(SpringApplication.java:754) ~[spring-boot-3.3.0.jar:3.3.0]
	at org.springframework.boot.SpringApplication.refreshContext(SpringApplication.java:456) ~[spring-boot-3.3.0.jar:3.3.0]
	at org.springframework.boot.SpringApplication.run(SpringApplication.java:335) ~[spring-boot-3.3.0.jar:3.3.0]
	at org.springframework.boot.test.context.SpringBootContextLoader.lambda$loadContext$3(SpringBootContextLoader.java:137) ~[spring-boot-test-3.3.0.jar:3.3.0]
	at org.springframework.util.function.ThrowingSupplier.get(ThrowingSupplier.java:58) ~[spring-core-6.1.8.jar:6.1.8]
	at org.springframework.util.function.ThrowingSupplier.get(ThrowingSupplier.java:46) ~[spring-core-6.1.8.jar:6.1.8]
	at org.springframework.boot.SpringApplication.withHook(SpringApplication.java:1463) ~[spring-boot-3.3.0.jar:3.3.0]
	at org.springframework.boot.test.context.SpringBootContextLoader$ContextLoaderHook.run(SpringBootContextLoader.java:553) ~[spring-boot-test-3.3.0.jar:3.3.0]
	at org.springframework.boot.test.context.SpringBootContextLoader.loadContext(SpringBootContextLoader.java:137) ~[spring-boot-test-3.3.0.jar:3.3.0]
	at org.springframework.boot.test.context.SpringBootContextLoader.loadContext(SpringBootContextLoader.java:108) ~[spring-boot-test-3.3.0.jar:3.3.0]
	at org.springframework.test.context.cache.DefaultCacheAwareContextLoaderDelegate.loadContextInternal(DefaultCacheAwareContextLoaderDelegate.java:225) ~[spring-test-6.1.8.jar:6.1.8]
	at org.springframework.test.context.cache.DefaultCacheAwareContextLoaderDelegate.loadContext(DefaultCacheAwareContextLoaderDelegate.java:152) ~[spring-test-6.1.8.jar:6.1.8]
	at org.springframework.test.context.support.DefaultTestContext.getApplicationContext(DefaultTestContext.java:130) ~[spring-test-6.1.8.jar:6.1.8]
	at org.springframework.test.context.web.ServletTestExecutionListener.setUpRequestContextIfNecessary(ServletTestExecutionListener.java:191) ~[spring-test-6.1.8.jar:6.1.8]
	at org.springframework.test.context.web.ServletTestExecutionListener.prepareTestInstance(ServletTestExecutionListener.java:130) ~[spring-test-6.1.8.jar:6.1.8]
	at org.springframework.test.context.TestContextManager.prepareTestInstance(TestContextManager.java:260) ~[spring-test-6.1.8.jar:6.1.8]
	at org.springframework.test.context.junit.jupiter.SpringExtension.postProcessTestInstance(SpringExtension.java:163) ~[spring-test-6.1.8.jar:6.1.8]
	at org.junit.jupiter.engine.descriptor.ClassBasedTestDescriptor.lambda$invokeTestInstancePostProcessors$10(ClassBasedTestDescriptor.java:378) ~[junit-jupiter-engine-5.10.2.jar:5.10.2]
	at org.junit.jupiter.engine.descriptor.ClassBasedTestDescriptor.executeAndMaskThrowable(ClassBasedTestDescriptor.java:383) ~[junit-jupiter-engine-5.10.2.jar:5.10.2]
	at org.junit.jupiter.engine.descriptor.ClassBasedTestDescriptor.lambda$invokeTestInstancePostProcessors$11(ClassBasedTestDescriptor.java:378) ~[junit-jupiter-engine-5.10.2.jar:5.10.2]
	at java.base/java.util.stream.ReferencePipeline$3$1.accept(ReferencePipeline.java:197) ~[na:na]
	at java.base/java.util.stream.ReferencePipeline$2$1.accept(ReferencePipeline.java:179) ~[na:na]
	at java.base/java.util.ArrayList$ArrayListSpliterator.forEachRemaining(ArrayList.java:1708) ~[na:na]
	at java.base/java.util.stream.AbstractPipeline.copyInto(AbstractPipeline.java:509) ~[na:na]
	at java.base/java.util.stream.AbstractPipeline.wrapAndCopyInto(AbstractPipeline.java:499) ~[na:na]
	at java.base/java.util.stream.StreamSpliterators$WrappingSpliterator.forEachRemaining(StreamSpliterators.java:310) ~[na:na]
	at java.base/java.util.stream.Streams$ConcatSpliterator.forEachRemaining(Streams.java:735) ~[na:na]
	at java.base/java.util.stream.Streams$ConcatSpliterator.forEachRemaining(Streams.java:734) ~[na:na]
	at java.base/java.util.stream.ReferencePipeline$Head.forEach(ReferencePipeline.java:762) ~[na:na]
	at org.junit.jupiter.engine.descriptor.ClassBasedTestDescriptor.invokeTestInstancePostProcessors(ClassBasedTestDescriptor.java:377) ~[junit-jupiter-engine-5.10.2.jar:5.10.2]
	at org.junit.jupiter.engine.descriptor.ClassBasedTestDescriptor.lambda$instantiateAndPostProcessTestInstance$6(ClassBasedTestDescriptor.java:290) ~[junit-jupiter-engine-5.10.2.jar:5.10.2]
	at org.junit.platform.engine.support.hierarchical.ThrowableCollector.execute(ThrowableCollector.java:73) ~[junit-platform-engine-1.10.2.jar:1.10.2]
	at org.junit.jupiter.engine.descriptor.ClassBasedTestDescriptor.instantiateAndPostProcessTestInstance(ClassBasedTestDescriptor.java:289) ~[junit-jupiter-engine-5.10.2.jar:5.10.2]
	at org.junit.jupiter.engine.descriptor.ClassBasedTestDescriptor.lambda$testInstancesProvider$4(ClassBasedTestDescriptor.java:279) ~[junit-jupiter-engine-5.10.2.jar:5.10.2]
	at java.base/java.util.Optional.orElseGet(Optional.java:364) ~[na:na]
	at org.junit.jupiter.engine.descriptor.ClassBasedTestDescriptor.lambda$testInstancesProvider$5(ClassBasedTestDescriptor.java:278) ~[junit-jupiter-engine-5.10.2.jar:5.10.2]
	at org.junit.jupiter.engine.execution.TestInstancesProvider.getTestInstances(TestInstancesProvider.java:31) ~[junit-jupiter-engine-5.10.2.jar:5.10.2]
	at org.junit.jupiter.engine.descriptor.TestMethodTestDescriptor.lambda$prepare$0(TestMethodTestDescriptor.java:106) ~[junit-jupiter-engine-5.10.2.jar:5.10.2]
	at org.junit.platform.engine.support.hierarchical.ThrowableCollector.execute(ThrowableCollector.java:73) ~[junit-platform-engine-1.10.2.jar:1.10.2]
	at org.junit.jupiter.engine.descriptor.TestMethodTestDescriptor.prepare(TestMethodTestDescriptor.java:105) ~[junit-jupiter-engine-5.10.2.jar:5.10.2]
	at org.junit.jupiter.engine.descriptor.TestMethodTestDescriptor.prepare(TestMethodTestDescriptor.java:69) ~[junit-jupiter-engine-5.10.2.jar:5.10.2]
	at org.junit.platform.engine.support.hierarchical.NodeTestTask.lambda$prepare$2(NodeTestTask.java:123) ~[junit-platform-engine-1.10.2.jar:1.10.2]
	at org.junit.platform.engine.support.hierarchical.ThrowableCollector.execute(ThrowableCollector.java:73) ~[junit-platform-engine-1.10.2.jar:1.10.2]
	at org.junit.platform.engine.support.hierarchical.NodeTestTask.prepare(NodeTestTask.java:123) ~[junit-platform-engine-1.10.2.jar:1.10.2]
	at org.junit.platform.engine.support.hierarchical.NodeTestTask.execute(NodeTestTask.java:90) ~[junit-platform-engine-1.10.2.jar:1.10.2]
	at java.base/java.util.ArrayList.forEach(ArrayList.java:1596) ~[na:na]
	at org.junit.platform.engine.support.hierarchical.SameThreadHierarchicalTestExecutorService.invokeAll(SameThreadHierarchicalTestExecutorService.java:41) ~[junit-platform-engine-1.10.2.jar:1.10.2]
	at org.junit.platform.engine.support.hierarchical.NodeTestTask.lambda$executeRecursively$6(NodeTestTask.java:155) ~[junit-platform-engine-1.10.2.jar:1.10.2]
	at org.junit.platform.engine.support.hierarchical.ThrowableCollector.execute(ThrowableCollector.java:73) ~[junit-platform-engine-1.10.2.jar:1.10.2]
	at org.junit.platform.engine.support.hierarchical.NodeTestTask.lambda$executeRecursively$8(NodeTestTask.java:141) ~[junit-platform-engine-1.10.2.jar:1.10.2]
	at org.junit.platform.engine.support.hierarchical.Node.around(Node.java:137) ~[junit-platform-engine-1.10.2.jar:1.10.2]
	at org.junit.platform.engine.support.hierarchical.NodeTestTask.lambda$executeRecursively$9(NodeTestTask.java:139) ~[junit-platform-engine-1.10.2.jar:1.10.2]
	at org.junit.platform.engine.support.hierarchical.ThrowableCollector.execute(ThrowableCollector.java:73) ~[junit-platform-engine-1.10.2.jar:1.10.2]
	at org.junit.platform.engine.support.hierarchical.NodeTestTask.executeRecursively(NodeTestTask.java:138) ~[junit-platform-engine-1.10.2.jar:1.10.2]
	at org.junit.platform.engine.support.hierarchical.NodeTestTask.execute(NodeTestTask.java:95) ~[junit-platform-engine-1.10.2.jar:1.10.2]
	at java.base/java.util.ArrayList.forEach(ArrayList.java:1596) ~[na:na]
	at org.junit.platform.engine.support.hierarchical.SameThreadHierarchicalTestExecutorService.invokeAll(SameThreadHierarchicalTestExecutorService.java:41) ~[junit-platform-engine-1.10.2.jar:1.10.2]
	at org.junit.platform.engine.support.hierarchical.NodeTestTask.lambda$executeRecursively$6(NodeTestTask.java:155) ~[junit-platform-engine-1.10.2.jar:1.10.2]
	at org.junit.platform.engine.support.hierarchical.ThrowableCollector.execute(ThrowableCollector.java:73) ~[junit-platform-engine-1.10.2.jar:1.10.2]
	at org.junit.platform.engine.support.hierarchical.NodeTestTask.lambda$executeRecursively$8(NodeTestTask.java:141) ~[junit-platform-engine-1.10.2.jar:1.10.2]
	at org.junit.platform.engine.support.hierarchical.Node.around(Node.java:137) ~[junit-platform-engine-1.10.2.jar:1.10.2]
	at org.junit.platform.engine.support.hierarchical.NodeTestTask.lambda$executeRecursively$9(NodeTestTask.java:139) ~[junit-platform-engine-1.10.2.jar:1.10.2]
	at org.junit.platform.engine.support.hierarchical.ThrowableCollector.execute(ThrowableCollector.java:73) ~[junit-platform-engine-1.10.2.jar:1.10.2]
	at org.junit.platform.engine.support.hierarchical.NodeTestTask.executeRecursively(NodeTestTask.java:138) ~[junit-platform-engine-1.10.2.jar:1.10.2]
	at org.junit.platform.engine.support.hierarchical.NodeTestTask.execute(NodeTestTask.java:95) ~[junit-platform-engine-1.10.2.jar:1.10.2]
	at org.junit.platform.engine.support.hierarchical.SameThreadHierarchicalTestExecutorService.submit(SameThreadHierarchicalTestExecutorService.java:35) ~[junit-platform-engine-1.10.2.jar:1.10.2]
	at org.junit.platform.engine.support.hierarchical.HierarchicalTestExecutor.execute(HierarchicalTestExecutor.java:57) ~[junit-platform-engine-1.10.2.jar:1.10.2]
	at org.junit.platform.engine.support.hierarchical.HierarchicalTestEngine.execute(HierarchicalTestEngine.java:54) ~[junit-platform-engine-1.10.2.jar:1.10.2]
	at org.junit.platform.launcher.core.EngineExecutionOrchestrator.execute(EngineExecutionOrchestrator.java:198) ~[junit-platform-launcher-1.10.2.jar:1.10.2]
	at org.junit.platform.launcher.core.EngineExecutionOrchestrator.execute(EngineExecutionOrchestrator.java:169) ~[junit-platform-launcher-1.10.2.jar:1.10.2]
	at org.junit.platform.launcher.core.EngineExecutionOrchestrator.execute(EngineExecutionOrchestrator.java:93) ~[junit-platform-launcher-1.10.2.jar:1.10.2]
	at org.junit.platform.launcher.core.EngineExecutionOrchestrator.lambda$execute$0(EngineExecutionOrchestrator.java:58) ~[junit-platform-launcher-1.10.2.jar:1.10.2]
	at org.junit.platform.launcher.core.EngineExecutionOrchestrator.withInterceptedStreams(EngineExecutionOrchestrator.java:141) ~[junit-platform-launcher-1.10.2.jar:1.10.2]
	at org.junit.platform.launcher.core.EngineExecutionOrchestrator.execute(EngineExecutionOrchestrator.java:57) ~[junit-platform-launcher-1.10.2.jar:1.10.2]
	at org.junit.platform.launcher.core.DefaultLauncher.execute(DefaultLauncher.java:103) ~[junit-platform-launcher-1.10.2.jar:1.10.2]
	at org.junit.platform.launcher.core.DefaultLauncher.execute(DefaultLauncher.java:85) ~[junit-platform-launcher-1.10.2.jar:1.10.2]
	at org.junit.platform.launcher.core.DelegatingLauncher.execute(DelegatingLauncher.java:47) ~[junit-platform-launcher-1.10.2.jar:1.10.2]
	at org.apache.maven.surefire.junitplatform.LazyLauncher.execute(LazyLauncher.java:56) ~[surefire-junit-platform-3.2.5.jar:3.2.5]
	at org.apache.maven.surefire.junitplatform.JUnitPlatformProvider.execute(JUnitPlatformProvider.java:184) ~[surefire-junit-platform-3.2.5.jar:3.2.5]
	at org.apache.maven.surefire.junitplatform.JUnitPlatformProvider.invokeAllTests(JUnitPlatformProvider.java:148) ~[surefire-junit-platform-3.2.5.jar:3.2.5]
	at org.apache.maven.surefire.junitplatform.JUnitPlatformProvider.invoke(JUnitPlatformProvider.java:122) ~[surefire-junit-platform-3.2.5.jar:3.2.5]
	at org.apache.maven.surefire.booter.ForkedBooter.runSuitesInProcess(ForkedBooter.java:385) ~[surefire-booter-3.2.5.jar:3.2.5]
	at org.apache.maven.surefire.booter.ForkedBooter.execute(ForkedBooter.java:162) ~[surefire-booter-3.2.5.jar:3.2.5]
	at org.apache.maven.surefire.booter.ForkedBooter.run(ForkedBooter.java:507) ~[surefire-booter-3.2.5.jar:3.2.5]
	at org.apache.maven.surefire.booter.ForkedBooter.main(ForkedBooter.java:495) ~[surefire-booter-3.2.5.jar:3.2.5]

2024-06-12T14:28:34.500+03:00 DEBUG 12012 --- [URL Shortener] [           main] o.s.d.jpa.repository.query.NamedQuery    : Did not find named query User.findByUsername
2024-06-12T14:28:34.503+03:00 DEBUG 12012 --- [URL Shortener] [           main] tor$SharedEntityManagerInvocationHandler : Creating new EntityManager for shared EntityManager invocation
2024-06-12T14:28:34.548+03:00 DEBUG 12012 --- [URL Shortener] [           main] o.s.d.jpa.repository.query.NamedQuery    : Looking up named query User.findByEmail
2024-06-12T14:28:34.549+03:00 DEBUG 12012 --- [URL Shortener] [           main] cResourceLocalTransactionCoordinatorImpl : JDBC transaction marked for rollback-only (exception provided for stack trace)

java.lang.Exception: exception just for purpose of providing stack trace
	at org.hibernate.resource.transaction.backend.jdbc.internal.JdbcResourceLocalTransactionCoordinatorImpl$TransactionDriverControlImpl.markRollbackOnly(JdbcResourceLocalTransactionCoordinatorImpl.java:309) ~[hibernate-core-6.5.2.Final.jar:6.5.2.Final]
	at org.hibernate.internal.AbstractSharedSessionContract.buildNamedQuery(AbstractSharedSessionContract.java:1109) ~[hibernate-core-6.5.2.Final.jar:6.5.2.Final]
	at org.hibernate.internal.AbstractSharedSessionContract.createNamedQuery(AbstractSharedSessionContract.java:987) ~[hibernate-core-6.5.2.Final.jar:6.5.2.Final]
	at org.hibernate.internal.AbstractSharedSessionContract.createNamedQuery(AbstractSharedSessionContract.java:140) ~[hibernate-core-6.5.2.Final.jar:6.5.2.Final]
	at java.base/jdk.internal.reflect.DirectMethodHandleAccessor.invoke(DirectMethodHandleAccessor.java:103) ~[na:na]
	at java.base/java.lang.reflect.Method.invoke(Method.java:580) ~[na:na]
	at org.springframework.orm.jpa.ExtendedEntityManagerCreator$ExtendedEntityManagerInvocationHandler.invoke(ExtendedEntityManagerCreator.java:364) ~[spring-orm-6.1.8.jar:6.1.8]
	at jdk.proxy2/jdk.proxy2.$Proxy174.createNamedQuery(Unknown Source) ~[na:na]
	at org.springframework.data.jpa.repository.query.NamedQuery.hasNamedQuery(NamedQuery.java:112) ~[spring-data-jpa-3.3.0.jar:3.3.0]
	at org.springframework.data.jpa.repository.query.NamedQuery.lookupFrom(NamedQuery.java:138) ~[spring-data-jpa-3.3.0.jar:3.3.0]
	at org.springframework.data.jpa.repository.query.JpaQueryLookupStrategy$DeclaredQueryLookupStrategy.resolveQuery(JpaQueryLookupStrategy.java:180) ~[spring-data-jpa-3.3.0.jar:3.3.0]
	at org.springframework.data.jpa.repository.query.JpaQueryLookupStrategy$CreateIfNotFoundQueryLookupStrategy.resolveQuery(JpaQueryLookupStrategy.java:252) ~[spring-data-jpa-3.3.0.jar:3.3.0]
	at org.springframework.data.jpa.repository.query.JpaQueryLookupStrategy$AbstractQueryLookupStrategy.resolveQuery(JpaQueryLookupStrategy.java:95) ~[spring-data-jpa-3.3.0.jar:3.3.0]
	at org.springframework.data.repository.core.support.QueryExecutorMethodInterceptor.lookupQuery(QueryExecutorMethodInterceptor.java:111) ~[spring-data-commons-3.3.0.jar:3.3.0]
	at org.springframework.data.repository.core.support.QueryExecutorMethodInterceptor.mapMethodsToQuery(QueryExecutorMethodInterceptor.java:99) ~[spring-data-commons-3.3.0.jar:3.3.0]
	at org.springframework.data.repository.core.support.QueryExecutorMethodInterceptor.lambda$new$0(QueryExecutorMethodInterceptor.java:88) ~[spring-data-commons-3.3.0.jar:3.3.0]
	at java.base/java.util.Optional.map(Optional.java:260) ~[na:na]
	at org.springframework.data.repository.core.support.QueryExecutorMethodInterceptor.<init>(QueryExecutorMethodInterceptor.java:88) ~[spring-data-commons-3.3.0.jar:3.3.0]
	at org.springframework.data.repository.core.support.RepositoryFactorySupport.getRepository(RepositoryFactorySupport.java:357) ~[spring-data-commons-3.3.0.jar:3.3.0]
	at org.springframework.data.repository.core.support.RepositoryFactoryBeanSupport.lambda$afterPropertiesSet$5(RepositoryFactoryBeanSupport.java:286) ~[spring-data-commons-3.3.0.jar:3.3.0]
	at org.springframework.data.util.Lazy.getNullable(Lazy.java:135) ~[spring-data-commons-3.3.0.jar:3.3.0]
	at org.springframework.data.util.Lazy.get(Lazy.java:113) ~[spring-data-commons-3.3.0.jar:3.3.0]
	at org.springframework.data.repository.core.support.RepositoryFactoryBeanSupport.afterPropertiesSet(RepositoryFactoryBeanSupport.java:292) ~[spring-data-commons-3.3.0.jar:3.3.0]
	at org.springframework.data.jpa.repository.support.JpaRepositoryFactoryBean.afterPropertiesSet(JpaRepositoryFactoryBean.java:132) ~[spring-data-jpa-3.3.0.jar:3.3.0]
	at org.springframework.beans.factory.support.AbstractAutowireCapableBeanFactory.invokeInitMethods(AbstractAutowireCapableBeanFactory.java:1835) ~[spring-beans-6.1.8.jar:6.1.8]
	at org.springframework.beans.factory.support.AbstractAutowireCapableBeanFactory.initializeBean(AbstractAutowireCapableBeanFactory.java:1784) ~[spring-beans-6.1.8.jar:6.1.8]
	at org.springframework.beans.factory.support.AbstractAutowireCapableBeanFactory.doCreateBean(AbstractAutowireCapableBeanFactory.java:600) ~[spring-beans-6.1.8.jar:6.1.8]
	at org.springframework.beans.factory.support.AbstractAutowireCapableBeanFactory.createBean(AbstractAutowireCapableBeanFactory.java:522) ~[spring-beans-6.1.8.jar:6.1.8]
	at org.springframework.beans.factory.support.AbstractBeanFactory.lambda$doGetBean$0(AbstractBeanFactory.java:337) ~[spring-beans-6.1.8.jar:6.1.8]
	at org.springframework.beans.factory.support.DefaultSingletonBeanRegistry.getSingleton(DefaultSingletonBeanRegistry.java:234) ~[spring-beans-6.1.8.jar:6.1.8]
	at org.springframework.beans.factory.support.AbstractBeanFactory.doGetBean(AbstractBeanFactory.java:335) ~[spring-beans-6.1.8.jar:6.1.8]
	at org.springframework.beans.factory.support.AbstractBeanFactory.getBean(AbstractBeanFactory.java:200) ~[spring-beans-6.1.8.jar:6.1.8]
	at org.springframework.beans.factory.config.DependencyDescriptor.resolveCandidate(DependencyDescriptor.java:254) ~[spring-beans-6.1.8.jar:6.1.8]
	at org.springframework.beans.factory.support.DefaultListableBeanFactory.doResolveDependency(DefaultListableBeanFactory.java:1443) ~[spring-beans-6.1.8.jar:6.1.8]
	at org.springframework.beans.factory.support.DefaultListableBeanFactory.resolveDependency(DefaultListableBeanFactory.java:1353) ~[spring-beans-6.1.8.jar:6.1.8]
	at org.springframework.beans.factory.support.ConstructorResolver.resolveAutowiredArgument(ConstructorResolver.java:904) ~[spring-beans-6.1.8.jar:6.1.8]
	at org.springframework.beans.factory.support.ConstructorResolver.createArgumentArray(ConstructorResolver.java:782) ~[spring-beans-6.1.8.jar:6.1.8]
	at org.springframework.beans.factory.support.ConstructorResolver.autowireConstructor(ConstructorResolver.java:237) ~[spring-beans-6.1.8.jar:6.1.8]
	at org.springframework.beans.factory.support.AbstractAutowireCapableBeanFactory.autowireConstructor(AbstractAutowireCapableBeanFactory.java:1357) ~[spring-beans-6.1.8.jar:6.1.8]
	at org.springframework.beans.factory.support.AbstractAutowireCapableBeanFactory.createBeanInstance(AbstractAutowireCapableBeanFactory.java:1194) ~[spring-beans-6.1.8.jar:6.1.8]
	at org.springframework.beans.factory.support.AbstractAutowireCapableBeanFactory.doCreateBean(AbstractAutowireCapableBeanFactory.java:562) ~[spring-beans-6.1.8.jar:6.1.8]
	at org.springframework.beans.factory.support.AbstractAutowireCapableBeanFactory.createBean(AbstractAutowireCapableBeanFactory.java:522) ~[spring-beans-6.1.8.jar:6.1.8]
	at org.springframework.beans.factory.support.AbstractBeanFactory.lambda$doGetBean$0(AbstractBeanFactory.java:337) ~[spring-beans-6.1.8.jar:6.1.8]
	at org.springframework.beans.factory.support.DefaultSingletonBeanRegistry.getSingleton(DefaultSingletonBeanRegistry.java:234) ~[spring-beans-6.1.8.jar:6.1.8]
	at org.springframework.beans.factory.support.AbstractBeanFactory.doGetBean(AbstractBeanFactory.java:335) ~[spring-beans-6.1.8.jar:6.1.8]
	at org.springframework.beans.factory.support.AbstractBeanFactory.getBean(AbstractBeanFactory.java:200) ~[spring-beans-6.1.8.jar:6.1.8]
	at org.springframework.beans.factory.config.DependencyDescriptor.resolveCandidate(DependencyDescriptor.java:254) ~[spring-beans-6.1.8.jar:6.1.8]
	at org.springframework.beans.factory.support.DefaultListableBeanFactory.doResolveDependency(DefaultListableBeanFactory.java:1443) ~[spring-beans-6.1.8.jar:6.1.8]
	at org.springframework.beans.factory.support.DefaultListableBeanFactory.resolveDependency(DefaultListableBeanFactory.java:1353) ~[spring-beans-6.1.8.jar:6.1.8]
	at org.springframework.beans.factory.support.ConstructorResolver.resolveAutowiredArgument(ConstructorResolver.java:904) ~[spring-beans-6.1.8.jar:6.1.8]
	at org.springframework.beans.factory.support.ConstructorResolver.createArgumentArray(ConstructorResolver.java:782) ~[spring-beans-6.1.8.jar:6.1.8]
	at org.springframework.beans.factory.support.ConstructorResolver.autowireConstructor(ConstructorResolver.java:237) ~[spring-beans-6.1.8.jar:6.1.8]
	at org.springframework.beans.factory.support.AbstractAutowireCapableBeanFactory.autowireConstructor(AbstractAutowireCapableBeanFactory.java:1357) ~[spring-beans-6.1.8.jar:6.1.8]
	at org.springframework.beans.factory.support.AbstractAutowireCapableBeanFactory.createBeanInstance(AbstractAutowireCapableBeanFactory.java:1194) ~[spring-beans-6.1.8.jar:6.1.8]
	at org.springframework.beans.factory.support.AbstractAutowireCapableBeanFactory.doCreateBean(AbstractAutowireCapableBeanFactory.java:562) ~[spring-beans-6.1.8.jar:6.1.8]
	at org.springframework.beans.factory.support.AbstractAutowireCapableBeanFactory.createBean(AbstractAutowireCapableBeanFactory.java:522) ~[spring-beans-6.1.8.jar:6.1.8]
	at org.springframework.beans.factory.support.AbstractBeanFactory.lambda$doGetBean$0(AbstractBeanFactory.java:337) ~[spring-beans-6.1.8.jar:6.1.8]
	at org.springframework.beans.factory.support.DefaultSingletonBeanRegistry.getSingleton(DefaultSingletonBeanRegistry.java:234) ~[spring-beans-6.1.8.jar:6.1.8]
	at org.springframework.beans.factory.support.AbstractBeanFactory.doGetBean(AbstractBeanFactory.java:335) ~[spring-beans-6.1.8.jar:6.1.8]
	at org.springframework.beans.factory.support.AbstractBeanFactory.getBean(AbstractBeanFactory.java:200) ~[spring-beans-6.1.8.jar:6.1.8]
	at org.springframework.beans.factory.support.ConstructorResolver.instantiateUsingFactoryMethod(ConstructorResolver.java:409) ~[spring-beans-6.1.8.jar:6.1.8]
	at org.springframework.beans.factory.support.AbstractAutowireCapableBeanFactory.instantiateUsingFactoryMethod(AbstractAutowireCapableBeanFactory.java:1337) ~[spring-beans-6.1.8.jar:6.1.8]
	at org.springframework.beans.factory.support.AbstractAutowireCapableBeanFactory.createBeanInstance(AbstractAutowireCapableBeanFactory.java:1167) ~[spring-beans-6.1.8.jar:6.1.8]
	at org.springframework.beans.factory.support.AbstractAutowireCapableBeanFactory.doCreateBean(AbstractAutowireCapableBeanFactory.java:562) ~[spring-beans-6.1.8.jar:6.1.8]
	at org.springframework.beans.factory.support.AbstractAutowireCapableBeanFactory.createBean(AbstractAutowireCapableBeanFactory.java:522) ~[spring-beans-6.1.8.jar:6.1.8]
	at org.springframework.beans.factory.support.AbstractBeanFactory.lambda$doGetBean$0(AbstractBeanFactory.java:337) ~[spring-beans-6.1.8.jar:6.1.8]
	at org.springframework.beans.factory.support.DefaultSingletonBeanRegistry.getSingleton(DefaultSingletonBeanRegistry.java:234) ~[spring-beans-6.1.8.jar:6.1.8]
	at org.springframework.beans.factory.support.AbstractBeanFactory.doGetBean(AbstractBeanFactory.java:335) ~[spring-beans-6.1.8.jar:6.1.8]
	at org.springframework.beans.factory.support.AbstractBeanFactory.getBean(AbstractBeanFactory.java:200) ~[spring-beans-6.1.8.jar:6.1.8]
	at org.springframework.beans.factory.config.DependencyDescriptor.resolveCandidate(DependencyDescriptor.java:254) ~[spring-beans-6.1.8.jar:6.1.8]
	at org.springframework.beans.factory.support.DefaultListableBeanFactory.doResolveDependency(DefaultListableBeanFactory.java:1443) ~[spring-beans-6.1.8.jar:6.1.8]
	at org.springframework.beans.factory.support.DefaultListableBeanFactory.resolveDependency(DefaultListableBeanFactory.java:1353) ~[spring-beans-6.1.8.jar:6.1.8]
	at org.springframework.beans.factory.support.ConstructorResolver.resolveAutowiredArgument(ConstructorResolver.java:904) ~[spring-beans-6.1.8.jar:6.1.8]
	at org.springframework.beans.factory.support.ConstructorResolver.createArgumentArray(ConstructorResolver.java:782) ~[spring-beans-6.1.8.jar:6.1.8]
	at org.springframework.beans.factory.support.ConstructorResolver.autowireConstructor(ConstructorResolver.java:237) ~[spring-beans-6.1.8.jar:6.1.8]
	at org.springframework.beans.factory.support.AbstractAutowireCapableBeanFactory.autowireConstructor(AbstractAutowireCapableBeanFactory.java:1357) ~[spring-beans-6.1.8.jar:6.1.8]
	at org.springframework.beans.factory.support.AbstractAutowireCapableBeanFactory.createBeanInstance(AbstractAutowireCapableBeanFactory.java:1194) ~[spring-beans-6.1.8.jar:6.1.8]
	at org.springframework.beans.factory.support.AbstractAutowireCapableBeanFactory.doCreateBean(AbstractAutowireCapableBeanFactory.java:562) ~[spring-beans-6.1.8.jar:6.1.8]
	at org.springframework.beans.factory.support.AbstractAutowireCapableBeanFactory.createBean(AbstractAutowireCapableBeanFactory.java:522) ~[spring-beans-6.1.8.jar:6.1.8]
	at org.springframework.beans.factory.support.AbstractBeanFactory.lambda$doGetBean$0(AbstractBeanFactory.java:337) ~[spring-beans-6.1.8.jar:6.1.8]
	at org.springframework.beans.factory.support.DefaultSingletonBeanRegistry.getSingleton(DefaultSingletonBeanRegistry.java:234) ~[spring-beans-6.1.8.jar:6.1.8]
	at org.springframework.beans.factory.support.AbstractBeanFactory.doGetBean(AbstractBeanFactory.java:335) ~[spring-beans-6.1.8.jar:6.1.8]
	at org.springframework.beans.factory.support.AbstractBeanFactory.getBean(AbstractBeanFactory.java:200) ~[spring-beans-6.1.8.jar:6.1.8]
	at org.springframework.beans.factory.config.DependencyDescriptor.resolveCandidate(DependencyDescriptor.java:254) ~[spring-beans-6.1.8.jar:6.1.8]
	at org.springframework.beans.factory.support.DefaultListableBeanFactory.doResolveDependency(DefaultListableBeanFactory.java:1443) ~[spring-beans-6.1.8.jar:6.1.8]
	at org.springframework.beans.factory.support.DefaultListableBeanFactory.resolveDependency(DefaultListableBeanFactory.java:1353) ~[spring-beans-6.1.8.jar:6.1.8]
	at org.springframework.beans.factory.support.ConstructorResolver.resolveAutowiredArgument(ConstructorResolver.java:904) ~[spring-beans-6.1.8.jar:6.1.8]
	at org.springframework.beans.factory.support.ConstructorResolver.createArgumentArray(ConstructorResolver.java:782) ~[spring-beans-6.1.8.jar:6.1.8]
	at org.springframework.beans.factory.support.ConstructorResolver.autowireConstructor(ConstructorResolver.java:237) ~[spring-beans-6.1.8.jar:6.1.8]
	at org.springframework.beans.factory.support.AbstractAutowireCapableBeanFactory.autowireConstructor(AbstractAutowireCapableBeanFactory.java:1357) ~[spring-beans-6.1.8.jar:6.1.8]
	at org.springframework.beans.factory.support.AbstractAutowireCapableBeanFactory.createBeanInstance(AbstractAutowireCapableBeanFactory.java:1194) ~[spring-beans-6.1.8.jar:6.1.8]
	at org.springframework.beans.factory.support.AbstractAutowireCapableBeanFactory.doCreateBean(AbstractAutowireCapableBeanFactory.java:562) ~[spring-beans-6.1.8.jar:6.1.8]
	at org.springframework.beans.factory.support.AbstractAutowireCapableBeanFactory.createBean(AbstractAutowireCapableBeanFactory.java:522) ~[spring-beans-6.1.8.jar:6.1.8]
	at org.springframework.beans.factory.support.AbstractBeanFactory.lambda$doGetBean$0(AbstractBeanFactory.java:337) ~[spring-beans-6.1.8.jar:6.1.8]
	at org.springframework.beans.factory.support.DefaultSingletonBeanRegistry.getSingleton(DefaultSingletonBeanRegistry.java:234) ~[spring-beans-6.1.8.jar:6.1.8]
	at org.springframework.beans.factory.support.AbstractBeanFactory.doGetBean(AbstractBeanFactory.java:335) ~[spring-beans-6.1.8.jar:6.1.8]
	at org.springframework.beans.factory.support.AbstractBeanFactory.getBean(AbstractBeanFactory.java:200) ~[spring-beans-6.1.8.jar:6.1.8]
	at org.springframework.beans.factory.support.DefaultListableBeanFactory.preInstantiateSingletons(DefaultListableBeanFactory.java:975) ~[spring-beans-6.1.8.jar:6.1.8]
	at org.springframework.context.support.AbstractApplicationContext.finishBeanFactoryInitialization(AbstractApplicationContext.java:962) ~[spring-context-6.1.8.jar:6.1.8]
	at org.springframework.context.support.AbstractApplicationContext.refresh(AbstractApplicationContext.java:624) ~[spring-context-6.1.8.jar:6.1.8]
	at org.springframework.boot.SpringApplication.refresh(SpringApplication.java:754) ~[spring-boot-3.3.0.jar:3.3.0]
	at org.springframework.boot.SpringApplication.refreshContext(SpringApplication.java:456) ~[spring-boot-3.3.0.jar:3.3.0]
	at org.springframework.boot.SpringApplication.run(SpringApplication.java:335) ~[spring-boot-3.3.0.jar:3.3.0]
	at org.springframework.boot.test.context.SpringBootContextLoader.lambda$loadContext$3(SpringBootContextLoader.java:137) ~[spring-boot-test-3.3.0.jar:3.3.0]
	at org.springframework.util.function.ThrowingSupplier.get(ThrowingSupplier.java:58) ~[spring-core-6.1.8.jar:6.1.8]
	at org.springframework.util.function.ThrowingSupplier.get(ThrowingSupplier.java:46) ~[spring-core-6.1.8.jar:6.1.8]
	at org.springframework.boot.SpringApplication.withHook(SpringApplication.java:1463) ~[spring-boot-3.3.0.jar:3.3.0]
	at org.springframework.boot.test.context.SpringBootContextLoader$ContextLoaderHook.run(SpringBootContextLoader.java:553) ~[spring-boot-test-3.3.0.jar:3.3.0]
	at org.springframework.boot.test.context.SpringBootContextLoader.loadContext(SpringBootContextLoader.java:137) ~[spring-boot-test-3.3.0.jar:3.3.0]
	at org.springframework.boot.test.context.SpringBootContextLoader.loadContext(SpringBootContextLoader.java:108) ~[spring-boot-test-3.3.0.jar:3.3.0]
	at org.springframework.test.context.cache.DefaultCacheAwareContextLoaderDelegate.loadContextInternal(DefaultCacheAwareContextLoaderDelegate.java:225) ~[spring-test-6.1.8.jar:6.1.8]
	at org.springframework.test.context.cache.DefaultCacheAwareContextLoaderDelegate.loadContext(DefaultCacheAwareContextLoaderDelegate.java:152) ~[spring-test-6.1.8.jar:6.1.8]
	at org.springframework.test.context.support.DefaultTestContext.getApplicationContext(DefaultTestContext.java:130) ~[spring-test-6.1.8.jar:6.1.8]
	at org.springframework.test.context.web.ServletTestExecutionListener.setUpRequestContextIfNecessary(ServletTestExecutionListener.java:191) ~[spring-test-6.1.8.jar:6.1.8]
	at org.springframework.test.context.web.ServletTestExecutionListener.prepareTestInstance(ServletTestExecutionListener.java:130) ~[spring-test-6.1.8.jar:6.1.8]
	at org.springframework.test.context.TestContextManager.prepareTestInstance(TestContextManager.java:260) ~[spring-test-6.1.8.jar:6.1.8]
	at org.springframework.test.context.junit.jupiter.SpringExtension.postProcessTestInstance(SpringExtension.java:163) ~[spring-test-6.1.8.jar:6.1.8]
	at org.junit.jupiter.engine.descriptor.ClassBasedTestDescriptor.lambda$invokeTestInstancePostProcessors$10(ClassBasedTestDescriptor.java:378) ~[junit-jupiter-engine-5.10.2.jar:5.10.2]
	at org.junit.jupiter.engine.descriptor.ClassBasedTestDescriptor.executeAndMaskThrowable(ClassBasedTestDescriptor.java:383) ~[junit-jupiter-engine-5.10.2.jar:5.10.2]
	at org.junit.jupiter.engine.descriptor.ClassBasedTestDescriptor.lambda$invokeTestInstancePostProcessors$11(ClassBasedTestDescriptor.java:378) ~[junit-jupiter-engine-5.10.2.jar:5.10.2]
	at java.base/java.util.stream.ReferencePipeline$3$1.accept(ReferencePipeline.java:197) ~[na:na]
	at java.base/java.util.stream.ReferencePipeline$2$1.accept(ReferencePipeline.java:179) ~[na:na]
	at java.base/java.util.ArrayList$ArrayListSpliterator.forEachRemaining(ArrayList.java:1708) ~[na:na]
	at java.base/java.util.stream.AbstractPipeline.copyInto(AbstractPipeline.java:509) ~[na:na]
	at java.base/java.util.stream.AbstractPipeline.wrapAndCopyInto(AbstractPipeline.java:499) ~[na:na]
	at java.base/java.util.stream.StreamSpliterators$WrappingSpliterator.forEachRemaining(StreamSpliterators.java:310) ~[na:na]
	at java.base/java.util.stream.Streams$ConcatSpliterator.forEachRemaining(Streams.java:735) ~[na:na]
	at java.base/java.util.stream.Streams$ConcatSpliterator.forEachRemaining(Streams.java:734) ~[na:na]
	at java.base/java.util.stream.ReferencePipeline$Head.forEach(ReferencePipeline.java:762) ~[na:na]
	at org.junit.jupiter.engine.descriptor.ClassBasedTestDescriptor.invokeTestInstancePostProcessors(ClassBasedTestDescriptor.java:377) ~[junit-jupiter-engine-5.10.2.jar:5.10.2]
	at org.junit.jupiter.engine.descriptor.ClassBasedTestDescriptor.lambda$instantiateAndPostProcessTestInstance$6(ClassBasedTestDescriptor.java:290) ~[junit-jupiter-engine-5.10.2.jar:5.10.2]
	at org.junit.platform.engine.support.hierarchical.ThrowableCollector.execute(ThrowableCollector.java:73) ~[junit-platform-engine-1.10.2.jar:1.10.2]
	at org.junit.jupiter.engine.descriptor.ClassBasedTestDescriptor.instantiateAndPostProcessTestInstance(ClassBasedTestDescriptor.java:289) ~[junit-jupiter-engine-5.10.2.jar:5.10.2]
	at org.junit.jupiter.engine.descriptor.ClassBasedTestDescriptor.lambda$testInstancesProvider$4(ClassBasedTestDescriptor.java:279) ~[junit-jupiter-engine-5.10.2.jar:5.10.2]
	at java.base/java.util.Optional.orElseGet(Optional.java:364) ~[na:na]
	at org.junit.jupiter.engine.descriptor.ClassBasedTestDescriptor.lambda$testInstancesProvider$5(ClassBasedTestDescriptor.java:278) ~[junit-jupiter-engine-5.10.2.jar:5.10.2]
	at org.junit.jupiter.engine.execution.TestInstancesProvider.getTestInstances(TestInstancesProvider.java:31) ~[junit-jupiter-engine-5.10.2.jar:5.10.2]
	at org.junit.jupiter.engine.descriptor.TestMethodTestDescriptor.lambda$prepare$0(TestMethodTestDescriptor.java:106) ~[junit-jupiter-engine-5.10.2.jar:5.10.2]
	at org.junit.platform.engine.support.hierarchical.ThrowableCollector.execute(ThrowableCollector.java:73) ~[junit-platform-engine-1.10.2.jar:1.10.2]
	at org.junit.jupiter.engine.descriptor.TestMethodTestDescriptor.prepare(TestMethodTestDescriptor.java:105) ~[junit-jupiter-engine-5.10.2.jar:5.10.2]
	at org.junit.jupiter.engine.descriptor.TestMethodTestDescriptor.prepare(TestMethodTestDescriptor.java:69) ~[junit-jupiter-engine-5.10.2.jar:5.10.2]
	at org.junit.platform.engine.support.hierarchical.NodeTestTask.lambda$prepare$2(NodeTestTask.java:123) ~[junit-platform-engine-1.10.2.jar:1.10.2]
	at org.junit.platform.engine.support.hierarchical.ThrowableCollector.execute(ThrowableCollector.java:73) ~[junit-platform-engine-1.10.2.jar:1.10.2]
	at org.junit.platform.engine.support.hierarchical.NodeTestTask.prepare(NodeTestTask.java:123) ~[junit-platform-engine-1.10.2.jar:1.10.2]
	at org.junit.platform.engine.support.hierarchical.NodeTestTask.execute(NodeTestTask.java:90) ~[junit-platform-engine-1.10.2.jar:1.10.2]
	at java.base/java.util.ArrayList.forEach(ArrayList.java:1596) ~[na:na]
	at org.junit.platform.engine.support.hierarchical.SameThreadHierarchicalTestExecutorService.invokeAll(SameThreadHierarchicalTestExecutorService.java:41) ~[junit-platform-engine-1.10.2.jar:1.10.2]
	at org.junit.platform.engine.support.hierarchical.NodeTestTask.lambda$executeRecursively$6(NodeTestTask.java:155) ~[junit-platform-engine-1.10.2.jar:1.10.2]
	at org.junit.platform.engine.support.hierarchical.ThrowableCollector.execute(ThrowableCollector.java:73) ~[junit-platform-engine-1.10.2.jar:1.10.2]
	at org.junit.platform.engine.support.hierarchical.NodeTestTask.lambda$executeRecursively$8(NodeTestTask.java:141) ~[junit-platform-engine-1.10.2.jar:1.10.2]
	at org.junit.platform.engine.support.hierarchical.Node.around(Node.java:137) ~[junit-platform-engine-1.10.2.jar:1.10.2]
	at org.junit.platform.engine.support.hierarchical.NodeTestTask.lambda$executeRecursively$9(NodeTestTask.java:139) ~[junit-platform-engine-1.10.2.jar:1.10.2]
	at org.junit.platform.engine.support.hierarchical.ThrowableCollector.execute(ThrowableCollector.java:73) ~[junit-platform-engine-1.10.2.jar:1.10.2]
	at org.junit.platform.engine.support.hierarchical.NodeTestTask.executeRecursively(NodeTestTask.java:138) ~[junit-platform-engine-1.10.2.jar:1.10.2]
	at org.junit.platform.engine.support.hierarchical.NodeTestTask.execute(NodeTestTask.java:95) ~[junit-platform-engine-1.10.2.jar:1.10.2]
	at java.base/java.util.ArrayList.forEach(ArrayList.java:1596) ~[na:na]
	at org.junit.platform.engine.support.hierarchical.SameThreadHierarchicalTestExecutorService.invokeAll(SameThreadHierarchicalTestExecutorService.java:41) ~[junit-platform-engine-1.10.2.jar:1.10.2]
	at org.junit.platform.engine.support.hierarchical.NodeTestTask.lambda$executeRecursively$6(NodeTestTask.java:155) ~[junit-platform-engine-1.10.2.jar:1.10.2]
	at org.junit.platform.engine.support.hierarchical.ThrowableCollector.execute(ThrowableCollector.java:73) ~[junit-platform-engine-1.10.2.jar:1.10.2]
	at org.junit.platform.engine.support.hierarchical.NodeTestTask.lambda$executeRecursively$8(NodeTestTask.java:141) ~[junit-platform-engine-1.10.2.jar:1.10.2]
	at org.junit.platform.engine.support.hierarchical.Node.around(Node.java:137) ~[junit-platform-engine-1.10.2.jar:1.10.2]
	at org.junit.platform.engine.support.hierarchical.NodeTestTask.lambda$executeRecursively$9(NodeTestTask.java:139) ~[junit-platform-engine-1.10.2.jar:1.10.2]
	at org.junit.platform.engine.support.hierarchical.ThrowableCollector.execute(ThrowableCollector.java:73) ~[junit-platform-engine-1.10.2.jar:1.10.2]
	at org.junit.platform.engine.support.hierarchical.NodeTestTask.executeRecursively(NodeTestTask.java:138) ~[junit-platform-engine-1.10.2.jar:1.10.2]
	at org.junit.platform.engine.support.hierarchical.NodeTestTask.execute(NodeTestTask.java:95) ~[junit-platform-engine-1.10.2.jar:1.10.2]
	at org.junit.platform.engine.support.hierarchical.SameThreadHierarchicalTestExecutorService.submit(SameThreadHierarchicalTestExecutorService.java:35) ~[junit-platform-engine-1.10.2.jar:1.10.2]
	at org.junit.platform.engine.support.hierarchical.HierarchicalTestExecutor.execute(HierarchicalTestExecutor.java:57) ~[junit-platform-engine-1.10.2.jar:1.10.2]
	at org.junit.platform.engine.support.hierarchical.HierarchicalTestEngine.execute(HierarchicalTestEngine.java:54) ~[junit-platform-engine-1.10.2.jar:1.10.2]
	at org.junit.platform.launcher.core.EngineExecutionOrchestrator.execute(EngineExecutionOrchestrator.java:198) ~[junit-platform-launcher-1.10.2.jar:1.10.2]
	at org.junit.platform.launcher.core.EngineExecutionOrchestrator.execute(EngineExecutionOrchestrator.java:169) ~[junit-platform-launcher-1.10.2.jar:1.10.2]
	at org.junit.platform.launcher.core.EngineExecutionOrchestrator.execute(EngineExecutionOrchestrator.java:93) ~[junit-platform-launcher-1.10.2.jar:1.10.2]
	at org.junit.platform.launcher.core.EngineExecutionOrchestrator.lambda$execute$0(EngineExecutionOrchestrator.java:58) ~[junit-platform-launcher-1.10.2.jar:1.10.2]
	at org.junit.platform.launcher.core.EngineExecutionOrchestrator.withInterceptedStreams(EngineExecutionOrchestrator.java:141) ~[junit-platform-launcher-1.10.2.jar:1.10.2]
	at org.junit.platform.launcher.core.EngineExecutionOrchestrator.execute(EngineExecutionOrchestrator.java:57) ~[junit-platform-launcher-1.10.2.jar:1.10.2]
	at org.junit.platform.launcher.core.DefaultLauncher.execute(DefaultLauncher.java:103) ~[junit-platform-launcher-1.10.2.jar:1.10.2]
	at org.junit.platform.launcher.core.DefaultLauncher.execute(DefaultLauncher.java:85) ~[junit-platform-launcher-1.10.2.jar:1.10.2]
	at org.junit.platform.launcher.core.DelegatingLauncher.execute(DelegatingLauncher.java:47) ~[junit-platform-launcher-1.10.2.jar:1.10.2]
	at org.apache.maven.surefire.junitplatform.LazyLauncher.execute(LazyLauncher.java:56) ~[surefire-junit-platform-3.2.5.jar:3.2.5]
	at org.apache.maven.surefire.junitplatform.JUnitPlatformProvider.execute(JUnitPlatformProvider.java:184) ~[surefire-junit-platform-3.2.5.jar:3.2.5]
	at org.apache.maven.surefire.junitplatform.JUnitPlatformProvider.invokeAllTests(JUnitPlatformProvider.java:148) ~[surefire-junit-platform-3.2.5.jar:3.2.5]
	at org.apache.maven.surefire.junitplatform.JUnitPlatformProvider.invoke(JUnitPlatformProvider.java:122) ~[surefire-junit-platform-3.2.5.jar:3.2.5]
	at org.apache.maven.surefire.booter.ForkedBooter.runSuitesInProcess(ForkedBooter.java:385) ~[surefire-booter-3.2.5.jar:3.2.5]
	at org.apache.maven.surefire.booter.ForkedBooter.execute(ForkedBooter.java:162) ~[surefire-booter-3.2.5.jar:3.2.5]
	at org.apache.maven.surefire.booter.ForkedBooter.run(ForkedBooter.java:507) ~[surefire-booter-3.2.5.jar:3.2.5]
	at org.apache.maven.surefire.booter.ForkedBooter.main(ForkedBooter.java:495) ~[surefire-booter-3.2.5.jar:3.2.5]

2024-06-12T14:28:34.550+03:00 DEBUG 12012 --- [URL Shortener] [           main] o.s.d.jpa.repository.query.NamedQuery    : Did not find named query User.findByEmail
2024-06-12T14:28:34.550+03:00 DEBUG 12012 --- [URL Shortener] [           main] tor$SharedEntityManagerInvocationHandler : Creating new EntityManager for shared EntityManager invocation
2024-06-12T14:28:34.553+03:00 DEBUG 12012 --- [URL Shortener] [           main] o.s.d.r.c.s.RepositoryFactorySupport     : Finished creation of repository instance for com.example.user.UserRepository.
2024-06-12T14:28:34.559+03:00 DEBUG 12012 --- [URL Shortener] [           main] o.s.b.f.s.DefaultListableBeanFactory     : Autowiring by type from bean name 'customUserDetailsService' via constructor to bean named 'userRepository'
2024-06-12T14:28:34.560+03:00 DEBUG 12012 --- [URL Shortener] [           main] o.s.b.f.s.DefaultListableBeanFactory     : Creating shared instance of singleton bean 'jwtUtil'
2024-06-12T14:28:34.561+03:00 DEBUG 12012 --- [URL Shortener] [           main] o.s.b.f.s.DefaultListableBeanFactory     : Autowiring by type from bean name 'jwtUtil' via constructor to bean named 'customUserDetailsService'
2024-06-12T14:28:34.599+03:00 DEBUG 12012 --- [URL Shortener] [           main] o.s.b.f.s.DefaultListableBeanFactory     : Creating shared instance of singleton bean 'org.springframework.security.config.annotation.authentication.configuration.AuthenticationConfiguration'
2024-06-12T14:28:34.601+03:00 DEBUG 12012 --- [URL Shortener] [           main] o.s.b.f.s.DefaultListableBeanFactory     : Creating shared instance of singleton bean 'enableGlobalAuthenticationAutowiredConfigurer'
2024-06-12T14:28:34.601+03:00 DEBUG 12012 --- [URL Shortener] [           main] o.s.b.f.s.DefaultListableBeanFactory     : Autowiring by type from bean name 'enableGlobalAuthenticationAutowiredConfigurer' via factory method to bean named 'org.springframework.web.context.support.GenericWebApplicationContext@684430c1'
2024-06-12T14:28:34.616+03:00 DEBUG 12012 --- [URL Shortener] [           main] o.s.b.f.s.DefaultListableBeanFactory     : Creating shared instance of singleton bean 'initializeUserDetailsBeanManagerConfigurer'
2024-06-12T14:28:34.616+03:00 DEBUG 12012 --- [URL Shortener] [           main] o.s.b.f.s.DefaultListableBeanFactory     : Autowiring by type from bean name 'initializeUserDetailsBeanManagerConfigurer' via factory method to bean named 'org.springframework.web.context.support.GenericWebApplicationContext@684430c1'
2024-06-12T14:28:34.617+03:00 DEBUG 12012 --- [URL Shortener] [           main] o.s.b.f.s.DefaultListableBeanFactory     : Creating shared instance of singleton bean 'initializeAuthenticationProviderBeanManagerConfigurer'
2024-06-12T14:28:34.618+03:00 DEBUG 12012 --- [URL Shortener] [           main] o.s.b.f.s.DefaultListableBeanFactory     : Autowiring by type from bean name 'initializeAuthenticationProviderBeanManagerConfigurer' via factory method to bean named 'org.springframework.web.context.support.GenericWebApplicationContext@684430c1'
2024-06-12T14:28:34.620+03:00 DEBUG 12012 --- [URL Shortener] [           main] o.s.b.f.s.DefaultListableBeanFactory     : Creating shared instance of singleton bean 'objectPostProcessor'
2024-06-12T14:28:34.620+03:00 DEBUG 12012 --- [URL Shortener] [           main] o.s.b.f.s.DefaultListableBeanFactory     : Creating shared instance of singleton bean 'org.springframework.security.config.annotation.configuration.ObjectPostProcessorConfiguration'
2024-06-12T14:28:34.621+03:00 DEBUG 12012 --- [URL Shortener] [           main] o.s.b.f.s.DefaultListableBeanFactory     : Autowiring by type from bean name 'objectPostProcessor' via factory method to bean named 'org.springframework.beans.factory.support.DefaultListableBeanFactory@10280879'
2024-06-12T14:28:34.624+03:00 DEBUG 12012 --- [URL Shortener] [           main] o.s.b.f.s.DefaultListableBeanFactory     : Autowiring by type from bean name 'securityConfig' via constructor to bean named 'customUserDetailsService'
2024-06-12T14:28:34.624+03:00 DEBUG 12012 --- [URL Shortener] [           main] o.s.b.f.s.DefaultListableBeanFactory     : Autowiring by type from bean name 'securityConfig' via constructor to bean named 'jwtUtil'
2024-06-12T14:28:34.624+03:00 DEBUG 12012 --- [URL Shortener] [           main] o.s.b.f.s.DefaultListableBeanFactory     : Autowiring by type from bean name 'securityConfig' via constructor to bean named 'org.springframework.security.config.annotation.authentication.configuration.AuthenticationConfiguration'
2024-06-12T14:28:34.626+03:00 DEBUG 12012 --- [URL Shortener] [           main] o.s.b.f.s.DefaultListableBeanFactory     : Creating shared instance of singleton bean 'authenticationManagerBuilder'
2024-06-12T14:28:34.626+03:00 DEBUG 12012 --- [URL Shortener] [           main] o.s.b.f.s.DefaultListableBeanFactory     : Autowiring by type from bean name 'authenticationManagerBuilder' via factory method to bean named 'objectPostProcessor'
2024-06-12T14:28:34.626+03:00 DEBUG 12012 --- [URL Shortener] [           main] o.s.b.f.s.DefaultListableBeanFactory     : Autowiring by type from bean name 'authenticationManagerBuilder' via factory method to bean named 'org.springframework.web.context.support.GenericWebApplicationContext@684430c1'
2024-06-12T14:28:34.627+03:00 DEBUG 12012 --- [URL Shortener] [           main] o.s.b.f.s.DefaultListableBeanFactory     : Creating shared instance of singleton bean 'authenticationEventPublisher'
2024-06-12T14:28:34.627+03:00 DEBUG 12012 --- [URL Shortener] [           main] o.s.b.f.s.DefaultListableBeanFactory     : Creating shared instance of singleton bean 'org.springframework.boot.autoconfigure.security.servlet.SecurityAutoConfiguration'
2024-06-12T14:28:34.628+03:00 DEBUG 12012 --- [URL Shortener] [           main] o.s.b.f.s.DefaultListableBeanFactory     : Autowiring by type from bean name 'authenticationEventPublisher' via factory method to bean named 'org.springframework.web.context.support.GenericWebApplicationContext@684430c1'
2024-06-12T14:28:34.649+03:00 DEBUG 12012 --- [URL Shortener] [           main] o.s.b.f.s.DefaultListableBeanFactory     : Creating shared instance of singleton bean 'passwordEncoder'
2024-06-12T14:28:34.662+03:00  INFO 12012 --- [URL Shortener] [           main] r$InitializeUserDetailsManagerConfigurer : Global AuthenticationManager configured with UserDetailsService bean with name customUserDetailsService
2024-06-12T14:28:34.664+03:00 DEBUG 12012 --- [URL Shortener] [           main] o.s.b.f.s.DefaultListableBeanFactory     : Creating shared instance of singleton bean 'roleService'
2024-06-12T14:28:34.666+03:00 DEBUG 12012 --- [URL Shortener] [           main] o.s.b.f.s.DefaultListableBeanFactory     : Creating shared instance of singleton bean 'roleRepository'
2024-06-12T14:28:34.667+03:00 DEBUG 12012 --- [URL Shortener] [           main] o.s.b.f.s.DefaultListableBeanFactory     : Creating shared instance of singleton bean 'jpa.named-queries#0'
2024-06-12T14:28:34.668+03:00 DEBUG 12012 --- [URL Shortener] [           main] o.s.b.f.s.DefaultListableBeanFactory     : Creating shared instance of singleton bean 'jpa.RoleRepository.fragments#0'
2024-06-12T14:28:34.669+03:00 DEBUG 12012 --- [URL Shortener] [           main] tor$SharedEntityManagerInvocationHandler : Creating new EntityManager for shared EntityManager invocation
2024-06-12T14:28:34.670+03:00 DEBUG 12012 --- [URL Shortener] [           main] o.s.d.r.c.s.RepositoryFactorySupport     : Initializing repository instance for com.example.role.RoleRepository…
2024-06-12T14:28:34.670+03:00 DEBUG 12012 --- [URL Shortener] [           main] tor$SharedEntityManagerInvocationHandler : Creating new EntityManager for shared EntityManager invocation
2024-06-12T14:28:34.672+03:00 DEBUG 12012 --- [URL Shortener] [           main] o.s.d.jpa.repository.query.NamedQuery    : Looking up named query Role.findByName
2024-06-12T14:28:34.672+03:00 DEBUG 12012 --- [URL Shortener] [           main] cResourceLocalTransactionCoordinatorImpl : JDBC transaction marked for rollback-only (exception provided for stack trace)

java.lang.Exception: exception just for purpose of providing stack trace
	at org.hibernate.resource.transaction.backend.jdbc.internal.JdbcResourceLocalTransactionCoordinatorImpl$TransactionDriverControlImpl.markRollbackOnly(JdbcResourceLocalTransactionCoordinatorImpl.java:309) ~[hibernate-core-6.5.2.Final.jar:6.5.2.Final]
	at org.hibernate.internal.AbstractSharedSessionContract.buildNamedQuery(AbstractSharedSessionContract.java:1109) ~[hibernate-core-6.5.2.Final.jar:6.5.2.Final]
	at org.hibernate.internal.AbstractSharedSessionContract.createNamedQuery(AbstractSharedSessionContract.java:987) ~[hibernate-core-6.5.2.Final.jar:6.5.2.Final]
	at org.hibernate.internal.AbstractSharedSessionContract.createNamedQuery(AbstractSharedSessionContract.java:140) ~[hibernate-core-6.5.2.Final.jar:6.5.2.Final]
	at java.base/jdk.internal.reflect.DirectMethodHandleAccessor.invoke(DirectMethodHandleAccessor.java:103) ~[na:na]
	at java.base/java.lang.reflect.Method.invoke(Method.java:580) ~[na:na]
	at org.springframework.orm.jpa.ExtendedEntityManagerCreator$ExtendedEntityManagerInvocationHandler.invoke(ExtendedEntityManagerCreator.java:364) ~[spring-orm-6.1.8.jar:6.1.8]
	at jdk.proxy2/jdk.proxy2.$Proxy174.createNamedQuery(Unknown Source) ~[na:na]
	at org.springframework.data.jpa.repository.query.NamedQuery.hasNamedQuery(NamedQuery.java:112) ~[spring-data-jpa-3.3.0.jar:3.3.0]
	at org.springframework.data.jpa.repository.query.NamedQuery.lookupFrom(NamedQuery.java:138) ~[spring-data-jpa-3.3.0.jar:3.3.0]
	at org.springframework.data.jpa.repository.query.JpaQueryLookupStrategy$DeclaredQueryLookupStrategy.resolveQuery(JpaQueryLookupStrategy.java:180) ~[spring-data-jpa-3.3.0.jar:3.3.0]
	at org.springframework.data.jpa.repository.query.JpaQueryLookupStrategy$CreateIfNotFoundQueryLookupStrategy.resolveQuery(JpaQueryLookupStrategy.java:252) ~[spring-data-jpa-3.3.0.jar:3.3.0]
	at org.springframework.data.jpa.repository.query.JpaQueryLookupStrategy$AbstractQueryLookupStrategy.resolveQuery(JpaQueryLookupStrategy.java:95) ~[spring-data-jpa-3.3.0.jar:3.3.0]
	at org.springframework.data.repository.core.support.QueryExecutorMethodInterceptor.lookupQuery(QueryExecutorMethodInterceptor.java:111) ~[spring-data-commons-3.3.0.jar:3.3.0]
	at org.springframework.data.repository.core.support.QueryExecutorMethodInterceptor.mapMethodsToQuery(QueryExecutorMethodInterceptor.java:99) ~[spring-data-commons-3.3.0.jar:3.3.0]
	at org.springframework.data.repository.core.support.QueryExecutorMethodInterceptor.lambda$new$0(QueryExecutorMethodInterceptor.java:88) ~[spring-data-commons-3.3.0.jar:3.3.0]
	at java.base/java.util.Optional.map(Optional.java:260) ~[na:na]
	at org.springframework.data.repository.core.support.QueryExecutorMethodInterceptor.<init>(QueryExecutorMethodInterceptor.java:88) ~[spring-data-commons-3.3.0.jar:3.3.0]
	at org.springframework.data.repository.core.support.RepositoryFactorySupport.getRepository(RepositoryFactorySupport.java:357) ~[spring-data-commons-3.3.0.jar:3.3.0]
	at org.springframework.data.repository.core.support.RepositoryFactoryBeanSupport.lambda$afterPropertiesSet$5(RepositoryFactoryBeanSupport.java:286) ~[spring-data-commons-3.3.0.jar:3.3.0]
	at org.springframework.data.util.Lazy.getNullable(Lazy.java:135) ~[spring-data-commons-3.3.0.jar:3.3.0]
	at org.springframework.data.util.Lazy.get(Lazy.java:113) ~[spring-data-commons-3.3.0.jar:3.3.0]
	at org.springframework.data.repository.core.support.RepositoryFactoryBeanSupport.afterPropertiesSet(RepositoryFactoryBeanSupport.java:292) ~[spring-data-commons-3.3.0.jar:3.3.0]
	at org.springframework.data.jpa.repository.support.JpaRepositoryFactoryBean.afterPropertiesSet(JpaRepositoryFactoryBean.java:132) ~[spring-data-jpa-3.3.0.jar:3.3.0]
	at org.springframework.beans.factory.support.AbstractAutowireCapableBeanFactory.invokeInitMethods(AbstractAutowireCapableBeanFactory.java:1835) ~[spring-beans-6.1.8.jar:6.1.8]
	at org.springframework.beans.factory.support.AbstractAutowireCapableBeanFactory.initializeBean(AbstractAutowireCapableBeanFactory.java:1784) ~[spring-beans-6.1.8.jar:6.1.8]
	at org.springframework.beans.factory.support.AbstractAutowireCapableBeanFactory.doCreateBean(AbstractAutowireCapableBeanFactory.java:600) ~[spring-beans-6.1.8.jar:6.1.8]
	at org.springframework.beans.factory.support.AbstractAutowireCapableBeanFactory.createBean(AbstractAutowireCapableBeanFactory.java:522) ~[spring-beans-6.1.8.jar:6.1.8]
	at org.springframework.beans.factory.support.AbstractBeanFactory.lambda$doGetBean$0(AbstractBeanFactory.java:337) ~[spring-beans-6.1.8.jar:6.1.8]
	at org.springframework.beans.factory.support.DefaultSingletonBeanRegistry.getSingleton(DefaultSingletonBeanRegistry.java:234) ~[spring-beans-6.1.8.jar:6.1.8]
	at org.springframework.beans.factory.support.AbstractBeanFactory.doGetBean(AbstractBeanFactory.java:335) ~[spring-beans-6.1.8.jar:6.1.8]
	at org.springframework.beans.factory.support.AbstractBeanFactory.getBean(AbstractBeanFactory.java:200) ~[spring-beans-6.1.8.jar:6.1.8]
	at org.springframework.beans.factory.config.DependencyDescriptor.resolveCandidate(DependencyDescriptor.java:254) ~[spring-beans-6.1.8.jar:6.1.8]
	at org.springframework.beans.factory.support.DefaultListableBeanFactory.doResolveDependency(DefaultListableBeanFactory.java:1443) ~[spring-beans-6.1.8.jar:6.1.8]
	at org.springframework.beans.factory.support.DefaultListableBeanFactory.resolveDependency(DefaultListableBeanFactory.java:1353) ~[spring-beans-6.1.8.jar:6.1.8]
	at org.springframework.beans.factory.annotation.AutowiredAnnotationBeanPostProcessor$AutowiredFieldElement.resolveFieldValue(AutowiredAnnotationBeanPostProcessor.java:784) ~[spring-beans-6.1.8.jar:6.1.8]
	at org.springframework.beans.factory.annotation.AutowiredAnnotationBeanPostProcessor$AutowiredFieldElement.inject(AutowiredAnnotationBeanPostProcessor.java:767) ~[spring-beans-6.1.8.jar:6.1.8]
	at org.springframework.beans.factory.annotation.InjectionMetadata.inject(InjectionMetadata.java:145) ~[spring-beans-6.1.8.jar:6.1.8]
	at org.springframework.beans.factory.annotation.AutowiredAnnotationBeanPostProcessor.postProcessProperties(AutowiredAnnotationBeanPostProcessor.java:508) ~[spring-beans-6.1.8.jar:6.1.8]
	at org.springframework.beans.factory.support.AbstractAutowireCapableBeanFactory.populateBean(AbstractAutowireCapableBeanFactory.java:1421) ~[spring-beans-6.1.8.jar:6.1.8]
	at org.springframework.beans.factory.support.AbstractAutowireCapableBeanFactory.doCreateBean(AbstractAutowireCapableBeanFactory.java:599) ~[spring-beans-6.1.8.jar:6.1.8]
	at org.springframework.beans.factory.support.AbstractAutowireCapableBeanFactory.createBean(AbstractAutowireCapableBeanFactory.java:522) ~[spring-beans-6.1.8.jar:6.1.8]
	at org.springframework.beans.factory.support.AbstractBeanFactory.lambda$doGetBean$0(AbstractBeanFactory.java:337) ~[spring-beans-6.1.8.jar:6.1.8]
	at org.springframework.beans.factory.support.DefaultSingletonBeanRegistry.getSingleton(DefaultSingletonBeanRegistry.java:234) ~[spring-beans-6.1.8.jar:6.1.8]
	at org.springframework.beans.factory.support.AbstractBeanFactory.doGetBean(AbstractBeanFactory.java:335) ~[spring-beans-6.1.8.jar:6.1.8]
	at org.springframework.beans.factory.support.AbstractBeanFactory.getBean(AbstractBeanFactory.java:200) ~[spring-beans-6.1.8.jar:6.1.8]
	at org.springframework.beans.factory.config.DependencyDescriptor.resolveCandidate(DependencyDescriptor.java:254) ~[spring-beans-6.1.8.jar:6.1.8]
	at org.springframework.beans.factory.support.DefaultListableBeanFactory.doResolveDependency(DefaultListableBeanFactory.java:1443) ~[spring-beans-6.1.8.jar:6.1.8]
	at org.springframework.beans.factory.support.DefaultListableBeanFactory.resolveDependency(DefaultListableBeanFactory.java:1353) ~[spring-beans-6.1.8.jar:6.1.8]
	at org.springframework.beans.factory.support.ConstructorResolver.resolveAutowiredArgument(ConstructorResolver.java:904) ~[spring-beans-6.1.8.jar:6.1.8]
	at org.springframework.beans.factory.support.ConstructorResolver.createArgumentArray(ConstructorResolver.java:782) ~[spring-beans-6.1.8.jar:6.1.8]
	at org.springframework.beans.factory.support.ConstructorResolver.autowireConstructor(ConstructorResolver.java:237) ~[spring-beans-6.1.8.jar:6.1.8]
	at org.springframework.beans.factory.support.AbstractAutowireCapableBeanFactory.autowireConstructor(AbstractAutowireCapableBeanFactory.java:1357) ~[spring-beans-6.1.8.jar:6.1.8]
	at org.springframework.beans.factory.support.AbstractAutowireCapableBeanFactory.createBeanInstance(AbstractAutowireCapableBeanFactory.java:1194) ~[spring-beans-6.1.8.jar:6.1.8]
	at org.springframework.beans.factory.support.AbstractAutowireCapableBeanFactory.doCreateBean(AbstractAutowireCapableBeanFactory.java:562) ~[spring-beans-6.1.8.jar:6.1.8]
	at org.springframework.beans.factory.support.AbstractAutowireCapableBeanFactory.createBean(AbstractAutowireCapableBeanFactory.java:522) ~[spring-beans-6.1.8.jar:6.1.8]
	at org.springframework.beans.factory.support.AbstractBeanFactory.lambda$doGetBean$0(AbstractBeanFactory.java:337) ~[spring-beans-6.1.8.jar:6.1.8]
	at org.springframework.beans.factory.support.DefaultSingletonBeanRegistry.getSingleton(DefaultSingletonBeanRegistry.java:234) ~[spring-beans-6.1.8.jar:6.1.8]
	at org.springframework.beans.factory.support.AbstractBeanFactory.doGetBean(AbstractBeanFactory.java:335) ~[spring-beans-6.1.8.jar:6.1.8]
	at org.springframework.beans.factory.support.AbstractBeanFactory.getBean(AbstractBeanFactory.java:200) ~[spring-beans-6.1.8.jar:6.1.8]
	at org.springframework.beans.factory.config.DependencyDescriptor.resolveCandidate(DependencyDescriptor.java:254) ~[spring-beans-6.1.8.jar:6.1.8]
	at org.springframework.beans.factory.support.DefaultListableBeanFactory.doResolveDependency(DefaultListableBeanFactory.java:1443) ~[spring-beans-6.1.8.jar:6.1.8]
	at org.springframework.beans.factory.support.DefaultListableBeanFactory.resolveDependency(DefaultListableBeanFactory.java:1353) ~[spring-beans-6.1.8.jar:6.1.8]
	at org.springframework.beans.factory.support.ConstructorResolver.resolveAutowiredArgument(ConstructorResolver.java:904) ~[spring-beans-6.1.8.jar:6.1.8]
	at org.springframework.beans.factory.support.ConstructorResolver.createArgumentArray(ConstructorResolver.java:782) ~[spring-beans-6.1.8.jar:6.1.8]
	at org.springframework.beans.factory.support.ConstructorResolver.autowireConstructor(ConstructorResolver.java:237) ~[spring-beans-6.1.8.jar:6.1.8]
	at org.springframework.beans.factory.support.AbstractAutowireCapableBeanFactory.autowireConstructor(AbstractAutowireCapableBeanFactory.java:1357) ~[spring-beans-6.1.8.jar:6.1.8]
	at org.springframework.beans.factory.support.AbstractAutowireCapableBeanFactory.createBeanInstance(AbstractAutowireCapableBeanFactory.java:1194) ~[spring-beans-6.1.8.jar:6.1.8]
	at org.springframework.beans.factory.support.AbstractAutowireCapableBeanFactory.doCreateBean(AbstractAutowireCapableBeanFactory.java:562) ~[spring-beans-6.1.8.jar:6.1.8]
	at org.springframework.beans.factory.support.AbstractAutowireCapableBeanFactory.createBean(AbstractAutowireCapableBeanFactory.java:522) ~[spring-beans-6.1.8.jar:6.1.8]
	at org.springframework.beans.factory.support.AbstractBeanFactory.lambda$doGetBean$0(AbstractBeanFactory.java:337) ~[spring-beans-6.1.8.jar:6.1.8]
	at org.springframework.beans.factory.support.DefaultSingletonBeanRegistry.getSingleton(DefaultSingletonBeanRegistry.java:234) ~[spring-beans-6.1.8.jar:6.1.8]
	at org.springframework.beans.factory.support.AbstractBeanFactory.doGetBean(AbstractBeanFactory.java:335) ~[spring-beans-6.1.8.jar:6.1.8]
	at org.springframework.beans.factory.support.AbstractBeanFactory.getBean(AbstractBeanFactory.java:200) ~[spring-beans-6.1.8.jar:6.1.8]
	at org.springframework.beans.factory.support.DefaultListableBeanFactory.preInstantiateSingletons(DefaultListableBeanFactory.java:975) ~[spring-beans-6.1.8.jar:6.1.8]
	at org.springframework.context.support.AbstractApplicationContext.finishBeanFactoryInitialization(AbstractApplicationContext.java:962) ~[spring-context-6.1.8.jar:6.1.8]
	at org.springframework.context.support.AbstractApplicationContext.refresh(AbstractApplicationContext.java:624) ~[spring-context-6.1.8.jar:6.1.8]
	at org.springframework.boot.SpringApplication.refresh(SpringApplication.java:754) ~[spring-boot-3.3.0.jar:3.3.0]
	at org.springframework.boot.SpringApplication.refreshContext(SpringApplication.java:456) ~[spring-boot-3.3.0.jar:3.3.0]
	at org.springframework.boot.SpringApplication.run(SpringApplication.java:335) ~[spring-boot-3.3.0.jar:3.3.0]
	at org.springframework.boot.test.context.SpringBootContextLoader.lambda$loadContext$3(SpringBootContextLoader.java:137) ~[spring-boot-test-3.3.0.jar:3.3.0]
	at org.springframework.util.function.ThrowingSupplier.get(ThrowingSupplier.java:58) ~[spring-core-6.1.8.jar:6.1.8]
	at org.springframework.util.function.ThrowingSupplier.get(ThrowingSupplier.java:46) ~[spring-core-6.1.8.jar:6.1.8]
	at org.springframework.boot.SpringApplication.withHook(SpringApplication.java:1463) ~[spring-boot-3.3.0.jar:3.3.0]
	at org.springframework.boot.test.context.SpringBootContextLoader$ContextLoaderHook.run(SpringBootContextLoader.java:553) ~[spring-boot-test-3.3.0.jar:3.3.0]
	at org.springframework.boot.test.context.SpringBootContextLoader.loadContext(SpringBootContextLoader.java:137) ~[spring-boot-test-3.3.0.jar:3.3.0]
	at org.springframework.boot.test.context.SpringBootContextLoader.loadContext(SpringBootContextLoader.java:108) ~[spring-boot-test-3.3.0.jar:3.3.0]
	at org.springframework.test.context.cache.DefaultCacheAwareContextLoaderDelegate.loadContextInternal(DefaultCacheAwareContextLoaderDelegate.java:225) ~[spring-test-6.1.8.jar:6.1.8]
	at org.springframework.test.context.cache.DefaultCacheAwareContextLoaderDelegate.loadContext(DefaultCacheAwareContextLoaderDelegate.java:152) ~[spring-test-6.1.8.jar:6.1.8]
	at org.springframework.test.context.support.DefaultTestContext.getApplicationContext(DefaultTestContext.java:130) ~[spring-test-6.1.8.jar:6.1.8]
	at org.springframework.test.context.web.ServletTestExecutionListener.setUpRequestContextIfNecessary(ServletTestExecutionListener.java:191) ~[spring-test-6.1.8.jar:6.1.8]
	at org.springframework.test.context.web.ServletTestExecutionListener.prepareTestInstance(ServletTestExecutionListener.java:130) ~[spring-test-6.1.8.jar:6.1.8]
	at org.springframework.test.context.TestContextManager.prepareTestInstance(TestContextManager.java:260) ~[spring-test-6.1.8.jar:6.1.8]
	at org.springframework.test.context.junit.jupiter.SpringExtension.postProcessTestInstance(SpringExtension.java:163) ~[spring-test-6.1.8.jar:6.1.8]
	at org.junit.jupiter.engine.descriptor.ClassBasedTestDescriptor.lambda$invokeTestInstancePostProcessors$10(ClassBasedTestDescriptor.java:378) ~[junit-jupiter-engine-5.10.2.jar:5.10.2]
	at org.junit.jupiter.engine.descriptor.ClassBasedTestDescriptor.executeAndMaskThrowable(ClassBasedTestDescriptor.java:383) ~[junit-jupiter-engine-5.10.2.jar:5.10.2]
	at org.junit.jupiter.engine.descriptor.ClassBasedTestDescriptor.lambda$invokeTestInstancePostProcessors$11(ClassBasedTestDescriptor.java:378) ~[junit-jupiter-engine-5.10.2.jar:5.10.2]
	at java.base/java.util.stream.ReferencePipeline$3$1.accept(ReferencePipeline.java:197) ~[na:na]
	at java.base/java.util.stream.ReferencePipeline$2$1.accept(ReferencePipeline.java:179) ~[na:na]
	at java.base/java.util.ArrayList$ArrayListSpliterator.forEachRemaining(ArrayList.java:1708) ~[na:na]
	at java.base/java.util.stream.AbstractPipeline.copyInto(AbstractPipeline.java:509) ~[na:na]
	at java.base/java.util.stream.AbstractPipeline.wrapAndCopyInto(AbstractPipeline.java:499) ~[na:na]
	at java.base/java.util.stream.StreamSpliterators$WrappingSpliterator.forEachRemaining(StreamSpliterators.java:310) ~[na:na]
	at java.base/java.util.stream.Streams$ConcatSpliterator.forEachRemaining(Streams.java:735) ~[na:na]
	at java.base/java.util.stream.Streams$ConcatSpliterator.forEachRemaining(Streams.java:734) ~[na:na]
	at java.base/java.util.stream.ReferencePipeline$Head.forEach(ReferencePipeline.java:762) ~[na:na]
	at org.junit.jupiter.engine.descriptor.ClassBasedTestDescriptor.invokeTestInstancePostProcessors(ClassBasedTestDescriptor.java:377) ~[junit-jupiter-engine-5.10.2.jar:5.10.2]
	at org.junit.jupiter.engine.descriptor.ClassBasedTestDescriptor.lambda$instantiateAndPostProcessTestInstance$6(ClassBasedTestDescriptor.java:290) ~[junit-jupiter-engine-5.10.2.jar:5.10.2]
	at org.junit.platform.engine.support.hierarchical.ThrowableCollector.execute(ThrowableCollector.java:73) ~[junit-platform-engine-1.10.2.jar:1.10.2]
	at org.junit.jupiter.engine.descriptor.ClassBasedTestDescriptor.instantiateAndPostProcessTestInstance(ClassBasedTestDescriptor.java:289) ~[junit-jupiter-engine-5.10.2.jar:5.10.2]
	at org.junit.jupiter.engine.descriptor.ClassBasedTestDescriptor.lambda$testInstancesProvider$4(ClassBasedTestDescriptor.java:279) ~[junit-jupiter-engine-5.10.2.jar:5.10.2]
	at java.base/java.util.Optional.orElseGet(Optional.java:364) ~[na:na]
	at org.junit.jupiter.engine.descriptor.ClassBasedTestDescriptor.lambda$testInstancesProvider$5(ClassBasedTestDescriptor.java:278) ~[junit-jupiter-engine-5.10.2.jar:5.10.2]
	at org.junit.jupiter.engine.execution.TestInstancesProvider.getTestInstances(TestInstancesProvider.java:31) ~[junit-jupiter-engine-5.10.2.jar:5.10.2]
	at org.junit.jupiter.engine.descriptor.TestMethodTestDescriptor.lambda$prepare$0(TestMethodTestDescriptor.java:106) ~[junit-jupiter-engine-5.10.2.jar:5.10.2]
	at org.junit.platform.engine.support.hierarchical.ThrowableCollector.execute(ThrowableCollector.java:73) ~[junit-platform-engine-1.10.2.jar:1.10.2]
	at org.junit.jupiter.engine.descriptor.TestMethodTestDescriptor.prepare(TestMethodTestDescriptor.java:105) ~[junit-jupiter-engine-5.10.2.jar:5.10.2]
	at org.junit.jupiter.engine.descriptor.TestMethodTestDescriptor.prepare(TestMethodTestDescriptor.java:69) ~[junit-jupiter-engine-5.10.2.jar:5.10.2]
	at org.junit.platform.engine.support.hierarchical.NodeTestTask.lambda$prepare$2(NodeTestTask.java:123) ~[junit-platform-engine-1.10.2.jar:1.10.2]
	at org.junit.platform.engine.support.hierarchical.ThrowableCollector.execute(ThrowableCollector.java:73) ~[junit-platform-engine-1.10.2.jar:1.10.2]
	at org.junit.platform.engine.support.hierarchical.NodeTestTask.prepare(NodeTestTask.java:123) ~[junit-platform-engine-1.10.2.jar:1.10.2]
	at org.junit.platform.engine.support.hierarchical.NodeTestTask.execute(NodeTestTask.java:90) ~[junit-platform-engine-1.10.2.jar:1.10.2]
	at java.base/java.util.ArrayList.forEach(ArrayList.java:1596) ~[na:na]
	at org.junit.platform.engine.support.hierarchical.SameThreadHierarchicalTestExecutorService.invokeAll(SameThreadHierarchicalTestExecutorService.java:41) ~[junit-platform-engine-1.10.2.jar:1.10.2]
	at org.junit.platform.engine.support.hierarchical.NodeTestTask.lambda$executeRecursively$6(NodeTestTask.java:155) ~[junit-platform-engine-1.10.2.jar:1.10.2]
	at org.junit.platform.engine.support.hierarchical.ThrowableCollector.execute(ThrowableCollector.java:73) ~[junit-platform-engine-1.10.2.jar:1.10.2]
	at org.junit.platform.engine.support.hierarchical.NodeTestTask.lambda$executeRecursively$8(NodeTestTask.java:141) ~[junit-platform-engine-1.10.2.jar:1.10.2]
	at org.junit.platform.engine.support.hierarchical.Node.around(Node.java:137) ~[junit-platform-engine-1.10.2.jar:1.10.2]
	at org.junit.platform.engine.support.hierarchical.NodeTestTask.lambda$executeRecursively$9(NodeTestTask.java:139) ~[junit-platform-engine-1.10.2.jar:1.10.2]
	at org.junit.platform.engine.support.hierarchical.ThrowableCollector.execute(ThrowableCollector.java:73) ~[junit-platform-engine-1.10.2.jar:1.10.2]
	at org.junit.platform.engine.support.hierarchical.NodeTestTask.executeRecursively(NodeTestTask.java:138) ~[junit-platform-engine-1.10.2.jar:1.10.2]
	at org.junit.platform.engine.support.hierarchical.NodeTestTask.execute(NodeTestTask.java:95) ~[junit-platform-engine-1.10.2.jar:1.10.2]
	at java.base/java.util.ArrayList.forEach(ArrayList.java:1596) ~[na:na]
	at org.junit.platform.engine.support.hierarchical.SameThreadHierarchicalTestExecutorService.invokeAll(SameThreadHierarchicalTestExecutorService.java:41) ~[junit-platform-engine-1.10.2.jar:1.10.2]
	at org.junit.platform.engine.support.hierarchical.NodeTestTask.lambda$executeRecursively$6(NodeTestTask.java:155) ~[junit-platform-engine-1.10.2.jar:1.10.2]
	at org.junit.platform.engine.support.hierarchical.ThrowableCollector.execute(ThrowableCollector.java:73) ~[junit-platform-engine-1.10.2.jar:1.10.2]
	at org.junit.platform.engine.support.hierarchical.NodeTestTask.lambda$executeRecursively$8(NodeTestTask.java:141) ~[junit-platform-engine-1.10.2.jar:1.10.2]
	at org.junit.platform.engine.support.hierarchical.Node.around(Node.java:137) ~[junit-platform-engine-1.10.2.jar:1.10.2]
	at org.junit.platform.engine.support.hierarchical.NodeTestTask.lambda$executeRecursively$9(NodeTestTask.java:139) ~[junit-platform-engine-1.10.2.jar:1.10.2]
	at org.junit.platform.engine.support.hierarchical.ThrowableCollector.execute(ThrowableCollector.java:73) ~[junit-platform-engine-1.10.2.jar:1.10.2]
	at org.junit.platform.engine.support.hierarchical.NodeTestTask.executeRecursively(NodeTestTask.java:138) ~[junit-platform-engine-1.10.2.jar:1.10.2]
	at org.junit.platform.engine.support.hierarchical.NodeTestTask.execute(NodeTestTask.java:95) ~[junit-platform-engine-1.10.2.jar:1.10.2]
	at org.junit.platform.engine.support.hierarchical.SameThreadHierarchicalTestExecutorService.submit(SameThreadHierarchicalTestExecutorService.java:35) ~[junit-platform-engine-1.10.2.jar:1.10.2]
	at org.junit.platform.engine.support.hierarchical.HierarchicalTestExecutor.execute(HierarchicalTestExecutor.java:57) ~[junit-platform-engine-1.10.2.jar:1.10.2]
	at org.junit.platform.engine.support.hierarchical.HierarchicalTestEngine.execute(HierarchicalTestEngine.java:54) ~[junit-platform-engine-1.10.2.jar:1.10.2]
	at org.junit.platform.launcher.core.EngineExecutionOrchestrator.execute(EngineExecutionOrchestrator.java:198) ~[junit-platform-launcher-1.10.2.jar:1.10.2]
	at org.junit.platform.launcher.core.EngineExecutionOrchestrator.execute(EngineExecutionOrchestrator.java:169) ~[junit-platform-launcher-1.10.2.jar:1.10.2]
	at org.junit.platform.launcher.core.EngineExecutionOrchestrator.execute(EngineExecutionOrchestrator.java:93) ~[junit-platform-launcher-1.10.2.jar:1.10.2]
	at org.junit.platform.launcher.core.EngineExecutionOrchestrator.lambda$execute$0(EngineExecutionOrchestrator.java:58) ~[junit-platform-launcher-1.10.2.jar:1.10.2]
	at org.junit.platform.launcher.core.EngineExecutionOrchestrator.withInterceptedStreams(EngineExecutionOrchestrator.java:141) ~[junit-platform-launcher-1.10.2.jar:1.10.2]
	at org.junit.platform.launcher.core.EngineExecutionOrchestrator.execute(EngineExecutionOrchestrator.java:57) ~[junit-platform-launcher-1.10.2.jar:1.10.2]
	at org.junit.platform.launcher.core.DefaultLauncher.execute(DefaultLauncher.java:103) ~[junit-platform-launcher-1.10.2.jar:1.10.2]
	at org.junit.platform.launcher.core.DefaultLauncher.execute(DefaultLauncher.java:85) ~[junit-platform-launcher-1.10.2.jar:1.10.2]
	at org.junit.platform.launcher.core.DelegatingLauncher.execute(DelegatingLauncher.java:47) ~[junit-platform-launcher-1.10.2.jar:1.10.2]
	at org.apache.maven.surefire.junitplatform.LazyLauncher.execute(LazyLauncher.java:56) ~[surefire-junit-platform-3.2.5.jar:3.2.5]
	at org.apache.maven.surefire.junitplatform.JUnitPlatformProvider.execute(JUnitPlatformProvider.java:184) ~[surefire-junit-platform-3.2.5.jar:3.2.5]
	at org.apache.maven.surefire.junitplatform.JUnitPlatformProvider.invokeAllTests(JUnitPlatformProvider.java:148) ~[surefire-junit-platform-3.2.5.jar:3.2.5]
	at org.apache.maven.surefire.junitplatform.JUnitPlatformProvider.invoke(JUnitPlatformProvider.java:122) ~[surefire-junit-platform-3.2.5.jar:3.2.5]
	at org.apache.maven.surefire.booter.ForkedBooter.runSuitesInProcess(ForkedBooter.java:385) ~[surefire-booter-3.2.5.jar:3.2.5]
	at org.apache.maven.surefire.booter.ForkedBooter.execute(ForkedBooter.java:162) ~[surefire-booter-3.2.5.jar:3.2.5]
	at org.apache.maven.surefire.booter.ForkedBooter.run(ForkedBooter.java:507) ~[surefire-booter-3.2.5.jar:3.2.5]
	at org.apache.maven.surefire.booter.ForkedBooter.main(ForkedBooter.java:495) ~[surefire-booter-3.2.5.jar:3.2.5]

2024-06-12T14:28:34.674+03:00 DEBUG 12012 --- [URL Shortener] [           main] o.s.d.jpa.repository.query.NamedQuery    : Did not find named query Role.findByName
2024-06-12T14:28:34.674+03:00 DEBUG 12012 --- [URL Shortener] [           main] tor$SharedEntityManagerInvocationHandler : Creating new EntityManager for shared EntityManager invocation
2024-06-12T14:28:34.678+03:00 DEBUG 12012 --- [URL Shortener] [           main] o.s.d.r.c.s.RepositoryFactorySupport     : Finished creation of repository instance for com.example.role.RoleRepository.
2024-06-12T14:28:34.683+03:00 DEBUG 12012 --- [URL Shortener] [           main] o.s.b.f.s.DefaultListableBeanFactory     : Autowiring by type from bean name 'authService' via constructor to bean named 'authenticationManager'
2024-06-12T14:28:34.683+03:00 DEBUG 12012 --- [URL Shortener] [           main] o.s.b.f.s.DefaultListableBeanFactory     : Autowiring by type from bean name 'authService' via constructor to bean named 'jwtUtil'
2024-06-12T14:28:34.683+03:00 DEBUG 12012 --- [URL Shortener] [           main] o.s.b.f.s.DefaultListableBeanFactory     : Autowiring by type from bean name 'authService' via constructor to bean named 'userRepository'
2024-06-12T14:28:34.683+03:00 DEBUG 12012 --- [URL Shortener] [           main] o.s.b.f.s.DefaultListableBeanFactory     : Autowiring by type from bean name 'authService' via constructor to bean named 'roleService'
2024-06-12T14:28:34.683+03:00 DEBUG 12012 --- [URL Shortener] [           main] o.s.b.f.s.DefaultListableBeanFactory     : Autowiring by type from bean name 'authService' via constructor to bean named 'passwordEncoder'
2024-06-12T14:28:34.685+03:00 DEBUG 12012 --- [URL Shortener] [           main] o.s.b.f.s.DefaultListableBeanFactory     : Autowiring by type from bean name 'authController' via constructor to bean named 'authService'
2024-06-12T14:28:34.686+03:00 DEBUG 12012 --- [URL Shortener] [           main] o.s.b.f.s.DefaultListableBeanFactory     : Creating shared instance of singleton bean 'jwtRequestFilter'
2024-06-12T14:28:34.687+03:00 DEBUG 12012 --- [URL Shortener] [           main] o.s.b.f.s.DefaultListableBeanFactory     : Autowiring by type from bean name 'jwtRequestFilter' via constructor to bean named 'authenticationManager'
2024-06-12T14:28:34.687+03:00 DEBUG 12012 --- [URL Shortener] [           main] o.s.b.f.s.DefaultListableBeanFactory     : Autowiring by type from bean name 'jwtRequestFilter' via constructor to bean named 'customUserDetailsService'
2024-06-12T14:28:34.687+03:00 DEBUG 12012 --- [URL Shortener] [           main] o.s.b.f.s.DefaultListableBeanFactory     : Autowiring by type from bean name 'jwtRequestFilter' via constructor to bean named 'jwtUtil'
2024-06-12T14:28:34.693+03:00 DEBUG 12012 --- [URL Shortener] [           main] o.s.b.f.s.DefaultListableBeanFactory     : Creating shared instance of singleton bean 'globalExceptionHandler'
2024-06-12T14:28:34.696+03:00 DEBUG 12012 --- [URL Shortener] [           main] o.s.b.f.s.DefaultListableBeanFactory     : Creating shared instance of singleton bean 'adminUrlShortenerController'
2024-06-12T14:28:34.700+03:00 DEBUG 12012 --- [URL Shortener] [           main] o.s.b.f.s.DefaultListableBeanFactory     : Creating shared instance of singleton bean 'urlProfileService'
2024-06-12T14:28:34.705+03:00 DEBUG 12012 --- [URL Shortener] [           main] o.s.b.f.s.DefaultListableBeanFactory     : Creating shared instance of singleton bean 'urlProfileRepository'
2024-06-12T14:28:34.706+03:00 DEBUG 12012 --- [URL Shortener] [           main] o.s.b.f.s.DefaultListableBeanFactory     : Creating shared instance of singleton bean 'jpa.named-queries#1'
2024-06-12T14:28:34.708+03:00 DEBUG 12012 --- [URL Shortener] [           main] o.s.b.f.s.DefaultListableBeanFactory     : Creating shared instance of singleton bean 'jpa.UrlProfileRepository.fragments#0'
2024-06-12T14:28:34.709+03:00 DEBUG 12012 --- [URL Shortener] [           main] tor$SharedEntityManagerInvocationHandler : Creating new EntityManager for shared EntityManager invocation
2024-06-12T14:28:34.710+03:00 DEBUG 12012 --- [URL Shortener] [           main] o.s.d.r.c.s.RepositoryFactorySupport     : Initializing repository instance for com.example.url_profile.UrlProfileRepository…
2024-06-12T14:28:34.710+03:00 DEBUG 12012 --- [URL Shortener] [           main] tor$SharedEntityManagerInvocationHandler : Creating new EntityManager for shared EntityManager invocation
2024-06-12T14:28:34.713+03:00 DEBUG 12012 --- [URL Shortener] [           main] o.s.d.jpa.repository.query.NamedQuery    : Looking up named query UrlProfile.deleteUrlProfileByShortUrl
2024-06-12T14:28:34.714+03:00 DEBUG 12012 --- [URL Shortener] [           main] cResourceLocalTransactionCoordinatorImpl : JDBC transaction marked for rollback-only (exception provided for stack trace)

java.lang.Exception: exception just for purpose of providing stack trace
	at org.hibernate.resource.transaction.backend.jdbc.internal.JdbcResourceLocalTransactionCoordinatorImpl$TransactionDriverControlImpl.markRollbackOnly(JdbcResourceLocalTransactionCoordinatorImpl.java:309) ~[hibernate-core-6.5.2.Final.jar:6.5.2.Final]
	at org.hibernate.internal.AbstractSharedSessionContract.buildNamedQuery(AbstractSharedSessionContract.java:1109) ~[hibernate-core-6.5.2.Final.jar:6.5.2.Final]
	at org.hibernate.internal.AbstractSharedSessionContract.createNamedQuery(AbstractSharedSessionContract.java:987) ~[hibernate-core-6.5.2.Final.jar:6.5.2.Final]
	at org.hibernate.internal.AbstractSharedSessionContract.createNamedQuery(AbstractSharedSessionContract.java:140) ~[hibernate-core-6.5.2.Final.jar:6.5.2.Final]
	at java.base/jdk.internal.reflect.DirectMethodHandleAccessor.invoke(DirectMethodHandleAccessor.java:103) ~[na:na]
	at java.base/java.lang.reflect.Method.invoke(Method.java:580) ~[na:na]
	at org.springframework.orm.jpa.ExtendedEntityManagerCreator$ExtendedEntityManagerInvocationHandler.invoke(ExtendedEntityManagerCreator.java:364) ~[spring-orm-6.1.8.jar:6.1.8]
	at jdk.proxy2/jdk.proxy2.$Proxy174.createNamedQuery(Unknown Source) ~[na:na]
	at org.springframework.data.jpa.repository.query.NamedQuery.hasNamedQuery(NamedQuery.java:112) ~[spring-data-jpa-3.3.0.jar:3.3.0]
	at org.springframework.data.jpa.repository.query.NamedQuery.lookupFrom(NamedQuery.java:138) ~[spring-data-jpa-3.3.0.jar:3.3.0]
	at org.springframework.data.jpa.repository.query.JpaQueryLookupStrategy$DeclaredQueryLookupStrategy.resolveQuery(JpaQueryLookupStrategy.java:180) ~[spring-data-jpa-3.3.0.jar:3.3.0]
	at org.springframework.data.jpa.repository.query.JpaQueryLookupStrategy$CreateIfNotFoundQueryLookupStrategy.resolveQuery(JpaQueryLookupStrategy.java:252) ~[spring-data-jpa-3.3.0.jar:3.3.0]
	at org.springframework.data.jpa.repository.query.JpaQueryLookupStrategy$AbstractQueryLookupStrategy.resolveQuery(JpaQueryLookupStrategy.java:95) ~[spring-data-jpa-3.3.0.jar:3.3.0]
	at org.springframework.data.repository.core.support.QueryExecutorMethodInterceptor.lookupQuery(QueryExecutorMethodInterceptor.java:111) ~[spring-data-commons-3.3.0.jar:3.3.0]
	at org.springframework.data.repository.core.support.QueryExecutorMethodInterceptor.mapMethodsToQuery(QueryExecutorMethodInterceptor.java:99) ~[spring-data-commons-3.3.0.jar:3.3.0]
	at org.springframework.data.repository.core.support.QueryExecutorMethodInterceptor.lambda$new$0(QueryExecutorMethodInterceptor.java:88) ~[spring-data-commons-3.3.0.jar:3.3.0]
	at java.base/java.util.Optional.map(Optional.java:260) ~[na:na]
	at org.springframework.data.repository.core.support.QueryExecutorMethodInterceptor.<init>(QueryExecutorMethodInterceptor.java:88) ~[spring-data-commons-3.3.0.jar:3.3.0]
	at org.springframework.data.repository.core.support.RepositoryFactorySupport.getRepository(RepositoryFactorySupport.java:357) ~[spring-data-commons-3.3.0.jar:3.3.0]
	at org.springframework.data.repository.core.support.RepositoryFactoryBeanSupport.lambda$afterPropertiesSet$5(RepositoryFactoryBeanSupport.java:286) ~[spring-data-commons-3.3.0.jar:3.3.0]
	at org.springframework.data.util.Lazy.getNullable(Lazy.java:135) ~[spring-data-commons-3.3.0.jar:3.3.0]
	at org.springframework.data.util.Lazy.get(Lazy.java:113) ~[spring-data-commons-3.3.0.jar:3.3.0]
	at org.springframework.data.repository.core.support.RepositoryFactoryBeanSupport.afterPropertiesSet(RepositoryFactoryBeanSupport.java:292) ~[spring-data-commons-3.3.0.jar:3.3.0]
	at org.springframework.data.jpa.repository.support.JpaRepositoryFactoryBean.afterPropertiesSet(JpaRepositoryFactoryBean.java:132) ~[spring-data-jpa-3.3.0.jar:3.3.0]
	at org.springframework.beans.factory.support.AbstractAutowireCapableBeanFactory.invokeInitMethods(AbstractAutowireCapableBeanFactory.java:1835) ~[spring-beans-6.1.8.jar:6.1.8]
	at org.springframework.beans.factory.support.AbstractAutowireCapableBeanFactory.initializeBean(AbstractAutowireCapableBeanFactory.java:1784) ~[spring-beans-6.1.8.jar:6.1.8]
	at org.springframework.beans.factory.support.AbstractAutowireCapableBeanFactory.doCreateBean(AbstractAutowireCapableBeanFactory.java:600) ~[spring-beans-6.1.8.jar:6.1.8]
	at org.springframework.beans.factory.support.AbstractAutowireCapableBeanFactory.createBean(AbstractAutowireCapableBeanFactory.java:522) ~[spring-beans-6.1.8.jar:6.1.8]
	at org.springframework.beans.factory.support.AbstractBeanFactory.lambda$doGetBean$0(AbstractBeanFactory.java:337) ~[spring-beans-6.1.8.jar:6.1.8]
	at org.springframework.beans.factory.support.DefaultSingletonBeanRegistry.getSingleton(DefaultSingletonBeanRegistry.java:234) ~[spring-beans-6.1.8.jar:6.1.8]
	at org.springframework.beans.factory.support.AbstractBeanFactory.doGetBean(AbstractBeanFactory.java:335) ~[spring-beans-6.1.8.jar:6.1.8]
	at org.springframework.beans.factory.support.AbstractBeanFactory.getBean(AbstractBeanFactory.java:200) ~[spring-beans-6.1.8.jar:6.1.8]
	at org.springframework.beans.factory.config.DependencyDescriptor.resolveCandidate(DependencyDescriptor.java:254) ~[spring-beans-6.1.8.jar:6.1.8]
	at org.springframework.beans.factory.support.DefaultListableBeanFactory.doResolveDependency(DefaultListableBeanFactory.java:1443) ~[spring-beans-6.1.8.jar:6.1.8]
	at org.springframework.beans.factory.support.DefaultListableBeanFactory.resolveDependency(DefaultListableBeanFactory.java:1353) ~[spring-beans-6.1.8.jar:6.1.8]
	at org.springframework.beans.factory.support.ConstructorResolver.resolveAutowiredArgument(ConstructorResolver.java:904) ~[spring-beans-6.1.8.jar:6.1.8]
	at org.springframework.beans.factory.support.ConstructorResolver.createArgumentArray(ConstructorResolver.java:782) ~[spring-beans-6.1.8.jar:6.1.8]
	at org.springframework.beans.factory.support.ConstructorResolver.autowireConstructor(ConstructorResolver.java:237) ~[spring-beans-6.1.8.jar:6.1.8]
	at org.springframework.beans.factory.support.AbstractAutowireCapableBeanFactory.autowireConstructor(AbstractAutowireCapableBeanFactory.java:1357) ~[spring-beans-6.1.8.jar:6.1.8]
	at org.springframework.beans.factory.support.AbstractAutowireCapableBeanFactory.createBeanInstance(AbstractAutowireCapableBeanFactory.java:1194) ~[spring-beans-6.1.8.jar:6.1.8]
	at org.springframework.beans.factory.support.AbstractAutowireCapableBeanFactory.doCreateBean(AbstractAutowireCapableBeanFactory.java:562) ~[spring-beans-6.1.8.jar:6.1.8]
	at org.springframework.beans.factory.support.AbstractAutowireCapableBeanFactory.createBean(AbstractAutowireCapableBeanFactory.java:522) ~[spring-beans-6.1.8.jar:6.1.8]
	at org.springframework.beans.factory.support.AbstractBeanFactory.lambda$doGetBean$0(AbstractBeanFactory.java:337) ~[spring-beans-6.1.8.jar:6.1.8]
	at org.springframework.beans.factory.support.DefaultSingletonBeanRegistry.getSingleton(DefaultSingletonBeanRegistry.java:234) ~[spring-beans-6.1.8.jar:6.1.8]
	at org.springframework.beans.factory.support.AbstractBeanFactory.doGetBean(AbstractBeanFactory.java:335) ~[spring-beans-6.1.8.jar:6.1.8]
	at org.springframework.beans.factory.support.AbstractBeanFactory.getBean(AbstractBeanFactory.java:200) ~[spring-beans-6.1.8.jar:6.1.8]
	at org.springframework.beans.factory.config.DependencyDescriptor.resolveCandidate(DependencyDescriptor.java:254) ~[spring-beans-6.1.8.jar:6.1.8]
	at org.springframework.beans.factory.support.DefaultListableBeanFactory.doResolveDependency(DefaultListableBeanFactory.java:1443) ~[spring-beans-6.1.8.jar:6.1.8]
	at org.springframework.beans.factory.support.DefaultListableBeanFactory.resolveDependency(DefaultListableBeanFactory.java:1353) ~[spring-beans-6.1.8.jar:6.1.8]
	at org.springframework.beans.factory.support.ConstructorResolver.resolveAutowiredArgument(ConstructorResolver.java:904) ~[spring-beans-6.1.8.jar:6.1.8]
	at org.springframework.beans.factory.support.ConstructorResolver.createArgumentArray(ConstructorResolver.java:782) ~[spring-beans-6.1.8.jar:6.1.8]
	at org.springframework.beans.factory.support.ConstructorResolver.autowireConstructor(ConstructorResolver.java:237) ~[spring-beans-6.1.8.jar:6.1.8]
	at org.springframework.beans.factory.support.AbstractAutowireCapableBeanFactory.autowireConstructor(AbstractAutowireCapableBeanFactory.java:1357) ~[spring-beans-6.1.8.jar:6.1.8]
	at org.springframework.beans.factory.support.AbstractAutowireCapableBeanFactory.createBeanInstance(AbstractAutowireCapableBeanFactory.java:1194) ~[spring-beans-6.1.8.jar:6.1.8]
	at org.springframework.beans.factory.support.AbstractAutowireCapableBeanFactory.doCreateBean(AbstractAutowireCapableBeanFactory.java:562) ~[spring-beans-6.1.8.jar:6.1.8]
	at org.springframework.beans.factory.support.AbstractAutowireCapableBeanFactory.createBean(AbstractAutowireCapableBeanFactory.java:522) ~[spring-beans-6.1.8.jar:6.1.8]
	at org.springframework.beans.factory.support.AbstractBeanFactory.lambda$doGetBean$0(AbstractBeanFactory.java:337) ~[spring-beans-6.1.8.jar:6.1.8]
	at org.springframework.beans.factory.support.DefaultSingletonBeanRegistry.getSingleton(DefaultSingletonBeanRegistry.java:234) ~[spring-beans-6.1.8.jar:6.1.8]
	at org.springframework.beans.factory.support.AbstractBeanFactory.doGetBean(AbstractBeanFactory.java:335) ~[spring-beans-6.1.8.jar:6.1.8]
	at org.springframework.beans.factory.support.AbstractBeanFactory.getBean(AbstractBeanFactory.java:200) ~[spring-beans-6.1.8.jar:6.1.8]
	at org.springframework.beans.factory.support.DefaultListableBeanFactory.preInstantiateSingletons(DefaultListableBeanFactory.java:975) ~[spring-beans-6.1.8.jar:6.1.8]
	at org.springframework.context.support.AbstractApplicationContext.finishBeanFactoryInitialization(AbstractApplicationContext.java:962) ~[spring-context-6.1.8.jar:6.1.8]
	at org.springframework.context.support.AbstractApplicationContext.refresh(AbstractApplicationContext.java:624) ~[spring-context-6.1.8.jar:6.1.8]
	at org.springframework.boot.SpringApplication.refresh(SpringApplication.java:754) ~[spring-boot-3.3.0.jar:3.3.0]
	at org.springframework.boot.SpringApplication.refreshContext(SpringApplication.java:456) ~[spring-boot-3.3.0.jar:3.3.0]
	at org.springframework.boot.SpringApplication.run(SpringApplication.java:335) ~[spring-boot-3.3.0.jar:3.3.0]
	at org.springframework.boot.test.context.SpringBootContextLoader.lambda$loadContext$3(SpringBootContextLoader.java:137) ~[spring-boot-test-3.3.0.jar:3.3.0]
	at org.springframework.util.function.ThrowingSupplier.get(ThrowingSupplier.java:58) ~[spring-core-6.1.8.jar:6.1.8]
	at org.springframework.util.function.ThrowingSupplier.get(ThrowingSupplier.java:46) ~[spring-core-6.1.8.jar:6.1.8]
	at org.springframework.boot.SpringApplication.withHook(SpringApplication.java:1463) ~[spring-boot-3.3.0.jar:3.3.0]
	at org.springframework.boot.test.context.SpringBootContextLoader$ContextLoaderHook.run(SpringBootContextLoader.java:553) ~[spring-boot-test-3.3.0.jar:3.3.0]
	at org.springframework.boot.test.context.SpringBootContextLoader.loadContext(SpringBootContextLoader.java:137) ~[spring-boot-test-3.3.0.jar:3.3.0]
	at org.springframework.boot.test.context.SpringBootContextLoader.loadContext(SpringBootContextLoader.java:108) ~[spring-boot-test-3.3.0.jar:3.3.0]
	at org.springframework.test.context.cache.DefaultCacheAwareContextLoaderDelegate.loadContextInternal(DefaultCacheAwareContextLoaderDelegate.java:225) ~[spring-test-6.1.8.jar:6.1.8]
	at org.springframework.test.context.cache.DefaultCacheAwareContextLoaderDelegate.loadContext(DefaultCacheAwareContextLoaderDelegate.java:152) ~[spring-test-6.1.8.jar:6.1.8]
	at org.springframework.test.context.support.DefaultTestContext.getApplicationContext(DefaultTestContext.java:130) ~[spring-test-6.1.8.jar:6.1.8]
	at org.springframework.test.context.web.ServletTestExecutionListener.setUpRequestContextIfNecessary(ServletTestExecutionListener.java:191) ~[spring-test-6.1.8.jar:6.1.8]
	at org.springframework.test.context.web.ServletTestExecutionListener.prepareTestInstance(ServletTestExecutionListener.java:130) ~[spring-test-6.1.8.jar:6.1.8]
	at org.springframework.test.context.TestContextManager.prepareTestInstance(TestContextManager.java:260) ~[spring-test-6.1.8.jar:6.1.8]
	at org.springframework.test.context.junit.jupiter.SpringExtension.postProcessTestInstance(SpringExtension.java:163) ~[spring-test-6.1.8.jar:6.1.8]
	at org.junit.jupiter.engine.descriptor.ClassBasedTestDescriptor.lambda$invokeTestInstancePostProcessors$10(ClassBasedTestDescriptor.java:378) ~[junit-jupiter-engine-5.10.2.jar:5.10.2]
	at org.junit.jupiter.engine.descriptor.ClassBasedTestDescriptor.executeAndMaskThrowable(ClassBasedTestDescriptor.java:383) ~[junit-jupiter-engine-5.10.2.jar:5.10.2]
	at org.junit.jupiter.engine.descriptor.ClassBasedTestDescriptor.lambda$invokeTestInstancePostProcessors$11(ClassBasedTestDescriptor.java:378) ~[junit-jupiter-engine-5.10.2.jar:5.10.2]
	at java.base/java.util.stream.ReferencePipeline$3$1.accept(ReferencePipeline.java:197) ~[na:na]
	at java.base/java.util.stream.ReferencePipeline$2$1.accept(ReferencePipeline.java:179) ~[na:na]
	at java.base/java.util.ArrayList$ArrayListSpliterator.forEachRemaining(ArrayList.java:1708) ~[na:na]
	at java.base/java.util.stream.AbstractPipeline.copyInto(AbstractPipeline.java:509) ~[na:na]
	at java.base/java.util.stream.AbstractPipeline.wrapAndCopyInto(AbstractPipeline.java:499) ~[na:na]
	at java.base/java.util.stream.StreamSpliterators$WrappingSpliterator.forEachRemaining(StreamSpliterators.java:310) ~[na:na]
	at java.base/java.util.stream.Streams$ConcatSpliterator.forEachRemaining(Streams.java:735) ~[na:na]
	at java.base/java.util.stream.Streams$ConcatSpliterator.forEachRemaining(Streams.java:734) ~[na:na]
	at java.base/java.util.stream.ReferencePipeline$Head.forEach(ReferencePipeline.java:762) ~[na:na]
	at org.junit.jupiter.engine.descriptor.ClassBasedTestDescriptor.invokeTestInstancePostProcessors(ClassBasedTestDescriptor.java:377) ~[junit-jupiter-engine-5.10.2.jar:5.10.2]
	at org.junit.jupiter.engine.descriptor.ClassBasedTestDescriptor.lambda$instantiateAndPostProcessTestInstance$6(ClassBasedTestDescriptor.java:290) ~[junit-jupiter-engine-5.10.2.jar:5.10.2]
	at org.junit.platform.engine.support.hierarchical.ThrowableCollector.execute(ThrowableCollector.java:73) ~[junit-platform-engine-1.10.2.jar:1.10.2]
	at org.junit.jupiter.engine.descriptor.ClassBasedTestDescriptor.instantiateAndPostProcessTestInstance(ClassBasedTestDescriptor.java:289) ~[junit-jupiter-engine-5.10.2.jar:5.10.2]
	at org.junit.jupiter.engine.descriptor.ClassBasedTestDescriptor.lambda$testInstancesProvider$4(ClassBasedTestDescriptor.java:279) ~[junit-jupiter-engine-5.10.2.jar:5.10.2]
	at java.base/java.util.Optional.orElseGet(Optional.java:364) ~[na:na]
	at org.junit.jupiter.engine.descriptor.ClassBasedTestDescriptor.lambda$testInstancesProvider$5(ClassBasedTestDescriptor.java:278) ~[junit-jupiter-engine-5.10.2.jar:5.10.2]
	at org.junit.jupiter.engine.execution.TestInstancesProvider.getTestInstances(TestInstancesProvider.java:31) ~[junit-jupiter-engine-5.10.2.jar:5.10.2]
	at org.junit.jupiter.engine.descriptor.TestMethodTestDescriptor.lambda$prepare$0(TestMethodTestDescriptor.java:106) ~[junit-jupiter-engine-5.10.2.jar:5.10.2]
	at org.junit.platform.engine.support.hierarchical.ThrowableCollector.execute(ThrowableCollector.java:73) ~[junit-platform-engine-1.10.2.jar:1.10.2]
	at org.junit.jupiter.engine.descriptor.TestMethodTestDescriptor.prepare(TestMethodTestDescriptor.java:105) ~[junit-jupiter-engine-5.10.2.jar:5.10.2]
	at org.junit.jupiter.engine.descriptor.TestMethodTestDescriptor.prepare(TestMethodTestDescriptor.java:69) ~[junit-jupiter-engine-5.10.2.jar:5.10.2]
	at org.junit.platform.engine.support.hierarchical.NodeTestTask.lambda$prepare$2(NodeTestTask.java:123) ~[junit-platform-engine-1.10.2.jar:1.10.2]
	at org.junit.platform.engine.support.hierarchical.ThrowableCollector.execute(ThrowableCollector.java:73) ~[junit-platform-engine-1.10.2.jar:1.10.2]
	at org.junit.platform.engine.support.hierarchical.NodeTestTask.prepare(NodeTestTask.java:123) ~[junit-platform-engine-1.10.2.jar:1.10.2]
	at org.junit.platform.engine.support.hierarchical.NodeTestTask.execute(NodeTestTask.java:90) ~[junit-platform-engine-1.10.2.jar:1.10.2]
	at java.base/java.util.ArrayList.forEach(ArrayList.java:1596) ~[na:na]
	at org.junit.platform.engine.support.hierarchical.SameThreadHierarchicalTestExecutorService.invokeAll(SameThreadHierarchicalTestExecutorService.java:41) ~[junit-platform-engine-1.10.2.jar:1.10.2]
	at org.junit.platform.engine.support.hierarchical.NodeTestTask.lambda$executeRecursively$6(NodeTestTask.java:155) ~[junit-platform-engine-1.10.2.jar:1.10.2]
	at org.junit.platform.engine.support.hierarchical.ThrowableCollector.execute(ThrowableCollector.java:73) ~[junit-platform-engine-1.10.2.jar:1.10.2]
	at org.junit.platform.engine.support.hierarchical.NodeTestTask.lambda$executeRecursively$8(NodeTestTask.java:141) ~[junit-platform-engine-1.10.2.jar:1.10.2]
	at org.junit.platform.engine.support.hierarchical.Node.around(Node.java:137) ~[junit-platform-engine-1.10.2.jar:1.10.2]
	at org.junit.platform.engine.support.hierarchical.NodeTestTask.lambda$executeRecursively$9(NodeTestTask.java:139) ~[junit-platform-engine-1.10.2.jar:1.10.2]
	at org.junit.platform.engine.support.hierarchical.ThrowableCollector.execute(ThrowableCollector.java:73) ~[junit-platform-engine-1.10.2.jar:1.10.2]
	at org.junit.platform.engine.support.hierarchical.NodeTestTask.executeRecursively(NodeTestTask.java:138) ~[junit-platform-engine-1.10.2.jar:1.10.2]
	at org.junit.platform.engine.support.hierarchical.NodeTestTask.execute(NodeTestTask.java:95) ~[junit-platform-engine-1.10.2.jar:1.10.2]
	at java.base/java.util.ArrayList.forEach(ArrayList.java:1596) ~[na:na]
	at org.junit.platform.engine.support.hierarchical.SameThreadHierarchicalTestExecutorService.invokeAll(SameThreadHierarchicalTestExecutorService.java:41) ~[junit-platform-engine-1.10.2.jar:1.10.2]
	at org.junit.platform.engine.support.hierarchical.NodeTestTask.lambda$executeRecursively$6(NodeTestTask.java:155) ~[junit-platform-engine-1.10.2.jar:1.10.2]
	at org.junit.platform.engine.support.hierarchical.ThrowableCollector.execute(ThrowableCollector.java:73) ~[junit-platform-engine-1.10.2.jar:1.10.2]
	at org.junit.platform.engine.support.hierarchical.NodeTestTask.lambda$executeRecursively$8(NodeTestTask.java:141) ~[junit-platform-engine-1.10.2.jar:1.10.2]
	at org.junit.platform.engine.support.hierarchical.Node.around(Node.java:137) ~[junit-platform-engine-1.10.2.jar:1.10.2]
	at org.junit.platform.engine.support.hierarchical.NodeTestTask.lambda$executeRecursively$9(NodeTestTask.java:139) ~[junit-platform-engine-1.10.2.jar:1.10.2]
	at org.junit.platform.engine.support.hierarchical.ThrowableCollector.execute(ThrowableCollector.java:73) ~[junit-platform-engine-1.10.2.jar:1.10.2]
	at org.junit.platform.engine.support.hierarchical.NodeTestTask.executeRecursively(NodeTestTask.java:138) ~[junit-platform-engine-1.10.2.jar:1.10.2]
	at org.junit.platform.engine.support.hierarchical.NodeTestTask.execute(NodeTestTask.java:95) ~[junit-platform-engine-1.10.2.jar:1.10.2]
	at org.junit.platform.engine.support.hierarchical.SameThreadHierarchicalTestExecutorService.submit(SameThreadHierarchicalTestExecutorService.java:35) ~[junit-platform-engine-1.10.2.jar:1.10.2]
	at org.junit.platform.engine.support.hierarchical.HierarchicalTestExecutor.execute(HierarchicalTestExecutor.java:57) ~[junit-platform-engine-1.10.2.jar:1.10.2]
	at org.junit.platform.engine.support.hierarchical.HierarchicalTestEngine.execute(HierarchicalTestEngine.java:54) ~[junit-platform-engine-1.10.2.jar:1.10.2]
	at org.junit.platform.launcher.core.EngineExecutionOrchestrator.execute(EngineExecutionOrchestrator.java:198) ~[junit-platform-launcher-1.10.2.jar:1.10.2]
	at org.junit.platform.launcher.core.EngineExecutionOrchestrator.execute(EngineExecutionOrchestrator.java:169) ~[junit-platform-launcher-1.10.2.jar:1.10.2]
	at org.junit.platform.launcher.core.EngineExecutionOrchestrator.execute(EngineExecutionOrchestrator.java:93) ~[junit-platform-launcher-1.10.2.jar:1.10.2]
	at org.junit.platform.launcher.core.EngineExecutionOrchestrator.lambda$execute$0(EngineExecutionOrchestrator.java:58) ~[junit-platform-launcher-1.10.2.jar:1.10.2]
	at org.junit.platform.launcher.core.EngineExecutionOrchestrator.withInterceptedStreams(EngineExecutionOrchestrator.java:141) ~[junit-platform-launcher-1.10.2.jar:1.10.2]
	at org.junit.platform.launcher.core.EngineExecutionOrchestrator.execute(EngineExecutionOrchestrator.java:57) ~[junit-platform-launcher-1.10.2.jar:1.10.2]
	at org.junit.platform.launcher.core.DefaultLauncher.execute(DefaultLauncher.java:103) ~[junit-platform-launcher-1.10.2.jar:1.10.2]
	at org.junit.platform.launcher.core.DefaultLauncher.execute(DefaultLauncher.java:85) ~[junit-platform-launcher-1.10.2.jar:1.10.2]
	at org.junit.platform.launcher.core.DelegatingLauncher.execute(DelegatingLauncher.java:47) ~[junit-platform-launcher-1.10.2.jar:1.10.2]
	at org.apache.maven.surefire.junitplatform.LazyLauncher.execute(LazyLauncher.java:56) ~[surefire-junit-platform-3.2.5.jar:3.2.5]
	at org.apache.maven.surefire.junitplatform.JUnitPlatformProvider.execute(JUnitPlatformProvider.java:184) ~[surefire-junit-platform-3.2.5.jar:3.2.5]
	at org.apache.maven.surefire.junitplatform.JUnitPlatformProvider.invokeAllTests(JUnitPlatformProvider.java:148) ~[surefire-junit-platform-3.2.5.jar:3.2.5]
	at org.apache.maven.surefire.junitplatform.JUnitPlatformProvider.invoke(JUnitPlatformProvider.java:122) ~[surefire-junit-platform-3.2.5.jar:3.2.5]
	at org.apache.maven.surefire.booter.ForkedBooter.runSuitesInProcess(ForkedBooter.java:385) ~[surefire-booter-3.2.5.jar:3.2.5]
	at org.apache.maven.surefire.booter.ForkedBooter.execute(ForkedBooter.java:162) ~[surefire-booter-3.2.5.jar:3.2.5]
	at org.apache.maven.surefire.booter.ForkedBooter.run(ForkedBooter.java:507) ~[surefire-booter-3.2.5.jar:3.2.5]
	at org.apache.maven.surefire.booter.ForkedBooter.main(ForkedBooter.java:495) ~[surefire-booter-3.2.5.jar:3.2.5]

2024-06-12T14:28:34.715+03:00 DEBUG 12012 --- [URL Shortener] [           main] o.s.d.jpa.repository.query.NamedQuery    : Did not find named query UrlProfile.deleteUrlProfileByShortUrl
2024-06-12T14:28:34.715+03:00 DEBUG 12012 --- [URL Shortener] [           main] tor$SharedEntityManagerInvocationHandler : Creating new EntityManager for shared EntityManager invocation
2024-06-12T14:28:34.716+03:00 DEBUG 12012 --- [URL Shortener] [           main] o.s.d.jpa.repository.query.NamedQuery    : Looking up named query UrlProfile.findByShortUrl
2024-06-12T14:28:34.716+03:00 DEBUG 12012 --- [URL Shortener] [           main] cResourceLocalTransactionCoordinatorImpl : JDBC transaction marked for rollback-only (exception provided for stack trace)

java.lang.Exception: exception just for purpose of providing stack trace
	at org.hibernate.resource.transaction.backend.jdbc.internal.JdbcResourceLocalTransactionCoordinatorImpl$TransactionDriverControlImpl.markRollbackOnly(JdbcResourceLocalTransactionCoordinatorImpl.java:309) ~[hibernate-core-6.5.2.Final.jar:6.5.2.Final]
	at org.hibernate.internal.AbstractSharedSessionContract.buildNamedQuery(AbstractSharedSessionContract.java:1109) ~[hibernate-core-6.5.2.Final.jar:6.5.2.Final]
	at org.hibernate.internal.AbstractSharedSessionContract.createNamedQuery(AbstractSharedSessionContract.java:987) ~[hibernate-core-6.5.2.Final.jar:6.5.2.Final]
	at org.hibernate.internal.AbstractSharedSessionContract.createNamedQuery(AbstractSharedSessionContract.java:140) ~[hibernate-core-6.5.2.Final.jar:6.5.2.Final]
	at java.base/jdk.internal.reflect.DirectMethodHandleAccessor.invoke(DirectMethodHandleAccessor.java:103) ~[na:na]
	at java.base/java.lang.reflect.Method.invoke(Method.java:580) ~[na:na]
	at org.springframework.orm.jpa.ExtendedEntityManagerCreator$ExtendedEntityManagerInvocationHandler.invoke(ExtendedEntityManagerCreator.java:364) ~[spring-orm-6.1.8.jar:6.1.8]
	at jdk.proxy2/jdk.proxy2.$Proxy174.createNamedQuery(Unknown Source) ~[na:na]
	at org.springframework.data.jpa.repository.query.NamedQuery.hasNamedQuery(NamedQuery.java:112) ~[spring-data-jpa-3.3.0.jar:3.3.0]
	at org.springframework.data.jpa.repository.query.NamedQuery.lookupFrom(NamedQuery.java:138) ~[spring-data-jpa-3.3.0.jar:3.3.0]
	at org.springframework.data.jpa.repository.query.JpaQueryLookupStrategy$DeclaredQueryLookupStrategy.resolveQuery(JpaQueryLookupStrategy.java:180) ~[spring-data-jpa-3.3.0.jar:3.3.0]
	at org.springframework.data.jpa.repository.query.JpaQueryLookupStrategy$CreateIfNotFoundQueryLookupStrategy.resolveQuery(JpaQueryLookupStrategy.java:252) ~[spring-data-jpa-3.3.0.jar:3.3.0]
	at org.springframework.data.jpa.repository.query.JpaQueryLookupStrategy$AbstractQueryLookupStrategy.resolveQuery(JpaQueryLookupStrategy.java:95) ~[spring-data-jpa-3.3.0.jar:3.3.0]
	at org.springframework.data.repository.core.support.QueryExecutorMethodInterceptor.lookupQuery(QueryExecutorMethodInterceptor.java:111) ~[spring-data-commons-3.3.0.jar:3.3.0]
	at org.springframework.data.repository.core.support.QueryExecutorMethodInterceptor.mapMethodsToQuery(QueryExecutorMethodInterceptor.java:99) ~[spring-data-commons-3.3.0.jar:3.3.0]
	at org.springframework.data.repository.core.support.QueryExecutorMethodInterceptor.lambda$new$0(QueryExecutorMethodInterceptor.java:88) ~[spring-data-commons-3.3.0.jar:3.3.0]
	at java.base/java.util.Optional.map(Optional.java:260) ~[na:na]
	at org.springframework.data.repository.core.support.QueryExecutorMethodInterceptor.<init>(QueryExecutorMethodInterceptor.java:88) ~[spring-data-commons-3.3.0.jar:3.3.0]
	at org.springframework.data.repository.core.support.RepositoryFactorySupport.getRepository(RepositoryFactorySupport.java:357) ~[spring-data-commons-3.3.0.jar:3.3.0]
	at org.springframework.data.repository.core.support.RepositoryFactoryBeanSupport.lambda$afterPropertiesSet$5(RepositoryFactoryBeanSupport.java:286) ~[spring-data-commons-3.3.0.jar:3.3.0]
	at org.springframework.data.util.Lazy.getNullable(Lazy.java:135) ~[spring-data-commons-3.3.0.jar:3.3.0]
	at org.springframework.data.util.Lazy.get(Lazy.java:113) ~[spring-data-commons-3.3.0.jar:3.3.0]
	at org.springframework.data.repository.core.support.RepositoryFactoryBeanSupport.afterPropertiesSet(RepositoryFactoryBeanSupport.java:292) ~[spring-data-commons-3.3.0.jar:3.3.0]
	at org.springframework.data.jpa.repository.support.JpaRepositoryFactoryBean.afterPropertiesSet(JpaRepositoryFactoryBean.java:132) ~[spring-data-jpa-3.3.0.jar:3.3.0]
	at org.springframework.beans.factory.support.AbstractAutowireCapableBeanFactory.invokeInitMethods(AbstractAutowireCapableBeanFactory.java:1835) ~[spring-beans-6.1.8.jar:6.1.8]
	at org.springframework.beans.factory.support.AbstractAutowireCapableBeanFactory.initializeBean(AbstractAutowireCapableBeanFactory.java:1784) ~[spring-beans-6.1.8.jar:6.1.8]
	at org.springframework.beans.factory.support.AbstractAutowireCapableBeanFactory.doCreateBean(AbstractAutowireCapableBeanFactory.java:600) ~[spring-beans-6.1.8.jar:6.1.8]
	at org.springframework.beans.factory.support.AbstractAutowireCapableBeanFactory.createBean(AbstractAutowireCapableBeanFactory.java:522) ~[spring-beans-6.1.8.jar:6.1.8]
	at org.springframework.beans.factory.support.AbstractBeanFactory.lambda$doGetBean$0(AbstractBeanFactory.java:337) ~[spring-beans-6.1.8.jar:6.1.8]
	at org.springframework.beans.factory.support.DefaultSingletonBeanRegistry.getSingleton(DefaultSingletonBeanRegistry.java:234) ~[spring-beans-6.1.8.jar:6.1.8]
	at org.springframework.beans.factory.support.AbstractBeanFactory.doGetBean(AbstractBeanFactory.java:335) ~[spring-beans-6.1.8.jar:6.1.8]
	at org.springframework.beans.factory.support.AbstractBeanFactory.getBean(AbstractBeanFactory.java:200) ~[spring-beans-6.1.8.jar:6.1.8]
	at org.springframework.beans.factory.config.DependencyDescriptor.resolveCandidate(DependencyDescriptor.java:254) ~[spring-beans-6.1.8.jar:6.1.8]
	at org.springframework.beans.factory.support.DefaultListableBeanFactory.doResolveDependency(DefaultListableBeanFactory.java:1443) ~[spring-beans-6.1.8.jar:6.1.8]
	at org.springframework.beans.factory.support.DefaultListableBeanFactory.resolveDependency(DefaultListableBeanFactory.java:1353) ~[spring-beans-6.1.8.jar:6.1.8]
	at org.springframework.beans.factory.support.ConstructorResolver.resolveAutowiredArgument(ConstructorResolver.java:904) ~[spring-beans-6.1.8.jar:6.1.8]
	at org.springframework.beans.factory.support.ConstructorResolver.createArgumentArray(ConstructorResolver.java:782) ~[spring-beans-6.1.8.jar:6.1.8]
	at org.springframework.beans.factory.support.ConstructorResolver.autowireConstructor(ConstructorResolver.java:237) ~[spring-beans-6.1.8.jar:6.1.8]
	at org.springframework.beans.factory.support.AbstractAutowireCapableBeanFactory.autowireConstructor(AbstractAutowireCapableBeanFactory.java:1357) ~[spring-beans-6.1.8.jar:6.1.8]
	at org.springframework.beans.factory.support.AbstractAutowireCapableBeanFactory.createBeanInstance(AbstractAutowireCapableBeanFactory.java:1194) ~[spring-beans-6.1.8.jar:6.1.8]
	at org.springframework.beans.factory.support.AbstractAutowireCapableBeanFactory.doCreateBean(AbstractAutowireCapableBeanFactory.java:562) ~[spring-beans-6.1.8.jar:6.1.8]
	at org.springframework.beans.factory.support.AbstractAutowireCapableBeanFactory.createBean(AbstractAutowireCapableBeanFactory.java:522) ~[spring-beans-6.1.8.jar:6.1.8]
	at org.springframework.beans.factory.support.AbstractBeanFactory.lambda$doGetBean$0(AbstractBeanFactory.java:337) ~[spring-beans-6.1.8.jar:6.1.8]
	at org.springframework.beans.factory.support.DefaultSingletonBeanRegistry.getSingleton(DefaultSingletonBeanRegistry.java:234) ~[spring-beans-6.1.8.jar:6.1.8]
	at org.springframework.beans.factory.support.AbstractBeanFactory.doGetBean(AbstractBeanFactory.java:335) ~[spring-beans-6.1.8.jar:6.1.8]
	at org.springframework.beans.factory.support.AbstractBeanFactory.getBean(AbstractBeanFactory.java:200) ~[spring-beans-6.1.8.jar:6.1.8]
	at org.springframework.beans.factory.config.DependencyDescriptor.resolveCandidate(DependencyDescriptor.java:254) ~[spring-beans-6.1.8.jar:6.1.8]
	at org.springframework.beans.factory.support.DefaultListableBeanFactory.doResolveDependency(DefaultListableBeanFactory.java:1443) ~[spring-beans-6.1.8.jar:6.1.8]
	at org.springframework.beans.factory.support.DefaultListableBeanFactory.resolveDependency(DefaultListableBeanFactory.java:1353) ~[spring-beans-6.1.8.jar:6.1.8]
	at org.springframework.beans.factory.support.ConstructorResolver.resolveAutowiredArgument(ConstructorResolver.java:904) ~[spring-beans-6.1.8.jar:6.1.8]
	at org.springframework.beans.factory.support.ConstructorResolver.createArgumentArray(ConstructorResolver.java:782) ~[spring-beans-6.1.8.jar:6.1.8]
	at org.springframework.beans.factory.support.ConstructorResolver.autowireConstructor(ConstructorResolver.java:237) ~[spring-beans-6.1.8.jar:6.1.8]
	at org.springframework.beans.factory.support.AbstractAutowireCapableBeanFactory.autowireConstructor(AbstractAutowireCapableBeanFactory.java:1357) ~[spring-beans-6.1.8.jar:6.1.8]
	at org.springframework.beans.factory.support.AbstractAutowireCapableBeanFactory.createBeanInstance(AbstractAutowireCapableBeanFactory.java:1194) ~[spring-beans-6.1.8.jar:6.1.8]
	at org.springframework.beans.factory.support.AbstractAutowireCapableBeanFactory.doCreateBean(AbstractAutowireCapableBeanFactory.java:562) ~[spring-beans-6.1.8.jar:6.1.8]
	at org.springframework.beans.factory.support.AbstractAutowireCapableBeanFactory.createBean(AbstractAutowireCapableBeanFactory.java:522) ~[spring-beans-6.1.8.jar:6.1.8]
	at org.springframework.beans.factory.support.AbstractBeanFactory.lambda$doGetBean$0(AbstractBeanFactory.java:337) ~[spring-beans-6.1.8.jar:6.1.8]
	at org.springframework.beans.factory.support.DefaultSingletonBeanRegistry.getSingleton(DefaultSingletonBeanRegistry.java:234) ~[spring-beans-6.1.8.jar:6.1.8]
	at org.springframework.beans.factory.support.AbstractBeanFactory.doGetBean(AbstractBeanFactory.java:335) ~[spring-beans-6.1.8.jar:6.1.8]
	at org.springframework.beans.factory.support.AbstractBeanFactory.getBean(AbstractBeanFactory.java:200) ~[spring-beans-6.1.8.jar:6.1.8]
	at org.springframework.beans.factory.support.DefaultListableBeanFactory.preInstantiateSingletons(DefaultListableBeanFactory.java:975) ~[spring-beans-6.1.8.jar:6.1.8]
	at org.springframework.context.support.AbstractApplicationContext.finishBeanFactoryInitialization(AbstractApplicationContext.java:962) ~[spring-context-6.1.8.jar:6.1.8]
	at org.springframework.context.support.AbstractApplicationContext.refresh(AbstractApplicationContext.java:624) ~[spring-context-6.1.8.jar:6.1.8]
	at org.springframework.boot.SpringApplication.refresh(SpringApplication.java:754) ~[spring-boot-3.3.0.jar:3.3.0]
	at org.springframework.boot.SpringApplication.refreshContext(SpringApplication.java:456) ~[spring-boot-3.3.0.jar:3.3.0]
	at org.springframework.boot.SpringApplication.run(SpringApplication.java:335) ~[spring-boot-3.3.0.jar:3.3.0]
	at org.springframework.boot.test.context.SpringBootContextLoader.lambda$loadContext$3(SpringBootContextLoader.java:137) ~[spring-boot-test-3.3.0.jar:3.3.0]
	at org.springframework.util.function.ThrowingSupplier.get(ThrowingSupplier.java:58) ~[spring-core-6.1.8.jar:6.1.8]
	at org.springframework.util.function.ThrowingSupplier.get(ThrowingSupplier.java:46) ~[spring-core-6.1.8.jar:6.1.8]
	at org.springframework.boot.SpringApplication.withHook(SpringApplication.java:1463) ~[spring-boot-3.3.0.jar:3.3.0]
	at org.springframework.boot.test.context.SpringBootContextLoader$ContextLoaderHook.run(SpringBootContextLoader.java:553) ~[spring-boot-test-3.3.0.jar:3.3.0]
	at org.springframework.boot.test.context.SpringBootContextLoader.loadContext(SpringBootContextLoader.java:137) ~[spring-boot-test-3.3.0.jar:3.3.0]
	at org.springframework.boot.test.context.SpringBootContextLoader.loadContext(SpringBootContextLoader.java:108) ~[spring-boot-test-3.3.0.jar:3.3.0]
	at org.springframework.test.context.cache.DefaultCacheAwareContextLoaderDelegate.loadContextInternal(DefaultCacheAwareContextLoaderDelegate.java:225) ~[spring-test-6.1.8.jar:6.1.8]
	at org.springframework.test.context.cache.DefaultCacheAwareContextLoaderDelegate.loadContext(DefaultCacheAwareContextLoaderDelegate.java:152) ~[spring-test-6.1.8.jar:6.1.8]
	at org.springframework.test.context.support.DefaultTestContext.getApplicationContext(DefaultTestContext.java:130) ~[spring-test-6.1.8.jar:6.1.8]
	at org.springframework.test.context.web.ServletTestExecutionListener.setUpRequestContextIfNecessary(ServletTestExecutionListener.java:191) ~[spring-test-6.1.8.jar:6.1.8]
	at org.springframework.test.context.web.ServletTestExecutionListener.prepareTestInstance(ServletTestExecutionListener.java:130) ~[spring-test-6.1.8.jar:6.1.8]
	at org.springframework.test.context.TestContextManager.prepareTestInstance(TestContextManager.java:260) ~[spring-test-6.1.8.jar:6.1.8]
	at org.springframework.test.context.junit.jupiter.SpringExtension.postProcessTestInstance(SpringExtension.java:163) ~[spring-test-6.1.8.jar:6.1.8]
	at org.junit.jupiter.engine.descriptor.ClassBasedTestDescriptor.lambda$invokeTestInstancePostProcessors$10(ClassBasedTestDescriptor.java:378) ~[junit-jupiter-engine-5.10.2.jar:5.10.2]
	at org.junit.jupiter.engine.descriptor.ClassBasedTestDescriptor.executeAndMaskThrowable(ClassBasedTestDescriptor.java:383) ~[junit-jupiter-engine-5.10.2.jar:5.10.2]
	at org.junit.jupiter.engine.descriptor.ClassBasedTestDescriptor.lambda$invokeTestInstancePostProcessors$11(ClassBasedTestDescriptor.java:378) ~[junit-jupiter-engine-5.10.2.jar:5.10.2]
	at java.base/java.util.stream.ReferencePipeline$3$1.accept(ReferencePipeline.java:197) ~[na:na]
	at java.base/java.util.stream.ReferencePipeline$2$1.accept(ReferencePipeline.java:179) ~[na:na]
	at java.base/java.util.ArrayList$ArrayListSpliterator.forEachRemaining(ArrayList.java:1708) ~[na:na]
	at java.base/java.util.stream.AbstractPipeline.copyInto(AbstractPipeline.java:509) ~[na:na]
	at java.base/java.util.stream.AbstractPipeline.wrapAndCopyInto(AbstractPipeline.java:499) ~[na:na]
	at java.base/java.util.stream.StreamSpliterators$WrappingSpliterator.forEachRemaining(StreamSpliterators.java:310) ~[na:na]
	at java.base/java.util.stream.Streams$ConcatSpliterator.forEachRemaining(Streams.java:735) ~[na:na]
	at java.base/java.util.stream.Streams$ConcatSpliterator.forEachRemaining(Streams.java:734) ~[na:na]
	at java.base/java.util.stream.ReferencePipeline$Head.forEach(ReferencePipeline.java:762) ~[na:na]
	at org.junit.jupiter.engine.descriptor.ClassBasedTestDescriptor.invokeTestInstancePostProcessors(ClassBasedTestDescriptor.java:377) ~[junit-jupiter-engine-5.10.2.jar:5.10.2]
	at org.junit.jupiter.engine.descriptor.ClassBasedTestDescriptor.lambda$instantiateAndPostProcessTestInstance$6(ClassBasedTestDescriptor.java:290) ~[junit-jupiter-engine-5.10.2.jar:5.10.2]
	at org.junit.platform.engine.support.hierarchical.ThrowableCollector.execute(ThrowableCollector.java:73) ~[junit-platform-engine-1.10.2.jar:1.10.2]
	at org.junit.jupiter.engine.descriptor.ClassBasedTestDescriptor.instantiateAndPostProcessTestInstance(ClassBasedTestDescriptor.java:289) ~[junit-jupiter-engine-5.10.2.jar:5.10.2]
	at org.junit.jupiter.engine.descriptor.ClassBasedTestDescriptor.lambda$testInstancesProvider$4(ClassBasedTestDescriptor.java:279) ~[junit-jupiter-engine-5.10.2.jar:5.10.2]
	at java.base/java.util.Optional.orElseGet(Optional.java:364) ~[na:na]
	at org.junit.jupiter.engine.descriptor.ClassBasedTestDescriptor.lambda$testInstancesProvider$5(ClassBasedTestDescriptor.java:278) ~[junit-jupiter-engine-5.10.2.jar:5.10.2]
	at org.junit.jupiter.engine.execution.TestInstancesProvider.getTestInstances(TestInstancesProvider.java:31) ~[junit-jupiter-engine-5.10.2.jar:5.10.2]
	at org.junit.jupiter.engine.descriptor.TestMethodTestDescriptor.lambda$prepare$0(TestMethodTestDescriptor.java:106) ~[junit-jupiter-engine-5.10.2.jar:5.10.2]
	at org.junit.platform.engine.support.hierarchical.ThrowableCollector.execute(ThrowableCollector.java:73) ~[junit-platform-engine-1.10.2.jar:1.10.2]
	at org.junit.jupiter.engine.descriptor.TestMethodTestDescriptor.prepare(TestMethodTestDescriptor.java:105) ~[junit-jupiter-engine-5.10.2.jar:5.10.2]
	at org.junit.jupiter.engine.descriptor.TestMethodTestDescriptor.prepare(TestMethodTestDescriptor.java:69) ~[junit-jupiter-engine-5.10.2.jar:5.10.2]
	at org.junit.platform.engine.support.hierarchical.NodeTestTask.lambda$prepare$2(NodeTestTask.java:123) ~[junit-platform-engine-1.10.2.jar:1.10.2]
	at org.junit.platform.engine.support.hierarchical.ThrowableCollector.execute(ThrowableCollector.java:73) ~[junit-platform-engine-1.10.2.jar:1.10.2]
	at org.junit.platform.engine.support.hierarchical.NodeTestTask.prepare(NodeTestTask.java:123) ~[junit-platform-engine-1.10.2.jar:1.10.2]
	at org.junit.platform.engine.support.hierarchical.NodeTestTask.execute(NodeTestTask.java:90) ~[junit-platform-engine-1.10.2.jar:1.10.2]
	at java.base/java.util.ArrayList.forEach(ArrayList.java:1596) ~[na:na]
	at org.junit.platform.engine.support.hierarchical.SameThreadHierarchicalTestExecutorService.invokeAll(SameThreadHierarchicalTestExecutorService.java:41) ~[junit-platform-engine-1.10.2.jar:1.10.2]
	at org.junit.platform.engine.support.hierarchical.NodeTestTask.lambda$executeRecursively$6(NodeTestTask.java:155) ~[junit-platform-engine-1.10.2.jar:1.10.2]
	at org.junit.platform.engine.support.hierarchical.ThrowableCollector.execute(ThrowableCollector.java:73) ~[junit-platform-engine-1.10.2.jar:1.10.2]
	at org.junit.platform.engine.support.hierarchical.NodeTestTask.lambda$executeRecursively$8(NodeTestTask.java:141) ~[junit-platform-engine-1.10.2.jar:1.10.2]
	at org.junit.platform.engine.support.hierarchical.Node.around(Node.java:137) ~[junit-platform-engine-1.10.2.jar:1.10.2]
	at org.junit.platform.engine.support.hierarchical.NodeTestTask.lambda$executeRecursively$9(NodeTestTask.java:139) ~[junit-platform-engine-1.10.2.jar:1.10.2]
	at org.junit.platform.engine.support.hierarchical.ThrowableCollector.execute(ThrowableCollector.java:73) ~[junit-platform-engine-1.10.2.jar:1.10.2]
	at org.junit.platform.engine.support.hierarchical.NodeTestTask.executeRecursively(NodeTestTask.java:138) ~[junit-platform-engine-1.10.2.jar:1.10.2]
	at org.junit.platform.engine.support.hierarchical.NodeTestTask.execute(NodeTestTask.java:95) ~[junit-platform-engine-1.10.2.jar:1.10.2]
	at java.base/java.util.ArrayList.forEach(ArrayList.java:1596) ~[na:na]
	at org.junit.platform.engine.support.hierarchical.SameThreadHierarchicalTestExecutorService.invokeAll(SameThreadHierarchicalTestExecutorService.java:41) ~[junit-platform-engine-1.10.2.jar:1.10.2]
	at org.junit.platform.engine.support.hierarchical.NodeTestTask.lambda$executeRecursively$6(NodeTestTask.java:155) ~[junit-platform-engine-1.10.2.jar:1.10.2]
	at org.junit.platform.engine.support.hierarchical.ThrowableCollector.execute(ThrowableCollector.java:73) ~[junit-platform-engine-1.10.2.jar:1.10.2]
	at org.junit.platform.engine.support.hierarchical.NodeTestTask.lambda$executeRecursively$8(NodeTestTask.java:141) ~[junit-platform-engine-1.10.2.jar:1.10.2]
	at org.junit.platform.engine.support.hierarchical.Node.around(Node.java:137) ~[junit-platform-engine-1.10.2.jar:1.10.2]
	at org.junit.platform.engine.support.hierarchical.NodeTestTask.lambda$executeRecursively$9(NodeTestTask.java:139) ~[junit-platform-engine-1.10.2.jar:1.10.2]
	at org.junit.platform.engine.support.hierarchical.ThrowableCollector.execute(ThrowableCollector.java:73) ~[junit-platform-engine-1.10.2.jar:1.10.2]
	at org.junit.platform.engine.support.hierarchical.NodeTestTask.executeRecursively(NodeTestTask.java:138) ~[junit-platform-engine-1.10.2.jar:1.10.2]
	at org.junit.platform.engine.support.hierarchical.NodeTestTask.execute(NodeTestTask.java:95) ~[junit-platform-engine-1.10.2.jar:1.10.2]
	at org.junit.platform.engine.support.hierarchical.SameThreadHierarchicalTestExecutorService.submit(SameThreadHierarchicalTestExecutorService.java:35) ~[junit-platform-engine-1.10.2.jar:1.10.2]
	at org.junit.platform.engine.support.hierarchical.HierarchicalTestExecutor.execute(HierarchicalTestExecutor.java:57) ~[junit-platform-engine-1.10.2.jar:1.10.2]
	at org.junit.platform.engine.support.hierarchical.HierarchicalTestEngine.execute(HierarchicalTestEngine.java:54) ~[junit-platform-engine-1.10.2.jar:1.10.2]
	at org.junit.platform.launcher.core.EngineExecutionOrchestrator.execute(EngineExecutionOrchestrator.java:198) ~[junit-platform-launcher-1.10.2.jar:1.10.2]
	at org.junit.platform.launcher.core.EngineExecutionOrchestrator.execute(EngineExecutionOrchestrator.java:169) ~[junit-platform-launcher-1.10.2.jar:1.10.2]
	at org.junit.platform.launcher.core.EngineExecutionOrchestrator.execute(EngineExecutionOrchestrator.java:93) ~[junit-platform-launcher-1.10.2.jar:1.10.2]
	at org.junit.platform.launcher.core.EngineExecutionOrchestrator.lambda$execute$0(EngineExecutionOrchestrator.java:58) ~[junit-platform-launcher-1.10.2.jar:1.10.2]
	at org.junit.platform.launcher.core.EngineExecutionOrchestrator.withInterceptedStreams(EngineExecutionOrchestrator.java:141) ~[junit-platform-launcher-1.10.2.jar:1.10.2]
	at org.junit.platform.launcher.core.EngineExecutionOrchestrator.execute(EngineExecutionOrchestrator.java:57) ~[junit-platform-launcher-1.10.2.jar:1.10.2]
	at org.junit.platform.launcher.core.DefaultLauncher.execute(DefaultLauncher.java:103) ~[junit-platform-launcher-1.10.2.jar:1.10.2]
	at org.junit.platform.launcher.core.DefaultLauncher.execute(DefaultLauncher.java:85) ~[junit-platform-launcher-1.10.2.jar:1.10.2]
	at org.junit.platform.launcher.core.DelegatingLauncher.execute(DelegatingLauncher.java:47) ~[junit-platform-launcher-1.10.2.jar:1.10.2]
	at org.apache.maven.surefire.junitplatform.LazyLauncher.execute(LazyLauncher.java:56) ~[surefire-junit-platform-3.2.5.jar:3.2.5]
	at org.apache.maven.surefire.junitplatform.JUnitPlatformProvider.execute(JUnitPlatformProvider.java:184) ~[surefire-junit-platform-3.2.5.jar:3.2.5]
	at org.apache.maven.surefire.junitplatform.JUnitPlatformProvider.invokeAllTests(JUnitPlatformProvider.java:148) ~[surefire-junit-platform-3.2.5.jar:3.2.5]
	at org.apache.maven.surefire.junitplatform.JUnitPlatformProvider.invoke(JUnitPlatformProvider.java:122) ~[surefire-junit-platform-3.2.5.jar:3.2.5]
	at org.apache.maven.surefire.booter.ForkedBooter.runSuitesInProcess(ForkedBooter.java:385) ~[surefire-booter-3.2.5.jar:3.2.5]
	at org.apache.maven.surefire.booter.ForkedBooter.execute(ForkedBooter.java:162) ~[surefire-booter-3.2.5.jar:3.2.5]
	at org.apache.maven.surefire.booter.ForkedBooter.run(ForkedBooter.java:507) ~[surefire-booter-3.2.5.jar:3.2.5]
	at org.apache.maven.surefire.booter.ForkedBooter.main(ForkedBooter.java:495) ~[surefire-booter-3.2.5.jar:3.2.5]

2024-06-12T14:28:34.718+03:00 DEBUG 12012 --- [URL Shortener] [           main] o.s.d.jpa.repository.query.NamedQuery    : Did not find named query UrlProfile.findByShortUrl
2024-06-12T14:28:34.718+03:00 DEBUG 12012 --- [URL Shortener] [           main] tor$SharedEntityManagerInvocationHandler : Creating new EntityManager for shared EntityManager invocation
2024-06-12T14:28:34.719+03:00 DEBUG 12012 --- [URL Shortener] [           main] o.s.d.jpa.repository.query.NamedQuery    : Looking up named query UrlProfile.existsByShortUrl
2024-06-12T14:28:34.720+03:00 DEBUG 12012 --- [URL Shortener] [           main] cResourceLocalTransactionCoordinatorImpl : JDBC transaction marked for rollback-only (exception provided for stack trace)

java.lang.Exception: exception just for purpose of providing stack trace
	at org.hibernate.resource.transaction.backend.jdbc.internal.JdbcResourceLocalTransactionCoordinatorImpl$TransactionDriverControlImpl.markRollbackOnly(JdbcResourceLocalTransactionCoordinatorImpl.java:309) ~[hibernate-core-6.5.2.Final.jar:6.5.2.Final]
	at org.hibernate.internal.AbstractSharedSessionContract.buildNamedQuery(AbstractSharedSessionContract.java:1109) ~[hibernate-core-6.5.2.Final.jar:6.5.2.Final]
	at org.hibernate.internal.AbstractSharedSessionContract.createNamedQuery(AbstractSharedSessionContract.java:987) ~[hibernate-core-6.5.2.Final.jar:6.5.2.Final]
	at org.hibernate.internal.AbstractSharedSessionContract.createNamedQuery(AbstractSharedSessionContract.java:140) ~[hibernate-core-6.5.2.Final.jar:6.5.2.Final]
	at java.base/jdk.internal.reflect.DirectMethodHandleAccessor.invoke(DirectMethodHandleAccessor.java:103) ~[na:na]
	at java.base/java.lang.reflect.Method.invoke(Method.java:580) ~[na:na]
	at org.springframework.orm.jpa.ExtendedEntityManagerCreator$ExtendedEntityManagerInvocationHandler.invoke(ExtendedEntityManagerCreator.java:364) ~[spring-orm-6.1.8.jar:6.1.8]
	at jdk.proxy2/jdk.proxy2.$Proxy174.createNamedQuery(Unknown Source) ~[na:na]
	at org.springframework.data.jpa.repository.query.NamedQuery.hasNamedQuery(NamedQuery.java:112) ~[spring-data-jpa-3.3.0.jar:3.3.0]
	at org.springframework.data.jpa.repository.query.NamedQuery.lookupFrom(NamedQuery.java:138) ~[spring-data-jpa-3.3.0.jar:3.3.0]
	at org.springframework.data.jpa.repository.query.JpaQueryLookupStrategy$DeclaredQueryLookupStrategy.resolveQuery(JpaQueryLookupStrategy.java:180) ~[spring-data-jpa-3.3.0.jar:3.3.0]
	at org.springframework.data.jpa.repository.query.JpaQueryLookupStrategy$CreateIfNotFoundQueryLookupStrategy.resolveQuery(JpaQueryLookupStrategy.java:252) ~[spring-data-jpa-3.3.0.jar:3.3.0]
	at org.springframework.data.jpa.repository.query.JpaQueryLookupStrategy$AbstractQueryLookupStrategy.resolveQuery(JpaQueryLookupStrategy.java:95) ~[spring-data-jpa-3.3.0.jar:3.3.0]
	at org.springframework.data.repository.core.support.QueryExecutorMethodInterceptor.lookupQuery(QueryExecutorMethodInterceptor.java:111) ~[spring-data-commons-3.3.0.jar:3.3.0]
	at org.springframework.data.repository.core.support.QueryExecutorMethodInterceptor.mapMethodsToQuery(QueryExecutorMethodInterceptor.java:99) ~[spring-data-commons-3.3.0.jar:3.3.0]
	at org.springframework.data.repository.core.support.QueryExecutorMethodInterceptor.lambda$new$0(QueryExecutorMethodInterceptor.java:88) ~[spring-data-commons-3.3.0.jar:3.3.0]
	at java.base/java.util.Optional.map(Optional.java:260) ~[na:na]
	at org.springframework.data.repository.core.support.QueryExecutorMethodInterceptor.<init>(QueryExecutorMethodInterceptor.java:88) ~[spring-data-commons-3.3.0.jar:3.3.0]
	at org.springframework.data.repository.core.support.RepositoryFactorySupport.getRepository(RepositoryFactorySupport.java:357) ~[spring-data-commons-3.3.0.jar:3.3.0]
	at org.springframework.data.repository.core.support.RepositoryFactoryBeanSupport.lambda$afterPropertiesSet$5(RepositoryFactoryBeanSupport.java:286) ~[spring-data-commons-3.3.0.jar:3.3.0]
	at org.springframework.data.util.Lazy.getNullable(Lazy.java:135) ~[spring-data-commons-3.3.0.jar:3.3.0]
	at org.springframework.data.util.Lazy.get(Lazy.java:113) ~[spring-data-commons-3.3.0.jar:3.3.0]
	at org.springframework.data.repository.core.support.RepositoryFactoryBeanSupport.afterPropertiesSet(RepositoryFactoryBeanSupport.java:292) ~[spring-data-commons-3.3.0.jar:3.3.0]
	at org.springframework.data.jpa.repository.support.JpaRepositoryFactoryBean.afterPropertiesSet(JpaRepositoryFactoryBean.java:132) ~[spring-data-jpa-3.3.0.jar:3.3.0]
	at org.springframework.beans.factory.support.AbstractAutowireCapableBeanFactory.invokeInitMethods(AbstractAutowireCapableBeanFactory.java:1835) ~[spring-beans-6.1.8.jar:6.1.8]
	at org.springframework.beans.factory.support.AbstractAutowireCapableBeanFactory.initializeBean(AbstractAutowireCapableBeanFactory.java:1784) ~[spring-beans-6.1.8.jar:6.1.8]
	at org.springframework.beans.factory.support.AbstractAutowireCapableBeanFactory.doCreateBean(AbstractAutowireCapableBeanFactory.java:600) ~[spring-beans-6.1.8.jar:6.1.8]
	at org.springframework.beans.factory.support.AbstractAutowireCapableBeanFactory.createBean(AbstractAutowireCapableBeanFactory.java:522) ~[spring-beans-6.1.8.jar:6.1.8]
	at org.springframework.beans.factory.support.AbstractBeanFactory.lambda$doGetBean$0(AbstractBeanFactory.java:337) ~[spring-beans-6.1.8.jar:6.1.8]
	at org.springframework.beans.factory.support.DefaultSingletonBeanRegistry.getSingleton(DefaultSingletonBeanRegistry.java:234) ~[spring-beans-6.1.8.jar:6.1.8]
	at org.springframework.beans.factory.support.AbstractBeanFactory.doGetBean(AbstractBeanFactory.java:335) ~[spring-beans-6.1.8.jar:6.1.8]
	at org.springframework.beans.factory.support.AbstractBeanFactory.getBean(AbstractBeanFactory.java:200) ~[spring-beans-6.1.8.jar:6.1.8]
	at org.springframework.beans.factory.config.DependencyDescriptor.resolveCandidate(DependencyDescriptor.java:254) ~[spring-beans-6.1.8.jar:6.1.8]
	at org.springframework.beans.factory.support.DefaultListableBeanFactory.doResolveDependency(DefaultListableBeanFactory.java:1443) ~[spring-beans-6.1.8.jar:6.1.8]
	at org.springframework.beans.factory.support.DefaultListableBeanFactory.resolveDependency(DefaultListableBeanFactory.java:1353) ~[spring-beans-6.1.8.jar:6.1.8]
	at org.springframework.beans.factory.support.ConstructorResolver.resolveAutowiredArgument(ConstructorResolver.java:904) ~[spring-beans-6.1.8.jar:6.1.8]
	at org.springframework.beans.factory.support.ConstructorResolver.createArgumentArray(ConstructorResolver.java:782) ~[spring-beans-6.1.8.jar:6.1.8]
	at org.springframework.beans.factory.support.ConstructorResolver.autowireConstructor(ConstructorResolver.java:237) ~[spring-beans-6.1.8.jar:6.1.8]
	at org.springframework.beans.factory.support.AbstractAutowireCapableBeanFactory.autowireConstructor(AbstractAutowireCapableBeanFactory.java:1357) ~[spring-beans-6.1.8.jar:6.1.8]
	at org.springframework.beans.factory.support.AbstractAutowireCapableBeanFactory.createBeanInstance(AbstractAutowireCapableBeanFactory.java:1194) ~[spring-beans-6.1.8.jar:6.1.8]
	at org.springframework.beans.factory.support.AbstractAutowireCapableBeanFactory.doCreateBean(AbstractAutowireCapableBeanFactory.java:562) ~[spring-beans-6.1.8.jar:6.1.8]
	at org.springframework.beans.factory.support.AbstractAutowireCapableBeanFactory.createBean(AbstractAutowireCapableBeanFactory.java:522) ~[spring-beans-6.1.8.jar:6.1.8]
	at org.springframework.beans.factory.support.AbstractBeanFactory.lambda$doGetBean$0(AbstractBeanFactory.java:337) ~[spring-beans-6.1.8.jar:6.1.8]
	at org.springframework.beans.factory.support.DefaultSingletonBeanRegistry.getSingleton(DefaultSingletonBeanRegistry.java:234) ~[spring-beans-6.1.8.jar:6.1.8]
	at org.springframework.beans.factory.support.AbstractBeanFactory.doGetBean(AbstractBeanFactory.java:335) ~[spring-beans-6.1.8.jar:6.1.8]
	at org.springframework.beans.factory.support.AbstractBeanFactory.getBean(AbstractBeanFactory.java:200) ~[spring-beans-6.1.8.jar:6.1.8]
	at org.springframework.beans.factory.config.DependencyDescriptor.resolveCandidate(DependencyDescriptor.java:254) ~[spring-beans-6.1.8.jar:6.1.8]
	at org.springframework.beans.factory.support.DefaultListableBeanFactory.doResolveDependency(DefaultListableBeanFactory.java:1443) ~[spring-beans-6.1.8.jar:6.1.8]
	at org.springframework.beans.factory.support.DefaultListableBeanFactory.resolveDependency(DefaultListableBeanFactory.java:1353) ~[spring-beans-6.1.8.jar:6.1.8]
	at org.springframework.beans.factory.support.ConstructorResolver.resolveAutowiredArgument(ConstructorResolver.java:904) ~[spring-beans-6.1.8.jar:6.1.8]
	at org.springframework.beans.factory.support.ConstructorResolver.createArgumentArray(ConstructorResolver.java:782) ~[spring-beans-6.1.8.jar:6.1.8]
	at org.springframework.beans.factory.support.ConstructorResolver.autowireConstructor(ConstructorResolver.java:237) ~[spring-beans-6.1.8.jar:6.1.8]
	at org.springframework.beans.factory.support.AbstractAutowireCapableBeanFactory.autowireConstructor(AbstractAutowireCapableBeanFactory.java:1357) ~[spring-beans-6.1.8.jar:6.1.8]
	at org.springframework.beans.factory.support.AbstractAutowireCapableBeanFactory.createBeanInstance(AbstractAutowireCapableBeanFactory.java:1194) ~[spring-beans-6.1.8.jar:6.1.8]
	at org.springframework.beans.factory.support.AbstractAutowireCapableBeanFactory.doCreateBean(AbstractAutowireCapableBeanFactory.java:562) ~[spring-beans-6.1.8.jar:6.1.8]
	at org.springframework.beans.factory.support.AbstractAutowireCapableBeanFactory.createBean(AbstractAutowireCapableBeanFactory.java:522) ~[spring-beans-6.1.8.jar:6.1.8]
	at org.springframework.beans.factory.support.AbstractBeanFactory.lambda$doGetBean$0(AbstractBeanFactory.java:337) ~[spring-beans-6.1.8.jar:6.1.8]
	at org.springframework.beans.factory.support.DefaultSingletonBeanRegistry.getSingleton(DefaultSingletonBeanRegistry.java:234) ~[spring-beans-6.1.8.jar:6.1.8]
	at org.springframework.beans.factory.support.AbstractBeanFactory.doGetBean(AbstractBeanFactory.java:335) ~[spring-beans-6.1.8.jar:6.1.8]
	at org.springframework.beans.factory.support.AbstractBeanFactory.getBean(AbstractBeanFactory.java:200) ~[spring-beans-6.1.8.jar:6.1.8]
	at org.springframework.beans.factory.support.DefaultListableBeanFactory.preInstantiateSingletons(DefaultListableBeanFactory.java:975) ~[spring-beans-6.1.8.jar:6.1.8]
	at org.springframework.context.support.AbstractApplicationContext.finishBeanFactoryInitialization(AbstractApplicationContext.java:962) ~[spring-context-6.1.8.jar:6.1.8]
	at org.springframework.context.support.AbstractApplicationContext.refresh(AbstractApplicationContext.java:624) ~[spring-context-6.1.8.jar:6.1.8]
	at org.springframework.boot.SpringApplication.refresh(SpringApplication.java:754) ~[spring-boot-3.3.0.jar:3.3.0]
	at org.springframework.boot.SpringApplication.refreshContext(SpringApplication.java:456) ~[spring-boot-3.3.0.jar:3.3.0]
	at org.springframework.boot.SpringApplication.run(SpringApplication.java:335) ~[spring-boot-3.3.0.jar:3.3.0]
	at org.springframework.boot.test.context.SpringBootContextLoader.lambda$loadContext$3(SpringBootContextLoader.java:137) ~[spring-boot-test-3.3.0.jar:3.3.0]
	at org.springframework.util.function.ThrowingSupplier.get(ThrowingSupplier.java:58) ~[spring-core-6.1.8.jar:6.1.8]
	at org.springframework.util.function.ThrowingSupplier.get(ThrowingSupplier.java:46) ~[spring-core-6.1.8.jar:6.1.8]
	at org.springframework.boot.SpringApplication.withHook(SpringApplication.java:1463) ~[spring-boot-3.3.0.jar:3.3.0]
	at org.springframework.boot.test.context.SpringBootContextLoader$ContextLoaderHook.run(SpringBootContextLoader.java:553) ~[spring-boot-test-3.3.0.jar:3.3.0]
	at org.springframework.boot.test.context.SpringBootContextLoader.loadContext(SpringBootContextLoader.java:137) ~[spring-boot-test-3.3.0.jar:3.3.0]
	at org.springframework.boot.test.context.SpringBootContextLoader.loadContext(SpringBootContextLoader.java:108) ~[spring-boot-test-3.3.0.jar:3.3.0]
	at org.springframework.test.context.cache.DefaultCacheAwareContextLoaderDelegate.loadContextInternal(DefaultCacheAwareContextLoaderDelegate.java:225) ~[spring-test-6.1.8.jar:6.1.8]
	at org.springframework.test.context.cache.DefaultCacheAwareContextLoaderDelegate.loadContext(DefaultCacheAwareContextLoaderDelegate.java:152) ~[spring-test-6.1.8.jar:6.1.8]
	at org.springframework.test.context.support.DefaultTestContext.getApplicationContext(DefaultTestContext.java:130) ~[spring-test-6.1.8.jar:6.1.8]
	at org.springframework.test.context.web.ServletTestExecutionListener.setUpRequestContextIfNecessary(ServletTestExecutionListener.java:191) ~[spring-test-6.1.8.jar:6.1.8]
	at org.springframework.test.context.web.ServletTestExecutionListener.prepareTestInstance(ServletTestExecutionListener.java:130) ~[spring-test-6.1.8.jar:6.1.8]
	at org.springframework.test.context.TestContextManager.prepareTestInstance(TestContextManager.java:260) ~[spring-test-6.1.8.jar:6.1.8]
	at org.springframework.test.context.junit.jupiter.SpringExtension.postProcessTestInstance(SpringExtension.java:163) ~[spring-test-6.1.8.jar:6.1.8]
	at org.junit.jupiter.engine.descriptor.ClassBasedTestDescriptor.lambda$invokeTestInstancePostProcessors$10(ClassBasedTestDescriptor.java:378) ~[junit-jupiter-engine-5.10.2.jar:5.10.2]
	at org.junit.jupiter.engine.descriptor.ClassBasedTestDescriptor.executeAndMaskThrowable(ClassBasedTestDescriptor.java:383) ~[junit-jupiter-engine-5.10.2.jar:5.10.2]
	at org.junit.jupiter.engine.descriptor.ClassBasedTestDescriptor.lambda$invokeTestInstancePostProcessors$11(ClassBasedTestDescriptor.java:378) ~[junit-jupiter-engine-5.10.2.jar:5.10.2]
	at java.base/java.util.stream.ReferencePipeline$3$1.accept(ReferencePipeline.java:197) ~[na:na]
	at java.base/java.util.stream.ReferencePipeline$2$1.accept(ReferencePipeline.java:179) ~[na:na]
	at java.base/java.util.ArrayList$ArrayListSpliterator.forEachRemaining(ArrayList.java:1708) ~[na:na]
	at java.base/java.util.stream.AbstractPipeline.copyInto(AbstractPipeline.java:509) ~[na:na]
	at java.base/java.util.stream.AbstractPipeline.wrapAndCopyInto(AbstractPipeline.java:499) ~[na:na]
	at java.base/java.util.stream.StreamSpliterators$WrappingSpliterator.forEachRemaining(StreamSpliterators.java:310) ~[na:na]
	at java.base/java.util.stream.Streams$ConcatSpliterator.forEachRemaining(Streams.java:735) ~[na:na]
	at java.base/java.util.stream.Streams$ConcatSpliterator.forEachRemaining(Streams.java:734) ~[na:na]
	at java.base/java.util.stream.ReferencePipeline$Head.forEach(ReferencePipeline.java:762) ~[na:na]
	at org.junit.jupiter.engine.descriptor.ClassBasedTestDescriptor.invokeTestInstancePostProcessors(ClassBasedTestDescriptor.java:377) ~[junit-jupiter-engine-5.10.2.jar:5.10.2]
	at org.junit.jupiter.engine.descriptor.ClassBasedTestDescriptor.lambda$instantiateAndPostProcessTestInstance$6(ClassBasedTestDescriptor.java:290) ~[junit-jupiter-engine-5.10.2.jar:5.10.2]
	at org.junit.platform.engine.support.hierarchical.ThrowableCollector.execute(ThrowableCollector.java:73) ~[junit-platform-engine-1.10.2.jar:1.10.2]
	at org.junit.jupiter.engine.descriptor.ClassBasedTestDescriptor.instantiateAndPostProcessTestInstance(ClassBasedTestDescriptor.java:289) ~[junit-jupiter-engine-5.10.2.jar:5.10.2]
	at org.junit.jupiter.engine.descriptor.ClassBasedTestDescriptor.lambda$testInstancesProvider$4(ClassBasedTestDescriptor.java:279) ~[junit-jupiter-engine-5.10.2.jar:5.10.2]
	at java.base/java.util.Optional.orElseGet(Optional.java:364) ~[na:na]
	at org.junit.jupiter.engine.descriptor.ClassBasedTestDescriptor.lambda$testInstancesProvider$5(ClassBasedTestDescriptor.java:278) ~[junit-jupiter-engine-5.10.2.jar:5.10.2]
	at org.junit.jupiter.engine.execution.TestInstancesProvider.getTestInstances(TestInstancesProvider.java:31) ~[junit-jupiter-engine-5.10.2.jar:5.10.2]
	at org.junit.jupiter.engine.descriptor.TestMethodTestDescriptor.lambda$prepare$0(TestMethodTestDescriptor.java:106) ~[junit-jupiter-engine-5.10.2.jar:5.10.2]
	at org.junit.platform.engine.support.hierarchical.ThrowableCollector.execute(ThrowableCollector.java:73) ~[junit-platform-engine-1.10.2.jar:1.10.2]
	at org.junit.jupiter.engine.descriptor.TestMethodTestDescriptor.prepare(TestMethodTestDescriptor.java:105) ~[junit-jupiter-engine-5.10.2.jar:5.10.2]
	at org.junit.jupiter.engine.descriptor.TestMethodTestDescriptor.prepare(TestMethodTestDescriptor.java:69) ~[junit-jupiter-engine-5.10.2.jar:5.10.2]
	at org.junit.platform.engine.support.hierarchical.NodeTestTask.lambda$prepare$2(NodeTestTask.java:123) ~[junit-platform-engine-1.10.2.jar:1.10.2]
	at org.junit.platform.engine.support.hierarchical.ThrowableCollector.execute(ThrowableCollector.java:73) ~[junit-platform-engine-1.10.2.jar:1.10.2]
	at org.junit.platform.engine.support.hierarchical.NodeTestTask.prepare(NodeTestTask.java:123) ~[junit-platform-engine-1.10.2.jar:1.10.2]
	at org.junit.platform.engine.support.hierarchical.NodeTestTask.execute(NodeTestTask.java:90) ~[junit-platform-engine-1.10.2.jar:1.10.2]
	at java.base/java.util.ArrayList.forEach(ArrayList.java:1596) ~[na:na]
	at org.junit.platform.engine.support.hierarchical.SameThreadHierarchicalTestExecutorService.invokeAll(SameThreadHierarchicalTestExecutorService.java:41) ~[junit-platform-engine-1.10.2.jar:1.10.2]
	at org.junit.platform.engine.support.hierarchical.NodeTestTask.lambda$executeRecursively$6(NodeTestTask.java:155) ~[junit-platform-engine-1.10.2.jar:1.10.2]
	at org.junit.platform.engine.support.hierarchical.ThrowableCollector.execute(ThrowableCollector.java:73) ~[junit-platform-engine-1.10.2.jar:1.10.2]
	at org.junit.platform.engine.support.hierarchical.NodeTestTask.lambda$executeRecursively$8(NodeTestTask.java:141) ~[junit-platform-engine-1.10.2.jar:1.10.2]
	at org.junit.platform.engine.support.hierarchical.Node.around(Node.java:137) ~[junit-platform-engine-1.10.2.jar:1.10.2]
	at org.junit.platform.engine.support.hierarchical.NodeTestTask.lambda$executeRecursively$9(NodeTestTask.java:139) ~[junit-platform-engine-1.10.2.jar:1.10.2]
	at org.junit.platform.engine.support.hierarchical.ThrowableCollector.execute(ThrowableCollector.java:73) ~[junit-platform-engine-1.10.2.jar:1.10.2]
	at org.junit.platform.engine.support.hierarchical.NodeTestTask.executeRecursively(NodeTestTask.java:138) ~[junit-platform-engine-1.10.2.jar:1.10.2]
	at org.junit.platform.engine.support.hierarchical.NodeTestTask.execute(NodeTestTask.java:95) ~[junit-platform-engine-1.10.2.jar:1.10.2]
	at java.base/java.util.ArrayList.forEach(ArrayList.java:1596) ~[na:na]
	at org.junit.platform.engine.support.hierarchical.SameThreadHierarchicalTestExecutorService.invokeAll(SameThreadHierarchicalTestExecutorService.java:41) ~[junit-platform-engine-1.10.2.jar:1.10.2]
	at org.junit.platform.engine.support.hierarchical.NodeTestTask.lambda$executeRecursively$6(NodeTestTask.java:155) ~[junit-platform-engine-1.10.2.jar:1.10.2]
	at org.junit.platform.engine.support.hierarchical.ThrowableCollector.execute(ThrowableCollector.java:73) ~[junit-platform-engine-1.10.2.jar:1.10.2]
	at org.junit.platform.engine.support.hierarchical.NodeTestTask.lambda$executeRecursively$8(NodeTestTask.java:141) ~[junit-platform-engine-1.10.2.jar:1.10.2]
	at org.junit.platform.engine.support.hierarchical.Node.around(Node.java:137) ~[junit-platform-engine-1.10.2.jar:1.10.2]
	at org.junit.platform.engine.support.hierarchical.NodeTestTask.lambda$executeRecursively$9(NodeTestTask.java:139) ~[junit-platform-engine-1.10.2.jar:1.10.2]
	at org.junit.platform.engine.support.hierarchical.ThrowableCollector.execute(ThrowableCollector.java:73) ~[junit-platform-engine-1.10.2.jar:1.10.2]
	at org.junit.platform.engine.support.hierarchical.NodeTestTask.executeRecursively(NodeTestTask.java:138) ~[junit-platform-engine-1.10.2.jar:1.10.2]
	at org.junit.platform.engine.support.hierarchical.NodeTestTask.execute(NodeTestTask.java:95) ~[junit-platform-engine-1.10.2.jar:1.10.2]
	at org.junit.platform.engine.support.hierarchical.SameThreadHierarchicalTestExecutorService.submit(SameThreadHierarchicalTestExecutorService.java:35) ~[junit-platform-engine-1.10.2.jar:1.10.2]
	at org.junit.platform.engine.support.hierarchical.HierarchicalTestExecutor.execute(HierarchicalTestExecutor.java:57) ~[junit-platform-engine-1.10.2.jar:1.10.2]
	at org.junit.platform.engine.support.hierarchical.HierarchicalTestEngine.execute(HierarchicalTestEngine.java:54) ~[junit-platform-engine-1.10.2.jar:1.10.2]
	at org.junit.platform.launcher.core.EngineExecutionOrchestrator.execute(EngineExecutionOrchestrator.java:198) ~[junit-platform-launcher-1.10.2.jar:1.10.2]
	at org.junit.platform.launcher.core.EngineExecutionOrchestrator.execute(EngineExecutionOrchestrator.java:169) ~[junit-platform-launcher-1.10.2.jar:1.10.2]
	at org.junit.platform.launcher.core.EngineExecutionOrchestrator.execute(EngineExecutionOrchestrator.java:93) ~[junit-platform-launcher-1.10.2.jar:1.10.2]
	at org.junit.platform.launcher.core.EngineExecutionOrchestrator.lambda$execute$0(EngineExecutionOrchestrator.java:58) ~[junit-platform-launcher-1.10.2.jar:1.10.2]
	at org.junit.platform.launcher.core.EngineExecutionOrchestrator.withInterceptedStreams(EngineExecutionOrchestrator.java:141) ~[junit-platform-launcher-1.10.2.jar:1.10.2]
	at org.junit.platform.launcher.core.EngineExecutionOrchestrator.execute(EngineExecutionOrchestrator.java:57) ~[junit-platform-launcher-1.10.2.jar:1.10.2]
	at org.junit.platform.launcher.core.DefaultLauncher.execute(DefaultLauncher.java:103) ~[junit-platform-launcher-1.10.2.jar:1.10.2]
	at org.junit.platform.launcher.core.DefaultLauncher.execute(DefaultLauncher.java:85) ~[junit-platform-launcher-1.10.2.jar:1.10.2]
	at org.junit.platform.launcher.core.DelegatingLauncher.execute(DelegatingLauncher.java:47) ~[junit-platform-launcher-1.10.2.jar:1.10.2]
	at org.apache.maven.surefire.junitplatform.LazyLauncher.execute(LazyLauncher.java:56) ~[surefire-junit-platform-3.2.5.jar:3.2.5]
	at org.apache.maven.surefire.junitplatform.JUnitPlatformProvider.execute(JUnitPlatformProvider.java:184) ~[surefire-junit-platform-3.2.5.jar:3.2.5]
	at org.apache.maven.surefire.junitplatform.JUnitPlatformProvider.invokeAllTests(JUnitPlatformProvider.java:148) ~[surefire-junit-platform-3.2.5.jar:3.2.5]
	at org.apache.maven.surefire.junitplatform.JUnitPlatformProvider.invoke(JUnitPlatformProvider.java:122) ~[surefire-junit-platform-3.2.5.jar:3.2.5]
	at org.apache.maven.surefire.booter.ForkedBooter.runSuitesInProcess(ForkedBooter.java:385) ~[surefire-booter-3.2.5.jar:3.2.5]
	at org.apache.maven.surefire.booter.ForkedBooter.execute(ForkedBooter.java:162) ~[surefire-booter-3.2.5.jar:3.2.5]
	at org.apache.maven.surefire.booter.ForkedBooter.run(ForkedBooter.java:507) ~[surefire-booter-3.2.5.jar:3.2.5]
	at org.apache.maven.surefire.booter.ForkedBooter.main(ForkedBooter.java:495) ~[surefire-booter-3.2.5.jar:3.2.5]

2024-06-12T14:28:34.721+03:00 DEBUG 12012 --- [URL Shortener] [           main] o.s.d.jpa.repository.query.NamedQuery    : Did not find named query UrlProfile.existsByShortUrl
2024-06-12T14:28:34.721+03:00 DEBUG 12012 --- [URL Shortener] [           main] tor$SharedEntityManagerInvocationHandler : Creating new EntityManager for shared EntityManager invocation
2024-06-12T14:28:34.733+03:00  INFO 12012 --- [URL Shortener] [           main] o.s.d.j.r.query.QueryEnhancerFactory     : Hibernate is in classpath; If applicable, HQL parser will be used.
2024-06-12T14:28:34.958+03:00 DEBUG 12012 --- [URL Shortener] [           main] cResourceLocalTransactionCoordinatorImpl : JDBC transaction marked for rollback-only (exception provided for stack trace)

java.lang.Exception: exception just for purpose of providing stack trace
	at org.hibernate.resource.transaction.backend.jdbc.internal.JdbcResourceLocalTransactionCoordinatorImpl$TransactionDriverControlImpl.markRollbackOnly(JdbcResourceLocalTransactionCoordinatorImpl.java:309) ~[hibernate-core-6.5.2.Final.jar:6.5.2.Final]
	at org.hibernate.internal.AbstractSharedSessionContract.buildNamedQuery(AbstractSharedSessionContract.java:1109) ~[hibernate-core-6.5.2.Final.jar:6.5.2.Final]
	at org.hibernate.internal.AbstractSharedSessionContract.createNamedQuery(AbstractSharedSessionContract.java:987) ~[hibernate-core-6.5.2.Final.jar:6.5.2.Final]
	at org.hibernate.internal.AbstractSharedSessionContract.createNamedQuery(AbstractSharedSessionContract.java:140) ~[hibernate-core-6.5.2.Final.jar:6.5.2.Final]
	at java.base/jdk.internal.reflect.DirectMethodHandleAccessor.invoke(DirectMethodHandleAccessor.java:103) ~[na:na]
	at java.base/java.lang.reflect.Method.invoke(Method.java:580) ~[na:na]
	at org.springframework.orm.jpa.ExtendedEntityManagerCreator$ExtendedEntityManagerInvocationHandler.invoke(ExtendedEntityManagerCreator.java:364) ~[spring-orm-6.1.8.jar:6.1.8]
	at jdk.proxy2/jdk.proxy2.$Proxy174.createNamedQuery(Unknown Source) ~[na:na]
	at org.springframework.data.jpa.repository.query.NamedQuery.hasNamedQuery(NamedQuery.java:112) ~[spring-data-jpa-3.3.0.jar:3.3.0]
	at org.springframework.data.jpa.repository.query.JpaQueryLookupStrategy$DeclaredQueryLookupStrategy.getCountQuery(JpaQueryLookupStrategy.java:204) ~[spring-data-jpa-3.3.0.jar:3.3.0]
	at org.springframework.data.jpa.repository.query.JpaQueryLookupStrategy$DeclaredQueryLookupStrategy.resolveQuery(JpaQueryLookupStrategy.java:171) ~[spring-data-jpa-3.3.0.jar:3.3.0]
	at org.springframework.data.jpa.repository.query.JpaQueryLookupStrategy$CreateIfNotFoundQueryLookupStrategy.resolveQuery(JpaQueryLookupStrategy.java:252) ~[spring-data-jpa-3.3.0.jar:3.3.0]
	at org.springframework.data.jpa.repository.query.JpaQueryLookupStrategy$AbstractQueryLookupStrategy.resolveQuery(JpaQueryLookupStrategy.java:95) ~[spring-data-jpa-3.3.0.jar:3.3.0]
	at org.springframework.data.repository.core.support.QueryExecutorMethodInterceptor.lookupQuery(QueryExecutorMethodInterceptor.java:111) ~[spring-data-commons-3.3.0.jar:3.3.0]
	at org.springframework.data.repository.core.support.QueryExecutorMethodInterceptor.mapMethodsToQuery(QueryExecutorMethodInterceptor.java:99) ~[spring-data-commons-3.3.0.jar:3.3.0]
	at org.springframework.data.repository.core.support.QueryExecutorMethodInterceptor.lambda$new$0(QueryExecutorMethodInterceptor.java:88) ~[spring-data-commons-3.3.0.jar:3.3.0]
	at java.base/java.util.Optional.map(Optional.java:260) ~[na:na]
	at org.springframework.data.repository.core.support.QueryExecutorMethodInterceptor.<init>(QueryExecutorMethodInterceptor.java:88) ~[spring-data-commons-3.3.0.jar:3.3.0]
	at org.springframework.data.repository.core.support.RepositoryFactorySupport.getRepository(RepositoryFactorySupport.java:357) ~[spring-data-commons-3.3.0.jar:3.3.0]
	at org.springframework.data.repository.core.support.RepositoryFactoryBeanSupport.lambda$afterPropertiesSet$5(RepositoryFactoryBeanSupport.java:286) ~[spring-data-commons-3.3.0.jar:3.3.0]
	at org.springframework.data.util.Lazy.getNullable(Lazy.java:135) ~[spring-data-commons-3.3.0.jar:3.3.0]
	at org.springframework.data.util.Lazy.get(Lazy.java:113) ~[spring-data-commons-3.3.0.jar:3.3.0]
	at org.springframework.data.repository.core.support.RepositoryFactoryBeanSupport.afterPropertiesSet(RepositoryFactoryBeanSupport.java:292) ~[spring-data-commons-3.3.0.jar:3.3.0]
	at org.springframework.data.jpa.repository.support.JpaRepositoryFactoryBean.afterPropertiesSet(JpaRepositoryFactoryBean.java:132) ~[spring-data-jpa-3.3.0.jar:3.3.0]
	at org.springframework.beans.factory.support.AbstractAutowireCapableBeanFactory.invokeInitMethods(AbstractAutowireCapableBeanFactory.java:1835) ~[spring-beans-6.1.8.jar:6.1.8]
	at org.springframework.beans.factory.support.AbstractAutowireCapableBeanFactory.initializeBean(AbstractAutowireCapableBeanFactory.java:1784) ~[spring-beans-6.1.8.jar:6.1.8]
	at org.springframework.beans.factory.support.AbstractAutowireCapableBeanFactory.doCreateBean(AbstractAutowireCapableBeanFactory.java:600) ~[spring-beans-6.1.8.jar:6.1.8]
	at org.springframework.beans.factory.support.AbstractAutowireCapableBeanFactory.createBean(AbstractAutowireCapableBeanFactory.java:522) ~[spring-beans-6.1.8.jar:6.1.8]
	at org.springframework.beans.factory.support.AbstractBeanFactory.lambda$doGetBean$0(AbstractBeanFactory.java:337) ~[spring-beans-6.1.8.jar:6.1.8]
	at org.springframework.beans.factory.support.DefaultSingletonBeanRegistry.getSingleton(DefaultSingletonBeanRegistry.java:234) ~[spring-beans-6.1.8.jar:6.1.8]
	at org.springframework.beans.factory.support.AbstractBeanFactory.doGetBean(AbstractBeanFactory.java:335) ~[spring-beans-6.1.8.jar:6.1.8]
	at org.springframework.beans.factory.support.AbstractBeanFactory.getBean(AbstractBeanFactory.java:200) ~[spring-beans-6.1.8.jar:6.1.8]
	at org.springframework.beans.factory.config.DependencyDescriptor.resolveCandidate(DependencyDescriptor.java:254) ~[spring-beans-6.1.8.jar:6.1.8]
	at org.springframework.beans.factory.support.DefaultListableBeanFactory.doResolveDependency(DefaultListableBeanFactory.java:1443) ~[spring-beans-6.1.8.jar:6.1.8]
	at org.springframework.beans.factory.support.DefaultListableBeanFactory.resolveDependency(DefaultListableBeanFactory.java:1353) ~[spring-beans-6.1.8.jar:6.1.8]
	at org.springframework.beans.factory.support.ConstructorResolver.resolveAutowiredArgument(ConstructorResolver.java:904) ~[spring-beans-6.1.8.jar:6.1.8]
	at org.springframework.beans.factory.support.ConstructorResolver.createArgumentArray(ConstructorResolver.java:782) ~[spring-beans-6.1.8.jar:6.1.8]
	at org.springframework.beans.factory.support.ConstructorResolver.autowireConstructor(ConstructorResolver.java:237) ~[spring-beans-6.1.8.jar:6.1.8]
	at org.springframework.beans.factory.support.AbstractAutowireCapableBeanFactory.autowireConstructor(AbstractAutowireCapableBeanFactory.java:1357) ~[spring-beans-6.1.8.jar:6.1.8]
	at org.springframework.beans.factory.support.AbstractAutowireCapableBeanFactory.createBeanInstance(AbstractAutowireCapableBeanFactory.java:1194) ~[spring-beans-6.1.8.jar:6.1.8]
	at org.springframework.beans.factory.support.AbstractAutowireCapableBeanFactory.doCreateBean(AbstractAutowireCapableBeanFactory.java:562) ~[spring-beans-6.1.8.jar:6.1.8]
	at org.springframework.beans.factory.support.AbstractAutowireCapableBeanFactory.createBean(AbstractAutowireCapableBeanFactory.java:522) ~[spring-beans-6.1.8.jar:6.1.8]
	at org.springframework.beans.factory.support.AbstractBeanFactory.lambda$doGetBean$0(AbstractBeanFactory.java:337) ~[spring-beans-6.1.8.jar:6.1.8]
	at org.springframework.beans.factory.support.DefaultSingletonBeanRegistry.getSingleton(DefaultSingletonBeanRegistry.java:234) ~[spring-beans-6.1.8.jar:6.1.8]
	at org.springframework.beans.factory.support.AbstractBeanFactory.doGetBean(AbstractBeanFactory.java:335) ~[spring-beans-6.1.8.jar:6.1.8]
	at org.springframework.beans.factory.support.AbstractBeanFactory.getBean(AbstractBeanFactory.java:200) ~[spring-beans-6.1.8.jar:6.1.8]
	at org.springframework.beans.factory.config.DependencyDescriptor.resolveCandidate(DependencyDescriptor.java:254) ~[spring-beans-6.1.8.jar:6.1.8]
	at org.springframework.beans.factory.support.DefaultListableBeanFactory.doResolveDependency(DefaultListableBeanFactory.java:1443) ~[spring-beans-6.1.8.jar:6.1.8]
	at org.springframework.beans.factory.support.DefaultListableBeanFactory.resolveDependency(DefaultListableBeanFactory.java:1353) ~[spring-beans-6.1.8.jar:6.1.8]
	at org.springframework.beans.factory.support.ConstructorResolver.resolveAutowiredArgument(ConstructorResolver.java:904) ~[spring-beans-6.1.8.jar:6.1.8]
	at org.springframework.beans.factory.support.ConstructorResolver.createArgumentArray(ConstructorResolver.java:782) ~[spring-beans-6.1.8.jar:6.1.8]
	at org.springframework.beans.factory.support.ConstructorResolver.autowireConstructor(ConstructorResolver.java:237) ~[spring-beans-6.1.8.jar:6.1.8]
	at org.springframework.beans.factory.support.AbstractAutowireCapableBeanFactory.autowireConstructor(AbstractAutowireCapableBeanFactory.java:1357) ~[spring-beans-6.1.8.jar:6.1.8]
	at org.springframework.beans.factory.support.AbstractAutowireCapableBeanFactory.createBeanInstance(AbstractAutowireCapableBeanFactory.java:1194) ~[spring-beans-6.1.8.jar:6.1.8]
	at org.springframework.beans.factory.support.AbstractAutowireCapableBeanFactory.doCreateBean(AbstractAutowireCapableBeanFactory.java:562) ~[spring-beans-6.1.8.jar:6.1.8]
	at org.springframework.beans.factory.support.AbstractAutowireCapableBeanFactory.createBean(AbstractAutowireCapableBeanFactory.java:522) ~[spring-beans-6.1.8.jar:6.1.8]
	at org.springframework.beans.factory.support.AbstractBeanFactory.lambda$doGetBean$0(AbstractBeanFactory.java:337) ~[spring-beans-6.1.8.jar:6.1.8]
	at org.springframework.beans.factory.support.DefaultSingletonBeanRegistry.getSingleton(DefaultSingletonBeanRegistry.java:234) ~[spring-beans-6.1.8.jar:6.1.8]
	at org.springframework.beans.factory.support.AbstractBeanFactory.doGetBean(AbstractBeanFactory.java:335) ~[spring-beans-6.1.8.jar:6.1.8]
	at org.springframework.beans.factory.support.AbstractBeanFactory.getBean(AbstractBeanFactory.java:200) ~[spring-beans-6.1.8.jar:6.1.8]
	at org.springframework.beans.factory.support.DefaultListableBeanFactory.preInstantiateSingletons(DefaultListableBeanFactory.java:975) ~[spring-beans-6.1.8.jar:6.1.8]
	at org.springframework.context.support.AbstractApplicationContext.finishBeanFactoryInitialization(AbstractApplicationContext.java:962) ~[spring-context-6.1.8.jar:6.1.8]
	at org.springframework.context.support.AbstractApplicationContext.refresh(AbstractApplicationContext.java:624) ~[spring-context-6.1.8.jar:6.1.8]
	at org.springframework.boot.SpringApplication.refresh(SpringApplication.java:754) ~[spring-boot-3.3.0.jar:3.3.0]
	at org.springframework.boot.SpringApplication.refreshContext(SpringApplication.java:456) ~[spring-boot-3.3.0.jar:3.3.0]
	at org.springframework.boot.SpringApplication.run(SpringApplication.java:335) ~[spring-boot-3.3.0.jar:3.3.0]
	at org.springframework.boot.test.context.SpringBootContextLoader.lambda$loadContext$3(SpringBootContextLoader.java:137) ~[spring-boot-test-3.3.0.jar:3.3.0]
	at org.springframework.util.function.ThrowingSupplier.get(ThrowingSupplier.java:58) ~[spring-core-6.1.8.jar:6.1.8]
	at org.springframework.util.function.ThrowingSupplier.get(ThrowingSupplier.java:46) ~[spring-core-6.1.8.jar:6.1.8]
	at org.springframework.boot.SpringApplication.withHook(SpringApplication.java:1463) ~[spring-boot-3.3.0.jar:3.3.0]
	at org.springframework.boot.test.context.SpringBootContextLoader$ContextLoaderHook.run(SpringBootContextLoader.java:553) ~[spring-boot-test-3.3.0.jar:3.3.0]
	at org.springframework.boot.test.context.SpringBootContextLoader.loadContext(SpringBootContextLoader.java:137) ~[spring-boot-test-3.3.0.jar:3.3.0]
	at org.springframework.boot.test.context.SpringBootContextLoader.loadContext(SpringBootContextLoader.java:108) ~[spring-boot-test-3.3.0.jar:3.3.0]
	at org.springframework.test.context.cache.DefaultCacheAwareContextLoaderDelegate.loadContextInternal(DefaultCacheAwareContextLoaderDelegate.java:225) ~[spring-test-6.1.8.jar:6.1.8]
	at org.springframework.test.context.cache.DefaultCacheAwareContextLoaderDelegate.loadContext(DefaultCacheAwareContextLoaderDelegate.java:152) ~[spring-test-6.1.8.jar:6.1.8]
	at org.springframework.test.context.support.DefaultTestContext.getApplicationContext(DefaultTestContext.java:130) ~[spring-test-6.1.8.jar:6.1.8]
	at org.springframework.test.context.web.ServletTestExecutionListener.setUpRequestContextIfNecessary(ServletTestExecutionListener.java:191) ~[spring-test-6.1.8.jar:6.1.8]
	at org.springframework.test.context.web.ServletTestExecutionListener.prepareTestInstance(ServletTestExecutionListener.java:130) ~[spring-test-6.1.8.jar:6.1.8]
	at org.springframework.test.context.TestContextManager.prepareTestInstance(TestContextManager.java:260) ~[spring-test-6.1.8.jar:6.1.8]
	at org.springframework.test.context.junit.jupiter.SpringExtension.postProcessTestInstance(SpringExtension.java:163) ~[spring-test-6.1.8.jar:6.1.8]
	at org.junit.jupiter.engine.descriptor.ClassBasedTestDescriptor.lambda$invokeTestInstancePostProcessors$10(ClassBasedTestDescriptor.java:378) ~[junit-jupiter-engine-5.10.2.jar:5.10.2]
	at org.junit.jupiter.engine.descriptor.ClassBasedTestDescriptor.executeAndMaskThrowable(ClassBasedTestDescriptor.java:383) ~[junit-jupiter-engine-5.10.2.jar:5.10.2]
	at org.junit.jupiter.engine.descriptor.ClassBasedTestDescriptor.lambda$invokeTestInstancePostProcessors$11(ClassBasedTestDescriptor.java:378) ~[junit-jupiter-engine-5.10.2.jar:5.10.2]
	at java.base/java.util.stream.ReferencePipeline$3$1.accept(ReferencePipeline.java:197) ~[na:na]
	at java.base/java.util.stream.ReferencePipeline$2$1.accept(ReferencePipeline.java:179) ~[na:na]
	at java.base/java.util.ArrayList$ArrayListSpliterator.forEachRemaining(ArrayList.java:1708) ~[na:na]
	at java.base/java.util.stream.AbstractPipeline.copyInto(AbstractPipeline.java:509) ~[na:na]
	at java.base/java.util.stream.AbstractPipeline.wrapAndCopyInto(AbstractPipeline.java:499) ~[na:na]
	at java.base/java.util.stream.StreamSpliterators$WrappingSpliterator.forEachRemaining(StreamSpliterators.java:310) ~[na:na]
	at java.base/java.util.stream.Streams$ConcatSpliterator.forEachRemaining(Streams.java:735) ~[na:na]
	at java.base/java.util.stream.Streams$ConcatSpliterator.forEachRemaining(Streams.java:734) ~[na:na]
	at java.base/java.util.stream.ReferencePipeline$Head.forEach(ReferencePipeline.java:762) ~[na:na]
	at org.junit.jupiter.engine.descriptor.ClassBasedTestDescriptor.invokeTestInstancePostProcessors(ClassBasedTestDescriptor.java:377) ~[junit-jupiter-engine-5.10.2.jar:5.10.2]
	at org.junit.jupiter.engine.descriptor.ClassBasedTestDescriptor.lambda$instantiateAndPostProcessTestInstance$6(ClassBasedTestDescriptor.java:290) ~[junit-jupiter-engine-5.10.2.jar:5.10.2]
	at org.junit.platform.engine.support.hierarchical.ThrowableCollector.execute(ThrowableCollector.java:73) ~[junit-platform-engine-1.10.2.jar:1.10.2]
	at org.junit.jupiter.engine.descriptor.ClassBasedTestDescriptor.instantiateAndPostProcessTestInstance(ClassBasedTestDescriptor.java:289) ~[junit-jupiter-engine-5.10.2.jar:5.10.2]
	at org.junit.jupiter.engine.descriptor.ClassBasedTestDescriptor.lambda$testInstancesProvider$4(ClassBasedTestDescriptor.java:279) ~[junit-jupiter-engine-5.10.2.jar:5.10.2]
	at java.base/java.util.Optional.orElseGet(Optional.java:364) ~[na:na]
	at org.junit.jupiter.engine.descriptor.ClassBasedTestDescriptor.lambda$testInstancesProvider$5(ClassBasedTestDescriptor.java:278) ~[junit-jupiter-engine-5.10.2.jar:5.10.2]
	at org.junit.jupiter.engine.execution.TestInstancesProvider.getTestInstances(TestInstancesProvider.java:31) ~[junit-jupiter-engine-5.10.2.jar:5.10.2]
	at org.junit.jupiter.engine.descriptor.TestMethodTestDescriptor.lambda$prepare$0(TestMethodTestDescriptor.java:106) ~[junit-jupiter-engine-5.10.2.jar:5.10.2]
	at org.junit.platform.engine.support.hierarchical.ThrowableCollector.execute(ThrowableCollector.java:73) ~[junit-platform-engine-1.10.2.jar:1.10.2]
	at org.junit.jupiter.engine.descriptor.TestMethodTestDescriptor.prepare(TestMethodTestDescriptor.java:105) ~[junit-jupiter-engine-5.10.2.jar:5.10.2]
	at org.junit.jupiter.engine.descriptor.TestMethodTestDescriptor.prepare(TestMethodTestDescriptor.java:69) ~[junit-jupiter-engine-5.10.2.jar:5.10.2]
	at org.junit.platform.engine.support.hierarchical.NodeTestTask.lambda$prepare$2(NodeTestTask.java:123) ~[junit-platform-engine-1.10.2.jar:1.10.2]
	at org.junit.platform.engine.support.hierarchical.ThrowableCollector.execute(ThrowableCollector.java:73) ~[junit-platform-engine-1.10.2.jar:1.10.2]
	at org.junit.platform.engine.support.hierarchical.NodeTestTask.prepare(NodeTestTask.java:123) ~[junit-platform-engine-1.10.2.jar:1.10.2]
	at org.junit.platform.engine.support.hierarchical.NodeTestTask.execute(NodeTestTask.java:90) ~[junit-platform-engine-1.10.2.jar:1.10.2]
	at java.base/java.util.ArrayList.forEach(ArrayList.java:1596) ~[na:na]
	at org.junit.platform.engine.support.hierarchical.SameThreadHierarchicalTestExecutorService.invokeAll(SameThreadHierarchicalTestExecutorService.java:41) ~[junit-platform-engine-1.10.2.jar:1.10.2]
	at org.junit.platform.engine.support.hierarchical.NodeTestTask.lambda$executeRecursively$6(NodeTestTask.java:155) ~[junit-platform-engine-1.10.2.jar:1.10.2]
	at org.junit.platform.engine.support.hierarchical.ThrowableCollector.execute(ThrowableCollector.java:73) ~[junit-platform-engine-1.10.2.jar:1.10.2]
	at org.junit.platform.engine.support.hierarchical.NodeTestTask.lambda$executeRecursively$8(NodeTestTask.java:141) ~[junit-platform-engine-1.10.2.jar:1.10.2]
	at org.junit.platform.engine.support.hierarchical.Node.around(Node.java:137) ~[junit-platform-engine-1.10.2.jar:1.10.2]
	at org.junit.platform.engine.support.hierarchical.NodeTestTask.lambda$executeRecursively$9(NodeTestTask.java:139) ~[junit-platform-engine-1.10.2.jar:1.10.2]
	at org.junit.platform.engine.support.hierarchical.ThrowableCollector.execute(ThrowableCollector.java:73) ~[junit-platform-engine-1.10.2.jar:1.10.2]
	at org.junit.platform.engine.support.hierarchical.NodeTestTask.executeRecursively(NodeTestTask.java:138) ~[junit-platform-engine-1.10.2.jar:1.10.2]
	at org.junit.platform.engine.support.hierarchical.NodeTestTask.execute(NodeTestTask.java:95) ~[junit-platform-engine-1.10.2.jar:1.10.2]
	at java.base/java.util.ArrayList.forEach(ArrayList.java:1596) ~[na:na]
	at org.junit.platform.engine.support.hierarchical.SameThreadHierarchicalTestExecutorService.invokeAll(SameThreadHierarchicalTestExecutorService.java:41) ~[junit-platform-engine-1.10.2.jar:1.10.2]
	at org.junit.platform.engine.support.hierarchical.NodeTestTask.lambda$executeRecursively$6(NodeTestTask.java:155) ~[junit-platform-engine-1.10.2.jar:1.10.2]
	at org.junit.platform.engine.support.hierarchical.ThrowableCollector.execute(ThrowableCollector.java:73) ~[junit-platform-engine-1.10.2.jar:1.10.2]
	at org.junit.platform.engine.support.hierarchical.NodeTestTask.lambda$executeRecursively$8(NodeTestTask.java:141) ~[junit-platform-engine-1.10.2.jar:1.10.2]
	at org.junit.platform.engine.support.hierarchical.Node.around(Node.java:137) ~[junit-platform-engine-1.10.2.jar:1.10.2]
	at org.junit.platform.engine.support.hierarchical.NodeTestTask.lambda$executeRecursively$9(NodeTestTask.java:139) ~[junit-platform-engine-1.10.2.jar:1.10.2]
	at org.junit.platform.engine.support.hierarchical.ThrowableCollector.execute(ThrowableCollector.java:73) ~[junit-platform-engine-1.10.2.jar:1.10.2]
	at org.junit.platform.engine.support.hierarchical.NodeTestTask.executeRecursively(NodeTestTask.java:138) ~[junit-platform-engine-1.10.2.jar:1.10.2]
	at org.junit.platform.engine.support.hierarchical.NodeTestTask.execute(NodeTestTask.java:95) ~[junit-platform-engine-1.10.2.jar:1.10.2]
	at org.junit.platform.engine.support.hierarchical.SameThreadHierarchicalTestExecutorService.submit(SameThreadHierarchicalTestExecutorService.java:35) ~[junit-platform-engine-1.10.2.jar:1.10.2]
	at org.junit.platform.engine.support.hierarchical.HierarchicalTestExecutor.execute(HierarchicalTestExecutor.java:57) ~[junit-platform-engine-1.10.2.jar:1.10.2]
	at org.junit.platform.engine.support.hierarchical.HierarchicalTestEngine.execute(HierarchicalTestEngine.java:54) ~[junit-platform-engine-1.10.2.jar:1.10.2]
	at org.junit.platform.launcher.core.EngineExecutionOrchestrator.execute(EngineExecutionOrchestrator.java:198) ~[junit-platform-launcher-1.10.2.jar:1.10.2]
	at org.junit.platform.launcher.core.EngineExecutionOrchestrator.execute(EngineExecutionOrchestrator.java:169) ~[junit-platform-launcher-1.10.2.jar:1.10.2]
	at org.junit.platform.launcher.core.EngineExecutionOrchestrator.execute(EngineExecutionOrchestrator.java:93) ~[junit-platform-launcher-1.10.2.jar:1.10.2]
	at org.junit.platform.launcher.core.EngineExecutionOrchestrator.lambda$execute$0(EngineExecutionOrchestrator.java:58) ~[junit-platform-launcher-1.10.2.jar:1.10.2]
	at org.junit.platform.launcher.core.EngineExecutionOrchestrator.withInterceptedStreams(EngineExecutionOrchestrator.java:141) ~[junit-platform-launcher-1.10.2.jar:1.10.2]
	at org.junit.platform.launcher.core.EngineExecutionOrchestrator.execute(EngineExecutionOrchestrator.java:57) ~[junit-platform-launcher-1.10.2.jar:1.10.2]
	at org.junit.platform.launcher.core.DefaultLauncher.execute(DefaultLauncher.java:103) ~[junit-platform-launcher-1.10.2.jar:1.10.2]
	at org.junit.platform.launcher.core.DefaultLauncher.execute(DefaultLauncher.java:85) ~[junit-platform-launcher-1.10.2.jar:1.10.2]
	at org.junit.platform.launcher.core.DelegatingLauncher.execute(DelegatingLauncher.java:47) ~[junit-platform-launcher-1.10.2.jar:1.10.2]
	at org.apache.maven.surefire.junitplatform.LazyLauncher.execute(LazyLauncher.java:56) ~[surefire-junit-platform-3.2.5.jar:3.2.5]
	at org.apache.maven.surefire.junitplatform.JUnitPlatformProvider.execute(JUnitPlatformProvider.java:184) ~[surefire-junit-platform-3.2.5.jar:3.2.5]
	at org.apache.maven.surefire.junitplatform.JUnitPlatformProvider.invokeAllTests(JUnitPlatformProvider.java:148) ~[surefire-junit-platform-3.2.5.jar:3.2.5]
	at org.apache.maven.surefire.junitplatform.JUnitPlatformProvider.invoke(JUnitPlatformProvider.java:122) ~[surefire-junit-platform-3.2.5.jar:3.2.5]
	at org.apache.maven.surefire.booter.ForkedBooter.runSuitesInProcess(ForkedBooter.java:385) ~[surefire-booter-3.2.5.jar:3.2.5]
	at org.apache.maven.surefire.booter.ForkedBooter.execute(ForkedBooter.java:162) ~[surefire-booter-3.2.5.jar:3.2.5]
	at org.apache.maven.surefire.booter.ForkedBooter.run(ForkedBooter.java:507) ~[surefire-booter-3.2.5.jar:3.2.5]
	at org.apache.maven.surefire.booter.ForkedBooter.main(ForkedBooter.java:495) ~[surefire-booter-3.2.5.jar:3.2.5]

2024-06-12T14:28:34.959+03:00 DEBUG 12012 --- [URL Shortener] [           main] o.s.d.jpa.repository.query.NamedQuery    : Did not find named query UrlProfile.getAllActiveUrls.count
2024-06-12T14:28:34.960+03:00 DEBUG 12012 --- [URL Shortener] [           main] tor$SharedEntityManagerInvocationHandler : Creating new EntityManager for shared EntityManager invocation
2024-06-12T14:28:34.964+03:00 DEBUG 12012 --- [URL Shortener] [           main] org.hibernate.orm.query.hql              : HQL : SELECT u FROM UrlProfile u WHERE u.validTo > CURRENT_TIMESTAMP
2024-06-12T14:28:35.185+03:00 DEBUG 12012 --- [URL Shortener] [           main] org.hibernate.orm.query.sqm.ast          : SqmStatement Tree :
    -> [select]
      -> [query-spec]
        -> [select]
          -> [selection]
            -> [root] - `com.example.url_profile.UrlProfile(u)`
            <- [root] - `com.example.url_profile.UrlProfile(u)`
          <- [selection]
        <- [select]
        -> [from]
          -> [root] - `com.example.url_profile.UrlProfile(u)`
          <- [root] - `com.example.url_profile.UrlProfile(u)`
        <- [from]
        -> [where]
          -> [GREATER_THAN]
              -> [basic-path] - `com.example.url_profile.UrlProfile(u).validTo`
          <- [GREATER_THAN]
        <- [where]
      <- [query-spec]
    <- [select]

2024-06-12T14:28:35.213+03:00 DEBUG 12012 --- [URL Shortener] [           main] o.s.d.jpa.repository.query.NamedQuery    : Looking up named query UrlProfile.findAllByUserId
2024-06-12T14:28:35.213+03:00 DEBUG 12012 --- [URL Shortener] [           main] cResourceLocalTransactionCoordinatorImpl : JDBC transaction marked for rollback-only (exception provided for stack trace)

java.lang.Exception: exception just for purpose of providing stack trace
	at org.hibernate.resource.transaction.backend.jdbc.internal.JdbcResourceLocalTransactionCoordinatorImpl$TransactionDriverControlImpl.markRollbackOnly(JdbcResourceLocalTransactionCoordinatorImpl.java:309) ~[hibernate-core-6.5.2.Final.jar:6.5.2.Final]
	at org.hibernate.internal.AbstractSharedSessionContract.buildNamedQuery(AbstractSharedSessionContract.java:1109) ~[hibernate-core-6.5.2.Final.jar:6.5.2.Final]
	at org.hibernate.internal.AbstractSharedSessionContract.createNamedQuery(AbstractSharedSessionContract.java:987) ~[hibernate-core-6.5.2.Final.jar:6.5.2.Final]
	at org.hibernate.internal.AbstractSharedSessionContract.createNamedQuery(AbstractSharedSessionContract.java:140) ~[hibernate-core-6.5.2.Final.jar:6.5.2.Final]
	at java.base/jdk.internal.reflect.DirectMethodHandleAccessor.invoke(DirectMethodHandleAccessor.java:103) ~[na:na]
	at java.base/java.lang.reflect.Method.invoke(Method.java:580) ~[na:na]
	at org.springframework.orm.jpa.ExtendedEntityManagerCreator$ExtendedEntityManagerInvocationHandler.invoke(ExtendedEntityManagerCreator.java:364) ~[spring-orm-6.1.8.jar:6.1.8]
	at jdk.proxy2/jdk.proxy2.$Proxy174.createNamedQuery(Unknown Source) ~[na:na]
	at org.springframework.data.jpa.repository.query.NamedQuery.hasNamedQuery(NamedQuery.java:112) ~[spring-data-jpa-3.3.0.jar:3.3.0]
	at org.springframework.data.jpa.repository.query.NamedQuery.lookupFrom(NamedQuery.java:138) ~[spring-data-jpa-3.3.0.jar:3.3.0]
	at org.springframework.data.jpa.repository.query.JpaQueryLookupStrategy$DeclaredQueryLookupStrategy.resolveQuery(JpaQueryLookupStrategy.java:180) ~[spring-data-jpa-3.3.0.jar:3.3.0]
	at org.springframework.data.jpa.repository.query.JpaQueryLookupStrategy$CreateIfNotFoundQueryLookupStrategy.resolveQuery(JpaQueryLookupStrategy.java:252) ~[spring-data-jpa-3.3.0.jar:3.3.0]
	at org.springframework.data.jpa.repository.query.JpaQueryLookupStrategy$AbstractQueryLookupStrategy.resolveQuery(JpaQueryLookupStrategy.java:95) ~[spring-data-jpa-3.3.0.jar:3.3.0]
	at org.springframework.data.repository.core.support.QueryExecutorMethodInterceptor.lookupQuery(QueryExecutorMethodInterceptor.java:111) ~[spring-data-commons-3.3.0.jar:3.3.0]
	at org.springframework.data.repository.core.support.QueryExecutorMethodInterceptor.mapMethodsToQuery(QueryExecutorMethodInterceptor.java:99) ~[spring-data-commons-3.3.0.jar:3.3.0]
	at org.springframework.data.repository.core.support.QueryExecutorMethodInterceptor.lambda$new$0(QueryExecutorMethodInterceptor.java:88) ~[spring-data-commons-3.3.0.jar:3.3.0]
	at java.base/java.util.Optional.map(Optional.java:260) ~[na:na]
	at org.springframework.data.repository.core.support.QueryExecutorMethodInterceptor.<init>(QueryExecutorMethodInterceptor.java:88) ~[spring-data-commons-3.3.0.jar:3.3.0]
	at org.springframework.data.repository.core.support.RepositoryFactorySupport.getRepository(RepositoryFactorySupport.java:357) ~[spring-data-commons-3.3.0.jar:3.3.0]
	at org.springframework.data.repository.core.support.RepositoryFactoryBeanSupport.lambda$afterPropertiesSet$5(RepositoryFactoryBeanSupport.java:286) ~[spring-data-commons-3.3.0.jar:3.3.0]
	at org.springframework.data.util.Lazy.getNullable(Lazy.java:135) ~[spring-data-commons-3.3.0.jar:3.3.0]
	at org.springframework.data.util.Lazy.get(Lazy.java:113) ~[spring-data-commons-3.3.0.jar:3.3.0]
	at org.springframework.data.repository.core.support.RepositoryFactoryBeanSupport.afterPropertiesSet(RepositoryFactoryBeanSupport.java:292) ~[spring-data-commons-3.3.0.jar:3.3.0]
	at org.springframework.data.jpa.repository.support.JpaRepositoryFactoryBean.afterPropertiesSet(JpaRepositoryFactoryBean.java:132) ~[spring-data-jpa-3.3.0.jar:3.3.0]
	at org.springframework.beans.factory.support.AbstractAutowireCapableBeanFactory.invokeInitMethods(AbstractAutowireCapableBeanFactory.java:1835) ~[spring-beans-6.1.8.jar:6.1.8]
	at org.springframework.beans.factory.support.AbstractAutowireCapableBeanFactory.initializeBean(AbstractAutowireCapableBeanFactory.java:1784) ~[spring-beans-6.1.8.jar:6.1.8]
	at org.springframework.beans.factory.support.AbstractAutowireCapableBeanFactory.doCreateBean(AbstractAutowireCapableBeanFactory.java:600) ~[spring-beans-6.1.8.jar:6.1.8]
	at org.springframework.beans.factory.support.AbstractAutowireCapableBeanFactory.createBean(AbstractAutowireCapableBeanFactory.java:522) ~[spring-beans-6.1.8.jar:6.1.8]
	at org.springframework.beans.factory.support.AbstractBeanFactory.lambda$doGetBean$0(AbstractBeanFactory.java:337) ~[spring-beans-6.1.8.jar:6.1.8]
	at org.springframework.beans.factory.support.DefaultSingletonBeanRegistry.getSingleton(DefaultSingletonBeanRegistry.java:234) ~[spring-beans-6.1.8.jar:6.1.8]
	at org.springframework.beans.factory.support.AbstractBeanFactory.doGetBean(AbstractBeanFactory.java:335) ~[spring-beans-6.1.8.jar:6.1.8]
	at org.springframework.beans.factory.support.AbstractBeanFactory.getBean(AbstractBeanFactory.java:200) ~[spring-beans-6.1.8.jar:6.1.8]
	at org.springframework.beans.factory.config.DependencyDescriptor.resolveCandidate(DependencyDescriptor.java:254) ~[spring-beans-6.1.8.jar:6.1.8]
	at org.springframework.beans.factory.support.DefaultListableBeanFactory.doResolveDependency(DefaultListableBeanFactory.java:1443) ~[spring-beans-6.1.8.jar:6.1.8]
	at org.springframework.beans.factory.support.DefaultListableBeanFactory.resolveDependency(DefaultListableBeanFactory.java:1353) ~[spring-beans-6.1.8.jar:6.1.8]
	at org.springframework.beans.factory.support.ConstructorResolver.resolveAutowiredArgument(ConstructorResolver.java:904) ~[spring-beans-6.1.8.jar:6.1.8]
	at org.springframework.beans.factory.support.ConstructorResolver.createArgumentArray(ConstructorResolver.java:782) ~[spring-beans-6.1.8.jar:6.1.8]
	at org.springframework.beans.factory.support.ConstructorResolver.autowireConstructor(ConstructorResolver.java:237) ~[spring-beans-6.1.8.jar:6.1.8]
	at org.springframework.beans.factory.support.AbstractAutowireCapableBeanFactory.autowireConstructor(AbstractAutowireCapableBeanFactory.java:1357) ~[spring-beans-6.1.8.jar:6.1.8]
	at org.springframework.beans.factory.support.AbstractAutowireCapableBeanFactory.createBeanInstance(AbstractAutowireCapableBeanFactory.java:1194) ~[spring-beans-6.1.8.jar:6.1.8]
	at org.springframework.beans.factory.support.AbstractAutowireCapableBeanFactory.doCreateBean(AbstractAutowireCapableBeanFactory.java:562) ~[spring-beans-6.1.8.jar:6.1.8]
	at org.springframework.beans.factory.support.AbstractAutowireCapableBeanFactory.createBean(AbstractAutowireCapableBeanFactory.java:522) ~[spring-beans-6.1.8.jar:6.1.8]
	at org.springframework.beans.factory.support.AbstractBeanFactory.lambda$doGetBean$0(AbstractBeanFactory.java:337) ~[spring-beans-6.1.8.jar:6.1.8]
	at org.springframework.beans.factory.support.DefaultSingletonBeanRegistry.getSingleton(DefaultSingletonBeanRegistry.java:234) ~[spring-beans-6.1.8.jar:6.1.8]
	at org.springframework.beans.factory.support.AbstractBeanFactory.doGetBean(AbstractBeanFactory.java:335) ~[spring-beans-6.1.8.jar:6.1.8]
	at org.springframework.beans.factory.support.AbstractBeanFactory.getBean(AbstractBeanFactory.java:200) ~[spring-beans-6.1.8.jar:6.1.8]
	at org.springframework.beans.factory.config.DependencyDescriptor.resolveCandidate(DependencyDescriptor.java:254) ~[spring-beans-6.1.8.jar:6.1.8]
	at org.springframework.beans.factory.support.DefaultListableBeanFactory.doResolveDependency(DefaultListableBeanFactory.java:1443) ~[spring-beans-6.1.8.jar:6.1.8]
	at org.springframework.beans.factory.support.DefaultListableBeanFactory.resolveDependency(DefaultListableBeanFactory.java:1353) ~[spring-beans-6.1.8.jar:6.1.8]
	at org.springframework.beans.factory.support.ConstructorResolver.resolveAutowiredArgument(ConstructorResolver.java:904) ~[spring-beans-6.1.8.jar:6.1.8]
	at org.springframework.beans.factory.support.ConstructorResolver.createArgumentArray(ConstructorResolver.java:782) ~[spring-beans-6.1.8.jar:6.1.8]
	at org.springframework.beans.factory.support.ConstructorResolver.autowireConstructor(ConstructorResolver.java:237) ~[spring-beans-6.1.8.jar:6.1.8]
	at org.springframework.beans.factory.support.AbstractAutowireCapableBeanFactory.autowireConstructor(AbstractAutowireCapableBeanFactory.java:1357) ~[spring-beans-6.1.8.jar:6.1.8]
	at org.springframework.beans.factory.support.AbstractAutowireCapableBeanFactory.createBeanInstance(AbstractAutowireCapableBeanFactory.java:1194) ~[spring-beans-6.1.8.jar:6.1.8]
	at org.springframework.beans.factory.support.AbstractAutowireCapableBeanFactory.doCreateBean(AbstractAutowireCapableBeanFactory.java:562) ~[spring-beans-6.1.8.jar:6.1.8]
	at org.springframework.beans.factory.support.AbstractAutowireCapableBeanFactory.createBean(AbstractAutowireCapableBeanFactory.java:522) ~[spring-beans-6.1.8.jar:6.1.8]
	at org.springframework.beans.factory.support.AbstractBeanFactory.lambda$doGetBean$0(AbstractBeanFactory.java:337) ~[spring-beans-6.1.8.jar:6.1.8]
	at org.springframework.beans.factory.support.DefaultSingletonBeanRegistry.getSingleton(DefaultSingletonBeanRegistry.java:234) ~[spring-beans-6.1.8.jar:6.1.8]
	at org.springframework.beans.factory.support.AbstractBeanFactory.doGetBean(AbstractBeanFactory.java:335) ~[spring-beans-6.1.8.jar:6.1.8]
	at org.springframework.beans.factory.support.AbstractBeanFactory.getBean(AbstractBeanFactory.java:200) ~[spring-beans-6.1.8.jar:6.1.8]
	at org.springframework.beans.factory.support.DefaultListableBeanFactory.preInstantiateSingletons(DefaultListableBeanFactory.java:975) ~[spring-beans-6.1.8.jar:6.1.8]
	at org.springframework.context.support.AbstractApplicationContext.finishBeanFactoryInitialization(AbstractApplicationContext.java:962) ~[spring-context-6.1.8.jar:6.1.8]
	at org.springframework.context.support.AbstractApplicationContext.refresh(AbstractApplicationContext.java:624) ~[spring-context-6.1.8.jar:6.1.8]
	at org.springframework.boot.SpringApplication.refresh(SpringApplication.java:754) ~[spring-boot-3.3.0.jar:3.3.0]
	at org.springframework.boot.SpringApplication.refreshContext(SpringApplication.java:456) ~[spring-boot-3.3.0.jar:3.3.0]
	at org.springframework.boot.SpringApplication.run(SpringApplication.java:335) ~[spring-boot-3.3.0.jar:3.3.0]
	at org.springframework.boot.test.context.SpringBootContextLoader.lambda$loadContext$3(SpringBootContextLoader.java:137) ~[spring-boot-test-3.3.0.jar:3.3.0]
	at org.springframework.util.function.ThrowingSupplier.get(ThrowingSupplier.java:58) ~[spring-core-6.1.8.jar:6.1.8]
	at org.springframework.util.function.ThrowingSupplier.get(ThrowingSupplier.java:46) ~[spring-core-6.1.8.jar:6.1.8]
	at org.springframework.boot.SpringApplication.withHook(SpringApplication.java:1463) ~[spring-boot-3.3.0.jar:3.3.0]
	at org.springframework.boot.test.context.SpringBootContextLoader$ContextLoaderHook.run(SpringBootContextLoader.java:553) ~[spring-boot-test-3.3.0.jar:3.3.0]
	at org.springframework.boot.test.context.SpringBootContextLoader.loadContext(SpringBootContextLoader.java:137) ~[spring-boot-test-3.3.0.jar:3.3.0]
	at org.springframework.boot.test.context.SpringBootContextLoader.loadContext(SpringBootContextLoader.java:108) ~[spring-boot-test-3.3.0.jar:3.3.0]
	at org.springframework.test.context.cache.DefaultCacheAwareContextLoaderDelegate.loadContextInternal(DefaultCacheAwareContextLoaderDelegate.java:225) ~[spring-test-6.1.8.jar:6.1.8]
	at org.springframework.test.context.cache.DefaultCacheAwareContextLoaderDelegate.loadContext(DefaultCacheAwareContextLoaderDelegate.java:152) ~[spring-test-6.1.8.jar:6.1.8]
	at org.springframework.test.context.support.DefaultTestContext.getApplicationContext(DefaultTestContext.java:130) ~[spring-test-6.1.8.jar:6.1.8]
	at org.springframework.test.context.web.ServletTestExecutionListener.setUpRequestContextIfNecessary(ServletTestExecutionListener.java:191) ~[spring-test-6.1.8.jar:6.1.8]
	at org.springframework.test.context.web.ServletTestExecutionListener.prepareTestInstance(ServletTestExecutionListener.java:130) ~[spring-test-6.1.8.jar:6.1.8]
	at org.springframework.test.context.TestContextManager.prepareTestInstance(TestContextManager.java:260) ~[spring-test-6.1.8.jar:6.1.8]
	at org.springframework.test.context.junit.jupiter.SpringExtension.postProcessTestInstance(SpringExtension.java:163) ~[spring-test-6.1.8.jar:6.1.8]
	at org.junit.jupiter.engine.descriptor.ClassBasedTestDescriptor.lambda$invokeTestInstancePostProcessors$10(ClassBasedTestDescriptor.java:378) ~[junit-jupiter-engine-5.10.2.jar:5.10.2]
	at org.junit.jupiter.engine.descriptor.ClassBasedTestDescriptor.executeAndMaskThrowable(ClassBasedTestDescriptor.java:383) ~[junit-jupiter-engine-5.10.2.jar:5.10.2]
	at org.junit.jupiter.engine.descriptor.ClassBasedTestDescriptor.lambda$invokeTestInstancePostProcessors$11(ClassBasedTestDescriptor.java:378) ~[junit-jupiter-engine-5.10.2.jar:5.10.2]
	at java.base/java.util.stream.ReferencePipeline$3$1.accept(ReferencePipeline.java:197) ~[na:na]
	at java.base/java.util.stream.ReferencePipeline$2$1.accept(ReferencePipeline.java:179) ~[na:na]
	at java.base/java.util.ArrayList$ArrayListSpliterator.forEachRemaining(ArrayList.java:1708) ~[na:na]
	at java.base/java.util.stream.AbstractPipeline.copyInto(AbstractPipeline.java:509) ~[na:na]
	at java.base/java.util.stream.AbstractPipeline.wrapAndCopyInto(AbstractPipeline.java:499) ~[na:na]
	at java.base/java.util.stream.StreamSpliterators$WrappingSpliterator.forEachRemaining(StreamSpliterators.java:310) ~[na:na]
	at java.base/java.util.stream.Streams$ConcatSpliterator.forEachRemaining(Streams.java:735) ~[na:na]
	at java.base/java.util.stream.Streams$ConcatSpliterator.forEachRemaining(Streams.java:734) ~[na:na]
	at java.base/java.util.stream.ReferencePipeline$Head.forEach(ReferencePipeline.java:762) ~[na:na]
	at org.junit.jupiter.engine.descriptor.ClassBasedTestDescriptor.invokeTestInstancePostProcessors(ClassBasedTestDescriptor.java:377) ~[junit-jupiter-engine-5.10.2.jar:5.10.2]
	at org.junit.jupiter.engine.descriptor.ClassBasedTestDescriptor.lambda$instantiateAndPostProcessTestInstance$6(ClassBasedTestDescriptor.java:290) ~[junit-jupiter-engine-5.10.2.jar:5.10.2]
	at org.junit.platform.engine.support.hierarchical.ThrowableCollector.execute(ThrowableCollector.java:73) ~[junit-platform-engine-1.10.2.jar:1.10.2]
	at org.junit.jupiter.engine.descriptor.ClassBasedTestDescriptor.instantiateAndPostProcessTestInstance(ClassBasedTestDescriptor.java:289) ~[junit-jupiter-engine-5.10.2.jar:5.10.2]
	at org.junit.jupiter.engine.descriptor.ClassBasedTestDescriptor.lambda$testInstancesProvider$4(ClassBasedTestDescriptor.java:279) ~[junit-jupiter-engine-5.10.2.jar:5.10.2]
	at java.base/java.util.Optional.orElseGet(Optional.java:364) ~[na:na]
	at org.junit.jupiter.engine.descriptor.ClassBasedTestDescriptor.lambda$testInstancesProvider$5(ClassBasedTestDescriptor.java:278) ~[junit-jupiter-engine-5.10.2.jar:5.10.2]
	at org.junit.jupiter.engine.execution.TestInstancesProvider.getTestInstances(TestInstancesProvider.java:31) ~[junit-jupiter-engine-5.10.2.jar:5.10.2]
	at org.junit.jupiter.engine.descriptor.TestMethodTestDescriptor.lambda$prepare$0(TestMethodTestDescriptor.java:106) ~[junit-jupiter-engine-5.10.2.jar:5.10.2]
	at org.junit.platform.engine.support.hierarchical.ThrowableCollector.execute(ThrowableCollector.java:73) ~[junit-platform-engine-1.10.2.jar:1.10.2]
	at org.junit.jupiter.engine.descriptor.TestMethodTestDescriptor.prepare(TestMethodTestDescriptor.java:105) ~[junit-jupiter-engine-5.10.2.jar:5.10.2]
	at org.junit.jupiter.engine.descriptor.TestMethodTestDescriptor.prepare(TestMethodTestDescriptor.java:69) ~[junit-jupiter-engine-5.10.2.jar:5.10.2]
	at org.junit.platform.engine.support.hierarchical.NodeTestTask.lambda$prepare$2(NodeTestTask.java:123) ~[junit-platform-engine-1.10.2.jar:1.10.2]
	at org.junit.platform.engine.support.hierarchical.ThrowableCollector.execute(ThrowableCollector.java:73) ~[junit-platform-engine-1.10.2.jar:1.10.2]
	at org.junit.platform.engine.support.hierarchical.NodeTestTask.prepare(NodeTestTask.java:123) ~[junit-platform-engine-1.10.2.jar:1.10.2]
	at org.junit.platform.engine.support.hierarchical.NodeTestTask.execute(NodeTestTask.java:90) ~[junit-platform-engine-1.10.2.jar:1.10.2]
	at java.base/java.util.ArrayList.forEach(ArrayList.java:1596) ~[na:na]
	at org.junit.platform.engine.support.hierarchical.SameThreadHierarchicalTestExecutorService.invokeAll(SameThreadHierarchicalTestExecutorService.java:41) ~[junit-platform-engine-1.10.2.jar:1.10.2]
	at org.junit.platform.engine.support.hierarchical.NodeTestTask.lambda$executeRecursively$6(NodeTestTask.java:155) ~[junit-platform-engine-1.10.2.jar:1.10.2]
	at org.junit.platform.engine.support.hierarchical.ThrowableCollector.execute(ThrowableCollector.java:73) ~[junit-platform-engine-1.10.2.jar:1.10.2]
	at org.junit.platform.engine.support.hierarchical.NodeTestTask.lambda$executeRecursively$8(NodeTestTask.java:141) ~[junit-platform-engine-1.10.2.jar:1.10.2]
	at org.junit.platform.engine.support.hierarchical.Node.around(Node.java:137) ~[junit-platform-engine-1.10.2.jar:1.10.2]
	at org.junit.platform.engine.support.hierarchical.NodeTestTask.lambda$executeRecursively$9(NodeTestTask.java:139) ~[junit-platform-engine-1.10.2.jar:1.10.2]
	at org.junit.platform.engine.support.hierarchical.ThrowableCollector.execute(ThrowableCollector.java:73) ~[junit-platform-engine-1.10.2.jar:1.10.2]
	at org.junit.platform.engine.support.hierarchical.NodeTestTask.executeRecursively(NodeTestTask.java:138) ~[junit-platform-engine-1.10.2.jar:1.10.2]
	at org.junit.platform.engine.support.hierarchical.NodeTestTask.execute(NodeTestTask.java:95) ~[junit-platform-engine-1.10.2.jar:1.10.2]
	at java.base/java.util.ArrayList.forEach(ArrayList.java:1596) ~[na:na]
	at org.junit.platform.engine.support.hierarchical.SameThreadHierarchicalTestExecutorService.invokeAll(SameThreadHierarchicalTestExecutorService.java:41) ~[junit-platform-engine-1.10.2.jar:1.10.2]
	at org.junit.platform.engine.support.hierarchical.NodeTestTask.lambda$executeRecursively$6(NodeTestTask.java:155) ~[junit-platform-engine-1.10.2.jar:1.10.2]
	at org.junit.platform.engine.support.hierarchical.ThrowableCollector.execute(ThrowableCollector.java:73) ~[junit-platform-engine-1.10.2.jar:1.10.2]
	at org.junit.platform.engine.support.hierarchical.NodeTestTask.lambda$executeRecursively$8(NodeTestTask.java:141) ~[junit-platform-engine-1.10.2.jar:1.10.2]
	at org.junit.platform.engine.support.hierarchical.Node.around(Node.java:137) ~[junit-platform-engine-1.10.2.jar:1.10.2]
	at org.junit.platform.engine.support.hierarchical.NodeTestTask.lambda$executeRecursively$9(NodeTestTask.java:139) ~[junit-platform-engine-1.10.2.jar:1.10.2]
	at org.junit.platform.engine.support.hierarchical.ThrowableCollector.execute(ThrowableCollector.java:73) ~[junit-platform-engine-1.10.2.jar:1.10.2]
	at org.junit.platform.engine.support.hierarchical.NodeTestTask.executeRecursively(NodeTestTask.java:138) ~[junit-platform-engine-1.10.2.jar:1.10.2]
	at org.junit.platform.engine.support.hierarchical.NodeTestTask.execute(NodeTestTask.java:95) ~[junit-platform-engine-1.10.2.jar:1.10.2]
	at org.junit.platform.engine.support.hierarchical.SameThreadHierarchicalTestExecutorService.submit(SameThreadHierarchicalTestExecutorService.java:35) ~[junit-platform-engine-1.10.2.jar:1.10.2]
	at org.junit.platform.engine.support.hierarchical.HierarchicalTestExecutor.execute(HierarchicalTestExecutor.java:57) ~[junit-platform-engine-1.10.2.jar:1.10.2]
	at org.junit.platform.engine.support.hierarchical.HierarchicalTestEngine.execute(HierarchicalTestEngine.java:54) ~[junit-platform-engine-1.10.2.jar:1.10.2]
	at org.junit.platform.launcher.core.EngineExecutionOrchestrator.execute(EngineExecutionOrchestrator.java:198) ~[junit-platform-launcher-1.10.2.jar:1.10.2]
	at org.junit.platform.launcher.core.EngineExecutionOrchestrator.execute(EngineExecutionOrchestrator.java:169) ~[junit-platform-launcher-1.10.2.jar:1.10.2]
	at org.junit.platform.launcher.core.EngineExecutionOrchestrator.execute(EngineExecutionOrchestrator.java:93) ~[junit-platform-launcher-1.10.2.jar:1.10.2]
	at org.junit.platform.launcher.core.EngineExecutionOrchestrator.lambda$execute$0(EngineExecutionOrchestrator.java:58) ~[junit-platform-launcher-1.10.2.jar:1.10.2]
	at org.junit.platform.launcher.core.EngineExecutionOrchestrator.withInterceptedStreams(EngineExecutionOrchestrator.java:141) ~[junit-platform-launcher-1.10.2.jar:1.10.2]
	at org.junit.platform.launcher.core.EngineExecutionOrchestrator.execute(EngineExecutionOrchestrator.java:57) ~[junit-platform-launcher-1.10.2.jar:1.10.2]
	at org.junit.platform.launcher.core.DefaultLauncher.execute(DefaultLauncher.java:103) ~[junit-platform-launcher-1.10.2.jar:1.10.2]
	at org.junit.platform.launcher.core.DefaultLauncher.execute(DefaultLauncher.java:85) ~[junit-platform-launcher-1.10.2.jar:1.10.2]
	at org.junit.platform.launcher.core.DelegatingLauncher.execute(DelegatingLauncher.java:47) ~[junit-platform-launcher-1.10.2.jar:1.10.2]
	at org.apache.maven.surefire.junitplatform.LazyLauncher.execute(LazyLauncher.java:56) ~[surefire-junit-platform-3.2.5.jar:3.2.5]
	at org.apache.maven.surefire.junitplatform.JUnitPlatformProvider.execute(JUnitPlatformProvider.java:184) ~[surefire-junit-platform-3.2.5.jar:3.2.5]
	at org.apache.maven.surefire.junitplatform.JUnitPlatformProvider.invokeAllTests(JUnitPlatformProvider.java:148) ~[surefire-junit-platform-3.2.5.jar:3.2.5]
	at org.apache.maven.surefire.junitplatform.JUnitPlatformProvider.invoke(JUnitPlatformProvider.java:122) ~[surefire-junit-platform-3.2.5.jar:3.2.5]
	at org.apache.maven.surefire.booter.ForkedBooter.runSuitesInProcess(ForkedBooter.java:385) ~[surefire-booter-3.2.5.jar:3.2.5]
	at org.apache.maven.surefire.booter.ForkedBooter.execute(ForkedBooter.java:162) ~[surefire-booter-3.2.5.jar:3.2.5]
	at org.apache.maven.surefire.booter.ForkedBooter.run(ForkedBooter.java:507) ~[surefire-booter-3.2.5.jar:3.2.5]
	at org.apache.maven.surefire.booter.ForkedBooter.main(ForkedBooter.java:495) ~[surefire-booter-3.2.5.jar:3.2.5]

2024-06-12T14:28:35.214+03:00 DEBUG 12012 --- [URL Shortener] [           main] o.s.d.jpa.repository.query.NamedQuery    : Did not find named query UrlProfile.findAllByUserId
2024-06-12T14:28:35.214+03:00 DEBUG 12012 --- [URL Shortener] [           main] tor$SharedEntityManagerInvocationHandler : Creating new EntityManager for shared EntityManager invocation
2024-06-12T14:28:35.230+03:00 DEBUG 12012 --- [URL Shortener] [           main] cResourceLocalTransactionCoordinatorImpl : JDBC transaction marked for rollback-only (exception provided for stack trace)

java.lang.Exception: exception just for purpose of providing stack trace
	at org.hibernate.resource.transaction.backend.jdbc.internal.JdbcResourceLocalTransactionCoordinatorImpl$TransactionDriverControlImpl.markRollbackOnly(JdbcResourceLocalTransactionCoordinatorImpl.java:309) ~[hibernate-core-6.5.2.Final.jar:6.5.2.Final]
	at org.hibernate.internal.AbstractSharedSessionContract.buildNamedQuery(AbstractSharedSessionContract.java:1109) ~[hibernate-core-6.5.2.Final.jar:6.5.2.Final]
	at org.hibernate.internal.AbstractSharedSessionContract.createNamedQuery(AbstractSharedSessionContract.java:987) ~[hibernate-core-6.5.2.Final.jar:6.5.2.Final]
	at org.hibernate.internal.AbstractSharedSessionContract.createNamedQuery(AbstractSharedSessionContract.java:140) ~[hibernate-core-6.5.2.Final.jar:6.5.2.Final]
	at java.base/jdk.internal.reflect.DirectMethodHandleAccessor.invoke(DirectMethodHandleAccessor.java:103) ~[na:na]
	at java.base/java.lang.reflect.Method.invoke(Method.java:580) ~[na:na]
	at org.springframework.orm.jpa.ExtendedEntityManagerCreator$ExtendedEntityManagerInvocationHandler.invoke(ExtendedEntityManagerCreator.java:364) ~[spring-orm-6.1.8.jar:6.1.8]
	at jdk.proxy2/jdk.proxy2.$Proxy174.createNamedQuery(Unknown Source) ~[na:na]
	at org.springframework.data.jpa.repository.query.NamedQuery.hasNamedQuery(NamedQuery.java:112) ~[spring-data-jpa-3.3.0.jar:3.3.0]
	at org.springframework.data.jpa.repository.query.JpaQueryLookupStrategy$DeclaredQueryLookupStrategy.getCountQuery(JpaQueryLookupStrategy.java:204) ~[spring-data-jpa-3.3.0.jar:3.3.0]
	at org.springframework.data.jpa.repository.query.JpaQueryLookupStrategy$DeclaredQueryLookupStrategy.resolveQuery(JpaQueryLookupStrategy.java:171) ~[spring-data-jpa-3.3.0.jar:3.3.0]
	at org.springframework.data.jpa.repository.query.JpaQueryLookupStrategy$CreateIfNotFoundQueryLookupStrategy.resolveQuery(JpaQueryLookupStrategy.java:252) ~[spring-data-jpa-3.3.0.jar:3.3.0]
	at org.springframework.data.jpa.repository.query.JpaQueryLookupStrategy$AbstractQueryLookupStrategy.resolveQuery(JpaQueryLookupStrategy.java:95) ~[spring-data-jpa-3.3.0.jar:3.3.0]
	at org.springframework.data.repository.core.support.QueryExecutorMethodInterceptor.lookupQuery(QueryExecutorMethodInterceptor.java:111) ~[spring-data-commons-3.3.0.jar:3.3.0]
	at org.springframework.data.repository.core.support.QueryExecutorMethodInterceptor.mapMethodsToQuery(QueryExecutorMethodInterceptor.java:99) ~[spring-data-commons-3.3.0.jar:3.3.0]
	at org.springframework.data.repository.core.support.QueryExecutorMethodInterceptor.lambda$new$0(QueryExecutorMethodInterceptor.java:88) ~[spring-data-commons-3.3.0.jar:3.3.0]
	at java.base/java.util.Optional.map(Optional.java:260) ~[na:na]
	at org.springframework.data.repository.core.support.QueryExecutorMethodInterceptor.<init>(QueryExecutorMethodInterceptor.java:88) ~[spring-data-commons-3.3.0.jar:3.3.0]
	at org.springframework.data.repository.core.support.RepositoryFactorySupport.getRepository(RepositoryFactorySupport.java:357) ~[spring-data-commons-3.3.0.jar:3.3.0]
	at org.springframework.data.repository.core.support.RepositoryFactoryBeanSupport.lambda$afterPropertiesSet$5(RepositoryFactoryBeanSupport.java:286) ~[spring-data-commons-3.3.0.jar:3.3.0]
	at org.springframework.data.util.Lazy.getNullable(Lazy.java:135) ~[spring-data-commons-3.3.0.jar:3.3.0]
	at org.springframework.data.util.Lazy.get(Lazy.java:113) ~[spring-data-commons-3.3.0.jar:3.3.0]
	at org.springframework.data.repository.core.support.RepositoryFactoryBeanSupport.afterPropertiesSet(RepositoryFactoryBeanSupport.java:292) ~[spring-data-commons-3.3.0.jar:3.3.0]
	at org.springframework.data.jpa.repository.support.JpaRepositoryFactoryBean.afterPropertiesSet(JpaRepositoryFactoryBean.java:132) ~[spring-data-jpa-3.3.0.jar:3.3.0]
	at org.springframework.beans.factory.support.AbstractAutowireCapableBeanFactory.invokeInitMethods(AbstractAutowireCapableBeanFactory.java:1835) ~[spring-beans-6.1.8.jar:6.1.8]
	at org.springframework.beans.factory.support.AbstractAutowireCapableBeanFactory.initializeBean(AbstractAutowireCapableBeanFactory.java:1784) ~[spring-beans-6.1.8.jar:6.1.8]
	at org.springframework.beans.factory.support.AbstractAutowireCapableBeanFactory.doCreateBean(AbstractAutowireCapableBeanFactory.java:600) ~[spring-beans-6.1.8.jar:6.1.8]
	at org.springframework.beans.factory.support.AbstractAutowireCapableBeanFactory.createBean(AbstractAutowireCapableBeanFactory.java:522) ~[spring-beans-6.1.8.jar:6.1.8]
	at org.springframework.beans.factory.support.AbstractBeanFactory.lambda$doGetBean$0(AbstractBeanFactory.java:337) ~[spring-beans-6.1.8.jar:6.1.8]
	at org.springframework.beans.factory.support.DefaultSingletonBeanRegistry.getSingleton(DefaultSingletonBeanRegistry.java:234) ~[spring-beans-6.1.8.jar:6.1.8]
	at org.springframework.beans.factory.support.AbstractBeanFactory.doGetBean(AbstractBeanFactory.java:335) ~[spring-beans-6.1.8.jar:6.1.8]
	at org.springframework.beans.factory.support.AbstractBeanFactory.getBean(AbstractBeanFactory.java:200) ~[spring-beans-6.1.8.jar:6.1.8]
	at org.springframework.beans.factory.config.DependencyDescriptor.resolveCandidate(DependencyDescriptor.java:254) ~[spring-beans-6.1.8.jar:6.1.8]
	at org.springframework.beans.factory.support.DefaultListableBeanFactory.doResolveDependency(DefaultListableBeanFactory.java:1443) ~[spring-beans-6.1.8.jar:6.1.8]
	at org.springframework.beans.factory.support.DefaultListableBeanFactory.resolveDependency(DefaultListableBeanFactory.java:1353) ~[spring-beans-6.1.8.jar:6.1.8]
	at org.springframework.beans.factory.support.ConstructorResolver.resolveAutowiredArgument(ConstructorResolver.java:904) ~[spring-beans-6.1.8.jar:6.1.8]
	at org.springframework.beans.factory.support.ConstructorResolver.createArgumentArray(ConstructorResolver.java:782) ~[spring-beans-6.1.8.jar:6.1.8]
	at org.springframework.beans.factory.support.ConstructorResolver.autowireConstructor(ConstructorResolver.java:237) ~[spring-beans-6.1.8.jar:6.1.8]
	at org.springframework.beans.factory.support.AbstractAutowireCapableBeanFactory.autowireConstructor(AbstractAutowireCapableBeanFactory.java:1357) ~[spring-beans-6.1.8.jar:6.1.8]
	at org.springframework.beans.factory.support.AbstractAutowireCapableBeanFactory.createBeanInstance(AbstractAutowireCapableBeanFactory.java:1194) ~[spring-beans-6.1.8.jar:6.1.8]
	at org.springframework.beans.factory.support.AbstractAutowireCapableBeanFactory.doCreateBean(AbstractAutowireCapableBeanFactory.java:562) ~[spring-beans-6.1.8.jar:6.1.8]
	at org.springframework.beans.factory.support.AbstractAutowireCapableBeanFactory.createBean(AbstractAutowireCapableBeanFactory.java:522) ~[spring-beans-6.1.8.jar:6.1.8]
	at org.springframework.beans.factory.support.AbstractBeanFactory.lambda$doGetBean$0(AbstractBeanFactory.java:337) ~[spring-beans-6.1.8.jar:6.1.8]
	at org.springframework.beans.factory.support.DefaultSingletonBeanRegistry.getSingleton(DefaultSingletonBeanRegistry.java:234) ~[spring-beans-6.1.8.jar:6.1.8]
	at org.springframework.beans.factory.support.AbstractBeanFactory.doGetBean(AbstractBeanFactory.java:335) ~[spring-beans-6.1.8.jar:6.1.8]
	at org.springframework.beans.factory.support.AbstractBeanFactory.getBean(AbstractBeanFactory.java:200) ~[spring-beans-6.1.8.jar:6.1.8]
	at org.springframework.beans.factory.config.DependencyDescriptor.resolveCandidate(DependencyDescriptor.java:254) ~[spring-beans-6.1.8.jar:6.1.8]
	at org.springframework.beans.factory.support.DefaultListableBeanFactory.doResolveDependency(DefaultListableBeanFactory.java:1443) ~[spring-beans-6.1.8.jar:6.1.8]
	at org.springframework.beans.factory.support.DefaultListableBeanFactory.resolveDependency(DefaultListableBeanFactory.java:1353) ~[spring-beans-6.1.8.jar:6.1.8]
	at org.springframework.beans.factory.support.ConstructorResolver.resolveAutowiredArgument(ConstructorResolver.java:904) ~[spring-beans-6.1.8.jar:6.1.8]
	at org.springframework.beans.factory.support.ConstructorResolver.createArgumentArray(ConstructorResolver.java:782) ~[spring-beans-6.1.8.jar:6.1.8]
	at org.springframework.beans.factory.support.ConstructorResolver.autowireConstructor(ConstructorResolver.java:237) ~[spring-beans-6.1.8.jar:6.1.8]
	at org.springframework.beans.factory.support.AbstractAutowireCapableBeanFactory.autowireConstructor(AbstractAutowireCapableBeanFactory.java:1357) ~[spring-beans-6.1.8.jar:6.1.8]
	at org.springframework.beans.factory.support.AbstractAutowireCapableBeanFactory.createBeanInstance(AbstractAutowireCapableBeanFactory.java:1194) ~[spring-beans-6.1.8.jar:6.1.8]
	at org.springframework.beans.factory.support.AbstractAutowireCapableBeanFactory.doCreateBean(AbstractAutowireCapableBeanFactory.java:562) ~[spring-beans-6.1.8.jar:6.1.8]
	at org.springframework.beans.factory.support.AbstractAutowireCapableBeanFactory.createBean(AbstractAutowireCapableBeanFactory.java:522) ~[spring-beans-6.1.8.jar:6.1.8]
	at org.springframework.beans.factory.support.AbstractBeanFactory.lambda$doGetBean$0(AbstractBeanFactory.java:337) ~[spring-beans-6.1.8.jar:6.1.8]
	at org.springframework.beans.factory.support.DefaultSingletonBeanRegistry.getSingleton(DefaultSingletonBeanRegistry.java:234) ~[spring-beans-6.1.8.jar:6.1.8]
	at org.springframework.beans.factory.support.AbstractBeanFactory.doGetBean(AbstractBeanFactory.java:335) ~[spring-beans-6.1.8.jar:6.1.8]
	at org.springframework.beans.factory.support.AbstractBeanFactory.getBean(AbstractBeanFactory.java:200) ~[spring-beans-6.1.8.jar:6.1.8]
	at org.springframework.beans.factory.support.DefaultListableBeanFactory.preInstantiateSingletons(DefaultListableBeanFactory.java:975) ~[spring-beans-6.1.8.jar:6.1.8]
	at org.springframework.context.support.AbstractApplicationContext.finishBeanFactoryInitialization(AbstractApplicationContext.java:962) ~[spring-context-6.1.8.jar:6.1.8]
	at org.springframework.context.support.AbstractApplicationContext.refresh(AbstractApplicationContext.java:624) ~[spring-context-6.1.8.jar:6.1.8]
	at org.springframework.boot.SpringApplication.refresh(SpringApplication.java:754) ~[spring-boot-3.3.0.jar:3.3.0]
	at org.springframework.boot.SpringApplication.refreshContext(SpringApplication.java:456) ~[spring-boot-3.3.0.jar:3.3.0]
	at org.springframework.boot.SpringApplication.run(SpringApplication.java:335) ~[spring-boot-3.3.0.jar:3.3.0]
	at org.springframework.boot.test.context.SpringBootContextLoader.lambda$loadContext$3(SpringBootContextLoader.java:137) ~[spring-boot-test-3.3.0.jar:3.3.0]
	at org.springframework.util.function.ThrowingSupplier.get(ThrowingSupplier.java:58) ~[spring-core-6.1.8.jar:6.1.8]
	at org.springframework.util.function.ThrowingSupplier.get(ThrowingSupplier.java:46) ~[spring-core-6.1.8.jar:6.1.8]
	at org.springframework.boot.SpringApplication.withHook(SpringApplication.java:1463) ~[spring-boot-3.3.0.jar:3.3.0]
	at org.springframework.boot.test.context.SpringBootContextLoader$ContextLoaderHook.run(SpringBootContextLoader.java:553) ~[spring-boot-test-3.3.0.jar:3.3.0]
	at org.springframework.boot.test.context.SpringBootContextLoader.loadContext(SpringBootContextLoader.java:137) ~[spring-boot-test-3.3.0.jar:3.3.0]
	at org.springframework.boot.test.context.SpringBootContextLoader.loadContext(SpringBootContextLoader.java:108) ~[spring-boot-test-3.3.0.jar:3.3.0]
	at org.springframework.test.context.cache.DefaultCacheAwareContextLoaderDelegate.loadContextInternal(DefaultCacheAwareContextLoaderDelegate.java:225) ~[spring-test-6.1.8.jar:6.1.8]
	at org.springframework.test.context.cache.DefaultCacheAwareContextLoaderDelegate.loadContext(DefaultCacheAwareContextLoaderDelegate.java:152) ~[spring-test-6.1.8.jar:6.1.8]
	at org.springframework.test.context.support.DefaultTestContext.getApplicationContext(DefaultTestContext.java:130) ~[spring-test-6.1.8.jar:6.1.8]
	at org.springframework.test.context.web.ServletTestExecutionListener.setUpRequestContextIfNecessary(ServletTestExecutionListener.java:191) ~[spring-test-6.1.8.jar:6.1.8]
	at org.springframework.test.context.web.ServletTestExecutionListener.prepareTestInstance(ServletTestExecutionListener.java:130) ~[spring-test-6.1.8.jar:6.1.8]
	at org.springframework.test.context.TestContextManager.prepareTestInstance(TestContextManager.java:260) ~[spring-test-6.1.8.jar:6.1.8]
	at org.springframework.test.context.junit.jupiter.SpringExtension.postProcessTestInstance(SpringExtension.java:163) ~[spring-test-6.1.8.jar:6.1.8]
	at org.junit.jupiter.engine.descriptor.ClassBasedTestDescriptor.lambda$invokeTestInstancePostProcessors$10(ClassBasedTestDescriptor.java:378) ~[junit-jupiter-engine-5.10.2.jar:5.10.2]
	at org.junit.jupiter.engine.descriptor.ClassBasedTestDescriptor.executeAndMaskThrowable(ClassBasedTestDescriptor.java:383) ~[junit-jupiter-engine-5.10.2.jar:5.10.2]
	at org.junit.jupiter.engine.descriptor.ClassBasedTestDescriptor.lambda$invokeTestInstancePostProcessors$11(ClassBasedTestDescriptor.java:378) ~[junit-jupiter-engine-5.10.2.jar:5.10.2]
	at java.base/java.util.stream.ReferencePipeline$3$1.accept(ReferencePipeline.java:197) ~[na:na]
	at java.base/java.util.stream.ReferencePipeline$2$1.accept(ReferencePipeline.java:179) ~[na:na]
	at java.base/java.util.ArrayList$ArrayListSpliterator.forEachRemaining(ArrayList.java:1708) ~[na:na]
	at java.base/java.util.stream.AbstractPipeline.copyInto(AbstractPipeline.java:509) ~[na:na]
	at java.base/java.util.stream.AbstractPipeline.wrapAndCopyInto(AbstractPipeline.java:499) ~[na:na]
	at java.base/java.util.stream.StreamSpliterators$WrappingSpliterator.forEachRemaining(StreamSpliterators.java:310) ~[na:na]
	at java.base/java.util.stream.Streams$ConcatSpliterator.forEachRemaining(Streams.java:735) ~[na:na]
	at java.base/java.util.stream.Streams$ConcatSpliterator.forEachRemaining(Streams.java:734) ~[na:na]
	at java.base/java.util.stream.ReferencePipeline$Head.forEach(ReferencePipeline.java:762) ~[na:na]
	at org.junit.jupiter.engine.descriptor.ClassBasedTestDescriptor.invokeTestInstancePostProcessors(ClassBasedTestDescriptor.java:377) ~[junit-jupiter-engine-5.10.2.jar:5.10.2]
	at org.junit.jupiter.engine.descriptor.ClassBasedTestDescriptor.lambda$instantiateAndPostProcessTestInstance$6(ClassBasedTestDescriptor.java:290) ~[junit-jupiter-engine-5.10.2.jar:5.10.2]
	at org.junit.platform.engine.support.hierarchical.ThrowableCollector.execute(ThrowableCollector.java:73) ~[junit-platform-engine-1.10.2.jar:1.10.2]
	at org.junit.jupiter.engine.descriptor.ClassBasedTestDescriptor.instantiateAndPostProcessTestInstance(ClassBasedTestDescriptor.java:289) ~[junit-jupiter-engine-5.10.2.jar:5.10.2]
	at org.junit.jupiter.engine.descriptor.ClassBasedTestDescriptor.lambda$testInstancesProvider$4(ClassBasedTestDescriptor.java:279) ~[junit-jupiter-engine-5.10.2.jar:5.10.2]
	at java.base/java.util.Optional.orElseGet(Optional.java:364) ~[na:na]
	at org.junit.jupiter.engine.descriptor.ClassBasedTestDescriptor.lambda$testInstancesProvider$5(ClassBasedTestDescriptor.java:278) ~[junit-jupiter-engine-5.10.2.jar:5.10.2]
	at org.junit.jupiter.engine.execution.TestInstancesProvider.getTestInstances(TestInstancesProvider.java:31) ~[junit-jupiter-engine-5.10.2.jar:5.10.2]
	at org.junit.jupiter.engine.descriptor.TestMethodTestDescriptor.lambda$prepare$0(TestMethodTestDescriptor.java:106) ~[junit-jupiter-engine-5.10.2.jar:5.10.2]
	at org.junit.platform.engine.support.hierarchical.ThrowableCollector.execute(ThrowableCollector.java:73) ~[junit-platform-engine-1.10.2.jar:1.10.2]
	at org.junit.jupiter.engine.descriptor.TestMethodTestDescriptor.prepare(TestMethodTestDescriptor.java:105) ~[junit-jupiter-engine-5.10.2.jar:5.10.2]
	at org.junit.jupiter.engine.descriptor.TestMethodTestDescriptor.prepare(TestMethodTestDescriptor.java:69) ~[junit-jupiter-engine-5.10.2.jar:5.10.2]
	at org.junit.platform.engine.support.hierarchical.NodeTestTask.lambda$prepare$2(NodeTestTask.java:123) ~[junit-platform-engine-1.10.2.jar:1.10.2]
	at org.junit.platform.engine.support.hierarchical.ThrowableCollector.execute(ThrowableCollector.java:73) ~[junit-platform-engine-1.10.2.jar:1.10.2]
	at org.junit.platform.engine.support.hierarchical.NodeTestTask.prepare(NodeTestTask.java:123) ~[junit-platform-engine-1.10.2.jar:1.10.2]
	at org.junit.platform.engine.support.hierarchical.NodeTestTask.execute(NodeTestTask.java:90) ~[junit-platform-engine-1.10.2.jar:1.10.2]
	at java.base/java.util.ArrayList.forEach(ArrayList.java:1596) ~[na:na]
	at org.junit.platform.engine.support.hierarchical.SameThreadHierarchicalTestExecutorService.invokeAll(SameThreadHierarchicalTestExecutorService.java:41) ~[junit-platform-engine-1.10.2.jar:1.10.2]
	at org.junit.platform.engine.support.hierarchical.NodeTestTask.lambda$executeRecursively$6(NodeTestTask.java:155) ~[junit-platform-engine-1.10.2.jar:1.10.2]
	at org.junit.platform.engine.support.hierarchical.ThrowableCollector.execute(ThrowableCollector.java:73) ~[junit-platform-engine-1.10.2.jar:1.10.2]
	at org.junit.platform.engine.support.hierarchical.NodeTestTask.lambda$executeRecursively$8(NodeTestTask.java:141) ~[junit-platform-engine-1.10.2.jar:1.10.2]
	at org.junit.platform.engine.support.hierarchical.Node.around(Node.java:137) ~[junit-platform-engine-1.10.2.jar:1.10.2]
	at org.junit.platform.engine.support.hierarchical.NodeTestTask.lambda$executeRecursively$9(NodeTestTask.java:139) ~[junit-platform-engine-1.10.2.jar:1.10.2]
	at org.junit.platform.engine.support.hierarchical.ThrowableCollector.execute(ThrowableCollector.java:73) ~[junit-platform-engine-1.10.2.jar:1.10.2]
	at org.junit.platform.engine.support.hierarchical.NodeTestTask.executeRecursively(NodeTestTask.java:138) ~[junit-platform-engine-1.10.2.jar:1.10.2]
	at org.junit.platform.engine.support.hierarchical.NodeTestTask.execute(NodeTestTask.java:95) ~[junit-platform-engine-1.10.2.jar:1.10.2]
	at java.base/java.util.ArrayList.forEach(ArrayList.java:1596) ~[na:na]
	at org.junit.platform.engine.support.hierarchical.SameThreadHierarchicalTestExecutorService.invokeAll(SameThreadHierarchicalTestExecutorService.java:41) ~[junit-platform-engine-1.10.2.jar:1.10.2]
	at org.junit.platform.engine.support.hierarchical.NodeTestTask.lambda$executeRecursively$6(NodeTestTask.java:155) ~[junit-platform-engine-1.10.2.jar:1.10.2]
	at org.junit.platform.engine.support.hierarchical.ThrowableCollector.execute(ThrowableCollector.java:73) ~[junit-platform-engine-1.10.2.jar:1.10.2]
	at org.junit.platform.engine.support.hierarchical.NodeTestTask.lambda$executeRecursively$8(NodeTestTask.java:141) ~[junit-platform-engine-1.10.2.jar:1.10.2]
	at org.junit.platform.engine.support.hierarchical.Node.around(Node.java:137) ~[junit-platform-engine-1.10.2.jar:1.10.2]
	at org.junit.platform.engine.support.hierarchical.NodeTestTask.lambda$executeRecursively$9(NodeTestTask.java:139) ~[junit-platform-engine-1.10.2.jar:1.10.2]
	at org.junit.platform.engine.support.hierarchical.ThrowableCollector.execute(ThrowableCollector.java:73) ~[junit-platform-engine-1.10.2.jar:1.10.2]
	at org.junit.platform.engine.support.hierarchical.NodeTestTask.executeRecursively(NodeTestTask.java:138) ~[junit-platform-engine-1.10.2.jar:1.10.2]
	at org.junit.platform.engine.support.hierarchical.NodeTestTask.execute(NodeTestTask.java:95) ~[junit-platform-engine-1.10.2.jar:1.10.2]
	at org.junit.platform.engine.support.hierarchical.SameThreadHierarchicalTestExecutorService.submit(SameThreadHierarchicalTestExecutorService.java:35) ~[junit-platform-engine-1.10.2.jar:1.10.2]
	at org.junit.platform.engine.support.hierarchical.HierarchicalTestExecutor.execute(HierarchicalTestExecutor.java:57) ~[junit-platform-engine-1.10.2.jar:1.10.2]
	at org.junit.platform.engine.support.hierarchical.HierarchicalTestEngine.execute(HierarchicalTestEngine.java:54) ~[junit-platform-engine-1.10.2.jar:1.10.2]
	at org.junit.platform.launcher.core.EngineExecutionOrchestrator.execute(EngineExecutionOrchestrator.java:198) ~[junit-platform-launcher-1.10.2.jar:1.10.2]
	at org.junit.platform.launcher.core.EngineExecutionOrchestrator.execute(EngineExecutionOrchestrator.java:169) ~[junit-platform-launcher-1.10.2.jar:1.10.2]
	at org.junit.platform.launcher.core.EngineExecutionOrchestrator.execute(EngineExecutionOrchestrator.java:93) ~[junit-platform-launcher-1.10.2.jar:1.10.2]
	at org.junit.platform.launcher.core.EngineExecutionOrchestrator.lambda$execute$0(EngineExecutionOrchestrator.java:58) ~[junit-platform-launcher-1.10.2.jar:1.10.2]
	at org.junit.platform.launcher.core.EngineExecutionOrchestrator.withInterceptedStreams(EngineExecutionOrchestrator.java:141) ~[junit-platform-launcher-1.10.2.jar:1.10.2]
	at org.junit.platform.launcher.core.EngineExecutionOrchestrator.execute(EngineExecutionOrchestrator.java:57) ~[junit-platform-launcher-1.10.2.jar:1.10.2]
	at org.junit.platform.launcher.core.DefaultLauncher.execute(DefaultLauncher.java:103) ~[junit-platform-launcher-1.10.2.jar:1.10.2]
	at org.junit.platform.launcher.core.DefaultLauncher.execute(DefaultLauncher.java:85) ~[junit-platform-launcher-1.10.2.jar:1.10.2]
	at org.junit.platform.launcher.core.DelegatingLauncher.execute(DelegatingLauncher.java:47) ~[junit-platform-launcher-1.10.2.jar:1.10.2]
	at org.apache.maven.surefire.junitplatform.LazyLauncher.execute(LazyLauncher.java:56) ~[surefire-junit-platform-3.2.5.jar:3.2.5]
	at org.apache.maven.surefire.junitplatform.JUnitPlatformProvider.execute(JUnitPlatformProvider.java:184) ~[surefire-junit-platform-3.2.5.jar:3.2.5]
	at org.apache.maven.surefire.junitplatform.JUnitPlatformProvider.invokeAllTests(JUnitPlatformProvider.java:148) ~[surefire-junit-platform-3.2.5.jar:3.2.5]
	at org.apache.maven.surefire.junitplatform.JUnitPlatformProvider.invoke(JUnitPlatformProvider.java:122) ~[surefire-junit-platform-3.2.5.jar:3.2.5]
	at org.apache.maven.surefire.booter.ForkedBooter.runSuitesInProcess(ForkedBooter.java:385) ~[surefire-booter-3.2.5.jar:3.2.5]
	at org.apache.maven.surefire.booter.ForkedBooter.execute(ForkedBooter.java:162) ~[surefire-booter-3.2.5.jar:3.2.5]
	at org.apache.maven.surefire.booter.ForkedBooter.run(ForkedBooter.java:507) ~[surefire-booter-3.2.5.jar:3.2.5]
	at org.apache.maven.surefire.booter.ForkedBooter.main(ForkedBooter.java:495) ~[surefire-booter-3.2.5.jar:3.2.5]

2024-06-12T14:28:35.232+03:00 DEBUG 12012 --- [URL Shortener] [           main] o.s.d.jpa.repository.query.NamedQuery    : Did not find named query UrlProfile.getAllActiveUrlsByUserId.count
2024-06-12T14:28:35.232+03:00 DEBUG 12012 --- [URL Shortener] [           main] tor$SharedEntityManagerInvocationHandler : Creating new EntityManager for shared EntityManager invocation
2024-06-12T14:28:35.233+03:00 DEBUG 12012 --- [URL Shortener] [           main] org.hibernate.orm.query.hql              : HQL : SELECT u FROM UrlProfile u WHERE u.validTo > CURRENT_TIMESTAMP AND u.user.id = :userId
2024-06-12T14:28:35.241+03:00 DEBUG 12012 --- [URL Shortener] [           main] o.h.o.q.hql.reservedWordAsIdentifier     : Encountered use of reserved word as identifier : =
2024-06-12T14:28:35.243+03:00 DEBUG 12012 --- [URL Shortener] [           main] org.hibernate.orm.query.sqm.creation     : Applying inferable type to SqmExpression [SqmNamedParameter(userId)] : null -> SqmBasicValuedSimplePath(com.example.url_profile.UrlProfile(u).user.id)
2024-06-12T14:28:35.244+03:00 DEBUG 12012 --- [URL Shortener] [           main] org.hibernate.orm.query.sqm.ast          : SqmStatement Tree :
    -> [select]
      -> [query-spec]
        -> [select]
          -> [selection]
            -> [root] - `com.example.url_profile.UrlProfile(u)`
            <- [root] - `com.example.url_profile.UrlProfile(u)`
          <- [selection]
        <- [select]
        -> [from]
          -> [root] - `com.example.url_profile.UrlProfile(u)`
          <- [root] - `com.example.url_profile.UrlProfile(u)`
        <- [from]
        -> [where]
          -> [and]
            -> [GREATER_THAN]
                -> [basic-path] - `com.example.url_profile.UrlProfile(u).validTo`
            <- [GREATER_THAN]
            -> [EQUAL]
                -> [basic-path] - `com.example.url_profile.UrlProfile(u).user.id`
                :userId
            <- [EQUAL]
          <- [and]
        <- [where]
      <- [query-spec]
    <- [select]

2024-06-12T14:28:35.251+03:00 DEBUG 12012 --- [URL Shortener] [           main] o.s.d.r.c.s.RepositoryFactorySupport     : Finished creation of repository instance for com.example.url_profile.UrlProfileRepository.
2024-06-12T14:28:35.255+03:00 DEBUG 12012 --- [URL Shortener] [           main] o.s.b.f.s.DefaultListableBeanFactory     : Creating shared instance of singleton bean 'urlProfileMapper'
2024-06-12T14:28:35.257+03:00 DEBUG 12012 --- [URL Shortener] [           main] o.s.b.f.s.DefaultListableBeanFactory     : Creating shared instance of singleton bean 'userService'
2024-06-12T14:28:35.258+03:00 DEBUG 12012 --- [URL Shortener] [           main] o.s.b.f.s.DefaultListableBeanFactory     : Autowiring by type from bean name 'userService' via constructor to bean named 'userRepository'
2024-06-12T14:28:35.258+03:00 DEBUG 12012 --- [URL Shortener] [           main] o.s.b.f.s.DefaultListableBeanFactory     : Autowiring by type from bean name 'userService' via constructor to bean named 'roleService'
2024-06-12T14:28:35.259+03:00 DEBUG 12012 --- [URL Shortener] [           main] o.s.b.f.s.DefaultListableBeanFactory     : Autowiring by type from bean name 'urlProfileService' via constructor to bean named 'urlProfileRepository'
2024-06-12T14:28:35.259+03:00 DEBUG 12012 --- [URL Shortener] [           main] o.s.b.f.s.DefaultListableBeanFactory     : Autowiring by type from bean name 'urlProfileService' via constructor to bean named 'urlProfileMapper'
2024-06-12T14:28:35.285+03:00 DEBUG 12012 --- [URL Shortener] [           main] o.s.b.f.s.DefaultListableBeanFactory     : Creating shared instance of singleton bean 'urlProfileValidationService'
2024-06-12T14:28:35.286+03:00 DEBUG 12012 --- [URL Shortener] [           main] o.s.b.f.s.DefaultListableBeanFactory     : Creating shared instance of singleton bean 'urlViewService'
2024-06-12T14:28:35.288+03:00 DEBUG 12012 --- [URL Shortener] [           main] o.s.b.f.s.DefaultListableBeanFactory     : Creating shared instance of singleton bean 'urlViewRepository'
2024-06-12T14:28:35.288+03:00 DEBUG 12012 --- [URL Shortener] [           main] o.s.b.f.s.DefaultListableBeanFactory     : Creating shared instance of singleton bean 'jpa.named-queries#2'
2024-06-12T14:28:35.289+03:00 DEBUG 12012 --- [URL Shortener] [           main] o.s.b.f.s.DefaultListableBeanFactory     : Creating shared instance of singleton bean 'jpa.UrlViewRepository.fragments#0'
2024-06-12T14:28:35.290+03:00 DEBUG 12012 --- [URL Shortener] [           main] tor$SharedEntityManagerInvocationHandler : Creating new EntityManager for shared EntityManager invocation
2024-06-12T14:28:35.290+03:00 DEBUG 12012 --- [URL Shortener] [           main] o.s.d.r.c.s.RepositoryFactorySupport     : Initializing repository instance for com.example.url_view.UrlViewRepository…
2024-06-12T14:28:35.291+03:00 DEBUG 12012 --- [URL Shortener] [           main] tor$SharedEntityManagerInvocationHandler : Creating new EntityManager for shared EntityManager invocation
2024-06-12T14:28:35.293+03:00 DEBUG 12012 --- [URL Shortener] [           main] cResourceLocalTransactionCoordinatorImpl : JDBC transaction marked for rollback-only (exception provided for stack trace)

java.lang.Exception: exception just for purpose of providing stack trace
	at org.hibernate.resource.transaction.backend.jdbc.internal.JdbcResourceLocalTransactionCoordinatorImpl$TransactionDriverControlImpl.markRollbackOnly(JdbcResourceLocalTransactionCoordinatorImpl.java:309) ~[hibernate-core-6.5.2.Final.jar:6.5.2.Final]
	at org.hibernate.internal.AbstractSharedSessionContract.buildNamedQuery(AbstractSharedSessionContract.java:1109) ~[hibernate-core-6.5.2.Final.jar:6.5.2.Final]
	at org.hibernate.internal.AbstractSharedSessionContract.createNamedQuery(AbstractSharedSessionContract.java:987) ~[hibernate-core-6.5.2.Final.jar:6.5.2.Final]
	at org.hibernate.internal.AbstractSharedSessionContract.createNamedQuery(AbstractSharedSessionContract.java:140) ~[hibernate-core-6.5.2.Final.jar:6.5.2.Final]
	at java.base/jdk.internal.reflect.DirectMethodHandleAccessor.invoke(DirectMethodHandleAccessor.java:103) ~[na:na]
	at java.base/java.lang.reflect.Method.invoke(Method.java:580) ~[na:na]
	at org.springframework.orm.jpa.ExtendedEntityManagerCreator$ExtendedEntityManagerInvocationHandler.invoke(ExtendedEntityManagerCreator.java:364) ~[spring-orm-6.1.8.jar:6.1.8]
	at jdk.proxy2/jdk.proxy2.$Proxy174.createNamedQuery(Unknown Source) ~[na:na]
	at org.springframework.data.jpa.repository.query.NamedQuery.hasNamedQuery(NamedQuery.java:112) ~[spring-data-jpa-3.3.0.jar:3.3.0]
	at org.springframework.data.jpa.repository.query.JpaQueryLookupStrategy$DeclaredQueryLookupStrategy.getCountQuery(JpaQueryLookupStrategy.java:204) ~[spring-data-jpa-3.3.0.jar:3.3.0]
	at org.springframework.data.jpa.repository.query.JpaQueryLookupStrategy$DeclaredQueryLookupStrategy.resolveQuery(JpaQueryLookupStrategy.java:171) ~[spring-data-jpa-3.3.0.jar:3.3.0]
	at org.springframework.data.jpa.repository.query.JpaQueryLookupStrategy$CreateIfNotFoundQueryLookupStrategy.resolveQuery(JpaQueryLookupStrategy.java:252) ~[spring-data-jpa-3.3.0.jar:3.3.0]
	at org.springframework.data.jpa.repository.query.JpaQueryLookupStrategy$AbstractQueryLookupStrategy.resolveQuery(JpaQueryLookupStrategy.java:95) ~[spring-data-jpa-3.3.0.jar:3.3.0]
	at org.springframework.data.repository.core.support.QueryExecutorMethodInterceptor.lookupQuery(QueryExecutorMethodInterceptor.java:111) ~[spring-data-commons-3.3.0.jar:3.3.0]
	at org.springframework.data.repository.core.support.QueryExecutorMethodInterceptor.mapMethodsToQuery(QueryExecutorMethodInterceptor.java:99) ~[spring-data-commons-3.3.0.jar:3.3.0]
	at org.springframework.data.repository.core.support.QueryExecutorMethodInterceptor.lambda$new$0(QueryExecutorMethodInterceptor.java:88) ~[spring-data-commons-3.3.0.jar:3.3.0]
	at java.base/java.util.Optional.map(Optional.java:260) ~[na:na]
	at org.springframework.data.repository.core.support.QueryExecutorMethodInterceptor.<init>(QueryExecutorMethodInterceptor.java:88) ~[spring-data-commons-3.3.0.jar:3.3.0]
	at org.springframework.data.repository.core.support.RepositoryFactorySupport.getRepository(RepositoryFactorySupport.java:357) ~[spring-data-commons-3.3.0.jar:3.3.0]
	at org.springframework.data.repository.core.support.RepositoryFactoryBeanSupport.lambda$afterPropertiesSet$5(RepositoryFactoryBeanSupport.java:286) ~[spring-data-commons-3.3.0.jar:3.3.0]
	at org.springframework.data.util.Lazy.getNullable(Lazy.java:135) ~[spring-data-commons-3.3.0.jar:3.3.0]
	at org.springframework.data.util.Lazy.get(Lazy.java:113) ~[spring-data-commons-3.3.0.jar:3.3.0]
	at org.springframework.data.repository.core.support.RepositoryFactoryBeanSupport.afterPropertiesSet(RepositoryFactoryBeanSupport.java:292) ~[spring-data-commons-3.3.0.jar:3.3.0]
	at org.springframework.data.jpa.repository.support.JpaRepositoryFactoryBean.afterPropertiesSet(JpaRepositoryFactoryBean.java:132) ~[spring-data-jpa-3.3.0.jar:3.3.0]
	at org.springframework.beans.factory.support.AbstractAutowireCapableBeanFactory.invokeInitMethods(AbstractAutowireCapableBeanFactory.java:1835) ~[spring-beans-6.1.8.jar:6.1.8]
	at org.springframework.beans.factory.support.AbstractAutowireCapableBeanFactory.initializeBean(AbstractAutowireCapableBeanFactory.java:1784) ~[spring-beans-6.1.8.jar:6.1.8]
	at org.springframework.beans.factory.support.AbstractAutowireCapableBeanFactory.doCreateBean(AbstractAutowireCapableBeanFactory.java:600) ~[spring-beans-6.1.8.jar:6.1.8]
	at org.springframework.beans.factory.support.AbstractAutowireCapableBeanFactory.createBean(AbstractAutowireCapableBeanFactory.java:522) ~[spring-beans-6.1.8.jar:6.1.8]
	at org.springframework.beans.factory.support.AbstractBeanFactory.lambda$doGetBean$0(AbstractBeanFactory.java:337) ~[spring-beans-6.1.8.jar:6.1.8]
	at org.springframework.beans.factory.support.DefaultSingletonBeanRegistry.getSingleton(DefaultSingletonBeanRegistry.java:234) ~[spring-beans-6.1.8.jar:6.1.8]
	at org.springframework.beans.factory.support.AbstractBeanFactory.doGetBean(AbstractBeanFactory.java:335) ~[spring-beans-6.1.8.jar:6.1.8]
	at org.springframework.beans.factory.support.AbstractBeanFactory.getBean(AbstractBeanFactory.java:200) ~[spring-beans-6.1.8.jar:6.1.8]
	at org.springframework.beans.factory.config.DependencyDescriptor.resolveCandidate(DependencyDescriptor.java:254) ~[spring-beans-6.1.8.jar:6.1.8]
	at org.springframework.beans.factory.support.DefaultListableBeanFactory.doResolveDependency(DefaultListableBeanFactory.java:1443) ~[spring-beans-6.1.8.jar:6.1.8]
	at org.springframework.beans.factory.support.DefaultListableBeanFactory.resolveDependency(DefaultListableBeanFactory.java:1353) ~[spring-beans-6.1.8.jar:6.1.8]
	at org.springframework.beans.factory.support.ConstructorResolver.resolveAutowiredArgument(ConstructorResolver.java:904) ~[spring-beans-6.1.8.jar:6.1.8]
	at org.springframework.beans.factory.support.ConstructorResolver.createArgumentArray(ConstructorResolver.java:782) ~[spring-beans-6.1.8.jar:6.1.8]
	at org.springframework.beans.factory.support.ConstructorResolver.autowireConstructor(ConstructorResolver.java:237) ~[spring-beans-6.1.8.jar:6.1.8]
	at org.springframework.beans.factory.support.AbstractAutowireCapableBeanFactory.autowireConstructor(AbstractAutowireCapableBeanFactory.java:1357) ~[spring-beans-6.1.8.jar:6.1.8]
	at org.springframework.beans.factory.support.AbstractAutowireCapableBeanFactory.createBeanInstance(AbstractAutowireCapableBeanFactory.java:1194) ~[spring-beans-6.1.8.jar:6.1.8]
	at org.springframework.beans.factory.support.AbstractAutowireCapableBeanFactory.doCreateBean(AbstractAutowireCapableBeanFactory.java:562) ~[spring-beans-6.1.8.jar:6.1.8]
	at org.springframework.beans.factory.support.AbstractAutowireCapableBeanFactory.createBean(AbstractAutowireCapableBeanFactory.java:522) ~[spring-beans-6.1.8.jar:6.1.8]
	at org.springframework.beans.factory.support.AbstractBeanFactory.lambda$doGetBean$0(AbstractBeanFactory.java:337) ~[spring-beans-6.1.8.jar:6.1.8]
	at org.springframework.beans.factory.support.DefaultSingletonBeanRegistry.getSingleton(DefaultSingletonBeanRegistry.java:234) ~[spring-beans-6.1.8.jar:6.1.8]
	at org.springframework.beans.factory.support.AbstractBeanFactory.doGetBean(AbstractBeanFactory.java:335) ~[spring-beans-6.1.8.jar:6.1.8]
	at org.springframework.beans.factory.support.AbstractBeanFactory.getBean(AbstractBeanFactory.java:200) ~[spring-beans-6.1.8.jar:6.1.8]
	at org.springframework.beans.factory.config.DependencyDescriptor.resolveCandidate(DependencyDescriptor.java:254) ~[spring-beans-6.1.8.jar:6.1.8]
	at org.springframework.beans.factory.support.DefaultListableBeanFactory.doResolveDependency(DefaultListableBeanFactory.java:1443) ~[spring-beans-6.1.8.jar:6.1.8]
	at org.springframework.beans.factory.support.DefaultListableBeanFactory.resolveDependency(DefaultListableBeanFactory.java:1353) ~[spring-beans-6.1.8.jar:6.1.8]
	at org.springframework.beans.factory.support.ConstructorResolver.resolveAutowiredArgument(ConstructorResolver.java:904) ~[spring-beans-6.1.8.jar:6.1.8]
	at org.springframework.beans.factory.support.ConstructorResolver.createArgumentArray(ConstructorResolver.java:782) ~[spring-beans-6.1.8.jar:6.1.8]
	at org.springframework.beans.factory.support.ConstructorResolver.autowireConstructor(ConstructorResolver.java:237) ~[spring-beans-6.1.8.jar:6.1.8]
	at org.springframework.beans.factory.support.AbstractAutowireCapableBeanFactory.autowireConstructor(AbstractAutowireCapableBeanFactory.java:1357) ~[spring-beans-6.1.8.jar:6.1.8]
	at org.springframework.beans.factory.support.AbstractAutowireCapableBeanFactory.createBeanInstance(AbstractAutowireCapableBeanFactory.java:1194) ~[spring-beans-6.1.8.jar:6.1.8]
	at org.springframework.beans.factory.support.AbstractAutowireCapableBeanFactory.doCreateBean(AbstractAutowireCapableBeanFactory.java:562) ~[spring-beans-6.1.8.jar:6.1.8]
	at org.springframework.beans.factory.support.AbstractAutowireCapableBeanFactory.createBean(AbstractAutowireCapableBeanFactory.java:522) ~[spring-beans-6.1.8.jar:6.1.8]
	at org.springframework.beans.factory.support.AbstractBeanFactory.lambda$doGetBean$0(AbstractBeanFactory.java:337) ~[spring-beans-6.1.8.jar:6.1.8]
	at org.springframework.beans.factory.support.DefaultSingletonBeanRegistry.getSingleton(DefaultSingletonBeanRegistry.java:234) ~[spring-beans-6.1.8.jar:6.1.8]
	at org.springframework.beans.factory.support.AbstractBeanFactory.doGetBean(AbstractBeanFactory.java:335) ~[spring-beans-6.1.8.jar:6.1.8]
	at org.springframework.beans.factory.support.AbstractBeanFactory.getBean(AbstractBeanFactory.java:200) ~[spring-beans-6.1.8.jar:6.1.8]
	at org.springframework.beans.factory.support.DefaultListableBeanFactory.preInstantiateSingletons(DefaultListableBeanFactory.java:975) ~[spring-beans-6.1.8.jar:6.1.8]
	at org.springframework.context.support.AbstractApplicationContext.finishBeanFactoryInitialization(AbstractApplicationContext.java:962) ~[spring-context-6.1.8.jar:6.1.8]
	at org.springframework.context.support.AbstractApplicationContext.refresh(AbstractApplicationContext.java:624) ~[spring-context-6.1.8.jar:6.1.8]
	at org.springframework.boot.SpringApplication.refresh(SpringApplication.java:754) ~[spring-boot-3.3.0.jar:3.3.0]
	at org.springframework.boot.SpringApplication.refreshContext(SpringApplication.java:456) ~[spring-boot-3.3.0.jar:3.3.0]
	at org.springframework.boot.SpringApplication.run(SpringApplication.java:335) ~[spring-boot-3.3.0.jar:3.3.0]
	at org.springframework.boot.test.context.SpringBootContextLoader.lambda$loadContext$3(SpringBootContextLoader.java:137) ~[spring-boot-test-3.3.0.jar:3.3.0]
	at org.springframework.util.function.ThrowingSupplier.get(ThrowingSupplier.java:58) ~[spring-core-6.1.8.jar:6.1.8]
	at org.springframework.util.function.ThrowingSupplier.get(ThrowingSupplier.java:46) ~[spring-core-6.1.8.jar:6.1.8]
	at org.springframework.boot.SpringApplication.withHook(SpringApplication.java:1463) ~[spring-boot-3.3.0.jar:3.3.0]
	at org.springframework.boot.test.context.SpringBootContextLoader$ContextLoaderHook.run(SpringBootContextLoader.java:553) ~[spring-boot-test-3.3.0.jar:3.3.0]
	at org.springframework.boot.test.context.SpringBootContextLoader.loadContext(SpringBootContextLoader.java:137) ~[spring-boot-test-3.3.0.jar:3.3.0]
	at org.springframework.boot.test.context.SpringBootContextLoader.loadContext(SpringBootContextLoader.java:108) ~[spring-boot-test-3.3.0.jar:3.3.0]
	at org.springframework.test.context.cache.DefaultCacheAwareContextLoaderDelegate.loadContextInternal(DefaultCacheAwareContextLoaderDelegate.java:225) ~[spring-test-6.1.8.jar:6.1.8]
	at org.springframework.test.context.cache.DefaultCacheAwareContextLoaderDelegate.loadContext(DefaultCacheAwareContextLoaderDelegate.java:152) ~[spring-test-6.1.8.jar:6.1.8]
	at org.springframework.test.context.support.DefaultTestContext.getApplicationContext(DefaultTestContext.java:130) ~[spring-test-6.1.8.jar:6.1.8]
	at org.springframework.test.context.web.ServletTestExecutionListener.setUpRequestContextIfNecessary(ServletTestExecutionListener.java:191) ~[spring-test-6.1.8.jar:6.1.8]
	at org.springframework.test.context.web.ServletTestExecutionListener.prepareTestInstance(ServletTestExecutionListener.java:130) ~[spring-test-6.1.8.jar:6.1.8]
	at org.springframework.test.context.TestContextManager.prepareTestInstance(TestContextManager.java:260) ~[spring-test-6.1.8.jar:6.1.8]
	at org.springframework.test.context.junit.jupiter.SpringExtension.postProcessTestInstance(SpringExtension.java:163) ~[spring-test-6.1.8.jar:6.1.8]
	at org.junit.jupiter.engine.descriptor.ClassBasedTestDescriptor.lambda$invokeTestInstancePostProcessors$10(ClassBasedTestDescriptor.java:378) ~[junit-jupiter-engine-5.10.2.jar:5.10.2]
	at org.junit.jupiter.engine.descriptor.ClassBasedTestDescriptor.executeAndMaskThrowable(ClassBasedTestDescriptor.java:383) ~[junit-jupiter-engine-5.10.2.jar:5.10.2]
	at org.junit.jupiter.engine.descriptor.ClassBasedTestDescriptor.lambda$invokeTestInstancePostProcessors$11(ClassBasedTestDescriptor.java:378) ~[junit-jupiter-engine-5.10.2.jar:5.10.2]
	at java.base/java.util.stream.ReferencePipeline$3$1.accept(ReferencePipeline.java:197) ~[na:na]
	at java.base/java.util.stream.ReferencePipeline$2$1.accept(ReferencePipeline.java:179) ~[na:na]
	at java.base/java.util.ArrayList$ArrayListSpliterator.forEachRemaining(ArrayList.java:1708) ~[na:na]
	at java.base/java.util.stream.AbstractPipeline.copyInto(AbstractPipeline.java:509) ~[na:na]
	at java.base/java.util.stream.AbstractPipeline.wrapAndCopyInto(AbstractPipeline.java:499) ~[na:na]
	at java.base/java.util.stream.StreamSpliterators$WrappingSpliterator.forEachRemaining(StreamSpliterators.java:310) ~[na:na]
	at java.base/java.util.stream.Streams$ConcatSpliterator.forEachRemaining(Streams.java:735) ~[na:na]
	at java.base/java.util.stream.Streams$ConcatSpliterator.forEachRemaining(Streams.java:734) ~[na:na]
	at java.base/java.util.stream.ReferencePipeline$Head.forEach(ReferencePipeline.java:762) ~[na:na]
	at org.junit.jupiter.engine.descriptor.ClassBasedTestDescriptor.invokeTestInstancePostProcessors(ClassBasedTestDescriptor.java:377) ~[junit-jupiter-engine-5.10.2.jar:5.10.2]
	at org.junit.jupiter.engine.descriptor.ClassBasedTestDescriptor.lambda$instantiateAndPostProcessTestInstance$6(ClassBasedTestDescriptor.java:290) ~[junit-jupiter-engine-5.10.2.jar:5.10.2]
	at org.junit.platform.engine.support.hierarchical.ThrowableCollector.execute(ThrowableCollector.java:73) ~[junit-platform-engine-1.10.2.jar:1.10.2]
	at org.junit.jupiter.engine.descriptor.ClassBasedTestDescriptor.instantiateAndPostProcessTestInstance(ClassBasedTestDescriptor.java:289) ~[junit-jupiter-engine-5.10.2.jar:5.10.2]
	at org.junit.jupiter.engine.descriptor.ClassBasedTestDescriptor.lambda$testInstancesProvider$4(ClassBasedTestDescriptor.java:279) ~[junit-jupiter-engine-5.10.2.jar:5.10.2]
	at java.base/java.util.Optional.orElseGet(Optional.java:364) ~[na:na]
	at org.junit.jupiter.engine.descriptor.ClassBasedTestDescriptor.lambda$testInstancesProvider$5(ClassBasedTestDescriptor.java:278) ~[junit-jupiter-engine-5.10.2.jar:5.10.2]
	at org.junit.jupiter.engine.execution.TestInstancesProvider.getTestInstances(TestInstancesProvider.java:31) ~[junit-jupiter-engine-5.10.2.jar:5.10.2]
	at org.junit.jupiter.engine.descriptor.TestMethodTestDescriptor.lambda$prepare$0(TestMethodTestDescriptor.java:106) ~[junit-jupiter-engine-5.10.2.jar:5.10.2]
	at org.junit.platform.engine.support.hierarchical.ThrowableCollector.execute(ThrowableCollector.java:73) ~[junit-platform-engine-1.10.2.jar:1.10.2]
	at org.junit.jupiter.engine.descriptor.TestMethodTestDescriptor.prepare(TestMethodTestDescriptor.java:105) ~[junit-jupiter-engine-5.10.2.jar:5.10.2]
	at org.junit.jupiter.engine.descriptor.TestMethodTestDescriptor.prepare(TestMethodTestDescriptor.java:69) ~[junit-jupiter-engine-5.10.2.jar:5.10.2]
	at org.junit.platform.engine.support.hierarchical.NodeTestTask.lambda$prepare$2(NodeTestTask.java:123) ~[junit-platform-engine-1.10.2.jar:1.10.2]
	at org.junit.platform.engine.support.hierarchical.ThrowableCollector.execute(ThrowableCollector.java:73) ~[junit-platform-engine-1.10.2.jar:1.10.2]
	at org.junit.platform.engine.support.hierarchical.NodeTestTask.prepare(NodeTestTask.java:123) ~[junit-platform-engine-1.10.2.jar:1.10.2]
	at org.junit.platform.engine.support.hierarchical.NodeTestTask.execute(NodeTestTask.java:90) ~[junit-platform-engine-1.10.2.jar:1.10.2]
	at java.base/java.util.ArrayList.forEach(ArrayList.java:1596) ~[na:na]
	at org.junit.platform.engine.support.hierarchical.SameThreadHierarchicalTestExecutorService.invokeAll(SameThreadHierarchicalTestExecutorService.java:41) ~[junit-platform-engine-1.10.2.jar:1.10.2]
	at org.junit.platform.engine.support.hierarchical.NodeTestTask.lambda$executeRecursively$6(NodeTestTask.java:155) ~[junit-platform-engine-1.10.2.jar:1.10.2]
	at org.junit.platform.engine.support.hierarchical.ThrowableCollector.execute(ThrowableCollector.java:73) ~[junit-platform-engine-1.10.2.jar:1.10.2]
	at org.junit.platform.engine.support.hierarchical.NodeTestTask.lambda$executeRecursively$8(NodeTestTask.java:141) ~[junit-platform-engine-1.10.2.jar:1.10.2]
	at org.junit.platform.engine.support.hierarchical.Node.around(Node.java:137) ~[junit-platform-engine-1.10.2.jar:1.10.2]
	at org.junit.platform.engine.support.hierarchical.NodeTestTask.lambda$executeRecursively$9(NodeTestTask.java:139) ~[junit-platform-engine-1.10.2.jar:1.10.2]
	at org.junit.platform.engine.support.hierarchical.ThrowableCollector.execute(ThrowableCollector.java:73) ~[junit-platform-engine-1.10.2.jar:1.10.2]
	at org.junit.platform.engine.support.hierarchical.NodeTestTask.executeRecursively(NodeTestTask.java:138) ~[junit-platform-engine-1.10.2.jar:1.10.2]
	at org.junit.platform.engine.support.hierarchical.NodeTestTask.execute(NodeTestTask.java:95) ~[junit-platform-engine-1.10.2.jar:1.10.2]
	at java.base/java.util.ArrayList.forEach(ArrayList.java:1596) ~[na:na]
	at org.junit.platform.engine.support.hierarchical.SameThreadHierarchicalTestExecutorService.invokeAll(SameThreadHierarchicalTestExecutorService.java:41) ~[junit-platform-engine-1.10.2.jar:1.10.2]
	at org.junit.platform.engine.support.hierarchical.NodeTestTask.lambda$executeRecursively$6(NodeTestTask.java:155) ~[junit-platform-engine-1.10.2.jar:1.10.2]
	at org.junit.platform.engine.support.hierarchical.ThrowableCollector.execute(ThrowableCollector.java:73) ~[junit-platform-engine-1.10.2.jar:1.10.2]
	at org.junit.platform.engine.support.hierarchical.NodeTestTask.lambda$executeRecursively$8(NodeTestTask.java:141) ~[junit-platform-engine-1.10.2.jar:1.10.2]
	at org.junit.platform.engine.support.hierarchical.Node.around(Node.java:137) ~[junit-platform-engine-1.10.2.jar:1.10.2]
	at org.junit.platform.engine.support.hierarchical.NodeTestTask.lambda$executeRecursively$9(NodeTestTask.java:139) ~[junit-platform-engine-1.10.2.jar:1.10.2]
	at org.junit.platform.engine.support.hierarchical.ThrowableCollector.execute(ThrowableCollector.java:73) ~[junit-platform-engine-1.10.2.jar:1.10.2]
	at org.junit.platform.engine.support.hierarchical.NodeTestTask.executeRecursively(NodeTestTask.java:138) ~[junit-platform-engine-1.10.2.jar:1.10.2]
	at org.junit.platform.engine.support.hierarchical.NodeTestTask.execute(NodeTestTask.java:95) ~[junit-platform-engine-1.10.2.jar:1.10.2]
	at org.junit.platform.engine.support.hierarchical.SameThreadHierarchicalTestExecutorService.submit(SameThreadHierarchicalTestExecutorService.java:35) ~[junit-platform-engine-1.10.2.jar:1.10.2]
	at org.junit.platform.engine.support.hierarchical.HierarchicalTestExecutor.execute(HierarchicalTestExecutor.java:57) ~[junit-platform-engine-1.10.2.jar:1.10.2]
	at org.junit.platform.engine.support.hierarchical.HierarchicalTestEngine.execute(HierarchicalTestEngine.java:54) ~[junit-platform-engine-1.10.2.jar:1.10.2]
	at org.junit.platform.launcher.core.EngineExecutionOrchestrator.execute(EngineExecutionOrchestrator.java:198) ~[junit-platform-launcher-1.10.2.jar:1.10.2]
	at org.junit.platform.launcher.core.EngineExecutionOrchestrator.execute(EngineExecutionOrchestrator.java:169) ~[junit-platform-launcher-1.10.2.jar:1.10.2]
	at org.junit.platform.launcher.core.EngineExecutionOrchestrator.execute(EngineExecutionOrchestrator.java:93) ~[junit-platform-launcher-1.10.2.jar:1.10.2]
	at org.junit.platform.launcher.core.EngineExecutionOrchestrator.lambda$execute$0(EngineExecutionOrchestrator.java:58) ~[junit-platform-launcher-1.10.2.jar:1.10.2]
	at org.junit.platform.launcher.core.EngineExecutionOrchestrator.withInterceptedStreams(EngineExecutionOrchestrator.java:141) ~[junit-platform-launcher-1.10.2.jar:1.10.2]
	at org.junit.platform.launcher.core.EngineExecutionOrchestrator.execute(EngineExecutionOrchestrator.java:57) ~[junit-platform-launcher-1.10.2.jar:1.10.2]
	at org.junit.platform.launcher.core.DefaultLauncher.execute(DefaultLauncher.java:103) ~[junit-platform-launcher-1.10.2.jar:1.10.2]
	at org.junit.platform.launcher.core.DefaultLauncher.execute(DefaultLauncher.java:85) ~[junit-platform-launcher-1.10.2.jar:1.10.2]
	at org.junit.platform.launcher.core.DelegatingLauncher.execute(DelegatingLauncher.java:47) ~[junit-platform-launcher-1.10.2.jar:1.10.2]
	at org.apache.maven.surefire.junitplatform.LazyLauncher.execute(LazyLauncher.java:56) ~[surefire-junit-platform-3.2.5.jar:3.2.5]
	at org.apache.maven.surefire.junitplatform.JUnitPlatformProvider.execute(JUnitPlatformProvider.java:184) ~[surefire-junit-platform-3.2.5.jar:3.2.5]
	at org.apache.maven.surefire.junitplatform.JUnitPlatformProvider.invokeAllTests(JUnitPlatformProvider.java:148) ~[surefire-junit-platform-3.2.5.jar:3.2.5]
	at org.apache.maven.surefire.junitplatform.JUnitPlatformProvider.invoke(JUnitPlatformProvider.java:122) ~[surefire-junit-platform-3.2.5.jar:3.2.5]
	at org.apache.maven.surefire.booter.ForkedBooter.runSuitesInProcess(ForkedBooter.java:385) ~[surefire-booter-3.2.5.jar:3.2.5]
	at org.apache.maven.surefire.booter.ForkedBooter.execute(ForkedBooter.java:162) ~[surefire-booter-3.2.5.jar:3.2.5]
	at org.apache.maven.surefire.booter.ForkedBooter.run(ForkedBooter.java:507) ~[surefire-booter-3.2.5.jar:3.2.5]
	at org.apache.maven.surefire.booter.ForkedBooter.main(ForkedBooter.java:495) ~[surefire-booter-3.2.5.jar:3.2.5]

2024-06-12T14:28:35.294+03:00 DEBUG 12012 --- [URL Shortener] [           main] o.s.d.jpa.repository.query.NamedQuery    : Did not find named query UrlView.findAllByUrlId.count
2024-06-12T14:28:35.295+03:00 DEBUG 12012 --- [URL Shortener] [           main] tor$SharedEntityManagerInvocationHandler : Creating new EntityManager for shared EntityManager invocation
2024-06-12T14:28:35.296+03:00 DEBUG 12012 --- [URL Shortener] [           main] org.hibernate.orm.query.hql              : HQL : SELECT uv FROM UrlView uv WHERE uv.urlProfile.id = :urlId
2024-06-12T14:28:35.297+03:00 DEBUG 12012 --- [URL Shortener] [           main] o.h.o.q.hql.reservedWordAsIdentifier     : Encountered use of reserved word as identifier : =
2024-06-12T14:28:35.298+03:00 DEBUG 12012 --- [URL Shortener] [           main] org.hibernate.orm.query.sqm.creation     : Applying inferable type to SqmExpression [SqmNamedParameter(urlId)] : null -> SqmBasicValuedSimplePath(com.example.url_view.UrlView(uv).urlProfile.id)
2024-06-12T14:28:35.298+03:00 DEBUG 12012 --- [URL Shortener] [           main] org.hibernate.orm.query.sqm.ast          : SqmStatement Tree :
    -> [select]
      -> [query-spec]
        -> [select]
          -> [selection]
            -> [root] - `com.example.url_view.UrlView(uv)`
            <- [root] - `com.example.url_view.UrlView(uv)`
          <- [selection]
        <- [select]
        -> [from]
          -> [root] - `com.example.url_view.UrlView(uv)`
          <- [root] - `com.example.url_view.UrlView(uv)`
        <- [from]
        -> [where]
          -> [EQUAL]
              -> [basic-path] - `com.example.url_view.UrlView(uv).urlProfile.id`
              :urlId
          <- [EQUAL]
        <- [where]
      <- [query-spec]
    <- [select]

2024-06-12T14:28:35.305+03:00 DEBUG 12012 --- [URL Shortener] [           main] cResourceLocalTransactionCoordinatorImpl : JDBC transaction marked for rollback-only (exception provided for stack trace)

java.lang.Exception: exception just for purpose of providing stack trace
	at org.hibernate.resource.transaction.backend.jdbc.internal.JdbcResourceLocalTransactionCoordinatorImpl$TransactionDriverControlImpl.markRollbackOnly(JdbcResourceLocalTransactionCoordinatorImpl.java:309) ~[hibernate-core-6.5.2.Final.jar:6.5.2.Final]
	at org.hibernate.internal.AbstractSharedSessionContract.buildNamedQuery(AbstractSharedSessionContract.java:1109) ~[hibernate-core-6.5.2.Final.jar:6.5.2.Final]
	at org.hibernate.internal.AbstractSharedSessionContract.createNamedQuery(AbstractSharedSessionContract.java:987) ~[hibernate-core-6.5.2.Final.jar:6.5.2.Final]
	at org.hibernate.internal.AbstractSharedSessionContract.createNamedQuery(AbstractSharedSessionContract.java:140) ~[hibernate-core-6.5.2.Final.jar:6.5.2.Final]
	at java.base/jdk.internal.reflect.DirectMethodHandleAccessor.invoke(DirectMethodHandleAccessor.java:103) ~[na:na]
	at java.base/java.lang.reflect.Method.invoke(Method.java:580) ~[na:na]
	at org.springframework.orm.jpa.ExtendedEntityManagerCreator$ExtendedEntityManagerInvocationHandler.invoke(ExtendedEntityManagerCreator.java:364) ~[spring-orm-6.1.8.jar:6.1.8]
	at jdk.proxy2/jdk.proxy2.$Proxy174.createNamedQuery(Unknown Source) ~[na:na]
	at org.springframework.data.jpa.repository.query.NamedQuery.hasNamedQuery(NamedQuery.java:112) ~[spring-data-jpa-3.3.0.jar:3.3.0]
	at org.springframework.data.jpa.repository.query.JpaQueryLookupStrategy$DeclaredQueryLookupStrategy.getCountQuery(JpaQueryLookupStrategy.java:204) ~[spring-data-jpa-3.3.0.jar:3.3.0]
	at org.springframework.data.jpa.repository.query.JpaQueryLookupStrategy$DeclaredQueryLookupStrategy.resolveQuery(JpaQueryLookupStrategy.java:171) ~[spring-data-jpa-3.3.0.jar:3.3.0]
	at org.springframework.data.jpa.repository.query.JpaQueryLookupStrategy$CreateIfNotFoundQueryLookupStrategy.resolveQuery(JpaQueryLookupStrategy.java:252) ~[spring-data-jpa-3.3.0.jar:3.3.0]
	at org.springframework.data.jpa.repository.query.JpaQueryLookupStrategy$AbstractQueryLookupStrategy.resolveQuery(JpaQueryLookupStrategy.java:95) ~[spring-data-jpa-3.3.0.jar:3.3.0]
	at org.springframework.data.repository.core.support.QueryExecutorMethodInterceptor.lookupQuery(QueryExecutorMethodInterceptor.java:111) ~[spring-data-commons-3.3.0.jar:3.3.0]
	at org.springframework.data.repository.core.support.QueryExecutorMethodInterceptor.mapMethodsToQuery(QueryExecutorMethodInterceptor.java:99) ~[spring-data-commons-3.3.0.jar:3.3.0]
	at org.springframework.data.repository.core.support.QueryExecutorMethodInterceptor.lambda$new$0(QueryExecutorMethodInterceptor.java:88) ~[spring-data-commons-3.3.0.jar:3.3.0]
	at java.base/java.util.Optional.map(Optional.java:260) ~[na:na]
	at org.springframework.data.repository.core.support.QueryExecutorMethodInterceptor.<init>(QueryExecutorMethodInterceptor.java:88) ~[spring-data-commons-3.3.0.jar:3.3.0]
	at org.springframework.data.repository.core.support.RepositoryFactorySupport.getRepository(RepositoryFactorySupport.java:357) ~[spring-data-commons-3.3.0.jar:3.3.0]
	at org.springframework.data.repository.core.support.RepositoryFactoryBeanSupport.lambda$afterPropertiesSet$5(RepositoryFactoryBeanSupport.java:286) ~[spring-data-commons-3.3.0.jar:3.3.0]
	at org.springframework.data.util.Lazy.getNullable(Lazy.java:135) ~[spring-data-commons-3.3.0.jar:3.3.0]
	at org.springframework.data.util.Lazy.get(Lazy.java:113) ~[spring-data-commons-3.3.0.jar:3.3.0]
	at org.springframework.data.repository.core.support.RepositoryFactoryBeanSupport.afterPropertiesSet(RepositoryFactoryBeanSupport.java:292) ~[spring-data-commons-3.3.0.jar:3.3.0]
	at org.springframework.data.jpa.repository.support.JpaRepositoryFactoryBean.afterPropertiesSet(JpaRepositoryFactoryBean.java:132) ~[spring-data-jpa-3.3.0.jar:3.3.0]
	at org.springframework.beans.factory.support.AbstractAutowireCapableBeanFactory.invokeInitMethods(AbstractAutowireCapableBeanFactory.java:1835) ~[spring-beans-6.1.8.jar:6.1.8]
	at org.springframework.beans.factory.support.AbstractAutowireCapableBeanFactory.initializeBean(AbstractAutowireCapableBeanFactory.java:1784) ~[spring-beans-6.1.8.jar:6.1.8]
	at org.springframework.beans.factory.support.AbstractAutowireCapableBeanFactory.doCreateBean(AbstractAutowireCapableBeanFactory.java:600) ~[spring-beans-6.1.8.jar:6.1.8]
	at org.springframework.beans.factory.support.AbstractAutowireCapableBeanFactory.createBean(AbstractAutowireCapableBeanFactory.java:522) ~[spring-beans-6.1.8.jar:6.1.8]
	at org.springframework.beans.factory.support.AbstractBeanFactory.lambda$doGetBean$0(AbstractBeanFactory.java:337) ~[spring-beans-6.1.8.jar:6.1.8]
	at org.springframework.beans.factory.support.DefaultSingletonBeanRegistry.getSingleton(DefaultSingletonBeanRegistry.java:234) ~[spring-beans-6.1.8.jar:6.1.8]
	at org.springframework.beans.factory.support.AbstractBeanFactory.doGetBean(AbstractBeanFactory.java:335) ~[spring-beans-6.1.8.jar:6.1.8]
	at org.springframework.beans.factory.support.AbstractBeanFactory.getBean(AbstractBeanFactory.java:200) ~[spring-beans-6.1.8.jar:6.1.8]
	at org.springframework.beans.factory.config.DependencyDescriptor.resolveCandidate(DependencyDescriptor.java:254) ~[spring-beans-6.1.8.jar:6.1.8]
	at org.springframework.beans.factory.support.DefaultListableBeanFactory.doResolveDependency(DefaultListableBeanFactory.java:1443) ~[spring-beans-6.1.8.jar:6.1.8]
	at org.springframework.beans.factory.support.DefaultListableBeanFactory.resolveDependency(DefaultListableBeanFactory.java:1353) ~[spring-beans-6.1.8.jar:6.1.8]
	at org.springframework.beans.factory.support.ConstructorResolver.resolveAutowiredArgument(ConstructorResolver.java:904) ~[spring-beans-6.1.8.jar:6.1.8]
	at org.springframework.beans.factory.support.ConstructorResolver.createArgumentArray(ConstructorResolver.java:782) ~[spring-beans-6.1.8.jar:6.1.8]
	at org.springframework.beans.factory.support.ConstructorResolver.autowireConstructor(ConstructorResolver.java:237) ~[spring-beans-6.1.8.jar:6.1.8]
	at org.springframework.beans.factory.support.AbstractAutowireCapableBeanFactory.autowireConstructor(AbstractAutowireCapableBeanFactory.java:1357) ~[spring-beans-6.1.8.jar:6.1.8]
	at org.springframework.beans.factory.support.AbstractAutowireCapableBeanFactory.createBeanInstance(AbstractAutowireCapableBeanFactory.java:1194) ~[spring-beans-6.1.8.jar:6.1.8]
	at org.springframework.beans.factory.support.AbstractAutowireCapableBeanFactory.doCreateBean(AbstractAutowireCapableBeanFactory.java:562) ~[spring-beans-6.1.8.jar:6.1.8]
	at org.springframework.beans.factory.support.AbstractAutowireCapableBeanFactory.createBean(AbstractAutowireCapableBeanFactory.java:522) ~[spring-beans-6.1.8.jar:6.1.8]
	at org.springframework.beans.factory.support.AbstractBeanFactory.lambda$doGetBean$0(AbstractBeanFactory.java:337) ~[spring-beans-6.1.8.jar:6.1.8]
	at org.springframework.beans.factory.support.DefaultSingletonBeanRegistry.getSingleton(DefaultSingletonBeanRegistry.java:234) ~[spring-beans-6.1.8.jar:6.1.8]
	at org.springframework.beans.factory.support.AbstractBeanFactory.doGetBean(AbstractBeanFactory.java:335) ~[spring-beans-6.1.8.jar:6.1.8]
	at org.springframework.beans.factory.support.AbstractBeanFactory.getBean(AbstractBeanFactory.java:200) ~[spring-beans-6.1.8.jar:6.1.8]
	at org.springframework.beans.factory.config.DependencyDescriptor.resolveCandidate(DependencyDescriptor.java:254) ~[spring-beans-6.1.8.jar:6.1.8]
	at org.springframework.beans.factory.support.DefaultListableBeanFactory.doResolveDependency(DefaultListableBeanFactory.java:1443) ~[spring-beans-6.1.8.jar:6.1.8]
	at org.springframework.beans.factory.support.DefaultListableBeanFactory.resolveDependency(DefaultListableBeanFactory.java:1353) ~[spring-beans-6.1.8.jar:6.1.8]
	at org.springframework.beans.factory.support.ConstructorResolver.resolveAutowiredArgument(ConstructorResolver.java:904) ~[spring-beans-6.1.8.jar:6.1.8]
	at org.springframework.beans.factory.support.ConstructorResolver.createArgumentArray(ConstructorResolver.java:782) ~[spring-beans-6.1.8.jar:6.1.8]
	at org.springframework.beans.factory.support.ConstructorResolver.autowireConstructor(ConstructorResolver.java:237) ~[spring-beans-6.1.8.jar:6.1.8]
	at org.springframework.beans.factory.support.AbstractAutowireCapableBeanFactory.autowireConstructor(AbstractAutowireCapableBeanFactory.java:1357) ~[spring-beans-6.1.8.jar:6.1.8]
	at org.springframework.beans.factory.support.AbstractAutowireCapableBeanFactory.createBeanInstance(AbstractAutowireCapableBeanFactory.java:1194) ~[spring-beans-6.1.8.jar:6.1.8]
	at org.springframework.beans.factory.support.AbstractAutowireCapableBeanFactory.doCreateBean(AbstractAutowireCapableBeanFactory.java:562) ~[spring-beans-6.1.8.jar:6.1.8]
	at org.springframework.beans.factory.support.AbstractAutowireCapableBeanFactory.createBean(AbstractAutowireCapableBeanFactory.java:522) ~[spring-beans-6.1.8.jar:6.1.8]
	at org.springframework.beans.factory.support.AbstractBeanFactory.lambda$doGetBean$0(AbstractBeanFactory.java:337) ~[spring-beans-6.1.8.jar:6.1.8]
	at org.springframework.beans.factory.support.DefaultSingletonBeanRegistry.getSingleton(DefaultSingletonBeanRegistry.java:234) ~[spring-beans-6.1.8.jar:6.1.8]
	at org.springframework.beans.factory.support.AbstractBeanFactory.doGetBean(AbstractBeanFactory.java:335) ~[spring-beans-6.1.8.jar:6.1.8]
	at org.springframework.beans.factory.support.AbstractBeanFactory.getBean(AbstractBeanFactory.java:200) ~[spring-beans-6.1.8.jar:6.1.8]
	at org.springframework.beans.factory.support.DefaultListableBeanFactory.preInstantiateSingletons(DefaultListableBeanFactory.java:975) ~[spring-beans-6.1.8.jar:6.1.8]
	at org.springframework.context.support.AbstractApplicationContext.finishBeanFactoryInitialization(AbstractApplicationContext.java:962) ~[spring-context-6.1.8.jar:6.1.8]
	at org.springframework.context.support.AbstractApplicationContext.refresh(AbstractApplicationContext.java:624) ~[spring-context-6.1.8.jar:6.1.8]
	at org.springframework.boot.SpringApplication.refresh(SpringApplication.java:754) ~[spring-boot-3.3.0.jar:3.3.0]
	at org.springframework.boot.SpringApplication.refreshContext(SpringApplication.java:456) ~[spring-boot-3.3.0.jar:3.3.0]
	at org.springframework.boot.SpringApplication.run(SpringApplication.java:335) ~[spring-boot-3.3.0.jar:3.3.0]
	at org.springframework.boot.test.context.SpringBootContextLoader.lambda$loadContext$3(SpringBootContextLoader.java:137) ~[spring-boot-test-3.3.0.jar:3.3.0]
	at org.springframework.util.function.ThrowingSupplier.get(ThrowingSupplier.java:58) ~[spring-core-6.1.8.jar:6.1.8]
	at org.springframework.util.function.ThrowingSupplier.get(ThrowingSupplier.java:46) ~[spring-core-6.1.8.jar:6.1.8]
	at org.springframework.boot.SpringApplication.withHook(SpringApplication.java:1463) ~[spring-boot-3.3.0.jar:3.3.0]
	at org.springframework.boot.test.context.SpringBootContextLoader$ContextLoaderHook.run(SpringBootContextLoader.java:553) ~[spring-boot-test-3.3.0.jar:3.3.0]
	at org.springframework.boot.test.context.SpringBootContextLoader.loadContext(SpringBootContextLoader.java:137) ~[spring-boot-test-3.3.0.jar:3.3.0]
	at org.springframework.boot.test.context.SpringBootContextLoader.loadContext(SpringBootContextLoader.java:108) ~[spring-boot-test-3.3.0.jar:3.3.0]
	at org.springframework.test.context.cache.DefaultCacheAwareContextLoaderDelegate.loadContextInternal(DefaultCacheAwareContextLoaderDelegate.java:225) ~[spring-test-6.1.8.jar:6.1.8]
	at org.springframework.test.context.cache.DefaultCacheAwareContextLoaderDelegate.loadContext(DefaultCacheAwareContextLoaderDelegate.java:152) ~[spring-test-6.1.8.jar:6.1.8]
	at org.springframework.test.context.support.DefaultTestContext.getApplicationContext(DefaultTestContext.java:130) ~[spring-test-6.1.8.jar:6.1.8]
	at org.springframework.test.context.web.ServletTestExecutionListener.setUpRequestContextIfNecessary(ServletTestExecutionListener.java:191) ~[spring-test-6.1.8.jar:6.1.8]
	at org.springframework.test.context.web.ServletTestExecutionListener.prepareTestInstance(ServletTestExecutionListener.java:130) ~[spring-test-6.1.8.jar:6.1.8]
	at org.springframework.test.context.TestContextManager.prepareTestInstance(TestContextManager.java:260) ~[spring-test-6.1.8.jar:6.1.8]
	at org.springframework.test.context.junit.jupiter.SpringExtension.postProcessTestInstance(SpringExtension.java:163) ~[spring-test-6.1.8.jar:6.1.8]
	at org.junit.jupiter.engine.descriptor.ClassBasedTestDescriptor.lambda$invokeTestInstancePostProcessors$10(ClassBasedTestDescriptor.java:378) ~[junit-jupiter-engine-5.10.2.jar:5.10.2]
	at org.junit.jupiter.engine.descriptor.ClassBasedTestDescriptor.executeAndMaskThrowable(ClassBasedTestDescriptor.java:383) ~[junit-jupiter-engine-5.10.2.jar:5.10.2]
	at org.junit.jupiter.engine.descriptor.ClassBasedTestDescriptor.lambda$invokeTestInstancePostProcessors$11(ClassBasedTestDescriptor.java:378) ~[junit-jupiter-engine-5.10.2.jar:5.10.2]
	at java.base/java.util.stream.ReferencePipeline$3$1.accept(ReferencePipeline.java:197) ~[na:na]
	at java.base/java.util.stream.ReferencePipeline$2$1.accept(ReferencePipeline.java:179) ~[na:na]
	at java.base/java.util.ArrayList$ArrayListSpliterator.forEachRemaining(ArrayList.java:1708) ~[na:na]
	at java.base/java.util.stream.AbstractPipeline.copyInto(AbstractPipeline.java:509) ~[na:na]
	at java.base/java.util.stream.AbstractPipeline.wrapAndCopyInto(AbstractPipeline.java:499) ~[na:na]
	at java.base/java.util.stream.StreamSpliterators$WrappingSpliterator.forEachRemaining(StreamSpliterators.java:310) ~[na:na]
	at java.base/java.util.stream.Streams$ConcatSpliterator.forEachRemaining(Streams.java:735) ~[na:na]
	at java.base/java.util.stream.Streams$ConcatSpliterator.forEachRemaining(Streams.java:734) ~[na:na]
	at java.base/java.util.stream.ReferencePipeline$Head.forEach(ReferencePipeline.java:762) ~[na:na]
	at org.junit.jupiter.engine.descriptor.ClassBasedTestDescriptor.invokeTestInstancePostProcessors(ClassBasedTestDescriptor.java:377) ~[junit-jupiter-engine-5.10.2.jar:5.10.2]
	at org.junit.jupiter.engine.descriptor.ClassBasedTestDescriptor.lambda$instantiateAndPostProcessTestInstance$6(ClassBasedTestDescriptor.java:290) ~[junit-jupiter-engine-5.10.2.jar:5.10.2]
	at org.junit.platform.engine.support.hierarchical.ThrowableCollector.execute(ThrowableCollector.java:73) ~[junit-platform-engine-1.10.2.jar:1.10.2]
	at org.junit.jupiter.engine.descriptor.ClassBasedTestDescriptor.instantiateAndPostProcessTestInstance(ClassBasedTestDescriptor.java:289) ~[junit-jupiter-engine-5.10.2.jar:5.10.2]
	at org.junit.jupiter.engine.descriptor.ClassBasedTestDescriptor.lambda$testInstancesProvider$4(ClassBasedTestDescriptor.java:279) ~[junit-jupiter-engine-5.10.2.jar:5.10.2]
	at java.base/java.util.Optional.orElseGet(Optional.java:364) ~[na:na]
	at org.junit.jupiter.engine.descriptor.ClassBasedTestDescriptor.lambda$testInstancesProvider$5(ClassBasedTestDescriptor.java:278) ~[junit-jupiter-engine-5.10.2.jar:5.10.2]
	at org.junit.jupiter.engine.execution.TestInstancesProvider.getTestInstances(TestInstancesProvider.java:31) ~[junit-jupiter-engine-5.10.2.jar:5.10.2]
	at org.junit.jupiter.engine.descriptor.TestMethodTestDescriptor.lambda$prepare$0(TestMethodTestDescriptor.java:106) ~[junit-jupiter-engine-5.10.2.jar:5.10.2]
	at org.junit.platform.engine.support.hierarchical.ThrowableCollector.execute(ThrowableCollector.java:73) ~[junit-platform-engine-1.10.2.jar:1.10.2]
	at org.junit.jupiter.engine.descriptor.TestMethodTestDescriptor.prepare(TestMethodTestDescriptor.java:105) ~[junit-jupiter-engine-5.10.2.jar:5.10.2]
	at org.junit.jupiter.engine.descriptor.TestMethodTestDescriptor.prepare(TestMethodTestDescriptor.java:69) ~[junit-jupiter-engine-5.10.2.jar:5.10.2]
	at org.junit.platform.engine.support.hierarchical.NodeTestTask.lambda$prepare$2(NodeTestTask.java:123) ~[junit-platform-engine-1.10.2.jar:1.10.2]
	at org.junit.platform.engine.support.hierarchical.ThrowableCollector.execute(ThrowableCollector.java:73) ~[junit-platform-engine-1.10.2.jar:1.10.2]
	at org.junit.platform.engine.support.hierarchical.NodeTestTask.prepare(NodeTestTask.java:123) ~[junit-platform-engine-1.10.2.jar:1.10.2]
	at org.junit.platform.engine.support.hierarchical.NodeTestTask.execute(NodeTestTask.java:90) ~[junit-platform-engine-1.10.2.jar:1.10.2]
	at java.base/java.util.ArrayList.forEach(ArrayList.java:1596) ~[na:na]
	at org.junit.platform.engine.support.hierarchical.SameThreadHierarchicalTestExecutorService.invokeAll(SameThreadHierarchicalTestExecutorService.java:41) ~[junit-platform-engine-1.10.2.jar:1.10.2]
	at org.junit.platform.engine.support.hierarchical.NodeTestTask.lambda$executeRecursively$6(NodeTestTask.java:155) ~[junit-platform-engine-1.10.2.jar:1.10.2]
	at org.junit.platform.engine.support.hierarchical.ThrowableCollector.execute(ThrowableCollector.java:73) ~[junit-platform-engine-1.10.2.jar:1.10.2]
	at org.junit.platform.engine.support.hierarchical.NodeTestTask.lambda$executeRecursively$8(NodeTestTask.java:141) ~[junit-platform-engine-1.10.2.jar:1.10.2]
	at org.junit.platform.engine.support.hierarchical.Node.around(Node.java:137) ~[junit-platform-engine-1.10.2.jar:1.10.2]
	at org.junit.platform.engine.support.hierarchical.NodeTestTask.lambda$executeRecursively$9(NodeTestTask.java:139) ~[junit-platform-engine-1.10.2.jar:1.10.2]
	at org.junit.platform.engine.support.hierarchical.ThrowableCollector.execute(ThrowableCollector.java:73) ~[junit-platform-engine-1.10.2.jar:1.10.2]
	at org.junit.platform.engine.support.hierarchical.NodeTestTask.executeRecursively(NodeTestTask.java:138) ~[junit-platform-engine-1.10.2.jar:1.10.2]
	at org.junit.platform.engine.support.hierarchical.NodeTestTask.execute(NodeTestTask.java:95) ~[junit-platform-engine-1.10.2.jar:1.10.2]
	at java.base/java.util.ArrayList.forEach(ArrayList.java:1596) ~[na:na]
	at org.junit.platform.engine.support.hierarchical.SameThreadHierarchicalTestExecutorService.invokeAll(SameThreadHierarchicalTestExecutorService.java:41) ~[junit-platform-engine-1.10.2.jar:1.10.2]
	at org.junit.platform.engine.support.hierarchical.NodeTestTask.lambda$executeRecursively$6(NodeTestTask.java:155) ~[junit-platform-engine-1.10.2.jar:1.10.2]
	at org.junit.platform.engine.support.hierarchical.ThrowableCollector.execute(ThrowableCollector.java:73) ~[junit-platform-engine-1.10.2.jar:1.10.2]
	at org.junit.platform.engine.support.hierarchical.NodeTestTask.lambda$executeRecursively$8(NodeTestTask.java:141) ~[junit-platform-engine-1.10.2.jar:1.10.2]
	at org.junit.platform.engine.support.hierarchical.Node.around(Node.java:137) ~[junit-platform-engine-1.10.2.jar:1.10.2]
	at org.junit.platform.engine.support.hierarchical.NodeTestTask.lambda$executeRecursively$9(NodeTestTask.java:139) ~[junit-platform-engine-1.10.2.jar:1.10.2]
	at org.junit.platform.engine.support.hierarchical.ThrowableCollector.execute(ThrowableCollector.java:73) ~[junit-platform-engine-1.10.2.jar:1.10.2]
	at org.junit.platform.engine.support.hierarchical.NodeTestTask.executeRecursively(NodeTestTask.java:138) ~[junit-platform-engine-1.10.2.jar:1.10.2]
	at org.junit.platform.engine.support.hierarchical.NodeTestTask.execute(NodeTestTask.java:95) ~[junit-platform-engine-1.10.2.jar:1.10.2]
	at org.junit.platform.engine.support.hierarchical.SameThreadHierarchicalTestExecutorService.submit(SameThreadHierarchicalTestExecutorService.java:35) ~[junit-platform-engine-1.10.2.jar:1.10.2]
	at org.junit.platform.engine.support.hierarchical.HierarchicalTestExecutor.execute(HierarchicalTestExecutor.java:57) ~[junit-platform-engine-1.10.2.jar:1.10.2]
	at org.junit.platform.engine.support.hierarchical.HierarchicalTestEngine.execute(HierarchicalTestEngine.java:54) ~[junit-platform-engine-1.10.2.jar:1.10.2]
	at org.junit.platform.launcher.core.EngineExecutionOrchestrator.execute(EngineExecutionOrchestrator.java:198) ~[junit-platform-launcher-1.10.2.jar:1.10.2]
	at org.junit.platform.launcher.core.EngineExecutionOrchestrator.execute(EngineExecutionOrchestrator.java:169) ~[junit-platform-launcher-1.10.2.jar:1.10.2]
	at org.junit.platform.launcher.core.EngineExecutionOrchestrator.execute(EngineExecutionOrchestrator.java:93) ~[junit-platform-launcher-1.10.2.jar:1.10.2]
	at org.junit.platform.launcher.core.EngineExecutionOrchestrator.lambda$execute$0(EngineExecutionOrchestrator.java:58) ~[junit-platform-launcher-1.10.2.jar:1.10.2]
	at org.junit.platform.launcher.core.EngineExecutionOrchestrator.withInterceptedStreams(EngineExecutionOrchestrator.java:141) ~[junit-platform-launcher-1.10.2.jar:1.10.2]
	at org.junit.platform.launcher.core.EngineExecutionOrchestrator.execute(EngineExecutionOrchestrator.java:57) ~[junit-platform-launcher-1.10.2.jar:1.10.2]
	at org.junit.platform.launcher.core.DefaultLauncher.execute(DefaultLauncher.java:103) ~[junit-platform-launcher-1.10.2.jar:1.10.2]
	at org.junit.platform.launcher.core.DefaultLauncher.execute(DefaultLauncher.java:85) ~[junit-platform-launcher-1.10.2.jar:1.10.2]
	at org.junit.platform.launcher.core.DelegatingLauncher.execute(DelegatingLauncher.java:47) ~[junit-platform-launcher-1.10.2.jar:1.10.2]
	at org.apache.maven.surefire.junitplatform.LazyLauncher.execute(LazyLauncher.java:56) ~[surefire-junit-platform-3.2.5.jar:3.2.5]
	at org.apache.maven.surefire.junitplatform.JUnitPlatformProvider.execute(JUnitPlatformProvider.java:184) ~[surefire-junit-platform-3.2.5.jar:3.2.5]
	at org.apache.maven.surefire.junitplatform.JUnitPlatformProvider.invokeAllTests(JUnitPlatformProvider.java:148) ~[surefire-junit-platform-3.2.5.jar:3.2.5]
	at org.apache.maven.surefire.junitplatform.JUnitPlatformProvider.invoke(JUnitPlatformProvider.java:122) ~[surefire-junit-platform-3.2.5.jar:3.2.5]
	at org.apache.maven.surefire.booter.ForkedBooter.runSuitesInProcess(ForkedBooter.java:385) ~[surefire-booter-3.2.5.jar:3.2.5]
	at org.apache.maven.surefire.booter.ForkedBooter.execute(ForkedBooter.java:162) ~[surefire-booter-3.2.5.jar:3.2.5]
	at org.apache.maven.surefire.booter.ForkedBooter.run(ForkedBooter.java:507) ~[surefire-booter-3.2.5.jar:3.2.5]
	at org.apache.maven.surefire.booter.ForkedBooter.main(ForkedBooter.java:495) ~[surefire-booter-3.2.5.jar:3.2.5]

2024-06-12T14:28:35.306+03:00 DEBUG 12012 --- [URL Shortener] [           main] o.s.d.jpa.repository.query.NamedQuery    : Did not find named query UrlView.countByUrlId.count
2024-06-12T14:28:35.306+03:00 DEBUG 12012 --- [URL Shortener] [           main] tor$SharedEntityManagerInvocationHandler : Creating new EntityManager for shared EntityManager invocation
2024-06-12T14:28:35.307+03:00 DEBUG 12012 --- [URL Shortener] [           main] org.hibernate.orm.query.hql              : HQL : SELECT COUNT(uv) FROM UrlView uv WHERE uv.urlProfile.id = :urlId
2024-06-12T14:28:35.312+03:00 DEBUG 12012 --- [URL Shortener] [           main] o.h.o.q.hql.reservedWordAsIdentifier     : Encountered use of reserved word as identifier : (
2024-06-12T14:28:35.316+03:00 DEBUG 12012 --- [URL Shortener] [           main] o.h.o.q.hql.reservedWordAsIdentifier     : Encountered use of reserved word as identifier : =
2024-06-12T14:28:35.317+03:00 DEBUG 12012 --- [URL Shortener] [           main] org.hibernate.orm.query.sqm.creation     : Applying inferable type to SqmExpression [SqmNamedParameter(urlId)] : null -> SqmBasicValuedSimplePath(com.example.url_view.UrlView(uv).urlProfile.id)
2024-06-12T14:28:35.318+03:00 DEBUG 12012 --- [URL Shortener] [           main] org.hibernate.orm.query.sqm.ast          : SqmStatement Tree :
    -> [select]
      -> [query-spec]
        -> [select]
          -> [selection]
          <- [selection]
        <- [select]
        -> [from]
          -> [root] - `com.example.url_view.UrlView(uv)`
          <- [root] - `com.example.url_view.UrlView(uv)`
        <- [from]
        -> [where]
          -> [EQUAL]
              -> [basic-path] - `com.example.url_view.UrlView(uv).urlProfile.id`
              :urlId
          <- [EQUAL]
        <- [where]
      <- [query-spec]
    <- [select]

2024-06-12T14:28:35.321+03:00 DEBUG 12012 --- [URL Shortener] [           main] o.s.d.r.c.s.RepositoryFactorySupport     : Finished creation of repository instance for com.example.url_view.UrlViewRepository.
2024-06-12T14:28:35.325+03:00 DEBUG 12012 --- [URL Shortener] [           main] o.s.b.f.s.DefaultListableBeanFactory     : Creating shared instance of singleton bean 'urlViewMapper'
2024-06-12T14:28:35.325+03:00 DEBUG 12012 --- [URL Shortener] [           main] o.s.b.f.s.DefaultListableBeanFactory     : Autowiring by type from bean name 'urlViewService' via constructor to bean named 'urlViewRepository'
2024-06-12T14:28:35.325+03:00 DEBUG 12012 --- [URL Shortener] [           main] o.s.b.f.s.DefaultListableBeanFactory     : Autowiring by type from bean name 'urlViewService' via constructor to bean named 'urlViewMapper'
2024-06-12T14:28:35.325+03:00 DEBUG 12012 --- [URL Shortener] [           main] o.s.b.f.s.DefaultListableBeanFactory     : Autowiring by type from bean name 'urlViewService' via constructor to bean named 'urlProfileMapper'
2024-06-12T14:28:35.326+03:00 DEBUG 12012 --- [URL Shortener] [           main] o.s.b.f.s.DefaultListableBeanFactory     : Autowiring by type from bean name 'adminUrlShortenerController' via constructor to bean named 'urlProfileService'
2024-06-12T14:28:35.326+03:00 DEBUG 12012 --- [URL Shortener] [           main] o.s.b.f.s.DefaultListableBeanFactory     : Autowiring by type from bean name 'adminUrlShortenerController' via constructor to bean named 'userService'
2024-06-12T14:28:35.326+03:00 DEBUG 12012 --- [URL Shortener] [           main] o.s.b.f.s.DefaultListableBeanFactory     : Autowiring by type from bean name 'adminUrlShortenerController' via constructor to bean named 'urlProfileValidationService'
2024-06-12T14:28:35.326+03:00 DEBUG 12012 --- [URL Shortener] [           main] o.s.b.f.s.DefaultListableBeanFactory     : Autowiring by type from bean name 'adminUrlShortenerController' via constructor to bean named 'urlViewService'
2024-06-12T14:28:35.326+03:00 DEBUG 12012 --- [URL Shortener] [           main] o.s.b.f.s.DefaultListableBeanFactory     : Autowiring by type from bean name 'adminUrlShortenerController' via constructor to bean named 'urlViewMapper'
2024-06-12T14:28:35.337+03:00 DEBUG 12012 --- [URL Shortener] [           main] o.s.b.f.s.DefaultListableBeanFactory     : Creating shared instance of singleton bean 'urlShortenerController'
2024-06-12T14:28:35.342+03:00 DEBUG 12012 --- [URL Shortener] [           main] o.s.b.f.s.DefaultListableBeanFactory     : Autowiring by type from bean name 'urlShortenerController' via constructor to bean named 'urlProfileService'
2024-06-12T14:28:35.342+03:00 DEBUG 12012 --- [URL Shortener] [           main] o.s.b.f.s.DefaultListableBeanFactory     : Autowiring by type from bean name 'urlShortenerController' via constructor to bean named 'userService'
2024-06-12T14:28:35.342+03:00 DEBUG 12012 --- [URL Shortener] [           main] o.s.b.f.s.DefaultListableBeanFactory     : Autowiring by type from bean name 'urlShortenerController' via constructor to bean named 'urlProfileValidationService'
2024-06-12T14:28:35.342+03:00 DEBUG 12012 --- [URL Shortener] [           main] o.s.b.f.s.DefaultListableBeanFactory     : Autowiring by type from bean name 'urlShortenerController' via constructor to bean named 'urlViewService'
2024-06-12T14:28:35.342+03:00 DEBUG 12012 --- [URL Shortener] [           main] o.s.b.f.s.DefaultListableBeanFactory     : Autowiring by type from bean name 'urlShortenerController' via constructor to bean named 'urlViewMapper'
2024-06-12T14:28:35.351+03:00 DEBUG 12012 --- [URL Shortener] [           main] o.s.b.f.s.DefaultListableBeanFactory     : Creating shared instance of singleton bean 'org.springframework.security.config.annotation.web.configuration.WebSecurityConfiguration'
2024-06-12T14:28:35.353+03:00 DEBUG 12012 --- [URL Shortener] [           main] o.s.b.f.s.DefaultListableBeanFactory     : Creating shared instance of singleton bean 'org.springframework.security.config.annotation.web.configuration.HttpSecurityConfiguration'
2024-06-12T14:28:35.355+03:00 DEBUG 12012 --- [URL Shortener] [           main] o.s.b.f.s.DefaultListableBeanFactory     : Creating shared instance of singleton bean 'mvcContentNegotiationManager'
2024-06-12T14:28:35.355+03:00 DEBUG 12012 --- [URL Shortener] [           main] o.s.b.f.s.DefaultListableBeanFactory     : Creating shared instance of singleton bean 'org.springframework.boot.autoconfigure.web.servlet.WebMvcAutoConfiguration$EnableWebMvcConfiguration'
2024-06-12T14:28:35.356+03:00 DEBUG 12012 --- [URL Shortener] [           main] o.s.b.f.s.DefaultListableBeanFactory     : Creating shared instance of singleton bean 'spring.mvc-org.springframework.boot.autoconfigure.web.servlet.WebMvcProperties'
2024-06-12T14:28:35.359+03:00 DEBUG 12012 --- [URL Shortener] [           main] o.s.b.f.s.DefaultListableBeanFactory     : Creating shared instance of singleton bean 'spring.web-org.springframework.boot.autoconfigure.web.WebProperties'
2024-06-12T14:28:35.364+03:00 DEBUG 12012 --- [URL Shortener] [           main] o.s.b.f.s.DefaultListableBeanFactory     : Autowiring by type from bean name 'org.springframework.boot.autoconfigure.web.servlet.WebMvcAutoConfiguration$EnableWebMvcConfiguration' via constructor to bean named 'spring.mvc-org.springframework.boot.autoconfigure.web.servlet.WebMvcProperties'
2024-06-12T14:28:35.364+03:00 DEBUG 12012 --- [URL Shortener] [           main] o.s.b.f.s.DefaultListableBeanFactory     : Autowiring by type from bean name 'org.springframework.boot.autoconfigure.web.servlet.WebMvcAutoConfiguration$EnableWebMvcConfiguration' via constructor to bean named 'spring.web-org.springframework.boot.autoconfigure.web.WebProperties'
2024-06-12T14:28:35.364+03:00 DEBUG 12012 --- [URL Shortener] [           main] o.s.b.f.s.DefaultListableBeanFactory     : Autowiring by type from bean name 'org.springframework.boot.autoconfigure.web.servlet.WebMvcAutoConfiguration$EnableWebMvcConfiguration' via constructor to bean named 'org.springframework.beans.factory.support.DefaultListableBeanFactory@10280879'
2024-06-12T14:28:35.368+03:00 DEBUG 12012 --- [URL Shortener] [           main] o.s.b.f.s.DefaultListableBeanFactory     : Creating shared instance of singleton bean 'org.springframework.security.config.annotation.web.configuration.WebMvcSecurityConfiguration'
2024-06-12T14:28:35.369+03:00 DEBUG 12012 --- [URL Shortener] [           main] o.s.b.f.s.DefaultListableBeanFactory     : Creating shared instance of singleton bean 'org.springframework.boot.autoconfigure.web.servlet.WebMvcAutoConfiguration$WebMvcAutoConfigurationAdapter'
2024-06-12T14:28:35.369+03:00 DEBUG 12012 --- [URL Shortener] [           main] o.s.b.f.s.DefaultListableBeanFactory     : Autowiring by type from bean name 'org.springframework.boot.autoconfigure.web.servlet.WebMvcAutoConfiguration$WebMvcAutoConfigurationAdapter' via constructor to bean named 'spring.web-org.springframework.boot.autoconfigure.web.WebProperties'
2024-06-12T14:28:35.369+03:00 DEBUG 12012 --- [URL Shortener] [           main] o.s.b.f.s.DefaultListableBeanFactory     : Autowiring by type from bean name 'org.springframework.boot.autoconfigure.web.servlet.WebMvcAutoConfiguration$WebMvcAutoConfigurationAdapter' via constructor to bean named 'spring.mvc-org.springframework.boot.autoconfigure.web.servlet.WebMvcProperties'
2024-06-12T14:28:35.369+03:00 DEBUG 12012 --- [URL Shortener] [           main] o.s.b.f.s.DefaultListableBeanFactory     : Autowiring by type from bean name 'org.springframework.boot.autoconfigure.web.servlet.WebMvcAutoConfiguration$WebMvcAutoConfigurationAdapter' via constructor to bean named 'org.springframework.beans.factory.support.DefaultListableBeanFactory@10280879'
2024-06-12T14:28:35.373+03:00 DEBUG 12012 --- [URL Shortener] [           main] o.s.b.f.s.DefaultListableBeanFactory     : Creating shared instance of singleton bean 'swaggerWebMvcConfigurer'
2024-06-12T14:28:35.373+03:00 DEBUG 12012 --- [URL Shortener] [           main] o.s.b.f.s.DefaultListableBeanFactory     : Creating shared instance of singleton bean 'org.springdoc.webmvc.ui.SwaggerConfig'
2024-06-12T14:28:35.376+03:00 DEBUG 12012 --- [URL Shortener] [           main] o.s.b.f.s.DefaultListableBeanFactory     : Creating shared instance of singleton bean 'org.springdoc.core.properties.SwaggerUiConfigParameters'
2024-06-12T14:28:35.377+03:00 DEBUG 12012 --- [URL Shortener] [           main] o.s.b.f.s.DefaultListableBeanFactory     : Creating shared instance of singleton bean 'org.springdoc.core.properties.SwaggerUiConfigProperties'
2024-06-12T14:28:35.382+03:00 DEBUG 12012 --- [URL Shortener] [           main] o.s.b.f.s.DefaultListableBeanFactory     : Autowiring by type from bean name 'org.springdoc.core.properties.SwaggerUiConfigParameters' via constructor to bean named 'org.springdoc.core.properties.SwaggerUiConfigProperties'
2024-06-12T14:28:35.388+03:00 DEBUG 12012 --- [URL Shortener] [           main] o.s.b.f.s.DefaultListableBeanFactory     : Creating shared instance of singleton bean 'indexPageTransformer'
2024-06-12T14:28:35.389+03:00 DEBUG 12012 --- [URL Shortener] [           main] o.s.b.f.s.DefaultListableBeanFactory     : Creating shared instance of singleton bean 'org.springdoc.core.properties.SwaggerUiOAuthProperties'
2024-06-12T14:28:35.393+03:00 DEBUG 12012 --- [URL Shortener] [           main] o.s.b.f.s.DefaultListableBeanFactory     : Creating shared instance of singleton bean 'swaggerWelcome'
2024-06-12T14:28:35.393+03:00 DEBUG 12012 --- [URL Shortener] [           main] o.s.b.f.s.DefaultListableBeanFactory     : Creating shared instance of singleton bean 'org.springdoc.core.properties.SpringDocConfigProperties'
2024-06-12T14:28:35.420+03:00 DEBUG 12012 --- [URL Shortener] [           main] o.s.b.f.s.DefaultListableBeanFactory     : Creating shared instance of singleton bean 'springWebProvider'
2024-06-12T14:28:35.420+03:00 DEBUG 12012 --- [URL Shortener] [           main] o.s.b.f.s.DefaultListableBeanFactory     : Creating shared instance of singleton bean 'org.springdoc.webmvc.core.configuration.SpringDocWebMvcConfiguration'
2024-06-12T14:28:35.430+03:00 DEBUG 12012 --- [URL Shortener] [           main] o.s.b.f.s.DefaultListableBeanFactory     : Autowiring by type from bean name 'swaggerWelcome' via factory method to bean named 'org.springdoc.core.properties.SwaggerUiConfigProperties'
2024-06-12T14:28:35.430+03:00 DEBUG 12012 --- [URL Shortener] [           main] o.s.b.f.s.DefaultListableBeanFactory     : Autowiring by type from bean name 'swaggerWelcome' via factory method to bean named 'org.springdoc.core.properties.SpringDocConfigProperties'
2024-06-12T14:28:35.431+03:00 DEBUG 12012 --- [URL Shortener] [           main] o.s.b.f.s.DefaultListableBeanFactory     : Autowiring by type from bean name 'swaggerWelcome' via factory method to bean named 'org.springdoc.core.properties.SwaggerUiConfigParameters'
2024-06-12T14:28:35.431+03:00 DEBUG 12012 --- [URL Shortener] [           main] o.s.b.f.s.DefaultListableBeanFactory     : Autowiring by type from bean name 'swaggerWelcome' via factory method to bean named 'springWebProvider'
2024-06-12T14:28:35.443+03:00 DEBUG 12012 --- [URL Shortener] [           main] o.s.b.f.s.DefaultListableBeanFactory     : Creating shared instance of singleton bean 'springdocObjectMapperProvider'
2024-06-12T14:28:35.443+03:00 DEBUG 12012 --- [URL Shortener] [           main] o.s.b.f.s.DefaultListableBeanFactory     : Creating shared instance of singleton bean 'org.springdoc.core.configuration.SpringDocConfiguration'
2024-06-12T14:28:35.463+03:00 DEBUG 12012 --- [URL Shortener] [           main] o.s.b.f.s.DefaultListableBeanFactory     : Autowiring by type from bean name 'springdocObjectMapperProvider' via factory method to bean named 'org.springdoc.core.properties.SpringDocConfigProperties'
2024-06-12T14:28:35.495+03:00 DEBUG 12012 --- [URL Shortener] [           main] o.s.b.f.s.DefaultListableBeanFactory     : Autowiring by type from bean name 'indexPageTransformer' via factory method to bean named 'org.springdoc.core.properties.SwaggerUiConfigProperties'
2024-06-12T14:28:35.495+03:00 DEBUG 12012 --- [URL Shortener] [           main] o.s.b.f.s.DefaultListableBeanFactory     : Autowiring by type from bean name 'indexPageTransformer' via factory method to bean named 'org.springdoc.core.properties.SwaggerUiOAuthProperties'
2024-06-12T14:28:35.495+03:00 DEBUG 12012 --- [URL Shortener] [           main] o.s.b.f.s.DefaultListableBeanFactory     : Autowiring by type from bean name 'indexPageTransformer' via factory method to bean named 'org.springdoc.core.properties.SwaggerUiConfigParameters'
2024-06-12T14:28:35.495+03:00 DEBUG 12012 --- [URL Shortener] [           main] o.s.b.f.s.DefaultListableBeanFactory     : Autowiring by type from bean name 'indexPageTransformer' via factory method to bean named 'swaggerWelcome'
2024-06-12T14:28:35.495+03:00 DEBUG 12012 --- [URL Shortener] [           main] o.s.b.f.s.DefaultListableBeanFactory     : Autowiring by type from bean name 'indexPageTransformer' via factory method to bean named 'springdocObjectMapperProvider'
2024-06-12T14:28:35.500+03:00 DEBUG 12012 --- [URL Shortener] [           main] o.s.b.f.s.DefaultListableBeanFactory     : Creating shared instance of singleton bean 'swaggerResourceResolver'
2024-06-12T14:28:35.500+03:00 DEBUG 12012 --- [URL Shortener] [           main] o.s.b.f.s.DefaultListableBeanFactory     : Autowiring by type from bean name 'swaggerResourceResolver' via factory method to bean named 'org.springdoc.core.properties.SwaggerUiConfigProperties'
2024-06-12T14:28:35.501+03:00 DEBUG 12012 --- [URL Shortener] [           main] o.s.b.f.s.DefaultListableBeanFactory     : Autowiring by type from bean name 'swaggerWebMvcConfigurer' via factory method to bean named 'org.springdoc.core.properties.SwaggerUiConfigParameters'
2024-06-12T14:28:35.501+03:00 DEBUG 12012 --- [URL Shortener] [           main] o.s.b.f.s.DefaultListableBeanFactory     : Autowiring by type from bean name 'swaggerWebMvcConfigurer' via factory method to bean named 'indexPageTransformer'
2024-06-12T14:28:35.501+03:00 DEBUG 12012 --- [URL Shortener] [           main] o.s.b.f.s.DefaultListableBeanFactory     : Autowiring by type from bean name 'swaggerWebMvcConfigurer' via factory method to bean named 'swaggerResourceResolver'
2024-06-12T14:28:35.503+03:00 DEBUG 12012 --- [URL Shortener] [           main] o.s.b.f.s.DefaultListableBeanFactory     : Creating shared instance of singleton bean 'openEntityManagerInViewInterceptorConfigurer'
2024-06-12T14:28:35.503+03:00 DEBUG 12012 --- [URL Shortener] [           main] o.s.b.f.s.DefaultListableBeanFactory     : Creating shared instance of singleton bean 'org.springframework.boot.autoconfigure.orm.jpa.JpaBaseConfiguration$JpaWebConfiguration'
2024-06-12T14:28:35.504+03:00 DEBUG 12012 --- [URL Shortener] [           main] o.s.b.f.s.DefaultListableBeanFactory     : Autowiring by type from bean name 'org.springframework.boot.autoconfigure.orm.jpa.JpaBaseConfiguration$JpaWebConfiguration' via constructor to bean named 'spring.jpa-org.springframework.boot.autoconfigure.orm.jpa.JpaProperties'
2024-06-12T14:28:35.505+03:00 DEBUG 12012 --- [URL Shortener] [           main] o.s.b.f.s.DefaultListableBeanFactory     : Creating shared instance of singleton bean 'openEntityManagerInViewInterceptor'
2024-06-12T14:28:35.505+03:00  WARN 12012 --- [URL Shortener] [           main] JpaBaseConfiguration$JpaWebConfiguration : spring.jpa.open-in-view is enabled by default. Therefore, database queries may be performed during view rendering. Explicitly configure spring.jpa.open-in-view to disable this warning
2024-06-12T14:28:35.509+03:00 DEBUG 12012 --- [URL Shortener] [           main] o.s.b.f.s.DefaultListableBeanFactory     : Autowiring by type from bean name 'openEntityManagerInViewInterceptorConfigurer' via factory method to bean named 'openEntityManagerInViewInterceptor'
2024-06-12T14:28:35.510+03:00 DEBUG 12012 --- [URL Shortener] [           main] o.s.b.f.s.DefaultListableBeanFactory     : Creating shared instance of singleton bean 'org.springframework.data.web.config.SpringDataWebConfiguration'
2024-06-12T14:28:35.511+03:00 DEBUG 12012 --- [URL Shortener] [           main] o.s.b.f.s.DefaultListableBeanFactory     : Autowiring by type from bean name 'org.springframework.data.web.config.SpringDataWebConfiguration' via constructor to bean named 'org.springframework.web.context.support.GenericWebApplicationContext@684430c1'
2024-06-12T14:28:35.564+03:00 DEBUG 12012 --- [URL Shortener] [           main] o.s.b.f.s.DefaultListableBeanFactory     : Creating shared instance of singleton bean 'mvcHandlerMappingIntrospectorRequestTransformer'
2024-06-12T14:28:35.564+03:00 DEBUG 12012 --- [URL Shortener] [           main] o.s.b.f.s.DefaultListableBeanFactory     : Creating shared instance of singleton bean 'mvcHandlerMappingIntrospector'
2024-06-12T14:28:35.576+03:00 DEBUG 12012 --- [URL Shortener] [           main] o.s.b.f.s.DefaultListableBeanFactory     : Creating shared instance of singleton bean 'welcomePageHandlerMapping'
2024-06-12T14:28:35.576+03:00 DEBUG 12012 --- [URL Shortener] [           main] o.s.b.f.s.DefaultListableBeanFactory     : Creating shared instance of singleton bean 'mvcConversionService'
2024-06-12T14:28:35.587+03:00 DEBUG 12012 --- [URL Shortener] [           main] o.s.b.f.s.DefaultListableBeanFactory     : Creating shared instance of singleton bean 'mvcResourceUrlProvider'
2024-06-12T14:28:35.589+03:00 DEBUG 12012 --- [URL Shortener] [           main] o.s.b.f.s.DefaultListableBeanFactory     : Autowiring by type from bean name 'welcomePageHandlerMapping' via factory method to bean named 'org.springframework.web.context.support.GenericWebApplicationContext@684430c1'
2024-06-12T14:28:35.589+03:00 DEBUG 12012 --- [URL Shortener] [           main] o.s.b.f.s.DefaultListableBeanFactory     : Autowiring by type from bean name 'welcomePageHandlerMapping' via factory method to bean named 'mvcConversionService'
2024-06-12T14:28:35.589+03:00 DEBUG 12012 --- [URL Shortener] [           main] o.s.b.f.s.DefaultListableBeanFactory     : Autowiring by type from bean name 'welcomePageHandlerMapping' via factory method to bean named 'mvcResourceUrlProvider'
2024-06-12T14:28:35.607+03:00 DEBUG 12012 --- [URL Shortener] [           main] o.s.b.f.s.DefaultListableBeanFactory     : Creating shared instance of singleton bean 'welcomePageNotAcceptableHandlerMapping'
2024-06-12T14:28:35.607+03:00 DEBUG 12012 --- [URL Shortener] [           main] o.s.b.f.s.DefaultListableBeanFactory     : Autowiring by type from bean name 'welcomePageNotAcceptableHandlerMapping' via factory method to bean named 'org.springframework.web.context.support.GenericWebApplicationContext@684430c1'
2024-06-12T14:28:35.607+03:00 DEBUG 12012 --- [URL Shortener] [           main] o.s.b.f.s.DefaultListableBeanFactory     : Autowiring by type from bean name 'welcomePageNotAcceptableHandlerMapping' via factory method to bean named 'mvcConversionService'
2024-06-12T14:28:35.607+03:00 DEBUG 12012 --- [URL Shortener] [           main] o.s.b.f.s.DefaultListableBeanFactory     : Autowiring by type from bean name 'welcomePageNotAcceptableHandlerMapping' via factory method to bean named 'mvcResourceUrlProvider'
2024-06-12T14:28:35.611+03:00 DEBUG 12012 --- [URL Shortener] [           main] o.s.b.f.s.DefaultListableBeanFactory     : Creating shared instance of singleton bean 'requestMappingHandlerMapping'
2024-06-12T14:28:35.613+03:00 DEBUG 12012 --- [URL Shortener] [           main] o.s.b.f.s.DefaultListableBeanFactory     : Autowiring by type from bean name 'requestMappingHandlerMapping' via factory method to bean named 'mvcContentNegotiationManager'
2024-06-12T14:28:35.613+03:00 DEBUG 12012 --- [URL Shortener] [           main] o.s.b.f.s.DefaultListableBeanFactory     : Autowiring by type from bean name 'requestMappingHandlerMapping' via factory method to bean named 'mvcConversionService'
2024-06-12T14:28:35.613+03:00 DEBUG 12012 --- [URL Shortener] [           main] o.s.b.f.s.DefaultListableBeanFactory     : Autowiring by type from bean name 'requestMappingHandlerMapping' via factory method to bean named 'mvcResourceUrlProvider'
2024-06-12T14:28:35.649+03:00 DEBUG 12012 --- [URL Shortener] [           main] _.s.web.servlet.HandlerMapping.Mappings  : 
	c.e.a.c.AuthController:
	{POST [/api/v1/auth/register]}: register(RegisterRequest)
	{POST [/api/v1/auth/login]}: login(LoginRequest)
2024-06-12T14:28:35.662+03:00 DEBUG 12012 --- [URL Shortener] [           main] _.s.web.servlet.HandlerMapping.Mappings  : 
	c.e.r.AdminUrlShortenerController:
	{GET [/v1/admin/urls/active]}: getAllActiveUrls()
	{PUT [/v1/admin/urls/{id}]}: activateExpiredUrl(long,Principal)
	{GET [/v1/admin/urls/{id}]}: getUrlProfile(long)
	{GET [/v1/admin/urls]}: getAllUrlProfiles()
	{DELETE [/v1/admin/urls/{shortUrl}]}: deleteByUrl(String,Principal)
2024-06-12T14:28:35.670+03:00 DEBUG 12012 --- [URL Shortener] [           main] _.s.web.servlet.HandlerMapping.Mappings  : 
	c.e.r.UrlShortenerController:
	{GET [/v1/urls/active]}: getAllActiveUrls(Principal)
	{PUT [/v1/urls/{id}]}: activateExpiredUrl(long,Principal)
	{GET [/v1/urls/{id}]}: getUrlProfile(long,Principal)
	{GET [/v1/urls]}: getAllUrlProfiles(Principal)
	{POST [/v1/urls]}: createUrlProfile(UrlProfileRequest,Principal)
	{DELETE [/v1/urls/{shortUrl}]}: deleteByUrl(String,Principal)
	{GET [/v1/urls/redir/{shortUrl}]}: redirectToFullUrl(String,HttpServletRequest,String)
2024-06-12T14:28:35.676+03:00 DEBUG 12012 --- [URL Shortener] [           main] _.s.web.servlet.HandlerMapping.Mappings  : 
	o.s.b.a.w.s.e.BasicErrorController:
	{ [/error]}: error(HttpServletRequest)
	{ [/error], produces [text/html]}: errorHtml(HttpServletRequest,HttpServletResponse)
2024-06-12T14:28:35.694+03:00 DEBUG 12012 --- [URL Shortener] [           main] _.s.web.servlet.HandlerMapping.Mappings  : 
	o.s.w.a.OpenApiWebMvcResource:
	{GET [/v3/api-docs.yaml], produces [application/vnd.oai.openapi]}: openapiYaml(HttpServletRequest,String,Locale)
	{GET [/v3/api-docs], produces [application/json]}: openapiJson(HttpServletRequest,String,Locale)
2024-06-12T14:28:35.697+03:00 DEBUG 12012 --- [URL Shortener] [           main] _.s.web.servlet.HandlerMapping.Mappings  : 
	o.s.w.u.SwaggerWelcomeWebMvc:
	{GET [/swagger-ui.html]}: redirectToUi(HttpServletRequest)
2024-06-12T14:28:35.698+03:00 DEBUG 12012 --- [URL Shortener] [           main] _.s.web.servlet.HandlerMapping.Mappings  : 
	o.s.w.u.SwaggerConfigResource:
	{GET [/v3/api-docs/swagger-config], produces [application/json]}: openapiJson(HttpServletRequest)
2024-06-12T14:28:35.701+03:00 DEBUG 12012 --- [URL Shortener] [           main] s.w.s.m.m.a.RequestMappingHandlerMapping : 20 mappings in 'requestMappingHandlerMapping'
2024-06-12T14:28:35.708+03:00 DEBUG 12012 --- [URL Shortener] [           main] o.s.b.f.s.DefaultListableBeanFactory     : Creating shared instance of singleton bean 'viewControllerHandlerMapping'
2024-06-12T14:28:35.708+03:00 DEBUG 12012 --- [URL Shortener] [           main] o.s.b.f.s.DefaultListableBeanFactory     : Autowiring by type from bean name 'viewControllerHandlerMapping' via factory method to bean named 'mvcConversionService'
2024-06-12T14:28:35.708+03:00 DEBUG 12012 --- [URL Shortener] [           main] o.s.b.f.s.DefaultListableBeanFactory     : Autowiring by type from bean name 'viewControllerHandlerMapping' via factory method to bean named 'mvcResourceUrlProvider'
2024-06-12T14:28:35.709+03:00 DEBUG 12012 --- [URL Shortener] [           main] o.s.b.f.s.DefaultListableBeanFactory     : Creating shared instance of singleton bean 'beanNameHandlerMapping'
2024-06-12T14:28:35.710+03:00 DEBUG 12012 --- [URL Shortener] [           main] o.s.b.f.s.DefaultListableBeanFactory     : Autowiring by type from bean name 'beanNameHandlerMapping' via factory method to bean named 'mvcConversionService'
2024-06-12T14:28:35.710+03:00 DEBUG 12012 --- [URL Shortener] [           main] o.s.b.f.s.DefaultListableBeanFactory     : Autowiring by type from bean name 'beanNameHandlerMapping' via factory method to bean named 'mvcResourceUrlProvider'
2024-06-12T14:28:35.712+03:00 DEBUG 12012 --- [URL Shortener] [           main] _.s.web.servlet.HandlerMapping.Mappings  : 'beanNameHandlerMapping' {}
2024-06-12T14:28:35.715+03:00 DEBUG 12012 --- [URL Shortener] [           main] o.s.b.f.s.DefaultListableBeanFactory     : Creating shared instance of singleton bean 'routerFunctionMapping'
2024-06-12T14:28:35.715+03:00 DEBUG 12012 --- [URL Shortener] [           main] o.s.b.f.s.DefaultListableBeanFactory     : Autowiring by type from bean name 'routerFunctionMapping' via factory method to bean named 'mvcConversionService'
2024-06-12T14:28:35.715+03:00 DEBUG 12012 --- [URL Shortener] [           main] o.s.b.f.s.DefaultListableBeanFactory     : Autowiring by type from bean name 'routerFunctionMapping' via factory method to bean named 'mvcResourceUrlProvider'
2024-06-12T14:28:35.717+03:00 DEBUG 12012 --- [URL Shortener] [           main] o.s.b.f.s.DefaultListableBeanFactory     : Creating shared instance of singleton bean 'messageConverters'
2024-06-12T14:28:35.717+03:00 DEBUG 12012 --- [URL Shortener] [           main] o.s.b.f.s.DefaultListableBeanFactory     : Creating shared instance of singleton bean 'org.springframework.boot.autoconfigure.http.HttpMessageConvertersAutoConfiguration'
2024-06-12T14:28:35.721+03:00 DEBUG 12012 --- [URL Shortener] [           main] o.s.b.f.s.DefaultListableBeanFactory     : Creating shared instance of singleton bean 'stringHttpMessageConverter'
2024-06-12T14:28:35.721+03:00 DEBUG 12012 --- [URL Shortener] [           main] o.s.b.f.s.DefaultListableBeanFactory     : Creating shared instance of singleton bean 'org.springframework.boot.autoconfigure.http.HttpMessageConvertersAutoConfiguration$StringHttpMessageConverterConfiguration'
2024-06-12T14:28:35.722+03:00 DEBUG 12012 --- [URL Shortener] [           main] o.s.b.f.s.DefaultListableBeanFactory     : Autowiring by type from bean name 'stringHttpMessageConverter' via factory method to bean named 'environment'
2024-06-12T14:28:35.727+03:00 DEBUG 12012 --- [URL Shortener] [           main] o.s.b.f.s.DefaultListableBeanFactory     : Creating shared instance of singleton bean 'mappingJackson2HttpMessageConverter'
2024-06-12T14:28:35.727+03:00 DEBUG 12012 --- [URL Shortener] [           main] o.s.b.f.s.DefaultListableBeanFactory     : Creating shared instance of singleton bean 'org.springframework.boot.autoconfigure.http.JacksonHttpMessageConvertersConfiguration$MappingJackson2HttpMessageConverterConfiguration'
2024-06-12T14:28:35.728+03:00 DEBUG 12012 --- [URL Shortener] [           main] o.s.b.f.s.DefaultListableBeanFactory     : Creating shared instance of singleton bean 'jacksonObjectMapper'
2024-06-12T14:28:35.728+03:00 DEBUG 12012 --- [URL Shortener] [           main] o.s.b.f.s.DefaultListableBeanFactory     : Creating shared instance of singleton bean 'org.springframework.boot.autoconfigure.jackson.JacksonAutoConfiguration$JacksonObjectMapperConfiguration'
2024-06-12T14:28:35.730+03:00 DEBUG 12012 --- [URL Shortener] [           main] o.s.b.f.s.DefaultListableBeanFactory     : Creating shared instance of singleton bean 'org.springframework.boot.autoconfigure.jackson.JacksonAutoConfiguration$JacksonObjectMapperBuilderConfiguration'
2024-06-12T14:28:35.731+03:00 DEBUG 12012 --- [URL Shortener] [           main] o.s.b.f.s.DefaultListableBeanFactory     : Creating shared instance of singleton bean 'standardJacksonObjectMapperBuilderCustomizer'
2024-06-12T14:28:35.731+03:00 DEBUG 12012 --- [URL Shortener] [           main] o.s.b.f.s.DefaultListableBeanFactory     : Creating shared instance of singleton bean 'org.springframework.boot.autoconfigure.jackson.JacksonAutoConfiguration$Jackson2ObjectMapperBuilderCustomizerConfiguration'
2024-06-12T14:28:35.732+03:00 DEBUG 12012 --- [URL Shortener] [           main] o.s.b.f.s.DefaultListableBeanFactory     : Creating shared instance of singleton bean 'spring.jackson-org.springframework.boot.autoconfigure.jackson.JacksonProperties'
2024-06-12T14:28:35.735+03:00 DEBUG 12012 --- [URL Shortener] [           main] o.s.b.f.s.DefaultListableBeanFactory     : Autowiring by type from bean name 'standardJacksonObjectMapperBuilderCustomizer' via factory method to bean named 'spring.jackson-org.springframework.boot.autoconfigure.jackson.JacksonProperties'
2024-06-12T14:28:35.736+03:00 DEBUG 12012 --- [URL Shortener] [           main] o.s.b.f.s.DefaultListableBeanFactory     : Creating shared instance of singleton bean 'parameterNamesModule'
2024-06-12T14:28:35.737+03:00 DEBUG 12012 --- [URL Shortener] [           main] o.s.b.f.s.DefaultListableBeanFactory     : Creating shared instance of singleton bean 'org.springframework.boot.autoconfigure.jackson.JacksonAutoConfiguration$ParameterNamesModuleConfiguration'
2024-06-12T14:28:35.741+03:00 DEBUG 12012 --- [URL Shortener] [           main] o.s.b.f.s.DefaultListableBeanFactory     : Creating shared instance of singleton bean 'jsonMixinModule'
2024-06-12T14:28:35.741+03:00 DEBUG 12012 --- [URL Shortener] [           main] o.s.b.f.s.DefaultListableBeanFactory     : Creating shared instance of singleton bean 'org.springframework.boot.autoconfigure.jackson.JacksonAutoConfiguration$JacksonMixinConfiguration'
2024-06-12T14:28:35.742+03:00 DEBUG 12012 --- [URL Shortener] [           main] o.s.b.f.s.DefaultListableBeanFactory     : Creating shared instance of singleton bean 'jsonMixinModuleEntries'
2024-06-12T14:28:35.742+03:00 DEBUG 12012 --- [URL Shortener] [           main] o.s.b.f.s.DefaultListableBeanFactory     : Autowiring by type from bean name 'jsonMixinModuleEntries' via factory method to bean named 'org.springframework.web.context.support.GenericWebApplicationContext@684430c1'
2024-06-12T14:28:35.750+03:00 DEBUG 12012 --- [URL Shortener] [           main] o.s.b.f.s.DefaultListableBeanFactory     : Autowiring by type from bean name 'jsonMixinModule' via factory method to bean named 'org.springframework.web.context.support.GenericWebApplicationContext@684430c1'
2024-06-12T14:28:35.750+03:00 DEBUG 12012 --- [URL Shortener] [           main] o.s.b.f.s.DefaultListableBeanFactory     : Autowiring by type from bean name 'jsonMixinModule' via factory method to bean named 'jsonMixinModuleEntries'
2024-06-12T14:28:35.752+03:00 DEBUG 12012 --- [URL Shortener] [           main] o.s.b.f.s.DefaultListableBeanFactory     : Creating shared instance of singleton bean 'jsonComponentModule'
2024-06-12T14:28:35.752+03:00 DEBUG 12012 --- [URL Shortener] [           main] o.s.b.f.s.DefaultListableBeanFactory     : Creating shared instance of singleton bean 'org.springframework.boot.autoconfigure.jackson.JacksonAutoConfiguration'
2024-06-12T14:28:35.757+03:00 DEBUG 12012 --- [URL Shortener] [           main] o.s.b.f.s.DefaultListableBeanFactory     : Creating shared instance of singleton bean 'jacksonGeoModule'
2024-06-12T14:28:35.757+03:00 DEBUG 12012 --- [URL Shortener] [           main] o.s.b.f.s.DefaultListableBeanFactory     : Creating shared instance of singleton bean 'org.springframework.data.web.config.SpringDataJacksonConfiguration'
2024-06-12T14:28:35.758+03:00 DEBUG 12012 --- [URL Shortener] [           main] o.s.b.f.s.DefaultListableBeanFactory     : Creating shared instance of singleton bean 'org.springframework.data.web.config.SpringDataWebSettings'
2024-06-12T14:28:35.763+03:00 DEBUG 12012 --- [URL Shortener] [           main] o.s.b.f.s.DefaultListableBeanFactory     : Creating shared instance of singleton bean 'pageModule'
2024-06-12T14:28:35.767+03:00 DEBUG 12012 --- [URL Shortener] [           main] o.s.b.f.s.DefaultListableBeanFactory     : Autowiring by type from bean name 'jacksonObjectMapperBuilder' via factory method to bean named 'org.springframework.web.context.support.GenericWebApplicationContext@684430c1'
2024-06-12T14:28:35.767+03:00 DEBUG 12012 --- [URL Shortener] [           main] o.s.b.f.s.DefaultListableBeanFactory     : Autowiring by type from bean name 'jacksonObjectMapperBuilder' via factory method to bean named 'standardJacksonObjectMapperBuilderCustomizer'
2024-06-12T14:28:35.769+03:00 DEBUG 12012 --- [URL Shortener] [           main] o.s.b.f.s.DefaultListableBeanFactory     : Autowiring by type from bean name 'jacksonObjectMapper' via factory method to bean named 'jacksonObjectMapperBuilder'
2024-06-12T14:28:35.783+03:00 DEBUG 12012 --- [URL Shortener] [           main] o.s.b.f.s.DefaultListableBeanFactory     : Autowiring by type from bean name 'mappingJackson2HttpMessageConverter' via factory method to bean named 'jacksonObjectMapper'
2024-06-12T14:28:35.809+03:00 DEBUG 12012 --- [URL Shortener] [           main] o.s.b.f.s.DefaultListableBeanFactory     : Creating shared instance of singleton bean 'resourceHandlerMapping'
2024-06-12T14:28:35.809+03:00 DEBUG 12012 --- [URL Shortener] [           main] o.s.b.f.s.DefaultListableBeanFactory     : Autowiring by type from bean name 'resourceHandlerMapping' via factory method to bean named 'mvcContentNegotiationManager'
2024-06-12T14:28:35.809+03:00 DEBUG 12012 --- [URL Shortener] [           main] o.s.b.f.s.DefaultListableBeanFactory     : Autowiring by type from bean name 'resourceHandlerMapping' via factory method to bean named 'mvcConversionService'
2024-06-12T14:28:35.809+03:00 DEBUG 12012 --- [URL Shortener] [           main] o.s.b.f.s.DefaultListableBeanFactory     : Autowiring by type from bean name 'resourceHandlerMapping' via factory method to bean named 'mvcResourceUrlProvider'
2024-06-12T14:28:35.825+03:00 DEBUG 12012 --- [URL Shortener] [           main] _.s.web.servlet.HandlerMapping.Mappings  : 'resourceHandlerMapping' {/webjars/**=ResourceHttpRequestHandler [classpath [META-INF/resources/webjars/]], /**=ResourceHttpRequestHandler [classpath [META-INF/resources/], classpath [resources/], classpath [static/], classpath [public/], ServletContext [/]], /swagger-ui*/*swagger-initializer.js=ResourceHttpRequestHandler [classpath [META-INF/resources/webjars/]], /swagger-ui*/**=ResourceHttpRequestHandler [classpath [META-INF/resources/webjars/]]}
2024-06-12T14:28:35.827+03:00 DEBUG 12012 --- [URL Shortener] [           main] o.s.b.f.s.DefaultListableBeanFactory     : Creating shared instance of singleton bean 'defaultServletHandlerMapping'
2024-06-12T14:28:35.834+03:00 DEBUG 12012 --- [URL Shortener] [           main] o.s.b.f.s.DefaultListableBeanFactory     : Creating shared instance of singleton bean 'filterChain'
2024-06-12T14:28:35.835+03:00 DEBUG 12012 --- [URL Shortener] [           main] o.s.b.f.s.DefaultListableBeanFactory     : Autowiring by type from bean name 'filterChain' via factory method to bean named 'org.springframework.security.config.annotation.web.configuration.HttpSecurityConfiguration.httpSecurity'
2024-06-12T14:28:35.868+03:00  INFO 12012 --- [URL Shortener] [           main] o.s.s.web.DefaultSecurityFilterChain     : Will secure any request with [org.springframework.security.web.session.DisableEncodeUrlFilter@3a0f497e, org.springframework.security.web.context.request.async.WebAsyncManagerIntegrationFilter@27564996, org.springframework.security.web.context.SecurityContextHolderFilter@d70bdec, org.springframework.security.web.header.HeaderWriterFilter@62f4ae5a, org.springframework.web.filter.CorsFilter@18870976, org.springframework.security.web.authentication.logout.LogoutFilter@722713da, com.example.auth.jwt.JwtRequestFilter@48313ada, org.springframework.security.web.savedrequest.RequestCacheAwareFilter@4eb32d54, org.springframework.security.web.servletapi.SecurityContextHolderAwareRequestFilter@6a16b724, org.springframework.security.web.authentication.AnonymousAuthenticationFilter@8b5de1b, org.springframework.security.web.session.SessionManagementFilter@55947250, org.springframework.security.web.access.ExceptionTranslationFilter@b54cfd8, org.springframework.security.web.access.intercept.AuthorizationFilter@415b83fa]
2024-06-12T14:28:35.871+03:00 DEBUG 12012 --- [URL Shortener] [           main] o.s.b.f.s.DefaultListableBeanFactory     : Creating shared instance of singleton bean 'delegatingApplicationListener'
2024-06-12T14:28:35.871+03:00 DEBUG 12012 --- [URL Shortener] [           main] o.s.b.f.s.DefaultListableBeanFactory     : Creating shared instance of singleton bean 'springSecurityFilterChain'
2024-06-12T14:28:35.884+03:00 DEBUG 12012 --- [URL Shortener] [           main] o.s.b.f.s.DefaultListableBeanFactory     : Creating shared instance of singleton bean 'webSecurityExpressionHandler'
2024-06-12T14:28:35.885+03:00 DEBUG 12012 --- [URL Shortener] [           main] o.s.b.f.s.DefaultListableBeanFactory     : Creating shared instance of singleton bean 'privilegeEvaluator'
2024-06-12T14:28:35.885+03:00 DEBUG 12012 --- [URL Shortener] [           main] o.s.b.f.s.DefaultListableBeanFactory     : Creating shared instance of singleton bean 'requestDataValueProcessor'
2024-06-12T14:28:35.887+03:00 DEBUG 12012 --- [URL Shortener] [           main] o.s.b.f.s.DefaultListableBeanFactory     : Creating shared instance of singleton bean 'preFilterAuthorizationMethodInterceptor'
2024-06-12T14:28:35.887+03:00 DEBUG 12012 --- [URL Shortener] [           main] o.s.b.f.s.DefaultListableBeanFactory     : Autowiring by type from bean name 'preFilterAuthorizationMethodInterceptor' via factory method to bean named 'org.springframework.security.config.annotation.method.configuration.PrePostMethodSecurityConfiguration'
2024-06-12T14:28:35.887+03:00 DEBUG 12012 --- [URL Shortener] [           main] o.s.b.f.s.DefaultListableBeanFactory     : Autowiring by type from bean name 'preFilterAuthorizationMethodInterceptor' via factory method to bean named 'org.springframework.web.context.support.GenericWebApplicationContext@684430c1'
2024-06-12T14:28:35.888+03:00 DEBUG 12012 --- [URL Shortener] [           main] o.s.b.f.s.DefaultListableBeanFactory     : Creating shared instance of singleton bean 'preAuthorizeAuthorizationMethodInterceptor'
2024-06-12T14:28:35.888+03:00 DEBUG 12012 --- [URL Shortener] [           main] o.s.b.f.s.DefaultListableBeanFactory     : Autowiring by type from bean name 'preAuthorizeAuthorizationMethodInterceptor' via factory method to bean named 'org.springframework.security.config.annotation.method.configuration.PrePostMethodSecurityConfiguration'
2024-06-12T14:28:35.888+03:00 DEBUG 12012 --- [URL Shortener] [           main] o.s.b.f.s.DefaultListableBeanFactory     : Autowiring by type from bean name 'preAuthorizeAuthorizationMethodInterceptor' via factory method to bean named 'org.springframework.web.context.support.GenericWebApplicationContext@684430c1'
2024-06-12T14:28:35.888+03:00 DEBUG 12012 --- [URL Shortener] [           main] o.s.b.f.s.DefaultListableBeanFactory     : Creating shared instance of singleton bean 'postAuthorizeAuthorizationMethodInterceptor'
2024-06-12T14:28:35.888+03:00 DEBUG 12012 --- [URL Shortener] [           main] o.s.b.f.s.DefaultListableBeanFactory     : Autowiring by type from bean name 'postAuthorizeAuthorizationMethodInterceptor' via factory method to bean named 'org.springframework.security.config.annotation.method.configuration.PrePostMethodSecurityConfiguration'
2024-06-12T14:28:35.888+03:00 DEBUG 12012 --- [URL Shortener] [           main] o.s.b.f.s.DefaultListableBeanFactory     : Autowiring by type from bean name 'postAuthorizeAuthorizationMethodInterceptor' via factory method to bean named 'org.springframework.web.context.support.GenericWebApplicationContext@684430c1'
2024-06-12T14:28:35.888+03:00 DEBUG 12012 --- [URL Shortener] [           main] o.s.b.f.s.DefaultListableBeanFactory     : Creating shared instance of singleton bean 'postFilterAuthorizationMethodInterceptor'
2024-06-12T14:28:35.888+03:00 DEBUG 12012 --- [URL Shortener] [           main] o.s.b.f.s.DefaultListableBeanFactory     : Autowiring by type from bean name 'postFilterAuthorizationMethodInterceptor' via factory method to bean named 'org.springframework.security.config.annotation.method.configuration.PrePostMethodSecurityConfiguration'
2024-06-12T14:28:35.888+03:00 DEBUG 12012 --- [URL Shortener] [           main] o.s.b.f.s.DefaultListableBeanFactory     : Autowiring by type from bean name 'postFilterAuthorizationMethodInterceptor' via factory method to bean named 'org.springframework.web.context.support.GenericWebApplicationContext@684430c1'
2024-06-12T14:28:35.889+03:00 DEBUG 12012 --- [URL Shortener] [           main] o.s.b.f.s.DefaultListableBeanFactory     : Creating shared instance of singleton bean 'org.springframework.security.config.annotation.method.configuration.AuthorizationProxyConfiguration'
2024-06-12T14:28:35.889+03:00 DEBUG 12012 --- [URL Shortener] [           main] o.s.b.f.s.DefaultListableBeanFactory     : Creating shared instance of singleton bean 'authorizeReturnObjectMethodInterceptor'
2024-06-12T14:28:35.889+03:00 DEBUG 12012 --- [URL Shortener] [           main] o.s.b.f.s.DefaultListableBeanFactory     : Autowiring by type from bean name 'authorizeReturnObjectMethodInterceptor' via factory method to bean named 'authorizationProxyFactory'
2024-06-12T14:28:35.890+03:00 DEBUG 12012 --- [URL Shortener] [           main] o.s.b.f.s.DefaultListableBeanFactory     : Creating shared instance of singleton bean 'org.springframework.boot.autoconfigure.context.PropertyPlaceholderAutoConfiguration'
2024-06-12T14:28:35.891+03:00 DEBUG 12012 --- [URL Shortener] [           main] o.s.b.f.s.DefaultListableBeanFactory     : Creating shared instance of singleton bean 'org.springframework.boot.context.properties.EnableConfigurationPropertiesRegistrar.methodValidationExcludeFilter'
2024-06-12T14:28:35.892+03:00 DEBUG 12012 --- [URL Shortener] [           main] o.s.b.f.s.DefaultListableBeanFactory     : Creating shared instance of singleton bean 'org.springframework.boot.autoconfigure.websocket.servlet.WebSocketServletAutoConfiguration$TomcatWebSocketConfiguration'
2024-06-12T14:28:35.893+03:00 DEBUG 12012 --- [URL Shortener] [           main] o.s.b.f.s.DefaultListableBeanFactory     : Creating shared instance of singleton bean 'websocketServletWebServerCustomizer'
2024-06-12T14:28:35.895+03:00 DEBUG 12012 --- [URL Shortener] [           main] o.s.b.f.s.DefaultListableBeanFactory     : Creating shared instance of singleton bean 'org.springframework.boot.autoconfigure.websocket.servlet.WebSocketServletAutoConfiguration'
2024-06-12T14:28:35.895+03:00 DEBUG 12012 --- [URL Shortener] [           main] o.s.b.f.s.DefaultListableBeanFactory     : Creating shared instance of singleton bean 'org.springframework.boot.autoconfigure.web.servlet.ServletWebServerFactoryConfiguration$EmbeddedTomcat'
2024-06-12T14:28:35.896+03:00 DEBUG 12012 --- [URL Shortener] [           main] o.s.b.f.s.DefaultListableBeanFactory     : Creating shared instance of singleton bean 'tomcatServletWebServerFactory'
2024-06-12T14:28:35.916+03:00 DEBUG 12012 --- [URL Shortener] [           main] o.a.catalina.core.AprLifecycleListener   : The Apache Tomcat Native library could not be found using names [tcnative-2, libtcnative-2, tcnative-1, libtcnative-1] on the java.library.path [C:\Program Files\Java\jdk-21\bin;C:\Windows\Sun\Java\bin;C:\Windows\system32;C:\Windows;C:\Program Files\Common Files\Oracle\Java\javapath;C:\Program Files (x86)\Common Files\Oracle\Java\javapath;C:\Windows\system32;C:\Windows;C:\Windows\System32\Wbem;C:\Windows\System32\WindowsPowerShell\v1.0\;C:\Windows\System32\OpenSSH\;C:\Program Files\Git\cmd;C:\Program Files (x86)\NVIDIA Corporation\PhysX\Common;C:\Program Files\NVIDIA Corporation\NVIDIA NvDLISR;C:\Program Files\Docker\Docker\resources\bin;C:\Program Files\Java\jdk-17\bin;C:\Users\daniel\AppData\Local\Programs\Python\Python311\Scripts\;C:\Users\daniel\AppData\Local\Programs\Python\Python311\;C:\Users\daniel\Documents\Maven\apache-maven-3.9.5\bin\bin;C:\Program Files\JetBrains\IntelliJ IDEA Community Edition 2023.2.3\bin;;C:\Users\daniel\AppData\Local\GitHubDesktop\bin;C:\Users\daniel\Documents\Maven\apache-maven-3.9.5\bin;;H:\VsCode\Microsoft VS Code\bin;.]. The errors reported were [Can't load library: H:\WORK\URL-Shortener\bin\tcnative-2.dll, Can't load library: H:\WORK\URL-Shortener\bin\libtcnative-2.dll, Can't load library: H:\WORK\URL-Shortener\bin\tcnative-1.dll, Can't load library: H:\WORK\URL-Shortener\bin\libtcnative-1.dll, no tcnative-2 in java.library.path: C:\Program Files\Java\jdk-21\bin;C:\Windows\Sun\Java\bin;C:\Windows\system32;C:\Windows;C:\Program Files\Common Files\Oracle\Java\javapath;C:\Program Files (x86)\Common Files\Oracle\Java\javapath;C:\Windows\system32;C:\Windows;C:\Windows\System32\Wbem;C:\Windows\System32\WindowsPowerShell\v1.0\;C:\Windows\System32\OpenSSH\;C:\Program Files\Git\cmd;C:\Program Files (x86)\NVIDIA Corporation\PhysX\Common;C:\Program Files\NVIDIA Corporation\NVIDIA NvDLISR;C:\Program Files\Docker\Docker\resources\bin;C:\Program Files\Java\jdk-17\bin;C:\Users\daniel\AppData\Local\Programs\Python\Python311\Scripts\;C:\Users\daniel\AppData\Local\Programs\Python\Python311\;C:\Users\daniel\Documents\Maven\apache-maven-3.9.5\bin\bin;C:\Program Files\JetBrains\IntelliJ IDEA Community Edition 2023.2.3\bin;;C:\Users\daniel\AppData\Local\GitHubDesktop\bin;C:\Users\daniel\Documents\Maven\apache-maven-3.9.5\bin;;H:\VsCode\Microsoft VS Code\bin;., no libtcnative-2 in java.library.path: C:\Program Files\Java\jdk-21\bin;C:\Windows\Sun\Java\bin;C:\Windows\system32;C:\Windows;C:\Program Files\Common Files\Oracle\Java\javapath;C:\Program Files (x86)\Common Files\Oracle\Java\javapath;C:\Windows\system32;C:\Windows;C:\Windows\System32\Wbem;C:\Windows\System32\WindowsPowerShell\v1.0\;C:\Windows\System32\OpenSSH\;C:\Program Files\Git\cmd;C:\Program Files (x86)\NVIDIA Corporation\PhysX\Common;C:\Program Files\NVIDIA Corporation\NVIDIA NvDLISR;C:\Program Files\Docker\Docker\resources\bin;C:\Program Files\Java\jdk-17\bin;C:\Users\daniel\AppData\Local\Programs\Python\Python311\Scripts\;C:\Users\daniel\AppData\Local\Programs\Python\Python311\;C:\Users\daniel\Documents\Maven\apache-maven-3.9.5\bin\bin;C:\Program Files\JetBrains\IntelliJ IDEA Community Edition 2023.2.3\bin;;C:\Users\daniel\AppData\Local\GitHubDesktop\bin;C:\Users\daniel\Documents\Maven\apache-maven-3.9.5\bin;;H:\VsCode\Microsoft VS Code\bin;., no tcnative-1 in java.library.path: C:\Program Files\Java\jdk-21\bin;C:\Windows\Sun\Java\bin;C:\Windows\system32;C:\Windows;C:\Program Files\Common Files\Oracle\Java\javapath;C:\Program Files (x86)\Common Files\Oracle\Java\javapath;C:\Windows\system32;C:\Windows;C:\Windows\System32\Wbem;C:\Windows\System32\WindowsPowerShell\v1.0\;C:\Windows\System32\OpenSSH\;C:\Program Files\Git\cmd;C:\Program Files (x86)\NVIDIA Corporation\PhysX\Common;C:\Program Files\NVIDIA Corporation\NVIDIA NvDLISR;C:\Program Files\Docker\Docker\resources\bin;C:\Program Files\Java\jdk-17\bin;C:\Users\daniel\AppData\Local\Programs\Python\Python311\Scripts\;C:\Users\daniel\AppData\Local\Programs\Python\Python311\;C:\Users\daniel\Documents\Maven\apache-maven-3.9.5\bin\bin;C:\Program Files\JetBrains\IntelliJ IDEA Community Edition 2023.2.3\bin;;C:\Users\daniel\AppData\Local\GitHubDesktop\bin;C:\Users\daniel\Documents\Maven\apache-maven-3.9.5\bin;;H:\VsCode\Microsoft VS Code\bin;., no libtcnative-1 in java.library.path: C:\Program Files\Java\jdk-21\bin;C:\Windows\Sun\Java\bin;C:\Windows\system32;C:\Windows;C:\Program Files\Common Files\Oracle\Java\javapath;C:\Program Files (x86)\Common Files\Oracle\Java\javapath;C:\Windows\system32;C:\Windows;C:\Windows\System32\Wbem;C:\Windows\System32\WindowsPowerShell\v1.0\;C:\Windows\System32\OpenSSH\;C:\Program Files\Git\cmd;C:\Program Files (x86)\NVIDIA Corporation\PhysX\Common;C:\Program Files\NVIDIA Corporation\NVIDIA NvDLISR;C:\Program Files\Docker\Docker\resources\bin;C:\Program Files\Java\jdk-17\bin;C:\Users\daniel\AppData\Local\Programs\Python\Python311\Scripts\;C:\Users\daniel\AppData\Local\Programs\Python\Python311\;C:\Users\daniel\Documents\Maven\apache-maven-3.9.5\bin\bin;C:\Program Files\JetBrains\IntelliJ IDEA Community Edition 2023.2.3\bin;;C:\Users\daniel\AppData\Local\GitHubDesktop\bin;C:\Users\daniel\Documents\Maven\apache-maven-3.9.5\bin;;H:\VsCode\Microsoft VS Code\bin;.]

org.apache.tomcat.jni.LibraryNotFoundError: Can't load library: H:\WORK\URL-Shortener\bin\tcnative-2.dll, Can't load library: H:\WORK\URL-Shortener\bin\libtcnative-2.dll, Can't load library: H:\WORK\URL-Shortener\bin\tcnative-1.dll, Can't load library: H:\WORK\URL-Shortener\bin\libtcnative-1.dll, no tcnative-2 in java.library.path: C:\Program Files\Java\jdk-21\bin;C:\Windows\Sun\Java\bin;C:\Windows\system32;C:\Windows;C:\Program Files\Common Files\Oracle\Java\javapath;C:\Program Files (x86)\Common Files\Oracle\Java\javapath;C:\Windows\system32;C:\Windows;C:\Windows\System32\Wbem;C:\Windows\System32\WindowsPowerShell\v1.0\;C:\Windows\System32\OpenSSH\;C:\Program Files\Git\cmd;C:\Program Files (x86)\NVIDIA Corporation\PhysX\Common;C:\Program Files\NVIDIA Corporation\NVIDIA NvDLISR;C:\Program Files\Docker\Docker\resources\bin;C:\Program Files\Java\jdk-17\bin;C:\Users\daniel\AppData\Local\Programs\Python\Python311\Scripts\;C:\Users\daniel\AppData\Local\Programs\Python\Python311\;C:\Users\daniel\Documents\Maven\apache-maven-3.9.5\bin\bin;C:\Program Files\JetBrains\IntelliJ IDEA Community Edition 2023.2.3\bin;;C:\Users\daniel\AppData\Local\GitHubDesktop\bin;C:\Users\daniel\Documents\Maven\apache-maven-3.9.5\bin;;H:\VsCode\Microsoft VS Code\bin;., no libtcnative-2 in java.library.path: C:\Program Files\Java\jdk-21\bin;C:\Windows\Sun\Java\bin;C:\Windows\system32;C:\Windows;C:\Program Files\Common Files\Oracle\Java\javapath;C:\Program Files (x86)\Common Files\Oracle\Java\javapath;C:\Windows\system32;C:\Windows;C:\Windows\System32\Wbem;C:\Windows\System32\WindowsPowerShell\v1.0\;C:\Windows\System32\OpenSSH\;C:\Program Files\Git\cmd;C:\Program Files (x86)\NVIDIA Corporation\PhysX\Common;C:\Program Files\NVIDIA Corporation\NVIDIA NvDLISR;C:\Program Files\Docker\Docker\resources\bin;C:\Program Files\Java\jdk-17\bin;C:\Users\daniel\AppData\Local\Programs\Python\Python311\Scripts\;C:\Users\daniel\AppData\Local\Programs\Python\Python311\;C:\Users\daniel\Documents\Maven\apache-maven-3.9.5\bin\bin;C:\Program Files\JetBrains\IntelliJ IDEA Community Edition 2023.2.3\bin;;C:\Users\daniel\AppData\Local\GitHubDesktop\bin;C:\Users\daniel\Documents\Maven\apache-maven-3.9.5\bin;;H:\VsCode\Microsoft VS Code\bin;., no tcnative-1 in java.library.path: C:\Program Files\Java\jdk-21\bin;C:\Windows\Sun\Java\bin;C:\Windows\system32;C:\Windows;C:\Program Files\Common Files\Oracle\Java\javapath;C:\Program Files (x86)\Common Files\Oracle\Java\javapath;C:\Windows\system32;C:\Windows;C:\Windows\System32\Wbem;C:\Windows\System32\WindowsPowerShell\v1.0\;C:\Windows\System32\OpenSSH\;C:\Program Files\Git\cmd;C:\Program Files (x86)\NVIDIA Corporation\PhysX\Common;C:\Program Files\NVIDIA Corporation\NVIDIA NvDLISR;C:\Program Files\Docker\Docker\resources\bin;C:\Program Files\Java\jdk-17\bin;C:\Users\daniel\AppData\Local\Programs\Python\Python311\Scripts\;C:\Users\daniel\AppData\Local\Programs\Python\Python311\;C:\Users\daniel\Documents\Maven\apache-maven-3.9.5\bin\bin;C:\Program Files\JetBrains\IntelliJ IDEA Community Edition 2023.2.3\bin;;C:\Users\daniel\AppData\Local\GitHubDesktop\bin;C:\Users\daniel\Documents\Maven\apache-maven-3.9.5\bin;;H:\VsCode\Microsoft VS Code\bin;., no libtcnative-1 in java.library.path: C:\Program Files\Java\jdk-21\bin;C:\Windows\Sun\Java\bin;C:\Windows\system32;C:\Windows;C:\Program Files\Common Files\Oracle\Java\javapath;C:\Program Files (x86)\Common Files\Oracle\Java\javapath;C:\Windows\system32;C:\Windows;C:\Windows\System32\Wbem;C:\Windows\System32\WindowsPowerShell\v1.0\;C:\Windows\System32\OpenSSH\;C:\Program Files\Git\cmd;C:\Program Files (x86)\NVIDIA Corporation\PhysX\Common;C:\Program Files\NVIDIA Corporation\NVIDIA NvDLISR;C:\Program Files\Docker\Docker\resources\bin;C:\Program Files\Java\jdk-17\bin;C:\Users\daniel\AppData\Local\Programs\Python\Python311\Scripts\;C:\Users\daniel\AppData\Local\Programs\Python\Python311\;C:\Users\daniel\Documents\Maven\apache-maven-3.9.5\bin\bin;C:\Program Files\JetBrains\IntelliJ IDEA Community Edition 2023.2.3\bin;;C:\Users\daniel\AppData\Local\GitHubDesktop\bin;C:\Users\daniel\Documents\Maven\apache-maven-3.9.5\bin;;H:\VsCode\Microsoft VS Code\bin;.
	at org.apache.tomcat.jni.Library.<init>(Library.java:91) ~[tomcat-embed-core-10.1.24.jar:10.1.24]
	at org.apache.tomcat.jni.Library.initialize(Library.java:147) ~[tomcat-embed-core-10.1.24.jar:10.1.24]
	at org.apache.catalina.core.AprLifecycleListener.init(AprLifecycleListener.java:189) ~[tomcat-embed-core-10.1.24.jar:10.1.24]
	at org.apache.catalina.core.AprLifecycleListener.isAprAvailable(AprLifecycleListener.java:106) ~[tomcat-embed-core-10.1.24.jar:10.1.24]
	at org.springframework.boot.web.embedded.tomcat.TomcatServletWebServerFactory.getDefaultServerLifecycleListeners(TomcatServletWebServerFactory.java:191) ~[spring-boot-3.3.0.jar:3.3.0]
	at org.springframework.boot.web.embedded.tomcat.TomcatServletWebServerFactory.<init>(TomcatServletWebServerFactory.java:138) ~[spring-boot-3.3.0.jar:3.3.0]
	at org.springframework.boot.autoconfigure.web.servlet.ServletWebServerFactoryConfiguration$EmbeddedTomcat.tomcatServletWebServerFactory(ServletWebServerFactoryConfiguration.java:73) ~[spring-boot-autoconfigure-3.3.0.jar:3.3.0]
	at java.base/jdk.internal.reflect.DirectMethodHandleAccessor.invoke(DirectMethodHandleAccessor.java:103) ~[na:na]
	at java.base/java.lang.reflect.Method.invoke(Method.java:580) ~[na:na]
	at org.springframework.beans.factory.support.SimpleInstantiationStrategy.instantiate(SimpleInstantiationStrategy.java:140) ~[spring-beans-6.1.8.jar:6.1.8]
	at org.springframework.beans.factory.support.ConstructorResolver.instantiate(ConstructorResolver.java:644) ~[spring-beans-6.1.8.jar:6.1.8]
	at org.springframework.beans.factory.support.ConstructorResolver.instantiateUsingFactoryMethod(ConstructorResolver.java:636) ~[spring-beans-6.1.8.jar:6.1.8]
	at org.springframework.beans.factory.support.AbstractAutowireCapableBeanFactory.instantiateUsingFactoryMethod(AbstractAutowireCapableBeanFactory.java:1337) ~[spring-beans-6.1.8.jar:6.1.8]
	at org.springframework.beans.factory.support.AbstractAutowireCapableBeanFactory.createBeanInstance(AbstractAutowireCapableBeanFactory.java:1167) ~[spring-beans-6.1.8.jar:6.1.8]
	at org.springframework.beans.factory.support.AbstractAutowireCapableBeanFactory.doCreateBean(AbstractAutowireCapableBeanFactory.java:562) ~[spring-beans-6.1.8.jar:6.1.8]
	at org.springframework.beans.factory.support.AbstractAutowireCapableBeanFactory.createBean(AbstractAutowireCapableBeanFactory.java:522) ~[spring-beans-6.1.8.jar:6.1.8]
	at org.springframework.beans.factory.support.AbstractBeanFactory.lambda$doGetBean$0(AbstractBeanFactory.java:337) ~[spring-beans-6.1.8.jar:6.1.8]
	at org.springframework.beans.factory.support.DefaultSingletonBeanRegistry.getSingleton(DefaultSingletonBeanRegistry.java:234) ~[spring-beans-6.1.8.jar:6.1.8]
	at org.springframework.beans.factory.support.AbstractBeanFactory.doGetBean(AbstractBeanFactory.java:335) ~[spring-beans-6.1.8.jar:6.1.8]
	at org.springframework.beans.factory.support.AbstractBeanFactory.getBean(AbstractBeanFactory.java:200) ~[spring-beans-6.1.8.jar:6.1.8]
	at org.springframework.beans.factory.support.DefaultListableBeanFactory.preInstantiateSingletons(DefaultListableBeanFactory.java:975) ~[spring-beans-6.1.8.jar:6.1.8]
	at org.springframework.context.support.AbstractApplicationContext.finishBeanFactoryInitialization(AbstractApplicationContext.java:962) ~[spring-context-6.1.8.jar:6.1.8]
	at org.springframework.context.support.AbstractApplicationContext.refresh(AbstractApplicationContext.java:624) ~[spring-context-6.1.8.jar:6.1.8]
	at org.springframework.boot.SpringApplication.refresh(SpringApplication.java:754) ~[spring-boot-3.3.0.jar:3.3.0]
	at org.springframework.boot.SpringApplication.refreshContext(SpringApplication.java:456) ~[spring-boot-3.3.0.jar:3.3.0]
	at org.springframework.boot.SpringApplication.run(SpringApplication.java:335) ~[spring-boot-3.3.0.jar:3.3.0]
	at org.springframework.boot.test.context.SpringBootContextLoader.lambda$loadContext$3(SpringBootContextLoader.java:137) ~[spring-boot-test-3.3.0.jar:3.3.0]
	at org.springframework.util.function.ThrowingSupplier.get(ThrowingSupplier.java:58) ~[spring-core-6.1.8.jar:6.1.8]
	at org.springframework.util.function.ThrowingSupplier.get(ThrowingSupplier.java:46) ~[spring-core-6.1.8.jar:6.1.8]
	at org.springframework.boot.SpringApplication.withHook(SpringApplication.java:1463) ~[spring-boot-3.3.0.jar:3.3.0]
	at org.springframework.boot.test.context.SpringBootContextLoader$ContextLoaderHook.run(SpringBootContextLoader.java:553) ~[spring-boot-test-3.3.0.jar:3.3.0]
	at org.springframework.boot.test.context.SpringBootContextLoader.loadContext(SpringBootContextLoader.java:137) ~[spring-boot-test-3.3.0.jar:3.3.0]
	at org.springframework.boot.test.context.SpringBootContextLoader.loadContext(SpringBootContextLoader.java:108) ~[spring-boot-test-3.3.0.jar:3.3.0]
	at org.springframework.test.context.cache.DefaultCacheAwareContextLoaderDelegate.loadContextInternal(DefaultCacheAwareContextLoaderDelegate.java:225) ~[spring-test-6.1.8.jar:6.1.8]
	at org.springframework.test.context.cache.DefaultCacheAwareContextLoaderDelegate.loadContext(DefaultCacheAwareContextLoaderDelegate.java:152) ~[spring-test-6.1.8.jar:6.1.8]
	at org.springframework.test.context.support.DefaultTestContext.getApplicationContext(DefaultTestContext.java:130) ~[spring-test-6.1.8.jar:6.1.8]
	at org.springframework.test.context.web.ServletTestExecutionListener.setUpRequestContextIfNecessary(ServletTestExecutionListener.java:191) ~[spring-test-6.1.8.jar:6.1.8]
	at org.springframework.test.context.web.ServletTestExecutionListener.prepareTestInstance(ServletTestExecutionListener.java:130) ~[spring-test-6.1.8.jar:6.1.8]
	at org.springframework.test.context.TestContextManager.prepareTestInstance(TestContextManager.java:260) ~[spring-test-6.1.8.jar:6.1.8]
	at org.springframework.test.context.junit.jupiter.SpringExtension.postProcessTestInstance(SpringExtension.java:163) ~[spring-test-6.1.8.jar:6.1.8]
	at org.junit.jupiter.engine.descriptor.ClassBasedTestDescriptor.lambda$invokeTestInstancePostProcessors$10(ClassBasedTestDescriptor.java:378) ~[junit-jupiter-engine-5.10.2.jar:5.10.2]
	at org.junit.jupiter.engine.descriptor.ClassBasedTestDescriptor.executeAndMaskThrowable(ClassBasedTestDescriptor.java:383) ~[junit-jupiter-engine-5.10.2.jar:5.10.2]
	at org.junit.jupiter.engine.descriptor.ClassBasedTestDescriptor.lambda$invokeTestInstancePostProcessors$11(ClassBasedTestDescriptor.java:378) ~[junit-jupiter-engine-5.10.2.jar:5.10.2]
	at java.base/java.util.stream.ReferencePipeline$3$1.accept(ReferencePipeline.java:197) ~[na:na]
	at java.base/java.util.stream.ReferencePipeline$2$1.accept(ReferencePipeline.java:179) ~[na:na]
	at java.base/java.util.ArrayList$ArrayListSpliterator.forEachRemaining(ArrayList.java:1708) ~[na:na]
	at java.base/java.util.stream.AbstractPipeline.copyInto(AbstractPipeline.java:509) ~[na:na]
	at java.base/java.util.stream.AbstractPipeline.wrapAndCopyInto(AbstractPipeline.java:499) ~[na:na]
	at java.base/java.util.stream.StreamSpliterators$WrappingSpliterator.forEachRemaining(StreamSpliterators.java:310) ~[na:na]
	at java.base/java.util.stream.Streams$ConcatSpliterator.forEachRemaining(Streams.java:735) ~[na:na]
	at java.base/java.util.stream.Streams$ConcatSpliterator.forEachRemaining(Streams.java:734) ~[na:na]
	at java.base/java.util.stream.ReferencePipeline$Head.forEach(ReferencePipeline.java:762) ~[na:na]
	at org.junit.jupiter.engine.descriptor.ClassBasedTestDescriptor.invokeTestInstancePostProcessors(ClassBasedTestDescriptor.java:377) ~[junit-jupiter-engine-5.10.2.jar:5.10.2]
	at org.junit.jupiter.engine.descriptor.ClassBasedTestDescriptor.lambda$instantiateAndPostProcessTestInstance$6(ClassBasedTestDescriptor.java:290) ~[junit-jupiter-engine-5.10.2.jar:5.10.2]
	at org.junit.platform.engine.support.hierarchical.ThrowableCollector.execute(ThrowableCollector.java:73) ~[junit-platform-engine-1.10.2.jar:1.10.2]
	at org.junit.jupiter.engine.descriptor.ClassBasedTestDescriptor.instantiateAndPostProcessTestInstance(ClassBasedTestDescriptor.java:289) ~[junit-jupiter-engine-5.10.2.jar:5.10.2]
	at org.junit.jupiter.engine.descriptor.ClassBasedTestDescriptor.lambda$testInstancesProvider$4(ClassBasedTestDescriptor.java:279) ~[junit-jupiter-engine-5.10.2.jar:5.10.2]
	at java.base/java.util.Optional.orElseGet(Optional.java:364) ~[na:na]
	at org.junit.jupiter.engine.descriptor.ClassBasedTestDescriptor.lambda$testInstancesProvider$5(ClassBasedTestDescriptor.java:278) ~[junit-jupiter-engine-5.10.2.jar:5.10.2]
	at org.junit.jupiter.engine.execution.TestInstancesProvider.getTestInstances(TestInstancesProvider.java:31) ~[junit-jupiter-engine-5.10.2.jar:5.10.2]
	at org.junit.jupiter.engine.descriptor.TestMethodTestDescriptor.lambda$prepare$0(TestMethodTestDescriptor.java:106) ~[junit-jupiter-engine-5.10.2.jar:5.10.2]
	at org.junit.platform.engine.support.hierarchical.ThrowableCollector.execute(ThrowableCollector.java:73) ~[junit-platform-engine-1.10.2.jar:1.10.2]
	at org.junit.jupiter.engine.descriptor.TestMethodTestDescriptor.prepare(TestMethodTestDescriptor.java:105) ~[junit-jupiter-engine-5.10.2.jar:5.10.2]
	at org.junit.jupiter.engine.descriptor.TestMethodTestDescriptor.prepare(TestMethodTestDescriptor.java:69) ~[junit-jupiter-engine-5.10.2.jar:5.10.2]
	at org.junit.platform.engine.support.hierarchical.NodeTestTask.lambda$prepare$2(NodeTestTask.java:123) ~[junit-platform-engine-1.10.2.jar:1.10.2]
	at org.junit.platform.engine.support.hierarchical.ThrowableCollector.execute(ThrowableCollector.java:73) ~[junit-platform-engine-1.10.2.jar:1.10.2]
	at org.junit.platform.engine.support.hierarchical.NodeTestTask.prepare(NodeTestTask.java:123) ~[junit-platform-engine-1.10.2.jar:1.10.2]
	at org.junit.platform.engine.support.hierarchical.NodeTestTask.execute(NodeTestTask.java:90) ~[junit-platform-engine-1.10.2.jar:1.10.2]
	at java.base/java.util.ArrayList.forEach(ArrayList.java:1596) ~[na:na]
	at org.junit.platform.engine.support.hierarchical.SameThreadHierarchicalTestExecutorService.invokeAll(SameThreadHierarchicalTestExecutorService.java:41) ~[junit-platform-engine-1.10.2.jar:1.10.2]
	at org.junit.platform.engine.support.hierarchical.NodeTestTask.lambda$executeRecursively$6(NodeTestTask.java:155) ~[junit-platform-engine-1.10.2.jar:1.10.2]
	at org.junit.platform.engine.support.hierarchical.ThrowableCollector.execute(ThrowableCollector.java:73) ~[junit-platform-engine-1.10.2.jar:1.10.2]
	at org.junit.platform.engine.support.hierarchical.NodeTestTask.lambda$executeRecursively$8(NodeTestTask.java:141) ~[junit-platform-engine-1.10.2.jar:1.10.2]
	at org.junit.platform.engine.support.hierarchical.Node.around(Node.java:137) ~[junit-platform-engine-1.10.2.jar:1.10.2]
	at org.junit.platform.engine.support.hierarchical.NodeTestTask.lambda$executeRecursively$9(NodeTestTask.java:139) ~[junit-platform-engine-1.10.2.jar:1.10.2]
	at org.junit.platform.engine.support.hierarchical.ThrowableCollector.execute(ThrowableCollector.java:73) ~[junit-platform-engine-1.10.2.jar:1.10.2]
	at org.junit.platform.engine.support.hierarchical.NodeTestTask.executeRecursively(NodeTestTask.java:138) ~[junit-platform-engine-1.10.2.jar:1.10.2]
	at org.junit.platform.engine.support.hierarchical.NodeTestTask.execute(NodeTestTask.java:95) ~[junit-platform-engine-1.10.2.jar:1.10.2]
	at java.base/java.util.ArrayList.forEach(ArrayList.java:1596) ~[na:na]
	at org.junit.platform.engine.support.hierarchical.SameThreadHierarchicalTestExecutorService.invokeAll(SameThreadHierarchicalTestExecutorService.java:41) ~[junit-platform-engine-1.10.2.jar:1.10.2]
	at org.junit.platform.engine.support.hierarchical.NodeTestTask.lambda$executeRecursively$6(NodeTestTask.java:155) ~[junit-platform-engine-1.10.2.jar:1.10.2]
	at org.junit.platform.engine.support.hierarchical.ThrowableCollector.execute(ThrowableCollector.java:73) ~[junit-platform-engine-1.10.2.jar:1.10.2]
	at org.junit.platform.engine.support.hierarchical.NodeTestTask.lambda$executeRecursively$8(NodeTestTask.java:141) ~[junit-platform-engine-1.10.2.jar:1.10.2]
	at org.junit.platform.engine.support.hierarchical.Node.around(Node.java:137) ~[junit-platform-engine-1.10.2.jar:1.10.2]
	at org.junit.platform.engine.support.hierarchical.NodeTestTask.lambda$executeRecursively$9(NodeTestTask.java:139) ~[junit-platform-engine-1.10.2.jar:1.10.2]
	at org.junit.platform.engine.support.hierarchical.ThrowableCollector.execute(ThrowableCollector.java:73) ~[junit-platform-engine-1.10.2.jar:1.10.2]
	at org.junit.platform.engine.support.hierarchical.NodeTestTask.executeRecursively(NodeTestTask.java:138) ~[junit-platform-engine-1.10.2.jar:1.10.2]
	at org.junit.platform.engine.support.hierarchical.NodeTestTask.execute(NodeTestTask.java:95) ~[junit-platform-engine-1.10.2.jar:1.10.2]
	at org.junit.platform.engine.support.hierarchical.SameThreadHierarchicalTestExecutorService.submit(SameThreadHierarchicalTestExecutorService.java:35) ~[junit-platform-engine-1.10.2.jar:1.10.2]
	at org.junit.platform.engine.support.hierarchical.HierarchicalTestExecutor.execute(HierarchicalTestExecutor.java:57) ~[junit-platform-engine-1.10.2.jar:1.10.2]
	at org.junit.platform.engine.support.hierarchical.HierarchicalTestEngine.execute(HierarchicalTestEngine.java:54) ~[junit-platform-engine-1.10.2.jar:1.10.2]
	at org.junit.platform.launcher.core.EngineExecutionOrchestrator.execute(EngineExecutionOrchestrator.java:198) ~[junit-platform-launcher-1.10.2.jar:1.10.2]
	at org.junit.platform.launcher.core.EngineExecutionOrchestrator.execute(EngineExecutionOrchestrator.java:169) ~[junit-platform-launcher-1.10.2.jar:1.10.2]
	at org.junit.platform.launcher.core.EngineExecutionOrchestrator.execute(EngineExecutionOrchestrator.java:93) ~[junit-platform-launcher-1.10.2.jar:1.10.2]
	at org.junit.platform.launcher.core.EngineExecutionOrchestrator.lambda$execute$0(EngineExecutionOrchestrator.java:58) ~[junit-platform-launcher-1.10.2.jar:1.10.2]
	at org.junit.platform.launcher.core.EngineExecutionOrchestrator.withInterceptedStreams(EngineExecutionOrchestrator.java:141) ~[junit-platform-launcher-1.10.2.jar:1.10.2]
	at org.junit.platform.launcher.core.EngineExecutionOrchestrator.execute(EngineExecutionOrchestrator.java:57) ~[junit-platform-launcher-1.10.2.jar:1.10.2]
	at org.junit.platform.launcher.core.DefaultLauncher.execute(DefaultLauncher.java:103) ~[junit-platform-launcher-1.10.2.jar:1.10.2]
	at org.junit.platform.launcher.core.DefaultLauncher.execute(DefaultLauncher.java:85) ~[junit-platform-launcher-1.10.2.jar:1.10.2]
	at org.junit.platform.launcher.core.DelegatingLauncher.execute(DelegatingLauncher.java:47) ~[junit-platform-launcher-1.10.2.jar:1.10.2]
	at org.apache.maven.surefire.junitplatform.LazyLauncher.execute(LazyLauncher.java:56) ~[surefire-junit-platform-3.2.5.jar:3.2.5]
	at org.apache.maven.surefire.junitplatform.JUnitPlatformProvider.execute(JUnitPlatformProvider.java:184) ~[surefire-junit-platform-3.2.5.jar:3.2.5]
	at org.apache.maven.surefire.junitplatform.JUnitPlatformProvider.invokeAllTests(JUnitPlatformProvider.java:148) ~[surefire-junit-platform-3.2.5.jar:3.2.5]
	at org.apache.maven.surefire.junitplatform.JUnitPlatformProvider.invoke(JUnitPlatformProvider.java:122) ~[surefire-junit-platform-3.2.5.jar:3.2.5]
	at org.apache.maven.surefire.booter.ForkedBooter.runSuitesInProcess(ForkedBooter.java:385) ~[surefire-booter-3.2.5.jar:3.2.5]
	at org.apache.maven.surefire.booter.ForkedBooter.execute(ForkedBooter.java:162) ~[surefire-booter-3.2.5.jar:3.2.5]
	at org.apache.maven.surefire.booter.ForkedBooter.run(ForkedBooter.java:507) ~[surefire-booter-3.2.5.jar:3.2.5]
	at org.apache.maven.surefire.booter.ForkedBooter.main(ForkedBooter.java:495) ~[surefire-booter-3.2.5.jar:3.2.5]

2024-06-12T14:28:35.929+03:00 DEBUG 12012 --- [URL Shortener] [           main] o.s.b.f.s.DefaultListableBeanFactory     : Creating shared instance of singleton bean 'servletWebServerFactoryCustomizer'
2024-06-12T14:28:35.929+03:00 DEBUG 12012 --- [URL Shortener] [           main] o.s.b.f.s.DefaultListableBeanFactory     : Creating shared instance of singleton bean 'org.springframework.boot.autoconfigure.web.servlet.ServletWebServerFactoryAutoConfiguration'
2024-06-12T14:28:35.930+03:00 DEBUG 12012 --- [URL Shortener] [           main] o.s.b.f.s.DefaultListableBeanFactory     : Creating shared instance of singleton bean 'server-org.springframework.boot.autoconfigure.web.ServerProperties'
2024-06-12T14:28:35.941+03:00 DEBUG 12012 --- [URL Shortener] [           main] o.s.b.f.s.DefaultListableBeanFactory     : Autowiring by type from bean name 'servletWebServerFactoryCustomizer' via factory method to bean named 'server-org.springframework.boot.autoconfigure.web.ServerProperties'
2024-06-12T14:28:35.951+03:00 DEBUG 12012 --- [URL Shortener] [           main] o.s.b.f.s.DefaultListableBeanFactory     : Creating shared instance of singleton bean 'tomcatServletWebServerFactoryCustomizer'
2024-06-12T14:28:35.952+03:00 DEBUG 12012 --- [URL Shortener] [           main] o.s.b.f.s.DefaultListableBeanFactory     : Autowiring by type from bean name 'tomcatServletWebServerFactoryCustomizer' via factory method to bean named 'server-org.springframework.boot.autoconfigure.web.ServerProperties'
2024-06-12T14:28:35.953+03:00 DEBUG 12012 --- [URL Shortener] [           main] o.s.b.f.s.DefaultListableBeanFactory     : Creating shared instance of singleton bean 'localeCharsetMappingsCustomizer'
2024-06-12T14:28:35.953+03:00 DEBUG 12012 --- [URL Shortener] [           main] o.s.b.f.s.DefaultListableBeanFactory     : Creating shared instance of singleton bean 'org.springframework.boot.autoconfigure.web.servlet.HttpEncodingAutoConfiguration'
2024-06-12T14:28:35.953+03:00 DEBUG 12012 --- [URL Shortener] [           main] o.s.b.f.s.DefaultListableBeanFactory     : Autowiring by type from bean name 'org.springframework.boot.autoconfigure.web.servlet.HttpEncodingAutoConfiguration' via constructor to bean named 'server-org.springframework.boot.autoconfigure.web.ServerProperties'
2024-06-12T14:28:35.963+03:00 DEBUG 12012 --- [URL Shortener] [           main] o.s.b.f.s.DefaultListableBeanFactory     : Creating shared instance of singleton bean 'errorPageCustomizer'
2024-06-12T14:28:35.963+03:00 DEBUG 12012 --- [URL Shortener] [           main] o.s.b.f.s.DefaultListableBeanFactory     : Creating shared instance of singleton bean 'org.springframework.boot.autoconfigure.web.servlet.error.ErrorMvcAutoConfiguration'
2024-06-12T14:28:35.964+03:00 DEBUG 12012 --- [URL Shortener] [           main] o.s.b.f.s.DefaultListableBeanFactory     : Autowiring by type from bean name 'org.springframework.boot.autoconfigure.web.servlet.error.ErrorMvcAutoConfiguration' via constructor to bean named 'server-org.springframework.boot.autoconfigure.web.ServerProperties'
2024-06-12T14:28:35.965+03:00 DEBUG 12012 --- [URL Shortener] [           main] o.s.b.f.s.DefaultListableBeanFactory     : Creating shared instance of singleton bean 'dispatcherServletRegistration'
2024-06-12T14:28:35.965+03:00 DEBUG 12012 --- [URL Shortener] [           main] o.s.b.f.s.DefaultListableBeanFactory     : Creating shared instance of singleton bean 'org.springframework.boot.autoconfigure.web.servlet.DispatcherServletAutoConfiguration$DispatcherServletRegistrationConfiguration'
2024-06-12T14:28:35.967+03:00 DEBUG 12012 --- [URL Shortener] [           main] o.s.b.f.s.DefaultListableBeanFactory     : Creating shared instance of singleton bean 'dispatcherServlet'
2024-06-12T14:28:35.967+03:00 DEBUG 12012 --- [URL Shortener] [           main] o.s.b.f.s.DefaultListableBeanFactory     : Creating shared instance of singleton bean 'org.springframework.boot.autoconfigure.web.servlet.DispatcherServletAutoConfiguration$DispatcherServletConfiguration'
2024-06-12T14:28:35.968+03:00 DEBUG 12012 --- [URL Shortener] [           main] o.s.b.f.s.DefaultListableBeanFactory     : Autowiring by type from bean name 'dispatcherServlet' via factory method to bean named 'spring.mvc-org.springframework.boot.autoconfigure.web.servlet.WebMvcProperties'
2024-06-12T14:28:35.980+03:00 DEBUG 12012 --- [URL Shortener] [           main] o.s.b.f.s.DefaultListableBeanFactory     : Autowiring by type from bean name 'dispatcherServletRegistration' via factory method to bean named 'dispatcherServlet'
2024-06-12T14:28:35.980+03:00 DEBUG 12012 --- [URL Shortener] [           main] o.s.b.f.s.DefaultListableBeanFactory     : Autowiring by type from bean name 'dispatcherServletRegistration' via factory method to bean named 'spring.mvc-org.springframework.boot.autoconfigure.web.servlet.WebMvcProperties'
2024-06-12T14:28:35.983+03:00 DEBUG 12012 --- [URL Shortener] [           main] o.s.b.f.s.DefaultListableBeanFactory     : Creating shared instance of singleton bean 'multipartConfigElement'
2024-06-12T14:28:35.983+03:00 DEBUG 12012 --- [URL Shortener] [           main] o.s.b.f.s.DefaultListableBeanFactory     : Creating shared instance of singleton bean 'org.springframework.boot.autoconfigure.web.servlet.MultipartAutoConfiguration'
2024-06-12T14:28:35.984+03:00 DEBUG 12012 --- [URL Shortener] [           main] o.s.b.f.s.DefaultListableBeanFactory     : Creating shared instance of singleton bean 'spring.servlet.multipart-org.springframework.boot.autoconfigure.web.servlet.MultipartProperties'
2024-06-12T14:28:35.988+03:00 DEBUG 12012 --- [URL Shortener] [           main] o.s.b.f.s.DefaultListableBeanFactory     : Autowiring by type from bean name 'org.springframework.boot.autoconfigure.web.servlet.MultipartAutoConfiguration' via constructor to bean named 'spring.servlet.multipart-org.springframework.boot.autoconfigure.web.servlet.MultipartProperties'
2024-06-12T14:28:35.993+03:00 DEBUG 12012 --- [URL Shortener] [           main] o.s.b.f.s.DefaultListableBeanFactory     : Autowiring by type from bean name 'errorPageCustomizer' via factory method to bean named 'dispatcherServletRegistration'
2024-06-12T14:28:35.999+03:00 DEBUG 12012 --- [URL Shortener] [           main] o.s.b.f.s.DefaultListableBeanFactory     : Creating shared instance of singleton bean 'org.springframework.boot.autoconfigure.web.servlet.DispatcherServletAutoConfiguration'
2024-06-12T14:28:35.999+03:00 DEBUG 12012 --- [URL Shortener] [           main] o.s.b.f.s.DefaultListableBeanFactory     : Creating shared instance of singleton bean 'org.springframework.boot.autoconfigure.task.TaskExecutorConfigurations$ThreadPoolTaskExecutorBuilderConfiguration'
2024-06-12T14:28:36.000+03:00 DEBUG 12012 --- [URL Shortener] [           main] o.s.b.f.s.DefaultListableBeanFactory     : Creating shared instance of singleton bean 'threadPoolTaskExecutorBuilder'
2024-06-12T14:28:36.001+03:00 DEBUG 12012 --- [URL Shortener] [           main] o.s.b.f.s.DefaultListableBeanFactory     : Creating shared instance of singleton bean 'spring.task.execution-org.springframework.boot.autoconfigure.task.TaskExecutionProperties'
2024-06-12T14:28:36.003+03:00 DEBUG 12012 --- [URL Shortener] [           main] o.s.b.f.s.DefaultListableBeanFactory     : Autowiring by type from bean name 'threadPoolTaskExecutorBuilder' via factory method to bean named 'spring.task.execution-org.springframework.boot.autoconfigure.task.TaskExecutionProperties'
2024-06-12T14:28:36.006+03:00 DEBUG 12012 --- [URL Shortener] [           main] o.s.b.f.s.DefaultListableBeanFactory     : Creating shared instance of singleton bean 'org.springframework.boot.autoconfigure.task.TaskExecutorConfigurations$TaskExecutorBuilderConfiguration'
2024-06-12T14:28:36.007+03:00 DEBUG 12012 --- [URL Shortener] [           main] o.s.b.f.s.DefaultListableBeanFactory     : Creating shared instance of singleton bean 'taskExecutorBuilder'
2024-06-12T14:28:36.007+03:00 DEBUG 12012 --- [URL Shortener] [           main] o.s.b.f.s.DefaultListableBeanFactory     : Autowiring by type from bean name 'taskExecutorBuilder' via factory method to bean named 'spring.task.execution-org.springframework.boot.autoconfigure.task.TaskExecutionProperties'
2024-06-12T14:28:36.009+03:00 DEBUG 12012 --- [URL Shortener] [           main] o.s.b.f.s.DefaultListableBeanFactory     : Creating shared instance of singleton bean 'org.springframework.boot.autoconfigure.task.TaskExecutorConfigurations$SimpleAsyncTaskExecutorBuilderConfiguration'
2024-06-12T14:28:36.009+03:00 DEBUG 12012 --- [URL Shortener] [           main] o.s.b.f.s.DefaultListableBeanFactory     : Autowiring by type from bean name 'org.springframework.boot.autoconfigure.task.TaskExecutorConfigurations$SimpleAsyncTaskExecutorBuilderConfiguration' via constructor to bean named 'spring.task.execution-org.springframework.boot.autoconfigure.task.TaskExecutionProperties'
2024-06-12T14:28:36.010+03:00 DEBUG 12012 --- [URL Shortener] [           main] o.s.b.f.s.DefaultListableBeanFactory     : Creating shared instance of singleton bean 'simpleAsyncTaskExecutorBuilder'
2024-06-12T14:28:36.012+03:00 DEBUG 12012 --- [URL Shortener] [           main] o.s.b.f.s.DefaultListableBeanFactory     : Creating shared instance of singleton bean 'org.springframework.boot.autoconfigure.task.TaskExecutorConfigurations$TaskExecutorConfiguration'
2024-06-12T14:28:36.012+03:00 DEBUG 12012 --- [URL Shortener] [           main] o.s.b.f.s.DefaultListableBeanFactory     : Creating shared instance of singleton bean 'org.springframework.boot.autoconfigure.task.TaskExecutionAutoConfiguration'
2024-06-12T14:28:36.013+03:00 DEBUG 12012 --- [URL Shortener] [           main] o.s.b.f.s.DefaultListableBeanFactory     : Creating shared instance of singleton bean 'org.springframework.boot.autoconfigure.web.servlet.error.ErrorMvcAutoConfiguration$WhitelabelErrorViewConfiguration'
2024-06-12T14:28:36.013+03:00 DEBUG 12012 --- [URL Shortener] [           main] o.s.b.f.s.DefaultListableBeanFactory     : Creating shared instance of singleton bean 'error'
2024-06-12T14:28:36.014+03:00 DEBUG 12012 --- [URL Shortener] [           main] o.s.b.f.s.DefaultListableBeanFactory     : Creating shared instance of singleton bean 'beanNameViewResolver'
2024-06-12T14:28:36.015+03:00 DEBUG 12012 --- [URL Shortener] [           main] o.s.b.f.s.DefaultListableBeanFactory     : Creating shared instance of singleton bean 'org.springframework.boot.autoconfigure.web.servlet.error.ErrorMvcAutoConfiguration$DefaultErrorViewResolverConfiguration'
2024-06-12T14:28:36.015+03:00 DEBUG 12012 --- [URL Shortener] [           main] o.s.b.f.s.DefaultListableBeanFactory     : Autowiring by type from bean name 'org.springframework.boot.autoconfigure.web.servlet.error.ErrorMvcAutoConfiguration$DefaultErrorViewResolverConfiguration' via constructor to bean named 'org.springframework.web.context.support.GenericWebApplicationContext@684430c1'
2024-06-12T14:28:36.015+03:00 DEBUG 12012 --- [URL Shortener] [           main] o.s.b.f.s.DefaultListableBeanFactory     : Autowiring by type from bean name 'org.springframework.boot.autoconfigure.web.servlet.error.ErrorMvcAutoConfiguration$DefaultErrorViewResolverConfiguration' via constructor to bean named 'spring.web-org.springframework.boot.autoconfigure.web.WebProperties'
2024-06-12T14:28:36.016+03:00 DEBUG 12012 --- [URL Shortener] [           main] o.s.b.f.s.DefaultListableBeanFactory     : Creating shared instance of singleton bean 'conventionErrorViewResolver'
2024-06-12T14:28:36.017+03:00 DEBUG 12012 --- [URL Shortener] [           main] o.s.b.f.s.DefaultListableBeanFactory     : Creating shared instance of singleton bean 'errorAttributes'
2024-06-12T14:28:36.018+03:00 DEBUG 12012 --- [URL Shortener] [           main] o.s.b.f.s.DefaultListableBeanFactory     : Creating shared instance of singleton bean 'basicErrorController'
2024-06-12T14:28:36.019+03:00 DEBUG 12012 --- [URL Shortener] [           main] o.s.b.f.s.DefaultListableBeanFactory     : Autowiring by type from bean name 'basicErrorController' via factory method to bean named 'errorAttributes'
2024-06-12T14:28:36.021+03:00 DEBUG 12012 --- [URL Shortener] [           main] o.s.b.f.s.DefaultListableBeanFactory     : Creating shared instance of singleton bean 'localeResolver'
2024-06-12T14:28:36.023+03:00 DEBUG 12012 --- [URL Shortener] [           main] o.s.b.f.s.DefaultListableBeanFactory     : Creating shared instance of singleton bean 'themeResolver'
2024-06-12T14:28:36.025+03:00 DEBUG 12012 --- [URL Shortener] [           main] o.s.b.f.s.DefaultListableBeanFactory     : Creating shared instance of singleton bean 'flashMapManager'
2024-06-12T14:28:36.028+03:00 DEBUG 12012 --- [URL Shortener] [           main] o.s.b.f.s.DefaultListableBeanFactory     : Creating shared instance of singleton bean 'mvcValidator'
2024-06-12T14:28:36.036+03:00 DEBUG 12012 --- [URL Shortener] [           main] o.s.v.b.OptionalValidatorFactoryBean     : Failed to set up a Bean Validation provider

jakarta.validation.NoProviderFoundException: Unable to create a Configuration, because no Jakarta Bean Validation provider could be found. Add a provider like Hibernate Validator (RI) to your classpath.
	at jakarta.validation.Validation$GenericBootstrapImpl.configure(Validation.java:291) ~[jakarta.validation-api-3.0.2.jar:na]
	at org.springframework.validation.beanvalidation.LocalValidatorFactoryBean.afterPropertiesSet(LocalValidatorFactoryBean.java:270) ~[spring-context-6.1.8.jar:6.1.8]
	at org.springframework.validation.beanvalidation.OptionalValidatorFactoryBean.afterPropertiesSet(OptionalValidatorFactoryBean.java:39) ~[spring-context-6.1.8.jar:6.1.8]
	at org.springframework.boot.autoconfigure.validation.ValidatorAdapter.afterPropertiesSet(ValidatorAdapter.java:85) ~[spring-boot-autoconfigure-3.3.0.jar:3.3.0]
	at org.springframework.beans.factory.support.AbstractAutowireCapableBeanFactory.invokeInitMethods(AbstractAutowireCapableBeanFactory.java:1835) ~[spring-beans-6.1.8.jar:6.1.8]
	at org.springframework.beans.factory.support.AbstractAutowireCapableBeanFactory.initializeBean(AbstractAutowireCapableBeanFactory.java:1784) ~[spring-beans-6.1.8.jar:6.1.8]
	at org.springframework.beans.factory.support.AbstractAutowireCapableBeanFactory.doCreateBean(AbstractAutowireCapableBeanFactory.java:600) ~[spring-beans-6.1.8.jar:6.1.8]
	at org.springframework.beans.factory.support.AbstractAutowireCapableBeanFactory.createBean(AbstractAutowireCapableBeanFactory.java:522) ~[spring-beans-6.1.8.jar:6.1.8]
	at org.springframework.beans.factory.support.AbstractBeanFactory.lambda$doGetBean$0(AbstractBeanFactory.java:337) ~[spring-beans-6.1.8.jar:6.1.8]
	at org.springframework.beans.factory.support.DefaultSingletonBeanRegistry.getSingleton(DefaultSingletonBeanRegistry.java:234) ~[spring-beans-6.1.8.jar:6.1.8]
	at org.springframework.beans.factory.support.AbstractBeanFactory.doGetBean(AbstractBeanFactory.java:335) ~[spring-beans-6.1.8.jar:6.1.8]
	at org.springframework.beans.factory.support.AbstractBeanFactory.getBean(AbstractBeanFactory.java:200) ~[spring-beans-6.1.8.jar:6.1.8]
	at org.springframework.beans.factory.support.DefaultListableBeanFactory.preInstantiateSingletons(DefaultListableBeanFactory.java:975) ~[spring-beans-6.1.8.jar:6.1.8]
	at org.springframework.context.support.AbstractApplicationContext.finishBeanFactoryInitialization(AbstractApplicationContext.java:962) ~[spring-context-6.1.8.jar:6.1.8]
	at org.springframework.context.support.AbstractApplicationContext.refresh(AbstractApplicationContext.java:624) ~[spring-context-6.1.8.jar:6.1.8]
	at org.springframework.boot.SpringApplication.refresh(SpringApplication.java:754) ~[spring-boot-3.3.0.jar:3.3.0]
	at org.springframework.boot.SpringApplication.refreshContext(SpringApplication.java:456) ~[spring-boot-3.3.0.jar:3.3.0]
	at org.springframework.boot.SpringApplication.run(SpringApplication.java:335) ~[spring-boot-3.3.0.jar:3.3.0]
	at org.springframework.boot.test.context.SpringBootContextLoader.lambda$loadContext$3(SpringBootContextLoader.java:137) ~[spring-boot-test-3.3.0.jar:3.3.0]
	at org.springframework.util.function.ThrowingSupplier.get(ThrowingSupplier.java:58) ~[spring-core-6.1.8.jar:6.1.8]
	at org.springframework.util.function.ThrowingSupplier.get(ThrowingSupplier.java:46) ~[spring-core-6.1.8.jar:6.1.8]
	at org.springframework.boot.SpringApplication.withHook(SpringApplication.java:1463) ~[spring-boot-3.3.0.jar:3.3.0]
	at org.springframework.boot.test.context.SpringBootContextLoader$ContextLoaderHook.run(SpringBootContextLoader.java:553) ~[spring-boot-test-3.3.0.jar:3.3.0]
	at org.springframework.boot.test.context.SpringBootContextLoader.loadContext(SpringBootContextLoader.java:137) ~[spring-boot-test-3.3.0.jar:3.3.0]
	at org.springframework.boot.test.context.SpringBootContextLoader.loadContext(SpringBootContextLoader.java:108) ~[spring-boot-test-3.3.0.jar:3.3.0]
	at org.springframework.test.context.cache.DefaultCacheAwareContextLoaderDelegate.loadContextInternal(DefaultCacheAwareContextLoaderDelegate.java:225) ~[spring-test-6.1.8.jar:6.1.8]
	at org.springframework.test.context.cache.DefaultCacheAwareContextLoaderDelegate.loadContext(DefaultCacheAwareContextLoaderDelegate.java:152) ~[spring-test-6.1.8.jar:6.1.8]
	at org.springframework.test.context.support.DefaultTestContext.getApplicationContext(DefaultTestContext.java:130) ~[spring-test-6.1.8.jar:6.1.8]
	at org.springframework.test.context.web.ServletTestExecutionListener.setUpRequestContextIfNecessary(ServletTestExecutionListener.java:191) ~[spring-test-6.1.8.jar:6.1.8]
	at org.springframework.test.context.web.ServletTestExecutionListener.prepareTestInstance(ServletTestExecutionListener.java:130) ~[spring-test-6.1.8.jar:6.1.8]
	at org.springframework.test.context.TestContextManager.prepareTestInstance(TestContextManager.java:260) ~[spring-test-6.1.8.jar:6.1.8]
	at org.springframework.test.context.junit.jupiter.SpringExtension.postProcessTestInstance(SpringExtension.java:163) ~[spring-test-6.1.8.jar:6.1.8]
	at org.junit.jupiter.engine.descriptor.ClassBasedTestDescriptor.lambda$invokeTestInstancePostProcessors$10(ClassBasedTestDescriptor.java:378) ~[junit-jupiter-engine-5.10.2.jar:5.10.2]
	at org.junit.jupiter.engine.descriptor.ClassBasedTestDescriptor.executeAndMaskThrowable(ClassBasedTestDescriptor.java:383) ~[junit-jupiter-engine-5.10.2.jar:5.10.2]
	at org.junit.jupiter.engine.descriptor.ClassBasedTestDescriptor.lambda$invokeTestInstancePostProcessors$11(ClassBasedTestDescriptor.java:378) ~[junit-jupiter-engine-5.10.2.jar:5.10.2]
	at java.base/java.util.stream.ReferencePipeline$3$1.accept(ReferencePipeline.java:197) ~[na:na]
	at java.base/java.util.stream.ReferencePipeline$2$1.accept(ReferencePipeline.java:179) ~[na:na]
	at java.base/java.util.ArrayList$ArrayListSpliterator.forEachRemaining(ArrayList.java:1708) ~[na:na]
	at java.base/java.util.stream.AbstractPipeline.copyInto(AbstractPipeline.java:509) ~[na:na]
	at java.base/java.util.stream.AbstractPipeline.wrapAndCopyInto(AbstractPipeline.java:499) ~[na:na]
	at java.base/java.util.stream.StreamSpliterators$WrappingSpliterator.forEachRemaining(StreamSpliterators.java:310) ~[na:na]
	at java.base/java.util.stream.Streams$ConcatSpliterator.forEachRemaining(Streams.java:735) ~[na:na]
	at java.base/java.util.stream.Streams$ConcatSpliterator.forEachRemaining(Streams.java:734) ~[na:na]
	at java.base/java.util.stream.ReferencePipeline$Head.forEach(ReferencePipeline.java:762) ~[na:na]
	at org.junit.jupiter.engine.descriptor.ClassBasedTestDescriptor.invokeTestInstancePostProcessors(ClassBasedTestDescriptor.java:377) ~[junit-jupiter-engine-5.10.2.jar:5.10.2]
	at org.junit.jupiter.engine.descriptor.ClassBasedTestDescriptor.lambda$instantiateAndPostProcessTestInstance$6(ClassBasedTestDescriptor.java:290) ~[junit-jupiter-engine-5.10.2.jar:5.10.2]
	at org.junit.platform.engine.support.hierarchical.ThrowableCollector.execute(ThrowableCollector.java:73) ~[junit-platform-engine-1.10.2.jar:1.10.2]
	at org.junit.jupiter.engine.descriptor.ClassBasedTestDescriptor.instantiateAndPostProcessTestInstance(ClassBasedTestDescriptor.java:289) ~[junit-jupiter-engine-5.10.2.jar:5.10.2]
	at org.junit.jupiter.engine.descriptor.ClassBasedTestDescriptor.lambda$testInstancesProvider$4(ClassBasedTestDescriptor.java:279) ~[junit-jupiter-engine-5.10.2.jar:5.10.2]
	at java.base/java.util.Optional.orElseGet(Optional.java:364) ~[na:na]
	at org.junit.jupiter.engine.descriptor.ClassBasedTestDescriptor.lambda$testInstancesProvider$5(ClassBasedTestDescriptor.java:278) ~[junit-jupiter-engine-5.10.2.jar:5.10.2]
	at org.junit.jupiter.engine.execution.TestInstancesProvider.getTestInstances(TestInstancesProvider.java:31) ~[junit-jupiter-engine-5.10.2.jar:5.10.2]
	at org.junit.jupiter.engine.descriptor.TestMethodTestDescriptor.lambda$prepare$0(TestMethodTestDescriptor.java:106) ~[junit-jupiter-engine-5.10.2.jar:5.10.2]
	at org.junit.platform.engine.support.hierarchical.ThrowableCollector.execute(ThrowableCollector.java:73) ~[junit-platform-engine-1.10.2.jar:1.10.2]
	at org.junit.jupiter.engine.descriptor.TestMethodTestDescriptor.prepare(TestMethodTestDescriptor.java:105) ~[junit-jupiter-engine-5.10.2.jar:5.10.2]
	at org.junit.jupiter.engine.descriptor.TestMethodTestDescriptor.prepare(TestMethodTestDescriptor.java:69) ~[junit-jupiter-engine-5.10.2.jar:5.10.2]
	at org.junit.platform.engine.support.hierarchical.NodeTestTask.lambda$prepare$2(NodeTestTask.java:123) ~[junit-platform-engine-1.10.2.jar:1.10.2]
	at org.junit.platform.engine.support.hierarchical.ThrowableCollector.execute(ThrowableCollector.java:73) ~[junit-platform-engine-1.10.2.jar:1.10.2]
	at org.junit.platform.engine.support.hierarchical.NodeTestTask.prepare(NodeTestTask.java:123) ~[junit-platform-engine-1.10.2.jar:1.10.2]
	at org.junit.platform.engine.support.hierarchical.NodeTestTask.execute(NodeTestTask.java:90) ~[junit-platform-engine-1.10.2.jar:1.10.2]
	at java.base/java.util.ArrayList.forEach(ArrayList.java:1596) ~[na:na]
	at org.junit.platform.engine.support.hierarchical.SameThreadHierarchicalTestExecutorService.invokeAll(SameThreadHierarchicalTestExecutorService.java:41) ~[junit-platform-engine-1.10.2.jar:1.10.2]
	at org.junit.platform.engine.support.hierarchical.NodeTestTask.lambda$executeRecursively$6(NodeTestTask.java:155) ~[junit-platform-engine-1.10.2.jar:1.10.2]
	at org.junit.platform.engine.support.hierarchical.ThrowableCollector.execute(ThrowableCollector.java:73) ~[junit-platform-engine-1.10.2.jar:1.10.2]
	at org.junit.platform.engine.support.hierarchical.NodeTestTask.lambda$executeRecursively$8(NodeTestTask.java:141) ~[junit-platform-engine-1.10.2.jar:1.10.2]
	at org.junit.platform.engine.support.hierarchical.Node.around(Node.java:137) ~[junit-platform-engine-1.10.2.jar:1.10.2]
	at org.junit.platform.engine.support.hierarchical.NodeTestTask.lambda$executeRecursively$9(NodeTestTask.java:139) ~[junit-platform-engine-1.10.2.jar:1.10.2]
	at org.junit.platform.engine.support.hierarchical.ThrowableCollector.execute(ThrowableCollector.java:73) ~[junit-platform-engine-1.10.2.jar:1.10.2]
	at org.junit.platform.engine.support.hierarchical.NodeTestTask.executeRecursively(NodeTestTask.java:138) ~[junit-platform-engine-1.10.2.jar:1.10.2]
	at org.junit.platform.engine.support.hierarchical.NodeTestTask.execute(NodeTestTask.java:95) ~[junit-platform-engine-1.10.2.jar:1.10.2]
	at java.base/java.util.ArrayList.forEach(ArrayList.java:1596) ~[na:na]
	at org.junit.platform.engine.support.hierarchical.SameThreadHierarchicalTestExecutorService.invokeAll(SameThreadHierarchicalTestExecutorService.java:41) ~[junit-platform-engine-1.10.2.jar:1.10.2]
	at org.junit.platform.engine.support.hierarchical.NodeTestTask.lambda$executeRecursively$6(NodeTestTask.java:155) ~[junit-platform-engine-1.10.2.jar:1.10.2]
	at org.junit.platform.engine.support.hierarchical.ThrowableCollector.execute(ThrowableCollector.java:73) ~[junit-platform-engine-1.10.2.jar:1.10.2]
	at org.junit.platform.engine.support.hierarchical.NodeTestTask.lambda$executeRecursively$8(NodeTestTask.java:141) ~[junit-platform-engine-1.10.2.jar:1.10.2]
	at org.junit.platform.engine.support.hierarchical.Node.around(Node.java:137) ~[junit-platform-engine-1.10.2.jar:1.10.2]
	at org.junit.platform.engine.support.hierarchical.NodeTestTask.lambda$executeRecursively$9(NodeTestTask.java:139) ~[junit-platform-engine-1.10.2.jar:1.10.2]
	at org.junit.platform.engine.support.hierarchical.ThrowableCollector.execute(ThrowableCollector.java:73) ~[junit-platform-engine-1.10.2.jar:1.10.2]
	at org.junit.platform.engine.support.hierarchical.NodeTestTask.executeRecursively(NodeTestTask.java:138) ~[junit-platform-engine-1.10.2.jar:1.10.2]
	at org.junit.platform.engine.support.hierarchical.NodeTestTask.execute(NodeTestTask.java:95) ~[junit-platform-engine-1.10.2.jar:1.10.2]
	at org.junit.platform.engine.support.hierarchical.SameThreadHierarchicalTestExecutorService.submit(SameThreadHierarchicalTestExecutorService.java:35) ~[junit-platform-engine-1.10.2.jar:1.10.2]
	at org.junit.platform.engine.support.hierarchical.HierarchicalTestExecutor.execute(HierarchicalTestExecutor.java:57) ~[junit-platform-engine-1.10.2.jar:1.10.2]
	at org.junit.platform.engine.support.hierarchical.HierarchicalTestEngine.execute(HierarchicalTestEngine.java:54) ~[junit-platform-engine-1.10.2.jar:1.10.2]
	at org.junit.platform.launcher.core.EngineExecutionOrchestrator.execute(EngineExecutionOrchestrator.java:198) ~[junit-platform-launcher-1.10.2.jar:1.10.2]
	at org.junit.platform.launcher.core.EngineExecutionOrchestrator.execute(EngineExecutionOrchestrator.java:169) ~[junit-platform-launcher-1.10.2.jar:1.10.2]
	at org.junit.platform.launcher.core.EngineExecutionOrchestrator.execute(EngineExecutionOrchestrator.java:93) ~[junit-platform-launcher-1.10.2.jar:1.10.2]
	at org.junit.platform.launcher.core.EngineExecutionOrchestrator.lambda$execute$0(EngineExecutionOrchestrator.java:58) ~[junit-platform-launcher-1.10.2.jar:1.10.2]
	at org.junit.platform.launcher.core.EngineExecutionOrchestrator.withInterceptedStreams(EngineExecutionOrchestrator.java:141) ~[junit-platform-launcher-1.10.2.jar:1.10.2]
	at org.junit.platform.launcher.core.EngineExecutionOrchestrator.execute(EngineExecutionOrchestrator.java:57) ~[junit-platform-launcher-1.10.2.jar:1.10.2]
	at org.junit.platform.launcher.core.DefaultLauncher.execute(DefaultLauncher.java:103) ~[junit-platform-launcher-1.10.2.jar:1.10.2]
	at org.junit.platform.launcher.core.DefaultLauncher.execute(DefaultLauncher.java:85) ~[junit-platform-launcher-1.10.2.jar:1.10.2]
	at org.junit.platform.launcher.core.DelegatingLauncher.execute(DelegatingLauncher.java:47) ~[junit-platform-launcher-1.10.2.jar:1.10.2]
	at org.apache.maven.surefire.junitplatform.LazyLauncher.execute(LazyLauncher.java:56) ~[surefire-junit-platform-3.2.5.jar:3.2.5]
	at org.apache.maven.surefire.junitplatform.JUnitPlatformProvider.execute(JUnitPlatformProvider.java:184) ~[surefire-junit-platform-3.2.5.jar:3.2.5]
	at org.apache.maven.surefire.junitplatform.JUnitPlatformProvider.invokeAllTests(JUnitPlatformProvider.java:148) ~[surefire-junit-platform-3.2.5.jar:3.2.5]
	at org.apache.maven.surefire.junitplatform.JUnitPlatformProvider.invoke(JUnitPlatformProvider.java:122) ~[surefire-junit-platform-3.2.5.jar:3.2.5]
	at org.apache.maven.surefire.booter.ForkedBooter.runSuitesInProcess(ForkedBooter.java:385) ~[surefire-booter-3.2.5.jar:3.2.5]
	at org.apache.maven.surefire.booter.ForkedBooter.execute(ForkedBooter.java:162) ~[surefire-booter-3.2.5.jar:3.2.5]
	at org.apache.maven.surefire.booter.ForkedBooter.run(ForkedBooter.java:507) ~[surefire-booter-3.2.5.jar:3.2.5]
	at org.apache.maven.surefire.booter.ForkedBooter.main(ForkedBooter.java:495) ~[surefire-booter-3.2.5.jar:3.2.5]

2024-06-12T14:28:36.037+03:00 DEBUG 12012 --- [URL Shortener] [           main] o.s.b.f.s.DefaultListableBeanFactory     : Creating shared instance of singleton bean 'mvcPatternParser'
2024-06-12T14:28:36.038+03:00 DEBUG 12012 --- [URL Shortener] [           main] o.s.b.f.s.DefaultListableBeanFactory     : Creating shared instance of singleton bean 'mvcUrlPathHelper'
2024-06-12T14:28:36.039+03:00 DEBUG 12012 --- [URL Shortener] [           main] o.s.b.f.s.DefaultListableBeanFactory     : Creating shared instance of singleton bean 'mvcPathMatcher'
2024-06-12T14:28:36.040+03:00 DEBUG 12012 --- [URL Shortener] [           main] o.s.b.f.s.DefaultListableBeanFactory     : Creating shared instance of singleton bean 'requestMappingHandlerAdapter'
2024-06-12T14:28:36.041+03:00 DEBUG 12012 --- [URL Shortener] [           main] o.s.b.f.s.DefaultListableBeanFactory     : Autowiring by type from bean name 'requestMappingHandlerAdapter' via factory method to bean named 'mvcContentNegotiationManager'
2024-06-12T14:28:36.041+03:00 DEBUG 12012 --- [URL Shortener] [           main] o.s.b.f.s.DefaultListableBeanFactory     : Autowiring by type from bean name 'requestMappingHandlerAdapter' via factory method to bean named 'mvcConversionService'
2024-06-12T14:28:36.041+03:00 DEBUG 12012 --- [URL Shortener] [           main] o.s.b.f.s.DefaultListableBeanFactory     : Autowiring by type from bean name 'requestMappingHandlerAdapter' via factory method to bean named 'mvcValidator'
2024-06-12T14:28:36.049+03:00 DEBUG 12012 --- [URL Shortener] [           main] o.s.b.f.s.DefaultListableBeanFactory     : Creating shared instance of singleton bean 'sortResolver'
2024-06-12T14:28:36.050+03:00 DEBUG 12012 --- [URL Shortener] [           main] o.s.b.f.s.DefaultListableBeanFactory     : Creating shared instance of singleton bean 'sortCustomizer'
2024-06-12T14:28:36.050+03:00 DEBUG 12012 --- [URL Shortener] [           main] o.s.b.f.s.DefaultListableBeanFactory     : Creating shared instance of singleton bean 'org.springframework.boot.autoconfigure.data.web.SpringDataWebAutoConfiguration'
2024-06-12T14:28:36.050+03:00 DEBUG 12012 --- [URL Shortener] [           main] o.s.b.f.s.DefaultListableBeanFactory     : Creating shared instance of singleton bean 'spring.data.web-org.springframework.boot.autoconfigure.data.web.SpringDataWebProperties'
2024-06-12T14:28:36.051+03:00 DEBUG 12012 --- [URL Shortener] [           main] o.s.b.f.s.DefaultListableBeanFactory     : Autowiring by type from bean name 'org.springframework.boot.autoconfigure.data.web.SpringDataWebAutoConfiguration' via constructor to bean named 'spring.data.web-org.springframework.boot.autoconfigure.data.web.SpringDataWebProperties'
2024-06-12T14:28:36.054+03:00 DEBUG 12012 --- [URL Shortener] [           main] o.s.b.f.s.DefaultListableBeanFactory     : Creating shared instance of singleton bean 'pageableResolver'
2024-06-12T14:28:36.055+03:00 DEBUG 12012 --- [URL Shortener] [           main] o.s.b.f.s.DefaultListableBeanFactory     : Creating shared instance of singleton bean 'pageableCustomizer'
2024-06-12T14:28:36.059+03:00 DEBUG 12012 --- [URL Shortener] [           main] o.s.b.f.s.DefaultListableBeanFactory     : Creating shared instance of singleton bean 'applicationTaskExecutor'
2024-06-12T14:28:36.059+03:00 DEBUG 12012 --- [URL Shortener] [           main] o.s.b.f.s.DefaultListableBeanFactory     : Autowiring by type from bean name 'applicationTaskExecutor' via factory method to bean named 'taskExecutorBuilder'
2024-06-12T14:28:36.065+03:00 DEBUG 12012 --- [URL Shortener] [           main] o.s.s.concurrent.ThreadPoolTaskExecutor  : Initializing ExecutorService 'applicationTaskExecutor'
2024-06-12T14:28:36.078+03:00 DEBUG 12012 --- [URL Shortener] [           main] o.s.b.f.s.DefaultListableBeanFactory     : Creating shared instance of singleton bean 'org.springdoc.core.configuration.SpringDocConfiguration$OpenApiResourceAdvice'
2024-06-12T14:28:36.079+03:00 DEBUG 12012 --- [URL Shortener] [           main] o.s.b.f.s.DefaultListableBeanFactory     : Autowiring by type from bean name 'org.springdoc.core.configuration.SpringDocConfiguration$OpenApiResourceAdvice' via constructor to bean named 'org.springdoc.core.configuration.SpringDocConfiguration'
2024-06-12T14:28:36.083+03:00 DEBUG 12012 --- [URL Shortener] [           main] s.w.s.m.m.a.RequestMappingHandlerAdapter : ControllerAdvice beans: 0 @ModelAttribute, 0 @InitBinder, 1 RequestBodyAdvice, 1 ResponseBodyAdvice
2024-06-12T14:28:36.120+03:00 DEBUG 12012 --- [URL Shortener] [           main] o.s.b.f.s.DefaultListableBeanFactory     : Creating shared instance of singleton bean 'handlerFunctionAdapter'
2024-06-12T14:28:36.121+03:00 DEBUG 12012 --- [URL Shortener] [           main] o.s.b.f.s.DefaultListableBeanFactory     : Creating shared instance of singleton bean 'mvcUriComponentsContributor'
2024-06-12T14:28:36.122+03:00 DEBUG 12012 --- [URL Shortener] [           main] o.s.b.f.s.DefaultListableBeanFactory     : Autowiring by type from bean name 'mvcUriComponentsContributor' via factory method to bean named 'mvcConversionService'
2024-06-12T14:28:36.122+03:00 DEBUG 12012 --- [URL Shortener] [           main] o.s.b.f.s.DefaultListableBeanFactory     : Autowiring by type from bean name 'mvcUriComponentsContributor' via factory method to bean named 'requestMappingHandlerAdapter'
2024-06-12T14:28:36.122+03:00 DEBUG 12012 --- [URL Shortener] [           main] o.s.b.f.s.DefaultListableBeanFactory     : Creating shared instance of singleton bean 'httpRequestHandlerAdapter'
2024-06-12T14:28:36.122+03:00 DEBUG 12012 --- [URL Shortener] [           main] o.s.b.f.s.DefaultListableBeanFactory     : Creating shared instance of singleton bean 'simpleControllerHandlerAdapter'
2024-06-12T14:28:36.123+03:00 DEBUG 12012 --- [URL Shortener] [           main] o.s.b.f.s.DefaultListableBeanFactory     : Creating shared instance of singleton bean 'handlerExceptionResolver'
2024-06-12T14:28:36.123+03:00 DEBUG 12012 --- [URL Shortener] [           main] o.s.b.f.s.DefaultListableBeanFactory     : Autowiring by type from bean name 'handlerExceptionResolver' via factory method to bean named 'mvcContentNegotiationManager'
2024-06-12T14:28:36.126+03:00 DEBUG 12012 --- [URL Shortener] [           main] .m.m.a.ExceptionHandlerExceptionResolver : ControllerAdvice beans: 2 @ExceptionHandler, 1 ResponseBodyAdvice
2024-06-12T14:28:36.129+03:00 DEBUG 12012 --- [URL Shortener] [           main] o.s.b.f.s.DefaultListableBeanFactory     : Creating shared instance of singleton bean 'mvcViewResolver'
2024-06-12T14:28:36.129+03:00 DEBUG 12012 --- [URL Shortener] [           main] o.s.b.f.s.DefaultListableBeanFactory     : Autowiring by type from bean name 'mvcViewResolver' via factory method to bean named 'mvcContentNegotiationManager'
2024-06-12T14:28:36.131+03:00 DEBUG 12012 --- [URL Shortener] [           main] o.s.b.f.s.DefaultListableBeanFactory     : Creating shared instance of singleton bean 'viewNameTranslator'
2024-06-12T14:28:36.132+03:00 DEBUG 12012 --- [URL Shortener] [           main] o.s.b.f.s.DefaultListableBeanFactory     : Creating shared instance of singleton bean 'defaultViewResolver'
2024-06-12T14:28:36.136+03:00 DEBUG 12012 --- [URL Shortener] [           main] o.s.b.f.s.DefaultListableBeanFactory     : Creating shared instance of singleton bean 'viewResolver'
2024-06-12T14:28:36.136+03:00 DEBUG 12012 --- [URL Shortener] [           main] o.s.b.f.s.DefaultListableBeanFactory     : Autowiring by type from bean name 'viewResolver' via factory method to bean named 'org.springframework.beans.factory.support.DefaultListableBeanFactory@10280879'
2024-06-12T14:28:36.137+03:00 DEBUG 12012 --- [URL Shortener] [           main] o.s.b.f.s.DefaultListableBeanFactory     : Creating shared instance of singleton bean 'viewResolver'
2024-06-12T14:28:36.139+03:00 DEBUG 12012 --- [URL Shortener] [           main] o.s.b.f.s.DefaultListableBeanFactory     : Creating shared instance of singleton bean 'requestContextFilter'
2024-06-12T14:28:36.141+03:00 DEBUG 12012 --- [URL Shortener] [           main] o.s.b.f.s.DefaultListableBeanFactory     : Creating shared instance of singleton bean 'org.springframework.boot.autoconfigure.web.servlet.WebMvcAutoConfiguration'
2024-06-12T14:28:36.141+03:00 DEBUG 12012 --- [URL Shortener] [           main] o.s.b.f.s.DefaultListableBeanFactory     : Creating shared instance of singleton bean 'formContentFilter'
2024-06-12T14:28:36.143+03:00 DEBUG 12012 --- [URL Shortener] [           main] o.s.b.f.s.DefaultListableBeanFactory     : Creating shared instance of singleton bean 'org.springdoc.core.configuration.SpringDocConfiguration$QuerydslProvider'
2024-06-12T14:28:36.144+03:00 DEBUG 12012 --- [URL Shortener] [           main] o.s.b.f.s.DefaultListableBeanFactory     : Creating shared instance of singleton bean 'queryDslQuerydslPredicateOperationCustomizer'
2024-06-12T14:28:36.144+03:00 DEBUG 12012 --- [URL Shortener] [           main] o.s.b.f.s.DefaultListableBeanFactory     : Autowiring by type from bean name 'queryDslQuerydslPredicateOperationCustomizer' via factory method to bean named 'org.springdoc.core.properties.SpringDocConfigProperties'
2024-06-12T14:28:36.144+03:00 DEBUG 12012 --- [URL Shortener] [           main] o.s.b.f.s.DefaultListableBeanFactory     : Creating shared instance of singleton bean 'org.springdoc.core.configuration.SpringDocConfiguration$SpringDocWebFluxSupportConfiguration'
2024-06-12T14:28:36.145+03:00 DEBUG 12012 --- [URL Shortener] [           main] o.s.b.f.s.DefaultListableBeanFactory     : Creating shared instance of singleton bean 'webFluxSupportConverter'
2024-06-12T14:28:36.145+03:00 DEBUG 12012 --- [URL Shortener] [           main] o.s.b.f.s.DefaultListableBeanFactory     : Autowiring by type from bean name 'webFluxSupportConverter' via factory method to bean named 'springdocObjectMapperProvider'
2024-06-12T14:28:36.146+03:00 DEBUG 12012 --- [URL Shortener] [           main] o.s.b.f.s.DefaultListableBeanFactory     : Creating shared instance of singleton bean 'org.springdoc.core.configuration.SpringDocConfiguration$SpringDocSpringDataWebPropertiesProvider'
2024-06-12T14:28:36.146+03:00 DEBUG 12012 --- [URL Shortener] [           main] o.s.b.f.s.DefaultListableBeanFactory     : Creating shared instance of singleton bean 'springDataWebPropertiesProvider'
2024-06-12T14:28:36.147+03:00 DEBUG 12012 --- [URL Shortener] [           main] o.s.b.f.s.DefaultListableBeanFactory     : Creating shared instance of singleton bean 'org.springdoc.core.configuration.SpringDocConfiguration$WebConversionServiceConfiguration'
2024-06-12T14:28:36.147+03:00 DEBUG 12012 --- [URL Shortener] [           main] o.s.b.f.s.DefaultListableBeanFactory     : Creating shared instance of singleton bean 'webConversionServiceProvider'
2024-06-12T14:28:36.148+03:00 DEBUG 12012 --- [URL Shortener] [           main] o.s.b.f.s.DefaultListableBeanFactory     : Creating shared instance of singleton bean 'localSpringDocParameterNameDiscoverer'
2024-06-12T14:28:36.148+03:00 DEBUG 12012 --- [URL Shortener] [           main] o.s.b.f.s.DefaultListableBeanFactory     : Creating shared instance of singleton bean 'additionalModelsConverter'
2024-06-12T14:28:36.148+03:00 DEBUG 12012 --- [URL Shortener] [           main] o.s.b.f.s.DefaultListableBeanFactory     : Autowiring by type from bean name 'additionalModelsConverter' via factory method to bean named 'springdocObjectMapperProvider'
2024-06-12T14:28:36.149+03:00 DEBUG 12012 --- [URL Shortener] [           main] o.s.b.f.s.DefaultListableBeanFactory     : Creating shared instance of singleton bean 'fileSupportConverter'
2024-06-12T14:28:36.149+03:00 DEBUG 12012 --- [URL Shortener] [           main] o.s.b.f.s.DefaultListableBeanFactory     : Autowiring by type from bean name 'fileSupportConverter' via factory method to bean named 'springdocObjectMapperProvider'
2024-06-12T14:28:36.150+03:00 DEBUG 12012 --- [URL Shortener] [           main] o.s.b.f.s.DefaultListableBeanFactory     : Creating shared instance of singleton bean 'responseSupportConverter'
2024-06-12T14:28:36.150+03:00 DEBUG 12012 --- [URL Shortener] [           main] o.s.b.f.s.DefaultListableBeanFactory     : Autowiring by type from bean name 'responseSupportConverter' via factory method to bean named 'springdocObjectMapperProvider'
2024-06-12T14:28:36.151+03:00 DEBUG 12012 --- [URL Shortener] [           main] o.s.b.f.s.DefaultListableBeanFactory     : Creating shared instance of singleton bean 'schemaPropertyDeprecatingConverter'
2024-06-12T14:28:36.151+03:00 DEBUG 12012 --- [URL Shortener] [           main] o.s.b.f.s.DefaultListableBeanFactory     : Creating shared instance of singleton bean 'polymorphicModelConverter'
2024-06-12T14:28:36.151+03:00 DEBUG 12012 --- [URL Shortener] [           main] o.s.b.f.s.DefaultListableBeanFactory     : Autowiring by type from bean name 'polymorphicModelConverter' via factory method to bean named 'springdocObjectMapperProvider'
2024-06-12T14:28:36.152+03:00 DEBUG 12012 --- [URL Shortener] [           main] o.s.b.f.s.DefaultListableBeanFactory     : Creating shared instance of singleton bean 'openAPIBuilder'
2024-06-12T14:28:36.154+03:00 DEBUG 12012 --- [URL Shortener] [           main] o.s.b.f.s.DefaultListableBeanFactory     : Creating shared instance of singleton bean 'securityParser'
2024-06-12T14:28:36.154+03:00 DEBUG 12012 --- [URL Shortener] [           main] o.s.b.f.s.DefaultListableBeanFactory     : Creating shared instance of singleton bean 'propertyResolverUtils'
2024-06-12T14:28:36.155+03:00 DEBUG 12012 --- [URL Shortener] [           main] o.s.b.f.s.DefaultListableBeanFactory     : Autowiring by type from bean name 'propertyResolverUtils' via factory method to bean named 'org.springframework.beans.factory.support.DefaultListableBeanFactory@10280879'
2024-06-12T14:28:36.155+03:00 DEBUG 12012 --- [URL Shortener] [           main] o.s.b.f.s.DefaultListableBeanFactory     : Autowiring by type from bean name 'propertyResolverUtils' via factory method to bean named 'messageSource'
2024-06-12T14:28:36.155+03:00 DEBUG 12012 --- [URL Shortener] [           main] o.s.b.f.s.DefaultListableBeanFactory     : Autowiring by type from bean name 'propertyResolverUtils' via factory method to bean named 'org.springdoc.core.properties.SpringDocConfigProperties'
2024-06-12T14:28:36.156+03:00 DEBUG 12012 --- [URL Shortener] [           main] o.s.b.f.s.DefaultListableBeanFactory     : Autowiring by type from bean name 'securityParser' via factory method to bean named 'propertyResolverUtils'
2024-06-12T14:28:36.159+03:00 DEBUG 12012 --- [URL Shortener] [           main] o.s.b.f.s.DefaultListableBeanFactory     : Autowiring by type from bean name 'openAPIBuilder' via factory method to bean named 'securityParser'
2024-06-12T14:28:36.159+03:00 DEBUG 12012 --- [URL Shortener] [           main] o.s.b.f.s.DefaultListableBeanFactory     : Autowiring by type from bean name 'openAPIBuilder' via factory method to bean named 'org.springdoc.core.properties.SpringDocConfigProperties'
2024-06-12T14:28:36.159+03:00 DEBUG 12012 --- [URL Shortener] [           main] o.s.b.f.s.DefaultListableBeanFactory     : Autowiring by type from bean name 'openAPIBuilder' via factory method to bean named 'propertyResolverUtils'
2024-06-12T14:28:36.162+03:00 DEBUG 12012 --- [URL Shortener] [           main] o.s.b.f.s.DefaultListableBeanFactory     : Creating shared instance of singleton bean 'modelConverterRegistrar'
2024-06-12T14:28:36.163+03:00 DEBUG 12012 --- [URL Shortener] [           main] o.s.b.f.s.DefaultListableBeanFactory     : Creating shared instance of singleton bean 'pageableOpenAPIConverter'
2024-06-12T14:28:36.163+03:00 DEBUG 12012 --- [URL Shortener] [           main] o.s.b.f.s.DefaultListableBeanFactory     : Creating shared instance of singleton bean 'org.springdoc.core.configuration.SpringDocPageableConfiguration'
2024-06-12T14:28:36.163+03:00 DEBUG 12012 --- [URL Shortener] [           main] o.s.b.f.s.DefaultListableBeanFactory     : Autowiring by type from bean name 'pageableOpenAPIConverter' via factory method to bean named 'springdocObjectMapperProvider'
2024-06-12T14:28:36.164+03:00 DEBUG 12012 --- [URL Shortener] [           main] o.s.b.f.s.DefaultListableBeanFactory     : Creating shared instance of singleton bean 'sortOpenAPIConverter'
2024-06-12T14:28:36.165+03:00 DEBUG 12012 --- [URL Shortener] [           main] o.s.b.f.s.DefaultListableBeanFactory     : Creating shared instance of singleton bean 'org.springdoc.core.configuration.SpringDocSortConfiguration'
2024-06-12T14:28:36.165+03:00 DEBUG 12012 --- [URL Shortener] [           main] o.s.b.f.s.DefaultListableBeanFactory     : Autowiring by type from bean name 'sortOpenAPIConverter' via factory method to bean named 'springdocObjectMapperProvider'
2024-06-12T14:28:36.166+03:00 DEBUG 12012 --- [URL Shortener] [           main] o.s.b.f.s.DefaultListableBeanFactory     : Autowiring by type from bean name 'modelConverterRegistrar' via factory method to bean named 'org.springdoc.core.properties.SpringDocConfigProperties'
2024-06-12T14:28:36.177+03:00 DEBUG 12012 --- [URL Shortener] [           main] o.s.b.f.s.DefaultListableBeanFactory     : Creating shared instance of singleton bean 'operationBuilder'
2024-06-12T14:28:36.177+03:00 DEBUG 12012 --- [URL Shortener] [           main] o.s.b.f.s.DefaultListableBeanFactory     : Creating shared instance of singleton bean 'parameterBuilder'
2024-06-12T14:28:36.178+03:00 DEBUG 12012 --- [URL Shortener] [           main] o.s.b.f.s.DefaultListableBeanFactory     : Creating shared instance of singleton bean 'delegatingMethodParameterCustomizer'
2024-06-12T14:28:36.182+03:00 DEBUG 12012 --- [URL Shortener] [           main] o.s.b.f.s.DefaultListableBeanFactory     : Autowiring by type from bean name 'parameterBuilder' via factory method to bean named 'propertyResolverUtils'
2024-06-12T14:28:36.182+03:00 DEBUG 12012 --- [URL Shortener] [           main] o.s.b.f.s.DefaultListableBeanFactory     : Autowiring by type from bean name 'parameterBuilder' via factory method to bean named 'springdocObjectMapperProvider'
2024-06-12T14:28:36.188+03:00 DEBUG 12012 --- [URL Shortener] [           main] o.s.b.f.s.DefaultListableBeanFactory     : Creating shared instance of singleton bean 'requestBodyBuilder'
2024-06-12T14:28:36.188+03:00 DEBUG 12012 --- [URL Shortener] [           main] o.s.b.f.s.DefaultListableBeanFactory     : Autowiring by type from bean name 'requestBodyBuilder' via factory method to bean named 'parameterBuilder'
2024-06-12T14:28:36.189+03:00 DEBUG 12012 --- [URL Shortener] [           main] o.s.b.f.s.DefaultListableBeanFactory     : Autowiring by type from bean name 'operationBuilder' via factory method to bean named 'parameterBuilder'
2024-06-12T14:28:36.189+03:00 DEBUG 12012 --- [URL Shortener] [           main] o.s.b.f.s.DefaultListableBeanFactory     : Autowiring by type from bean name 'operationBuilder' via factory method to bean named 'requestBodyBuilder'
2024-06-12T14:28:36.189+03:00 DEBUG 12012 --- [URL Shortener] [           main] o.s.b.f.s.DefaultListableBeanFactory     : Autowiring by type from bean name 'operationBuilder' via factory method to bean named 'securityParser'
2024-06-12T14:28:36.189+03:00 DEBUG 12012 --- [URL Shortener] [           main] o.s.b.f.s.DefaultListableBeanFactory     : Autowiring by type from bean name 'operationBuilder' via factory method to bean named 'propertyResolverUtils'
2024-06-12T14:28:36.191+03:00 DEBUG 12012 --- [URL Shortener] [           main] o.s.b.f.s.DefaultListableBeanFactory     : Creating shared instance of singleton bean 'genericReturnTypeParser'
2024-06-12T14:28:36.192+03:00 DEBUG 12012 --- [URL Shortener] [           main] o.s.b.f.s.DefaultListableBeanFactory     : Creating shared instance of singleton bean 'springDocProviders'
2024-06-12T14:28:36.193+03:00 DEBUG 12012 --- [URL Shortener] [           main] o.s.b.f.s.DefaultListableBeanFactory     : Creating shared instance of singleton bean 'routerFunctionProvider'
2024-06-12T14:28:36.193+03:00 DEBUG 12012 --- [URL Shortener] [           main] o.s.b.f.s.DefaultListableBeanFactory     : Creating shared instance of singleton bean 'org.springdoc.webmvc.core.configuration.SpringDocWebMvcConfiguration$SpringDocWebMvcRouterConfiguration'
2024-06-12T14:28:36.195+03:00 DEBUG 12012 --- [URL Shortener] [           main] o.s.b.f.s.DefaultListableBeanFactory     : Autowiring by type from bean name 'springDocProviders' via factory method to bean named 'springdocObjectMapperProvider'
2024-06-12T14:28:36.197+03:00 DEBUG 12012 --- [URL Shortener] [           main] o.s.b.f.s.DefaultListableBeanFactory     : Creating shared instance of singleton bean 'springDocCustomizers'
2024-06-12T14:28:36.201+03:00 DEBUG 12012 --- [URL Shortener] [           main] o.s.b.f.s.DefaultListableBeanFactory     : Creating shared instance of singleton bean 'org.springdoc.core.configuration.SpringDocSecurityConfiguration$SpringSecurityLoginEndpointConfiguration'
2024-06-12T14:28:36.202+03:00 DEBUG 12012 --- [URL Shortener] [           main] o.s.b.f.s.DefaultListableBeanFactory     : Creating shared instance of singleton bean 'org.springdoc.core.configuration.SpringDocSecurityConfiguration'
2024-06-12T14:28:36.208+03:00 DEBUG 12012 --- [URL Shortener] [           main] o.s.b.f.s.DefaultListableBeanFactory     : Autowiring by type from bean name 'org.springdoc.core.configuration.SpringDocSecurityConfiguration$SpringSecurityLoginEndpointConfiguration' via constructor to bean named 'org.springdoc.core.configuration.SpringDocSecurityConfiguration'
2024-06-12T14:28:36.208+03:00 DEBUG 12012 --- [URL Shortener] [           main] o.s.b.f.s.DefaultListableBeanFactory     : Creating shared instance of singleton bean 'org.springdoc.core.configuration.SpringDocUIConfiguration'
2024-06-12T14:28:36.210+03:00 DEBUG 12012 --- [URL Shortener] [           main] o.s.b.f.s.DefaultListableBeanFactory     : Creating shared instance of singleton bean 'openApiResource'
2024-06-12T14:28:36.210+03:00 DEBUG 12012 --- [URL Shortener] [           main] o.s.b.f.s.DefaultListableBeanFactory     : Creating shared instance of singleton bean 'requestBuilder'
2024-06-12T14:28:36.211+03:00 DEBUG 12012 --- [URL Shortener] [           main] o.s.b.f.s.DefaultListableBeanFactory     : Autowiring by type from bean name 'requestBuilder' via factory method to bean named 'parameterBuilder'
2024-06-12T14:28:36.211+03:00 DEBUG 12012 --- [URL Shortener] [           main] o.s.b.f.s.DefaultListableBeanFactory     : Autowiring by type from bean name 'requestBuilder' via factory method to bean named 'requestBodyBuilder'
2024-06-12T14:28:36.211+03:00 DEBUG 12012 --- [URL Shortener] [           main] o.s.b.f.s.DefaultListableBeanFactory     : Autowiring by type from bean name 'requestBuilder' via factory method to bean named 'operationBuilder'
2024-06-12T14:28:36.211+03:00 DEBUG 12012 --- [URL Shortener] [           main] o.s.b.f.s.DefaultListableBeanFactory     : Autowiring by type from bean name 'requestBuilder' via factory method to bean named 'localSpringDocParameterNameDiscoverer'
2024-06-12T14:28:36.214+03:00 DEBUG 12012 --- [URL Shortener] [           main] o.s.b.f.s.DefaultListableBeanFactory     : Creating shared instance of singleton bean 'responseBuilder'
2024-06-12T14:28:36.214+03:00 DEBUG 12012 --- [URL Shortener] [           main] o.s.b.f.s.DefaultListableBeanFactory     : Autowiring by type from bean name 'responseBuilder' via factory method to bean named 'operationBuilder'
2024-06-12T14:28:36.214+03:00 DEBUG 12012 --- [URL Shortener] [           main] o.s.b.f.s.DefaultListableBeanFactory     : Autowiring by type from bean name 'responseBuilder' via factory method to bean named 'genericReturnTypeParser'
2024-06-12T14:28:36.214+03:00 DEBUG 12012 --- [URL Shortener] [           main] o.s.b.f.s.DefaultListableBeanFactory     : Autowiring by type from bean name 'responseBuilder' via factory method to bean named 'org.springdoc.core.properties.SpringDocConfigProperties'
2024-06-12T14:28:36.214+03:00 DEBUG 12012 --- [URL Shortener] [           main] o.s.b.f.s.DefaultListableBeanFactory     : Autowiring by type from bean name 'responseBuilder' via factory method to bean named 'propertyResolverUtils'
2024-06-12T14:28:36.216+03:00 DEBUG 12012 --- [URL Shortener] [           main] o.s.b.f.s.DefaultListableBeanFactory     : Autowiring by type from bean name 'openApiResource' via factory method to bean named 'requestBuilder'
2024-06-12T14:28:36.216+03:00 DEBUG 12012 --- [URL Shortener] [           main] o.s.b.f.s.DefaultListableBeanFactory     : Autowiring by type from bean name 'openApiResource' via factory method to bean named 'responseBuilder'
2024-06-12T14:28:36.216+03:00 DEBUG 12012 --- [URL Shortener] [           main] o.s.b.f.s.DefaultListableBeanFactory     : Autowiring by type from bean name 'openApiResource' via factory method to bean named 'operationBuilder'
2024-06-12T14:28:36.216+03:00 DEBUG 12012 --- [URL Shortener] [           main] o.s.b.f.s.DefaultListableBeanFactory     : Autowiring by type from bean name 'openApiResource' via factory method to bean named 'org.springdoc.core.properties.SpringDocConfigProperties'
2024-06-12T14:28:36.216+03:00 DEBUG 12012 --- [URL Shortener] [           main] o.s.b.f.s.DefaultListableBeanFactory     : Autowiring by type from bean name 'openApiResource' via factory method to bean named 'springDocProviders'
2024-06-12T14:28:36.216+03:00 DEBUG 12012 --- [URL Shortener] [           main] o.s.b.f.s.DefaultListableBeanFactory     : Autowiring by type from bean name 'openApiResource' via factory method to bean named 'springDocCustomizers'
2024-06-12T14:28:36.220+03:00 DEBUG 12012 --- [URL Shortener] [           main] o.s.b.f.s.DefaultListableBeanFactory     : Creating shared instance of singleton bean 'swaggerConfigResource'
2024-06-12T14:28:36.220+03:00 DEBUG 12012 --- [URL Shortener] [           main] o.s.b.f.s.DefaultListableBeanFactory     : Autowiring by type from bean name 'swaggerConfigResource' via factory method to bean named 'swaggerWelcome'
2024-06-12T14:28:36.221+03:00 DEBUG 12012 --- [URL Shortener] [           main] o.s.b.f.s.DefaultListableBeanFactory     : Creating shared instance of singleton bean 'org.springframework.boot.autoconfigure.aop.AopAutoConfiguration$AspectJAutoProxyingConfiguration$CglibAutoProxyConfiguration'
2024-06-12T14:28:36.221+03:00 DEBUG 12012 --- [URL Shortener] [           main] o.s.b.f.s.DefaultListableBeanFactory     : Creating shared instance of singleton bean 'org.springframework.boot.autoconfigure.aop.AopAutoConfiguration$AspectJAutoProxyingConfiguration'
2024-06-12T14:28:36.221+03:00 DEBUG 12012 --- [URL Shortener] [           main] o.s.b.f.s.DefaultListableBeanFactory     : Creating shared instance of singleton bean 'org.springframework.boot.autoconfigure.aop.AopAutoConfiguration'
2024-06-12T14:28:36.221+03:00 DEBUG 12012 --- [URL Shortener] [           main] o.s.b.f.s.DefaultListableBeanFactory     : Creating shared instance of singleton bean 'org.springframework.boot.autoconfigure.availability.ApplicationAvailabilityAutoConfiguration'
2024-06-12T14:28:36.221+03:00 DEBUG 12012 --- [URL Shortener] [           main] o.s.b.f.s.DefaultListableBeanFactory     : Creating shared instance of singleton bean 'applicationAvailability'
2024-06-12T14:28:36.223+03:00 DEBUG 12012 --- [URL Shortener] [           main] o.s.b.f.s.DefaultListableBeanFactory     : Creating shared instance of singleton bean 'redisTemplate'
2024-06-12T14:28:36.223+03:00 DEBUG 12012 --- [URL Shortener] [           main] o.s.b.f.s.DefaultListableBeanFactory     : Autowiring by type from bean name 'redisTemplate' via factory method to bean named 'redisConnectionFactory'
2024-06-12T14:28:36.259+03:00 DEBUG 12012 --- [URL Shortener] [           main] o.s.data.convert.CustomConversions       : Adding converter from class java.lang.String to class [B as writing converter
2024-06-12T14:28:36.259+03:00 DEBUG 12012 --- [URL Shortener] [           main] o.s.data.convert.CustomConversions       : Adding converter from class [B to class java.lang.String as reading converter
2024-06-12T14:28:36.259+03:00 DEBUG 12012 --- [URL Shortener] [           main] o.s.data.convert.CustomConversions       : Adding converter from class java.lang.Number to class [B as writing converter
2024-06-12T14:28:36.259+03:00 DEBUG 12012 --- [URL Shortener] [           main] o.s.data.convert.CustomConversions       : Adding converter from class [B to class java.lang.Number as reading converter
2024-06-12T14:28:36.259+03:00 DEBUG 12012 --- [URL Shortener] [           main] o.s.data.convert.CustomConversions       : Adding converter from class java.lang.Enum to class [B as writing converter
2024-06-12T14:28:36.259+03:00 DEBUG 12012 --- [URL Shortener] [           main] o.s.data.convert.CustomConversions       : Adding converter from class [B to class java.lang.Enum as reading converter
2024-06-12T14:28:36.259+03:00 DEBUG 12012 --- [URL Shortener] [           main] o.s.data.convert.CustomConversions       : Adding converter from class java.lang.Boolean to class [B as writing converter
2024-06-12T14:28:36.259+03:00 DEBUG 12012 --- [URL Shortener] [           main] o.s.data.convert.CustomConversions       : Adding converter from class [B to class java.lang.Boolean as reading converter
2024-06-12T14:28:36.259+03:00 DEBUG 12012 --- [URL Shortener] [           main] o.s.data.convert.CustomConversions       : Adding converter from class java.util.Date to class [B as writing converter
2024-06-12T14:28:36.259+03:00 DEBUG 12012 --- [URL Shortener] [           main] o.s.data.convert.CustomConversions       : Adding converter from class [B to class java.util.Date as reading converter
2024-06-12T14:28:36.259+03:00 DEBUG 12012 --- [URL Shortener] [           main] o.s.data.convert.CustomConversions       : Adding converter from class java.util.UUID to class [B as writing converter
2024-06-12T14:28:36.259+03:00 DEBUG 12012 --- [URL Shortener] [           main] o.s.data.convert.CustomConversions       : Adding converter from class [B to class java.util.UUID as reading converter
2024-06-12T14:28:36.259+03:00 DEBUG 12012 --- [URL Shortener] [           main] o.s.data.convert.CustomConversions       : Adding converter from class java.time.LocalDateTime to class [B as reading converter
2024-06-12T14:28:36.259+03:00 DEBUG 12012 --- [URL Shortener] [           main] o.s.data.convert.CustomConversions       : Adding converter from class [B to class java.time.LocalDateTime as reading converter
2024-06-12T14:28:36.259+03:00 DEBUG 12012 --- [URL Shortener] [           main] o.s.data.convert.CustomConversions       : Adding converter from class java.time.LocalDate to class [B as reading converter
2024-06-12T14:28:36.259+03:00 DEBUG 12012 --- [URL Shortener] [           main] o.s.data.convert.CustomConversions       : Adding converter from class [B to class java.time.LocalDate as reading converter
2024-06-12T14:28:36.259+03:00 DEBUG 12012 --- [URL Shortener] [           main] o.s.data.convert.CustomConversions       : Adding converter from class java.time.LocalTime to class [B as reading converter
2024-06-12T14:28:36.260+03:00 DEBUG 12012 --- [URL Shortener] [           main] o.s.data.convert.CustomConversions       : Adding converter from class [B to class java.time.LocalTime as reading converter
2024-06-12T14:28:36.260+03:00 DEBUG 12012 --- [URL Shortener] [           main] o.s.data.convert.CustomConversions       : Adding converter from class java.time.ZonedDateTime to class [B as reading converter
2024-06-12T14:28:36.260+03:00 DEBUG 12012 --- [URL Shortener] [           main] o.s.data.convert.CustomConversions       : Adding converter from class [B to class java.time.ZonedDateTime as reading converter
2024-06-12T14:28:36.260+03:00 DEBUG 12012 --- [URL Shortener] [           main] o.s.data.convert.CustomConversions       : Adding converter from class java.time.Instant to class [B as reading converter
2024-06-12T14:28:36.260+03:00 DEBUG 12012 --- [URL Shortener] [           main] o.s.data.convert.CustomConversions       : Adding converter from class [B to class java.time.Instant as reading converter
2024-06-12T14:28:36.260+03:00 DEBUG 12012 --- [URL Shortener] [           main] o.s.data.convert.CustomConversions       : Adding converter from class java.time.ZoneId to class [B as reading converter
2024-06-12T14:28:36.260+03:00 DEBUG 12012 --- [URL Shortener] [           main] o.s.data.convert.CustomConversions       : Adding converter from class [B to class java.time.ZoneId as reading converter
2024-06-12T14:28:36.260+03:00 DEBUG 12012 --- [URL Shortener] [           main] o.s.data.convert.CustomConversions       : Adding converter from class java.time.Period to class [B as reading converter
2024-06-12T14:28:36.260+03:00 DEBUG 12012 --- [URL Shortener] [           main] o.s.data.convert.CustomConversions       : Adding converter from class [B to class java.time.Period as reading converter
2024-06-12T14:28:36.260+03:00 DEBUG 12012 --- [URL Shortener] [           main] o.s.data.convert.CustomConversions       : Adding converter from class java.time.Duration to class [B as reading converter
2024-06-12T14:28:36.260+03:00 DEBUG 12012 --- [URL Shortener] [           main] o.s.data.convert.CustomConversions       : Adding converter from class [B to class java.time.Duration as reading converter
2024-06-12T14:28:36.260+03:00 DEBUG 12012 --- [URL Shortener] [           main] o.s.data.convert.CustomConversions       : Adding converter from class java.time.OffsetDateTime to class [B as reading converter
2024-06-12T14:28:36.260+03:00 DEBUG 12012 --- [URL Shortener] [           main] o.s.data.convert.CustomConversions       : Adding converter from class [B to class java.time.OffsetDateTime as reading converter
2024-06-12T14:28:36.260+03:00 DEBUG 12012 --- [URL Shortener] [           main] o.s.data.convert.CustomConversions       : Adding converter from class java.time.OffsetTime to class [B as reading converter
2024-06-12T14:28:36.260+03:00 DEBUG 12012 --- [URL Shortener] [           main] o.s.data.convert.CustomConversions       : Adding converter from class [B to class java.time.OffsetTime as reading converter
2024-06-12T14:28:36.260+03:00 DEBUG 12012 --- [URL Shortener] [           main] o.s.data.convert.CustomConversions       : Adding converter from class java.util.Date to class java.time.LocalDateTime as reading converter
2024-06-12T14:28:36.260+03:00 DEBUG 12012 --- [URL Shortener] [           main] o.s.data.convert.CustomConversions       : Adding converter from class java.time.LocalDateTime to class java.util.Date as writing converter
2024-06-12T14:28:36.260+03:00 DEBUG 12012 --- [URL Shortener] [           main] o.s.data.convert.CustomConversions       : Adding converter from class java.util.Date to class java.time.LocalDate as reading converter
2024-06-12T14:28:36.260+03:00 DEBUG 12012 --- [URL Shortener] [           main] o.s.data.convert.CustomConversions       : Adding converter from class java.time.LocalDate to class java.util.Date as writing converter
2024-06-12T14:28:36.260+03:00 DEBUG 12012 --- [URL Shortener] [           main] o.s.data.convert.CustomConversions       : Adding converter from class java.util.Date to class java.time.LocalTime as reading converter
2024-06-12T14:28:36.260+03:00 DEBUG 12012 --- [URL Shortener] [           main] o.s.data.convert.CustomConversions       : Adding converter from class java.time.LocalTime to class java.util.Date as writing converter
2024-06-12T14:28:36.260+03:00 DEBUG 12012 --- [URL Shortener] [           main] o.s.data.convert.CustomConversions       : Adding converter from class java.util.Date to class java.time.Instant as reading converter
2024-06-12T14:28:36.260+03:00 DEBUG 12012 --- [URL Shortener] [           main] o.s.data.convert.CustomConversions       : Adding converter from class java.time.Instant to class java.util.Date as writing converter
2024-06-12T14:28:36.260+03:00 DEBUG 12012 --- [URL Shortener] [           main] o.s.data.convert.CustomConversions       : Adding converter from class java.time.LocalDateTime to class java.time.Instant as reading converter
2024-06-12T14:28:36.260+03:00 DEBUG 12012 --- [URL Shortener] [           main] o.s.data.convert.CustomConversions       : Adding converter from class java.time.Instant to class java.time.LocalDateTime as reading converter
2024-06-12T14:28:36.260+03:00 DEBUG 12012 --- [URL Shortener] [           main] o.s.data.convert.CustomConversions       : Adding converter from class java.time.ZoneId to class java.lang.String as writing converter
2024-06-12T14:28:36.260+03:00 DEBUG 12012 --- [URL Shortener] [           main] o.s.data.convert.CustomConversions       : Adding converter from class java.lang.String to class java.time.ZoneId as reading converter
2024-06-12T14:28:36.260+03:00 DEBUG 12012 --- [URL Shortener] [           main] o.s.data.convert.CustomConversions       : Adding converter from class java.time.Duration to class java.lang.String as writing converter
2024-06-12T14:28:36.260+03:00 DEBUG 12012 --- [URL Shortener] [           main] o.s.data.convert.CustomConversions       : Adding converter from class java.lang.String to class java.time.Duration as reading converter
2024-06-12T14:28:36.260+03:00 DEBUG 12012 --- [URL Shortener] [           main] o.s.data.convert.CustomConversions       : Adding converter from class java.time.Period to class java.lang.String as writing converter
2024-06-12T14:28:36.260+03:00 DEBUG 12012 --- [URL Shortener] [           main] o.s.data.convert.CustomConversions       : Adding converter from class java.lang.String to class java.time.Period as reading converter
2024-06-12T14:28:36.260+03:00 DEBUG 12012 --- [URL Shortener] [           main] o.s.data.convert.CustomConversions       : Adding converter from class java.lang.String to class java.time.LocalDate as reading converter
2024-06-12T14:28:36.260+03:00 DEBUG 12012 --- [URL Shortener] [           main] o.s.data.convert.CustomConversions       : Adding converter from class java.lang.String to class java.time.LocalDateTime as reading converter
2024-06-12T14:28:36.260+03:00 DEBUG 12012 --- [URL Shortener] [           main] o.s.data.convert.CustomConversions       : Adding converter from class java.lang.String to class java.time.Instant as reading converter
2024-06-12T14:28:36.261+03:00 DEBUG 12012 --- [URL Shortener] [           main] o.s.data.convert.CustomConversions       : Adding converter from class java.lang.String to class [B as writing converter
2024-06-12T14:28:36.261+03:00 DEBUG 12012 --- [URL Shortener] [           main] o.s.data.convert.CustomConversions       : Adding converter from class [B to class java.lang.String as reading converter
2024-06-12T14:28:36.261+03:00 DEBUG 12012 --- [URL Shortener] [           main] o.s.data.convert.CustomConversions       : Adding converter from class java.lang.Number to class [B as writing converter
2024-06-12T14:28:36.261+03:00 DEBUG 12012 --- [URL Shortener] [           main] o.s.data.convert.CustomConversions       : Adding converter from class [B to class java.lang.Number as reading converter
2024-06-12T14:28:36.261+03:00 DEBUG 12012 --- [URL Shortener] [           main] o.s.data.convert.CustomConversions       : Adding converter from class java.lang.Enum to class [B as writing converter
2024-06-12T14:28:36.261+03:00 DEBUG 12012 --- [URL Shortener] [           main] o.s.data.convert.CustomConversions       : Adding converter from class [B to class java.lang.Enum as reading converter
2024-06-12T14:28:36.262+03:00 DEBUG 12012 --- [URL Shortener] [           main] o.s.data.convert.CustomConversions       : Adding converter from class java.lang.Boolean to class [B as writing converter
2024-06-12T14:28:36.262+03:00 DEBUG 12012 --- [URL Shortener] [           main] o.s.data.convert.CustomConversions       : Adding converter from class [B to class java.lang.Boolean as reading converter
2024-06-12T14:28:36.262+03:00 DEBUG 12012 --- [URL Shortener] [           main] o.s.data.convert.CustomConversions       : Adding converter from class java.util.Date to class [B as writing converter
2024-06-12T14:28:36.262+03:00 DEBUG 12012 --- [URL Shortener] [           main] o.s.data.convert.CustomConversions       : Adding converter from class [B to class java.util.Date as reading converter
2024-06-12T14:28:36.262+03:00 DEBUG 12012 --- [URL Shortener] [           main] o.s.data.convert.CustomConversions       : Adding converter from class java.util.UUID to class [B as writing converter
2024-06-12T14:28:36.262+03:00 DEBUG 12012 --- [URL Shortener] [           main] o.s.data.convert.CustomConversions       : Adding converter from class [B to class java.util.UUID as reading converter
2024-06-12T14:28:36.262+03:00 DEBUG 12012 --- [URL Shortener] [           main] o.s.data.convert.CustomConversions       : Adding converter from class java.time.LocalDateTime to class [B as reading converter
2024-06-12T14:28:36.262+03:00 DEBUG 12012 --- [URL Shortener] [           main] o.s.data.convert.CustomConversions       : Adding converter from class [B to class java.time.LocalDateTime as reading converter
2024-06-12T14:28:36.262+03:00 DEBUG 12012 --- [URL Shortener] [           main] o.s.data.convert.CustomConversions       : Adding converter from class java.time.LocalDate to class [B as reading converter
2024-06-12T14:28:36.262+03:00 DEBUG 12012 --- [URL Shortener] [           main] o.s.data.convert.CustomConversions       : Adding converter from class [B to class java.time.LocalDate as reading converter
2024-06-12T14:28:36.262+03:00 DEBUG 12012 --- [URL Shortener] [           main] o.s.data.convert.CustomConversions       : Adding converter from class java.time.LocalTime to class [B as reading converter
2024-06-12T14:28:36.262+03:00 DEBUG 12012 --- [URL Shortener] [           main] o.s.data.convert.CustomConversions       : Adding converter from class [B to class java.time.LocalTime as reading converter
2024-06-12T14:28:36.262+03:00 DEBUG 12012 --- [URL Shortener] [           main] o.s.data.convert.CustomConversions       : Adding converter from class java.time.ZonedDateTime to class [B as reading converter
2024-06-12T14:28:36.262+03:00 DEBUG 12012 --- [URL Shortener] [           main] o.s.data.convert.CustomConversions       : Adding converter from class [B to class java.time.ZonedDateTime as reading converter
2024-06-12T14:28:36.262+03:00 DEBUG 12012 --- [URL Shortener] [           main] o.s.data.convert.CustomConversions       : Adding converter from class java.time.Instant to class [B as reading converter
2024-06-12T14:28:36.262+03:00 DEBUG 12012 --- [URL Shortener] [           main] o.s.data.convert.CustomConversions       : Adding converter from class [B to class java.time.Instant as reading converter
2024-06-12T14:28:36.262+03:00 DEBUG 12012 --- [URL Shortener] [           main] o.s.data.convert.CustomConversions       : Adding converter from class java.time.ZoneId to class [B as reading converter
2024-06-12T14:28:36.262+03:00 DEBUG 12012 --- [URL Shortener] [           main] o.s.data.convert.CustomConversions       : Adding converter from class [B to class java.time.ZoneId as reading converter
2024-06-12T14:28:36.262+03:00 DEBUG 12012 --- [URL Shortener] [           main] o.s.data.convert.CustomConversions       : Adding converter from class java.time.Period to class [B as reading converter
2024-06-12T14:28:36.262+03:00 DEBUG 12012 --- [URL Shortener] [           main] o.s.data.convert.CustomConversions       : Adding converter from class [B to class java.time.Period as reading converter
2024-06-12T14:28:36.262+03:00 DEBUG 12012 --- [URL Shortener] [           main] o.s.data.convert.CustomConversions       : Adding converter from class java.time.Duration to class [B as reading converter
2024-06-12T14:28:36.262+03:00 DEBUG 12012 --- [URL Shortener] [           main] o.s.data.convert.CustomConversions       : Adding converter from class [B to class java.time.Duration as reading converter
2024-06-12T14:28:36.262+03:00 DEBUG 12012 --- [URL Shortener] [           main] o.s.data.convert.CustomConversions       : Adding converter from class java.time.OffsetDateTime to class [B as reading converter
2024-06-12T14:28:36.262+03:00 DEBUG 12012 --- [URL Shortener] [           main] o.s.data.convert.CustomConversions       : Adding converter from class [B to class java.time.OffsetDateTime as reading converter
2024-06-12T14:28:36.262+03:00 DEBUG 12012 --- [URL Shortener] [           main] o.s.data.convert.CustomConversions       : Adding converter from class java.time.OffsetTime to class [B as reading converter
2024-06-12T14:28:36.262+03:00 DEBUG 12012 --- [URL Shortener] [           main] o.s.data.convert.CustomConversions       : Adding converter from class [B to class java.time.OffsetTime as reading converter
2024-06-12T14:28:36.262+03:00 DEBUG 12012 --- [URL Shortener] [           main] o.s.data.convert.CustomConversions       : Adding converter from class java.util.Date to class java.time.LocalDateTime as reading converter
2024-06-12T14:28:36.262+03:00 DEBUG 12012 --- [URL Shortener] [           main] o.s.data.convert.CustomConversions       : Adding converter from class java.time.LocalDateTime to class java.util.Date as writing converter
2024-06-12T14:28:36.262+03:00 DEBUG 12012 --- [URL Shortener] [           main] o.s.data.convert.CustomConversions       : Adding converter from class java.util.Date to class java.time.LocalDate as reading converter
2024-06-12T14:28:36.262+03:00 DEBUG 12012 --- [URL Shortener] [           main] o.s.data.convert.CustomConversions       : Adding converter from class java.time.LocalDate to class java.util.Date as writing converter
2024-06-12T14:28:36.262+03:00 DEBUG 12012 --- [URL Shortener] [           main] o.s.data.convert.CustomConversions       : Adding converter from class java.util.Date to class java.time.LocalTime as reading converter
2024-06-12T14:28:36.262+03:00 DEBUG 12012 --- [URL Shortener] [           main] o.s.data.convert.CustomConversions       : Adding converter from class java.time.LocalTime to class java.util.Date as writing converter
2024-06-12T14:28:36.262+03:00 DEBUG 12012 --- [URL Shortener] [           main] o.s.data.convert.CustomConversions       : Adding converter from class java.util.Date to class java.time.Instant as reading converter
2024-06-12T14:28:36.262+03:00 DEBUG 12012 --- [URL Shortener] [           main] o.s.data.convert.CustomConversions       : Adding converter from class java.time.Instant to class java.util.Date as writing converter
2024-06-12T14:28:36.262+03:00 DEBUG 12012 --- [URL Shortener] [           main] o.s.data.convert.CustomConversions       : Adding converter from class java.time.LocalDateTime to class java.time.Instant as reading converter
2024-06-12T14:28:36.262+03:00 DEBUG 12012 --- [URL Shortener] [           main] o.s.data.convert.CustomConversions       : Adding converter from class java.time.Instant to class java.time.LocalDateTime as reading converter
2024-06-12T14:28:36.262+03:00 DEBUG 12012 --- [URL Shortener] [           main] o.s.data.convert.CustomConversions       : Adding converter from class java.time.ZoneId to class java.lang.String as writing converter
2024-06-12T14:28:36.262+03:00 DEBUG 12012 --- [URL Shortener] [           main] o.s.data.convert.CustomConversions       : Adding converter from class java.lang.String to class java.time.ZoneId as reading converter
2024-06-12T14:28:36.262+03:00 DEBUG 12012 --- [URL Shortener] [           main] o.s.data.convert.CustomConversions       : Adding converter from class java.time.Duration to class java.lang.String as writing converter
2024-06-12T14:28:36.262+03:00 DEBUG 12012 --- [URL Shortener] [           main] o.s.data.convert.CustomConversions       : Adding converter from class java.lang.String to class java.time.Duration as reading converter
2024-06-12T14:28:36.262+03:00 DEBUG 12012 --- [URL Shortener] [           main] o.s.data.convert.CustomConversions       : Adding converter from class java.time.Period to class java.lang.String as writing converter
2024-06-12T14:28:36.262+03:00 DEBUG 12012 --- [URL Shortener] [           main] o.s.data.convert.CustomConversions       : Adding converter from class java.lang.String to class java.time.Period as reading converter
2024-06-12T14:28:36.262+03:00 DEBUG 12012 --- [URL Shortener] [           main] o.s.data.convert.CustomConversions       : Adding converter from class java.lang.String to class java.time.LocalDate as reading converter
2024-06-12T14:28:36.262+03:00 DEBUG 12012 --- [URL Shortener] [           main] o.s.data.convert.CustomConversions       : Adding converter from class java.lang.String to class java.time.LocalDateTime as reading converter
2024-06-12T14:28:36.262+03:00 DEBUG 12012 --- [URL Shortener] [           main] o.s.data.convert.CustomConversions       : Adding converter from class java.lang.String to class java.time.Instant as reading converter
2024-06-12T14:28:36.266+03:00 DEBUG 12012 --- [URL Shortener] [           main] o.s.data.convert.CustomConversions       : Adding converter from class java.lang.String to class [B as writing converter
2024-06-12T14:28:36.266+03:00 DEBUG 12012 --- [URL Shortener] [           main] o.s.data.convert.CustomConversions       : Adding converter from class [B to class java.lang.String as reading converter
2024-06-12T14:28:36.267+03:00 DEBUG 12012 --- [URL Shortener] [           main] o.s.data.convert.CustomConversions       : Adding converter from class java.lang.Number to class [B as writing converter
2024-06-12T14:28:36.267+03:00 DEBUG 12012 --- [URL Shortener] [           main] o.s.data.convert.CustomConversions       : Adding converter from class [B to class java.lang.Number as reading converter
2024-06-12T14:28:36.267+03:00 DEBUG 12012 --- [URL Shortener] [           main] o.s.data.convert.CustomConversions       : Adding converter from class java.lang.Enum to class [B as writing converter
2024-06-12T14:28:36.267+03:00 DEBUG 12012 --- [URL Shortener] [           main] o.s.data.convert.CustomConversions       : Adding converter from class [B to class java.lang.Enum as reading converter
2024-06-12T14:28:36.267+03:00 DEBUG 12012 --- [URL Shortener] [           main] o.s.data.convert.CustomConversions       : Adding converter from class java.lang.Boolean to class [B as writing converter
2024-06-12T14:28:36.267+03:00 DEBUG 12012 --- [URL Shortener] [           main] o.s.data.convert.CustomConversions       : Adding converter from class [B to class java.lang.Boolean as reading converter
2024-06-12T14:28:36.267+03:00 DEBUG 12012 --- [URL Shortener] [           main] o.s.data.convert.CustomConversions       : Adding converter from class java.util.Date to class [B as writing converter
2024-06-12T14:28:36.267+03:00 DEBUG 12012 --- [URL Shortener] [           main] o.s.data.convert.CustomConversions       : Adding converter from class [B to class java.util.Date as reading converter
2024-06-12T14:28:36.267+03:00 DEBUG 12012 --- [URL Shortener] [           main] o.s.data.convert.CustomConversions       : Adding converter from class java.util.UUID to class [B as writing converter
2024-06-12T14:28:36.267+03:00 DEBUG 12012 --- [URL Shortener] [           main] o.s.data.convert.CustomConversions       : Adding converter from class [B to class java.util.UUID as reading converter
2024-06-12T14:28:36.267+03:00 DEBUG 12012 --- [URL Shortener] [           main] o.s.data.convert.CustomConversions       : Adding converter from class java.time.LocalDateTime to class [B as reading converter
2024-06-12T14:28:36.267+03:00 DEBUG 12012 --- [URL Shortener] [           main] o.s.data.convert.CustomConversions       : Adding converter from class [B to class java.time.LocalDateTime as reading converter
2024-06-12T14:28:36.267+03:00 DEBUG 12012 --- [URL Shortener] [           main] o.s.data.convert.CustomConversions       : Adding converter from class java.time.LocalDate to class [B as reading converter
2024-06-12T14:28:36.267+03:00 DEBUG 12012 --- [URL Shortener] [           main] o.s.data.convert.CustomConversions       : Adding converter from class [B to class java.time.LocalDate as reading converter
2024-06-12T14:28:36.267+03:00 DEBUG 12012 --- [URL Shortener] [           main] o.s.data.convert.CustomConversions       : Adding converter from class java.time.LocalTime to class [B as reading converter
2024-06-12T14:28:36.267+03:00 DEBUG 12012 --- [URL Shortener] [           main] o.s.data.convert.CustomConversions       : Adding converter from class [B to class java.time.LocalTime as reading converter
2024-06-12T14:28:36.267+03:00 DEBUG 12012 --- [URL Shortener] [           main] o.s.data.convert.CustomConversions       : Adding converter from class java.time.ZonedDateTime to class [B as reading converter
2024-06-12T14:28:36.267+03:00 DEBUG 12012 --- [URL Shortener] [           main] o.s.data.convert.CustomConversions       : Adding converter from class [B to class java.time.ZonedDateTime as reading converter
2024-06-12T14:28:36.267+03:00 DEBUG 12012 --- [URL Shortener] [           main] o.s.data.convert.CustomConversions       : Adding converter from class java.time.Instant to class [B as reading converter
2024-06-12T14:28:36.267+03:00 DEBUG 12012 --- [URL Shortener] [           main] o.s.data.convert.CustomConversions       : Adding converter from class [B to class java.time.Instant as reading converter
2024-06-12T14:28:36.267+03:00 DEBUG 12012 --- [URL Shortener] [           main] o.s.data.convert.CustomConversions       : Adding converter from class java.time.ZoneId to class [B as reading converter
2024-06-12T14:28:36.267+03:00 DEBUG 12012 --- [URL Shortener] [           main] o.s.data.convert.CustomConversions       : Adding converter from class [B to class java.time.ZoneId as reading converter
2024-06-12T14:28:36.267+03:00 DEBUG 12012 --- [URL Shortener] [           main] o.s.data.convert.CustomConversions       : Adding converter from class java.time.Period to class [B as reading converter
2024-06-12T14:28:36.267+03:00 DEBUG 12012 --- [URL Shortener] [           main] o.s.data.convert.CustomConversions       : Adding converter from class [B to class java.time.Period as reading converter
2024-06-12T14:28:36.267+03:00 DEBUG 12012 --- [URL Shortener] [           main] o.s.data.convert.CustomConversions       : Adding converter from class java.time.Duration to class [B as reading converter
2024-06-12T14:28:36.267+03:00 DEBUG 12012 --- [URL Shortener] [           main] o.s.data.convert.CustomConversions       : Adding converter from class [B to class java.time.Duration as reading converter
2024-06-12T14:28:36.267+03:00 DEBUG 12012 --- [URL Shortener] [           main] o.s.data.convert.CustomConversions       : Adding converter from class java.time.OffsetDateTime to class [B as reading converter
2024-06-12T14:28:36.267+03:00 DEBUG 12012 --- [URL Shortener] [           main] o.s.data.convert.CustomConversions       : Adding converter from class [B to class java.time.OffsetDateTime as reading converter
2024-06-12T14:28:36.267+03:00 DEBUG 12012 --- [URL Shortener] [           main] o.s.data.convert.CustomConversions       : Adding converter from class java.time.OffsetTime to class [B as reading converter
2024-06-12T14:28:36.267+03:00 DEBUG 12012 --- [URL Shortener] [           main] o.s.data.convert.CustomConversions       : Adding converter from class [B to class java.time.OffsetTime as reading converter
2024-06-12T14:28:36.267+03:00 DEBUG 12012 --- [URL Shortener] [           main] o.s.data.convert.CustomConversions       : Adding converter from class java.util.Date to class java.time.LocalDateTime as reading converter
2024-06-12T14:28:36.267+03:00 DEBUG 12012 --- [URL Shortener] [           main] o.s.data.convert.CustomConversions       : Adding converter from class java.time.LocalDateTime to class java.util.Date as writing converter
2024-06-12T14:28:36.267+03:00 DEBUG 12012 --- [URL Shortener] [           main] o.s.data.convert.CustomConversions       : Adding converter from class java.util.Date to class java.time.LocalDate as reading converter
2024-06-12T14:28:36.267+03:00 DEBUG 12012 --- [URL Shortener] [           main] o.s.data.convert.CustomConversions       : Adding converter from class java.time.LocalDate to class java.util.Date as writing converter
2024-06-12T14:28:36.267+03:00 DEBUG 12012 --- [URL Shortener] [           main] o.s.data.convert.CustomConversions       : Adding converter from class java.util.Date to class java.time.LocalTime as reading converter
2024-06-12T14:28:36.267+03:00 DEBUG 12012 --- [URL Shortener] [           main] o.s.data.convert.CustomConversions       : Adding converter from class java.time.LocalTime to class java.util.Date as writing converter
2024-06-12T14:28:36.267+03:00 DEBUG 12012 --- [URL Shortener] [           main] o.s.data.convert.CustomConversions       : Adding converter from class java.util.Date to class java.time.Instant as reading converter
2024-06-12T14:28:36.267+03:00 DEBUG 12012 --- [URL Shortener] [           main] o.s.data.convert.CustomConversions       : Adding converter from class java.time.Instant to class java.util.Date as writing converter
2024-06-12T14:28:36.267+03:00 DEBUG 12012 --- [URL Shortener] [           main] o.s.data.convert.CustomConversions       : Adding converter from class java.time.LocalDateTime to class java.time.Instant as reading converter
2024-06-12T14:28:36.267+03:00 DEBUG 12012 --- [URL Shortener] [           main] o.s.data.convert.CustomConversions       : Adding converter from class java.time.Instant to class java.time.LocalDateTime as reading converter
2024-06-12T14:28:36.267+03:00 DEBUG 12012 --- [URL Shortener] [           main] o.s.data.convert.CustomConversions       : Adding converter from class java.time.ZoneId to class java.lang.String as writing converter
2024-06-12T14:28:36.267+03:00 DEBUG 12012 --- [URL Shortener] [           main] o.s.data.convert.CustomConversions       : Adding converter from class java.lang.String to class java.time.ZoneId as reading converter
2024-06-12T14:28:36.267+03:00 DEBUG 12012 --- [URL Shortener] [           main] o.s.data.convert.CustomConversions       : Adding converter from class java.time.Duration to class java.lang.String as writing converter
2024-06-12T14:28:36.267+03:00 DEBUG 12012 --- [URL Shortener] [           main] o.s.data.convert.CustomConversions       : Adding converter from class java.lang.String to class java.time.Duration as reading converter
2024-06-12T14:28:36.267+03:00 DEBUG 12012 --- [URL Shortener] [           main] o.s.data.convert.CustomConversions       : Adding converter from class java.time.Period to class java.lang.String as writing converter
2024-06-12T14:28:36.267+03:00 DEBUG 12012 --- [URL Shortener] [           main] o.s.data.convert.CustomConversions       : Adding converter from class java.lang.String to class java.time.Period as reading converter
2024-06-12T14:28:36.267+03:00 DEBUG 12012 --- [URL Shortener] [           main] o.s.data.convert.CustomConversions       : Adding converter from class java.lang.String to class java.time.LocalDate as reading converter
2024-06-12T14:28:36.267+03:00 DEBUG 12012 --- [URL Shortener] [           main] o.s.data.convert.CustomConversions       : Adding converter from class java.lang.String to class java.time.LocalDateTime as reading converter
2024-06-12T14:28:36.267+03:00 DEBUG 12012 --- [URL Shortener] [           main] o.s.data.convert.CustomConversions       : Adding converter from class java.lang.String to class java.time.Instant as reading converter
2024-06-12T14:28:36.270+03:00 DEBUG 12012 --- [URL Shortener] [           main] o.s.data.convert.CustomConversions       : Adding converter from class java.lang.String to class [B as writing converter
2024-06-12T14:28:36.270+03:00 DEBUG 12012 --- [URL Shortener] [           main] o.s.data.convert.CustomConversions       : Adding converter from class [B to class java.lang.String as reading converter
2024-06-12T14:28:36.270+03:00 DEBUG 12012 --- [URL Shortener] [           main] o.s.data.convert.CustomConversions       : Adding converter from class java.lang.Number to class [B as writing converter
2024-06-12T14:28:36.270+03:00 DEBUG 12012 --- [URL Shortener] [           main] o.s.data.convert.CustomConversions       : Adding converter from class [B to class java.lang.Number as reading converter
2024-06-12T14:28:36.270+03:00 DEBUG 12012 --- [URL Shortener] [           main] o.s.data.convert.CustomConversions       : Adding converter from class java.lang.Enum to class [B as writing converter
2024-06-12T14:28:36.270+03:00 DEBUG 12012 --- [URL Shortener] [           main] o.s.data.convert.CustomConversions       : Adding converter from class [B to class java.lang.Enum as reading converter
2024-06-12T14:28:36.270+03:00 DEBUG 12012 --- [URL Shortener] [           main] o.s.data.convert.CustomConversions       : Adding converter from class java.lang.Boolean to class [B as writing converter
2024-06-12T14:28:36.270+03:00 DEBUG 12012 --- [URL Shortener] [           main] o.s.data.convert.CustomConversions       : Adding converter from class [B to class java.lang.Boolean as reading converter
2024-06-12T14:28:36.270+03:00 DEBUG 12012 --- [URL Shortener] [           main] o.s.data.convert.CustomConversions       : Adding converter from class java.util.Date to class [B as writing converter
2024-06-12T14:28:36.270+03:00 DEBUG 12012 --- [URL Shortener] [           main] o.s.data.convert.CustomConversions       : Adding converter from class [B to class java.util.Date as reading converter
2024-06-12T14:28:36.270+03:00 DEBUG 12012 --- [URL Shortener] [           main] o.s.data.convert.CustomConversions       : Adding converter from class java.util.UUID to class [B as writing converter
2024-06-12T14:28:36.270+03:00 DEBUG 12012 --- [URL Shortener] [           main] o.s.data.convert.CustomConversions       : Adding converter from class [B to class java.util.UUID as reading converter
2024-06-12T14:28:36.270+03:00 DEBUG 12012 --- [URL Shortener] [           main] o.s.data.convert.CustomConversions       : Adding converter from class java.time.LocalDateTime to class [B as reading converter
2024-06-12T14:28:36.270+03:00 DEBUG 12012 --- [URL Shortener] [           main] o.s.data.convert.CustomConversions       : Adding converter from class [B to class java.time.LocalDateTime as reading converter
2024-06-12T14:28:36.270+03:00 DEBUG 12012 --- [URL Shortener] [           main] o.s.data.convert.CustomConversions       : Adding converter from class java.time.LocalDate to class [B as reading converter
2024-06-12T14:28:36.270+03:00 DEBUG 12012 --- [URL Shortener] [           main] o.s.data.convert.CustomConversions       : Adding converter from class [B to class java.time.LocalDate as reading converter
2024-06-12T14:28:36.270+03:00 DEBUG 12012 --- [URL Shortener] [           main] o.s.data.convert.CustomConversions       : Adding converter from class java.time.LocalTime to class [B as reading converter
2024-06-12T14:28:36.270+03:00 DEBUG 12012 --- [URL Shortener] [           main] o.s.data.convert.CustomConversions       : Adding converter from class [B to class java.time.LocalTime as reading converter
2024-06-12T14:28:36.270+03:00 DEBUG 12012 --- [URL Shortener] [           main] o.s.data.convert.CustomConversions       : Adding converter from class java.time.ZonedDateTime to class [B as reading converter
2024-06-12T14:28:36.270+03:00 DEBUG 12012 --- [URL Shortener] [           main] o.s.data.convert.CustomConversions       : Adding converter from class [B to class java.time.ZonedDateTime as reading converter
2024-06-12T14:28:36.270+03:00 DEBUG 12012 --- [URL Shortener] [           main] o.s.data.convert.CustomConversions       : Adding converter from class java.time.Instant to class [B as reading converter
2024-06-12T14:28:36.270+03:00 DEBUG 12012 --- [URL Shortener] [           main] o.s.data.convert.CustomConversions       : Adding converter from class [B to class java.time.Instant as reading converter
2024-06-12T14:28:36.271+03:00 DEBUG 12012 --- [URL Shortener] [           main] o.s.data.convert.CustomConversions       : Adding converter from class java.time.ZoneId to class [B as reading converter
2024-06-12T14:28:36.271+03:00 DEBUG 12012 --- [URL Shortener] [           main] o.s.data.convert.CustomConversions       : Adding converter from class [B to class java.time.ZoneId as reading converter
2024-06-12T14:28:36.271+03:00 DEBUG 12012 --- [URL Shortener] [           main] o.s.data.convert.CustomConversions       : Adding converter from class java.time.Period to class [B as reading converter
2024-06-12T14:28:36.271+03:00 DEBUG 12012 --- [URL Shortener] [           main] o.s.data.convert.CustomConversions       : Adding converter from class [B to class java.time.Period as reading converter
2024-06-12T14:28:36.271+03:00 DEBUG 12012 --- [URL Shortener] [           main] o.s.data.convert.CustomConversions       : Adding converter from class java.time.Duration to class [B as reading converter
2024-06-12T14:28:36.271+03:00 DEBUG 12012 --- [URL Shortener] [           main] o.s.data.convert.CustomConversions       : Adding converter from class [B to class java.time.Duration as reading converter
2024-06-12T14:28:36.271+03:00 DEBUG 12012 --- [URL Shortener] [           main] o.s.data.convert.CustomConversions       : Adding converter from class java.time.OffsetDateTime to class [B as reading converter
2024-06-12T14:28:36.271+03:00 DEBUG 12012 --- [URL Shortener] [           main] o.s.data.convert.CustomConversions       : Adding converter from class [B to class java.time.OffsetDateTime as reading converter
2024-06-12T14:28:36.271+03:00 DEBUG 12012 --- [URL Shortener] [           main] o.s.data.convert.CustomConversions       : Adding converter from class java.time.OffsetTime to class [B as reading converter
2024-06-12T14:28:36.271+03:00 DEBUG 12012 --- [URL Shortener] [           main] o.s.data.convert.CustomConversions       : Adding converter from class [B to class java.time.OffsetTime as reading converter
2024-06-12T14:28:36.271+03:00 DEBUG 12012 --- [URL Shortener] [           main] o.s.data.convert.CustomConversions       : Adding converter from class java.util.Date to class java.time.LocalDateTime as reading converter
2024-06-12T14:28:36.271+03:00 DEBUG 12012 --- [URL Shortener] [           main] o.s.data.convert.CustomConversions       : Adding converter from class java.time.LocalDateTime to class java.util.Date as writing converter
2024-06-12T14:28:36.271+03:00 DEBUG 12012 --- [URL Shortener] [           main] o.s.data.convert.CustomConversions       : Adding converter from class java.util.Date to class java.time.LocalDate as reading converter
2024-06-12T14:28:36.271+03:00 DEBUG 12012 --- [URL Shortener] [           main] o.s.data.convert.CustomConversions       : Adding converter from class java.time.LocalDate to class java.util.Date as writing converter
2024-06-12T14:28:36.272+03:00 DEBUG 12012 --- [URL Shortener] [           main] o.s.data.convert.CustomConversions       : Adding converter from class java.util.Date to class java.time.LocalTime as reading converter
2024-06-12T14:28:36.272+03:00 DEBUG 12012 --- [URL Shortener] [           main] o.s.data.convert.CustomConversions       : Adding converter from class java.time.LocalTime to class java.util.Date as writing converter
2024-06-12T14:28:36.272+03:00 DEBUG 12012 --- [URL Shortener] [           main] o.s.data.convert.CustomConversions       : Adding converter from class java.util.Date to class java.time.Instant as reading converter
2024-06-12T14:28:36.272+03:00 DEBUG 12012 --- [URL Shortener] [           main] o.s.data.convert.CustomConversions       : Adding converter from class java.time.Instant to class java.util.Date as writing converter
2024-06-12T14:28:36.272+03:00 DEBUG 12012 --- [URL Shortener] [           main] o.s.data.convert.CustomConversions       : Adding converter from class java.time.LocalDateTime to class java.time.Instant as reading converter
2024-06-12T14:28:36.272+03:00 DEBUG 12012 --- [URL Shortener] [           main] o.s.data.convert.CustomConversions       : Adding converter from class java.time.Instant to class java.time.LocalDateTime as reading converter
2024-06-12T14:28:36.272+03:00 DEBUG 12012 --- [URL Shortener] [           main] o.s.data.convert.CustomConversions       : Adding converter from class java.time.ZoneId to class java.lang.String as writing converter
2024-06-12T14:28:36.272+03:00 DEBUG 12012 --- [URL Shortener] [           main] o.s.data.convert.CustomConversions       : Adding converter from class java.lang.String to class java.time.ZoneId as reading converter
2024-06-12T14:28:36.272+03:00 DEBUG 12012 --- [URL Shortener] [           main] o.s.data.convert.CustomConversions       : Adding converter from class java.time.Duration to class java.lang.String as writing converter
2024-06-12T14:28:36.272+03:00 DEBUG 12012 --- [URL Shortener] [           main] o.s.data.convert.CustomConversions       : Adding converter from class java.lang.String to class java.time.Duration as reading converter
2024-06-12T14:28:36.272+03:00 DEBUG 12012 --- [URL Shortener] [           main] o.s.data.convert.CustomConversions       : Adding converter from class java.time.Period to class java.lang.String as writing converter
2024-06-12T14:28:36.272+03:00 DEBUG 12012 --- [URL Shortener] [           main] o.s.data.convert.CustomConversions       : Adding converter from class java.lang.String to class java.time.Period as reading converter
2024-06-12T14:28:36.272+03:00 DEBUG 12012 --- [URL Shortener] [           main] o.s.data.convert.CustomConversions       : Adding converter from class java.lang.String to class java.time.LocalDate as reading converter
2024-06-12T14:28:36.272+03:00 DEBUG 12012 --- [URL Shortener] [           main] o.s.data.convert.CustomConversions       : Adding converter from class java.lang.String to class java.time.LocalDateTime as reading converter
2024-06-12T14:28:36.272+03:00 DEBUG 12012 --- [URL Shortener] [           main] o.s.data.convert.CustomConversions       : Adding converter from class java.lang.String to class java.time.Instant as reading converter
2024-06-12T14:28:36.279+03:00 DEBUG 12012 --- [URL Shortener] [           main] o.s.data.convert.CustomConversions       : Adding converter from class java.lang.String to class [B as writing converter
2024-06-12T14:28:36.279+03:00 DEBUG 12012 --- [URL Shortener] [           main] o.s.data.convert.CustomConversions       : Adding converter from class [B to class java.lang.String as reading converter
2024-06-12T14:28:36.279+03:00 DEBUG 12012 --- [URL Shortener] [           main] o.s.data.convert.CustomConversions       : Adding converter from class java.lang.Number to class [B as writing converter
2024-06-12T14:28:36.279+03:00 DEBUG 12012 --- [URL Shortener] [           main] o.s.data.convert.CustomConversions       : Adding converter from class [B to class java.lang.Number as reading converter
2024-06-12T14:28:36.279+03:00 DEBUG 12012 --- [URL Shortener] [           main] o.s.data.convert.CustomConversions       : Adding converter from class java.lang.Enum to class [B as writing converter
2024-06-12T14:28:36.279+03:00 DEBUG 12012 --- [URL Shortener] [           main] o.s.data.convert.CustomConversions       : Adding converter from class [B to class java.lang.Enum as reading converter
2024-06-12T14:28:36.279+03:00 DEBUG 12012 --- [URL Shortener] [           main] o.s.data.convert.CustomConversions       : Adding converter from class java.lang.Boolean to class [B as writing converter
2024-06-12T14:28:36.279+03:00 DEBUG 12012 --- [URL Shortener] [           main] o.s.data.convert.CustomConversions       : Adding converter from class [B to class java.lang.Boolean as reading converter
2024-06-12T14:28:36.279+03:00 DEBUG 12012 --- [URL Shortener] [           main] o.s.data.convert.CustomConversions       : Adding converter from class java.util.Date to class [B as writing converter
2024-06-12T14:28:36.279+03:00 DEBUG 12012 --- [URL Shortener] [           main] o.s.data.convert.CustomConversions       : Adding converter from class [B to class java.util.Date as reading converter
2024-06-12T14:28:36.279+03:00 DEBUG 12012 --- [URL Shortener] [           main] o.s.data.convert.CustomConversions       : Adding converter from class java.util.UUID to class [B as writing converter
2024-06-12T14:28:36.279+03:00 DEBUG 12012 --- [URL Shortener] [           main] o.s.data.convert.CustomConversions       : Adding converter from class [B to class java.util.UUID as reading converter
2024-06-12T14:28:36.279+03:00 DEBUG 12012 --- [URL Shortener] [           main] o.s.data.convert.CustomConversions       : Adding converter from class java.time.LocalDateTime to class [B as reading converter
2024-06-12T14:28:36.279+03:00 DEBUG 12012 --- [URL Shortener] [           main] o.s.data.convert.CustomConversions       : Adding converter from class [B to class java.time.LocalDateTime as reading converter
2024-06-12T14:28:36.279+03:00 DEBUG 12012 --- [URL Shortener] [           main] o.s.data.convert.CustomConversions       : Adding converter from class java.time.LocalDate to class [B as reading converter
2024-06-12T14:28:36.279+03:00 DEBUG 12012 --- [URL Shortener] [           main] o.s.data.convert.CustomConversions       : Adding converter from class [B to class java.time.LocalDate as reading converter
2024-06-12T14:28:36.279+03:00 DEBUG 12012 --- [URL Shortener] [           main] o.s.data.convert.CustomConversions       : Adding converter from class java.time.LocalTime to class [B as reading converter
2024-06-12T14:28:36.279+03:00 DEBUG 12012 --- [URL Shortener] [           main] o.s.data.convert.CustomConversions       : Adding converter from class [B to class java.time.LocalTime as reading converter
2024-06-12T14:28:36.279+03:00 DEBUG 12012 --- [URL Shortener] [           main] o.s.data.convert.CustomConversions       : Adding converter from class java.time.ZonedDateTime to class [B as reading converter
2024-06-12T14:28:36.279+03:00 DEBUG 12012 --- [URL Shortener] [           main] o.s.data.convert.CustomConversions       : Adding converter from class [B to class java.time.ZonedDateTime as reading converter
2024-06-12T14:28:36.279+03:00 DEBUG 12012 --- [URL Shortener] [           main] o.s.data.convert.CustomConversions       : Adding converter from class java.time.Instant to class [B as reading converter
2024-06-12T14:28:36.279+03:00 DEBUG 12012 --- [URL Shortener] [           main] o.s.data.convert.CustomConversions       : Adding converter from class [B to class java.time.Instant as reading converter
2024-06-12T14:28:36.279+03:00 DEBUG 12012 --- [URL Shortener] [           main] o.s.data.convert.CustomConversions       : Adding converter from class java.time.ZoneId to class [B as reading converter
2024-06-12T14:28:36.279+03:00 DEBUG 12012 --- [URL Shortener] [           main] o.s.data.convert.CustomConversions       : Adding converter from class [B to class java.time.ZoneId as reading converter
2024-06-12T14:28:36.279+03:00 DEBUG 12012 --- [URL Shortener] [           main] o.s.data.convert.CustomConversions       : Adding converter from class java.time.Period to class [B as reading converter
2024-06-12T14:28:36.279+03:00 DEBUG 12012 --- [URL Shortener] [           main] o.s.data.convert.CustomConversions       : Adding converter from class [B to class java.time.Period as reading converter
2024-06-12T14:28:36.279+03:00 DEBUG 12012 --- [URL Shortener] [           main] o.s.data.convert.CustomConversions       : Adding converter from class java.time.Duration to class [B as reading converter
2024-06-12T14:28:36.279+03:00 DEBUG 12012 --- [URL Shortener] [           main] o.s.data.convert.CustomConversions       : Adding converter from class [B to class java.time.Duration as reading converter
2024-06-12T14:28:36.279+03:00 DEBUG 12012 --- [URL Shortener] [           main] o.s.data.convert.CustomConversions       : Adding converter from class java.time.OffsetDateTime to class [B as reading converter
2024-06-12T14:28:36.279+03:00 DEBUG 12012 --- [URL Shortener] [           main] o.s.data.convert.CustomConversions       : Adding converter from class [B to class java.time.OffsetDateTime as reading converter
2024-06-12T14:28:36.279+03:00 DEBUG 12012 --- [URL Shortener] [           main] o.s.data.convert.CustomConversions       : Adding converter from class java.time.OffsetTime to class [B as reading converter
2024-06-12T14:28:36.279+03:00 DEBUG 12012 --- [URL Shortener] [           main] o.s.data.convert.CustomConversions       : Adding converter from class [B to class java.time.OffsetTime as reading converter
2024-06-12T14:28:36.279+03:00 DEBUG 12012 --- [URL Shortener] [           main] o.s.data.convert.CustomConversions       : Adding converter from class java.util.Date to class java.time.LocalDateTime as reading converter
2024-06-12T14:28:36.280+03:00 DEBUG 12012 --- [URL Shortener] [           main] o.s.data.convert.CustomConversions       : Adding converter from class java.time.LocalDateTime to class java.util.Date as writing converter
2024-06-12T14:28:36.280+03:00 DEBUG 12012 --- [URL Shortener] [           main] o.s.data.convert.CustomConversions       : Adding converter from class java.util.Date to class java.time.LocalDate as reading converter
2024-06-12T14:28:36.280+03:00 DEBUG 12012 --- [URL Shortener] [           main] o.s.data.convert.CustomConversions       : Adding converter from class java.time.LocalDate to class java.util.Date as writing converter
2024-06-12T14:28:36.280+03:00 DEBUG 12012 --- [URL Shortener] [           main] o.s.data.convert.CustomConversions       : Adding converter from class java.util.Date to class java.time.LocalTime as reading converter
2024-06-12T14:28:36.280+03:00 DEBUG 12012 --- [URL Shortener] [           main] o.s.data.convert.CustomConversions       : Adding converter from class java.time.LocalTime to class java.util.Date as writing converter
2024-06-12T14:28:36.280+03:00 DEBUG 12012 --- [URL Shortener] [           main] o.s.data.convert.CustomConversions       : Adding converter from class java.util.Date to class java.time.Instant as reading converter
2024-06-12T14:28:36.280+03:00 DEBUG 12012 --- [URL Shortener] [           main] o.s.data.convert.CustomConversions       : Adding converter from class java.time.Instant to class java.util.Date as writing converter
2024-06-12T14:28:36.280+03:00 DEBUG 12012 --- [URL Shortener] [           main] o.s.data.convert.CustomConversions       : Adding converter from class java.time.LocalDateTime to class java.time.Instant as reading converter
2024-06-12T14:28:36.280+03:00 DEBUG 12012 --- [URL Shortener] [           main] o.s.data.convert.CustomConversions       : Adding converter from class java.time.Instant to class java.time.LocalDateTime as reading converter
2024-06-12T14:28:36.280+03:00 DEBUG 12012 --- [URL Shortener] [           main] o.s.data.convert.CustomConversions       : Adding converter from class java.time.ZoneId to class java.lang.String as writing converter
2024-06-12T14:28:36.280+03:00 DEBUG 12012 --- [URL Shortener] [           main] o.s.data.convert.CustomConversions       : Adding converter from class java.lang.String to class java.time.ZoneId as reading converter
2024-06-12T14:28:36.280+03:00 DEBUG 12012 --- [URL Shortener] [           main] o.s.data.convert.CustomConversions       : Adding converter from class java.time.Duration to class java.lang.String as writing converter
2024-06-12T14:28:36.280+03:00 DEBUG 12012 --- [URL Shortener] [           main] o.s.data.convert.CustomConversions       : Adding converter from class java.lang.String to class java.time.Duration as reading converter
2024-06-12T14:28:36.280+03:00 DEBUG 12012 --- [URL Shortener] [           main] o.s.data.convert.CustomConversions       : Adding converter from class java.time.Period to class java.lang.String as writing converter
2024-06-12T14:28:36.280+03:00 DEBUG 12012 --- [URL Shortener] [           main] o.s.data.convert.CustomConversions       : Adding converter from class java.lang.String to class java.time.Period as reading converter
2024-06-12T14:28:36.280+03:00 DEBUG 12012 --- [URL Shortener] [           main] o.s.data.convert.CustomConversions       : Adding converter from class java.lang.String to class java.time.LocalDate as reading converter
2024-06-12T14:28:36.280+03:00 DEBUG 12012 --- [URL Shortener] [           main] o.s.data.convert.CustomConversions       : Adding converter from class java.lang.String to class java.time.LocalDateTime as reading converter
2024-06-12T14:28:36.280+03:00 DEBUG 12012 --- [URL Shortener] [           main] o.s.data.convert.CustomConversions       : Adding converter from class java.lang.String to class java.time.Instant as reading converter
2024-06-12T14:28:36.301+03:00 DEBUG 12012 --- [URL Shortener] [           main] o.s.b.f.s.DefaultListableBeanFactory     : Creating shared instance of singleton bean 'stringRedisTemplate'
2024-06-12T14:28:36.302+03:00 DEBUG 12012 --- [URL Shortener] [           main] o.s.b.f.s.DefaultListableBeanFactory     : Autowiring by type from bean name 'stringRedisTemplate' via factory method to bean named 'redisConnectionFactory'
2024-06-12T14:28:36.308+03:00 DEBUG 12012 --- [URL Shortener] [           main] o.s.b.f.s.DefaultListableBeanFactory     : Creating shared instance of singleton bean 'org.springframework.boot.autoconfigure.transaction.jta.JtaAutoConfiguration'
2024-06-12T14:28:36.308+03:00 DEBUG 12012 --- [URL Shortener] [           main] o.s.b.f.s.DefaultListableBeanFactory     : Creating shared instance of singleton bean 'org.springframework.boot.autoconfigure.jdbc.metadata.DataSourcePoolMetadataProvidersConfiguration'
2024-06-12T14:28:36.309+03:00 DEBUG 12012 --- [URL Shortener] [           main] o.s.b.f.s.DefaultListableBeanFactory     : Creating shared instance of singleton bean 'org.springframework.boot.autoconfigure.jdbc.DataSourceAutoConfiguration'
2024-06-12T14:28:36.309+03:00 DEBUG 12012 --- [URL Shortener] [           main] o.s.b.f.s.DefaultListableBeanFactory     : Creating shared instance of singleton bean 'org.springframework.boot.autoconfigure.transaction.TransactionManagerCustomizationAutoConfiguration'
2024-06-12T14:28:36.309+03:00 DEBUG 12012 --- [URL Shortener] [           main] o.s.b.f.s.DefaultListableBeanFactory     : Creating shared instance of singleton bean 'platformTransactionManagerCustomizers'
2024-06-12T14:28:36.310+03:00 DEBUG 12012 --- [URL Shortener] [           main] o.s.b.f.s.DefaultListableBeanFactory     : Creating shared instance of singleton bean 'transactionExecutionListeners'
2024-06-12T14:28:36.312+03:00 DEBUG 12012 --- [URL Shortener] [           main] o.s.b.f.s.DefaultListableBeanFactory     : Creating shared instance of singleton bean 'spring.transaction-org.springframework.boot.autoconfigure.transaction.TransactionProperties'
2024-06-12T14:28:36.314+03:00 DEBUG 12012 --- [URL Shortener] [           main] o.s.b.f.s.DefaultListableBeanFactory     : Creating shared instance of singleton bean 'org.springframework.boot.autoconfigure.orm.jpa.JpaBaseConfiguration$PersistenceManagedTypesConfiguration'
2024-06-12T14:28:36.314+03:00 DEBUG 12012 --- [URL Shortener] [           main] o.s.b.f.s.DefaultListableBeanFactory     : Creating shared instance of singleton bean 'transactionManager'
2024-06-12T14:28:36.325+03:00 DEBUG 12012 --- [URL Shortener] [           main] o.s.b.f.s.DefaultListableBeanFactory     : Creating shared instance of singleton bean 'org.springframework.boot.autoconfigure.orm.jpa.HibernateJpaAutoConfiguration'
2024-06-12T14:28:36.326+03:00 DEBUG 12012 --- [URL Shortener] [           main] o.s.b.f.s.DefaultListableBeanFactory     : Creating shared instance of singleton bean 'java.lang.Object'
2024-06-12T14:28:36.326+03:00 DEBUG 12012 --- [URL Shortener] [           main] o.s.b.f.s.DefaultListableBeanFactory     : Creating shared instance of singleton bean 'cacheAutoConfigurationValidator'
2024-06-12T14:28:36.326+03:00 DEBUG 12012 --- [URL Shortener] [           main] o.s.b.f.s.DefaultListableBeanFactory     : Autowiring by type from bean name 'cacheAutoConfigurationValidator' via factory method to bean named 'spring.cache-org.springframework.boot.autoconfigure.cache.CacheProperties'
2024-06-12T14:28:36.328+03:00 DEBUG 12012 --- [URL Shortener] [           main] o.s.b.f.s.DefaultListableBeanFactory     : Creating shared instance of singleton bean 'org.springframework.boot.autoconfigure.context.ConfigurationPropertiesAutoConfiguration'
2024-06-12T14:28:36.329+03:00 DEBUG 12012 --- [URL Shortener] [           main] o.s.b.f.s.DefaultListableBeanFactory     : Creating shared instance of singleton bean 'org.springframework.boot.autoconfigure.context.LifecycleAutoConfiguration'
2024-06-12T14:28:36.329+03:00 DEBUG 12012 --- [URL Shortener] [           main] o.s.b.f.s.DefaultListableBeanFactory     : Creating shared instance of singleton bean 'lifecycleProcessor'
2024-06-12T14:28:36.330+03:00 DEBUG 12012 --- [URL Shortener] [           main] o.s.b.f.s.DefaultListableBeanFactory     : Creating shared instance of singleton bean 'spring.lifecycle-org.springframework.boot.autoconfigure.context.LifecycleProperties'
2024-06-12T14:28:36.331+03:00 DEBUG 12012 --- [URL Shortener] [           main] o.s.b.f.s.DefaultListableBeanFactory     : Autowiring by type from bean name 'lifecycleProcessor' via factory method to bean named 'spring.lifecycle-org.springframework.boot.autoconfigure.context.LifecycleProperties'
2024-06-12T14:28:36.333+03:00 DEBUG 12012 --- [URL Shortener] [           main] o.s.b.f.s.DefaultListableBeanFactory     : Creating shared instance of singleton bean 'org.springframework.boot.autoconfigure.dao.PersistenceExceptionTranslationAutoConfiguration'
2024-06-12T14:28:36.333+03:00 DEBUG 12012 --- [URL Shortener] [           main] o.s.b.f.s.DefaultListableBeanFactory     : Creating shared instance of singleton bean 'org.springframework.boot.autoconfigure.data.jpa.JpaRepositoriesAutoConfiguration'
2024-06-12T14:28:36.334+03:00 DEBUG 12012 --- [URL Shortener] [           main] o.s.b.f.s.DefaultListableBeanFactory     : Creating shared instance of singleton bean 'org.springframework.data.jpa.util.JpaMetamodelCacheCleanup'
2024-06-12T14:28:36.334+03:00 DEBUG 12012 --- [URL Shortener] [           main] o.s.b.f.s.DefaultListableBeanFactory     : Creating shared instance of singleton bean 'org.springframework.data.jpa.repository.support.JpaEvaluationContextExtension'
2024-06-12T14:28:36.336+03:00 DEBUG 12012 --- [URL Shortener] [           main] o.s.b.f.s.DefaultListableBeanFactory     : Creating shared instance of singleton bean 'data-jpa.repository-aot-processor#0'
2024-06-12T14:28:36.339+03:00 DEBUG 12012 --- [URL Shortener] [           main] o.s.b.f.s.DefaultListableBeanFactory     : Creating shared instance of singleton bean 'org.springframework.boot.autoconfigure.data.redis.RedisReactiveAutoConfiguration'
2024-06-12T14:28:36.339+03:00 DEBUG 12012 --- [URL Shortener] [           main] o.s.b.f.s.DefaultListableBeanFactory     : Creating shared instance of singleton bean 'reactiveRedisTemplate'
2024-06-12T14:28:36.340+03:00 DEBUG 12012 --- [URL Shortener] [           main] o.s.b.f.s.DefaultListableBeanFactory     : Autowiring by type from bean name 'reactiveRedisTemplate' via factory method to bean named 'redisConnectionFactory'
2024-06-12T14:28:36.340+03:00 DEBUG 12012 --- [URL Shortener] [           main] o.s.b.f.s.DefaultListableBeanFactory     : Autowiring by type from bean name 'reactiveRedisTemplate' via factory method to bean named 'org.springframework.web.context.support.GenericWebApplicationContext@684430c1'
2024-06-12T14:28:36.383+03:00 DEBUG 12012 --- [URL Shortener] [           main] o.s.b.f.s.DefaultListableBeanFactory     : Creating shared instance of singleton bean 'reactiveStringRedisTemplate'
2024-06-12T14:28:36.383+03:00 DEBUG 12012 --- [URL Shortener] [           main] o.s.b.f.s.DefaultListableBeanFactory     : Autowiring by type from bean name 'reactiveStringRedisTemplate' via factory method to bean named 'redisConnectionFactory'
2024-06-12T14:28:36.385+03:00 DEBUG 12012 --- [URL Shortener] [           main] o.s.b.f.s.DefaultListableBeanFactory     : Creating shared instance of singleton bean 'org.springframework.boot.autoconfigure.data.redis.RedisRepositoriesAutoConfiguration'
2024-06-12T14:28:36.385+03:00 DEBUG 12012 --- [URL Shortener] [           main] o.s.b.f.s.DefaultListableBeanFactory     : Creating shared instance of singleton bean 'redisIndexConfiguration#0'
2024-06-12T14:28:36.386+03:00 DEBUG 12012 --- [URL Shortener] [           main] o.s.b.f.s.DefaultListableBeanFactory     : Creating shared instance of singleton bean 'redisKeyspaceConfiguration#0'
2024-06-12T14:28:36.386+03:00 DEBUG 12012 --- [URL Shortener] [           main] o.s.b.f.s.DefaultListableBeanFactory     : Creating shared instance of singleton bean 'redisMappingConfiguration#0'
2024-06-12T14:28:36.387+03:00 DEBUG 12012 --- [URL Shortener] [           main] o.s.b.f.s.DefaultListableBeanFactory     : Creating shared instance of singleton bean 'keyValueMappingContext'
2024-06-12T14:28:36.389+03:00 DEBUG 12012 --- [URL Shortener] [           main] o.s.b.f.s.DefaultListableBeanFactory     : Creating shared instance of singleton bean 'redisCustomConversions'
2024-06-12T14:28:36.390+03:00 DEBUG 12012 --- [URL Shortener] [           main] o.s.data.convert.CustomConversions       : Adding converter from class java.lang.String to class [B as writing converter
2024-06-12T14:28:36.390+03:00 DEBUG 12012 --- [URL Shortener] [           main] o.s.data.convert.CustomConversions       : Adding converter from class [B to class java.lang.String as reading converter
2024-06-12T14:28:36.390+03:00 DEBUG 12012 --- [URL Shortener] [           main] o.s.data.convert.CustomConversions       : Adding converter from class java.lang.Number to class [B as writing converter
2024-06-12T14:28:36.390+03:00 DEBUG 12012 --- [URL Shortener] [           main] o.s.data.convert.CustomConversions       : Adding converter from class [B to class java.lang.Number as reading converter
2024-06-12T14:28:36.390+03:00 DEBUG 12012 --- [URL Shortener] [           main] o.s.data.convert.CustomConversions       : Adding converter from class java.lang.Enum to class [B as writing converter
2024-06-12T14:28:36.390+03:00 DEBUG 12012 --- [URL Shortener] [           main] o.s.data.convert.CustomConversions       : Adding converter from class [B to class java.lang.Enum as reading converter
2024-06-12T14:28:36.390+03:00 DEBUG 12012 --- [URL Shortener] [           main] o.s.data.convert.CustomConversions       : Adding converter from class java.lang.Boolean to class [B as writing converter
2024-06-12T14:28:36.390+03:00 DEBUG 12012 --- [URL Shortener] [           main] o.s.data.convert.CustomConversions       : Adding converter from class [B to class java.lang.Boolean as reading converter
2024-06-12T14:28:36.390+03:00 DEBUG 12012 --- [URL Shortener] [           main] o.s.data.convert.CustomConversions       : Adding converter from class java.util.Date to class [B as writing converter
2024-06-12T14:28:36.390+03:00 DEBUG 12012 --- [URL Shortener] [           main] o.s.data.convert.CustomConversions       : Adding converter from class [B to class java.util.Date as reading converter
2024-06-12T14:28:36.390+03:00 DEBUG 12012 --- [URL Shortener] [           main] o.s.data.convert.CustomConversions       : Adding converter from class java.util.UUID to class [B as writing converter
2024-06-12T14:28:36.390+03:00 DEBUG 12012 --- [URL Shortener] [           main] o.s.data.convert.CustomConversions       : Adding converter from class [B to class java.util.UUID as reading converter
2024-06-12T14:28:36.390+03:00 DEBUG 12012 --- [URL Shortener] [           main] o.s.data.convert.CustomConversions       : Adding converter from class java.time.LocalDateTime to class [B as reading converter
2024-06-12T14:28:36.390+03:00 DEBUG 12012 --- [URL Shortener] [           main] o.s.data.convert.CustomConversions       : Adding converter from class [B to class java.time.LocalDateTime as reading converter
2024-06-12T14:28:36.390+03:00 DEBUG 12012 --- [URL Shortener] [           main] o.s.data.convert.CustomConversions       : Adding converter from class java.time.LocalDate to class [B as reading converter
2024-06-12T14:28:36.390+03:00 DEBUG 12012 --- [URL Shortener] [           main] o.s.data.convert.CustomConversions       : Adding converter from class [B to class java.time.LocalDate as reading converter
2024-06-12T14:28:36.390+03:00 DEBUG 12012 --- [URL Shortener] [           main] o.s.data.convert.CustomConversions       : Adding converter from class java.time.LocalTime to class [B as reading converter
2024-06-12T14:28:36.390+03:00 DEBUG 12012 --- [URL Shortener] [           main] o.s.data.convert.CustomConversions       : Adding converter from class [B to class java.time.LocalTime as reading converter
2024-06-12T14:28:36.390+03:00 DEBUG 12012 --- [URL Shortener] [           main] o.s.data.convert.CustomConversions       : Adding converter from class java.time.ZonedDateTime to class [B as reading converter
2024-06-12T14:28:36.391+03:00 DEBUG 12012 --- [URL Shortener] [           main] o.s.data.convert.CustomConversions       : Adding converter from class [B to class java.time.ZonedDateTime as reading converter
2024-06-12T14:28:36.391+03:00 DEBUG 12012 --- [URL Shortener] [           main] o.s.data.convert.CustomConversions       : Adding converter from class java.time.Instant to class [B as reading converter
2024-06-12T14:28:36.391+03:00 DEBUG 12012 --- [URL Shortener] [           main] o.s.data.convert.CustomConversions       : Adding converter from class [B to class java.time.Instant as reading converter
2024-06-12T14:28:36.391+03:00 DEBUG 12012 --- [URL Shortener] [           main] o.s.data.convert.CustomConversions       : Adding converter from class java.time.ZoneId to class [B as reading converter
2024-06-12T14:28:36.391+03:00 DEBUG 12012 --- [URL Shortener] [           main] o.s.data.convert.CustomConversions       : Adding converter from class [B to class java.time.ZoneId as reading converter
2024-06-12T14:28:36.391+03:00 DEBUG 12012 --- [URL Shortener] [           main] o.s.data.convert.CustomConversions       : Adding converter from class java.time.Period to class [B as reading converter
2024-06-12T14:28:36.391+03:00 DEBUG 12012 --- [URL Shortener] [           main] o.s.data.convert.CustomConversions       : Adding converter from class [B to class java.time.Period as reading converter
2024-06-12T14:28:36.391+03:00 DEBUG 12012 --- [URL Shortener] [           main] o.s.data.convert.CustomConversions       : Adding converter from class java.time.Duration to class [B as reading converter
2024-06-12T14:28:36.391+03:00 DEBUG 12012 --- [URL Shortener] [           main] o.s.data.convert.CustomConversions       : Adding converter from class [B to class java.time.Duration as reading converter
2024-06-12T14:28:36.391+03:00 DEBUG 12012 --- [URL Shortener] [           main] o.s.data.convert.CustomConversions       : Adding converter from class java.time.OffsetDateTime to class [B as reading converter
2024-06-12T14:28:36.391+03:00 DEBUG 12012 --- [URL Shortener] [           main] o.s.data.convert.CustomConversions       : Adding converter from class [B to class java.time.OffsetDateTime as reading converter
2024-06-12T14:28:36.391+03:00 DEBUG 12012 --- [URL Shortener] [           main] o.s.data.convert.CustomConversions       : Adding converter from class java.time.OffsetTime to class [B as reading converter
2024-06-12T14:28:36.391+03:00 DEBUG 12012 --- [URL Shortener] [           main] o.s.data.convert.CustomConversions       : Adding converter from class [B to class java.time.OffsetTime as reading converter
2024-06-12T14:28:36.391+03:00 DEBUG 12012 --- [URL Shortener] [           main] o.s.data.convert.CustomConversions       : Adding converter from class java.util.Date to class java.time.LocalDateTime as reading converter
2024-06-12T14:28:36.391+03:00 DEBUG 12012 --- [URL Shortener] [           main] o.s.data.convert.CustomConversions       : Adding converter from class java.time.LocalDateTime to class java.util.Date as writing converter
2024-06-12T14:28:36.391+03:00 DEBUG 12012 --- [URL Shortener] [           main] o.s.data.convert.CustomConversions       : Adding converter from class java.util.Date to class java.time.LocalDate as reading converter
2024-06-12T14:28:36.391+03:00 DEBUG 12012 --- [URL Shortener] [           main] o.s.data.convert.CustomConversions       : Adding converter from class java.time.LocalDate to class java.util.Date as writing converter
2024-06-12T14:28:36.391+03:00 DEBUG 12012 --- [URL Shortener] [           main] o.s.data.convert.CustomConversions       : Adding converter from class java.util.Date to class java.time.LocalTime as reading converter
2024-06-12T14:28:36.391+03:00 DEBUG 12012 --- [URL Shortener] [           main] o.s.data.convert.CustomConversions       : Adding converter from class java.time.LocalTime to class java.util.Date as writing converter
2024-06-12T14:28:36.391+03:00 DEBUG 12012 --- [URL Shortener] [           main] o.s.data.convert.CustomConversions       : Adding converter from class java.util.Date to class java.time.Instant as reading converter
2024-06-12T14:28:36.391+03:00 DEBUG 12012 --- [URL Shortener] [           main] o.s.data.convert.CustomConversions       : Adding converter from class java.time.Instant to class java.util.Date as writing converter
2024-06-12T14:28:36.391+03:00 DEBUG 12012 --- [URL Shortener] [           main] o.s.data.convert.CustomConversions       : Adding converter from class java.time.LocalDateTime to class java.time.Instant as reading converter
2024-06-12T14:28:36.391+03:00 DEBUG 12012 --- [URL Shortener] [           main] o.s.data.convert.CustomConversions       : Adding converter from class java.time.Instant to class java.time.LocalDateTime as reading converter
2024-06-12T14:28:36.391+03:00 DEBUG 12012 --- [URL Shortener] [           main] o.s.data.convert.CustomConversions       : Adding converter from class java.time.ZoneId to class java.lang.String as writing converter
2024-06-12T14:28:36.391+03:00 DEBUG 12012 --- [URL Shortener] [           main] o.s.data.convert.CustomConversions       : Adding converter from class java.lang.String to class java.time.ZoneId as reading converter
2024-06-12T14:28:36.391+03:00 DEBUG 12012 --- [URL Shortener] [           main] o.s.data.convert.CustomConversions       : Adding converter from class java.time.Duration to class java.lang.String as writing converter
2024-06-12T14:28:36.391+03:00 DEBUG 12012 --- [URL Shortener] [           main] o.s.data.convert.CustomConversions       : Adding converter from class java.lang.String to class java.time.Duration as reading converter
2024-06-12T14:28:36.391+03:00 DEBUG 12012 --- [URL Shortener] [           main] o.s.data.convert.CustomConversions       : Adding converter from class java.time.Period to class java.lang.String as writing converter
2024-06-12T14:28:36.391+03:00 DEBUG 12012 --- [URL Shortener] [           main] o.s.data.convert.CustomConversions       : Adding converter from class java.lang.String to class java.time.Period as reading converter
2024-06-12T14:28:36.391+03:00 DEBUG 12012 --- [URL Shortener] [           main] o.s.data.convert.CustomConversions       : Adding converter from class java.lang.String to class java.time.LocalDate as reading converter
2024-06-12T14:28:36.391+03:00 DEBUG 12012 --- [URL Shortener] [           main] o.s.data.convert.CustomConversions       : Adding converter from class java.lang.String to class java.time.LocalDateTime as reading converter
2024-06-12T14:28:36.391+03:00 DEBUG 12012 --- [URL Shortener] [           main] o.s.data.convert.CustomConversions       : Adding converter from class java.lang.String to class java.time.Instant as reading converter
2024-06-12T14:28:36.392+03:00 DEBUG 12012 --- [URL Shortener] [           main] o.s.b.f.s.DefaultListableBeanFactory     : Creating shared instance of singleton bean 'redisReferenceResolver'
2024-06-12T14:28:36.393+03:00 DEBUG 12012 --- [URL Shortener] [           main] o.s.b.f.s.DefaultListableBeanFactory     : Creating shared instance of singleton bean 'redisConverter'
2024-06-12T14:28:36.395+03:00 DEBUG 12012 --- [URL Shortener] [           main] o.s.data.convert.CustomConversions       : Adding converter from class java.lang.String to class [B as writing converter
2024-06-12T14:28:36.395+03:00 DEBUG 12012 --- [URL Shortener] [           main] o.s.data.convert.CustomConversions       : Adding converter from class [B to class java.lang.String as reading converter
2024-06-12T14:28:36.395+03:00 DEBUG 12012 --- [URL Shortener] [           main] o.s.data.convert.CustomConversions       : Adding converter from class java.lang.Number to class [B as writing converter
2024-06-12T14:28:36.395+03:00 DEBUG 12012 --- [URL Shortener] [           main] o.s.data.convert.CustomConversions       : Adding converter from class [B to class java.lang.Number as reading converter
2024-06-12T14:28:36.395+03:00 DEBUG 12012 --- [URL Shortener] [           main] o.s.data.convert.CustomConversions       : Adding converter from class java.lang.Enum to class [B as writing converter
2024-06-12T14:28:36.395+03:00 DEBUG 12012 --- [URL Shortener] [           main] o.s.data.convert.CustomConversions       : Adding converter from class [B to class java.lang.Enum as reading converter
2024-06-12T14:28:36.395+03:00 DEBUG 12012 --- [URL Shortener] [           main] o.s.data.convert.CustomConversions       : Adding converter from class java.lang.Boolean to class [B as writing converter
2024-06-12T14:28:36.395+03:00 DEBUG 12012 --- [URL Shortener] [           main] o.s.data.convert.CustomConversions       : Adding converter from class [B to class java.lang.Boolean as reading converter
2024-06-12T14:28:36.395+03:00 DEBUG 12012 --- [URL Shortener] [           main] o.s.data.convert.CustomConversions       : Adding converter from class java.util.Date to class [B as writing converter
2024-06-12T14:28:36.395+03:00 DEBUG 12012 --- [URL Shortener] [           main] o.s.data.convert.CustomConversions       : Adding converter from class [B to class java.util.Date as reading converter
2024-06-12T14:28:36.395+03:00 DEBUG 12012 --- [URL Shortener] [           main] o.s.data.convert.CustomConversions       : Adding converter from class java.util.UUID to class [B as writing converter
2024-06-12T14:28:36.395+03:00 DEBUG 12012 --- [URL Shortener] [           main] o.s.data.convert.CustomConversions       : Adding converter from class [B to class java.util.UUID as reading converter
2024-06-12T14:28:36.395+03:00 DEBUG 12012 --- [URL Shortener] [           main] o.s.data.convert.CustomConversions       : Adding converter from class java.time.LocalDateTime to class [B as reading converter
2024-06-12T14:28:36.395+03:00 DEBUG 12012 --- [URL Shortener] [           main] o.s.data.convert.CustomConversions       : Adding converter from class [B to class java.time.LocalDateTime as reading converter
2024-06-12T14:28:36.395+03:00 DEBUG 12012 --- [URL Shortener] [           main] o.s.data.convert.CustomConversions       : Adding converter from class java.time.LocalDate to class [B as reading converter
2024-06-12T14:28:36.395+03:00 DEBUG 12012 --- [URL Shortener] [           main] o.s.data.convert.CustomConversions       : Adding converter from class [B to class java.time.LocalDate as reading converter
2024-06-12T14:28:36.395+03:00 DEBUG 12012 --- [URL Shortener] [           main] o.s.data.convert.CustomConversions       : Adding converter from class java.time.LocalTime to class [B as reading converter
2024-06-12T14:28:36.395+03:00 DEBUG 12012 --- [URL Shortener] [           main] o.s.data.convert.CustomConversions       : Adding converter from class [B to class java.time.LocalTime as reading converter
2024-06-12T14:28:36.395+03:00 DEBUG 12012 --- [URL Shortener] [           main] o.s.data.convert.CustomConversions       : Adding converter from class java.time.ZonedDateTime to class [B as reading converter
2024-06-12T14:28:36.395+03:00 DEBUG 12012 --- [URL Shortener] [           main] o.s.data.convert.CustomConversions       : Adding converter from class [B to class java.time.ZonedDateTime as reading converter
2024-06-12T14:28:36.395+03:00 DEBUG 12012 --- [URL Shortener] [           main] o.s.data.convert.CustomConversions       : Adding converter from class java.time.Instant to class [B as reading converter
2024-06-12T14:28:36.395+03:00 DEBUG 12012 --- [URL Shortener] [           main] o.s.data.convert.CustomConversions       : Adding converter from class [B to class java.time.Instant as reading converter
2024-06-12T14:28:36.395+03:00 DEBUG 12012 --- [URL Shortener] [           main] o.s.data.convert.CustomConversions       : Adding converter from class java.time.ZoneId to class [B as reading converter
2024-06-12T14:28:36.395+03:00 DEBUG 12012 --- [URL Shortener] [           main] o.s.data.convert.CustomConversions       : Adding converter from class [B to class java.time.ZoneId as reading converter
2024-06-12T14:28:36.395+03:00 DEBUG 12012 --- [URL Shortener] [           main] o.s.data.convert.CustomConversions       : Adding converter from class java.time.Period to class [B as reading converter
2024-06-12T14:28:36.395+03:00 DEBUG 12012 --- [URL Shortener] [           main] o.s.data.convert.CustomConversions       : Adding converter from class [B to class java.time.Period as reading converter
2024-06-12T14:28:36.395+03:00 DEBUG 12012 --- [URL Shortener] [           main] o.s.data.convert.CustomConversions       : Adding converter from class java.time.Duration to class [B as reading converter
2024-06-12T14:28:36.395+03:00 DEBUG 12012 --- [URL Shortener] [           main] o.s.data.convert.CustomConversions       : Adding converter from class [B to class java.time.Duration as reading converter
2024-06-12T14:28:36.395+03:00 DEBUG 12012 --- [URL Shortener] [           main] o.s.data.convert.CustomConversions       : Adding converter from class java.time.OffsetDateTime to class [B as reading converter
2024-06-12T14:28:36.395+03:00 DEBUG 12012 --- [URL Shortener] [           main] o.s.data.convert.CustomConversions       : Adding converter from class [B to class java.time.OffsetDateTime as reading converter
2024-06-12T14:28:36.395+03:00 DEBUG 12012 --- [URL Shortener] [           main] o.s.data.convert.CustomConversions       : Adding converter from class java.time.OffsetTime to class [B as reading converter
2024-06-12T14:28:36.395+03:00 DEBUG 12012 --- [URL Shortener] [           main] o.s.data.convert.CustomConversions       : Adding converter from class [B to class java.time.OffsetTime as reading converter
2024-06-12T14:28:36.395+03:00 DEBUG 12012 --- [URL Shortener] [           main] o.s.data.convert.CustomConversions       : Adding converter from class java.util.Date to class java.time.LocalDateTime as reading converter
2024-06-12T14:28:36.395+03:00 DEBUG 12012 --- [URL Shortener] [           main] o.s.data.convert.CustomConversions       : Adding converter from class java.time.LocalDateTime to class java.util.Date as writing converter
2024-06-12T14:28:36.395+03:00 DEBUG 12012 --- [URL Shortener] [           main] o.s.data.convert.CustomConversions       : Adding converter from class java.util.Date to class java.time.LocalDate as reading converter
2024-06-12T14:28:36.395+03:00 DEBUG 12012 --- [URL Shortener] [           main] o.s.data.convert.CustomConversions       : Adding converter from class java.time.LocalDate to class java.util.Date as writing converter
2024-06-12T14:28:36.395+03:00 DEBUG 12012 --- [URL Shortener] [           main] o.s.data.convert.CustomConversions       : Adding converter from class java.util.Date to class java.time.LocalTime as reading converter
2024-06-12T14:28:36.395+03:00 DEBUG 12012 --- [URL Shortener] [           main] o.s.data.convert.CustomConversions       : Adding converter from class java.time.LocalTime to class java.util.Date as writing converter
2024-06-12T14:28:36.395+03:00 DEBUG 12012 --- [URL Shortener] [           main] o.s.data.convert.CustomConversions       : Adding converter from class java.util.Date to class java.time.Instant as reading converter
2024-06-12T14:28:36.395+03:00 DEBUG 12012 --- [URL Shortener] [           main] o.s.data.convert.CustomConversions       : Adding converter from class java.time.Instant to class java.util.Date as writing converter
2024-06-12T14:28:36.395+03:00 DEBUG 12012 --- [URL Shortener] [           main] o.s.data.convert.CustomConversions       : Adding converter from class java.time.LocalDateTime to class java.time.Instant as reading converter
2024-06-12T14:28:36.395+03:00 DEBUG 12012 --- [URL Shortener] [           main] o.s.data.convert.CustomConversions       : Adding converter from class java.time.Instant to class java.time.LocalDateTime as reading converter
2024-06-12T14:28:36.395+03:00 DEBUG 12012 --- [URL Shortener] [           main] o.s.data.convert.CustomConversions       : Adding converter from class java.time.ZoneId to class java.lang.String as writing converter
2024-06-12T14:28:36.395+03:00 DEBUG 12012 --- [URL Shortener] [           main] o.s.data.convert.CustomConversions       : Adding converter from class java.lang.String to class java.time.ZoneId as reading converter
2024-06-12T14:28:36.395+03:00 DEBUG 12012 --- [URL Shortener] [           main] o.s.data.convert.CustomConversions       : Adding converter from class java.time.Duration to class java.lang.String as writing converter
2024-06-12T14:28:36.395+03:00 DEBUG 12012 --- [URL Shortener] [           main] o.s.data.convert.CustomConversions       : Adding converter from class java.lang.String to class java.time.Duration as reading converter
2024-06-12T14:28:36.395+03:00 DEBUG 12012 --- [URL Shortener] [           main] o.s.data.convert.CustomConversions       : Adding converter from class java.time.Period to class java.lang.String as writing converter
2024-06-12T14:28:36.395+03:00 DEBUG 12012 --- [URL Shortener] [           main] o.s.data.convert.CustomConversions       : Adding converter from class java.lang.String to class java.time.Period as reading converter
2024-06-12T14:28:36.395+03:00 DEBUG 12012 --- [URL Shortener] [           main] o.s.data.convert.CustomConversions       : Adding converter from class java.lang.String to class java.time.LocalDate as reading converter
2024-06-12T14:28:36.395+03:00 DEBUG 12012 --- [URL Shortener] [           main] o.s.data.convert.CustomConversions       : Adding converter from class java.lang.String to class java.time.LocalDateTime as reading converter
2024-06-12T14:28:36.395+03:00 DEBUG 12012 --- [URL Shortener] [           main] o.s.data.convert.CustomConversions       : Adding converter from class java.lang.String to class java.time.Instant as reading converter
2024-06-12T14:28:36.395+03:00 DEBUG 12012 --- [URL Shortener] [           main] o.s.data.convert.CustomConversions       : Adding converter from class java.lang.String to class [B as writing converter
2024-06-12T14:28:36.395+03:00 DEBUG 12012 --- [URL Shortener] [           main] o.s.data.convert.CustomConversions       : Adding converter from class [B to class java.lang.String as reading converter
2024-06-12T14:28:36.395+03:00 DEBUG 12012 --- [URL Shortener] [           main] o.s.data.convert.CustomConversions       : Adding converter from class java.lang.Number to class [B as writing converter
2024-06-12T14:28:36.395+03:00 DEBUG 12012 --- [URL Shortener] [           main] o.s.data.convert.CustomConversions       : Adding converter from class [B to class java.lang.Number as reading converter
2024-06-12T14:28:36.396+03:00 DEBUG 12012 --- [URL Shortener] [           main] o.s.data.convert.CustomConversions       : Adding converter from class java.lang.Enum to class [B as writing converter
2024-06-12T14:28:36.396+03:00 DEBUG 12012 --- [URL Shortener] [           main] o.s.data.convert.CustomConversions       : Adding converter from class [B to class java.lang.Enum as reading converter
2024-06-12T14:28:36.396+03:00 DEBUG 12012 --- [URL Shortener] [           main] o.s.data.convert.CustomConversions       : Adding converter from class java.lang.Boolean to class [B as writing converter
2024-06-12T14:28:36.396+03:00 DEBUG 12012 --- [URL Shortener] [           main] o.s.data.convert.CustomConversions       : Adding converter from class [B to class java.lang.Boolean as reading converter
2024-06-12T14:28:36.396+03:00 DEBUG 12012 --- [URL Shortener] [           main] o.s.data.convert.CustomConversions       : Adding converter from class java.util.Date to class [B as writing converter
2024-06-12T14:28:36.396+03:00 DEBUG 12012 --- [URL Shortener] [           main] o.s.data.convert.CustomConversions       : Adding converter from class [B to class java.util.Date as reading converter
2024-06-12T14:28:36.396+03:00 DEBUG 12012 --- [URL Shortener] [           main] o.s.data.convert.CustomConversions       : Adding converter from class java.util.UUID to class [B as writing converter
2024-06-12T14:28:36.396+03:00 DEBUG 12012 --- [URL Shortener] [           main] o.s.data.convert.CustomConversions       : Adding converter from class [B to class java.util.UUID as reading converter
2024-06-12T14:28:36.396+03:00 DEBUG 12012 --- [URL Shortener] [           main] o.s.data.convert.CustomConversions       : Adding converter from class java.time.LocalDateTime to class [B as reading converter
2024-06-12T14:28:36.396+03:00 DEBUG 12012 --- [URL Shortener] [           main] o.s.data.convert.CustomConversions       : Adding converter from class [B to class java.time.LocalDateTime as reading converter
2024-06-12T14:28:36.396+03:00 DEBUG 12012 --- [URL Shortener] [           main] o.s.data.convert.CustomConversions       : Adding converter from class java.time.LocalDate to class [B as reading converter
2024-06-12T14:28:36.396+03:00 DEBUG 12012 --- [URL Shortener] [           main] o.s.data.convert.CustomConversions       : Adding converter from class [B to class java.time.LocalDate as reading converter
2024-06-12T14:28:36.396+03:00 DEBUG 12012 --- [URL Shortener] [           main] o.s.data.convert.CustomConversions       : Adding converter from class java.time.LocalTime to class [B as reading converter
2024-06-12T14:28:36.396+03:00 DEBUG 12012 --- [URL Shortener] [           main] o.s.data.convert.CustomConversions       : Adding converter from class [B to class java.time.LocalTime as reading converter
2024-06-12T14:28:36.396+03:00 DEBUG 12012 --- [URL Shortener] [           main] o.s.data.convert.CustomConversions       : Adding converter from class java.time.ZonedDateTime to class [B as reading converter
2024-06-12T14:28:36.396+03:00 DEBUG 12012 --- [URL Shortener] [           main] o.s.data.convert.CustomConversions       : Adding converter from class [B to class java.time.ZonedDateTime as reading converter
2024-06-12T14:28:36.396+03:00 DEBUG 12012 --- [URL Shortener] [           main] o.s.data.convert.CustomConversions       : Adding converter from class java.time.Instant to class [B as reading converter
2024-06-12T14:28:36.396+03:00 DEBUG 12012 --- [URL Shortener] [           main] o.s.data.convert.CustomConversions       : Adding converter from class [B to class java.time.Instant as reading converter
2024-06-12T14:28:36.396+03:00 DEBUG 12012 --- [URL Shortener] [           main] o.s.data.convert.CustomConversions       : Adding converter from class java.time.ZoneId to class [B as reading converter
2024-06-12T14:28:36.396+03:00 DEBUG 12012 --- [URL Shortener] [           main] o.s.data.convert.CustomConversions       : Adding converter from class [B to class java.time.ZoneId as reading converter
2024-06-12T14:28:36.396+03:00 DEBUG 12012 --- [URL Shortener] [           main] o.s.data.convert.CustomConversions       : Adding converter from class java.time.Period to class [B as reading converter
2024-06-12T14:28:36.396+03:00 DEBUG 12012 --- [URL Shortener] [           main] o.s.data.convert.CustomConversions       : Adding converter from class [B to class java.time.Period as reading converter
2024-06-12T14:28:36.396+03:00 DEBUG 12012 --- [URL Shortener] [           main] o.s.data.convert.CustomConversions       : Adding converter from class java.time.Duration to class [B as reading converter
2024-06-12T14:28:36.396+03:00 DEBUG 12012 --- [URL Shortener] [           main] o.s.data.convert.CustomConversions       : Adding converter from class [B to class java.time.Duration as reading converter
2024-06-12T14:28:36.396+03:00 DEBUG 12012 --- [URL Shortener] [           main] o.s.data.convert.CustomConversions       : Adding converter from class java.time.OffsetDateTime to class [B as reading converter
2024-06-12T14:28:36.396+03:00 DEBUG 12012 --- [URL Shortener] [           main] o.s.data.convert.CustomConversions       : Adding converter from class [B to class java.time.OffsetDateTime as reading converter
2024-06-12T14:28:36.396+03:00 DEBUG 12012 --- [URL Shortener] [           main] o.s.data.convert.CustomConversions       : Adding converter from class java.time.OffsetTime to class [B as reading converter
2024-06-12T14:28:36.396+03:00 DEBUG 12012 --- [URL Shortener] [           main] o.s.data.convert.CustomConversions       : Adding converter from class [B to class java.time.OffsetTime as reading converter
2024-06-12T14:28:36.396+03:00 DEBUG 12012 --- [URL Shortener] [           main] o.s.data.convert.CustomConversions       : Adding converter from class java.util.Date to class java.time.LocalDateTime as reading converter
2024-06-12T14:28:36.396+03:00 DEBUG 12012 --- [URL Shortener] [           main] o.s.data.convert.CustomConversions       : Adding converter from class java.time.LocalDateTime to class java.util.Date as writing converter
2024-06-12T14:28:36.396+03:00 DEBUG 12012 --- [URL Shortener] [           main] o.s.data.convert.CustomConversions       : Adding converter from class java.util.Date to class java.time.LocalDate as reading converter
2024-06-12T14:28:36.396+03:00 DEBUG 12012 --- [URL Shortener] [           main] o.s.data.convert.CustomConversions       : Adding converter from class java.time.LocalDate to class java.util.Date as writing converter
2024-06-12T14:28:36.396+03:00 DEBUG 12012 --- [URL Shortener] [           main] o.s.data.convert.CustomConversions       : Adding converter from class java.util.Date to class java.time.LocalTime as reading converter
2024-06-12T14:28:36.396+03:00 DEBUG 12012 --- [URL Shortener] [           main] o.s.data.convert.CustomConversions       : Adding converter from class java.time.LocalTime to class java.util.Date as writing converter
2024-06-12T14:28:36.396+03:00 DEBUG 12012 --- [URL Shortener] [           main] o.s.data.convert.CustomConversions       : Adding converter from class java.util.Date to class java.time.Instant as reading converter
2024-06-12T14:28:36.396+03:00 DEBUG 12012 --- [URL Shortener] [           main] o.s.data.convert.CustomConversions       : Adding converter from class java.time.Instant to class java.util.Date as writing converter
2024-06-12T14:28:36.396+03:00 DEBUG 12012 --- [URL Shortener] [           main] o.s.data.convert.CustomConversions       : Adding converter from class java.time.LocalDateTime to class java.time.Instant as reading converter
2024-06-12T14:28:36.396+03:00 DEBUG 12012 --- [URL Shortener] [           main] o.s.data.convert.CustomConversions       : Adding converter from class java.time.Instant to class java.time.LocalDateTime as reading converter
2024-06-12T14:28:36.396+03:00 DEBUG 12012 --- [URL Shortener] [           main] o.s.data.convert.CustomConversions       : Adding converter from class java.time.ZoneId to class java.lang.String as writing converter
2024-06-12T14:28:36.396+03:00 DEBUG 12012 --- [URL Shortener] [           main] o.s.data.convert.CustomConversions       : Adding converter from class java.lang.String to class java.time.ZoneId as reading converter
2024-06-12T14:28:36.396+03:00 DEBUG 12012 --- [URL Shortener] [           main] o.s.data.convert.CustomConversions       : Adding converter from class java.time.Duration to class java.lang.String as writing converter
2024-06-12T14:28:36.396+03:00 DEBUG 12012 --- [URL Shortener] [           main] o.s.data.convert.CustomConversions       : Adding converter from class java.lang.String to class java.time.Duration as reading converter
2024-06-12T14:28:36.396+03:00 DEBUG 12012 --- [URL Shortener] [           main] o.s.data.convert.CustomConversions       : Adding converter from class java.time.Period to class java.lang.String as writing converter
2024-06-12T14:28:36.396+03:00 DEBUG 12012 --- [URL Shortener] [           main] o.s.data.convert.CustomConversions       : Adding converter from class java.lang.String to class java.time.Period as reading converter
2024-06-12T14:28:36.396+03:00 DEBUG 12012 --- [URL Shortener] [           main] o.s.data.convert.CustomConversions       : Adding converter from class java.lang.String to class java.time.LocalDate as reading converter
2024-06-12T14:28:36.396+03:00 DEBUG 12012 --- [URL Shortener] [           main] o.s.data.convert.CustomConversions       : Adding converter from class java.lang.String to class java.time.LocalDateTime as reading converter
2024-06-12T14:28:36.396+03:00 DEBUG 12012 --- [URL Shortener] [           main] o.s.data.convert.CustomConversions       : Adding converter from class java.lang.String to class java.time.Instant as reading converter
2024-06-12T14:28:36.401+03:00 DEBUG 12012 --- [URL Shortener] [           main] o.s.b.f.s.DefaultListableBeanFactory     : Creating shared instance of singleton bean 'redisKeyValueAdapter'
2024-06-12T14:28:36.410+03:00 DEBUG 12012 --- [URL Shortener] [           main] o.s.d.r.l.RedisMessageListenerContainer  : Starting RedisMessageListenerContainer...
2024-06-12T14:28:36.411+03:00 DEBUG 12012 --- [URL Shortener] [           main] o.s.d.r.l.RedisMessageListenerContainer  : Postpone listening for Redis messages until actual listeners are added
2024-06-12T14:28:36.412+03:00 DEBUG 12012 --- [URL Shortener] [           main] o.s.b.f.s.DefaultListableBeanFactory     : Creating shared instance of singleton bean 'redisKeyValueTemplate'
2024-06-12T14:28:36.415+03:00 DEBUG 12012 --- [URL Shortener] [           main] o.s.b.f.s.DefaultListableBeanFactory     : Creating shared instance of singleton bean 'data-redis.repository-aot-processor#0'
2024-06-12T14:28:36.416+03:00 DEBUG 12012 --- [URL Shortener] [           main] o.s.b.f.s.DefaultListableBeanFactory     : Creating shared instance of singleton bean 'org.springframework.boot.autoconfigure.gson.GsonAutoConfiguration'
2024-06-12T14:28:36.416+03:00 DEBUG 12012 --- [URL Shortener] [           main] o.s.b.f.s.DefaultListableBeanFactory     : Creating shared instance of singleton bean 'gsonBuilder'
2024-06-12T14:28:36.417+03:00 DEBUG 12012 --- [URL Shortener] [           main] o.s.b.f.s.DefaultListableBeanFactory     : Creating shared instance of singleton bean 'standardGsonBuilderCustomizer'
2024-06-12T14:28:36.417+03:00 DEBUG 12012 --- [URL Shortener] [           main] o.s.b.f.s.DefaultListableBeanFactory     : Creating shared instance of singleton bean 'spring.gson-org.springframework.boot.autoconfigure.gson.GsonProperties'
2024-06-12T14:28:36.419+03:00 DEBUG 12012 --- [URL Shortener] [           main] o.s.b.f.s.DefaultListableBeanFactory     : Autowiring by type from bean name 'standardGsonBuilderCustomizer' via factory method to bean named 'spring.gson-org.springframework.boot.autoconfigure.gson.GsonProperties'
2024-06-12T14:28:36.419+03:00 DEBUG 12012 --- [URL Shortener] [           main] o.s.b.f.s.DefaultListableBeanFactory     : Autowiring by type from bean name 'gsonBuilder' via factory method to bean named 'standardGsonBuilderCustomizer'
2024-06-12T14:28:36.431+03:00 DEBUG 12012 --- [URL Shortener] [           main] o.s.b.f.s.DefaultListableBeanFactory     : Creating shared instance of singleton bean 'gson'
2024-06-12T14:28:36.432+03:00 DEBUG 12012 --- [URL Shortener] [           main] o.s.b.f.s.DefaultListableBeanFactory     : Autowiring by type from bean name 'gson' via factory method to bean named 'gsonBuilder'
2024-06-12T14:28:36.453+03:00 DEBUG 12012 --- [URL Shortener] [           main] o.s.b.f.s.DefaultListableBeanFactory     : Creating shared instance of singleton bean 'org.springframework.boot.autoconfigure.http.JacksonHttpMessageConvertersConfiguration'
2024-06-12T14:28:36.453+03:00 DEBUG 12012 --- [URL Shortener] [           main] o.s.b.f.s.DefaultListableBeanFactory     : Creating shared instance of singleton bean 'org.springframework.boot.autoconfigure.http.GsonHttpMessageConvertersConfiguration'
2024-06-12T14:28:36.454+03:00 DEBUG 12012 --- [URL Shortener] [           main] o.s.b.f.s.DefaultListableBeanFactory     : Creating shared instance of singleton bean 'org.springframework.data.web.config.ProjectingArgumentResolverRegistrar'
2024-06-12T14:28:36.454+03:00 DEBUG 12012 --- [URL Shortener] [           main] o.s.b.f.s.DefaultListableBeanFactory     : Creating shared instance of singleton bean 'offsetResolver'
2024-06-12T14:28:36.456+03:00 DEBUG 12012 --- [URL Shortener] [           main] o.s.b.f.s.DefaultListableBeanFactory     : Creating shared instance of singleton bean 'org.springframework.boot.autoconfigure.jdbc.JdbcTemplateConfiguration'
2024-06-12T14:28:36.456+03:00 DEBUG 12012 --- [URL Shortener] [           main] o.s.b.f.s.DefaultListableBeanFactory     : Creating shared instance of singleton bean 'jdbcTemplate'
2024-06-12T14:28:36.457+03:00 DEBUG 12012 --- [URL Shortener] [           main] o.s.b.f.s.DefaultListableBeanFactory     : Creating shared instance of singleton bean 'spring.jdbc-org.springframework.boot.autoconfigure.jdbc.JdbcProperties'
2024-06-12T14:28:36.460+03:00 DEBUG 12012 --- [URL Shortener] [           main] o.s.b.f.s.DefaultListableBeanFactory     : Autowiring by type from bean name 'jdbcTemplate' via factory method to bean named 'dataSource'
2024-06-12T14:28:36.460+03:00 DEBUG 12012 --- [URL Shortener] [           main] o.s.b.f.s.DefaultListableBeanFactory     : Autowiring by type from bean name 'jdbcTemplate' via factory method to bean named 'spring.jdbc-org.springframework.boot.autoconfigure.jdbc.JdbcProperties'
2024-06-12T14:28:36.465+03:00 DEBUG 12012 --- [URL Shortener] [           main] o.s.b.f.s.DefaultListableBeanFactory     : Creating shared instance of singleton bean 'org.springframework.boot.autoconfigure.jdbc.NamedParameterJdbcTemplateConfiguration'
2024-06-12T14:28:36.466+03:00 DEBUG 12012 --- [URL Shortener] [           main] o.s.b.f.s.DefaultListableBeanFactory     : Creating shared instance of singleton bean 'namedParameterJdbcTemplate'
2024-06-12T14:28:36.466+03:00 DEBUG 12012 --- [URL Shortener] [           main] o.s.b.f.s.DefaultListableBeanFactory     : Autowiring by type from bean name 'namedParameterJdbcTemplate' via factory method to bean named 'jdbcTemplate'
2024-06-12T14:28:36.472+03:00 DEBUG 12012 --- [URL Shortener] [           main] o.s.b.f.s.DefaultListableBeanFactory     : Creating shared instance of singleton bean 'org.springframework.boot.autoconfigure.jdbc.JdbcTemplateAutoConfiguration'
2024-06-12T14:28:36.472+03:00 DEBUG 12012 --- [URL Shortener] [           main] o.s.b.f.s.DefaultListableBeanFactory     : Creating shared instance of singleton bean 'flywayDefaultDdlModeProvider'
2024-06-12T14:28:36.473+03:00 DEBUG 12012 --- [URL Shortener] [           main] o.s.b.f.s.DefaultListableBeanFactory     : Creating shared instance of singleton bean 'org.springframework.boot.autoconfigure.info.ProjectInfoAutoConfiguration'
2024-06-12T14:28:36.475+03:00 DEBUG 12012 --- [URL Shortener] [           main] o.s.b.f.s.DefaultListableBeanFactory     : Creating shared instance of singleton bean 'spring.info-org.springframework.boot.autoconfigure.info.ProjectInfoProperties'
2024-06-12T14:28:36.477+03:00 DEBUG 12012 --- [URL Shortener] [           main] o.s.b.f.s.DefaultListableBeanFactory     : Autowiring by type from bean name 'org.springframework.boot.autoconfigure.info.ProjectInfoAutoConfiguration' via constructor to bean named 'spring.info-org.springframework.boot.autoconfigure.info.ProjectInfoProperties'
2024-06-12T14:28:36.477+03:00 DEBUG 12012 --- [URL Shortener] [           main] o.s.b.f.s.DefaultListableBeanFactory     : Creating shared instance of singleton bean 'org.springframework.boot.autoconfigure.jdbc.JdbcClientAutoConfiguration'
2024-06-12T14:28:36.477+03:00 DEBUG 12012 --- [URL Shortener] [           main] o.s.b.f.s.DefaultListableBeanFactory     : Creating shared instance of singleton bean 'jdbcClient'
2024-06-12T14:28:36.478+03:00 DEBUG 12012 --- [URL Shortener] [           main] o.s.b.f.s.DefaultListableBeanFactory     : Autowiring by type from bean name 'jdbcClient' via factory method to bean named 'namedParameterJdbcTemplate'
2024-06-12T14:28:36.479+03:00 DEBUG 12012 --- [URL Shortener] [           main] o.s.b.f.s.DefaultListableBeanFactory     : Creating shared instance of singleton bean 'org.springframework.boot.autoconfigure.netty.NettyAutoConfiguration'
2024-06-12T14:28:36.480+03:00 DEBUG 12012 --- [URL Shortener] [           main] o.s.b.f.s.DefaultListableBeanFactory     : Creating shared instance of singleton bean 'spring.netty-org.springframework.boot.autoconfigure.netty.NettyProperties'
2024-06-12T14:28:36.481+03:00 DEBUG 12012 --- [URL Shortener] [           main] o.s.b.f.s.DefaultListableBeanFactory     : Autowiring by type from bean name 'org.springframework.boot.autoconfigure.netty.NettyAutoConfiguration' via constructor to bean named 'spring.netty-org.springframework.boot.autoconfigure.netty.NettyProperties'
2024-06-12T14:28:36.481+03:00 DEBUG 12012 --- [URL Shortener] [           main] o.s.b.f.s.DefaultListableBeanFactory     : Creating shared instance of singleton bean 'org.springframework.boot.autoconfigure.reactor.ReactorAutoConfiguration'
2024-06-12T14:28:36.481+03:00 DEBUG 12012 --- [URL Shortener] [           main] o.s.b.f.s.DefaultListableBeanFactory     : Creating shared instance of singleton bean 'spring.reactor-org.springframework.boot.autoconfigure.reactor.ReactorProperties'
2024-06-12T14:28:36.482+03:00 DEBUG 12012 --- [URL Shortener] [           main] o.s.b.f.s.DefaultListableBeanFactory     : Autowiring by type from bean name 'org.springframework.boot.autoconfigure.reactor.ReactorAutoConfiguration' via constructor to bean named 'spring.reactor-org.springframework.boot.autoconfigure.reactor.ReactorProperties'
2024-06-12T14:28:36.482+03:00 DEBUG 12012 --- [URL Shortener] [           main] o.s.b.f.s.DefaultListableBeanFactory     : Creating shared instance of singleton bean 'org.springframework.boot.autoconfigure.security.servlet.SpringBootWebSecurityConfiguration'
2024-06-12T14:28:36.482+03:00 DEBUG 12012 --- [URL Shortener] [           main] o.s.b.f.s.DefaultListableBeanFactory     : Creating shared instance of singleton bean 'spring.security-org.springframework.boot.autoconfigure.security.SecurityProperties'
2024-06-12T14:28:36.484+03:00 DEBUG 12012 --- [URL Shortener] [           main] o.s.b.f.s.DefaultListableBeanFactory     : Creating shared instance of singleton bean 'org.springframework.boot.autoconfigure.security.servlet.SecurityFilterAutoConfiguration'
2024-06-12T14:28:36.485+03:00 DEBUG 12012 --- [URL Shortener] [           main] o.s.b.f.s.DefaultListableBeanFactory     : Creating shared instance of singleton bean 'securityFilterChainRegistration'
2024-06-12T14:28:36.486+03:00 DEBUG 12012 --- [URL Shortener] [           main] o.s.b.f.s.DefaultListableBeanFactory     : Autowiring by type from bean name 'securityFilterChainRegistration' via factory method to bean named 'spring.security-org.springframework.boot.autoconfigure.security.SecurityProperties'
2024-06-12T14:28:36.490+03:00 DEBUG 12012 --- [URL Shortener] [           main] o.s.b.f.s.DefaultListableBeanFactory     : Creating shared instance of singleton bean 'org.springframework.boot.autoconfigure.sql.init.SqlInitializationAutoConfiguration'
2024-06-12T14:28:36.490+03:00 DEBUG 12012 --- [URL Shortener] [           main] o.s.b.f.s.DefaultListableBeanFactory     : Creating shared instance of singleton bean 'org.springframework.boot.autoconfigure.task.TaskSchedulingConfigurations$ThreadPoolTaskSchedulerBuilderConfiguration'
2024-06-12T14:28:36.491+03:00 DEBUG 12012 --- [URL Shortener] [           main] o.s.b.f.s.DefaultListableBeanFactory     : Creating shared instance of singleton bean 'threadPoolTaskSchedulerBuilder'
2024-06-12T14:28:36.491+03:00 DEBUG 12012 --- [URL Shortener] [           main] o.s.b.f.s.DefaultListableBeanFactory     : Creating shared instance of singleton bean 'spring.task.scheduling-org.springframework.boot.autoconfigure.task.TaskSchedulingProperties'
2024-06-12T14:28:36.493+03:00 DEBUG 12012 --- [URL Shortener] [           main] o.s.b.f.s.DefaultListableBeanFactory     : Autowiring by type from bean name 'threadPoolTaskSchedulerBuilder' via factory method to bean named 'spring.task.scheduling-org.springframework.boot.autoconfigure.task.TaskSchedulingProperties'
2024-06-12T14:28:36.497+03:00 DEBUG 12012 --- [URL Shortener] [           main] o.s.b.f.s.DefaultListableBeanFactory     : Creating shared instance of singleton bean 'org.springframework.boot.autoconfigure.task.TaskSchedulingConfigurations$TaskSchedulerBuilderConfiguration'
2024-06-12T14:28:36.498+03:00 DEBUG 12012 --- [URL Shortener] [           main] o.s.b.f.s.DefaultListableBeanFactory     : Creating shared instance of singleton bean 'taskSchedulerBuilder'
2024-06-12T14:28:36.498+03:00 DEBUG 12012 --- [URL Shortener] [           main] o.s.b.f.s.DefaultListableBeanFactory     : Autowiring by type from bean name 'taskSchedulerBuilder' via factory method to bean named 'spring.task.scheduling-org.springframework.boot.autoconfigure.task.TaskSchedulingProperties'
2024-06-12T14:28:36.500+03:00 DEBUG 12012 --- [URL Shortener] [           main] o.s.b.f.s.DefaultListableBeanFactory     : Creating shared instance of singleton bean 'org.springframework.boot.autoconfigure.task.TaskSchedulingConfigurations$SimpleAsyncTaskSchedulerBuilderConfiguration'
2024-06-12T14:28:36.502+03:00 DEBUG 12012 --- [URL Shortener] [           main] o.s.b.f.s.DefaultListableBeanFactory     : Autowiring by type from bean name 'org.springframework.boot.autoconfigure.task.TaskSchedulingConfigurations$SimpleAsyncTaskSchedulerBuilderConfiguration' via constructor to bean named 'spring.task.scheduling-org.springframework.boot.autoconfigure.task.TaskSchedulingProperties'
2024-06-12T14:28:36.504+03:00 DEBUG 12012 --- [URL Shortener] [           main] o.s.b.f.s.DefaultListableBeanFactory     : Creating shared instance of singleton bean 'simpleAsyncTaskSchedulerBuilder'
2024-06-12T14:28:36.507+03:00 DEBUG 12012 --- [URL Shortener] [           main] o.s.b.f.s.DefaultListableBeanFactory     : Creating shared instance of singleton bean 'org.springframework.boot.autoconfigure.task.TaskSchedulingAutoConfiguration'
2024-06-12T14:28:36.508+03:00 DEBUG 12012 --- [URL Shortener] [           main] o.s.b.f.s.DefaultListableBeanFactory     : Creating shared instance of singleton bean 'org.springframework.boot.autoconfigure.jdbc.DataSourceTransactionManagerAutoConfiguration$JdbcTransactionManagerConfiguration'
2024-06-12T14:28:36.509+03:00 DEBUG 12012 --- [URL Shortener] [           main] o.s.b.f.s.DefaultListableBeanFactory     : Creating shared instance of singleton bean 'org.springframework.boot.autoconfigure.jdbc.DataSourceTransactionManagerAutoConfiguration'
2024-06-12T14:28:36.509+03:00 DEBUG 12012 --- [URL Shortener] [           main] o.s.b.f.s.DefaultListableBeanFactory     : Creating shared instance of singleton bean 'org.springframework.boot.autoconfigure.transaction.TransactionAutoConfiguration$EnableTransactionManagementConfiguration$CglibAutoProxyConfiguration'
2024-06-12T14:28:36.510+03:00 DEBUG 12012 --- [URL Shortener] [           main] o.s.b.f.s.DefaultListableBeanFactory     : Creating shared instance of singleton bean 'org.springframework.boot.autoconfigure.transaction.TransactionAutoConfiguration$EnableTransactionManagementConfiguration'
2024-06-12T14:28:36.510+03:00 DEBUG 12012 --- [URL Shortener] [           main] o.s.b.f.s.DefaultListableBeanFactory     : Creating shared instance of singleton bean 'org.springframework.boot.autoconfigure.transaction.TransactionAutoConfiguration$TransactionTemplateConfiguration'
2024-06-12T14:28:36.511+03:00 DEBUG 12012 --- [URL Shortener] [           main] o.s.b.f.s.DefaultListableBeanFactory     : Creating shared instance of singleton bean 'transactionTemplate'
2024-06-12T14:28:36.512+03:00 DEBUG 12012 --- [URL Shortener] [           main] o.s.b.f.s.DefaultListableBeanFactory     : Autowiring by type from bean name 'transactionTemplate' via factory method to bean named 'transactionManager'
2024-06-12T14:28:36.514+03:00 DEBUG 12012 --- [URL Shortener] [           main] o.s.b.f.s.DefaultListableBeanFactory     : Creating shared instance of singleton bean 'org.springframework.boot.autoconfigure.transaction.TransactionAutoConfiguration'
2024-06-12T14:28:36.515+03:00 DEBUG 12012 --- [URL Shortener] [           main] o.s.b.f.s.DefaultListableBeanFactory     : Creating shared instance of singleton bean 'org.springframework.boot.autoconfigure.web.client.RestClientAutoConfiguration'
2024-06-12T14:28:36.516+03:00 DEBUG 12012 --- [URL Shortener] [           main] o.s.b.f.s.DefaultListableBeanFactory     : Creating shared instance of singleton bean 'httpMessageConvertersRestClientCustomizer'
2024-06-12T14:28:36.517+03:00 DEBUG 12012 --- [URL Shortener] [           main] o.s.b.f.s.DefaultListableBeanFactory     : Creating shared instance of singleton bean 'restClientSsl'
2024-06-12T14:28:36.517+03:00 DEBUG 12012 --- [URL Shortener] [           main] o.s.b.f.s.DefaultListableBeanFactory     : Autowiring by type from bean name 'restClientSsl' via factory method to bean named 'sslBundleRegistry'
2024-06-12T14:28:36.518+03:00 DEBUG 12012 --- [URL Shortener] [           main] o.s.b.f.s.DefaultListableBeanFactory     : Creating shared instance of singleton bean 'restClientBuilderConfigurer'
2024-06-12T14:28:36.519+03:00 DEBUG 12012 --- [URL Shortener] [           main] o.s.b.f.s.DefaultListableBeanFactory     : Creating shared instance of singleton bean 'org.springframework.boot.autoconfigure.web.client.RestTemplateAutoConfiguration'
2024-06-12T14:28:36.520+03:00 DEBUG 12012 --- [URL Shortener] [           main] o.s.b.f.s.DefaultListableBeanFactory     : Creating shared instance of singleton bean 'characterEncodingFilter'
2024-06-12T14:28:36.522+03:00 DEBUG 12012 --- [URL Shortener] [           main] o.s.b.f.s.DefaultListableBeanFactory     : Creating shared instance of singleton bean 'multipartResolver'
2024-06-12T14:28:36.538+03:00 DEBUG 12012 --- [URL Shortener] [           main] o.s.c.support.DefaultLifecycleProcessor  : Starting beans in phase -2147483647
2024-06-12T14:28:36.539+03:00 DEBUG 12012 --- [URL Shortener] [           main] o.s.c.support.DefaultLifecycleProcessor  : Successfully started bean 'springBootLoggingLifecycle'
2024-06-12T14:28:36.539+03:00 DEBUG 12012 --- [URL Shortener] [           main] o.s.c.support.DefaultLifecycleProcessor  : Starting beans in phase 0
2024-06-12T14:28:36.539+03:00 DEBUG 12012 --- [URL Shortener] [           main] o.s.c.support.DefaultLifecycleProcessor  : Starting beans in phase 2147483647
2024-06-12T14:28:36.546+03:00 DEBUG 12012 --- [URL Shortener] [           main] .s.b.a.l.ConditionEvaluationReportLogger : 


============================
CONDITIONS EVALUATION REPORT
============================


Positive matches:
-----------------

   AopAutoConfiguration matched:
      - @ConditionalOnProperty (spring.aop.auto=true) matched (OnPropertyCondition)

   AopAutoConfiguration.AspectJAutoProxyingConfiguration matched:
      - @ConditionalOnClass found required class 'org.aspectj.weaver.Advice' (OnClassCondition)

   AopAutoConfiguration.AspectJAutoProxyingConfiguration.CglibAutoProxyConfiguration matched:
      - @ConditionalOnProperty (spring.aop.proxy-target-class=true) matched (OnPropertyCondition)

   ApplicationAvailabilityAutoConfiguration#applicationAvailability matched:
      - @ConditionalOnMissingBean (types: org.springframework.boot.availability.ApplicationAvailability; SearchStrategy: all) did not find any beans (OnBeanCondition)

   CacheAutoConfiguration matched:
      - @ConditionalOnClass found required class 'org.springframework.cache.CacheManager' (OnClassCondition)
      - @ConditionalOnBean (types: org.springframework.cache.interceptor.CacheAspectSupport; SearchStrategy: all) found bean 'cacheInterceptor'; @ConditionalOnMissingBean (names: cacheResolver types: org.springframework.cache.CacheManager; SearchStrategy: all) did not find any beans (OnBeanCondition)

   CacheAutoConfiguration#cacheManagerCustomizers matched:
      - @ConditionalOnMissingBean (types: org.springframework.boot.autoconfigure.cache.CacheManagerCustomizers; SearchStrategy: all) did not find any beans (OnBeanCondition)

   CacheAutoConfiguration.CacheManagerEntityManagerFactoryDependsOnPostProcessor matched:
      - @ConditionalOnClass found required class 'org.springframework.orm.jpa.LocalContainerEntityManagerFactoryBean' (OnClassCondition)
      - @ConditionalOnBean (types: org.springframework.orm.jpa.AbstractEntityManagerFactoryBean; SearchStrategy: all) found bean '&entityManagerFactory' (OnBeanCondition)

   DataSourceAutoConfiguration matched:
      - @ConditionalOnClass found required classes 'javax.sql.DataSource', 'org.springframework.jdbc.datasource.embedded.EmbeddedDatabaseType' (OnClassCondition)
      - @ConditionalOnMissingBean (types: io.r2dbc.spi.ConnectionFactory; SearchStrategy: all) did not find any beans (OnBeanCondition)

   DataSourceAutoConfiguration.PooledDataSourceConfiguration matched:
      - AnyNestedCondition 1 matched 1 did not; NestedCondition on DataSourceAutoConfiguration.PooledDataSourceCondition.PooledDataSourceAvailable PooledDataSource found supported DataSource; NestedCondition on DataSourceAutoConfiguration.PooledDataSourceCondition.ExplicitType @ConditionalOnProperty (spring.datasource.type) did not find property 'type' (DataSourceAutoConfiguration.PooledDataSourceCondition)
      - @ConditionalOnMissingBean (types: javax.sql.DataSource,javax.sql.XADataSource; SearchStrategy: all) did not find any beans (OnBeanCondition)

   DataSourceAutoConfiguration.PooledDataSourceConfiguration#jdbcConnectionDetails matched:
      - @ConditionalOnMissingBean (types: org.springframework.boot.autoconfigure.jdbc.JdbcConnectionDetails; SearchStrategy: all) did not find any beans (OnBeanCondition)

   DataSourceConfiguration.Hikari matched:
      - @ConditionalOnClass found required class 'com.zaxxer.hikari.HikariDataSource' (OnClassCondition)
      - @ConditionalOnProperty (spring.datasource.type=com.zaxxer.hikari.HikariDataSource) matched (OnPropertyCondition)
      - @ConditionalOnMissingBean (types: javax.sql.DataSource; SearchStrategy: all) did not find any beans (OnBeanCondition)

   DataSourceInitializationConfiguration matched:
      - @ConditionalOnClass found required class 'org.springframework.jdbc.datasource.init.DatabasePopulator' (OnClassCondition)
      - @ConditionalOnSingleCandidate (types: javax.sql.DataSource; SearchStrategy: all) found a single bean 'dataSource'; @ConditionalOnMissingBean (types: org.springframework.boot.autoconfigure.sql.init.SqlDataSourceScriptDatabaseInitializer,org.springframework.boot.autoconfigure.sql.init.SqlR2dbcScriptDatabaseInitializer; SearchStrategy: all) did not find any beans (OnBeanCondition)

   DataSourcePoolMetadataProvidersConfiguration.HikariPoolDataSourceMetadataProviderConfiguration matched:
      - @ConditionalOnClass found required class 'com.zaxxer.hikari.HikariDataSource' (OnClassCondition)

   DataSourceTransactionManagerAutoConfiguration matched:
      - @ConditionalOnClass found required classes 'org.springframework.jdbc.core.JdbcTemplate', 'org.springframework.transaction.TransactionManager' (OnClassCondition)

   DataSourceTransactionManagerAutoConfiguration.JdbcTransactionManagerConfiguration matched:
      - @ConditionalOnSingleCandidate (types: javax.sql.DataSource; SearchStrategy: all) found a single bean 'dataSource' (OnBeanCondition)

   DispatcherServletAutoConfiguration matched:
      - @ConditionalOnClass found required class 'org.springframework.web.servlet.DispatcherServlet' (OnClassCondition)
      - found 'session' scope (OnWebApplicationCondition)

   DispatcherServletAutoConfiguration.DispatcherServletConfiguration matched:
      - @ConditionalOnClass found required class 'jakarta.servlet.ServletRegistration' (OnClassCondition)
      - Default DispatcherServlet did not find dispatcher servlet beans (DispatcherServletAutoConfiguration.DefaultDispatcherServletCondition)

   DispatcherServletAutoConfiguration.DispatcherServletRegistrationConfiguration matched:
      - @ConditionalOnClass found required class 'jakarta.servlet.ServletRegistration' (OnClassCondition)
      - DispatcherServlet Registration did not find servlet registration bean (DispatcherServletAutoConfiguration.DispatcherServletRegistrationCondition)

   DispatcherServletAutoConfiguration.DispatcherServletRegistrationConfiguration#dispatcherServletRegistration matched:
      - @ConditionalOnBean (names: dispatcherServlet types: org.springframework.web.servlet.DispatcherServlet; SearchStrategy: all) found bean 'dispatcherServlet' (OnBeanCondition)

   ErrorMvcAutoConfiguration matched:
      - @ConditionalOnClass found required classes 'jakarta.servlet.Servlet', 'org.springframework.web.servlet.DispatcherServlet' (OnClassCondition)
      - found 'session' scope (OnWebApplicationCondition)

   ErrorMvcAutoConfiguration#basicErrorController matched:
      - @ConditionalOnMissingBean (types: org.springframework.boot.web.servlet.error.ErrorController; SearchStrategy: current) did not find any beans (OnBeanCondition)

   ErrorMvcAutoConfiguration#errorAttributes matched:
      - @ConditionalOnMissingBean (types: org.springframework.boot.web.servlet.error.ErrorAttributes; SearchStrategy: current) did not find any beans (OnBeanCondition)

   ErrorMvcAutoConfiguration.DefaultErrorViewResolverConfiguration#conventionErrorViewResolver matched:
      - @ConditionalOnBean (types: org.springframework.web.servlet.DispatcherServlet; SearchStrategy: all) found bean 'dispatcherServlet'; @ConditionalOnMissingBean (types: org.springframework.boot.autoconfigure.web.servlet.error.ErrorViewResolver; SearchStrategy: all) did not find any beans (OnBeanCondition)

   ErrorMvcAutoConfiguration.WhitelabelErrorViewConfiguration matched:
      - @ConditionalOnProperty (server.error.whitelabel.enabled) matched (OnPropertyCondition)
      - ErrorTemplate Missing did not find error template view (ErrorMvcAutoConfiguration.ErrorTemplateMissingCondition)

   ErrorMvcAutoConfiguration.WhitelabelErrorViewConfiguration#beanNameViewResolver matched:
      - @ConditionalOnMissingBean (types: org.springframework.web.servlet.view.BeanNameViewResolver; SearchStrategy: all) did not find any beans (OnBeanCondition)

   ErrorMvcAutoConfiguration.WhitelabelErrorViewConfiguration#defaultErrorView matched:
      - @ConditionalOnMissingBean (names: error; SearchStrategy: all) did not find any beans (OnBeanCondition)

   FlywayAutoConfiguration matched:
      - @ConditionalOnClass found required class 'org.flywaydb.core.Flyway' (OnClassCondition)
      - @ConditionalOnProperty (spring.flyway.enabled) matched (OnPropertyCondition)
      - AnyNestedCondition 3 matched 0 did not; NestedCondition on FlywayAutoConfiguration.FlywayDataSourceCondition.FlywayUrlCondition @ConditionalOnProperty (spring.flyway.url) matched; NestedCondition on FlywayAutoConfiguration.FlywayDataSourceCondition.JdbcConnectionDetailsCondition @ConditionalOnBean (types: org.springframework.boot.autoconfigure.jdbc.JdbcConnectionDetails; SearchStrategy: all) found bean 'jdbcConnectionDetails'; NestedCondition on FlywayAutoConfiguration.FlywayDataSourceCondition.DataSourceBeanCondition @ConditionalOnBean (types: javax.sql.DataSource; SearchStrategy: all) found bean 'dataSource' (FlywayAutoConfiguration.FlywayDataSourceCondition)

   FlywayAutoConfiguration.FlywayConfiguration matched:
      - @ConditionalOnClass found required class 'org.springframework.jdbc.support.JdbcUtils' (OnClassCondition)
      - @ConditionalOnMissingBean (types: org.flywaydb.core.Flyway; SearchStrategy: all) did not find any beans (OnBeanCondition)

   FlywayAutoConfiguration.FlywayConfiguration#flywayConnectionDetails matched:
      - @ConditionalOnMissingBean (types: org.springframework.boot.autoconfigure.flyway.FlywayConnectionDetails; SearchStrategy: all) did not find any beans (OnBeanCondition)

   FlywayAutoConfiguration.FlywayConfiguration#flywayInitializer matched:
      - @ConditionalOnMissingBean (types: org.springframework.boot.autoconfigure.flyway.FlywayMigrationInitializer; SearchStrategy: all) did not find any beans (OnBeanCondition)

   FlywayAutoConfiguration.FlywayConfiguration#postgresqlFlywayConfigurationCustomizer matched:
      - @ConditionalOnClass found required class 'org.flywaydb.database.postgresql.PostgreSQLConfigurationExtension' (OnClassCondition)

   GsonAutoConfiguration matched:
      - @ConditionalOnClass found required class 'com.google.gson.Gson' (OnClassCondition)

   GsonAutoConfiguration#gson matched:
      - @ConditionalOnMissingBean (types: com.google.gson.Gson; SearchStrategy: all) did not find any beans (OnBeanCondition)

   GsonAutoConfiguration#gsonBuilder matched:
      - @ConditionalOnMissingBean (types: com.google.gson.GsonBuilder; SearchStrategy: all) did not find any beans (OnBeanCondition)

   GsonHttpMessageConvertersConfiguration matched:
      - @ConditionalOnClass found required class 'com.google.gson.Gson' (OnClassCondition)

   HibernateJpaAutoConfiguration matched:
      - @ConditionalOnClass found required classes 'org.springframework.orm.jpa.LocalContainerEntityManagerFactoryBean', 'jakarta.persistence.EntityManager', 'org.hibernate.engine.spi.SessionImplementor' (OnClassCondition)

   HibernateJpaConfiguration matched:
      - @ConditionalOnSingleCandidate (types: javax.sql.DataSource; SearchStrategy: all) found a single bean 'dataSource' (OnBeanCondition)

   HttpEncodingAutoConfiguration matched:
      - @ConditionalOnClass found required class 'org.springframework.web.filter.CharacterEncodingFilter' (OnClassCondition)
      - found 'session' scope (OnWebApplicationCondition)
      - @ConditionalOnProperty (server.servlet.encoding.enabled) matched (OnPropertyCondition)

   HttpEncodingAutoConfiguration#characterEncodingFilter matched:
      - @ConditionalOnMissingBean (types: org.springframework.web.filter.CharacterEncodingFilter; SearchStrategy: all) did not find any beans (OnBeanCondition)

   HttpMessageConvertersAutoConfiguration matched:
      - @ConditionalOnClass found required class 'org.springframework.http.converter.HttpMessageConverter' (OnClassCondition)
      - NoneNestedConditions 0 matched 1 did not; NestedCondition on HttpMessageConvertersAutoConfiguration.NotReactiveWebApplicationCondition.ReactiveWebApplication did not find reactive web application classes (HttpMessageConvertersAutoConfiguration.NotReactiveWebApplicationCondition)

   HttpMessageConvertersAutoConfiguration#messageConverters matched:
      - @ConditionalOnMissingBean (types: org.springframework.boot.autoconfigure.http.HttpMessageConverters; SearchStrategy: all) did not find any beans (OnBeanCondition)

   HttpMessageConvertersAutoConfiguration.StringHttpMessageConverterConfiguration matched:
      - @ConditionalOnClass found required class 'org.springframework.http.converter.StringHttpMessageConverter' (OnClassCondition)

   HttpMessageConvertersAutoConfiguration.StringHttpMessageConverterConfiguration#stringHttpMessageConverter matched:
      - @ConditionalOnMissingBean (types: org.springframework.http.converter.StringHttpMessageConverter; SearchStrategy: all) did not find any beans (OnBeanCondition)

   JacksonAutoConfiguration matched:
      - @ConditionalOnClass found required class 'com.fasterxml.jackson.databind.ObjectMapper' (OnClassCondition)

   JacksonAutoConfiguration.Jackson2ObjectMapperBuilderCustomizerConfiguration matched:
      - @ConditionalOnClass found required class 'org.springframework.http.converter.json.Jackson2ObjectMapperBuilder' (OnClassCondition)

   JacksonAutoConfiguration.JacksonObjectMapperBuilderConfiguration matched:
      - @ConditionalOnClass found required class 'org.springframework.http.converter.json.Jackson2ObjectMapperBuilder' (OnClassCondition)

   JacksonAutoConfiguration.JacksonObjectMapperBuilderConfiguration#jacksonObjectMapperBuilder matched:
      - @ConditionalOnMissingBean (types: org.springframework.http.converter.json.Jackson2ObjectMapperBuilder; SearchStrategy: all) did not find any beans (OnBeanCondition)

   JacksonAutoConfiguration.JacksonObjectMapperConfiguration matched:
      - @ConditionalOnClass found required class 'org.springframework.http.converter.json.Jackson2ObjectMapperBuilder' (OnClassCondition)

   JacksonAutoConfiguration.JacksonObjectMapperConfiguration#jacksonObjectMapper matched:
      - @ConditionalOnMissingBean (types: com.fasterxml.jackson.databind.ObjectMapper; SearchStrategy: all) did not find any beans (OnBeanCondition)

   JacksonAutoConfiguration.ParameterNamesModuleConfiguration matched:
      - @ConditionalOnClass found required class 'com.fasterxml.jackson.module.paramnames.ParameterNamesModule' (OnClassCondition)

   JacksonAutoConfiguration.ParameterNamesModuleConfiguration#parameterNamesModule matched:
      - @ConditionalOnMissingBean (types: com.fasterxml.jackson.module.paramnames.ParameterNamesModule; SearchStrategy: all) did not find any beans (OnBeanCondition)

   JacksonHttpMessageConvertersConfiguration.MappingJackson2HttpMessageConverterConfiguration matched:
      - @ConditionalOnClass found required class 'com.fasterxml.jackson.databind.ObjectMapper' (OnClassCondition)
      - @ConditionalOnProperty (spring.mvc.converters.preferred-json-mapper=jackson) matched (OnPropertyCondition)
      - @ConditionalOnBean (types: com.fasterxml.jackson.databind.ObjectMapper; SearchStrategy: all) found bean 'jacksonObjectMapper' (OnBeanCondition)

   JacksonHttpMessageConvertersConfiguration.MappingJackson2HttpMessageConverterConfiguration#mappingJackson2HttpMessageConverter matched:
      - @ConditionalOnMissingBean (types: org.springframework.http.converter.json.MappingJackson2HttpMessageConverter ignored: org.springframework.hateoas.server.mvc.TypeConstrainedMappingJackson2HttpMessageConverter,org.springframework.data.rest.webmvc.alps.AlpsJsonHttpMessageConverter; SearchStrategy: all) did not find any beans (OnBeanCondition)

   JdbcClientAutoConfiguration matched:
      - @ConditionalOnSingleCandidate (types: org.springframework.jdbc.core.namedparam.NamedParameterJdbcTemplate; SearchStrategy: all) found a single bean 'namedParameterJdbcTemplate'; @ConditionalOnMissingBean (types: org.springframework.jdbc.core.simple.JdbcClient; SearchStrategy: all) did not find any beans (OnBeanCondition)

   JdbcTemplateAutoConfiguration matched:
      - @ConditionalOnClass found required classes 'javax.sql.DataSource', 'org.springframework.jdbc.core.JdbcTemplate' (OnClassCondition)
      - @ConditionalOnSingleCandidate (types: javax.sql.DataSource; SearchStrategy: all) found a single bean 'dataSource' (OnBeanCondition)

   JdbcTemplateConfiguration matched:
      - @ConditionalOnMissingBean (types: org.springframework.jdbc.core.JdbcOperations; SearchStrategy: all) did not find any beans (OnBeanCondition)

   JpaBaseConfiguration#entityManagerFactory matched:
      - @ConditionalOnMissingBean (types: org.springframework.orm.jpa.LocalContainerEntityManagerFactoryBean,jakarta.persistence.EntityManagerFactory; SearchStrategy: all) did not find any beans (OnBeanCondition)

   JpaBaseConfiguration#entityManagerFactoryBuilder matched:
      - @ConditionalOnMissingBean (types: org.springframework.boot.orm.jpa.EntityManagerFactoryBuilder; SearchStrategy: all) did not find any beans (OnBeanCondition)

   JpaBaseConfiguration#jpaVendorAdapter matched:
      - @ConditionalOnMissingBean (types: org.springframework.orm.jpa.JpaVendorAdapter; SearchStrategy: all) did not find any beans (OnBeanCondition)

   JpaBaseConfiguration#transactionManager matched:
      - @ConditionalOnMissingBean (types: org.springframework.transaction.TransactionManager; SearchStrategy: all) did not find any beans (OnBeanCondition)

   JpaBaseConfiguration.JpaWebConfiguration matched:
      - @ConditionalOnClass found required class 'org.springframework.web.servlet.config.annotation.WebMvcConfigurer' (OnClassCondition)
      - found 'session' scope (OnWebApplicationCondition)
      - @ConditionalOnProperty (spring.jpa.open-in-view=true) matched (OnPropertyCondition)
      - @ConditionalOnMissingBean (types: org.springframework.orm.jpa.support.OpenEntityManagerInViewInterceptor,org.springframework.orm.jpa.support.OpenEntityManagerInViewFilter; SearchStrategy: all) did not find any beans (OnBeanCondition)

   JpaBaseConfiguration.PersistenceManagedTypesConfiguration matched:
      - @ConditionalOnMissingBean (types: org.springframework.orm.jpa.LocalContainerEntityManagerFactoryBean,jakarta.persistence.EntityManagerFactory; SearchStrategy: all) did not find any beans (OnBeanCondition)

   JpaBaseConfiguration.PersistenceManagedTypesConfiguration#persistenceManagedTypes matched:
      - @ConditionalOnMissingBean (types: org.springframework.orm.jpa.persistenceunit.PersistenceManagedTypes; SearchStrategy: all) did not find any beans (OnBeanCondition)

   JpaRepositoriesAutoConfiguration matched:
      - @ConditionalOnClass found required class 'org.springframework.data.jpa.repository.JpaRepository' (OnClassCondition)
      - @ConditionalOnProperty (spring.data.jpa.repositories.enabled=true) matched (OnPropertyCondition)
      - @ConditionalOnBean (types: javax.sql.DataSource; SearchStrategy: all) found bean 'dataSource'; @ConditionalOnMissingBean (types: org.springframework.data.jpa.repository.support.JpaRepositoryFactoryBean,org.springframework.data.jpa.repository.config.JpaRepositoryConfigExtension; SearchStrategy: all) did not find any beans (OnBeanCondition)

   JtaAutoConfiguration matched:
      - @ConditionalOnClass found required class 'jakarta.transaction.Transaction' (OnClassCondition)
      - @ConditionalOnProperty (spring.jta.enabled) matched (OnPropertyCondition)

   LettuceConnectionConfiguration matched:
      - @ConditionalOnClass found required class 'io.lettuce.core.RedisClient' (OnClassCondition)
      - @ConditionalOnProperty (spring.data.redis.client-type=lettuce) matched (OnPropertyCondition)

   LettuceConnectionConfiguration#lettuceClientResources matched:
      - @ConditionalOnMissingBean (types: io.lettuce.core.resource.ClientResources; SearchStrategy: all) did not find any beans (OnBeanCondition)

   LettuceConnectionConfiguration#redisConnectionFactory matched:
      - @ConditionalOnMissingBean (types: org.springframework.data.redis.connection.RedisConnectionFactory; SearchStrategy: all) did not find any beans (OnBeanCondition)
      - @ConditionalOnThreading found PLATFORM (OnThreadingCondition)

   LifecycleAutoConfiguration#defaultLifecycleProcessor matched:
      - @ConditionalOnMissingBean (names: lifecycleProcessor; SearchStrategy: current) did not find any beans (OnBeanCondition)

   MultipartAutoConfiguration matched:
      - @ConditionalOnClass found required classes 'jakarta.servlet.Servlet', 'org.springframework.web.multipart.support.StandardServletMultipartResolver', 'jakarta.servlet.MultipartConfigElement' (OnClassCondition)
      - found 'session' scope (OnWebApplicationCondition)
      - @ConditionalOnProperty (spring.servlet.multipart.enabled) matched (OnPropertyCondition)

   MultipartAutoConfiguration#multipartConfigElement matched:
      - @ConditionalOnMissingBean (types: jakarta.servlet.MultipartConfigElement; SearchStrategy: all) did not find any beans (OnBeanCondition)

   MultipartAutoConfiguration#multipartResolver matched:
      - @ConditionalOnMissingBean (types: org.springframework.web.multipart.MultipartResolver; SearchStrategy: all) did not find any beans (OnBeanCondition)

   NamedParameterJdbcTemplateConfiguration matched:
      - @ConditionalOnSingleCandidate (types: org.springframework.jdbc.core.JdbcTemplate; SearchStrategy: all) found a single bean 'jdbcTemplate'; @ConditionalOnMissingBean (types: org.springframework.jdbc.core.namedparam.NamedParameterJdbcOperations; SearchStrategy: all) did not find any beans (OnBeanCondition)

   NettyAutoConfiguration matched:
      - @ConditionalOnClass found required class 'io.netty.util.NettyRuntime' (OnClassCondition)

   PersistenceExceptionTranslationAutoConfiguration matched:
      - @ConditionalOnClass found required class 'org.springframework.dao.annotation.PersistenceExceptionTranslationPostProcessor' (OnClassCondition)

   PersistenceExceptionTranslationAutoConfiguration#persistenceExceptionTranslationPostProcessor matched:
      - @ConditionalOnProperty (spring.dao.exceptiontranslation.enabled) matched (OnPropertyCondition)
      - @ConditionalOnMissingBean (types: org.springframework.dao.annotation.PersistenceExceptionTranslationPostProcessor; SearchStrategy: all) did not find any beans (OnBeanCondition)

   PropertyPlaceholderAutoConfiguration#propertySourcesPlaceholderConfigurer matched:
      - @ConditionalOnMissingBean (types: org.springframework.context.support.PropertySourcesPlaceholderConfigurer; SearchStrategy: current) did not find any beans (OnBeanCondition)

   ReactorAutoConfiguration matched:
      - @ConditionalOnClass found required class 'reactor.core.publisher.Hooks' (OnClassCondition)

   RedisAutoConfiguration matched:
      - @ConditionalOnClass found required class 'org.springframework.data.redis.core.RedisOperations' (OnClassCondition)

   RedisAutoConfiguration#redisConnectionDetails matched:
      - @ConditionalOnMissingBean (types: org.springframework.boot.autoconfigure.data.redis.RedisConnectionDetails; SearchStrategy: all) did not find any beans (OnBeanCondition)

   RedisAutoConfiguration#redisTemplate matched:
      - @ConditionalOnSingleCandidate (types: org.springframework.data.redis.connection.RedisConnectionFactory; SearchStrategy: all) found a single bean 'redisConnectionFactory'; @ConditionalOnMissingBean (names: redisTemplate; SearchStrategy: all) did not find any beans (OnBeanCondition)

   RedisAutoConfiguration#stringRedisTemplate matched:
      - @ConditionalOnSingleCandidate (types: org.springframework.data.redis.connection.RedisConnectionFactory; SearchStrategy: all) found a single bean 'redisConnectionFactory'; @ConditionalOnMissingBean (types: org.springframework.data.redis.core.StringRedisTemplate; SearchStrategy: all) did not find any beans (OnBeanCondition)

   RedisCacheConfiguration matched:
      - @ConditionalOnClass found required class 'org.springframework.data.redis.connection.RedisConnectionFactory' (OnClassCondition)
      - Cache org.springframework.boot.autoconfigure.cache.RedisCacheConfiguration automatic cache type (CacheCondition)
      - @ConditionalOnBean (types: org.springframework.data.redis.connection.RedisConnectionFactory; SearchStrategy: all) found bean 'redisConnectionFactory'; @ConditionalOnMissingBean (types: org.springframework.cache.CacheManager; SearchStrategy: all) did not find any beans (OnBeanCondition)

   RedisReactiveAutoConfiguration matched:
      - @ConditionalOnClass found required classes 'org.springframework.data.redis.connection.ReactiveRedisConnectionFactory', 'org.springframework.data.redis.core.ReactiveRedisTemplate', 'reactor.core.publisher.Flux' (OnClassCondition)

   RedisReactiveAutoConfiguration#reactiveRedisTemplate matched:
      - @ConditionalOnBean (types: org.springframework.data.redis.connection.ReactiveRedisConnectionFactory; SearchStrategy: all) found bean 'redisConnectionFactory'; @ConditionalOnMissingBean (names: reactiveRedisTemplate; SearchStrategy: all) did not find any beans (OnBeanCondition)

   RedisReactiveAutoConfiguration#reactiveStringRedisTemplate matched:
      - @ConditionalOnBean (types: org.springframework.data.redis.connection.ReactiveRedisConnectionFactory; SearchStrategy: all) found bean 'redisConnectionFactory'; @ConditionalOnMissingBean (names: reactiveStringRedisTemplate; SearchStrategy: all) did not find any beans (OnBeanCondition)

   RedisRepositoriesAutoConfiguration matched:
      - @ConditionalOnClass found required class 'org.springframework.data.redis.repository.configuration.EnableRedisRepositories' (OnClassCondition)
      - @ConditionalOnProperty (spring.data.redis.repositories.enabled=true) matched (OnPropertyCondition)
      - @ConditionalOnBean (types: org.springframework.data.redis.connection.RedisConnectionFactory; SearchStrategy: all) found bean 'redisConnectionFactory'; @ConditionalOnMissingBean (types: org.springframework.data.redis.repository.support.RedisRepositoryFactoryBean; SearchStrategy: all) did not find any beans (OnBeanCondition)

   RestClientAutoConfiguration matched:
      - @ConditionalOnClass found required class 'org.springframework.web.client.RestClient' (OnClassCondition)
      - NoneNestedConditions 0 matched 1 did not; NestedCondition on NotReactiveWebApplicationCondition.ReactiveWebApplication did not find reactive web application classes (NotReactiveWebApplicationCondition)

   RestClientAutoConfiguration#httpMessageConvertersRestClientCustomizer matched:
      - @ConditionalOnMissingBean (types: org.springframework.boot.autoconfigure.web.client.HttpMessageConvertersRestClientCustomizer; SearchStrategy: all) did not find any beans (OnBeanCondition)

   RestClientAutoConfiguration#restClientBuilder matched:
      - @ConditionalOnMissingBean (types: org.springframework.web.client.RestClient$Builder; SearchStrategy: all) did not find any beans (OnBeanCondition)

   RestClientAutoConfiguration#restClientBuilderConfigurer matched:
      - @ConditionalOnMissingBean (types: org.springframework.boot.autoconfigure.web.client.RestClientBuilderConfigurer; SearchStrategy: all) did not find any beans (OnBeanCondition)

   RestClientAutoConfiguration#restClientSsl matched:
      - @ConditionalOnBean (types: org.springframework.boot.ssl.SslBundles; SearchStrategy: all) found bean 'sslBundleRegistry'; @ConditionalOnMissingBean (types: org.springframework.boot.autoconfigure.web.client.RestClientSsl; SearchStrategy: all) did not find any beans (OnBeanCondition)

   RestTemplateAutoConfiguration matched:
      - @ConditionalOnClass found required class 'org.springframework.web.client.RestTemplate' (OnClassCondition)
      - NoneNestedConditions 0 matched 1 did not; NestedCondition on NotReactiveWebApplicationCondition.ReactiveWebApplication did not find reactive web application classes (NotReactiveWebApplicationCondition)

   RestTemplateAutoConfiguration#restTemplateBuilder matched:
      - @ConditionalOnMissingBean (types: org.springframework.boot.web.client.RestTemplateBuilder; SearchStrategy: all) did not find any beans (OnBeanCondition)

   SecurityAutoConfiguration matched:
      - @ConditionalOnClass found required class 'org.springframework.security.authentication.DefaultAuthenticationEventPublisher' (OnClassCondition)

   SecurityAutoConfiguration#authenticationEventPublisher matched:
      - @ConditionalOnMissingBean (types: org.springframework.security.authentication.AuthenticationEventPublisher; SearchStrategy: all) did not find any beans (OnBeanCondition)

   SecurityFilterAutoConfiguration matched:
      - @ConditionalOnClass found required classes 'org.springframework.security.web.context.AbstractSecurityWebApplicationInitializer', 'org.springframework.security.config.http.SessionCreationPolicy' (OnClassCondition)
      - found 'session' scope (OnWebApplicationCondition)

   SecurityFilterAutoConfiguration#securityFilterChainRegistration matched:
      - @ConditionalOnBean (names: springSecurityFilterChain; SearchStrategy: all) found bean 'springSecurityFilterChain' (OnBeanCondition)

   ServletWebServerFactoryAutoConfiguration matched:
      - @ConditionalOnClass found required class 'jakarta.servlet.ServletRequest' (OnClassCondition)
      - found 'session' scope (OnWebApplicationCondition)

   ServletWebServerFactoryAutoConfiguration#tomcatServletWebServerFactoryCustomizer matched:
      - @ConditionalOnClass found required class 'org.apache.catalina.startup.Tomcat' (OnClassCondition)

   ServletWebServerFactoryConfiguration.EmbeddedTomcat matched:
      - @ConditionalOnClass found required classes 'jakarta.servlet.Servlet', 'org.apache.catalina.startup.Tomcat', 'org.apache.coyote.UpgradeProtocol' (OnClassCondition)
      - @ConditionalOnMissingBean (types: org.springframework.boot.web.servlet.server.ServletWebServerFactory; SearchStrategy: current) did not find any beans (OnBeanCondition)

   SpringBootWebSecurityConfiguration matched:
      - found 'session' scope (OnWebApplicationCondition)

   SpringDataWebAutoConfiguration matched:
      - @ConditionalOnClass found required classes 'org.springframework.data.web.PageableHandlerMethodArgumentResolver', 'org.springframework.web.servlet.config.annotation.WebMvcConfigurer' (OnClassCondition)
      - found 'session' scope (OnWebApplicationCondition)
      - @ConditionalOnMissingBean (types: org.springframework.data.web.PageableHandlerMethodArgumentResolver; SearchStrategy: all) did not find any beans (OnBeanCondition)

   SpringDataWebAutoConfiguration#pageableCustomizer matched:
      - @ConditionalOnMissingBean (types: org.springframework.data.web.config.PageableHandlerMethodArgumentResolverCustomizer; SearchStrategy: all) did not find any beans (OnBeanCondition)

   SpringDataWebAutoConfiguration#sortCustomizer matched:
      - @ConditionalOnMissingBean (types: org.springframework.data.web.config.SortHandlerMethodArgumentResolverCustomizer; SearchStrategy: all) did not find any beans (OnBeanCondition)

   SpringDocConfigProperties matched:
      - @ConditionalOnProperty (springdoc.api-docs.enabled) matched (OnPropertyCondition)
      - @ConditionalOnBean (types: org.springdoc.core.configuration.SpringDocConfiguration; SearchStrategy: all) found bean 'org.springdoc.core.configuration.SpringDocConfiguration' (OnBeanCondition)

   SpringDocConfiguration matched:
      - @ConditionalOnWebApplication (required) found 'session' scope (OnWebApplicationCondition)
      - @ConditionalOnProperty (springdoc.api-docs.enabled) matched (OnPropertyCondition)

   SpringDocConfiguration#fileSupportConverter matched:
      - @ConditionalOnMissingBean (types: org.springdoc.core.converters.FileSupportConverter; SearchStrategy: all) did not find any beans (OnBeanCondition)

   SpringDocConfiguration#openAPIBuilder matched:
      - @ConditionalOnMissingBean (types: org.springdoc.core.service.OpenAPIService; SearchStrategy: all) did not find any beans (OnBeanCondition)

   SpringDocConfiguration#operationBuilder matched:
      - @ConditionalOnMissingBean (types: org.springdoc.core.service.OperationService; SearchStrategy: all) did not find any beans (OnBeanCondition)

   SpringDocConfiguration#parameterBuilder matched:
      - @ConditionalOnMissingBean (types: org.springdoc.core.service.GenericParameterService; SearchStrategy: all) did not find any beans (OnBeanCondition)

   SpringDocConfiguration#polymorphicModelConverter matched:
      - @ConditionalOnProperty (springdoc.model-converters.polymorphic-converter.enabled) matched (OnPropertyCondition)
      - @ConditionalOnMissingBean (types: org.springdoc.core.converters.PolymorphicModelConverter; SearchStrategy: all) did not find any beans (OnBeanCondition)

   SpringDocConfiguration#requestBodyBuilder matched:
      - @ConditionalOnMissingBean (types: org.springdoc.core.service.RequestBodyService; SearchStrategy: all) did not find any beans (OnBeanCondition)

   SpringDocConfiguration#responseSupportConverter matched:
      - @ConditionalOnMissingBean (types: org.springdoc.core.converters.ResponseSupportConverter; SearchStrategy: all) did not find any beans (OnBeanCondition)

   SpringDocConfiguration#schemaPropertyDeprecatingConverter matched:
      - @ConditionalOnProperty (springdoc.model-converters.deprecating-converter.enabled) matched (OnPropertyCondition)
      - @ConditionalOnMissingBean (types: org.springdoc.core.converters.SchemaPropertyDeprecatingConverter; SearchStrategy: all) did not find any beans (OnBeanCondition)

   SpringDocConfiguration#securityParser matched:
      - @ConditionalOnMissingBean (types: org.springdoc.core.service.SecurityService; SearchStrategy: all) did not find any beans (OnBeanCondition)

   SpringDocConfiguration#springDocCustomizers matched:
      - @ConditionalOnMissingBean (types: org.springdoc.core.customizers.SpringDocCustomizers; SearchStrategy: all) did not find any beans (OnBeanCondition)

   SpringDocConfiguration#springDocProviders matched:
      - @ConditionalOnMissingBean (types: org.springdoc.core.providers.SpringDocProviders; SearchStrategy: all) did not find any beans (OnBeanCondition)

   SpringDocConfiguration#springdocObjectMapperProvider matched:
      - @ConditionalOnMissingBean (types: org.springdoc.core.providers.ObjectMapperProvider; SearchStrategy: all) did not find any beans (OnBeanCondition)

   SpringDocConfiguration.QuerydslProvider matched:
      - @ConditionalOnClass found required class 'org.springframework.data.querydsl.binding.QuerydslBindingsFactory' (OnClassCondition)

   SpringDocConfiguration.QuerydslProvider#queryDslQuerydslPredicateOperationCustomizer matched:
      - @ConditionalOnMissingBean (types: org.springdoc.core.customizers.QuerydslPredicateOperationCustomizer; SearchStrategy: all) did not find any beans (OnBeanCondition)

   SpringDocConfiguration.SpringDocSpringDataWebPropertiesProvider matched:
      - @ConditionalOnClass found required class 'org.springframework.boot.autoconfigure.data.web.SpringDataWebProperties' (OnClassCondition)

   SpringDocConfiguration.SpringDocSpringDataWebPropertiesProvider#springDataWebPropertiesProvider matched:
      - @ConditionalOnMissingBean (types: org.springdoc.core.providers.SpringDataWebPropertiesProvider; SearchStrategy: all) did not find any beans (OnBeanCondition)

   SpringDocConfiguration.SpringDocWebFluxSupportConfiguration matched:
      - @ConditionalOnClass found required class 'reactor.core.publisher.Flux' (OnClassCondition)

   SpringDocConfiguration.SpringDocWebFluxSupportConfiguration#webFluxSupportConverter matched:
      - @ConditionalOnMissingBean (types: org.springdoc.core.converters.WebFluxSupportConverter; SearchStrategy: all) did not find any beans (OnBeanCondition)

   SpringDocConfiguration.WebConversionServiceConfiguration matched:
      - @ConditionalOnClass found required class 'org.springframework.boot.autoconfigure.web.format.WebConversionService' (OnClassCondition)

   SpringDocPageableConfiguration matched:
      - @ConditionalOnClass found required class 'org.springframework.data.domain.Pageable' (OnClassCondition)
      - @ConditionalOnWebApplication (required) found 'session' scope (OnWebApplicationCondition)
      - @ConditionalOnProperty (springdoc.api-docs.enabled) matched (OnPropertyCondition)
      - @ConditionalOnBean (types: org.springdoc.core.configuration.SpringDocConfiguration; SearchStrategy: all) found bean 'org.springdoc.core.configuration.SpringDocConfiguration' (OnBeanCondition)

   SpringDocPageableConfiguration#delegatingMethodParameterCustomizer matched:
      - @ConditionalOnMissingBean (types: org.springdoc.core.customizers.DelegatingMethodParameterCustomizer; SearchStrategy: all) did not find any beans (OnBeanCondition)

   SpringDocPageableConfiguration#pageableOpenAPIConverter matched:
      - @ConditionalOnProperty (springdoc.model-converters.pageable-converter.enabled) matched (OnPropertyCondition)
      - @ConditionalOnMissingBean (types: org.springdoc.core.converters.PageableOpenAPIConverter; SearchStrategy: all) did not find any beans (OnBeanCondition)

   SpringDocSecurityConfiguration matched:
      - @ConditionalOnClass found required class 'org.springframework.security.web.SecurityFilterChain' (OnClassCondition)
      - @ConditionalOnWebApplication (required) found 'session' scope (OnWebApplicationCondition)
      - @ConditionalOnExpression (#{${springdoc.api-docs.enabled:true} and ${springdoc.enable-spring-security:true}}) resulted in true (OnExpressionCondition)
      - @ConditionalOnBean (types: org.springdoc.core.configuration.SpringDocConfiguration; SearchStrategy: all) found bean 'org.springdoc.core.configuration.SpringDocConfiguration' (OnBeanCondition)

   SpringDocSecurityConfiguration.SpringSecurityLoginEndpointConfiguration matched:
      - @ConditionalOnClass found required class 'jakarta.servlet.Filter' (OnClassCondition)

   SpringDocSortConfiguration matched:
      - @ConditionalOnClass found required class 'org.springframework.data.domain.Sort' (OnClassCondition)
      - @ConditionalOnWebApplication (required) found 'session' scope (OnWebApplicationCondition)
      - @ConditionalOnProperty (springdoc.api-docs.enabled) matched (OnPropertyCondition)
      - @ConditionalOnBean (types: org.springdoc.core.configuration.SpringDocConfiguration; SearchStrategy: all) found bean 'org.springdoc.core.configuration.SpringDocConfiguration' (OnBeanCondition)

   SpringDocSortConfiguration#sortOpenAPIConverter matched:
      - @ConditionalOnProperty (springdoc.model-converters.sort-converter.enabled) matched (OnPropertyCondition)
      - @ConditionalOnMissingBean (types: org.springdoc.core.converters.SortOpenAPIConverter; SearchStrategy: all) did not find any beans (OnBeanCondition)

   SpringDocUIConfiguration matched:
      - @ConditionalOnWebApplication (required) found 'session' scope (OnWebApplicationCondition)
      - @ConditionalOnBean (types: org.springdoc.core.configuration.SpringDocConfiguration; SearchStrategy: all) found bean 'org.springdoc.core.configuration.SpringDocConfiguration' (OnBeanCondition)

   SpringDocWebMvcConfiguration matched:
      - found 'session' scope (OnWebApplicationCondition)
      - @ConditionalOnProperty (springdoc.api-docs.enabled) matched (OnPropertyCondition)
      - @ConditionalOnBean (types: org.springdoc.core.configuration.SpringDocConfiguration; SearchStrategy: all) found bean 'org.springdoc.core.configuration.SpringDocConfiguration' (OnBeanCondition)

   SpringDocWebMvcConfiguration#openApiResource matched:
      - @ConditionalOnProperty (springdoc.use-management-port=false) matched (OnPropertyCondition)
      - @ConditionalOnMissingBean (types: org.springdoc.webmvc.api.OpenApiWebMvcResource; SearchStrategy: all) did not find any beans (OnBeanCondition)

   SpringDocWebMvcConfiguration#requestBuilder matched:
      - @ConditionalOnMissingBean (types: org.springdoc.webmvc.core.service.RequestService; SearchStrategy: all) did not find any beans (OnBeanCondition)

   SpringDocWebMvcConfiguration#responseBuilder matched:
      - @ConditionalOnMissingBean (types: org.springdoc.core.service.GenericResponseService; SearchStrategy: all) did not find any beans (OnBeanCondition)

   SpringDocWebMvcConfiguration#springWebProvider matched:
      - @ConditionalOnMissingBean (types: org.springdoc.core.providers.SpringWebProvider; SearchStrategy: all) did not find any beans (OnBeanCondition)

   SpringDocWebMvcConfiguration.SpringDocWebMvcRouterConfiguration matched:
      - @ConditionalOnClass found required class 'org.springframework.web.servlet.function.RouterFunction' (OnClassCondition)

   SpringDocWebMvcConfiguration.SpringDocWebMvcRouterConfiguration#routerFunctionProvider matched:
      - @ConditionalOnMissingBean (types: org.springdoc.webmvc.core.providers.RouterFunctionWebMvcProvider; SearchStrategy: all) did not find any beans (OnBeanCondition)

   SqlInitializationAutoConfiguration matched:
      - @ConditionalOnProperty (spring.sql.init.enabled) matched (OnPropertyCondition)
      - NoneNestedConditions 0 matched 1 did not; NestedCondition on SqlInitializationAutoConfiguration.SqlInitializationModeCondition.ModeIsNever @ConditionalOnProperty (spring.sql.init.mode=never) did not find property 'mode' (SqlInitializationAutoConfiguration.SqlInitializationModeCondition)

   SslAutoConfiguration#sslBundleRegistry matched:
      - @ConditionalOnMissingBean (types: org.springframework.boot.ssl.SslBundleRegistry,org.springframework.boot.ssl.SslBundles; SearchStrategy: all) did not find any beans (OnBeanCondition)

   SwaggerConfig matched:
      - found 'session' scope (OnWebApplicationCondition)
      - @ConditionalOnProperty (springdoc.swagger-ui.enabled) matched (OnPropertyCondition)
      - @ConditionalOnBean (types: org.springdoc.core.configuration.SpringDocConfiguration; SearchStrategy: all) found bean 'org.springdoc.core.configuration.SpringDocConfiguration' (OnBeanCondition)

   SwaggerConfig#indexPageTransformer matched:
      - @ConditionalOnMissingBean (types: org.springdoc.webmvc.ui.SwaggerIndexTransformer; SearchStrategy: all) did not find any beans (OnBeanCondition)

   SwaggerConfig#swaggerConfigResource matched:
      - @ConditionalOnProperty (springdoc.use-management-port=false) matched (OnPropertyCondition)
      - @ConditionalOnMissingBean (types: org.springdoc.webmvc.ui.SwaggerConfigResource; SearchStrategy: all) did not find any beans (OnBeanCondition)

   SwaggerConfig#swaggerResourceResolver matched:
      - @ConditionalOnMissingBean (types: org.springdoc.webmvc.ui.SwaggerResourceResolver; SearchStrategy: all) did not find any beans (OnBeanCondition)

   SwaggerConfig#swaggerWebMvcConfigurer matched:
      - @ConditionalOnMissingBean (types: org.springdoc.webmvc.ui.SwaggerWebMvcConfigurer; SearchStrategy: all) did not find any beans (OnBeanCondition)

   SwaggerConfig#swaggerWelcome matched:
      - @ConditionalOnProperty (springdoc.use-management-port=false) matched (OnPropertyCondition)
      - @ConditionalOnMissingBean (types: org.springdoc.webmvc.ui.SwaggerWelcomeWebMvc; SearchStrategy: all) did not find any beans (OnBeanCondition)

   SwaggerUiConfigParameters matched:
      - @ConditionalOnProperty (springdoc.swagger-ui.enabled) matched (OnPropertyCondition)
      - @ConditionalOnBean (types: org.springdoc.core.configuration.SpringDocConfiguration; SearchStrategy: all) found bean 'org.springdoc.core.configuration.SpringDocConfiguration' (OnBeanCondition)

   SwaggerUiConfigProperties matched:
      - @ConditionalOnProperty (springdoc.swagger-ui.enabled) matched (OnPropertyCondition)
      - @ConditionalOnBean (types: org.springdoc.core.configuration.SpringDocConfiguration; SearchStrategy: all) found bean 'org.springdoc.core.configuration.SpringDocConfiguration' (OnBeanCondition)

   SwaggerUiOAuthProperties matched:
      - @ConditionalOnProperty (springdoc.swagger-ui.enabled) matched (OnPropertyCondition)
      - @ConditionalOnBean (types: org.springdoc.core.configuration.SpringDocConfiguration; SearchStrategy: all) found bean 'org.springdoc.core.configuration.SpringDocConfiguration' (OnBeanCondition)

   TaskExecutionAutoConfiguration matched:
      - @ConditionalOnClass found required class 'org.springframework.scheduling.concurrent.ThreadPoolTaskExecutor' (OnClassCondition)

   TaskExecutorConfigurations.SimpleAsyncTaskExecutorBuilderConfiguration#simpleAsyncTaskExecutorBuilder matched:
      - @ConditionalOnMissingBean (types: org.springframework.boot.task.SimpleAsyncTaskExecutorBuilder; SearchStrategy: all) did not find any beans (OnBeanCondition)
      - @ConditionalOnThreading found PLATFORM (OnThreadingCondition)

   TaskExecutorConfigurations.TaskExecutorBuilderConfiguration#taskExecutorBuilder matched:
      - @ConditionalOnMissingBean (types: org.springframework.boot.task.TaskExecutorBuilder; SearchStrategy: all) did not find any beans (OnBeanCondition)

   TaskExecutorConfigurations.TaskExecutorConfiguration matched:
      - @ConditionalOnMissingBean (types: java.util.concurrent.Executor; SearchStrategy: all) did not find any beans (OnBeanCondition)

   TaskExecutorConfigurations.TaskExecutorConfiguration#applicationTaskExecutor matched:
      - @ConditionalOnThreading found PLATFORM (OnThreadingCondition)

   TaskExecutorConfigurations.ThreadPoolTaskExecutorBuilderConfiguration#threadPoolTaskExecutorBuilder matched:
      - @ConditionalOnMissingBean (types: org.springframework.boot.task.TaskExecutorBuilder,org.springframework.boot.task.ThreadPoolTaskExecutorBuilder; SearchStrategy: all) did not find any beans (OnBeanCondition)

   TaskSchedulingAutoConfiguration matched:
      - @ConditionalOnClass found required class 'org.springframework.scheduling.concurrent.ThreadPoolTaskScheduler' (OnClassCondition)

   TaskSchedulingConfigurations.SimpleAsyncTaskSchedulerBuilderConfiguration#simpleAsyncTaskSchedulerBuilder matched:
      - @ConditionalOnMissingBean (types: org.springframework.boot.task.SimpleAsyncTaskSchedulerBuilder; SearchStrategy: all) did not find any beans (OnBeanCondition)
      - @ConditionalOnThreading found PLATFORM (OnThreadingCondition)

   TaskSchedulingConfigurations.TaskSchedulerBuilderConfiguration#taskSchedulerBuilder matched:
      - @ConditionalOnMissingBean (types: org.springframework.boot.task.TaskSchedulerBuilder; SearchStrategy: all) did not find any beans (OnBeanCondition)

   TaskSchedulingConfigurations.ThreadPoolTaskSchedulerBuilderConfiguration#threadPoolTaskSchedulerBuilder matched:
      - @ConditionalOnMissingBean (types: org.springframework.boot.task.TaskSchedulerBuilder,org.springframework.boot.task.ThreadPoolTaskSchedulerBuilder; SearchStrategy: all) did not find any beans (OnBeanCondition)

   TransactionAutoConfiguration matched:
      - @ConditionalOnClass found required class 'org.springframework.transaction.PlatformTransactionManager' (OnClassCondition)

   TransactionAutoConfiguration.EnableTransactionManagementConfiguration matched:
      - @ConditionalOnBean (types: org.springframework.transaction.TransactionManager; SearchStrategy: all) found bean 'transactionManager'; @ConditionalOnMissingBean (types: org.springframework.transaction.annotation.AbstractTransactionManagementConfiguration; SearchStrategy: all) did not find any beans (OnBeanCondition)

   TransactionAutoConfiguration.EnableTransactionManagementConfiguration.CglibAutoProxyConfiguration matched:
      - @ConditionalOnProperty (spring.aop.proxy-target-class=true) matched (OnPropertyCondition)

   TransactionAutoConfiguration.TransactionTemplateConfiguration matched:
      - @ConditionalOnSingleCandidate (types: org.springframework.transaction.PlatformTransactionManager; SearchStrategy: all) found a single bean 'transactionManager' (OnBeanCondition)

   TransactionAutoConfiguration.TransactionTemplateConfiguration#transactionTemplate matched:
      - @ConditionalOnMissingBean (types: org.springframework.transaction.support.TransactionOperations; SearchStrategy: all) did not find any beans (OnBeanCondition)

   TransactionManagerCustomizationAutoConfiguration matched:
      - @ConditionalOnClass found required class 'org.springframework.transaction.PlatformTransactionManager' (OnClassCondition)

   TransactionManagerCustomizationAutoConfiguration#platformTransactionManagerCustomizers matched:
      - @ConditionalOnMissingBean (types: org.springframework.boot.autoconfigure.transaction.TransactionManagerCustomizers; SearchStrategy: all) did not find any beans (OnBeanCondition)

   WebMvcAutoConfiguration matched:
      - @ConditionalOnClass found required classes 'jakarta.servlet.Servlet', 'org.springframework.web.servlet.DispatcherServlet', 'org.springframework.web.servlet.config.annotation.WebMvcConfigurer' (OnClassCondition)
      - found 'session' scope (OnWebApplicationCondition)
      - @ConditionalOnMissingBean (types: org.springframework.web.servlet.config.annotation.WebMvcConfigurationSupport; SearchStrategy: all) did not find any beans (OnBeanCondition)

   WebMvcAutoConfiguration#formContentFilter matched:
      - @ConditionalOnProperty (spring.mvc.formcontent.filter.enabled) matched (OnPropertyCondition)
      - @ConditionalOnMissingBean (types: org.springframework.web.filter.FormContentFilter; SearchStrategy: all) did not find any beans (OnBeanCondition)

   WebMvcAutoConfiguration.EnableWebMvcConfiguration#flashMapManager matched:
      - @ConditionalOnMissingBean (names: flashMapManager; SearchStrategy: all) did not find any beans (OnBeanCondition)

   WebMvcAutoConfiguration.EnableWebMvcConfiguration#localeResolver matched:
      - @ConditionalOnMissingBean (names: localeResolver; SearchStrategy: all) did not find any beans (OnBeanCondition)

   WebMvcAutoConfiguration.EnableWebMvcConfiguration#themeResolver matched:
      - @ConditionalOnMissingBean (names: themeResolver; SearchStrategy: all) did not find any beans (OnBeanCondition)

   WebMvcAutoConfiguration.WebMvcAutoConfigurationAdapter#defaultViewResolver matched:
      - @ConditionalOnMissingBean (types: org.springframework.web.servlet.view.InternalResourceViewResolver; SearchStrategy: all) did not find any beans (OnBeanCondition)

   WebMvcAutoConfiguration.WebMvcAutoConfigurationAdapter#requestContextFilter matched:
      - @ConditionalOnMissingBean (types: org.springframework.web.context.request.RequestContextListener,org.springframework.web.filter.RequestContextFilter; SearchStrategy: all) did not find any beans (OnBeanCondition)

   WebMvcAutoConfiguration.WebMvcAutoConfigurationAdapter#viewResolver matched:
      - @ConditionalOnBean (types: org.springframework.web.servlet.ViewResolver; SearchStrategy: all) found beans 'defaultViewResolver', 'beanNameViewResolver', 'mvcViewResolver'; @ConditionalOnMissingBean (names: viewResolver types: org.springframework.web.servlet.view.ContentNegotiatingViewResolver; SearchStrategy: all) did not find any beans (OnBeanCondition)

   WebSocketServletAutoConfiguration matched:
      - @ConditionalOnClass found required classes 'jakarta.servlet.Servlet', 'jakarta.websocket.server.ServerContainer' (OnClassCondition)
      - found 'session' scope (OnWebApplicationCondition)

   WebSocketServletAutoConfiguration.TomcatWebSocketConfiguration matched:
      - @ConditionalOnClass found required classes 'org.apache.catalina.startup.Tomcat', 'org.apache.tomcat.websocket.server.WsSci' (OnClassCondition)

   WebSocketServletAutoConfiguration.TomcatWebSocketConfiguration#websocketServletWebServerCustomizer matched:
      - @ConditionalOnMissingBean (names: websocketServletWebServerCustomizer; SearchStrategy: all) did not find any beans (OnBeanCondition)


Negative matches:
-----------------

   ActiveMQAutoConfiguration:
      Did not match:
         - @ConditionalOnClass did not find required class 'jakarta.jms.ConnectionFactory' (OnClassCondition)

   AopAutoConfiguration.AspectJAutoProxyingConfiguration.JdkDynamicAutoProxyConfiguration:
      Did not match:
         - @ConditionalOnProperty (spring.aop.proxy-target-class=false) did not find property 'proxy-target-class' (OnPropertyCondition)

   AopAutoConfiguration.ClassProxyingConfiguration:
      Did not match:
         - @ConditionalOnMissingClass found unwanted class 'org.aspectj.weaver.Advice' (OnClassCondition)

   ArtemisAutoConfiguration:
      Did not match:
         - @ConditionalOnClass did not find required class 'jakarta.jms.ConnectionFactory' (OnClassCondition)

   BatchAutoConfiguration:
      Did not match:
         - @ConditionalOnClass did not find required class 'org.springframework.batch.core.launch.JobLauncher' (OnClassCondition)

   Cache2kCacheConfiguration:
      Did not match:
         - @ConditionalOnClass did not find required class 'org.cache2k.Cache2kBuilder' (OnClassCondition)

   CaffeineCacheConfiguration:
      Did not match:
         - @ConditionalOnClass did not find required class 'com.github.benmanes.caffeine.cache.Caffeine' (OnClassCondition)

   CassandraAutoConfiguration:
      Did not match:
         - @ConditionalOnClass did not find required class 'com.datastax.oss.driver.api.core.CqlSession' (OnClassCondition)

   CassandraDataAutoConfiguration:
      Did not match:
         - @ConditionalOnClass did not find required class 'com.datastax.oss.driver.api.core.CqlSession' (OnClassCondition)

   CassandraReactiveDataAutoConfiguration:
      Did not match:
         - @ConditionalOnClass did not find required class 'com.datastax.oss.driver.api.core.CqlSession' (OnClassCondition)

   CassandraReactiveRepositoriesAutoConfiguration:
      Did not match:
         - @ConditionalOnClass did not find required class 'org.springframework.data.cassandra.ReactiveSession' (OnClassCondition)

   CassandraRepositoriesAutoConfiguration:
      Did not match:
         - @ConditionalOnClass did not find required class 'com.datastax.oss.driver.api.core.CqlSession' (OnClassCondition)

   ClientHttpConnectorAutoConfiguration:
      Did not match:
         - @ConditionalOnClass did not find required class 'org.springframework.web.reactive.function.client.WebClient' (OnClassCondition)

   CodecsAutoConfiguration:
      Did not match:
         - @ConditionalOnClass did not find required class 'org.springframework.web.reactive.function.client.WebClient' (OnClassCondition)

   CouchbaseAutoConfiguration:
      Did not match:
         - @ConditionalOnClass did not find required class 'com.couchbase.client.java.Cluster' (OnClassCondition)

   CouchbaseCacheConfiguration:
      Did not match:
         - @ConditionalOnClass did not find required class 'com.couchbase.client.java.Cluster' (OnClassCondition)

   CouchbaseDataAutoConfiguration:
      Did not match:
         - @ConditionalOnClass did not find required class 'com.couchbase.client.java.Bucket' (OnClassCondition)

   CouchbaseReactiveDataAutoConfiguration:
      Did not match:
         - @ConditionalOnClass did not find required class 'com.couchbase.client.java.Cluster' (OnClassCondition)

   CouchbaseReactiveRepositoriesAutoConfiguration:
      Did not match:
         - @ConditionalOnClass did not find required class 'com.couchbase.client.java.Cluster' (OnClassCondition)

   CouchbaseRepositoriesAutoConfiguration:
      Did not match:
         - @ConditionalOnClass did not find required class 'com.couchbase.client.java.Bucket' (OnClassCondition)

   DataSourceAutoConfiguration.EmbeddedDatabaseConfiguration:
      Did not match:
         - EmbeddedDataSource spring.datasource.url is set (DataSourceAutoConfiguration.EmbeddedDatabaseCondition)

   DataSourceCheckpointRestoreConfiguration:
      Did not match:
         - @ConditionalOnClass did not find required class 'org.crac.Resource' (OnClassCondition)

   DataSourceConfiguration.Dbcp2:
      Did not match:
         - @ConditionalOnClass did not find required class 'org.apache.commons.dbcp2.BasicDataSource' (OnClassCondition)

   DataSourceConfiguration.Generic:
      Did not match:
         - @ConditionalOnProperty (spring.datasource.type) did not find property 'spring.datasource.type' (OnPropertyCondition)

   DataSourceConfiguration.OracleUcp:
      Did not match:
         - @ConditionalOnClass did not find required classes 'oracle.ucp.jdbc.PoolDataSourceImpl', 'oracle.jdbc.OracleConnection' (OnClassCondition)

   DataSourceConfiguration.Tomcat:
      Did not match:
         - @ConditionalOnClass did not find required class 'org.apache.tomcat.jdbc.pool.DataSource' (OnClassCondition)

   DataSourceJmxConfiguration:
      Did not match:
         - @ConditionalOnProperty (spring.jmx.enabled=true) found different value in property 'enabled' (OnPropertyCondition)

   DataSourcePoolMetadataProvidersConfiguration.CommonsDbcp2PoolDataSourceMetadataProviderConfiguration:
      Did not match:
         - @ConditionalOnClass did not find required class 'org.apache.commons.dbcp2.BasicDataSource' (OnClassCondition)

   DataSourcePoolMetadataProvidersConfiguration.OracleUcpPoolDataSourceMetadataProviderConfiguration:
      Did not match:
         - @ConditionalOnClass did not find required classes 'oracle.ucp.jdbc.PoolDataSource', 'oracle.jdbc.OracleConnection' (OnClassCondition)

   DataSourcePoolMetadataProvidersConfiguration.TomcatDataSourcePoolMetadataProviderConfiguration:
      Did not match:
         - @ConditionalOnClass did not find required class 'org.apache.tomcat.jdbc.pool.DataSource' (OnClassCondition)

   DataSourceTransactionManagerAutoConfiguration.JdbcTransactionManagerConfiguration#transactionManager:
      Did not match:
         - @ConditionalOnMissingBean (types: org.springframework.transaction.TransactionManager; SearchStrategy: all) found beans of type 'org.springframework.transaction.TransactionManager' transactionManager (OnBeanCondition)

   DispatcherServletAutoConfiguration.DispatcherServletConfiguration#multipartResolver:
      Did not match:
         - @ConditionalOnBean (types: org.springframework.web.multipart.MultipartResolver; SearchStrategy: all) did not find any beans of type org.springframework.web.multipart.MultipartResolver (OnBeanCondition)

   ElasticsearchClientAutoConfiguration:
      Did not match:
         - @ConditionalOnClass did not find required class 'co.elastic.clients.elasticsearch.ElasticsearchClient' (OnClassCondition)

   ElasticsearchDataAutoConfiguration:
      Did not match:
         - @ConditionalOnClass did not find required class 'org.springframework.data.elasticsearch.client.elc.ElasticsearchTemplate' (OnClassCondition)

   ElasticsearchRepositoriesAutoConfiguration:
      Did not match:
         - @ConditionalOnClass did not find required class 'org.springframework.data.elasticsearch.repository.ElasticsearchRepository' (OnClassCondition)

   ElasticsearchRestClientAutoConfiguration:
      Did not match:
         - @ConditionalOnClass did not find required class 'org.elasticsearch.client.RestClientBuilder' (OnClassCondition)

   EmbeddedLdapAutoConfiguration:
      Did not match:
         - @ConditionalOnClass did not find required class 'com.unboundid.ldap.listener.InMemoryDirectoryServer' (OnClassCondition)

   EmbeddedWebServerFactoryCustomizerAutoConfiguration:
      Did not match:
         - Application is deployed as a WAR file. (OnWarDeploymentCondition)
      Matched:
         - @ConditionalOnWebApplication (required) found 'session' scope (OnWebApplicationCondition)

   ErrorWebFluxAutoConfiguration:
      Did not match:
         - @ConditionalOnClass did not find required class 'org.springframework.web.reactive.config.WebFluxConfigurer' (OnClassCondition)

   FlywayAutoConfiguration.FlywayConfiguration#oracleFlywayConfigurationCustomizer:
      Did not match:
         - @ConditionalOnClass did not find required class 'org.flywaydb.database.oracle.OracleConfigurationExtension' (OnClassCondition)

   FlywayAutoConfiguration.FlywayConfiguration#sqlServerFlywayConfigurationCustomizer:
      Did not match:
         - @ConditionalOnClass did not find required class 'org.flywaydb.database.sqlserver.SQLServerConfigurationExtension' (OnClassCondition)

   FreeMarkerAutoConfiguration:
      Did not match:
         - @ConditionalOnClass did not find required class 'freemarker.template.Configuration' (OnClassCondition)

   GenericCacheConfiguration:
      Did not match:
         - @ConditionalOnBean (types: org.springframework.cache.Cache; SearchStrategy: all) did not find any beans of type org.springframework.cache.Cache (OnBeanCondition)
      Matched:
         - Cache org.springframework.boot.autoconfigure.cache.GenericCacheConfiguration automatic cache type (CacheCondition)

   GraphQlAutoConfiguration:
      Did not match:
         - @ConditionalOnClass did not find required class 'graphql.GraphQL' (OnClassCondition)

   GraphQlQueryByExampleAutoConfiguration:
      Did not match:
         - @ConditionalOnClass did not find required class 'graphql.GraphQL' (OnClassCondition)

   GraphQlQuerydslAutoConfiguration:
      Did not match:
         - @ConditionalOnClass did not find required class 'com.querydsl.core.Query' (OnClassCondition)

   GraphQlRSocketAutoConfiguration:
      Did not match:
         - @ConditionalOnClass did not find required class 'graphql.GraphQL' (OnClassCondition)

   GraphQlReactiveQueryByExampleAutoConfiguration:
      Did not match:
         - @ConditionalOnClass did not find required class 'graphql.GraphQL' (OnClassCondition)

   GraphQlReactiveQuerydslAutoConfiguration:
      Did not match:
         - @ConditionalOnClass did not find required class 'com.querydsl.core.Query' (OnClassCondition)

   GraphQlWebFluxAutoConfiguration:
      Did not match:
         - @ConditionalOnClass did not find required class 'graphql.GraphQL' (OnClassCondition)

   GraphQlWebFluxSecurityAutoConfiguration:
      Did not match:
         - @ConditionalOnClass did not find required class 'graphql.GraphQL' (OnClassCondition)

   GraphQlWebMvcAutoConfiguration:
      Did not match:
         - @ConditionalOnClass did not find required class 'graphql.GraphQL' (OnClassCondition)

   GraphQlWebMvcSecurityAutoConfiguration:
      Did not match:
         - @ConditionalOnClass did not find required class 'graphql.GraphQL' (OnClassCondition)

   GroovyTemplateAutoConfiguration:
      Did not match:
         - @ConditionalOnClass did not find required class 'groovy.text.markup.MarkupTemplateEngine' (OnClassCondition)

   GsonHttpMessageConvertersConfiguration.GsonHttpMessageConverterConfiguration:
      Did not match:
         - AnyNestedCondition 0 matched 2 did not; NestedCondition on GsonHttpMessageConvertersConfiguration.PreferGsonOrJacksonAndJsonbUnavailableCondition.JacksonJsonbUnavailable NoneNestedConditions 1 matched 1 did not; NestedCondition on GsonHttpMessageConvertersConfiguration.JacksonAndJsonbUnavailableCondition.JsonbPreferred @ConditionalOnProperty (spring.mvc.converters.preferred-json-mapper=jsonb) did not find property 'spring.mvc.converters.preferred-json-mapper'; NestedCondition on GsonHttpMessageConvertersConfiguration.JacksonAndJsonbUnavailableCondition.JacksonAvailable @ConditionalOnBean (types: org.springframework.http.converter.json.MappingJackson2HttpMessageConverter; SearchStrategy: all) found bean 'mappingJackson2HttpMessageConverter'; NestedCondition on GsonHttpMessageConvertersConfiguration.PreferGsonOrJacksonAndJsonbUnavailableCondition.GsonPreferred @ConditionalOnProperty (spring.mvc.converters.preferred-json-mapper=gson) did not find property 'spring.mvc.converters.preferred-json-mapper' (GsonHttpMessageConvertersConfiguration.PreferGsonOrJacksonAndJsonbUnavailableCondition)

   H2ConsoleAutoConfiguration:
      Did not match:
         - @ConditionalOnProperty (spring.h2.console.enabled=true) did not find property 'enabled' (OnPropertyCondition)
      Matched:
         - @ConditionalOnClass found required class 'org.h2.server.web.JakartaWebServlet' (OnClassCondition)
         - found 'session' scope (OnWebApplicationCondition)

   HazelcastAutoConfiguration:
      Did not match:
         - @ConditionalOnClass did not find required class 'com.hazelcast.core.HazelcastInstance' (OnClassCondition)

   HazelcastCacheConfiguration:
      Did not match:
         - @ConditionalOnClass did not find required class 'com.hazelcast.core.HazelcastInstance' (OnClassCondition)

   HazelcastJpaDependencyAutoConfiguration:
      Did not match:
         - @ConditionalOnClass did not find required class 'com.hazelcast.core.HazelcastInstance' (OnClassCondition)

   HttpHandlerAutoConfiguration:
      Did not match:
         - @ConditionalOnClass did not find required class 'org.springframework.web.reactive.DispatcherHandler' (OnClassCondition)

   HypermediaAutoConfiguration:
      Did not match:
         - @ConditionalOnClass did not find required class 'org.springframework.hateoas.EntityModel' (OnClassCondition)

   InfinispanCacheConfiguration:
      Did not match:
         - @ConditionalOnClass did not find required class 'org.infinispan.spring.embedded.provider.SpringEmbeddedCacheManager' (OnClassCondition)

   InfluxDbAutoConfiguration:
      Did not match:
         - @ConditionalOnClass did not find required class 'org.influxdb.InfluxDB' (OnClassCondition)

   IntegrationAutoConfiguration:
      Did not match:
         - @ConditionalOnClass did not find required class 'org.springframework.integration.config.EnableIntegration' (OnClassCondition)

   JCacheCacheConfiguration:
      Did not match:
         - @ConditionalOnClass did not find required class 'javax.cache.Caching' (OnClassCondition)

   JacksonHttpMessageConvertersConfiguration.MappingJackson2XmlHttpMessageConverterConfiguration:
      Did not match:
         - @ConditionalOnClass did not find required class 'com.fasterxml.jackson.dataformat.xml.XmlMapper' (OnClassCondition)

   JdbcRepositoriesAutoConfiguration:
      Did not match:
         - @ConditionalOnClass did not find required class 'org.springframework.data.jdbc.repository.config.AbstractJdbcConfiguration' (OnClassCondition)

   JedisConnectionConfiguration:
      Did not match:
         - @ConditionalOnClass did not find required classes 'org.apache.commons.pool2.impl.GenericObjectPool', 'redis.clients.jedis.Jedis' (OnClassCondition)

   JerseyAutoConfiguration:
      Did not match:
         - @ConditionalOnClass did not find required class 'org.glassfish.jersey.server.spring.SpringComponentProvider' (OnClassCondition)

   JmsAutoConfiguration:
      Did not match:
         - @ConditionalOnClass did not find required class 'jakarta.jms.Message' (OnClassCondition)

   JmxAutoConfiguration:
      Did not match:
         - @ConditionalOnProperty (spring.jmx.enabled=true) found different value in property 'enabled' (OnPropertyCondition)
      Matched:
         - @ConditionalOnClass found required class 'org.springframework.jmx.export.MBeanExporter' (OnClassCondition)

   JndiConnectionFactoryAutoConfiguration:
      Did not match:
         - @ConditionalOnClass did not find required class 'org.springframework.jms.core.JmsTemplate' (OnClassCondition)

   JndiDataSourceAutoConfiguration:
      Did not match:
         - @ConditionalOnProperty (spring.datasource.jndi-name) did not find property 'jndi-name' (OnPropertyCondition)
      Matched:
         - @ConditionalOnClass found required classes 'javax.sql.DataSource', 'org.springframework.jdbc.datasource.embedded.EmbeddedDatabaseType' (OnClassCondition)

   JndiJtaConfiguration:
      Did not match:
         - @ConditionalOnJndi JNDI environment is not available (OnJndiCondition)
      Matched:
         - @ConditionalOnClass found required class 'org.springframework.transaction.jta.JtaTransactionManager' (OnClassCondition)

   JooqAutoConfiguration:
      Did not match:
         - @ConditionalOnClass did not find required class 'org.jooq.DSLContext' (OnClassCondition)

   JpaRepositoriesAutoConfiguration#entityManagerFactoryBootstrapExecutorCustomizer:
      Did not match:
         - AnyNestedCondition 0 matched 2 did not; NestedCondition on JpaRepositoriesAutoConfiguration.BootstrapExecutorCondition.LazyBootstrapMode @ConditionalOnProperty (spring.data.jpa.repositories.bootstrap-mode=lazy) did not find property 'bootstrap-mode'; NestedCondition on JpaRepositoriesAutoConfiguration.BootstrapExecutorCondition.DeferredBootstrapMode @ConditionalOnProperty (spring.data.jpa.repositories.bootstrap-mode=deferred) did not find property 'bootstrap-mode' (JpaRepositoriesAutoConfiguration.BootstrapExecutorCondition)

   JsonbAutoConfiguration:
      Did not match:
         - @ConditionalOnClass did not find required class 'jakarta.json.bind.Jsonb' (OnClassCondition)

   JsonbHttpMessageConvertersConfiguration:
      Did not match:
         - @ConditionalOnClass did not find required class 'jakarta.json.bind.Jsonb' (OnClassCondition)

   KafkaAutoConfiguration:
      Did not match:
         - @ConditionalOnClass did not find required class 'org.springframework.kafka.core.KafkaTemplate' (OnClassCondition)

   LdapAutoConfiguration:
      Did not match:
         - @ConditionalOnClass did not find required class 'org.springframework.ldap.core.ContextSource' (OnClassCondition)

   LdapRepositoriesAutoConfiguration:
      Did not match:
         - @ConditionalOnClass did not find required class 'org.springframework.data.ldap.repository.LdapRepository' (OnClassCondition)

   LettuceConnectionConfiguration#redisConnectionFactoryVirtualThreads:
      Did not match:
         - @ConditionalOnMissingBean (types: org.springframework.data.redis.connection.RedisConnectionFactory; SearchStrategy: all) found beans of type 'org.springframework.data.redis.connection.RedisConnectionFactory' redisConnectionFactory (OnBeanCondition)

   LiquibaseAutoConfiguration:
      Did not match:
         - @ConditionalOnClass did not find required class 'liquibase.change.DatabaseChange' (OnClassCondition)

   MailSenderAutoConfiguration:
      Did not match:
         - @ConditionalOnClass did not find required class 'jakarta.mail.internet.MimeMessage' (OnClassCondition)

   MailSenderValidatorAutoConfiguration:
      Did not match:
         - @ConditionalOnProperty (spring.mail.test-connection) did not find property 'test-connection' (OnPropertyCondition)

   MessageSourceAutoConfiguration:
      Did not match:
         - ResourceBundle did not find bundle with basename messages (MessageSourceAutoConfiguration.ResourceBundleCondition)

   MongoAutoConfiguration:
      Did not match:
         - @ConditionalOnClass did not find required class 'com.mongodb.client.MongoClient' (OnClassCondition)

   MongoDataAutoConfiguration:
      Did not match:
         - @ConditionalOnClass did not find required class 'com.mongodb.client.MongoClient' (OnClassCondition)

   MongoReactiveAutoConfiguration:
      Did not match:
         - @ConditionalOnClass did not find required class 'com.mongodb.reactivestreams.client.MongoClient' (OnClassCondition)

   MongoReactiveDataAutoConfiguration:
      Did not match:
         - @ConditionalOnClass did not find required class 'com.mongodb.reactivestreams.client.MongoClient' (OnClassCondition)

   MongoReactiveRepositoriesAutoConfiguration:
      Did not match:
         - @ConditionalOnClass did not find required class 'com.mongodb.reactivestreams.client.MongoClient' (OnClassCondition)

   MongoRepositoriesAutoConfiguration:
      Did not match:
         - @ConditionalOnClass did not find required class 'com.mongodb.client.MongoClient' (OnClassCondition)

   MultipleOpenApiSupportConfiguration:
      Did not match:
         - AnyNestedCondition 0 matched 2 did not; NestedCondition on MultipleOpenApiSupportCondition.OnActuatorDifferentPort @ConditionalOnProperty (springdoc.show-actuator) did not find property 'springdoc.show-actuator'; NestedCondition on MultipleOpenApiSupportCondition.OnMultipleOpenApiSupportCondition AnyNestedCondition 0 matched 2 did not; NestedCondition on MultipleOpenApiGroupsCondition.OnGroupConfigProperty @ConditionalOnProperty (springdoc.group-configs[0].group) did not find property 'springdoc.group-configs[0].group'; NestedCondition on MultipleOpenApiGroupsCondition.OnGroupedOpenApiBean @ConditionalOnBean (types: org.springdoc.core.models.GroupedOpenApi; SearchStrategy: all) did not find any beans of type org.springdoc.core.models.GroupedOpenApi (MultipleOpenApiSupportCondition)
      Matched:
         - found 'session' scope (OnWebApplicationCondition)
         - @ConditionalOnProperty (springdoc.api-docs.enabled) matched (OnPropertyCondition)

   MultipleOpenApiSupportConfiguration.SpringDocWebMvcActuatorDifferentConfiguration:
      Did not match:
         - @ConditionalOnClass did not find required class 'org.springframework.boot.actuate.endpoint.web.servlet.WebMvcEndpointHandlerMapping' (OnClassCondition)
         - Ancestor org.springdoc.webmvc.core.configuration.MultipleOpenApiSupportConfiguration did not match (ConditionEvaluationReport.AncestorsMatchedCondition)

   MustacheAutoConfiguration:
      Did not match:
         - @ConditionalOnClass did not find required class 'com.samskivert.mustache.Mustache' (OnClassCondition)

   Neo4jAutoConfiguration:
      Did not match:
         - @ConditionalOnClass did not find required class 'org.neo4j.driver.Driver' (OnClassCondition)

   Neo4jDataAutoConfiguration:
      Did not match:
         - @ConditionalOnClass did not find required class 'org.neo4j.driver.Driver' (OnClassCondition)

   Neo4jReactiveDataAutoConfiguration:
      Did not match:
         - @ConditionalOnClass did not find required class 'org.neo4j.driver.Driver' (OnClassCondition)

   Neo4jReactiveRepositoriesAutoConfiguration:
      Did not match:
         - @ConditionalOnClass did not find required class 'org.neo4j.driver.Driver' (OnClassCondition)

   Neo4jRepositoriesAutoConfiguration:
      Did not match:
         - @ConditionalOnClass did not find required class 'org.neo4j.driver.Driver' (OnClassCondition)

   NoOpCacheConfiguration:
      Did not match:
         - @ConditionalOnMissingBean (types: org.springframework.cache.CacheManager; SearchStrategy: all) found beans of type 'org.springframework.cache.CacheManager' cacheManager (OnBeanCondition)
      Matched:
         - Cache org.springframework.boot.autoconfigure.cache.NoOpCacheConfiguration automatic cache type (CacheCondition)

   OAuth2AuthorizationServerAutoConfiguration:
      Did not match:
         - @ConditionalOnClass did not find required class 'org.springframework.security.oauth2.server.authorization.OAuth2Authorization' (OnClassCondition)

   OAuth2AuthorizationServerJwtAutoConfiguration:
      Did not match:
         - @ConditionalOnClass did not find required class 'org.springframework.security.oauth2.server.authorization.OAuth2Authorization' (OnClassCondition)

   OAuth2ClientAutoConfiguration:
      Did not match:
         - @ConditionalOnClass did not find required class 'org.springframework.security.oauth2.client.registration.ClientRegistration' (OnClassCondition)

   OAuth2ResourceServerAutoConfiguration:
      Did not match:
         - @ConditionalOnClass did not find required class 'org.springframework.security.oauth2.server.resource.authentication.BearerTokenAuthenticationToken' (OnClassCondition)

   ProjectInfoAutoConfiguration#buildProperties:
      Did not match:
         - @ConditionalOnResource did not find resource '${spring.info.build.location:classpath:META-INF/build-info.properties}' (OnResourceCondition)

   ProjectInfoAutoConfiguration#gitProperties:
      Did not match:
         - GitResource did not find git info at classpath:git.properties (ProjectInfoAutoConfiguration.GitResourceAvailableCondition)

   PulsarAutoConfiguration:
      Did not match:
         - @ConditionalOnClass did not find required class 'org.apache.pulsar.client.api.PulsarClient' (OnClassCondition)

   PulsarReactiveAutoConfiguration:
      Did not match:
         - @ConditionalOnClass did not find required class 'org.apache.pulsar.client.api.PulsarClient' (OnClassCondition)

   QuartzAutoConfiguration:
      Did not match:
         - @ConditionalOnClass did not find required class 'org.quartz.Scheduler' (OnClassCondition)

   R2dbcAutoConfiguration:
      Did not match:
         - @ConditionalOnClass did not find required class 'io.r2dbc.spi.ConnectionFactory' (OnClassCondition)

   R2dbcDataAutoConfiguration:
      Did not match:
         - @ConditionalOnClass did not find required class 'org.springframework.data.r2dbc.core.R2dbcEntityTemplate' (OnClassCondition)

   R2dbcInitializationConfiguration:
      Did not match:
         - @ConditionalOnClass did not find required classes 'io.r2dbc.spi.ConnectionFactory', 'org.springframework.r2dbc.connection.init.DatabasePopulator' (OnClassCondition)

   R2dbcRepositoriesAutoConfiguration:
      Did not match:
         - @ConditionalOnClass did not find required class 'io.r2dbc.spi.ConnectionFactory' (OnClassCondition)

   R2dbcTransactionManagerAutoConfiguration:
      Did not match:
         - @ConditionalOnClass did not find required class 'org.springframework.r2dbc.connection.R2dbcTransactionManager' (OnClassCondition)

   RSocketGraphQlClientAutoConfiguration:
      Did not match:
         - @ConditionalOnClass did not find required class 'graphql.GraphQL' (OnClassCondition)

   RSocketMessagingAutoConfiguration:
      Did not match:
         - @ConditionalOnClass did not find required class 'io.rsocket.RSocket' (OnClassCondition)

   RSocketRequesterAutoConfiguration:
      Did not match:
         - @ConditionalOnClass did not find required class 'io.rsocket.RSocket' (OnClassCondition)

   RSocketSecurityAutoConfiguration:
      Did not match:
         - @ConditionalOnClass did not find required class 'org.springframework.security.rsocket.core.SecuritySocketAcceptorInterceptor' (OnClassCondition)

   RSocketServerAutoConfiguration:
      Did not match:
         - @ConditionalOnClass did not find required class 'io.rsocket.core.RSocketServer' (OnClassCondition)

   RSocketStrategiesAutoConfiguration:
      Did not match:
         - @ConditionalOnClass did not find required class 'io.rsocket.RSocket' (OnClassCondition)

   RabbitAutoConfiguration:
      Did not match:
         - @ConditionalOnClass did not find required class 'com.rabbitmq.client.Channel' (OnClassCondition)

   ReactiveElasticsearchClientAutoConfiguration:
      Did not match:
         - @ConditionalOnClass did not find required class 'co.elastic.clients.transport.ElasticsearchTransport' (OnClassCondition)

   ReactiveElasticsearchRepositoriesAutoConfiguration:
      Did not match:
         - @ConditionalOnClass did not find required class 'org.springframework.data.elasticsearch.client.elc.ReactiveElasticsearchClient' (OnClassCondition)

   ReactiveMultipartAutoConfiguration:
      Did not match:
         - @ConditionalOnClass did not find required class 'org.springframework.web.reactive.config.WebFluxConfigurer' (OnClassCondition)

   ReactiveOAuth2ClientAutoConfiguration:
      Did not match:
         - @ConditionalOnClass did not find required class 'org.springframework.security.oauth2.client.registration.ClientRegistration' (OnClassCondition)

   ReactiveOAuth2ResourceServerAutoConfiguration:
      Did not match:
         - @ConditionalOnWebApplication did not find reactive web application classes (OnWebApplicationCondition)

   ReactiveSecurityAutoConfiguration:
      Did not match:
         - @ConditionalOnClass did not find required class 'org.springframework.web.reactive.config.WebFluxConfigurer' (OnClassCondition)

   ReactiveUserDetailsServiceAutoConfiguration:
      Did not match:
         - AnyNestedCondition 0 matched 2 did not; NestedCondition on ReactiveUserDetailsServiceAutoConfiguration.RSocketEnabledOrReactiveWebApplication.ReactiveWebApplicationCondition did not find reactive web application classes; NestedCondition on ReactiveUserDetailsServiceAutoConfiguration.RSocketEnabledOrReactiveWebApplication.RSocketSecurityEnabledCondition @ConditionalOnBean (types: org.springframework.messaging.rsocket.annotation.support.RSocketMessageHandler; SearchStrategy: all) did not find any beans of type org.springframework.messaging.rsocket.annotation.support.RSocketMessageHandler (ReactiveUserDetailsServiceAutoConfiguration.RSocketEnabledOrReactiveWebApplication)
      Matched:
         - @ConditionalOnClass found required class 'org.springframework.security.authentication.ReactiveAuthenticationManager' (OnClassCondition)
         - AnyNestedCondition 3 matched 0 did not; NestedCondition on ReactiveUserDetailsServiceAutoConfiguration.MissingAlternativeOrUserPropertiesConfigured.PasswordConfigured @ConditionalOnProperty (spring.security.user.password) matched; NestedCondition on ReactiveUserDetailsServiceAutoConfiguration.MissingAlternativeOrUserPropertiesConfigured.NameConfigured @ConditionalOnProperty (spring.security.user.name) matched; NestedCondition on ReactiveUserDetailsServiceAutoConfiguration.MissingAlternativeOrUserPropertiesConfigured.MissingAlternative @ConditionalOnMissingClass did not find unwanted classes 'org.springframework.security.oauth2.client.registration.ClientRegistrationRepository', 'org.springframework.security.oauth2.server.resource.introspection.ReactiveOpaqueTokenIntrospector' (ReactiveUserDetailsServiceAutoConfiguration.MissingAlternativeOrUserPropertiesConfigured)

   ReactiveWebServerFactoryAutoConfiguration:
      Did not match:
         - @ConditionalOnWebApplication did not find reactive web application classes (OnWebApplicationCondition)

   RepositoryRestMvcAutoConfiguration:
      Did not match:
         - @ConditionalOnClass did not find required class 'org.springframework.data.rest.webmvc.config.RepositoryRestMvcConfiguration' (OnClassCondition)

   Saml2RelyingPartyAutoConfiguration:
      Did not match:
         - @ConditionalOnClass did not find required class 'org.springframework.security.saml2.provider.service.registration.RelyingPartyRegistrationRepository' (OnClassCondition)

   SecurityDataConfiguration:
      Did not match:
         - @ConditionalOnClass did not find required class 'org.springframework.security.data.repository.query.SecurityEvaluationContextExtension' (OnClassCondition)

   SendGridAutoConfiguration:
      Did not match:
         - @ConditionalOnClass did not find required class 'com.sendgrid.SendGrid' (OnClassCondition)

   ServletWebServerFactoryAutoConfiguration.ForwardedHeaderFilterConfiguration:
      Did not match:
         - @ConditionalOnProperty (server.forward-headers-strategy=framework) did not find property 'server.forward-headers-strategy' (OnPropertyCondition)

   ServletWebServerFactoryConfiguration.EmbeddedJetty:
      Did not match:
         - @ConditionalOnClass did not find required classes 'org.eclipse.jetty.server.Server', 'org.eclipse.jetty.util.Loader', 'org.eclipse.jetty.ee10.webapp.WebAppContext' (OnClassCondition)

   ServletWebServerFactoryConfiguration.EmbeddedUndertow:
      Did not match:
         - @ConditionalOnClass did not find required classes 'io.undertow.Undertow', 'org.xnio.SslClientAuthMode' (OnClassCondition)

   SessionAutoConfiguration:
      Did not match:
         - @ConditionalOnClass did not find required class 'org.springframework.session.Session' (OnClassCondition)

   SimpleCacheConfiguration:
      Did not match:
         - @ConditionalOnMissingBean (types: org.springframework.cache.CacheManager; SearchStrategy: all) found beans of type 'org.springframework.cache.CacheManager' cacheManager (OnBeanCondition)
      Matched:
         - Cache org.springframework.boot.autoconfigure.cache.SimpleCacheConfiguration automatic cache type (CacheCondition)

   SpringApplicationAdminJmxAutoConfiguration:
      Did not match:
         - @ConditionalOnProperty (spring.application.admin.enabled=true) did not find property 'enabled' (OnPropertyCondition)

   SpringBootWebSecurityConfiguration.SecurityFilterChainConfiguration:
      Did not match:
         - AllNestedConditions 1 matched 1 did not; NestedCondition on DefaultWebSecurityCondition.Beans @ConditionalOnMissingBean (types: org.springframework.security.web.SecurityFilterChain; SearchStrategy: all) found beans of type 'org.springframework.security.web.SecurityFilterChain' filterChain; NestedCondition on DefaultWebSecurityCondition.Classes @ConditionalOnClass found required classes 'org.springframework.security.web.SecurityFilterChain', 'org.springframework.security.config.annotation.web.builders.HttpSecurity' (DefaultWebSecurityCondition)

   SpringBootWebSecurityConfiguration.WebSecurityEnablerConfiguration:
      Did not match:
         - @ConditionalOnMissingBean (names: springSecurityFilterChain; SearchStrategy: all) found beans named springSecurityFilterChain (OnBeanCondition)
      Matched:
         - @ConditionalOnClass found required class 'org.springframework.security.config.annotation.web.configuration.EnableWebSecurity' (OnClassCondition)

   SpringDocConfiguration#propertiesResolverForSchema:
      Did not match:
         - @ConditionalOnProperty (springdoc.api-docs.resolve-schema-properties) did not find property 'springdoc.api-docs.resolve-schema-properties' (OnPropertyCondition)

   SpringDocConfiguration#propertyCustomizingConverter:
      Did not match:
         - @ConditionalOnBean (types: org.springdoc.core.customizers.PropertyCustomizer; SearchStrategy: all) did not find any beans of type org.springdoc.core.customizers.PropertyCustomizer (OnBeanCondition)

   SpringDocConfiguration#springdocBeanFactoryPostProcessor:
      Did not match:
         - AnyNestedCondition 0 matched 2 did not; NestedCondition on CacheOrGroupedOpenApiCondition.OnCacheDisabled found non-matching nested conditions @ConditionalOnProperty (springdoc.cache.disabled) did not find property 'springdoc.cache.disabled'; NestedCondition on CacheOrGroupedOpenApiCondition.OnMultipleOpenApiSupportCondition AnyNestedCondition 0 matched 2 did not; NestedCondition on MultipleOpenApiSupportCondition.OnActuatorDifferentPort @ConditionalOnProperty (springdoc.show-actuator) did not find property 'springdoc.show-actuator'; NestedCondition on MultipleOpenApiSupportCondition.OnMultipleOpenApiSupportCondition AnyNestedCondition 0 matched 2 did not; NestedCondition on MultipleOpenApiGroupsCondition.OnGroupConfigProperty @ConditionalOnProperty (springdoc.group-configs[0].group) did not find property 'springdoc.group-configs[0].group'; NestedCondition on MultipleOpenApiGroupsCondition.OnGroupedOpenApiBean @ConditionalOnBean (types: org.springdoc.core.models.GroupedOpenApi; SearchStrategy: all) did not find any beans of type org.springdoc.core.models.GroupedOpenApi (CacheOrGroupedOpenApiCondition)
      Matched:
         - @ConditionalOnClass found required class 'org.springframework.boot.context.properties.bind.BindResult' (OnClassCondition)

   SpringDocConfiguration#springdocBeanFactoryPostProcessor2:
      Did not match:
         - @ConditionalOnMissingClass found unwanted class 'org.springframework.boot.context.properties.bind.BindResult' (OnClassCondition)

   SpringDocConfiguration.SpringDocActuatorConfiguration:
      Did not match:
         - @ConditionalOnClass did not find required class 'org.springframework.boot.actuate.autoconfigure.endpoint.web.WebEndpointProperties' (OnClassCondition)

   SpringDocConfiguration.SpringDocRepositoryRestConfiguration:
      Did not match:
         - @ConditionalOnClass did not find required class 'org.springframework.data.rest.core.config.RepositoryRestConfiguration' (OnClassCondition)

   SpringDocDataRestConfiguration:
      Did not match:
         - @ConditionalOnClass did not find required class 'org.springframework.data.rest.core.config.RepositoryRestConfiguration' (OnClassCondition)

   SpringDocFunctionCatalogConfiguration:
      Did not match:
         - @ConditionalOnClass did not find required class 'org.springframework.cloud.function.web.function.FunctionEndpointInitializer' (OnClassCondition)

   SpringDocGroovyConfiguration:
      Did not match:
         - @ConditionalOnClass did not find required class 'groovy.lang.MetaClass' (OnClassCondition)

   SpringDocHateoasConfiguration:
      Did not match:
         - @ConditionalOnClass did not find required class 'org.springframework.hateoas.server.LinkRelationProvider' (OnClassCondition)

   SpringDocJacksonKotlinModuleConfiguration:
      Did not match:
         - @ConditionalOnClass did not find required class 'com.fasterxml.jackson.module.kotlin.KotlinModule' (OnClassCondition)

   SpringDocJavadocConfiguration:
      Did not match:
         - @ConditionalOnClass did not find required class 'com.github.therapi.runtimejavadoc.CommentFormatter' (OnClassCondition)

   SpringDocKotlinConfiguration:
      Did not match:
         - @ConditionalOnClass did not find required class 'kotlin.coroutines.Continuation' (OnClassCondition)

   SpringDocKotlinxConfiguration:
      Did not match:
         - @ConditionalOnClass did not find required class 'kotlinx.coroutines.flow.Flow' (OnClassCondition)

   SpringDocSecurityConfiguration.SpringDocSecurityOAuth2Configuration:
      Did not match:
         - @ConditionalOnClass did not find required class 'org.springframework.security.oauth2.server.authorization.OAuth2AuthorizationService' (OnClassCondition)

   SpringDocSecurityConfiguration.SpringSecurityLoginEndpointConfiguration#springSecurityLoginEndpointCustomiser:
      Did not match:
         - @ConditionalOnProperty (springdoc.show-login-endpoint) did not find property 'springdoc.show-login-endpoint' (OnPropertyCondition)

   SpringDocSortConfiguration#delegatingMethodParameterCustomizer:
      Did not match:
         - @ConditionalOnMissingBean (types: org.springdoc.core.customizers.DelegatingMethodParameterCustomizer; SearchStrategy: all) found beans of type 'org.springdoc.core.customizers.DelegatingMethodParameterCustomizer' delegatingMethodParameterCustomizer (OnBeanCondition)

   SpringDocWebMvcConfiguration.SpringDocWebMvcActuatorConfiguration:
      Did not match:
         - @ConditionalOnClass did not find required class 'org.springframework.boot.actuate.endpoint.web.servlet.WebMvcEndpointHandlerMapping' (OnClassCondition)

   SwaggerConfig#springWebProvider:
      Did not match:
         - @ConditionalOnMissingBean (types: org.springdoc.core.providers.SpringWebProvider; SearchStrategy: all) found beans of type 'org.springdoc.core.providers.SpringWebProvider' springWebProvider (OnBeanCondition)

   SwaggerConfig#swaggerUiConfigParameters:
      Did not match:
         - @ConditionalOnMissingBean (types: org.springdoc.core.properties.SwaggerUiConfigParameters; SearchStrategy: all) found beans of type 'org.springdoc.core.properties.SwaggerUiConfigParameters' org.springdoc.core.properties.SwaggerUiConfigParameters (OnBeanCondition)

   SwaggerConfig#swaggerUiHome:
      Did not match:
         - @ConditionalOnProperty (springdoc.swagger-ui.use-root-path=true) did not find property 'springdoc.swagger-ui.use-root-path' (OnPropertyCondition)

   SwaggerConfig.SwaggerActuatorWelcomeConfiguration:
      Did not match:
         - @ConditionalOnClass did not find required class 'org.springframework.boot.actuate.endpoint.web.servlet.WebMvcEndpointHandlerMapping' (OnClassCondition)

   TaskExecutorConfigurations.SimpleAsyncTaskExecutorBuilderConfiguration#simpleAsyncTaskExecutorBuilderVirtualThreads:
      Did not match:
         - @ConditionalOnMissingBean (types: org.springframework.boot.task.SimpleAsyncTaskExecutorBuilder; SearchStrategy: all) found beans of type 'org.springframework.boot.task.SimpleAsyncTaskExecutorBuilder' simpleAsyncTaskExecutorBuilder (OnBeanCondition)

   TaskExecutorConfigurations.TaskExecutorConfiguration#applicationTaskExecutorVirtualThreads:
      Did not match:
         - @ConditionalOnThreading did not find VIRTUAL (OnThreadingCondition)

   TaskSchedulingAutoConfiguration#scheduledBeanLazyInitializationExcludeFilter:
      Did not match:
         - @ConditionalOnBean (names: org.springframework.context.annotation.internalScheduledAnnotationProcessor; SearchStrategy: all) did not find any beans named org.springframework.context.annotation.internalScheduledAnnotationProcessor (OnBeanCondition)

   TaskSchedulingConfigurations.SimpleAsyncTaskSchedulerBuilderConfiguration#simpleAsyncTaskSchedulerBuilderVirtualThreads:
      Did not match:
         - @ConditionalOnMissingBean (types: org.springframework.boot.task.SimpleAsyncTaskSchedulerBuilder; SearchStrategy: all) found beans of type 'org.springframework.boot.task.SimpleAsyncTaskSchedulerBuilder' simpleAsyncTaskSchedulerBuilder (OnBeanCondition)

   TaskSchedulingConfigurations.TaskSchedulerConfiguration:
      Did not match:
         - @ConditionalOnBean (names: org.springframework.context.annotation.internalScheduledAnnotationProcessor; SearchStrategy: all) did not find any beans named org.springframework.context.annotation.internalScheduledAnnotationProcessor (OnBeanCondition)

   ThymeleafAutoConfiguration:
      Did not match:
         - @ConditionalOnClass did not find required class 'org.thymeleaf.spring6.SpringTemplateEngine' (OnClassCondition)

   TransactionAutoConfiguration#transactionalOperator:
      Did not match:
         - @ConditionalOnSingleCandidate (types: org.springframework.transaction.ReactiveTransactionManager; SearchStrategy: all) did not find any beans (OnBeanCondition)

   TransactionAutoConfiguration.AspectJTransactionManagementConfiguration:
      Did not match:
         - @ConditionalOnBean (types: org.springframework.transaction.aspectj.AbstractTransactionAspect; SearchStrategy: all) did not find any beans of type org.springframework.transaction.aspectj.AbstractTransactionAspect (OnBeanCondition)

   TransactionAutoConfiguration.EnableTransactionManagementConfiguration.JdkDynamicAutoProxyConfiguration:
      Did not match:
         - @ConditionalOnProperty (spring.aop.proxy-target-class=false) did not find property 'proxy-target-class' (OnPropertyCondition)

   UserDetailsServiceAutoConfiguration:
      Did not match:
         - @ConditionalOnMissingBean (types: org.springframework.security.authentication.AuthenticationManager,org.springframework.security.authentication.AuthenticationProvider,org.springframework.security.core.userdetails.UserDetailsService,org.springframework.security.authentication.AuthenticationManagerResolver,org.springframework.security.oauth2.jwt.JwtDecoder; SearchStrategy: all) found beans of type 'org.springframework.security.authentication.AuthenticationManager' authenticationManager and found beans of type 'org.springframework.security.core.userdetails.UserDetailsService' customUserDetailsService (OnBeanCondition)
      Matched:
         - @ConditionalOnClass found required class 'org.springframework.security.authentication.AuthenticationManager' (OnClassCondition)
         - AnyNestedCondition 3 matched 0 did not; NestedCondition on UserDetailsServiceAutoConfiguration.MissingAlternativeOrUserPropertiesConfigured.PasswordConfigured @ConditionalOnProperty (spring.security.user.password) matched; NestedCondition on UserDetailsServiceAutoConfiguration.MissingAlternativeOrUserPropertiesConfigured.NameConfigured @ConditionalOnProperty (spring.security.user.name) matched; NestedCondition on UserDetailsServiceAutoConfiguration.MissingAlternativeOrUserPropertiesConfigured.MissingAlternative @ConditionalOnMissingClass did not find unwanted classes 'org.springframework.security.oauth2.client.registration.ClientRegistrationRepository', 'org.springframework.security.oauth2.server.resource.introspection.OpaqueTokenIntrospector', 'org.springframework.security.saml2.provider.service.registration.RelyingPartyRegistrationRepository' (UserDetailsServiceAutoConfiguration.MissingAlternativeOrUserPropertiesConfigured)

   ValidationAutoConfiguration:
      Did not match:
         - @ConditionalOnResource did not find resource 'classpath:META-INF/services/jakarta.validation.spi.ValidationProvider' (OnResourceCondition)
      Matched:
         - @ConditionalOnClass found required class 'jakarta.validation.executable.ExecutableValidator' (OnClassCondition)

   WebClientAutoConfiguration:
      Did not match:
         - @ConditionalOnClass did not find required class 'org.springframework.web.reactive.function.client.WebClient' (OnClassCondition)

   WebFluxAutoConfiguration:
      Did not match:
         - @ConditionalOnClass did not find required class 'org.springframework.web.reactive.config.WebFluxConfigurer' (OnClassCondition)

   WebMvcAutoConfiguration#hiddenHttpMethodFilter:
      Did not match:
         - @ConditionalOnProperty (spring.mvc.hiddenmethod.filter.enabled) did not find property 'enabled' (OnPropertyCondition)

   WebMvcAutoConfiguration.ProblemDetailsErrorHandlingConfiguration:
      Did not match:
         - @ConditionalOnProperty (spring.mvc.problemdetails.enabled=true) did not find property 'enabled' (OnPropertyCondition)

   WebMvcAutoConfiguration.ResourceChainCustomizerConfiguration:
      Did not match:
         - @ConditionalOnEnabledResourceChain did not find class org.webjars.WebJarAssetLocator (OnEnabledResourceChainCondition)

   WebMvcAutoConfiguration.WebMvcAutoConfigurationAdapter#beanNameViewResolver:
      Did not match:
         - @ConditionalOnMissingBean (types: org.springframework.web.servlet.view.BeanNameViewResolver; SearchStrategy: all) found beans of type 'org.springframework.web.servlet.view.BeanNameViewResolver' beanNameViewResolver (OnBeanCondition)

   WebServiceTemplateAutoConfiguration:
      Did not match:
         - @ConditionalOnClass did not find required class 'org.springframework.ws.client.core.WebServiceTemplate' (OnClassCondition)

   WebServicesAutoConfiguration:
      Did not match:
         - @ConditionalOnClass did not find required class 'org.springframework.ws.transport.http.MessageDispatcherServlet' (OnClassCondition)

   WebSessionIdResolverAutoConfiguration:
      Did not match:
         - @ConditionalOnWebApplication did not find reactive web application classes (OnWebApplicationCondition)

   WebSocketMessagingAutoConfiguration:
      Did not match:
         - @ConditionalOnClass did not find required class 'org.springframework.web.socket.config.annotation.WebSocketMessageBrokerConfigurer' (OnClassCondition)

   WebSocketReactiveAutoConfiguration:
      Did not match:
         - @ConditionalOnWebApplication did not find reactive web application classes (OnWebApplicationCondition)

   WebSocketServletAutoConfiguration.JettyWebSocketConfiguration:
      Did not match:
         - @ConditionalOnClass did not find required class 'org.eclipse.jetty.ee10.websocket.jakarta.server.config.JakartaWebSocketServletContainerInitializer' (OnClassCondition)

   WebSocketServletAutoConfiguration.UndertowWebSocketConfiguration:
      Did not match:
         - @ConditionalOnClass did not find required class 'io.undertow.websockets.jsr.Bootstrap' (OnClassCondition)

   XADataSourceAutoConfiguration:
      Did not match:
         - @ConditionalOnBean (types: org.springframework.boot.jdbc.XADataSourceWrapper; SearchStrategy: all) did not find any beans of type org.springframework.boot.jdbc.XADataSourceWrapper (OnBeanCondition)
      Matched:
         - @ConditionalOnClass found required classes 'javax.sql.DataSource', 'jakarta.transaction.TransactionManager', 'org.springframework.jdbc.datasource.embedded.EmbeddedDatabaseType' (OnClassCondition)


Exclusions:
-----------

    None


Unconditional classes:
----------------------

    org.springframework.boot.autoconfigure.context.ConfigurationPropertiesAutoConfiguration

    org.springframework.boot.autoconfigure.ssl.SslAutoConfiguration

    org.springframework.boot.autoconfigure.context.PropertyPlaceholderAutoConfiguration

    org.springframework.boot.autoconfigure.context.LifecycleAutoConfiguration

    org.springframework.boot.autoconfigure.availability.ApplicationAvailabilityAutoConfiguration

    org.springframework.boot.autoconfigure.info.ProjectInfoAutoConfiguration



2024-06-12T14:28:36.552+03:00  INFO 12012 --- [URL Shortener] [           main] c.e.u.UrlProfileValidationServiceTest    : Started UrlProfileValidationServiceTest in 4.788 seconds (process running for 20.362)
2024-06-12T14:28:36.556+03:00 DEBUG 12012 --- [URL Shortener] [           main] o.s.b.a.ApplicationAvailabilityBean      : Application availability state LivenessState changed to CORRECT
2024-06-12T14:28:36.559+03:00 DEBUG 12012 --- [URL Shortener] [           main] o.s.b.a.ApplicationAvailabilityBean      : Application availability state ReadinessState changed to ACCEPTING_TRAFFIC
2024-06-12T14:28:36.559+03:00 DEBUG 12012 --- [URL Shortener] [           main] org.springframework.test.context.cache   : Spring test ApplicationContext cache statistics: [DefaultContextCache@6bf0f70a size = 1, maxSize = 32, parentContextCount = 0, hitCount = 0, missCount = 21, failureCount = 2]
2024-06-12T14:28:36.559+03:00 DEBUG 12012 --- [URL Shortener] [           main] o.s.t.c.w.ServletTestExecutionListener   : Setting up MockHttpServletRequest, MockHttpServletResponse, ServletWebRequest, and RequestContextHolder for test class com.example.url_profile.UrlProfileValidationServiceTest
2024-06-12T14:28:36.573+03:00 DEBUG 12012 --- [URL Shortener] [           main] DependencyInjectionTestExecutionListener : Performing dependency injection for test class com.example.url_profile.UrlProfileValidationServiceTest
2024-06-12T14:28:36.573+03:00 DEBUG 12012 --- [URL Shortener] [           main] org.springframework.test.context.cache   : Spring test ApplicationContext cache statistics: [DefaultContextCache@6bf0f70a size = 1, maxSize = 32, parentContextCount = 0, hitCount = 1, missCount = 21, failureCount = 2]
2024-06-12T14:28:36.575+03:00 DEBUG 12012 --- [URL Shortener] [           main] org.springframework.test.context.cache   : Spring test ApplicationContext cache statistics: [DefaultContextCache@6bf0f70a size = 1, maxSize = 32, parentContextCount = 0, hitCount = 2, missCount = 21, failureCount = 2]
2024-06-12T14:28:36.579+03:00 DEBUG 12012 --- [URL Shortener] [           main] sContextBeforeModesTestExecutionListener : Before test method: class [UrlProfileValidationServiceTest], method [isValidURLTest], class annotated with @DirtiesContext [false] with mode [null], method annotated with @DirtiesContext [false] with mode [null]
2024-06-12T14:28:36.581+03:00 DEBUG 12012 --- [URL Shortener] [           main] org.springframework.test.context.cache   : Spring test ApplicationContext cache statistics: [DefaultContextCache@6bf0f70a size = 1, maxSize = 32, parentContextCount = 0, hitCount = 3, missCount = 21, failureCount = 2]
2024-06-12T14:28:36.581+03:00 DEBUG 12012 --- [URL Shortener] [           main] org.springframework.test.context.cache   : Spring test ApplicationContext cache statistics: [DefaultContextCache@6bf0f70a size = 1, maxSize = 32, parentContextCount = 0, hitCount = 4, missCount = 21, failureCount = 2]
2024-06-12T14:28:36.609+03:00 DEBUG 12012 --- [URL Shortener] [           main] java.lang.ProcessBuilder                 : ProcessBuilder.start(): pid: 9348, dir: null, cmd: "C:\Program Files\Java\jdk-21\bin\java.exe"

java.lang.RuntimeException: ProcessBuilder.start() debug
	at java.base/java.lang.ProcessBuilder.start(ProcessBuilder.java:1147) ~[na:na]
	at java.base/java.lang.ProcessBuilder.start(ProcessBuilder.java:1089) ~[na:na]
	at net.bytebuddy.agent.ByteBuddyAgent.installExternal(ByteBuddyAgent.java:705) ~[byte-buddy-agent-1.14.16.jar:na]
	at net.bytebuddy.agent.ByteBuddyAgent.install(ByteBuddyAgent.java:636) ~[byte-buddy-agent-1.14.16.jar:na]
	at net.bytebuddy.agent.ByteBuddyAgent.install(ByteBuddyAgent.java:616) ~[byte-buddy-agent-1.14.16.jar:na]
	at net.bytebuddy.agent.ByteBuddyAgent.install(ByteBuddyAgent.java:568) ~[byte-buddy-agent-1.14.16.jar:na]
	at net.bytebuddy.agent.ByteBuddyAgent.install(ByteBuddyAgent.java:545) ~[byte-buddy-agent-1.14.16.jar:na]
	at org.mockito.internal.creation.bytebuddy.InlineDelegateByteBuddyMockMaker.<clinit>(InlineDelegateByteBuddyMockMaker.java:133) ~[mockito-core-5.11.0.jar:na]
	at org.mockito.internal.creation.bytebuddy.InlineByteBuddyMockMaker.<init>(InlineByteBuddyMockMaker.java:23) ~[mockito-core-5.11.0.jar:na]
	at java.base/jdk.internal.reflect.DirectConstructorHandleAccessor.newInstance(DirectConstructorHandleAccessor.java:62) ~[na:na]
	at java.base/java.lang.reflect.Constructor.newInstanceWithCaller(Constructor.java:502) ~[na:na]
	at java.base/java.lang.reflect.Constructor.newInstance(Constructor.java:486) ~[na:na]
	at org.mockito.internal.configuration.plugins.DefaultMockitoPlugins.create(DefaultMockitoPlugins.java:103) ~[mockito-core-5.11.0.jar:na]
	at org.mockito.internal.configuration.plugins.DefaultMockitoPlugins.getDefaultPlugin(DefaultMockitoPlugins.java:79) ~[mockito-core-5.11.0.jar:na]
	at org.mockito.internal.configuration.plugins.PluginLoader.loadPlugin(PluginLoader.java:75) ~[mockito-core-5.11.0.jar:na]
	at org.mockito.internal.configuration.plugins.PluginLoader.loadPlugin(PluginLoader.java:49) ~[mockito-core-5.11.0.jar:na]
	at org.mockito.internal.configuration.plugins.PluginRegistry.<init>(PluginRegistry.java:29) ~[mockito-core-5.11.0.jar:na]
	at org.mockito.internal.configuration.plugins.Plugins.<clinit>(Plugins.java:26) ~[mockito-core-5.11.0.jar:na]
	at org.mockito.internal.MockitoCore.<clinit>(MockitoCore.java:71) ~[mockito-core-5.11.0.jar:na]
	at org.mockito.Mockito.<clinit>(Mockito.java:1683) ~[mockito-core-5.11.0.jar:na]
	at org.springframework.boot.test.mock.mockito.MockReset.get(MockReset.java:105) ~[spring-boot-test-3.3.0.jar:3.3.0]
	at org.springframework.boot.test.mock.mockito.ResetMocksTestExecutionListener.resetMocks(ResetMocksTestExecutionListener.java:85) ~[spring-boot-test-3.3.0.jar:3.3.0]
	at org.springframework.boot.test.mock.mockito.ResetMocksTestExecutionListener.resetMocks(ResetMocksTestExecutionListener.java:73) ~[spring-boot-test-3.3.0.jar:3.3.0]
	at org.springframework.boot.test.mock.mockito.ResetMocksTestExecutionListener.beforeTestMethod(ResetMocksTestExecutionListener.java:60) ~[spring-boot-test-3.3.0.jar:3.3.0]
	at org.springframework.test.context.TestContextManager.beforeTestMethod(TestContextManager.java:320) ~[spring-test-6.1.8.jar:6.1.8]
	at org.springframework.test.context.junit.jupiter.SpringExtension.beforeEach(SpringExtension.java:240) ~[spring-test-6.1.8.jar:6.1.8]
	at org.junit.jupiter.engine.descriptor.TestMethodTestDescriptor.lambda$invokeBeforeEachCallbacks$2(TestMethodTestDescriptor.java:167) ~[junit-jupiter-engine-5.10.2.jar:5.10.2]
	at org.junit.jupiter.engine.descriptor.TestMethodTestDescriptor.lambda$invokeBeforeMethodsOrCallbacksUntilExceptionOccurs$6(TestMethodTestDescriptor.java:203) ~[junit-jupiter-engine-5.10.2.jar:5.10.2]
	at org.junit.platform.engine.support.hierarchical.ThrowableCollector.execute(ThrowableCollector.java:73) ~[junit-platform-engine-1.10.2.jar:1.10.2]
	at org.junit.jupiter.engine.descriptor.TestMethodTestDescriptor.invokeBeforeMethodsOrCallbacksUntilExceptionOccurs(TestMethodTestDescriptor.java:203) ~[junit-jupiter-engine-5.10.2.jar:5.10.2]
	at org.junit.jupiter.engine.descriptor.TestMethodTestDescriptor.invokeBeforeEachCallbacks(TestMethodTestDescriptor.java:166) ~[junit-jupiter-engine-5.10.2.jar:5.10.2]
	at org.junit.jupiter.engine.descriptor.TestMethodTestDescriptor.execute(TestMethodTestDescriptor.java:133) ~[junit-jupiter-engine-5.10.2.jar:5.10.2]
	at org.junit.jupiter.engine.descriptor.TestMethodTestDescriptor.execute(TestMethodTestDescriptor.java:69) ~[junit-jupiter-engine-5.10.2.jar:5.10.2]
	at org.junit.platform.engine.support.hierarchical.NodeTestTask.lambda$executeRecursively$6(NodeTestTask.java:151) ~[junit-platform-engine-1.10.2.jar:1.10.2]
	at org.junit.platform.engine.support.hierarchical.ThrowableCollector.execute(ThrowableCollector.java:73) ~[junit-platform-engine-1.10.2.jar:1.10.2]
	at org.junit.platform.engine.support.hierarchical.NodeTestTask.lambda$executeRecursively$8(NodeTestTask.java:141) ~[junit-platform-engine-1.10.2.jar:1.10.2]
	at org.junit.platform.engine.support.hierarchical.Node.around(Node.java:137) ~[junit-platform-engine-1.10.2.jar:1.10.2]
	at org.junit.platform.engine.support.hierarchical.NodeTestTask.lambda$executeRecursively$9(NodeTestTask.java:139) ~[junit-platform-engine-1.10.2.jar:1.10.2]
	at org.junit.platform.engine.support.hierarchical.ThrowableCollector.execute(ThrowableCollector.java:73) ~[junit-platform-engine-1.10.2.jar:1.10.2]
	at org.junit.platform.engine.support.hierarchical.NodeTestTask.executeRecursively(NodeTestTask.java:138) ~[junit-platform-engine-1.10.2.jar:1.10.2]
	at org.junit.platform.engine.support.hierarchical.NodeTestTask.execute(NodeTestTask.java:95) ~[junit-platform-engine-1.10.2.jar:1.10.2]
	at java.base/java.util.ArrayList.forEach(ArrayList.java:1596) ~[na:na]
	at org.junit.platform.engine.support.hierarchical.SameThreadHierarchicalTestExecutorService.invokeAll(SameThreadHierarchicalTestExecutorService.java:41) ~[junit-platform-engine-1.10.2.jar:1.10.2]
	at org.junit.platform.engine.support.hierarchical.NodeTestTask.lambda$executeRecursively$6(NodeTestTask.java:155) ~[junit-platform-engine-1.10.2.jar:1.10.2]
	at org.junit.platform.engine.support.hierarchical.ThrowableCollector.execute(ThrowableCollector.java:73) ~[junit-platform-engine-1.10.2.jar:1.10.2]
	at org.junit.platform.engine.support.hierarchical.NodeTestTask.lambda$executeRecursively$8(NodeTestTask.java:141) ~[junit-platform-engine-1.10.2.jar:1.10.2]
	at org.junit.platform.engine.support.hierarchical.Node.around(Node.java:137) ~[junit-platform-engine-1.10.2.jar:1.10.2]
	at org.junit.platform.engine.support.hierarchical.NodeTestTask.lambda$executeRecursively$9(NodeTestTask.java:139) ~[junit-platform-engine-1.10.2.jar:1.10.2]
	at org.junit.platform.engine.support.hierarchical.ThrowableCollector.execute(ThrowableCollector.java:73) ~[junit-platform-engine-1.10.2.jar:1.10.2]
	at org.junit.platform.engine.support.hierarchical.NodeTestTask.executeRecursively(NodeTestTask.java:138) ~[junit-platform-engine-1.10.2.jar:1.10.2]
	at org.junit.platform.engine.support.hierarchical.NodeTestTask.execute(NodeTestTask.java:95) ~[junit-platform-engine-1.10.2.jar:1.10.2]
	at java.base/java.util.ArrayList.forEach(ArrayList.java:1596) ~[na:na]
	at org.junit.platform.engine.support.hierarchical.SameThreadHierarchicalTestExecutorService.invokeAll(SameThreadHierarchicalTestExecutorService.java:41) ~[junit-platform-engine-1.10.2.jar:1.10.2]
	at org.junit.platform.engine.support.hierarchical.NodeTestTask.lambda$executeRecursively$6(NodeTestTask.java:155) ~[junit-platform-engine-1.10.2.jar:1.10.2]
	at org.junit.platform.engine.support.hierarchical.ThrowableCollector.execute(ThrowableCollector.java:73) ~[junit-platform-engine-1.10.2.jar:1.10.2]
	at org.junit.platform.engine.support.hierarchical.NodeTestTask.lambda$executeRecursively$8(NodeTestTask.java:141) ~[junit-platform-engine-1.10.2.jar:1.10.2]
	at org.junit.platform.engine.support.hierarchical.Node.around(Node.java:137) ~[junit-platform-engine-1.10.2.jar:1.10.2]
	at org.junit.platform.engine.support.hierarchical.NodeTestTask.lambda$executeRecursively$9(NodeTestTask.java:139) ~[junit-platform-engine-1.10.2.jar:1.10.2]
	at org.junit.platform.engine.support.hierarchical.ThrowableCollector.execute(ThrowableCollector.java:73) ~[junit-platform-engine-1.10.2.jar:1.10.2]
	at org.junit.platform.engine.support.hierarchical.NodeTestTask.executeRecursively(NodeTestTask.java:138) ~[junit-platform-engine-1.10.2.jar:1.10.2]
	at org.junit.platform.engine.support.hierarchical.NodeTestTask.execute(NodeTestTask.java:95) ~[junit-platform-engine-1.10.2.jar:1.10.2]
	at org.junit.platform.engine.support.hierarchical.SameThreadHierarchicalTestExecutorService.submit(SameThreadHierarchicalTestExecutorService.java:35) ~[junit-platform-engine-1.10.2.jar:1.10.2]
	at org.junit.platform.engine.support.hierarchical.HierarchicalTestExecutor.execute(HierarchicalTestExecutor.java:57) ~[junit-platform-engine-1.10.2.jar:1.10.2]
	at org.junit.platform.engine.support.hierarchical.HierarchicalTestEngine.execute(HierarchicalTestEngine.java:54) ~[junit-platform-engine-1.10.2.jar:1.10.2]
	at org.junit.platform.launcher.core.EngineExecutionOrchestrator.execute(EngineExecutionOrchestrator.java:198) ~[junit-platform-launcher-1.10.2.jar:1.10.2]
	at org.junit.platform.launcher.core.EngineExecutionOrchestrator.execute(EngineExecutionOrchestrator.java:169) ~[junit-platform-launcher-1.10.2.jar:1.10.2]
	at org.junit.platform.launcher.core.EngineExecutionOrchestrator.execute(EngineExecutionOrchestrator.java:93) ~[junit-platform-launcher-1.10.2.jar:1.10.2]
	at org.junit.platform.launcher.core.EngineExecutionOrchestrator.lambda$execute$0(EngineExecutionOrchestrator.java:58) ~[junit-platform-launcher-1.10.2.jar:1.10.2]
	at org.junit.platform.launcher.core.EngineExecutionOrchestrator.withInterceptedStreams(EngineExecutionOrchestrator.java:141) ~[junit-platform-launcher-1.10.2.jar:1.10.2]
	at org.junit.platform.launcher.core.EngineExecutionOrchestrator.execute(EngineExecutionOrchestrator.java:57) ~[junit-platform-launcher-1.10.2.jar:1.10.2]
	at org.junit.platform.launcher.core.DefaultLauncher.execute(DefaultLauncher.java:103) ~[junit-platform-launcher-1.10.2.jar:1.10.2]
	at org.junit.platform.launcher.core.DefaultLauncher.execute(DefaultLauncher.java:85) ~[junit-platform-launcher-1.10.2.jar:1.10.2]
	at org.junit.platform.launcher.core.DelegatingLauncher.execute(DelegatingLauncher.java:47) ~[junit-platform-launcher-1.10.2.jar:1.10.2]
	at org.apache.maven.surefire.junitplatform.LazyLauncher.execute(LazyLauncher.java:56) ~[surefire-junit-platform-3.2.5.jar:3.2.5]
	at org.apache.maven.surefire.junitplatform.JUnitPlatformProvider.execute(JUnitPlatformProvider.java:184) ~[surefire-junit-platform-3.2.5.jar:3.2.5]
	at org.apache.maven.surefire.junitplatform.JUnitPlatformProvider.invokeAllTests(JUnitPlatformProvider.java:148) ~[surefire-junit-platform-3.2.5.jar:3.2.5]
	at org.apache.maven.surefire.junitplatform.JUnitPlatformProvider.invoke(JUnitPlatformProvider.java:122) ~[surefire-junit-platform-3.2.5.jar:3.2.5]
	at org.apache.maven.surefire.booter.ForkedBooter.runSuitesInProcess(ForkedBooter.java:385) ~[surefire-booter-3.2.5.jar:3.2.5]
	at org.apache.maven.surefire.booter.ForkedBooter.execute(ForkedBooter.java:162) ~[surefire-booter-3.2.5.jar:3.2.5]
	at org.apache.maven.surefire.booter.ForkedBooter.run(ForkedBooter.java:507) ~[surefire-booter-3.2.5.jar:3.2.5]
	at org.apache.maven.surefire.booter.ForkedBooter.main(ForkedBooter.java:495) ~[surefire-booter-3.2.5.jar:3.2.5]

2024-06-12T14:28:36.982+03:00 DEBUG 12012 --- [URL Shortener] [           main] org.springframework.test.context.cache   : Spring test ApplicationContext cache statistics: [DefaultContextCache@6bf0f70a size = 1, maxSize = 32, parentContextCount = 0, hitCount = 5, missCount = 21, failureCount = 2]
2024-06-12T14:28:37.047+03:00 DEBUG 12012 --- [URL Shortener] [           main] jdk.event.security                       : X509Certificate: Alg:SHA256withRSA, Serial:570a119742c4e3cc, Subject:CN=Actalis Authentication Root CA, O=Actalis S.p.A./03358520967, L=Milan, C=IT, Issuer:CN=Actalis Authentication Root CA, O=Actalis S.p.A./03358520967, L=Milan, C=IT, Key type:RSA, Length:4096, Cert Id:1729119956, Valid from:22.09.11, 14:22, Valid until:22.09.30, 14:22
2024-06-12T14:28:37.049+03:00 DEBUG 12012 --- [URL Shortener] [           main] jdk.event.security                       : X509Certificate: Alg:SHA1withRSA, Serial:1, Subject:CN=AddTrust External CA Root, OU=AddTrust External TTP Network, O=AddTrust AB, C=SE, Issuer:CN=AddTrust External CA Root, OU=AddTrust External TTP Network, O=AddTrust AB, C=SE, Key type:RSA, Length:2048, Cert Id:3968614624, Valid from:30.05.00, 13:48, Valid until:30.05.20, 13:48
2024-06-12T14:28:37.050+03:00 DEBUG 12012 --- [URL Shortener] [           main] jdk.event.security                       : X509Certificate: Alg:SHA1withRSA, Serial:1, Subject:CN=AddTrust Qualified CA Root, OU=AddTrust TTP Network, O=AddTrust AB, C=SE, Issuer:CN=AddTrust Qualified CA Root, OU=AddTrust TTP Network, O=AddTrust AB, C=SE, Key type:RSA, Length:2048, Cert Id:607365522, Valid from:30.05.00, 13:44, Valid until:30.05.20, 13:44
2024-06-12T14:28:37.051+03:00 DEBUG 12012 --- [URL Shortener] [           main] jdk.event.security                       : X509Certificate: Alg:SHA256withRSA, Serial:7777062726a9b17c, Subject:CN=AffirmTrust Commercial, O=AffirmTrust, C=US, Issuer:CN=AffirmTrust Commercial, O=AffirmTrust, C=US, Key type:RSA, Length:2048, Cert Id:630485644, Valid from:29.01.10, 16:06, Valid until:31.12.30, 16:06
2024-06-12T14:28:37.053+03:00 DEBUG 12012 --- [URL Shortener] [           main] jdk.event.security                       : X509Certificate: Alg:SHA1withRSA, Serial:7c4f04391cd4992d, Subject:CN=AffirmTrust Networking, O=AffirmTrust, C=US, Issuer:CN=AffirmTrust Networking, O=AffirmTrust, C=US, Key type:RSA, Length:2048, Cert Id:651670175, Valid from:29.01.10, 16:08, Valid until:31.12.30, 16:08
2024-06-12T14:28:37.055+03:00 DEBUG 12012 --- [URL Shortener] [           main] jdk.event.security                       : X509Certificate: Alg:SHA384withRSA, Serial:6d8c1446b1a60aee, Subject:CN=AffirmTrust Premium, O=AffirmTrust, C=US, Issuer:CN=AffirmTrust Premium, O=AffirmTrust, C=US, Key type:RSA, Length:4096, Cert Id:2164683341, Valid from:29.01.10, 16:10, Valid until:31.12.40, 16:10
2024-06-12T14:28:37.057+03:00 DEBUG 12012 --- [URL Shortener] [           main] jdk.event.security                       : X509Certificate: Alg:SHA384withECDSA, Serial:7497258ac73f7a54, Subject:CN=AffirmTrust Premium ECC, O=AffirmTrust, C=US, Issuer:CN=AffirmTrust Premium ECC, O=AffirmTrust, C=US, Key type:EC, Length:384, Cert Id:2214603510, Valid from:29.01.10, 16:20, Valid until:31.12.40, 16:20
2024-06-12T14:28:37.058+03:00 DEBUG 12012 --- [URL Shortener] [           main] jdk.event.security                       : X509Certificate: Alg:SHA256withRSA, Serial:66c9fcf99bf8c0a39e2f0788a43e696365bca, Subject:CN=Amazon Root CA 1, O=Amazon, C=US, Issuer:CN=Amazon Root CA 1, O=Amazon, C=US, Key type:RSA, Length:2048, Cert Id:2822522334, Valid from:26.05.15, 03:00, Valid until:17.01.38, 02:00
2024-06-12T14:28:37.059+03:00 DEBUG 12012 --- [URL Shortener] [           main] jdk.event.security                       : X509Certificate: Alg:SHA384withRSA, Serial:66c9fd29635869f0a0fe58678f85b26bb8a37, Subject:CN=Amazon Root CA 2, O=Amazon, C=US, Issuer:CN=Amazon Root CA 2, O=Amazon, C=US, Key type:RSA, Length:4096, Cert Id:2528834908, Valid from:26.05.15, 03:00, Valid until:26.05.40, 03:00
2024-06-12T14:28:37.060+03:00 DEBUG 12012 --- [URL Shortener] [           main] jdk.event.security                       : X509Certificate: Alg:SHA256withECDSA, Serial:66c9fd5749736663f3b0b9ad9e89e7603f24a, Subject:CN=Amazon Root CA 3, O=Amazon, C=US, Issuer:CN=Amazon Root CA 3, O=Amazon, C=US, Key type:EC, Length:256, Cert Id:2732679773, Valid from:26.05.15, 03:00, Valid until:26.05.40, 03:00
2024-06-12T14:28:37.061+03:00 DEBUG 12012 --- [URL Shortener] [           main] jdk.event.security                       : X509Certificate: Alg:SHA384withECDSA, Serial:66c9fd7c1bb104c2943e5717b7b2cc81ac10e, Subject:CN=Amazon Root CA 4, O=Amazon, C=US, Issuer:CN=Amazon Root CA 4, O=Amazon, C=US, Key type:EC, Length:384, Cert Id:2640694783, Valid from:26.05.15, 03:00, Valid until:26.05.40, 03:00
2024-06-12T14:28:37.062+03:00 DEBUG 12012 --- [URL Shortener] [           main] jdk.event.security                       : X509Certificate: Alg:SHA1withRSA, Serial:20000b9, Subject:CN=Baltimore CyberTrust Root, OU=CyberTrust, O=Baltimore, C=IE, Issuer:CN=Baltimore CyberTrust Root, OU=CyberTrust, O=Baltimore, C=IE, Key type:RSA, Length:2048, Cert Id:1425294543, Valid from:12.05.00, 21:46, Valid until:13.05.25, 02:59
2024-06-12T14:28:37.063+03:00 DEBUG 12012 --- [URL Shortener] [           main] jdk.event.security                       : X509Certificate: Alg:SHA256withRSA, Serial:2, Subject:CN=Buypass Class 2 Root CA, O=Buypass AS-983163327, C=NO, Issuer:CN=Buypass Class 2 Root CA, O=Buypass AS-983163327, C=NO, Key type:RSA, Length:4096, Cert Id:969960563, Valid from:26.10.10, 11:38, Valid until:26.10.40, 11:38
2024-06-12T14:28:37.063+03:00 DEBUG 12012 --- [URL Shortener] [           main] jdk.event.security                       : X509Certificate: Alg:SHA256withRSA, Serial:2, Subject:CN=Buypass Class 3 Root CA, O=Buypass AS-983163327, C=NO, Issuer:CN=Buypass Class 3 Root CA, O=Buypass AS-983163327, C=NO, Key type:RSA, Length:4096, Cert Id:1264269967, Valid from:26.10.10, 11:28, Valid until:26.10.40, 11:28
2024-06-12T14:28:37.065+03:00 DEBUG 12012 --- [URL Shortener] [           main] jdk.event.security                       : X509Certificate: Alg:SHA1withRSA, Serial:a3da427ea4b1aeda, Subject:CN=Chambers of Commerce Root - 2008, O=AC Camerfirma S.A., SERIALNUMBER=A82743287, L=Madrid (see current address at www.camerfirma.com/address), C=EU, Issuer:CN=Chambers of Commerce Root - 2008, O=AC Camerfirma S.A., SERIALNUMBER=A82743287, L=Madrid (see current address at www.camerfirma.com/address), C=EU, Key type:RSA, Length:4096, Cert Id:4266703372, Valid from:01.08.08, 15:29, Valid until:31.07.38, 15:29
2024-06-12T14:28:37.077+03:00 DEBUG 12012 --- [URL Shortener] [           main] jdk.event.security                       : X509Certificate: Alg:SHA1withRSA, Serial:0, Subject:CN=Chambers of Commerce Root, OU=http://www.chambersign.org, O=AC Camerfirma SA CIF A82743287, C=EU, Issuer:CN=Chambers of Commerce Root, OU=http://www.chambersign.org, O=AC Camerfirma SA CIF A82743287, C=EU, Key type:RSA, Length:2048, Cert Id:1827306452, Valid from:30.09.03, 19:13, Valid until:30.09.37, 19:13
2024-06-12T14:28:37.079+03:00 DEBUG 12012 --- [URL Shortener] [           main] jdk.event.security                       : X509Certificate: Alg:SHA1withRSA, Serial:c9cdd3e9d57d23ce, Subject:CN=Global Chambersign Root - 2008, O=AC Camerfirma S.A., SERIALNUMBER=A82743287, L=Madrid (see current address at www.camerfirma.com/address), C=EU, Issuer:CN=Global Chambersign Root - 2008, O=AC Camerfirma S.A., SERIALNUMBER=A82743287, L=Madrid (see current address at www.camerfirma.com/address), C=EU, Key type:RSA, Length:4096, Cert Id:1271252776, Valid from:01.08.08, 15:31, Valid until:31.07.38, 15:31
2024-06-12T14:28:37.080+03:00 DEBUG 12012 --- [URL Shortener] [           main] jdk.event.security                       : X509Certificate: Alg:SHA1withRSA, Serial:fedce3010fc948ff, Subject:CN=Certigna, O=Dhimyotis, C=FR, Issuer:CN=Certigna, O=Dhimyotis, C=FR, Key type:RSA, Length:2048, Cert Id:3506875840, Valid from:29.06.07, 18:13, Valid until:29.06.27, 18:13
2024-06-12T14:28:37.081+03:00 DEBUG 12012 --- [URL Shortener] [           main] jdk.event.security                       : X509Certificate: Alg:SHA256withRSA, Serial:cae91b89f155030da3e6416dc4e3a6e1, Subject:CN=Certigna Root CA, OU=0002 48146308100036, O=Dhimyotis, C=FR, Issuer:CN=Certigna Root CA, OU=0002 48146308100036, O=Dhimyotis, C=FR, Key type:RSA, Length:4096, Cert Id:356684591, Valid from:01.10.13, 11:32, Valid until:01.10.33, 11:32
2024-06-12T14:28:37.082+03:00 DEBUG 12012 --- [URL Shortener] [           main] jdk.event.security                       : X509Certificate: Alg:SHA1withRSA, Serial:10020, Subject:CN=Certum CA, O=Unizeto Sp. z o.o., C=PL, Issuer:CN=Certum CA, O=Unizeto Sp. z o.o., C=PL, Key type:RSA, Length:2048, Cert Id:3550516030, Valid from:11.06.02, 13:46, Valid until:11.06.27, 13:46
2024-06-12T14:28:37.083+03:00 DEBUG 12012 --- [URL Shortener] [           main] jdk.event.security                       : X509Certificate: Alg:SHA1withRSA, Serial:444c0, Subject:CN=Certum Trusted Network CA, OU=Certum Certification Authority, O=Unizeto Technologies S.A., C=PL, Issuer:CN=Certum Trusted Network CA, OU=Certum Certification Authority, O=Unizeto Technologies S.A., C=PL, Key type:RSA, Length:2048, Cert Id:2014002193, Valid from:22.10.08, 15:07, Valid until:31.12.29, 14:07
2024-06-12T14:28:37.083+03:00 DEBUG 12012 --- [URL Shortener] [           main] jdk.event.security                       : X509Certificate: Alg:SHA1withRSA, Serial:15c8bd65475cafb897005ee406d2bc9d, Subject:OU=ePKI Root Certification Authority, O="Chunghwa Telecom Co., Ltd.", C=TW, Issuer:OU=ePKI Root Certification Authority, O="Chunghwa Telecom Co., Ltd.", C=TW, Key type:RSA, Length:4096, Cert Id:3632331159, Valid from:20.12.04, 04:31, Valid until:20.12.34, 04:31
2024-06-12T14:28:37.085+03:00 DEBUG 12012 --- [URL Shortener] [           main] jdk.event.security                       : X509Certificate: Alg:SHA1withRSA, Serial:1, Subject:CN=AAA Certificate Services, O=Comodo CA Limited, L=Salford, ST=Greater Manchester, C=GB, Issuer:CN=AAA Certificate Services, O=Comodo CA Limited, L=Salford, ST=Greater Manchester, C=GB, Key type:RSA, Length:2048, Cert Id:3097386402, Valid from:01.01.04, 02:00, Valid until:01.01.29, 01:59
2024-06-12T14:28:37.085+03:00 DEBUG 12012 --- [URL Shortener] [           main] jdk.event.security                       : X509Certificate: Alg:SHA384withECDSA, Serial:1f47afaa62007050544c019e9b63992a, Subject:CN=COMODO ECC Certification Authority, O=COMODO CA Limited, L=Salford, ST=Greater Manchester, C=GB, Issuer:CN=COMODO ECC Certification Authority, O=COMODO CA Limited, L=Salford, ST=Greater Manchester, C=GB, Key type:EC, Length:384, Cert Id:1146488932, Valid from:06.03.08, 02:00, Valid until:19.01.38, 01:59
2024-06-12T14:28:37.086+03:00 DEBUG 12012 --- [URL Shortener] [           main] jdk.event.security                       : X509Certificate: Alg:SHA384withRSA, Serial:4caaf9cadb636fe01ff74ed85b03869d, Subject:CN=COMODO RSA Certification Authority, O=COMODO CA Limited, L=Salford, ST=Greater Manchester, C=GB, Issuer:CN=COMODO RSA Certification Authority, O=COMODO CA Limited, L=Salford, ST=Greater Manchester, C=GB, Key type:RSA, Length:4096, Cert Id:1769425049, Valid from:19.01.10, 02:00, Valid until:19.01.38, 01:59
2024-06-12T14:28:37.087+03:00 DEBUG 12012 --- [URL Shortener] [           main] jdk.event.security                       : X509Certificate: Alg:SHA256withRSA, Serial:b931c3ad63967ea6723bfc3af9af44b, Subject:CN=DigiCert Assured ID Root G2, OU=www.digicert.com, O=DigiCert Inc, C=US, Issuer:CN=DigiCert Assured ID Root G2, OU=www.digicert.com, O=DigiCert Inc, C=US, Key type:RSA, Length:2048, Cert Id:3909568913, Valid from:01.08.13, 15:00, Valid until:15.01.38, 14:00
2024-06-12T14:28:37.087+03:00 DEBUG 12012 --- [URL Shortener] [           main] jdk.event.security                       : X509Certificate: Alg:SHA384withECDSA, Serial:ba15afa1ddfa0b54944afcd24a06cec, Subject:CN=DigiCert Assured ID Root G3, OU=www.digicert.com, O=DigiCert Inc, C=US, Issuer:CN=DigiCert Assured ID Root G3, OU=www.digicert.com, O=DigiCert Inc, C=US, Key type:EC, Length:384, Cert Id:3649430051, Valid from:01.08.13, 15:00, Valid until:15.01.38, 14:00
2024-06-12T14:28:37.088+03:00 DEBUG 12012 --- [URL Shortener] [           main] jdk.event.security                       : X509Certificate: Alg:SHA1withRSA, Serial:ce7e0e517d846fe8fe560fc1bf03039, Subject:CN=DigiCert Assured ID Root CA, OU=www.digicert.com, O=DigiCert Inc, C=US, Issuer:CN=DigiCert Assured ID Root CA, OU=www.digicert.com, O=DigiCert Inc, C=US, Key type:RSA, Length:2048, Cert Id:3434562768, Valid from:10.11.06, 02:00, Valid until:10.11.31, 02:00
2024-06-12T14:28:37.089+03:00 DEBUG 12012 --- [URL Shortener] [           main] jdk.event.security                       : X509Certificate: Alg:SHA1withRSA, Serial:83be056904246b1a1756ac95991c74a, Subject:CN=DigiCert Global Root CA, OU=www.digicert.com, O=DigiCert Inc, C=US, Issuer:CN=DigiCert Global Root CA, OU=www.digicert.com, O=DigiCert Inc, C=US, Key type:RSA, Length:2048, Cert Id:1341898239, Valid from:10.11.06, 02:00, Valid until:10.11.31, 02:00
2024-06-12T14:28:37.089+03:00 DEBUG 12012 --- [URL Shortener] [           main] jdk.event.security                       : X509Certificate: Alg:SHA256withRSA, Serial:33af1e6a711a9a0bb2864b11d09fae5, Subject:CN=DigiCert Global Root G2, OU=www.digicert.com, O=DigiCert Inc, C=US, Issuer:CN=DigiCert Global Root G2, OU=www.digicert.com, O=DigiCert Inc, C=US, Key type:RSA, Length:2048, Cert Id:1136084297, Valid from:01.08.13, 15:00, Valid until:15.01.38, 14:00
2024-06-12T14:28:37.091+03:00 DEBUG 12012 --- [URL Shortener] [           main] jdk.event.security                       : X509Certificate: Alg:SHA384withECDSA, Serial:55556bcf25ea43535c3a40fd5ab4572, Subject:CN=DigiCert Global Root G3, OU=www.digicert.com, O=DigiCert Inc, C=US, Issuer:CN=DigiCert Global Root G3, OU=www.digicert.com, O=DigiCert Inc, C=US, Key type:EC, Length:384, Cert Id:3498998753, Valid from:01.08.13, 15:00, Valid until:15.01.38, 14:00
2024-06-12T14:28:37.091+03:00 DEBUG 12012 --- [URL Shortener] [           main] jdk.event.security                       : X509Certificate: Alg:SHA1withRSA, Serial:2ac5c266a0b409b8f0b79f2ae462577, Subject:CN=DigiCert High Assurance EV Root CA, OU=www.digicert.com, O=DigiCert Inc, C=US, Issuer:CN=DigiCert High Assurance EV Root CA, OU=www.digicert.com, O=DigiCert Inc, C=US, Key type:RSA, Length:2048, Cert Id:2884286942, Valid from:10.11.06, 02:00, Valid until:10.11.31, 02:00
2024-06-12T14:28:37.092+03:00 DEBUG 12012 --- [URL Shortener] [           main] jdk.event.security                       : X509Certificate: Alg:SHA384withRSA, Serial:59b1b579e8e2132e23907bda777755c, Subject:CN=DigiCert Trusted Root G4, OU=www.digicert.com, O=DigiCert Inc, C=US, Issuer:CN=DigiCert Trusted Root G4, OU=www.digicert.com, O=DigiCert Inc, C=US, Key type:RSA, Length:4096, Cert Id:1057369358, Valid from:01.08.13, 15:00, Valid until:15.01.38, 14:00
2024-06-12T14:28:37.093+03:00 DEBUG 12012 --- [URL Shortener] [           main] jdk.event.security                       : X509Certificate: Alg:SHA256withRSA, Serial:983f3, Subject:CN=D-TRUST Root Class 3 CA 2 2009, O=D-Trust GmbH, C=DE, Issuer:CN=D-TRUST Root Class 3 CA 2 2009, O=D-Trust GmbH, C=DE, Key type:RSA, Length:2048, Cert Id:1430153102, Valid from:05.11.09, 10:35, Valid until:05.11.29, 10:35
2024-06-12T14:28:37.093+03:00 DEBUG 12012 --- [URL Shortener] [           main] jdk.event.security                       : X509Certificate: Alg:SHA256withRSA, Serial:983f4, Subject:CN=D-TRUST Root Class 3 CA 2 EV 2009, O=D-Trust GmbH, C=DE, Issuer:CN=D-TRUST Root Class 3 CA 2 EV 2009, O=D-Trust GmbH, C=DE, Key type:RSA, Length:2048, Cert Id:971313728, Valid from:05.11.09, 10:50, Valid until:05.11.29, 10:50
2024-06-12T14:28:37.094+03:00 DEBUG 12012 --- [URL Shortener] [           main] jdk.event.security                       : X509Certificate: Alg:SHA1withRSA, Serial:3863def8, Subject:CN=Entrust.net Certification Authority (2048), OU=(c) 1999 Entrust.net Limited, OU=www.entrust.net/CPS_2048 incorp. by ref. (limits liab.), O=Entrust.net, Issuer:CN=Entrust.net Certification Authority (2048), OU=(c) 1999 Entrust.net Limited, OU=www.entrust.net/CPS_2048 incorp. by ref. (limits liab.), O=Entrust.net, Key type:RSA, Length:2048, Cert Id:3966431214, Valid from:24.12.99, 19:50, Valid until:24.07.29, 17:15
2024-06-12T14:28:37.095+03:00 DEBUG 12012 --- [URL Shortener] [           main] jdk.event.security                       : X509Certificate: Alg:SHA1withRSA, Serial:456b5054, Subject:CN=Entrust Root Certification Authority, OU="(c) 2006 Entrust, Inc.", OU=www.entrust.net/CPS is incorporated by reference, O="Entrust, Inc.", C=US, Issuer:CN=Entrust Root Certification Authority, OU="(c) 2006 Entrust, Inc.", OU=www.entrust.net/CPS is incorporated by reference, O="Entrust, Inc.", C=US, Key type:RSA, Length:2048, Cert Id:3033563200, Valid from:27.11.06, 22:23, Valid until:27.11.26, 22:53
2024-06-12T14:28:37.096+03:00 DEBUG 12012 --- [URL Shortener] [           main] jdk.event.security                       : X509Certificate: Alg:SHA384withECDSA, Serial:a68b79290000000050d091f9, Subject:CN=Entrust Root Certification Authority - EC1, OU="(c) 2012 Entrust, Inc. - for authorized use only", OU=See www.entrust.net/legal-terms, O="Entrust, Inc.", C=US, Issuer:CN=Entrust Root Certification Authority - EC1, OU="(c) 2012 Entrust, Inc. - for authorized use only", OU=See www.entrust.net/legal-terms, O="Entrust, Inc.", C=US, Key type:EC, Length:384, Cert Id:924514073, Valid from:18.12.12, 17:25, Valid until:18.12.37, 17:55
2024-06-12T14:28:37.097+03:00 DEBUG 12012 --- [URL Shortener] [           main] jdk.event.security                       : X509Certificate: Alg:SHA256withRSA, Serial:4a538c28, Subject:CN=Entrust Root Certification Authority - G2, OU="(c) 2009 Entrust, Inc. - for authorized use only", OU=See www.entrust.net/legal-terms, O="Entrust, Inc.", C=US, Issuer:CN=Entrust Root Certification Authority - G2, OU="(c) 2009 Entrust, Inc. - for authorized use only", OU=See www.entrust.net/legal-terms, O="Entrust, Inc.", C=US, Key type:RSA, Length:2048, Cert Id:1936920337, Valid from:07.07.09, 20:25, Valid until:07.12.30, 19:55
2024-06-12T14:28:37.098+03:00 DEBUG 12012 --- [URL Shortener] [           main] jdk.event.security                       : X509Certificate: Alg:SHA256withRSA, Serial:d9b5437fafa9390f000000005565ad58, Subject:CN=Entrust Root Certification Authority - G4, OU="(c) 2015 Entrust, Inc. - for authorized use only", OU=See www.entrust.net/legal-terms, O="Entrust, Inc.", C=US, Issuer:CN=Entrust Root Certification Authority - G4, OU="(c) 2015 Entrust, Inc. - for authorized use only", OU=See www.entrust.net/legal-terms, O="Entrust, Inc.", C=US, Key type:RSA, Length:4096, Cert Id:1368037548, Valid from:27.05.15, 14:11, Valid until:27.12.37, 13:41
2024-06-12T14:28:37.099+03:00 DEBUG 12012 --- [URL Shortener] [           main] jdk.event.security                       : X509Certificate: Alg:SHA1withRSA, Serial:23456, Subject:CN=GeoTrust Global CA, O=GeoTrust Inc., C=US, Issuer:CN=GeoTrust Global CA, O=GeoTrust Inc., C=US, Key type:RSA, Length:2048, Cert Id:2266349922, Valid from:21.05.02, 07:00, Valid until:21.05.22, 07:00
2024-06-12T14:28:37.099+03:00 DEBUG 12012 --- [URL Shortener] [           main] jdk.event.security                       : X509Certificate: Alg:SHA1withRSA, Serial:18acb56afd69b6153a636cafdafac4a1, Subject:CN=GeoTrust Primary Certification Authority, O=GeoTrust Inc., C=US, Issuer:CN=GeoTrust Primary Certification Authority, O=GeoTrust Inc., C=US, Key type:RSA, Length:2048, Cert Id:3329622139, Valid from:27.11.06, 02:00, Valid until:17.07.36, 02:59
2024-06-12T14:28:37.099+03:00 DEBUG 12012 --- [URL Shortener] [           main] jdk.event.security                       : X509Certificate: Alg:SHA384withECDSA, Serial:3cb2f4480a00e2feeb243b5e603ec36b, Subject:CN=GeoTrust Primary Certification Authority - G2, OU=(c) 2007 GeoTrust Inc. - For authorized use only, O=GeoTrust Inc., C=US, Issuer:CN=GeoTrust Primary Certification Authority - G2, OU=(c) 2007 GeoTrust Inc. - For authorized use only, O=GeoTrust Inc., C=US, Key type:EC, Length:384, Cert Id:3180663474, Valid from:05.11.07, 02:00, Valid until:19.01.38, 01:59
2024-06-12T14:28:37.100+03:00 DEBUG 12012 --- [URL Shortener] [           main] jdk.event.security                       : X509Certificate: Alg:SHA256withRSA, Serial:15ac6e9419b2794b41f627a9c3180f1f, Subject:CN=GeoTrust Primary Certification Authority - G3, OU=(c) 2008 GeoTrust Inc. - For authorized use only, O=GeoTrust Inc., C=US, Issuer:CN=GeoTrust Primary Certification Authority - G3, OU=(c) 2008 GeoTrust Inc. - For authorized use only, O=GeoTrust Inc., C=US, Key type:RSA, Length:2048, Cert Id:2964813538, Valid from:02.04.08, 03:00, Valid until:02.12.37, 01:59
2024-06-12T14:28:37.100+03:00 DEBUG 12012 --- [URL Shortener] [           main] jdk.event.security                       : X509Certificate: Alg:SHA1withRSA, Serial:1, Subject:CN=GeoTrust Universal CA, O=GeoTrust Inc., C=US, Issuer:CN=GeoTrust Universal CA, O=GeoTrust Inc., C=US, Key type:RSA, Length:4096, Cert Id:313566089, Valid from:04.03.04, 07:00, Valid until:04.03.29, 07:00
2024-06-12T14:28:37.101+03:00 DEBUG 12012 --- [URL Shortener] [           main] jdk.event.security                       : X509Certificate: Alg:SHA1withRSA, Serial:40000000001154b5ac394, Subject:CN=GlobalSign Root CA, OU=Root CA, O=GlobalSign nv-sa, C=BE, Issuer:CN=GlobalSign Root CA, OU=Root CA, O=GlobalSign nv-sa, C=BE, Key type:RSA, Length:2048, Cert Id:536948034, Valid from:01.09.98, 15:00, Valid until:28.01.28, 14:00
2024-06-12T14:28:37.101+03:00 DEBUG 12012 --- [URL Shortener] [           main] jdk.event.security                       : X509Certificate: Alg:SHA256withECDSA, Serial:2a38a41c960a04de42b228a50be8349802, Subject:CN=GlobalSign, O=GlobalSign, OU=GlobalSign ECC Root CA - R4, Issuer:CN=GlobalSign, O=GlobalSign, OU=GlobalSign ECC Root CA - R4, Key type:EC, Length:256, Cert Id:2371693751, Valid from:13.11.12, 02:00, Valid until:19.01.38, 05:14
2024-06-12T14:28:37.101+03:00 DEBUG 12012 --- [URL Shortener] [           main] jdk.event.security                       : X509Certificate: Alg:SHA384withECDSA, Serial:605949e0262ebb55f90a778a71f94ad86c, Subject:CN=GlobalSign, O=GlobalSign, OU=GlobalSign ECC Root CA - R5, Issuer:CN=GlobalSign, O=GlobalSign, OU=GlobalSign ECC Root CA - R5, Key type:EC, Length:384, Cert Id:1997048439, Valid from:13.11.12, 02:00, Valid until:19.01.38, 05:14
2024-06-12T14:28:37.102+03:00 DEBUG 12012 --- [URL Shortener] [           main] jdk.event.security                       : X509Certificate: Alg:SHA256withRSA, Serial:4000000000121585308a2, Subject:CN=GlobalSign, O=GlobalSign, OU=GlobalSign Root CA - R3, Issuer:CN=GlobalSign, O=GlobalSign, OU=GlobalSign Root CA - R3, Key type:RSA, Length:2048, Cert Id:733875591, Valid from:18.03.09, 12:00, Valid until:18.03.29, 12:00
2024-06-12T14:28:37.102+03:00 DEBUG 12012 --- [URL Shortener] [           main] jdk.event.security                       : X509Certificate: Alg:SHA384withRSA, Serial:45e6bb038333c3856548e6ff4551, Subject:CN=GlobalSign, O=GlobalSign, OU=GlobalSign Root CA - R6, Issuer:CN=GlobalSign, O=GlobalSign, OU=GlobalSign Root CA - R6, Key type:RSA, Length:4096, Cert Id:3788339543, Valid from:10.12.14, 02:00, Valid until:10.12.34, 02:00
2024-06-12T14:28:37.103+03:00 DEBUG 12012 --- [URL Shortener] [           main] jdk.event.security                       : X509Certificate: Alg:SHA1withRSA, Serial:0, Subject:OU=Go Daddy Class 2 Certification Authority, O="The Go Daddy Group, Inc.", C=US, Issuer:OU=Go Daddy Class 2 Certification Authority, O="The Go Daddy Group, Inc.", C=US, Key type:RSA, Length:2048, Cert Id:4023522997, Valid from:29.06.04, 20:06, Valid until:29.06.34, 20:06
2024-06-12T14:28:37.103+03:00 DEBUG 12012 --- [URL Shortener] [           main] jdk.event.security                       : X509Certificate: Alg:SHA256withRSA, Serial:0, Subject:CN=Go Daddy Root Certificate Authority - G2, O="GoDaddy.com, Inc.", L=Scottsdale, ST=Arizona, C=US, Issuer:CN=Go Daddy Root Certificate Authority - G2, O="GoDaddy.com, Inc.", L=Scottsdale, ST=Arizona, C=US, Key type:RSA, Length:2048, Cert Id:439600313, Valid from:01.09.09, 03:00, Valid until:01.01.38, 01:59
2024-06-12T14:28:37.104+03:00 DEBUG 12012 --- [URL Shortener] [           main] jdk.event.security                       : X509Certificate: Alg:SHA384withRSA, Serial:203e5936f31b01349886ba217, Subject:CN=GTS Root R1, O=Google Trust Services LLC, C=US, Issuer:CN=GTS Root R1, O=Google Trust Services LLC, C=US, Key type:RSA, Length:4096, Cert Id:657172038, Valid from:22.06.16, 03:00, Valid until:22.06.36, 03:00
2024-06-12T14:28:37.104+03:00 DEBUG 12012 --- [URL Shortener] [           main] jdk.event.security                       : X509Certificate: Alg:SHA384withRSA, Serial:203e5aec58d04251aab1125aa, Subject:CN=GTS Root R2, O=Google Trust Services LLC, C=US, Issuer:CN=GTS Root R2, O=Google Trust Services LLC, C=US, Key type:RSA, Length:4096, Cert Id:948387669, Valid from:22.06.16, 03:00, Valid until:22.06.36, 03:00
2024-06-12T14:28:37.104+03:00 DEBUG 12012 --- [URL Shortener] [           main] jdk.event.security                       : X509Certificate: Alg:SHA384withECDSA, Serial:203e5b882eb20f825276d3d66, Subject:CN=GTS Root R3, O=Google Trust Services LLC, C=US, Issuer:CN=GTS Root R3, O=Google Trust Services LLC, C=US, Key type:EC, Length:384, Cert Id:1163081155, Valid from:22.06.16, 03:00, Valid until:22.06.36, 03:00
2024-06-12T14:28:37.105+03:00 DEBUG 12012 --- [URL Shortener] [           main] jdk.event.security                       : X509Certificate: Alg:SHA384withECDSA, Serial:203e5c068ef631a9c72905052, Subject:CN=GTS Root R4, O=Google Trust Services LLC, C=US, Issuer:CN=GTS Root R4, O=Google Trust Services LLC, C=US, Key type:EC, Length:384, Cert Id:1326433111, Valid from:22.06.16, 03:00, Valid until:22.06.36, 03:00
2024-06-12T14:28:37.105+03:00 DEBUG 12012 --- [URL Shortener] [           main] jdk.event.security                       : X509Certificate: Alg:SHA256withECDSA, Serial:0, Subject:CN=Hellenic Academic and Research Institutions ECC RootCA 2015, O=Hellenic Academic and Research Institutions Cert. Authority, L=Athens, C=GR, Issuer:CN=Hellenic Academic and Research Institutions ECC RootCA 2015, O=Hellenic Academic and Research Institutions Cert. Authority, L=Athens, C=GR, Key type:EC, Length:384, Cert Id:513613456, Valid from:07.07.15, 13:37, Valid until:30.06.40, 13:37
2024-06-12T14:28:37.106+03:00 DEBUG 12012 --- [URL Shortener] [           main] jdk.event.security                       : X509Certificate: Alg:SHA256withRSA, Serial:0, Subject:CN=Hellenic Academic and Research Institutions RootCA 2015, O=Hellenic Academic and Research Institutions Cert. Authority, L=Athens, C=GR, Issuer:CN=Hellenic Academic and Research Institutions RootCA 2015, O=Hellenic Academic and Research Institutions Cert. Authority, L=Athens, C=GR, Key type:RSA, Length:4096, Cert Id:3491990565, Valid from:07.07.15, 13:11, Valid until:30.06.40, 13:11
2024-06-12T14:28:37.106+03:00 DEBUG 12012 --- [URL Shortener] [           main] jdk.event.security                       : X509Certificate: Alg:SHA256withRSA, Serial:a0142800000014523c844b500000002, Subject:CN=IdenTrust Commercial Root CA 1, O=IdenTrust, C=US, Issuer:CN=IdenTrust Commercial Root CA 1, O=IdenTrust, C=US, Key type:RSA, Length:4096, Cert Id:1232565210, Valid from:16.01.14, 20:12, Valid until:16.01.34, 20:12
2024-06-12T14:28:37.106+03:00 DEBUG 12012 --- [URL Shortener] [           main] jdk.event.security                       : X509Certificate: Alg:SHA256withRSA, Serial:a0142800000014523cf467c00000002, Subject:CN=IdenTrust Public Sector Root CA 1, O=IdenTrust, C=US, Issuer:CN=IdenTrust Public Sector Root CA 1, O=IdenTrust, C=US, Key type:RSA, Length:4096, Cert Id:2123370772, Valid from:16.01.14, 19:53, Valid until:16.01.34, 19:53
2024-06-12T14:28:37.107+03:00 DEBUG 12012 --- [URL Shortener] [           main] jdk.event.security                       : X509Certificate: Alg:SHA256withRSA, Serial:8210cfb0d240e3594463e0bb63828b00, Subject:CN=ISRG Root X1, O=Internet Security Research Group, C=US, Issuer:CN=ISRG Root X1, O=Internet Security Research Group, C=US, Key type:RSA, Length:4096, Cert Id:1521974916, Valid from:04.06.15, 14:04, Valid until:04.06.35, 14:04
2024-06-12T14:28:37.107+03:00 DEBUG 12012 --- [URL Shortener] [           main] jdk.event.security                       : X509Certificate: Alg:SHA256withRSA, Serial:a7ea6df4b449eda6a24859ee6b815d3167fbbb1, Subject:CN=LuxTrust Global Root 2, O=LuxTrust S.A., C=LU, Issuer:CN=LuxTrust Global Root 2, O=LuxTrust S.A., C=LU, Key type:RSA, Length:4096, Cert Id:3055636602, Valid from:05.03.15, 15:21, Valid until:05.03.35, 15:21
2024-06-12T14:28:37.108+03:00 DEBUG 12012 --- [URL Shortener] [           main] jdk.event.security                       : X509Certificate: Alg:SHA256withRSA, Serial:bb8, Subject:CN=LuxTrust Global Root, O=LuxTrust s.a., C=LU, Issuer:CN=LuxTrust Global Root, O=LuxTrust s.a., C=LU, Key type:RSA, Length:2048, Cert Id:1714819687, Valid from:17.03.11, 11:51, Valid until:17.03.21, 11:51
2024-06-12T14:28:37.109+03:00 DEBUG 12012 --- [URL Shortener] [           main] jdk.event.security                       : X509Certificate: Alg:SHA384withECDSA, Serial:66f23daf87de8bb14aea0c573101c2ec, Subject:CN=Microsoft ECC Root Certificate Authority 2017, O=Microsoft Corporation, C=US, Issuer:CN=Microsoft ECC Root Certificate Authority 2017, O=Microsoft Corporation, C=US, Key type:EC, Length:384, Cert Id:3240761285, Valid from:19.12.19, 01:06, Valid until:19.07.42, 02:16
2024-06-12T14:28:37.109+03:00 DEBUG 12012 --- [URL Shortener] [           main] jdk.event.security                       : X509Certificate: Alg:SHA384withRSA, Serial:1ed397095fd8b4b347701eaabe7f45b3, Subject:CN=Microsoft RSA Root Certificate Authority 2017, O=Microsoft Corporation, C=US, Issuer:CN=Microsoft RSA Root Certificate Authority 2017, O=Microsoft Corporation, C=US, Key type:RSA, Length:4096, Cert Id:2848349048, Valid from:19.12.19, 00:51, Valid until:19.07.42, 02:00
2024-06-12T14:28:37.110+03:00 DEBUG 12012 --- [URL Shortener] [           main] jdk.event.security                       : X509Certificate: Alg:SHA1withRSA, Serial:3ab6508b, Subject:CN=QuoVadis Root Certification Authority, OU=Root Certification Authority, O=QuoVadis Limited, C=BM, Issuer:CN=QuoVadis Root Certification Authority, OU=Root Certification Authority, O=QuoVadis Limited, C=BM, Key type:RSA, Length:2048, Cert Id:2412561694, Valid from:19.03.01, 20:33, Valid until:17.03.21, 20:33
2024-06-12T14:28:37.111+03:00 DEBUG 12012 --- [URL Shortener] [           main] jdk.event.security                       : X509Certificate: Alg:SHA256withRSA, Serial:78585f2ead2c194be3370735341328b596d46593, Subject:CN=QuoVadis Root CA 1 G3, O=QuoVadis Limited, C=BM, Issuer:CN=QuoVadis Root CA 1 G3, O=QuoVadis Limited, C=BM, Key type:RSA, Length:4096, Cert Id:3532531262, Valid from:12.01.12, 19:27, Valid until:12.01.42, 19:27
2024-06-12T14:28:37.112+03:00 DEBUG 12012 --- [URL Shortener] [           main] jdk.event.security                       : X509Certificate: Alg:SHA1withRSA, Serial:509, Subject:CN=QuoVadis Root CA 2, O=QuoVadis Limited, C=BM, Issuer:CN=QuoVadis Root CA 2, O=QuoVadis Limited, C=BM, Key type:RSA, Length:4096, Cert Id:338250116, Valid from:24.11.06, 20:27, Valid until:24.11.31, 20:23
2024-06-12T14:28:37.112+03:00 DEBUG 12012 --- [URL Shortener] [           main] jdk.event.security                       : X509Certificate: Alg:SHA256withRSA, Serial:445734245b81899b35f2ceb82b3b5ba726f07528, Subject:CN=QuoVadis Root CA 2 G3, O=QuoVadis Limited, C=BM, Issuer:CN=QuoVadis Root CA 2 G3, O=QuoVadis Limited, C=BM, Key type:RSA, Length:4096, Cert Id:696763521, Valid from:12.01.12, 20:59, Valid until:12.01.42, 20:59
2024-06-12T14:28:37.113+03:00 DEBUG 12012 --- [URL Shortener] [           main] jdk.event.security                       : X509Certificate: Alg:SHA1withRSA, Serial:5c6, Subject:CN=QuoVadis Root CA 3, O=QuoVadis Limited, C=BM, Issuer:CN=QuoVadis Root CA 3, O=QuoVadis Limited, C=BM, Key type:RSA, Length:4096, Cert Id:1470392860, Valid from:24.11.06, 21:11, Valid until:24.11.31, 21:06
2024-06-12T14:28:37.113+03:00 DEBUG 12012 --- [URL Shortener] [           main] jdk.event.security                       : X509Certificate: Alg:SHA256withRSA, Serial:2ef59b0228a7db7affd5a3a9eebd03a0cf126a1d, Subject:CN=QuoVadis Root CA 3 G3, O=QuoVadis Limited, C=BM, Issuer:CN=QuoVadis Root CA 3 G3, O=QuoVadis Limited, C=BM, Key type:RSA, Length:4096, Cert Id:3589344305, Valid from:12.01.12, 22:26, Valid until:12.01.42, 22:26
2024-06-12T14:28:37.114+03:00 DEBUG 12012 --- [URL Shortener] [           main] jdk.event.security                       : X509Certificate: Alg:SHA256withRSA, Serial:0, Subject:OU=Security Communication RootCA2, O="SECOM Trust Systems CO.,LTD.", C=JP, Issuer:OU=Security Communication RootCA2, O="SECOM Trust Systems CO.,LTD.", C=JP, Key type:RSA, Length:2048, Cert Id:1521072570, Valid from:29.05.09, 08:00, Valid until:29.05.29, 08:00
2024-06-12T14:28:37.114+03:00 DEBUG 12012 --- [URL Shortener] [           main] jdk.event.security                       : X509Certificate: Alg:SHA1withRSA, Serial:cf08e5c0816a5ad427ff0eb271859d0, Subject:CN=SecureTrust CA, O=SecureTrust Corporation, C=US, Issuer:CN=SecureTrust CA, O=SecureTrust Corporation, C=US, Key type:RSA, Length:2048, Cert Id:2034155325, Valid from:07.11.06, 21:31, Valid until:31.12.29, 21:40
2024-06-12T14:28:37.115+03:00 DEBUG 12012 --- [URL Shortener] [           main] jdk.event.security                       : X509Certificate: Alg:SHA256withECDSA, Serial:75e6dfcbc1685ba8, Subject:CN=SSL.com Root Certification Authority ECC, O=SSL Corporation, L=Houston, ST=Texas, C=US, Issuer:CN=SSL.com Root Certification Authority ECC, O=SSL Corporation, L=Houston, ST=Texas, C=US, Key type:EC, Length:384, Cert Id:2926673683, Valid from:12.02.16, 20:14, Valid until:12.02.41, 20:14
2024-06-12T14:28:37.115+03:00 DEBUG 12012 --- [URL Shortener] [           main] jdk.event.security                       : X509Certificate: Alg:SHA256withRSA, Serial:56b629cd34bc78f6, Subject:CN=SSL.com EV Root Certification Authority RSA R2, O=SSL Corporation, L=Houston, ST=Texas, C=US, Issuer:CN=SSL.com EV Root Certification Authority RSA R2, O=SSL Corporation, L=Houston, ST=Texas, C=US, Key type:RSA, Length:4096, Cert Id:1381862403, Valid from:31.05.17, 21:14, Valid until:30.05.42, 21:14
2024-06-12T14:28:37.115+03:00 DEBUG 12012 --- [URL Shortener] [           main] jdk.event.security                       : X509Certificate: Alg:SHA256withRSA, Serial:7b2c9bd316803299, Subject:CN=SSL.com Root Certification Authority RSA, O=SSL Corporation, L=Houston, ST=Texas, C=US, Issuer:CN=SSL.com Root Certification Authority RSA, O=SSL Corporation, L=Houston, ST=Texas, C=US, Key type:RSA, Length:4096, Cert Id:156725711, Valid from:12.02.16, 19:39, Valid until:12.02.41, 19:39
2024-06-12T14:28:37.116+03:00 DEBUG 12012 --- [URL Shortener] [           main] jdk.event.security                       : X509Certificate: Alg:SHA1withRSA, Serial:0, Subject:OU=Starfield Class 2 Certification Authority, O="Starfield Technologies, Inc.", C=US, Issuer:OU=Starfield Class 2 Certification Authority, O="Starfield Technologies, Inc.", C=US, Key type:RSA, Length:2048, Cert Id:1825617644, Valid from:29.06.04, 20:39, Valid until:29.06.34, 20:39
2024-06-12T14:28:37.116+03:00 DEBUG 12012 --- [URL Shortener] [           main] jdk.event.security                       : X509Certificate: Alg:SHA256withRSA, Serial:0, Subject:CN=Starfield Root Certificate Authority - G2, O="Starfield Technologies, Inc.", L=Scottsdale, ST=Arizona, C=US, Issuer:CN=Starfield Root Certificate Authority - G2, O="Starfield Technologies, Inc.", L=Scottsdale, ST=Arizona, C=US, Key type:RSA, Length:2048, Cert Id:3268325709, Valid from:01.09.09, 03:00, Valid until:01.01.38, 01:59
2024-06-12T14:28:37.117+03:00 DEBUG 12012 --- [URL Shortener] [           main] jdk.event.security                       : X509Certificate: Alg:SHA256withRSA, Serial:0, Subject:CN=Starfield Services Root Certificate Authority - G2, O="Starfield Technologies, Inc.", L=Scottsdale, ST=Arizona, C=US, Issuer:CN=Starfield Services Root Certificate Authority - G2, O="Starfield Technologies, Inc.", L=Scottsdale, ST=Arizona, C=US, Key type:RSA, Length:2048, Cert Id:1964785574, Valid from:01.09.09, 03:00, Valid until:01.01.38, 01:59
2024-06-12T14:28:37.117+03:00 DEBUG 12012 --- [URL Shortener] [           main] jdk.event.security                       : X509Certificate: Alg:SHA1withRSA, Serial:bb401c43f55e4fb0, Subject:CN=SwissSign Gold CA - G2, O=SwissSign AG, C=CH, Issuer:CN=SwissSign Gold CA - G2, O=SwissSign AG, C=CH, Key type:RSA, Length:4096, Cert Id:1516221943, Valid from:25.10.06, 11:30, Valid until:25.10.36, 11:30
2024-06-12T14:28:37.118+03:00 DEBUG 12012 --- [URL Shortener] [           main] jdk.event.security                       : X509Certificate: Alg:SHA1withRSA, Serial:4eb200670c035d4f, Subject:CN=SwissSign Platinum CA - G2, O=SwissSign AG, C=CH, Issuer:CN=SwissSign Platinum CA - G2, O=SwissSign AG, C=CH, Key type:RSA, Length:4096, Cert Id:771312514, Valid from:25.10.06, 11:36, Valid until:25.10.36, 11:36
2024-06-12T14:28:37.118+03:00 DEBUG 12012 --- [URL Shortener] [           main] jdk.event.security                       : X509Certificate: Alg:SHA1withRSA, Serial:4f1bd42f54bb2f4b, Subject:CN=SwissSign Silver CA - G2, O=SwissSign AG, C=CH, Issuer:CN=SwissSign Silver CA - G2, O=SwissSign AG, C=CH, Key type:RSA, Length:4096, Cert Id:126726124, Valid from:25.10.06, 11:32, Valid until:25.10.36, 11:32
2024-06-12T14:28:37.118+03:00 DEBUG 12012 --- [URL Shortener] [           main] jdk.event.security                       : X509Certificate: Alg:SHA1withRSA, Serial:95be16a0f72e46f17b398272fa8bcd96, Subject:CN=TeliaSonera Root CA v1, O=TeliaSonera, Issuer:CN=TeliaSonera Root CA v1, O=TeliaSonera, Key type:RSA, Length:4096, Cert Id:1495358374, Valid from:18.10.07, 15:00, Valid until:18.10.32, 15:00
2024-06-12T14:28:37.119+03:00 DEBUG 12012 --- [URL Shortener] [           main] jdk.event.security                       : X509Certificate: Alg:SHA1withRSA, Serial:344ed55720d5edec49f42fce37db2b6d, Subject:CN=thawte Primary Root CA, OU="(c) 2006 thawte, Inc. - For authorized use only", OU=Certification Services Division, O="thawte, Inc.", C=US, Issuer:CN=thawte Primary Root CA, OU="(c) 2006 thawte, Inc. - For authorized use only", OU=Certification Services Division, O="thawte, Inc.", C=US, Key type:RSA, Length:2048, Cert Id:643000026, Valid from:17.11.06, 02:00, Valid until:17.07.36, 02:59
2024-06-12T14:28:37.119+03:00 DEBUG 12012 --- [URL Shortener] [           main] jdk.event.security                       : X509Certificate: Alg:SHA384withECDSA, Serial:35fc265cd9844fc93d263d579baed756, Subject:CN=thawte Primary Root CA - G2, OU="(c) 2007 thawte, Inc. - For authorized use only", O="thawte, Inc.", C=US, Issuer:CN=thawte Primary Root CA - G2, OU="(c) 2007 thawte, Inc. - For authorized use only", O="thawte, Inc.", C=US, Key type:EC, Length:384, Cert Id:2068083090, Valid from:05.11.07, 02:00, Valid until:19.01.38, 01:59
2024-06-12T14:28:37.120+03:00 DEBUG 12012 --- [URL Shortener] [           main] jdk.event.security                       : X509Certificate: Alg:SHA256withRSA, Serial:600197b746a7eab4b49ad64b2ff790fb, Subject:CN=thawte Primary Root CA - G3, OU="(c) 2008 thawte, Inc. - For authorized use only", OU=Certification Services Division, O="thawte, Inc.", C=US, Issuer:CN=thawte Primary Root CA - G3, OU="(c) 2008 thawte, Inc. - For authorized use only", OU=Certification Services Division, O="thawte, Inc.", C=US, Key type:RSA, Length:2048, Cert Id:1032730720, Valid from:02.04.08, 03:00, Valid until:02.12.37, 01:59
2024-06-12T14:28:37.120+03:00 DEBUG 12012 --- [URL Shortener] [           main] jdk.event.security                       : X509Certificate: Alg:SHA256withRSA, Serial:1, Subject:CN=T-TeleSec GlobalRoot Class 2, OU=T-Systems Trust Center, O=T-Systems Enterprise Services GmbH, C=DE, Issuer:CN=T-TeleSec GlobalRoot Class 2, OU=T-Systems Trust Center, O=T-Systems Enterprise Services GmbH, C=DE, Key type:RSA, Length:2048, Cert Id:3056503257, Valid from:01.10.08, 13:40, Valid until:02.10.33, 02:59
2024-06-12T14:28:37.120+03:00 DEBUG 12012 --- [URL Shortener] [           main] jdk.event.security                       : X509Certificate: Alg:SHA256withRSA, Serial:1, Subject:CN=T-TeleSec GlobalRoot Class 3, OU=T-Systems Trust Center, O=T-Systems Enterprise Services GmbH, C=DE, Issuer:CN=T-TeleSec GlobalRoot Class 3, OU=T-Systems Trust Center, O=T-Systems Enterprise Services GmbH, C=DE, Key type:RSA, Length:2048, Cert Id:1894096264, Valid from:01.10.08, 13:29, Valid until:02.10.33, 02:59
2024-06-12T14:28:37.121+03:00 DEBUG 12012 --- [URL Shortener] [           main] jdk.event.security                       : X509Certificate: Alg:SHA256withRSA, Serial:cbe, Subject:CN=TWCA Global Root CA, OU=Root CA, O=TAIWAN-CA, C=TW, Issuer:CN=TWCA Global Root CA, OU=Root CA, O=TAIWAN-CA, C=TW, Key type:RSA, Length:4096, Cert Id:861175838, Valid from:27.06.12, 09:28, Valid until:31.12.30, 17:59
2024-06-12T14:28:37.121+03:00 DEBUG 12012 --- [URL Shortener] [           main] jdk.event.security                       : X509Certificate: Alg:SHA384withECDSA, Serial:5c8b99c55a94c5d27156decd8980cc26, Subject:CN=USERTrust ECC Certification Authority, O=The USERTRUST Network, L=Jersey City, ST=New Jersey, C=US, Issuer:CN=USERTrust ECC Certification Authority, O=The USERTRUST Network, L=Jersey City, ST=New Jersey, C=US, Key type:EC, Length:384, Cert Id:3329287386, Valid from:01.02.10, 02:00, Valid until:19.01.38, 01:59
2024-06-12T14:28:37.122+03:00 DEBUG 12012 --- [URL Shortener] [           main] jdk.event.security                       : X509Certificate: Alg:SHA384withRSA, Serial:1fd6d30fca3ca51a81bbc640e35032d, Subject:CN=USERTrust RSA Certification Authority, O=The USERTRUST Network, L=Jersey City, ST=New Jersey, C=US, Issuer:CN=USERTrust RSA Certification Authority, O=The USERTRUST Network, L=Jersey City, ST=New Jersey, C=US, Key type:RSA, Length:4096, Cert Id:3947601401, Valid from:01.02.10, 02:00, Valid until:19.01.38, 01:59
2024-06-12T14:28:37.122+03:00 DEBUG 12012 --- [URL Shortener] [           main] jdk.event.security                       : X509Certificate: Alg:SHA1withRSA, Serial:44be0c8b500024b411d3362de0b35f1b, Subject:CN=UTN-USERFirst-Object, OU=http://www.usertrust.com, O=The USERTRUST Network, L=Salt Lake City, ST=UT, C=US, Issuer:CN=UTN-USERFirst-Object, OU=http://www.usertrust.com, O=The USERTRUST Network, L=Salt Lake City, ST=UT, C=US, Key type:RSA, Length:2048, Cert Id:3997913868, Valid from:09.07.99, 21:31, Valid until:09.07.19, 21:40
2024-06-12T14:28:37.123+03:00 DEBUG 12012 --- [URL Shortener] [           main] jdk.event.security                       : X509Certificate: Alg:SHA1withRSA, Serial:9b7e0649a33e62b9d5ee90487129ef57, Subject:CN=VeriSign Class 3 Public Primary Certification Authority - G3, OU="(c) 1999 VeriSign, Inc. - For authorized use only", OU=VeriSign Trust Network, O="VeriSign, Inc.", C=US, Issuer:CN=VeriSign Class 3 Public Primary Certification Authority - G3, OU="(c) 1999 VeriSign, Inc. - For authorized use only", OU=VeriSign Trust Network, O="VeriSign, Inc.", C=US, Key type:RSA, Length:2048, Cert Id:2057300190, Valid from:01.10.99, 03:00, Valid until:17.07.36, 02:59
2024-06-12T14:28:37.123+03:00 DEBUG 12012 --- [URL Shortener] [           main] jdk.event.security                       : X509Certificate: Alg:SHA384withECDSA, Serial:2f80fe238c0e220f486712289187acb3, Subject:CN=VeriSign Class 3 Public Primary Certification Authority - G4, OU="(c) 2007 VeriSign, Inc. - For authorized use only", OU=VeriSign Trust Network, O="VeriSign, Inc.", C=US, Issuer:CN=VeriSign Class 3 Public Primary Certification Authority - G4, OU="(c) 2007 VeriSign, Inc. - For authorized use only", OU=VeriSign Trust Network, O="VeriSign, Inc.", C=US, Key type:EC, Length:384, Cert Id:4163473319, Valid from:05.11.07, 02:00, Valid until:19.01.38, 01:59
2024-06-12T14:28:37.124+03:00 DEBUG 12012 --- [URL Shortener] [           main] jdk.event.security                       : X509Certificate: Alg:SHA1withRSA, Serial:18dad19e267de8bb4a2158cdcc6b3b4a, Subject:CN=VeriSign Class 3 Public Primary Certification Authority - G5, OU="(c) 2006 VeriSign, Inc. - For authorized use only", OU=VeriSign Trust Network, O="VeriSign, Inc.", C=US, Issuer:CN=VeriSign Class 3 Public Primary Certification Authority - G5, OU="(c) 2006 VeriSign, Inc. - For authorized use only", OU=VeriSign Trust Network, O="VeriSign, Inc.", C=US, Key type:RSA, Length:2048, Cert Id:303010488, Valid from:08.11.06, 02:00, Valid until:17.07.36, 02:59
2024-06-12T14:28:37.124+03:00 DEBUG 12012 --- [URL Shortener] [           main] jdk.event.security                       : X509Certificate: Alg:SHA256withRSA, Serial:401ac46421b31321030ebbe4121ac51d, Subject:CN=VeriSign Universal Root Certification Authority, OU="(c) 2008 VeriSign, Inc. - For authorized use only", OU=VeriSign Trust Network, O="VeriSign, Inc.", C=US, Issuer:CN=VeriSign Universal Root Certification Authority, OU="(c) 2008 VeriSign, Inc. - For authorized use only", OU=VeriSign Trust Network, O="VeriSign, Inc.", C=US, Key type:RSA, Length:2048, Cert Id:2318285810, Valid from:02.04.08, 03:00, Valid until:02.12.37, 01:59
2024-06-12T14:28:37.125+03:00 DEBUG 12012 --- [URL Shortener] [           main] jdk.event.security                       : X509Certificate: Alg:SHA1withRSA, Serial:50946cec18ead59c4dd597ef758fa0ad, Subject:CN=XRamp Global Certification Authority, O=XRamp Security Services Inc, OU=www.xrampsecurity.com, C=US, Issuer:CN=XRamp Global Certification Authority, O=XRamp Security Services Inc, OU=www.xrampsecurity.com, C=US, Key type:RSA, Length:2048, Cert Id:3342493210, Valid from:01.11.04, 19:14, Valid until:01.01.35, 07:37
2024-06-12T14:28:37.332+03:00 DEBUG 12012 --- [URL Shortener] [           main] jdk.event.security                       : X509Certificate: Alg:SHA256withRSA, Serial:1478ad32624ec1cd09843e1d5ef80765, Subject:CN=*.google.com, Issuer:CN=WR2, O=Google Trust Services, C=US, Key type:EC, Length:256, Cert Id:2231993112, Valid from:21.05.24, 08:33, Valid until:13.08.24, 08:33
2024-06-12T14:28:37.333+03:00 DEBUG 12012 --- [URL Shortener] [           main] jdk.event.security                       : X509Certificate: Alg:SHA256withRSA, Serial:7ff005a07c4cded100ad9d66a5107b98, Subject:CN=WR2, O=Google Trust Services, C=US, Issuer:CN=GTS Root R1, O=Google Trust Services LLC, C=US, Key type:RSA, Length:2048, Cert Id:3808790686, Valid from:13.12.23, 11:00, Valid until:20.02.29, 16:00
2024-06-12T14:28:37.333+03:00 DEBUG 12012 --- [URL Shortener] [           main] jdk.event.security                       : X509Certificate: Alg:SHA256withRSA, Serial:77bd0d6cdb36f91aea210fc4f058d30d, Subject:CN=GTS Root R1, O=Google Trust Services LLC, C=US, Issuer:CN=GlobalSign Root CA, OU=Root CA, O=GlobalSign nv-sa, C=BE, Key type:RSA, Length:4096, Cert Id:1081005260, Valid from:19.06.20, 03:00, Valid until:28.01.28, 02:00
2024-06-12T14:28:37.366+03:00 DEBUG 12012 --- [URL Shortener] [           main] jdk.event.security                       : ValidationChain: 657172038, 3808790686, 2231993112
2024-06-12T14:28:37.370+03:00 DEBUG 12012 --- [URL Shortener] [           main] jdk.event.security                       : X509Certificate: Alg:SHA256withRSA, Serial:570a119742c4e3cc, Subject:CN=Actalis Authentication Root CA, O=Actalis S.p.A./03358520967, L=Milan, C=IT, Issuer:CN=Actalis Authentication Root CA, O=Actalis S.p.A./03358520967, L=Milan, C=IT, Key type:RSA, Length:4096, Cert Id:1729119956, Valid from:22.09.11, 14:22, Valid until:22.09.30, 14:22
2024-06-12T14:28:37.371+03:00 DEBUG 12012 --- [URL Shortener] [           main] jdk.event.security                       : X509Certificate: Alg:SHA1withRSA, Serial:1, Subject:CN=AddTrust External CA Root, OU=AddTrust External TTP Network, O=AddTrust AB, C=SE, Issuer:CN=AddTrust External CA Root, OU=AddTrust External TTP Network, O=AddTrust AB, C=SE, Key type:RSA, Length:2048, Cert Id:3968614624, Valid from:30.05.00, 13:48, Valid until:30.05.20, 13:48
2024-06-12T14:28:37.371+03:00 DEBUG 12012 --- [URL Shortener] [           main] jdk.event.security                       : X509Certificate: Alg:SHA1withRSA, Serial:1, Subject:CN=AddTrust Qualified CA Root, OU=AddTrust TTP Network, O=AddTrust AB, C=SE, Issuer:CN=AddTrust Qualified CA Root, OU=AddTrust TTP Network, O=AddTrust AB, C=SE, Key type:RSA, Length:2048, Cert Id:607365522, Valid from:30.05.00, 13:44, Valid until:30.05.20, 13:44
2024-06-12T14:28:37.371+03:00 DEBUG 12012 --- [URL Shortener] [           main] jdk.event.security                       : X509Certificate: Alg:SHA256withRSA, Serial:7777062726a9b17c, Subject:CN=AffirmTrust Commercial, O=AffirmTrust, C=US, Issuer:CN=AffirmTrust Commercial, O=AffirmTrust, C=US, Key type:RSA, Length:2048, Cert Id:630485644, Valid from:29.01.10, 16:06, Valid until:31.12.30, 16:06
2024-06-12T14:28:37.371+03:00 DEBUG 12012 --- [URL Shortener] [           main] jdk.event.security                       : X509Certificate: Alg:SHA1withRSA, Serial:7c4f04391cd4992d, Subject:CN=AffirmTrust Networking, O=AffirmTrust, C=US, Issuer:CN=AffirmTrust Networking, O=AffirmTrust, C=US, Key type:RSA, Length:2048, Cert Id:651670175, Valid from:29.01.10, 16:08, Valid until:31.12.30, 16:08
2024-06-12T14:28:37.372+03:00 DEBUG 12012 --- [URL Shortener] [           main] jdk.event.security                       : X509Certificate: Alg:SHA384withRSA, Serial:6d8c1446b1a60aee, Subject:CN=AffirmTrust Premium, O=AffirmTrust, C=US, Issuer:CN=AffirmTrust Premium, O=AffirmTrust, C=US, Key type:RSA, Length:4096, Cert Id:2164683341, Valid from:29.01.10, 16:10, Valid until:31.12.40, 16:10
2024-06-12T14:28:37.372+03:00 DEBUG 12012 --- [URL Shortener] [           main] jdk.event.security                       : X509Certificate: Alg:SHA384withECDSA, Serial:7497258ac73f7a54, Subject:CN=AffirmTrust Premium ECC, O=AffirmTrust, C=US, Issuer:CN=AffirmTrust Premium ECC, O=AffirmTrust, C=US, Key type:EC, Length:384, Cert Id:2214603510, Valid from:29.01.10, 16:20, Valid until:31.12.40, 16:20
2024-06-12T14:28:37.373+03:00 DEBUG 12012 --- [URL Shortener] [           main] jdk.event.security                       : X509Certificate: Alg:SHA256withRSA, Serial:66c9fcf99bf8c0a39e2f0788a43e696365bca, Subject:CN=Amazon Root CA 1, O=Amazon, C=US, Issuer:CN=Amazon Root CA 1, O=Amazon, C=US, Key type:RSA, Length:2048, Cert Id:2822522334, Valid from:26.05.15, 03:00, Valid until:17.01.38, 02:00
2024-06-12T14:28:37.373+03:00 DEBUG 12012 --- [URL Shortener] [           main] jdk.event.security                       : X509Certificate: Alg:SHA384withRSA, Serial:66c9fd29635869f0a0fe58678f85b26bb8a37, Subject:CN=Amazon Root CA 2, O=Amazon, C=US, Issuer:CN=Amazon Root CA 2, O=Amazon, C=US, Key type:RSA, Length:4096, Cert Id:2528834908, Valid from:26.05.15, 03:00, Valid until:26.05.40, 03:00
2024-06-12T14:28:37.374+03:00 DEBUG 12012 --- [URL Shortener] [           main] jdk.event.security                       : X509Certificate: Alg:SHA256withECDSA, Serial:66c9fd5749736663f3b0b9ad9e89e7603f24a, Subject:CN=Amazon Root CA 3, O=Amazon, C=US, Issuer:CN=Amazon Root CA 3, O=Amazon, C=US, Key type:EC, Length:256, Cert Id:2732679773, Valid from:26.05.15, 03:00, Valid until:26.05.40, 03:00
2024-06-12T14:28:37.374+03:00 DEBUG 12012 --- [URL Shortener] [           main] jdk.event.security                       : X509Certificate: Alg:SHA384withECDSA, Serial:66c9fd7c1bb104c2943e5717b7b2cc81ac10e, Subject:CN=Amazon Root CA 4, O=Amazon, C=US, Issuer:CN=Amazon Root CA 4, O=Amazon, C=US, Key type:EC, Length:384, Cert Id:2640694783, Valid from:26.05.15, 03:00, Valid until:26.05.40, 03:00
2024-06-12T14:28:37.374+03:00 DEBUG 12012 --- [URL Shortener] [           main] jdk.event.security                       : X509Certificate: Alg:SHA1withRSA, Serial:20000b9, Subject:CN=Baltimore CyberTrust Root, OU=CyberTrust, O=Baltimore, C=IE, Issuer:CN=Baltimore CyberTrust Root, OU=CyberTrust, O=Baltimore, C=IE, Key type:RSA, Length:2048, Cert Id:1425294543, Valid from:12.05.00, 21:46, Valid until:13.05.25, 02:59
2024-06-12T14:28:37.375+03:00 DEBUG 12012 --- [URL Shortener] [           main] jdk.event.security                       : X509Certificate: Alg:SHA256withRSA, Serial:2, Subject:CN=Buypass Class 2 Root CA, O=Buypass AS-983163327, C=NO, Issuer:CN=Buypass Class 2 Root CA, O=Buypass AS-983163327, C=NO, Key type:RSA, Length:4096, Cert Id:969960563, Valid from:26.10.10, 11:38, Valid until:26.10.40, 11:38
2024-06-12T14:28:37.375+03:00 DEBUG 12012 --- [URL Shortener] [           main] jdk.event.security                       : X509Certificate: Alg:SHA256withRSA, Serial:2, Subject:CN=Buypass Class 3 Root CA, O=Buypass AS-983163327, C=NO, Issuer:CN=Buypass Class 3 Root CA, O=Buypass AS-983163327, C=NO, Key type:RSA, Length:4096, Cert Id:1264269967, Valid from:26.10.10, 11:28, Valid until:26.10.40, 11:28
2024-06-12T14:28:37.376+03:00 DEBUG 12012 --- [URL Shortener] [           main] jdk.event.security                       : X509Certificate: Alg:SHA1withRSA, Serial:a3da427ea4b1aeda, Subject:CN=Chambers of Commerce Root - 2008, O=AC Camerfirma S.A., SERIALNUMBER=A82743287, L=Madrid (see current address at www.camerfirma.com/address), C=EU, Issuer:CN=Chambers of Commerce Root - 2008, O=AC Camerfirma S.A., SERIALNUMBER=A82743287, L=Madrid (see current address at www.camerfirma.com/address), C=EU, Key type:RSA, Length:4096, Cert Id:4266703372, Valid from:01.08.08, 15:29, Valid until:31.07.38, 15:29
2024-06-12T14:28:37.376+03:00 DEBUG 12012 --- [URL Shortener] [           main] jdk.event.security                       : X509Certificate: Alg:SHA1withRSA, Serial:0, Subject:CN=Chambers of Commerce Root, OU=http://www.chambersign.org, O=AC Camerfirma SA CIF A82743287, C=EU, Issuer:CN=Chambers of Commerce Root, OU=http://www.chambersign.org, O=AC Camerfirma SA CIF A82743287, C=EU, Key type:RSA, Length:2048, Cert Id:1827306452, Valid from:30.09.03, 19:13, Valid until:30.09.37, 19:13
2024-06-12T14:28:37.376+03:00 DEBUG 12012 --- [URL Shortener] [           main] jdk.event.security                       : X509Certificate: Alg:SHA1withRSA, Serial:c9cdd3e9d57d23ce, Subject:CN=Global Chambersign Root - 2008, O=AC Camerfirma S.A., SERIALNUMBER=A82743287, L=Madrid (see current address at www.camerfirma.com/address), C=EU, Issuer:CN=Global Chambersign Root - 2008, O=AC Camerfirma S.A., SERIALNUMBER=A82743287, L=Madrid (see current address at www.camerfirma.com/address), C=EU, Key type:RSA, Length:4096, Cert Id:1271252776, Valid from:01.08.08, 15:31, Valid until:31.07.38, 15:31
2024-06-12T14:28:37.377+03:00 DEBUG 12012 --- [URL Shortener] [           main] jdk.event.security                       : X509Certificate: Alg:SHA1withRSA, Serial:fedce3010fc948ff, Subject:CN=Certigna, O=Dhimyotis, C=FR, Issuer:CN=Certigna, O=Dhimyotis, C=FR, Key type:RSA, Length:2048, Cert Id:3506875840, Valid from:29.06.07, 18:13, Valid until:29.06.27, 18:13
2024-06-12T14:28:37.377+03:00 DEBUG 12012 --- [URL Shortener] [           main] jdk.event.security                       : X509Certificate: Alg:SHA256withRSA, Serial:cae91b89f155030da3e6416dc4e3a6e1, Subject:CN=Certigna Root CA, OU=0002 48146308100036, O=Dhimyotis, C=FR, Issuer:CN=Certigna Root CA, OU=0002 48146308100036, O=Dhimyotis, C=FR, Key type:RSA, Length:4096, Cert Id:356684591, Valid from:01.10.13, 11:32, Valid until:01.10.33, 11:32
2024-06-12T14:28:37.377+03:00 DEBUG 12012 --- [URL Shortener] [           main] jdk.event.security                       : X509Certificate: Alg:SHA1withRSA, Serial:10020, Subject:CN=Certum CA, O=Unizeto Sp. z o.o., C=PL, Issuer:CN=Certum CA, O=Unizeto Sp. z o.o., C=PL, Key type:RSA, Length:2048, Cert Id:3550516030, Valid from:11.06.02, 13:46, Valid until:11.06.27, 13:46
2024-06-12T14:28:37.377+03:00 DEBUG 12012 --- [URL Shortener] [           main] jdk.event.security                       : X509Certificate: Alg:SHA1withRSA, Serial:444c0, Subject:CN=Certum Trusted Network CA, OU=Certum Certification Authority, O=Unizeto Technologies S.A., C=PL, Issuer:CN=Certum Trusted Network CA, OU=Certum Certification Authority, O=Unizeto Technologies S.A., C=PL, Key type:RSA, Length:2048, Cert Id:2014002193, Valid from:22.10.08, 15:07, Valid until:31.12.29, 14:07
2024-06-12T14:28:37.378+03:00 DEBUG 12012 --- [URL Shortener] [           main] jdk.event.security                       : X509Certificate: Alg:SHA1withRSA, Serial:15c8bd65475cafb897005ee406d2bc9d, Subject:OU=ePKI Root Certification Authority, O="Chunghwa Telecom Co., Ltd.", C=TW, Issuer:OU=ePKI Root Certification Authority, O="Chunghwa Telecom Co., Ltd.", C=TW, Key type:RSA, Length:4096, Cert Id:3632331159, Valid from:20.12.04, 04:31, Valid until:20.12.34, 04:31
2024-06-12T14:28:37.378+03:00 DEBUG 12012 --- [URL Shortener] [           main] jdk.event.security                       : X509Certificate: Alg:SHA1withRSA, Serial:1, Subject:CN=AAA Certificate Services, O=Comodo CA Limited, L=Salford, ST=Greater Manchester, C=GB, Issuer:CN=AAA Certificate Services, O=Comodo CA Limited, L=Salford, ST=Greater Manchester, C=GB, Key type:RSA, Length:2048, Cert Id:3097386402, Valid from:01.01.04, 02:00, Valid until:01.01.29, 01:59
2024-06-12T14:28:37.378+03:00 DEBUG 12012 --- [URL Shortener] [           main] jdk.event.security                       : X509Certificate: Alg:SHA384withECDSA, Serial:1f47afaa62007050544c019e9b63992a, Subject:CN=COMODO ECC Certification Authority, O=COMODO CA Limited, L=Salford, ST=Greater Manchester, C=GB, Issuer:CN=COMODO ECC Certification Authority, O=COMODO CA Limited, L=Salford, ST=Greater Manchester, C=GB, Key type:EC, Length:384, Cert Id:1146488932, Valid from:06.03.08, 02:00, Valid until:19.01.38, 01:59
2024-06-12T14:28:37.379+03:00 DEBUG 12012 --- [URL Shortener] [           main] jdk.event.security                       : X509Certificate: Alg:SHA384withRSA, Serial:4caaf9cadb636fe01ff74ed85b03869d, Subject:CN=COMODO RSA Certification Authority, O=COMODO CA Limited, L=Salford, ST=Greater Manchester, C=GB, Issuer:CN=COMODO RSA Certification Authority, O=COMODO CA Limited, L=Salford, ST=Greater Manchester, C=GB, Key type:RSA, Length:4096, Cert Id:1769425049, Valid from:19.01.10, 02:00, Valid until:19.01.38, 01:59
2024-06-12T14:28:37.379+03:00 DEBUG 12012 --- [URL Shortener] [           main] jdk.event.security                       : X509Certificate: Alg:SHA256withRSA, Serial:b931c3ad63967ea6723bfc3af9af44b, Subject:CN=DigiCert Assured ID Root G2, OU=www.digicert.com, O=DigiCert Inc, C=US, Issuer:CN=DigiCert Assured ID Root G2, OU=www.digicert.com, O=DigiCert Inc, C=US, Key type:RSA, Length:2048, Cert Id:3909568913, Valid from:01.08.13, 15:00, Valid until:15.01.38, 14:00
2024-06-12T14:28:37.379+03:00 DEBUG 12012 --- [URL Shortener] [           main] jdk.event.security                       : X509Certificate: Alg:SHA384withECDSA, Serial:ba15afa1ddfa0b54944afcd24a06cec, Subject:CN=DigiCert Assured ID Root G3, OU=www.digicert.com, O=DigiCert Inc, C=US, Issuer:CN=DigiCert Assured ID Root G3, OU=www.digicert.com, O=DigiCert Inc, C=US, Key type:EC, Length:384, Cert Id:3649430051, Valid from:01.08.13, 15:00, Valid until:15.01.38, 14:00
2024-06-12T14:28:37.380+03:00 DEBUG 12012 --- [URL Shortener] [           main] jdk.event.security                       : X509Certificate: Alg:SHA1withRSA, Serial:ce7e0e517d846fe8fe560fc1bf03039, Subject:CN=DigiCert Assured ID Root CA, OU=www.digicert.com, O=DigiCert Inc, C=US, Issuer:CN=DigiCert Assured ID Root CA, OU=www.digicert.com, O=DigiCert Inc, C=US, Key type:RSA, Length:2048, Cert Id:3434562768, Valid from:10.11.06, 02:00, Valid until:10.11.31, 02:00
2024-06-12T14:28:37.380+03:00 DEBUG 12012 --- [URL Shortener] [           main] jdk.event.security                       : X509Certificate: Alg:SHA1withRSA, Serial:83be056904246b1a1756ac95991c74a, Subject:CN=DigiCert Global Root CA, OU=www.digicert.com, O=DigiCert Inc, C=US, Issuer:CN=DigiCert Global Root CA, OU=www.digicert.com, O=DigiCert Inc, C=US, Key type:RSA, Length:2048, Cert Id:1341898239, Valid from:10.11.06, 02:00, Valid until:10.11.31, 02:00
2024-06-12T14:28:37.380+03:00 DEBUG 12012 --- [URL Shortener] [           main] jdk.event.security                       : X509Certificate: Alg:SHA256withRSA, Serial:33af1e6a711a9a0bb2864b11d09fae5, Subject:CN=DigiCert Global Root G2, OU=www.digicert.com, O=DigiCert Inc, C=US, Issuer:CN=DigiCert Global Root G2, OU=www.digicert.com, O=DigiCert Inc, C=US, Key type:RSA, Length:2048, Cert Id:1136084297, Valid from:01.08.13, 15:00, Valid until:15.01.38, 14:00
2024-06-12T14:28:37.381+03:00 DEBUG 12012 --- [URL Shortener] [           main] jdk.event.security                       : X509Certificate: Alg:SHA384withECDSA, Serial:55556bcf25ea43535c3a40fd5ab4572, Subject:CN=DigiCert Global Root G3, OU=www.digicert.com, O=DigiCert Inc, C=US, Issuer:CN=DigiCert Global Root G3, OU=www.digicert.com, O=DigiCert Inc, C=US, Key type:EC, Length:384, Cert Id:3498998753, Valid from:01.08.13, 15:00, Valid until:15.01.38, 14:00
2024-06-12T14:28:37.381+03:00 DEBUG 12012 --- [URL Shortener] [           main] jdk.event.security                       : X509Certificate: Alg:SHA1withRSA, Serial:2ac5c266a0b409b8f0b79f2ae462577, Subject:CN=DigiCert High Assurance EV Root CA, OU=www.digicert.com, O=DigiCert Inc, C=US, Issuer:CN=DigiCert High Assurance EV Root CA, OU=www.digicert.com, O=DigiCert Inc, C=US, Key type:RSA, Length:2048, Cert Id:2884286942, Valid from:10.11.06, 02:00, Valid until:10.11.31, 02:00
2024-06-12T14:28:37.381+03:00 DEBUG 12012 --- [URL Shortener] [           main] jdk.event.security                       : X509Certificate: Alg:SHA384withRSA, Serial:59b1b579e8e2132e23907bda777755c, Subject:CN=DigiCert Trusted Root G4, OU=www.digicert.com, O=DigiCert Inc, C=US, Issuer:CN=DigiCert Trusted Root G4, OU=www.digicert.com, O=DigiCert Inc, C=US, Key type:RSA, Length:4096, Cert Id:1057369358, Valid from:01.08.13, 15:00, Valid until:15.01.38, 14:00
2024-06-12T14:28:37.382+03:00 DEBUG 12012 --- [URL Shortener] [           main] jdk.event.security                       : X509Certificate: Alg:SHA256withRSA, Serial:983f3, Subject:CN=D-TRUST Root Class 3 CA 2 2009, O=D-Trust GmbH, C=DE, Issuer:CN=D-TRUST Root Class 3 CA 2 2009, O=D-Trust GmbH, C=DE, Key type:RSA, Length:2048, Cert Id:1430153102, Valid from:05.11.09, 10:35, Valid until:05.11.29, 10:35
2024-06-12T14:28:37.382+03:00 DEBUG 12012 --- [URL Shortener] [           main] jdk.event.security                       : X509Certificate: Alg:SHA256withRSA, Serial:983f4, Subject:CN=D-TRUST Root Class 3 CA 2 EV 2009, O=D-Trust GmbH, C=DE, Issuer:CN=D-TRUST Root Class 3 CA 2 EV 2009, O=D-Trust GmbH, C=DE, Key type:RSA, Length:2048, Cert Id:971313728, Valid from:05.11.09, 10:50, Valid until:05.11.29, 10:50
2024-06-12T14:28:37.382+03:00 DEBUG 12012 --- [URL Shortener] [           main] jdk.event.security                       : X509Certificate: Alg:SHA1withRSA, Serial:3863def8, Subject:CN=Entrust.net Certification Authority (2048), OU=(c) 1999 Entrust.net Limited, OU=www.entrust.net/CPS_2048 incorp. by ref. (limits liab.), O=Entrust.net, Issuer:CN=Entrust.net Certification Authority (2048), OU=(c) 1999 Entrust.net Limited, OU=www.entrust.net/CPS_2048 incorp. by ref. (limits liab.), O=Entrust.net, Key type:RSA, Length:2048, Cert Id:3966431214, Valid from:24.12.99, 19:50, Valid until:24.07.29, 17:15
2024-06-12T14:28:37.382+03:00 DEBUG 12012 --- [URL Shortener] [           main] jdk.event.security                       : X509Certificate: Alg:SHA1withRSA, Serial:456b5054, Subject:CN=Entrust Root Certification Authority, OU="(c) 2006 Entrust, Inc.", OU=www.entrust.net/CPS is incorporated by reference, O="Entrust, Inc.", C=US, Issuer:CN=Entrust Root Certification Authority, OU="(c) 2006 Entrust, Inc.", OU=www.entrust.net/CPS is incorporated by reference, O="Entrust, Inc.", C=US, Key type:RSA, Length:2048, Cert Id:3033563200, Valid from:27.11.06, 22:23, Valid until:27.11.26, 22:53
2024-06-12T14:28:37.383+03:00 DEBUG 12012 --- [URL Shortener] [           main] jdk.event.security                       : X509Certificate: Alg:SHA384withECDSA, Serial:a68b79290000000050d091f9, Subject:CN=Entrust Root Certification Authority - EC1, OU="(c) 2012 Entrust, Inc. - for authorized use only", OU=See www.entrust.net/legal-terms, O="Entrust, Inc.", C=US, Issuer:CN=Entrust Root Certification Authority - EC1, OU="(c) 2012 Entrust, Inc. - for authorized use only", OU=See www.entrust.net/legal-terms, O="Entrust, Inc.", C=US, Key type:EC, Length:384, Cert Id:924514073, Valid from:18.12.12, 17:25, Valid until:18.12.37, 17:55
2024-06-12T14:28:37.383+03:00 DEBUG 12012 --- [URL Shortener] [           main] jdk.event.security                       : X509Certificate: Alg:SHA256withRSA, Serial:4a538c28, Subject:CN=Entrust Root Certification Authority - G2, OU="(c) 2009 Entrust, Inc. - for authorized use only", OU=See www.entrust.net/legal-terms, O="Entrust, Inc.", C=US, Issuer:CN=Entrust Root Certification Authority - G2, OU="(c) 2009 Entrust, Inc. - for authorized use only", OU=See www.entrust.net/legal-terms, O="Entrust, Inc.", C=US, Key type:RSA, Length:2048, Cert Id:1936920337, Valid from:07.07.09, 20:25, Valid until:07.12.30, 19:55
2024-06-12T14:28:37.383+03:00 DEBUG 12012 --- [URL Shortener] [           main] jdk.event.security                       : X509Certificate: Alg:SHA256withRSA, Serial:d9b5437fafa9390f000000005565ad58, Subject:CN=Entrust Root Certification Authority - G4, OU="(c) 2015 Entrust, Inc. - for authorized use only", OU=See www.entrust.net/legal-terms, O="Entrust, Inc.", C=US, Issuer:CN=Entrust Root Certification Authority - G4, OU="(c) 2015 Entrust, Inc. - for authorized use only", OU=See www.entrust.net/legal-terms, O="Entrust, Inc.", C=US, Key type:RSA, Length:4096, Cert Id:1368037548, Valid from:27.05.15, 14:11, Valid until:27.12.37, 13:41
2024-06-12T14:28:37.383+03:00 DEBUG 12012 --- [URL Shortener] [           main] jdk.event.security                       : X509Certificate: Alg:SHA1withRSA, Serial:23456, Subject:CN=GeoTrust Global CA, O=GeoTrust Inc., C=US, Issuer:CN=GeoTrust Global CA, O=GeoTrust Inc., C=US, Key type:RSA, Length:2048, Cert Id:2266349922, Valid from:21.05.02, 07:00, Valid until:21.05.22, 07:00
2024-06-12T14:28:37.384+03:00 DEBUG 12012 --- [URL Shortener] [           main] jdk.event.security                       : X509Certificate: Alg:SHA1withRSA, Serial:18acb56afd69b6153a636cafdafac4a1, Subject:CN=GeoTrust Primary Certification Authority, O=GeoTrust Inc., C=US, Issuer:CN=GeoTrust Primary Certification Authority, O=GeoTrust Inc., C=US, Key type:RSA, Length:2048, Cert Id:3329622139, Valid from:27.11.06, 02:00, Valid until:17.07.36, 02:59
2024-06-12T14:28:37.384+03:00 DEBUG 12012 --- [URL Shortener] [           main] jdk.event.security                       : X509Certificate: Alg:SHA384withECDSA, Serial:3cb2f4480a00e2feeb243b5e603ec36b, Subject:CN=GeoTrust Primary Certification Authority - G2, OU=(c) 2007 GeoTrust Inc. - For authorized use only, O=GeoTrust Inc., C=US, Issuer:CN=GeoTrust Primary Certification Authority - G2, OU=(c) 2007 GeoTrust Inc. - For authorized use only, O=GeoTrust Inc., C=US, Key type:EC, Length:384, Cert Id:3180663474, Valid from:05.11.07, 02:00, Valid until:19.01.38, 01:59
2024-06-12T14:28:37.384+03:00 DEBUG 12012 --- [URL Shortener] [           main] jdk.event.security                       : X509Certificate: Alg:SHA256withRSA, Serial:15ac6e9419b2794b41f627a9c3180f1f, Subject:CN=GeoTrust Primary Certification Authority - G3, OU=(c) 2008 GeoTrust Inc. - For authorized use only, O=GeoTrust Inc., C=US, Issuer:CN=GeoTrust Primary Certification Authority - G3, OU=(c) 2008 GeoTrust Inc. - For authorized use only, O=GeoTrust Inc., C=US, Key type:RSA, Length:2048, Cert Id:2964813538, Valid from:02.04.08, 03:00, Valid until:02.12.37, 01:59
2024-06-12T14:28:37.384+03:00 DEBUG 12012 --- [URL Shortener] [           main] jdk.event.security                       : X509Certificate: Alg:SHA1withRSA, Serial:1, Subject:CN=GeoTrust Universal CA, O=GeoTrust Inc., C=US, Issuer:CN=GeoTrust Universal CA, O=GeoTrust Inc., C=US, Key type:RSA, Length:4096, Cert Id:313566089, Valid from:04.03.04, 07:00, Valid until:04.03.29, 07:00
2024-06-12T14:28:37.384+03:00 DEBUG 12012 --- [URL Shortener] [           main] jdk.event.security                       : X509Certificate: Alg:SHA1withRSA, Serial:40000000001154b5ac394, Subject:CN=GlobalSign Root CA, OU=Root CA, O=GlobalSign nv-sa, C=BE, Issuer:CN=GlobalSign Root CA, OU=Root CA, O=GlobalSign nv-sa, C=BE, Key type:RSA, Length:2048, Cert Id:536948034, Valid from:01.09.98, 15:00, Valid until:28.01.28, 14:00
2024-06-12T14:28:37.386+03:00 DEBUG 12012 --- [URL Shortener] [           main] jdk.event.security                       : X509Certificate: Alg:SHA256withECDSA, Serial:2a38a41c960a04de42b228a50be8349802, Subject:CN=GlobalSign, O=GlobalSign, OU=GlobalSign ECC Root CA - R4, Issuer:CN=GlobalSign, O=GlobalSign, OU=GlobalSign ECC Root CA - R4, Key type:EC, Length:256, Cert Id:2371693751, Valid from:13.11.12, 02:00, Valid until:19.01.38, 05:14
2024-06-12T14:28:37.386+03:00 DEBUG 12012 --- [URL Shortener] [           main] jdk.event.security                       : X509Certificate: Alg:SHA384withECDSA, Serial:605949e0262ebb55f90a778a71f94ad86c, Subject:CN=GlobalSign, O=GlobalSign, OU=GlobalSign ECC Root CA - R5, Issuer:CN=GlobalSign, O=GlobalSign, OU=GlobalSign ECC Root CA - R5, Key type:EC, Length:384, Cert Id:1997048439, Valid from:13.11.12, 02:00, Valid until:19.01.38, 05:14
2024-06-12T14:28:37.386+03:00 DEBUG 12012 --- [URL Shortener] [           main] jdk.event.security                       : X509Certificate: Alg:SHA256withRSA, Serial:4000000000121585308a2, Subject:CN=GlobalSign, O=GlobalSign, OU=GlobalSign Root CA - R3, Issuer:CN=GlobalSign, O=GlobalSign, OU=GlobalSign Root CA - R3, Key type:RSA, Length:2048, Cert Id:733875591, Valid from:18.03.09, 12:00, Valid until:18.03.29, 12:00
2024-06-12T14:28:37.386+03:00 DEBUG 12012 --- [URL Shortener] [           main] jdk.event.security                       : X509Certificate: Alg:SHA384withRSA, Serial:45e6bb038333c3856548e6ff4551, Subject:CN=GlobalSign, O=GlobalSign, OU=GlobalSign Root CA - R6, Issuer:CN=GlobalSign, O=GlobalSign, OU=GlobalSign Root CA - R6, Key type:RSA, Length:4096, Cert Id:3788339543, Valid from:10.12.14, 02:00, Valid until:10.12.34, 02:00
2024-06-12T14:28:37.386+03:00 DEBUG 12012 --- [URL Shortener] [           main] jdk.event.security                       : X509Certificate: Alg:SHA1withRSA, Serial:0, Subject:OU=Go Daddy Class 2 Certification Authority, O="The Go Daddy Group, Inc.", C=US, Issuer:OU=Go Daddy Class 2 Certification Authority, O="The Go Daddy Group, Inc.", C=US, Key type:RSA, Length:2048, Cert Id:4023522997, Valid from:29.06.04, 20:06, Valid until:29.06.34, 20:06
2024-06-12T14:28:37.386+03:00 DEBUG 12012 --- [URL Shortener] [           main] jdk.event.security                       : X509Certificate: Alg:SHA256withRSA, Serial:0, Subject:CN=Go Daddy Root Certificate Authority - G2, O="GoDaddy.com, Inc.", L=Scottsdale, ST=Arizona, C=US, Issuer:CN=Go Daddy Root Certificate Authority - G2, O="GoDaddy.com, Inc.", L=Scottsdale, ST=Arizona, C=US, Key type:RSA, Length:2048, Cert Id:439600313, Valid from:01.09.09, 03:00, Valid until:01.01.38, 01:59
2024-06-12T14:28:37.386+03:00 DEBUG 12012 --- [URL Shortener] [           main] jdk.event.security                       : X509Certificate: Alg:SHA384withRSA, Serial:203e5936f31b01349886ba217, Subject:CN=GTS Root R1, O=Google Trust Services LLC, C=US, Issuer:CN=GTS Root R1, O=Google Trust Services LLC, C=US, Key type:RSA, Length:4096, Cert Id:657172038, Valid from:22.06.16, 03:00, Valid until:22.06.36, 03:00
2024-06-12T14:28:37.387+03:00 DEBUG 12012 --- [URL Shortener] [           main] jdk.event.security                       : X509Certificate: Alg:SHA384withRSA, Serial:203e5aec58d04251aab1125aa, Subject:CN=GTS Root R2, O=Google Trust Services LLC, C=US, Issuer:CN=GTS Root R2, O=Google Trust Services LLC, C=US, Key type:RSA, Length:4096, Cert Id:948387669, Valid from:22.06.16, 03:00, Valid until:22.06.36, 03:00
2024-06-12T14:28:37.387+03:00 DEBUG 12012 --- [URL Shortener] [           main] jdk.event.security                       : X509Certificate: Alg:SHA384withECDSA, Serial:203e5b882eb20f825276d3d66, Subject:CN=GTS Root R3, O=Google Trust Services LLC, C=US, Issuer:CN=GTS Root R3, O=Google Trust Services LLC, C=US, Key type:EC, Length:384, Cert Id:1163081155, Valid from:22.06.16, 03:00, Valid until:22.06.36, 03:00
2024-06-12T14:28:37.387+03:00 DEBUG 12012 --- [URL Shortener] [           main] jdk.event.security                       : X509Certificate: Alg:SHA384withECDSA, Serial:203e5c068ef631a9c72905052, Subject:CN=GTS Root R4, O=Google Trust Services LLC, C=US, Issuer:CN=GTS Root R4, O=Google Trust Services LLC, C=US, Key type:EC, Length:384, Cert Id:1326433111, Valid from:22.06.16, 03:00, Valid until:22.06.36, 03:00
2024-06-12T14:28:37.387+03:00 DEBUG 12012 --- [URL Shortener] [           main] jdk.event.security                       : X509Certificate: Alg:SHA256withECDSA, Serial:0, Subject:CN=Hellenic Academic and Research Institutions ECC RootCA 2015, O=Hellenic Academic and Research Institutions Cert. Authority, L=Athens, C=GR, Issuer:CN=Hellenic Academic and Research Institutions ECC RootCA 2015, O=Hellenic Academic and Research Institutions Cert. Authority, L=Athens, C=GR, Key type:EC, Length:384, Cert Id:513613456, Valid from:07.07.15, 13:37, Valid until:30.06.40, 13:37
2024-06-12T14:28:37.388+03:00 DEBUG 12012 --- [URL Shortener] [           main] jdk.event.security                       : X509Certificate: Alg:SHA256withRSA, Serial:0, Subject:CN=Hellenic Academic and Research Institutions RootCA 2015, O=Hellenic Academic and Research Institutions Cert. Authority, L=Athens, C=GR, Issuer:CN=Hellenic Academic and Research Institutions RootCA 2015, O=Hellenic Academic and Research Institutions Cert. Authority, L=Athens, C=GR, Key type:RSA, Length:4096, Cert Id:3491990565, Valid from:07.07.15, 13:11, Valid until:30.06.40, 13:11
2024-06-12T14:28:37.388+03:00 DEBUG 12012 --- [URL Shortener] [           main] jdk.event.security                       : X509Certificate: Alg:SHA256withRSA, Serial:a0142800000014523c844b500000002, Subject:CN=IdenTrust Commercial Root CA 1, O=IdenTrust, C=US, Issuer:CN=IdenTrust Commercial Root CA 1, O=IdenTrust, C=US, Key type:RSA, Length:4096, Cert Id:1232565210, Valid from:16.01.14, 20:12, Valid until:16.01.34, 20:12
2024-06-12T14:28:37.388+03:00 DEBUG 12012 --- [URL Shortener] [           main] jdk.event.security                       : X509Certificate: Alg:SHA256withRSA, Serial:a0142800000014523cf467c00000002, Subject:CN=IdenTrust Public Sector Root CA 1, O=IdenTrust, C=US, Issuer:CN=IdenTrust Public Sector Root CA 1, O=IdenTrust, C=US, Key type:RSA, Length:4096, Cert Id:2123370772, Valid from:16.01.14, 19:53, Valid until:16.01.34, 19:53
2024-06-12T14:28:37.389+03:00 DEBUG 12012 --- [URL Shortener] [           main] jdk.event.security                       : X509Certificate: Alg:SHA256withRSA, Serial:8210cfb0d240e3594463e0bb63828b00, Subject:CN=ISRG Root X1, O=Internet Security Research Group, C=US, Issuer:CN=ISRG Root X1, O=Internet Security Research Group, C=US, Key type:RSA, Length:4096, Cert Id:1521974916, Valid from:04.06.15, 14:04, Valid until:04.06.35, 14:04
2024-06-12T14:28:37.389+03:00 DEBUG 12012 --- [URL Shortener] [           main] jdk.event.security                       : X509Certificate: Alg:SHA256withRSA, Serial:a7ea6df4b449eda6a24859ee6b815d3167fbbb1, Subject:CN=LuxTrust Global Root 2, O=LuxTrust S.A., C=LU, Issuer:CN=LuxTrust Global Root 2, O=LuxTrust S.A., C=LU, Key type:RSA, Length:4096, Cert Id:3055636602, Valid from:05.03.15, 15:21, Valid until:05.03.35, 15:21
2024-06-12T14:28:37.389+03:00 DEBUG 12012 --- [URL Shortener] [           main] jdk.event.security                       : X509Certificate: Alg:SHA256withRSA, Serial:bb8, Subject:CN=LuxTrust Global Root, O=LuxTrust s.a., C=LU, Issuer:CN=LuxTrust Global Root, O=LuxTrust s.a., C=LU, Key type:RSA, Length:2048, Cert Id:1714819687, Valid from:17.03.11, 11:51, Valid until:17.03.21, 11:51
2024-06-12T14:28:37.391+03:00 DEBUG 12012 --- [URL Shortener] [           main] jdk.event.security                       : X509Certificate: Alg:SHA384withECDSA, Serial:66f23daf87de8bb14aea0c573101c2ec, Subject:CN=Microsoft ECC Root Certificate Authority 2017, O=Microsoft Corporation, C=US, Issuer:CN=Microsoft ECC Root Certificate Authority 2017, O=Microsoft Corporation, C=US, Key type:EC, Length:384, Cert Id:3240761285, Valid from:19.12.19, 01:06, Valid until:19.07.42, 02:16
2024-06-12T14:28:37.391+03:00 DEBUG 12012 --- [URL Shortener] [           main] jdk.event.security                       : X509Certificate: Alg:SHA384withRSA, Serial:1ed397095fd8b4b347701eaabe7f45b3, Subject:CN=Microsoft RSA Root Certificate Authority 2017, O=Microsoft Corporation, C=US, Issuer:CN=Microsoft RSA Root Certificate Authority 2017, O=Microsoft Corporation, C=US, Key type:RSA, Length:4096, Cert Id:2848349048, Valid from:19.12.19, 00:51, Valid until:19.07.42, 02:00
2024-06-12T14:28:37.391+03:00 DEBUG 12012 --- [URL Shortener] [           main] jdk.event.security                       : X509Certificate: Alg:SHA1withRSA, Serial:3ab6508b, Subject:CN=QuoVadis Root Certification Authority, OU=Root Certification Authority, O=QuoVadis Limited, C=BM, Issuer:CN=QuoVadis Root Certification Authority, OU=Root Certification Authority, O=QuoVadis Limited, C=BM, Key type:RSA, Length:2048, Cert Id:2412561694, Valid from:19.03.01, 20:33, Valid until:17.03.21, 20:33
2024-06-12T14:28:37.391+03:00 DEBUG 12012 --- [URL Shortener] [           main] jdk.event.security                       : X509Certificate: Alg:SHA256withRSA, Serial:78585f2ead2c194be3370735341328b596d46593, Subject:CN=QuoVadis Root CA 1 G3, O=QuoVadis Limited, C=BM, Issuer:CN=QuoVadis Root CA 1 G3, O=QuoVadis Limited, C=BM, Key type:RSA, Length:4096, Cert Id:3532531262, Valid from:12.01.12, 19:27, Valid until:12.01.42, 19:27
2024-06-12T14:28:37.391+03:00 DEBUG 12012 --- [URL Shortener] [           main] jdk.event.security                       : X509Certificate: Alg:SHA1withRSA, Serial:509, Subject:CN=QuoVadis Root CA 2, O=QuoVadis Limited, C=BM, Issuer:CN=QuoVadis Root CA 2, O=QuoVadis Limited, C=BM, Key type:RSA, Length:4096, Cert Id:338250116, Valid from:24.11.06, 20:27, Valid until:24.11.31, 20:23
2024-06-12T14:28:37.391+03:00 DEBUG 12012 --- [URL Shortener] [           main] jdk.event.security                       : X509Certificate: Alg:SHA256withRSA, Serial:445734245b81899b35f2ceb82b3b5ba726f07528, Subject:CN=QuoVadis Root CA 2 G3, O=QuoVadis Limited, C=BM, Issuer:CN=QuoVadis Root CA 2 G3, O=QuoVadis Limited, C=BM, Key type:RSA, Length:4096, Cert Id:696763521, Valid from:12.01.12, 20:59, Valid until:12.01.42, 20:59
2024-06-12T14:28:37.392+03:00 DEBUG 12012 --- [URL Shortener] [           main] jdk.event.security                       : X509Certificate: Alg:SHA1withRSA, Serial:5c6, Subject:CN=QuoVadis Root CA 3, O=QuoVadis Limited, C=BM, Issuer:CN=QuoVadis Root CA 3, O=QuoVadis Limited, C=BM, Key type:RSA, Length:4096, Cert Id:1470392860, Valid from:24.11.06, 21:11, Valid until:24.11.31, 21:06
2024-06-12T14:28:37.392+03:00 DEBUG 12012 --- [URL Shortener] [           main] jdk.event.security                       : X509Certificate: Alg:SHA256withRSA, Serial:2ef59b0228a7db7affd5a3a9eebd03a0cf126a1d, Subject:CN=QuoVadis Root CA 3 G3, O=QuoVadis Limited, C=BM, Issuer:CN=QuoVadis Root CA 3 G3, O=QuoVadis Limited, C=BM, Key type:RSA, Length:4096, Cert Id:3589344305, Valid from:12.01.12, 22:26, Valid until:12.01.42, 22:26
2024-06-12T14:28:37.394+03:00 DEBUG 12012 --- [URL Shortener] [           main] jdk.event.security                       : X509Certificate: Alg:SHA256withRSA, Serial:0, Subject:OU=Security Communication RootCA2, O="SECOM Trust Systems CO.,LTD.", C=JP, Issuer:OU=Security Communication RootCA2, O="SECOM Trust Systems CO.,LTD.", C=JP, Key type:RSA, Length:2048, Cert Id:1521072570, Valid from:29.05.09, 08:00, Valid until:29.05.29, 08:00
2024-06-12T14:28:37.394+03:00 DEBUG 12012 --- [URL Shortener] [           main] jdk.event.security                       : X509Certificate: Alg:SHA1withRSA, Serial:cf08e5c0816a5ad427ff0eb271859d0, Subject:CN=SecureTrust CA, O=SecureTrust Corporation, C=US, Issuer:CN=SecureTrust CA, O=SecureTrust Corporation, C=US, Key type:RSA, Length:2048, Cert Id:2034155325, Valid from:07.11.06, 21:31, Valid until:31.12.29, 21:40
2024-06-12T14:28:37.394+03:00 DEBUG 12012 --- [URL Shortener] [           main] jdk.event.security                       : X509Certificate: Alg:SHA256withECDSA, Serial:75e6dfcbc1685ba8, Subject:CN=SSL.com Root Certification Authority ECC, O=SSL Corporation, L=Houston, ST=Texas, C=US, Issuer:CN=SSL.com Root Certification Authority ECC, O=SSL Corporation, L=Houston, ST=Texas, C=US, Key type:EC, Length:384, Cert Id:2926673683, Valid from:12.02.16, 20:14, Valid until:12.02.41, 20:14
2024-06-12T14:28:37.394+03:00 DEBUG 12012 --- [URL Shortener] [           main] jdk.event.security                       : X509Certificate: Alg:SHA256withRSA, Serial:56b629cd34bc78f6, Subject:CN=SSL.com EV Root Certification Authority RSA R2, O=SSL Corporation, L=Houston, ST=Texas, C=US, Issuer:CN=SSL.com EV Root Certification Authority RSA R2, O=SSL Corporation, L=Houston, ST=Texas, C=US, Key type:RSA, Length:4096, Cert Id:1381862403, Valid from:31.05.17, 21:14, Valid until:30.05.42, 21:14
2024-06-12T14:28:37.394+03:00 DEBUG 12012 --- [URL Shortener] [           main] jdk.event.security                       : X509Certificate: Alg:SHA256withRSA, Serial:7b2c9bd316803299, Subject:CN=SSL.com Root Certification Authority RSA, O=SSL Corporation, L=Houston, ST=Texas, C=US, Issuer:CN=SSL.com Root Certification Authority RSA, O=SSL Corporation, L=Houston, ST=Texas, C=US, Key type:RSA, Length:4096, Cert Id:156725711, Valid from:12.02.16, 19:39, Valid until:12.02.41, 19:39
2024-06-12T14:28:37.394+03:00 DEBUG 12012 --- [URL Shortener] [           main] jdk.event.security                       : X509Certificate: Alg:SHA1withRSA, Serial:0, Subject:OU=Starfield Class 2 Certification Authority, O="Starfield Technologies, Inc.", C=US, Issuer:OU=Starfield Class 2 Certification Authority, O="Starfield Technologies, Inc.", C=US, Key type:RSA, Length:2048, Cert Id:1825617644, Valid from:29.06.04, 20:39, Valid until:29.06.34, 20:39
2024-06-12T14:28:37.396+03:00 DEBUG 12012 --- [URL Shortener] [           main] jdk.event.security                       : X509Certificate: Alg:SHA256withRSA, Serial:0, Subject:CN=Starfield Root Certificate Authority - G2, O="Starfield Technologies, Inc.", L=Scottsdale, ST=Arizona, C=US, Issuer:CN=Starfield Root Certificate Authority - G2, O="Starfield Technologies, Inc.", L=Scottsdale, ST=Arizona, C=US, Key type:RSA, Length:2048, Cert Id:3268325709, Valid from:01.09.09, 03:00, Valid until:01.01.38, 01:59
2024-06-12T14:28:37.396+03:00 DEBUG 12012 --- [URL Shortener] [           main] jdk.event.security                       : X509Certificate: Alg:SHA256withRSA, Serial:0, Subject:CN=Starfield Services Root Certificate Authority - G2, O="Starfield Technologies, Inc.", L=Scottsdale, ST=Arizona, C=US, Issuer:CN=Starfield Services Root Certificate Authority - G2, O="Starfield Technologies, Inc.", L=Scottsdale, ST=Arizona, C=US, Key type:RSA, Length:2048, Cert Id:1964785574, Valid from:01.09.09, 03:00, Valid until:01.01.38, 01:59
2024-06-12T14:28:37.396+03:00 DEBUG 12012 --- [URL Shortener] [           main] jdk.event.security                       : X509Certificate: Alg:SHA1withRSA, Serial:bb401c43f55e4fb0, Subject:CN=SwissSign Gold CA - G2, O=SwissSign AG, C=CH, Issuer:CN=SwissSign Gold CA - G2, O=SwissSign AG, C=CH, Key type:RSA, Length:4096, Cert Id:1516221943, Valid from:25.10.06, 11:30, Valid until:25.10.36, 11:30
2024-06-12T14:28:37.396+03:00 DEBUG 12012 --- [URL Shortener] [           main] jdk.event.security                       : X509Certificate: Alg:SHA1withRSA, Serial:4eb200670c035d4f, Subject:CN=SwissSign Platinum CA - G2, O=SwissSign AG, C=CH, Issuer:CN=SwissSign Platinum CA - G2, O=SwissSign AG, C=CH, Key type:RSA, Length:4096, Cert Id:771312514, Valid from:25.10.06, 11:36, Valid until:25.10.36, 11:36
2024-06-12T14:28:37.396+03:00 DEBUG 12012 --- [URL Shortener] [           main] jdk.event.security                       : X509Certificate: Alg:SHA1withRSA, Serial:4f1bd42f54bb2f4b, Subject:CN=SwissSign Silver CA - G2, O=SwissSign AG, C=CH, Issuer:CN=SwissSign Silver CA - G2, O=SwissSign AG, C=CH, Key type:RSA, Length:4096, Cert Id:126726124, Valid from:25.10.06, 11:32, Valid until:25.10.36, 11:32
2024-06-12T14:28:37.398+03:00 DEBUG 12012 --- [URL Shortener] [           main] jdk.event.security                       : X509Certificate: Alg:SHA1withRSA, Serial:95be16a0f72e46f17b398272fa8bcd96, Subject:CN=TeliaSonera Root CA v1, O=TeliaSonera, Issuer:CN=TeliaSonera Root CA v1, O=TeliaSonera, Key type:RSA, Length:4096, Cert Id:1495358374, Valid from:18.10.07, 15:00, Valid until:18.10.32, 15:00
2024-06-12T14:28:37.398+03:00 DEBUG 12012 --- [URL Shortener] [           main] jdk.event.security                       : X509Certificate: Alg:SHA1withRSA, Serial:344ed55720d5edec49f42fce37db2b6d, Subject:CN=thawte Primary Root CA, OU="(c) 2006 thawte, Inc. - For authorized use only", OU=Certification Services Division, O="thawte, Inc.", C=US, Issuer:CN=thawte Primary Root CA, OU="(c) 2006 thawte, Inc. - For authorized use only", OU=Certification Services Division, O="thawte, Inc.", C=US, Key type:RSA, Length:2048, Cert Id:643000026, Valid from:17.11.06, 02:00, Valid until:17.07.36, 02:59
2024-06-12T14:28:37.398+03:00 DEBUG 12012 --- [URL Shortener] [           main] jdk.event.security                       : X509Certificate: Alg:SHA384withECDSA, Serial:35fc265cd9844fc93d263d579baed756, Subject:CN=thawte Primary Root CA - G2, OU="(c) 2007 thawte, Inc. - For authorized use only", O="thawte, Inc.", C=US, Issuer:CN=thawte Primary Root CA - G2, OU="(c) 2007 thawte, Inc. - For authorized use only", O="thawte, Inc.", C=US, Key type:EC, Length:384, Cert Id:2068083090, Valid from:05.11.07, 02:00, Valid until:19.01.38, 01:59
2024-06-12T14:28:37.399+03:00 DEBUG 12012 --- [URL Shortener] [           main] jdk.event.security                       : X509Certificate: Alg:SHA256withRSA, Serial:600197b746a7eab4b49ad64b2ff790fb, Subject:CN=thawte Primary Root CA - G3, OU="(c) 2008 thawte, Inc. - For authorized use only", OU=Certification Services Division, O="thawte, Inc.", C=US, Issuer:CN=thawte Primary Root CA - G3, OU="(c) 2008 thawte, Inc. - For authorized use only", OU=Certification Services Division, O="thawte, Inc.", C=US, Key type:RSA, Length:2048, Cert Id:1032730720, Valid from:02.04.08, 03:00, Valid until:02.12.37, 01:59
2024-06-12T14:28:37.399+03:00 DEBUG 12012 --- [URL Shortener] [           main] jdk.event.security                       : X509Certificate: Alg:SHA256withRSA, Serial:1, Subject:CN=T-TeleSec GlobalRoot Class 2, OU=T-Systems Trust Center, O=T-Systems Enterprise Services GmbH, C=DE, Issuer:CN=T-TeleSec GlobalRoot Class 2, OU=T-Systems Trust Center, O=T-Systems Enterprise Services GmbH, C=DE, Key type:RSA, Length:2048, Cert Id:3056503257, Valid from:01.10.08, 13:40, Valid until:02.10.33, 02:59
2024-06-12T14:28:37.399+03:00 DEBUG 12012 --- [URL Shortener] [           main] jdk.event.security                       : X509Certificate: Alg:SHA256withRSA, Serial:1, Subject:CN=T-TeleSec GlobalRoot Class 3, OU=T-Systems Trust Center, O=T-Systems Enterprise Services GmbH, C=DE, Issuer:CN=T-TeleSec GlobalRoot Class 3, OU=T-Systems Trust Center, O=T-Systems Enterprise Services GmbH, C=DE, Key type:RSA, Length:2048, Cert Id:1894096264, Valid from:01.10.08, 13:29, Valid until:02.10.33, 02:59
2024-06-12T14:28:37.399+03:00 DEBUG 12012 --- [URL Shortener] [           main] jdk.event.security                       : X509Certificate: Alg:SHA256withRSA, Serial:cbe, Subject:CN=TWCA Global Root CA, OU=Root CA, O=TAIWAN-CA, C=TW, Issuer:CN=TWCA Global Root CA, OU=Root CA, O=TAIWAN-CA, C=TW, Key type:RSA, Length:4096, Cert Id:861175838, Valid from:27.06.12, 09:28, Valid until:31.12.30, 17:59
2024-06-12T14:28:37.399+03:00 DEBUG 12012 --- [URL Shortener] [           main] jdk.event.security                       : X509Certificate: Alg:SHA384withECDSA, Serial:5c8b99c55a94c5d27156decd8980cc26, Subject:CN=USERTrust ECC Certification Authority, O=The USERTRUST Network, L=Jersey City, ST=New Jersey, C=US, Issuer:CN=USERTrust ECC Certification Authority, O=The USERTRUST Network, L=Jersey City, ST=New Jersey, C=US, Key type:EC, Length:384, Cert Id:3329287386, Valid from:01.02.10, 02:00, Valid until:19.01.38, 01:59
2024-06-12T14:28:37.399+03:00 DEBUG 12012 --- [URL Shortener] [           main] jdk.event.security                       : X509Certificate: Alg:SHA384withRSA, Serial:1fd6d30fca3ca51a81bbc640e35032d, Subject:CN=USERTrust RSA Certification Authority, O=The USERTRUST Network, L=Jersey City, ST=New Jersey, C=US, Issuer:CN=USERTrust RSA Certification Authority, O=The USERTRUST Network, L=Jersey City, ST=New Jersey, C=US, Key type:RSA, Length:4096, Cert Id:3947601401, Valid from:01.02.10, 02:00, Valid until:19.01.38, 01:59
2024-06-12T14:28:37.399+03:00 DEBUG 12012 --- [URL Shortener] [           main] jdk.event.security                       : X509Certificate: Alg:SHA1withRSA, Serial:44be0c8b500024b411d3362de0b35f1b, Subject:CN=UTN-USERFirst-Object, OU=http://www.usertrust.com, O=The USERTRUST Network, L=Salt Lake City, ST=UT, C=US, Issuer:CN=UTN-USERFirst-Object, OU=http://www.usertrust.com, O=The USERTRUST Network, L=Salt Lake City, ST=UT, C=US, Key type:RSA, Length:2048, Cert Id:3997913868, Valid from:09.07.99, 21:31, Valid until:09.07.19, 21:40
2024-06-12T14:28:37.399+03:00 DEBUG 12012 --- [URL Shortener] [           main] jdk.event.security                       : X509Certificate: Alg:SHA1withRSA, Serial:9b7e0649a33e62b9d5ee90487129ef57, Subject:CN=VeriSign Class 3 Public Primary Certification Authority - G3, OU="(c) 1999 VeriSign, Inc. - For authorized use only", OU=VeriSign Trust Network, O="VeriSign, Inc.", C=US, Issuer:CN=VeriSign Class 3 Public Primary Certification Authority - G3, OU="(c) 1999 VeriSign, Inc. - For authorized use only", OU=VeriSign Trust Network, O="VeriSign, Inc.", C=US, Key type:RSA, Length:2048, Cert Id:2057300190, Valid from:01.10.99, 03:00, Valid until:17.07.36, 02:59
2024-06-12T14:28:37.399+03:00 DEBUG 12012 --- [URL Shortener] [           main] jdk.event.security                       : X509Certificate: Alg:SHA384withECDSA, Serial:2f80fe238c0e220f486712289187acb3, Subject:CN=VeriSign Class 3 Public Primary Certification Authority - G4, OU="(c) 2007 VeriSign, Inc. - For authorized use only", OU=VeriSign Trust Network, O="VeriSign, Inc.", C=US, Issuer:CN=VeriSign Class 3 Public Primary Certification Authority - G4, OU="(c) 2007 VeriSign, Inc. - For authorized use only", OU=VeriSign Trust Network, O="VeriSign, Inc.", C=US, Key type:EC, Length:384, Cert Id:4163473319, Valid from:05.11.07, 02:00, Valid until:19.01.38, 01:59
2024-06-12T14:28:37.400+03:00 DEBUG 12012 --- [URL Shortener] [           main] jdk.event.security                       : X509Certificate: Alg:SHA1withRSA, Serial:18dad19e267de8bb4a2158cdcc6b3b4a, Subject:CN=VeriSign Class 3 Public Primary Certification Authority - G5, OU="(c) 2006 VeriSign, Inc. - For authorized use only", OU=VeriSign Trust Network, O="VeriSign, Inc.", C=US, Issuer:CN=VeriSign Class 3 Public Primary Certification Authority - G5, OU="(c) 2006 VeriSign, Inc. - For authorized use only", OU=VeriSign Trust Network, O="VeriSign, Inc.", C=US, Key type:RSA, Length:2048, Cert Id:303010488, Valid from:08.11.06, 02:00, Valid until:17.07.36, 02:59
2024-06-12T14:28:37.400+03:00 DEBUG 12012 --- [URL Shortener] [           main] jdk.event.security                       : X509Certificate: Alg:SHA256withRSA, Serial:401ac46421b31321030ebbe4121ac51d, Subject:CN=VeriSign Universal Root Certification Authority, OU="(c) 2008 VeriSign, Inc. - For authorized use only", OU=VeriSign Trust Network, O="VeriSign, Inc.", C=US, Issuer:CN=VeriSign Universal Root Certification Authority, OU="(c) 2008 VeriSign, Inc. - For authorized use only", OU=VeriSign Trust Network, O="VeriSign, Inc.", C=US, Key type:RSA, Length:2048, Cert Id:2318285810, Valid from:02.04.08, 03:00, Valid until:02.12.37, 01:59
2024-06-12T14:28:37.400+03:00 DEBUG 12012 --- [URL Shortener] [           main] jdk.event.security                       : X509Certificate: Alg:SHA1withRSA, Serial:50946cec18ead59c4dd597ef758fa0ad, Subject:CN=XRamp Global Certification Authority, O=XRamp Security Services Inc, OU=www.xrampsecurity.com, C=US, Issuer:CN=XRamp Global Certification Authority, O=XRamp Security Services Inc, OU=www.xrampsecurity.com, C=US, Key type:RSA, Length:2048, Cert Id:3342493210, Valid from:01.11.04, 19:14, Valid until:01.01.35, 07:37
2024-06-12T14:28:37.502+03:00 DEBUG 12012 --- [URL Shortener] [           main] jdk.event.security                       :  TLSHandshake: www.youtube.com:443, TLSv1.3, TLS_AES_256_GCM_SHA384, 2231993112
2024-06-12T14:28:37.504+03:00 DEBUG 12012 --- [URL Shortener] [           main] s.n.www.protocol.http.HttpURLConnection  : sun.net.www.MessageHeader@5b480f085 pairs: {HEAD / HTTP/1.1: null}{User-Agent: Java/21.0.1}{Host: www.youtube.com}{Accept: */*}{Connection: keep-alive}
2024-06-12T14:28:37.702+03:00 DEBUG 12012 --- [URL Shortener] [           main] s.n.www.protocol.http.HttpURLConnection  : sun.net.www.MessageHeader@1c43b31d22 pairs: {null: HTTP/1.1 200 OK}{Content-Type: text/html; charset=utf-8}{X-Content-Type-Options: nosniff}{Cache-Control: no-cache, no-store, max-age=0, must-revalidate}{Pragma: no-cache}{Expires: Mon, 01 Jan 1990 00:00:00 GMT}{Date: Wed, 12 Jun 2024 11:28:39 GMT}{Content-Length: 504152}{X-Frame-Options: SAMEORIGIN}{Strict-Transport-Security: max-age=31536000}{Permissions-Policy: ch-ua-arch=*, ch-ua-bitness=*, ch-ua-full-version=*, ch-ua-full-version-list=*, ch-ua-model=*, ch-ua-wow64=*, ch-ua-form-factor=*, ch-ua-platform=*, ch-ua-platform-version=*}{Origin-Trial: AmhMBR6zCLzDDxpW+HfpP67BqwIknWnyMOXOQGfzYswFmJe+fgaI6XZgAzcxOrzNtP7hEDsOo1jdjFnVr2IdxQ4AAAB4eyJvcmlnaW4iOiJodHRwczovL3lvdXR1YmUuY29tOjQ0MyIsImZlYXR1cmUiOiJXZWJWaWV3WFJlcXVlc3RlZFdpdGhEZXByZWNhdGlvbiIsImV4cGlyeSI6MTc1ODA2NzE5OSwiaXNTdWJkb21haW4iOnRydWV9}{Report-To: {"group":"youtube_main","max_age":2592000,"endpoints":[{"url":"https://csp.withgoogle.com/csp/report-to/youtube_main"}]}}{Cross-Origin-Opener-Policy: same-origin-allow-popups; report-to="youtube_main"}{P3P: CP="This is not a P3P policy! See http://support.google.com/accounts/answer/151657?hl=uk for more info."}{Server: ESF}{X-XSS-Protection: 0}{Set-Cookie: GPS=1; Domain=.youtube.com; Expires=Wed, 12-Jun-2024 11:58:39 GMT; Path=/; Secure; HttpOnly}{Set-Cookie: YSC=72H4kGFB5WM; Domain=.youtube.com; Path=/; Secure; HttpOnly; SameSite=none}{Set-Cookie: VISITOR_INFO1_LIVE=2_gLWbJgaeo; Domain=.youtube.com; Expires=Mon, 09-Dec-2024 11:28:39 GMT; Path=/; Secure; HttpOnly; SameSite=none}{Set-Cookie: VISITOR_PRIVACY_METADATA=CgJVQRIEGgAgVA%3D%3D; Domain=.youtube.com; Expires=Mon, 09-Dec-2024 11:28:39 GMT; Path=/; Secure; HttpOnly; SameSite=none}{Alt-Svc: h3=":443"; ma=2592000,h3-29=":443"; ma=2592000}
2024-06-12T14:28:37.709+03:00 DEBUG 12012 --- [URL Shortener] [           main] org.springframework.test.context.cache   : Spring test ApplicationContext cache statistics: [DefaultContextCache@6bf0f70a size = 1, maxSize = 32, parentContextCount = 0, hitCount = 6, missCount = 21, failureCount = 2]
2024-06-12T14:28:37.710+03:00 DEBUG 12012 --- [URL Shortener] [           main] org.springframework.test.context.cache   : Spring test ApplicationContext cache statistics: [DefaultContextCache@6bf0f70a size = 1, maxSize = 32, parentContextCount = 0, hitCount = 7, missCount = 21, failureCount = 2]
2024-06-12T14:28:37.710+03:00 DEBUG 12012 --- [URL Shortener] [           main] org.springframework.test.context.cache   : Spring test ApplicationContext cache statistics: [DefaultContextCache@6bf0f70a size = 1, maxSize = 32, parentContextCount = 0, hitCount = 8, missCount = 21, failureCount = 2]
2024-06-12T14:28:37.711+03:00 DEBUG 12012 --- [URL Shortener] [           main] org.springframework.test.context.cache   : Spring test ApplicationContext cache statistics: [DefaultContextCache@6bf0f70a size = 1, maxSize = 32, parentContextCount = 0, hitCount = 9, missCount = 21, failureCount = 2]
2024-06-12T14:28:37.712+03:00 DEBUG 12012 --- [URL Shortener] [           main] org.springframework.test.context.cache   : Spring test ApplicationContext cache statistics: [DefaultContextCache@6bf0f70a size = 1, maxSize = 32, parentContextCount = 0, hitCount = 10, missCount = 21, failureCount = 2]
2024-06-12T14:28:37.714+03:00 DEBUG 12012 --- [URL Shortener] [           main] org.springframework.test.context.cache   : Spring test ApplicationContext cache statistics: [DefaultContextCache@6bf0f70a size = 1, maxSize = 32, parentContextCount = 0, hitCount = 11, missCount = 21, failureCount = 2]
2024-06-12T14:28:37.715+03:00 DEBUG 12012 --- [URL Shortener] [           main] .c.s.DirtiesContextTestExecutionListener : After test method: class [UrlProfileValidationServiceTest], method [isValidURLTest], class annotated with @DirtiesContext [false] with mode [null], method annotated with @DirtiesContext [false] with mode [null]
2024-06-12T14:28:37.715+03:00 DEBUG 12012 --- [URL Shortener] [           main] o.s.t.c.w.ServletTestExecutionListener   : Resetting RequestContextHolder for test class com.example.url_profile.UrlProfileValidationServiceTest
]]></system-out>
    <system-err><![CDATA[WARNING: A Java agent has been loaded dynamically (C:\Users\daniel\.m2\repository\net\bytebuddy\byte-buddy-agent\1.14.16\byte-buddy-agent-1.14.16.jar)
WARNING: If a serviceability tool is in use, please run with -XX:+EnableDynamicAgentLoading to hide this warning
WARNING: If a serviceability tool is not in use, please run with -Djdk.instrument.traceUsage for more information
WARNING: Dynamic loading of agents will be disallowed by default in a future release
]]></system-err>
  </testcase>
  <testcase name="isNotValidURLTest" classname="com.example.url_profile.UrlProfileValidationServiceTest" time="0.006">
    <system-out><![CDATA[2024-06-12T14:28:37.716+03:00 DEBUG 12012 --- [URL Shortener] [           main] org.springframework.test.context.cache   : Spring test ApplicationContext cache statistics: [DefaultContextCache@6bf0f70a size = 1, maxSize = 32, parentContextCount = 0, hitCount = 12, missCount = 21, failureCount = 2]
2024-06-12T14:28:37.716+03:00 DEBUG 12012 --- [URL Shortener] [           main] o.s.t.c.w.ServletTestExecutionListener   : Setting up MockHttpServletRequest, MockHttpServletResponse, ServletWebRequest, and RequestContextHolder for test class com.example.url_profile.UrlProfileValidationServiceTest
2024-06-12T14:28:37.716+03:00 DEBUG 12012 --- [URL Shortener] [           main] DependencyInjectionTestExecutionListener : Performing dependency injection for test class com.example.url_profile.UrlProfileValidationServiceTest
2024-06-12T14:28:37.716+03:00 DEBUG 12012 --- [URL Shortener] [           main] org.springframework.test.context.cache   : Spring test ApplicationContext cache statistics: [DefaultContextCache@6bf0f70a size = 1, maxSize = 32, parentContextCount = 0, hitCount = 13, missCount = 21, failureCount = 2]
2024-06-12T14:28:37.717+03:00 DEBUG 12012 --- [URL Shortener] [           main] org.springframework.test.context.cache   : Spring test ApplicationContext cache statistics: [DefaultContextCache@6bf0f70a size = 1, maxSize = 32, parentContextCount = 0, hitCount = 14, missCount = 21, failureCount = 2]
2024-06-12T14:28:37.718+03:00 DEBUG 12012 --- [URL Shortener] [           main] sContextBeforeModesTestExecutionListener : Before test method: class [UrlProfileValidationServiceTest], method [isNotValidURLTest], class annotated with @DirtiesContext [false] with mode [null], method annotated with @DirtiesContext [false] with mode [null]
2024-06-12T14:28:37.718+03:00 DEBUG 12012 --- [URL Shortener] [           main] org.springframework.test.context.cache   : Spring test ApplicationContext cache statistics: [DefaultContextCache@6bf0f70a size = 1, maxSize = 32, parentContextCount = 0, hitCount = 15, missCount = 21, failureCount = 2]
2024-06-12T14:28:37.718+03:00 DEBUG 12012 --- [URL Shortener] [           main] org.springframework.test.context.cache   : Spring test ApplicationContext cache statistics: [DefaultContextCache@6bf0f70a size = 1, maxSize = 32, parentContextCount = 0, hitCount = 16, missCount = 21, failureCount = 2]
2024-06-12T14:28:37.719+03:00 DEBUG 12012 --- [URL Shortener] [           main] org.springframework.test.context.cache   : Spring test ApplicationContext cache statistics: [DefaultContextCache@6bf0f70a size = 1, maxSize = 32, parentContextCount = 0, hitCount = 17, missCount = 21, failureCount = 2]
2024-06-12T14:28:37.721+03:00 DEBUG 12012 --- [URL Shortener] [           main] org.springframework.test.context.cache   : Spring test ApplicationContext cache statistics: [DefaultContextCache@6bf0f70a size = 1, maxSize = 32, parentContextCount = 0, hitCount = 18, missCount = 21, failureCount = 2]
2024-06-12T14:28:37.721+03:00 DEBUG 12012 --- [URL Shortener] [           main] org.springframework.test.context.cache   : Spring test ApplicationContext cache statistics: [DefaultContextCache@6bf0f70a size = 1, maxSize = 32, parentContextCount = 0, hitCount = 19, missCount = 21, failureCount = 2]
2024-06-12T14:28:37.721+03:00 DEBUG 12012 --- [URL Shortener] [           main] org.springframework.test.context.cache   : Spring test ApplicationContext cache statistics: [DefaultContextCache@6bf0f70a size = 1, maxSize = 32, parentContextCount = 0, hitCount = 20, missCount = 21, failureCount = 2]
2024-06-12T14:28:37.721+03:00 DEBUG 12012 --- [URL Shortener] [           main] org.springframework.test.context.cache   : Spring test ApplicationContext cache statistics: [DefaultContextCache@6bf0f70a size = 1, maxSize = 32, parentContextCount = 0, hitCount = 21, missCount = 21, failureCount = 2]
2024-06-12T14:28:37.721+03:00 DEBUG 12012 --- [URL Shortener] [           main] org.springframework.test.context.cache   : Spring test ApplicationContext cache statistics: [DefaultContextCache@6bf0f70a size = 1, maxSize = 32, parentContextCount = 0, hitCount = 22, missCount = 21, failureCount = 2]
2024-06-12T14:28:37.722+03:00 DEBUG 12012 --- [URL Shortener] [           main] org.springframework.test.context.cache   : Spring test ApplicationContext cache statistics: [DefaultContextCache@6bf0f70a size = 1, maxSize = 32, parentContextCount = 0, hitCount = 23, missCount = 21, failureCount = 2]
2024-06-12T14:28:37.723+03:00 DEBUG 12012 --- [URL Shortener] [           main] .c.s.DirtiesContextTestExecutionListener : After test method: class [UrlProfileValidationServiceTest], method [isNotValidURLTest], class annotated with @DirtiesContext [false] with mode [null], method annotated with @DirtiesContext [false] with mode [null]
2024-06-12T14:28:37.723+03:00 DEBUG 12012 --- [URL Shortener] [           main] o.s.t.c.w.ServletTestExecutionListener   : Resetting RequestContextHolder for test class com.example.url_profile.UrlProfileValidationServiceTest
]]></system-out>
  </testcase>
</testsuite>