<?xml version="1.0" encoding="UTF-8"?>
<testsuite xmlns:xsi="http://www.w3.org/2001/XMLSchema-instance" xsi:noNamespaceSchemaLocation="https://maven.apache.org/surefire/maven-surefire-plugin/xsd/surefire-test-report-3.0.xsd" version="3.0" name="com.example.url_profile.UrlProfileMapperTest" time="3.943" tests="5" errors="5" skipped="0" failures="0">
  <properties>
    <property name="java.specification.version" value="21"/>
    <property name="sun.cpu.isalist" value="amd64"/>
    <property name="sun.jnu.encoding" value="Cp1251"/>
    <property name="java.class.path" value="H:\WORK\URL-Shortener\target\test-classes;H:\WORK\URL-Shortener\target\classes;C:\Users\daniel\.m2\repository\org\springframework\boot\spring-boot-starter-web\3.3.0\spring-boot-starter-web-3.3.0.jar;C:\Users\daniel\.m2\repository\org\springframework\boot\spring-boot-starter\3.3.0\spring-boot-starter-3.3.0.jar;C:\Users\daniel\.m2\repository\org\springframework\boot\spring-boot\3.3.0\spring-boot-3.3.0.jar;C:\Users\daniel\.m2\repository\org\springframework\boot\spring-boot-autoconfigure\3.3.0\spring-boot-autoconfigure-3.3.0.jar;C:\Users\daniel\.m2\repository\org\springframework\boot\spring-boot-starter-logging\3.3.0\spring-boot-starter-logging-3.3.0.jar;C:\Users\daniel\.m2\repository\ch\qos\logback\logback-classic\1.5.6\logback-classic-1.5.6.jar;C:\Users\daniel\.m2\repository\ch\qos\logback\logback-core\1.5.6\logback-core-1.5.6.jar;C:\Users\daniel\.m2\repository\org\apache\logging\log4j\log4j-to-slf4j\2.23.1\log4j-to-slf4j-2.23.1.jar;C:\Users\daniel\.m2\repository\org\apache\logging\log4j\log4j-api\2.23.1\log4j-api-2.23.1.jar;C:\Users\daniel\.m2\repository\org\slf4j\jul-to-slf4j\2.0.13\jul-to-slf4j-2.0.13.jar;C:\Users\daniel\.m2\repository\jakarta\annotation\jakarta.annotation-api\2.1.1\jakarta.annotation-api-2.1.1.jar;C:\Users\daniel\.m2\repository\org\yaml\snakeyaml\2.2\snakeyaml-2.2.jar;C:\Users\daniel\.m2\repository\org\springframework\boot\spring-boot-starter-json\3.3.0\spring-boot-starter-json-3.3.0.jar;C:\Users\daniel\.m2\repository\com\fasterxml\jackson\core\jackson-databind\2.17.1\jackson-databind-2.17.1.jar;C:\Users\daniel\.m2\repository\com\fasterxml\jackson\core\jackson-annotations\2.17.1\jackson-annotations-2.17.1.jar;C:\Users\daniel\.m2\repository\com\fasterxml\jackson\datatype\jackson-datatype-jdk8\2.17.1\jackson-datatype-jdk8-2.17.1.jar;C:\Users\daniel\.m2\repository\com\fasterxml\jackson\datatype\jackson-datatype-jsr310\2.17.1\jackson-datatype-jsr310-2.17.1.jar;C:\Users\daniel\.m2\repository\com\fasterxml\jackson\module\jackson-module-parameter-names\2.17.1\jackson-module-parameter-names-2.17.1.jar;C:\Users\daniel\.m2\repository\org\springframework\boot\spring-boot-starter-tomcat\3.3.0\spring-boot-starter-tomcat-3.3.0.jar;C:\Users\daniel\.m2\repository\org\apache\tomcat\embed\tomcat-embed-core\10.1.24\tomcat-embed-core-10.1.24.jar;C:\Users\daniel\.m2\repository\org\apache\tomcat\embed\tomcat-embed-el\10.1.24\tomcat-embed-el-10.1.24.jar;C:\Users\daniel\.m2\repository\org\apache\tomcat\embed\tomcat-embed-websocket\10.1.24\tomcat-embed-websocket-10.1.24.jar;C:\Users\daniel\.m2\repository\org\springframework\spring-web\6.1.8\spring-web-6.1.8.jar;C:\Users\daniel\.m2\repository\org\springframework\spring-beans\6.1.8\spring-beans-6.1.8.jar;C:\Users\daniel\.m2\repository\io\micrometer\micrometer-observation\1.13.0\micrometer-observation-1.13.0.jar;C:\Users\daniel\.m2\repository\io\micrometer\micrometer-commons\1.13.0\micrometer-commons-1.13.0.jar;C:\Users\daniel\.m2\repository\org\springframework\spring-webmvc\6.1.8\spring-webmvc-6.1.8.jar;C:\Users\daniel\.m2\repository\org\springframework\spring-context\6.1.8\spring-context-6.1.8.jar;C:\Users\daniel\.m2\repository\org\springframework\spring-expression\6.1.8\spring-expression-6.1.8.jar;C:\Users\daniel\.m2\repository\org\flywaydb\flyway-core\10.10.0\flyway-core-10.10.0.jar;C:\Users\daniel\.m2\repository\com\fasterxml\jackson\dataformat\jackson-dataformat-toml\2.17.1\jackson-dataformat-toml-2.17.1.jar;C:\Users\daniel\.m2\repository\com\fasterxml\jackson\core\jackson-core\2.17.1\jackson-core-2.17.1.jar;C:\Users\daniel\.m2\repository\com\google\code\gson\gson\2.10.1\gson-2.10.1.jar;C:\Users\daniel\.m2\repository\org\flywaydb\flyway-database-postgresql\10.10.0\flyway-database-postgresql-10.10.0.jar;C:\Users\daniel\.m2\repository\org\springdoc\springdoc-openapi-starter-webmvc-ui\2.3.0\springdoc-openapi-starter-webmvc-ui-2.3.0.jar;C:\Users\daniel\.m2\repository\org\springdoc\springdoc-openapi-starter-webmvc-api\2.3.0\springdoc-openapi-starter-webmvc-api-2.3.0.jar;C:\Users\daniel\.m2\repository\org\springdoc\springdoc-openapi-starter-common\2.3.0\springdoc-openapi-starter-common-2.3.0.jar;C:\Users\daniel\.m2\repository\io\swagger\core\v3\swagger-core-jakarta\2.2.19\swagger-core-jakarta-2.2.19.jar;C:\Users\daniel\.m2\repository\org\apache\commons\commons-lang3\3.14.0\commons-lang3-3.14.0.jar;C:\Users\daniel\.m2\repository\io\swagger\core\v3\swagger-annotations-jakarta\2.2.19\swagger-annotations-jakarta-2.2.19.jar;C:\Users\daniel\.m2\repository\io\swagger\core\v3\swagger-models-jakarta\2.2.19\swagger-models-jakarta-2.2.19.jar;C:\Users\daniel\.m2\repository\jakarta\validation\jakarta.validation-api\3.0.2\jakarta.validation-api-3.0.2.jar;C:\Users\daniel\.m2\repository\com\fasterxml\jackson\dataformat\jackson-dataformat-yaml\2.17.1\jackson-dataformat-yaml-2.17.1.jar;C:\Users\daniel\.m2\repository\org\webjars\swagger-ui\5.10.3\swagger-ui-5.10.3.jar;C:\Users\daniel\.m2\repository\org\postgresql\postgresql\42.7.3\postgresql-42.7.3.jar;C:\Users\daniel\.m2\repository\org\checkerframework\checker-qual\3.42.0\checker-qual-3.42.0.jar;C:\Users\daniel\.m2\repository\org\projectlombok\lombok\1.18.32\lombok-1.18.32.jar;C:\Users\daniel\.m2\repository\org\springframework\boot\spring-boot-starter-test\3.3.0\spring-boot-starter-test-3.3.0.jar;C:\Users\daniel\.m2\repository\org\springframework\boot\spring-boot-test\3.3.0\spring-boot-test-3.3.0.jar;C:\Users\daniel\.m2\repository\org\springframework\boot\spring-boot-test-autoconfigure\3.3.0\spring-boot-test-autoconfigure-3.3.0.jar;C:\Users\daniel\.m2\repository\com\jayway\jsonpath\json-path\2.9.0\json-path-2.9.0.jar;C:\Users\daniel\.m2\repository\org\slf4j\slf4j-api\2.0.13\slf4j-api-2.0.13.jar;C:\Users\daniel\.m2\repository\jakarta\xml\bind\jakarta.xml.bind-api\4.0.2\jakarta.xml.bind-api-4.0.2.jar;C:\Users\daniel\.m2\repository\jakarta\activation\jakarta.activation-api\2.1.3\jakarta.activation-api-2.1.3.jar;C:\Users\daniel\.m2\repository\net\minidev\json-smart\2.5.1\json-smart-2.5.1.jar;C:\Users\daniel\.m2\repository\net\minidev\accessors-smart\2.5.1\accessors-smart-2.5.1.jar;C:\Users\daniel\.m2\repository\org\ow2\asm\asm\9.6\asm-9.6.jar;C:\Users\daniel\.m2\repository\org\assertj\assertj-core\3.25.3\assertj-core-3.25.3.jar;C:\Users\daniel\.m2\repository\net\bytebuddy\byte-buddy\1.14.16\byte-buddy-1.14.16.jar;C:\Users\daniel\.m2\repository\org\awaitility\awaitility\4.2.1\awaitility-4.2.1.jar;C:\Users\daniel\.m2\repository\org\hamcrest\hamcrest\2.2\hamcrest-2.2.jar;C:\Users\daniel\.m2\repository\org\junit\jupiter\junit-jupiter\5.10.2\junit-jupiter-5.10.2.jar;C:\Users\daniel\.m2\repository\org\junit\jupiter\junit-jupiter-params\5.10.2\junit-jupiter-params-5.10.2.jar;C:\Users\daniel\.m2\repository\org\junit\jupiter\junit-jupiter-engine\5.10.2\junit-jupiter-engine-5.10.2.jar;C:\Users\daniel\.m2\repository\org\junit\platform\junit-platform-engine\1.10.2\junit-platform-engine-1.10.2.jar;C:\Users\daniel\.m2\repository\org\mockito\mockito-core\5.11.0\mockito-core-5.11.0.jar;C:\Users\daniel\.m2\repository\net\bytebuddy\byte-buddy-agent\1.14.16\byte-buddy-agent-1.14.16.jar;C:\Users\daniel\.m2\repository\org\objenesis\objenesis\3.3\objenesis-3.3.jar;C:\Users\daniel\.m2\repository\org\mockito\mockito-junit-jupiter\5.11.0\mockito-junit-jupiter-5.11.0.jar;C:\Users\daniel\.m2\repository\org\skyscreamer\jsonassert\1.5.1\jsonassert-1.5.1.jar;C:\Users\daniel\.m2\repository\com\vaadin\external\google\android-json\0.0.20131108.vaadin1\android-json-0.0.20131108.vaadin1.jar;C:\Users\daniel\.m2\repository\org\springframework\spring-core\6.1.8\spring-core-6.1.8.jar;C:\Users\daniel\.m2\repository\org\springframework\spring-jcl\6.1.8\spring-jcl-6.1.8.jar;C:\Users\daniel\.m2\repository\org\springframework\spring-test\6.1.8\spring-test-6.1.8.jar;C:\Users\daniel\.m2\repository\org\xmlunit\xmlunit-core\2.9.1\xmlunit-core-2.9.1.jar;C:\Users\daniel\.m2\repository\org\springframework\boot\spring-boot-starter-data-jpa\3.3.0\spring-boot-starter-data-jpa-3.3.0.jar;C:\Users\daniel\.m2\repository\org\springframework\boot\spring-boot-starter-aop\3.3.0\spring-boot-starter-aop-3.3.0.jar;C:\Users\daniel\.m2\repository\org\aspectj\aspectjweaver\1.9.22\aspectjweaver-1.9.22.jar;C:\Users\daniel\.m2\repository\org\springframework\boot\spring-boot-starter-jdbc\3.3.0\spring-boot-starter-jdbc-3.3.0.jar;C:\Users\daniel\.m2\repository\com\zaxxer\HikariCP\5.1.0\HikariCP-5.1.0.jar;C:\Users\daniel\.m2\repository\org\springframework\spring-jdbc\6.1.8\spring-jdbc-6.1.8.jar;C:\Users\daniel\.m2\repository\org\hibernate\orm\hibernate-core\6.5.2.Final\hibernate-core-6.5.2.Final.jar;C:\Users\daniel\.m2\repository\jakarta\persistence\jakarta.persistence-api\3.1.0\jakarta.persistence-api-3.1.0.jar;C:\Users\daniel\.m2\repository\jakarta\transaction\jakarta.transaction-api\2.0.1\jakarta.transaction-api-2.0.1.jar;C:\Users\daniel\.m2\repository\org\jboss\logging\jboss-logging\3.5.3.Final\jboss-logging-3.5.3.Final.jar;C:\Users\daniel\.m2\repository\org\hibernate\common\hibernate-commons-annotations\6.0.6.Final\hibernate-commons-annotations-6.0.6.Final.jar;C:\Users\daniel\.m2\repository\io\smallrye\jandex\3.1.2\jandex-3.1.2.jar;C:\Users\daniel\.m2\repository\com\fasterxml\classmate\1.7.0\classmate-1.7.0.jar;C:\Users\daniel\.m2\repository\org\glassfish\jaxb\jaxb-runtime\4.0.5\jaxb-runtime-4.0.5.jar;C:\Users\daniel\.m2\repository\org\glassfish\jaxb\jaxb-core\4.0.5\jaxb-core-4.0.5.jar;C:\Users\daniel\.m2\repository\org\eclipse\angus\angus-activation\2.0.2\angus-activation-2.0.2.jar;C:\Users\daniel\.m2\repository\org\glassfish\jaxb\txw2\4.0.5\txw2-4.0.5.jar;C:\Users\daniel\.m2\repository\com\sun\istack\istack-commons-runtime\4.1.2\istack-commons-runtime-4.1.2.jar;C:\Users\daniel\.m2\repository\jakarta\inject\jakarta.inject-api\2.0.1\jakarta.inject-api-2.0.1.jar;C:\Users\daniel\.m2\repository\org\antlr\antlr4-runtime\4.13.0\antlr4-runtime-4.13.0.jar;C:\Users\daniel\.m2\repository\org\springframework\data\spring-data-jpa\3.3.0\spring-data-jpa-3.3.0.jar;C:\Users\daniel\.m2\repository\org\springframework\data\spring-data-commons\3.3.0\spring-data-commons-3.3.0.jar;C:\Users\daniel\.m2\repository\org\springframework\spring-orm\6.1.8\spring-orm-6.1.8.jar;C:\Users\daniel\.m2\repository\org\springframework\spring-tx\6.1.8\spring-tx-6.1.8.jar;C:\Users\daniel\.m2\repository\org\springframework\spring-aspects\6.1.8\spring-aspects-6.1.8.jar;C:\Users\daniel\.m2\repository\org\springframework\boot\spring-boot-starter-security\3.3.0\spring-boot-starter-security-3.3.0.jar;C:\Users\daniel\.m2\repository\org\springframework\spring-aop\6.1.8\spring-aop-6.1.8.jar;C:\Users\daniel\.m2\repository\org\springframework\security\spring-security-config\6.3.0\spring-security-config-6.3.0.jar;C:\Users\daniel\.m2\repository\org\springframework\security\spring-security-core\6.3.0\spring-security-core-6.3.0.jar;C:\Users\daniel\.m2\repository\org\springframework\security\spring-security-crypto\6.3.0\spring-security-crypto-6.3.0.jar;C:\Users\daniel\.m2\repository\org\springframework\security\spring-security-web\6.3.0\spring-security-web-6.3.0.jar;C:\Users\daniel\.m2\repository\io\jsonwebtoken\jjwt\0.12.5\jjwt-0.12.5.jar;C:\Users\daniel\.m2\repository\io\jsonwebtoken\jjwt-api\0.12.5\jjwt-api-0.12.5.jar;C:\Users\daniel\.m2\repository\io\jsonwebtoken\jjwt-impl\0.12.5\jjwt-impl-0.12.5.jar;C:\Users\daniel\.m2\repository\io\jsonwebtoken\jjwt-jackson\0.12.5\jjwt-jackson-0.12.5.jar;C:\Users\daniel\.m2\repository\com\h2database\h2\2.2.224\h2-2.2.224.jar;C:\Users\daniel\.m2\repository\org\springframework\boot\spring-boot-starter-data-redis\3.3.0\spring-boot-starter-data-redis-3.3.0.jar;C:\Users\daniel\.m2\repository\io\lettuce\lettuce-core\6.3.2.RELEASE\lettuce-core-6.3.2.RELEASE.jar;C:\Users\daniel\.m2\repository\io\netty\netty-common\4.1.110.Final\netty-common-4.1.110.Final.jar;C:\Users\daniel\.m2\repository\io\netty\netty-handler\4.1.110.Final\netty-handler-4.1.110.Final.jar;C:\Users\daniel\.m2\repository\io\netty\netty-resolver\4.1.110.Final\netty-resolver-4.1.110.Final.jar;C:\Users\daniel\.m2\repository\io\netty\netty-buffer\4.1.110.Final\netty-buffer-4.1.110.Final.jar;C:\Users\daniel\.m2\repository\io\netty\netty-transport-native-unix-common\4.1.110.Final\netty-transport-native-unix-common-4.1.110.Final.jar;C:\Users\daniel\.m2\repository\io\netty\netty-codec\4.1.110.Final\netty-codec-4.1.110.Final.jar;C:\Users\daniel\.m2\repository\io\netty\netty-transport\4.1.110.Final\netty-transport-4.1.110.Final.jar;C:\Users\daniel\.m2\repository\io\projectreactor\reactor-core\3.6.6\reactor-core-3.6.6.jar;C:\Users\daniel\.m2\repository\org\reactivestreams\reactive-streams\1.0.4\reactive-streams-1.0.4.jar;C:\Users\daniel\.m2\repository\org\springframework\data\spring-data-redis\3.3.0\spring-data-redis-3.3.0.jar;C:\Users\daniel\.m2\repository\org\springframework\data\spring-data-keyvalue\3.3.0\spring-data-keyvalue-3.3.0.jar;C:\Users\daniel\.m2\repository\org\springframework\spring-oxm\6.1.8\spring-oxm-6.1.8.jar;C:\Users\daniel\.m2\repository\org\springframework\spring-context-support\6.1.8\spring-context-support-6.1.8.jar;C:\Users\daniel\.m2\repository\org\testcontainers\postgresql\1.17.6\postgresql-1.17.6.jar;C:\Users\daniel\.m2\repository\org\testcontainers\jdbc\1.19.8\jdbc-1.19.8.jar;C:\Users\daniel\.m2\repository\org\testcontainers\database-commons\1.19.8\database-commons-1.19.8.jar;C:\Users\daniel\.m2\repository\org\testcontainers\junit-jupiter\1.17.6\junit-jupiter-1.17.6.jar;C:\Users\daniel\.m2\repository\org\testcontainers\testcontainers\1.19.8\testcontainers-1.19.8.jar;C:\Users\daniel\.m2\repository\junit\junit\4.13.2\junit-4.13.2.jar;C:\Users\daniel\.m2\repository\org\hamcrest\hamcrest-core\2.2\hamcrest-core-2.2.jar;C:\Users\daniel\.m2\repository\org\apache\commons\commons-compress\1.24.0\commons-compress-1.24.0.jar;C:\Users\daniel\.m2\repository\org\rnorth\duct-tape\duct-tape\1.0.8\duct-tape-1.0.8.jar;C:\Users\daniel\.m2\repository\org\jetbrains\annotations\17.0.0\annotations-17.0.0.jar;C:\Users\daniel\.m2\repository\com\github\docker-java\docker-java-api\3.3.6\docker-java-api-3.3.6.jar;C:\Users\daniel\.m2\repository\com\github\docker-java\docker-java-transport-zerodep\3.3.6\docker-java-transport-zerodep-3.3.6.jar;C:\Users\daniel\.m2\repository\com\github\docker-java\docker-java-transport\3.3.6\docker-java-transport-3.3.6.jar;C:\Users\daniel\.m2\repository\net\java\dev\jna\jna\5.13.0\jna-5.13.0.jar;C:\Users\daniel\.m2\repository\org\junit\jupiter\junit-jupiter-api\5.10.2\junit-jupiter-api-5.10.2.jar;C:\Users\daniel\.m2\repository\org\opentest4j\opentest4j\1.3.0\opentest4j-1.3.0.jar;C:\Users\daniel\.m2\repository\org\junit\platform\junit-platform-commons\1.10.2\junit-platform-commons-1.10.2.jar;C:\Users\daniel\.m2\repository\org\apiguardian\apiguardian-api\1.1.2\apiguardian-api-1.1.2.jar;"/>
    <property name="java.vm.vendor" value="Oracle Corporation"/>
    <property name="sun.arch.data.model" value="64"/>
    <property name="user.variant" value=""/>
    <property name="java.vendor.url" value="https://java.oracle.com/"/>
    <property name="user.timezone" value="Europe/Kiev"/>
    <property name="org.jboss.logging.provider" value="slf4j"/>
    <property name="user.country.format" value="UA"/>
    <property name="os.name" value="Windows 11"/>
    <property name="java.vm.specification.version" value="21"/>
    <property name="sun.java.launcher" value="SUN_STANDARD"/>
    <property name="user.country" value="RU"/>
    <property name="sun.boot.library.path" value="C:\Program Files\Java\jdk-21\bin"/>
    <property name="sun.java.command" value="C:\Users\daniel\AppData\Local\Temp\surefire14997565960872538917\surefirebooter-20240612142816087_3.jar C:\Users\daniel\AppData\Local\Temp\surefire14997565960872538917 2024-06-12T14-28-15_973-jvmRun1 surefire-20240612142816087_1tmp surefire_0-20240612142816087_2tmp"/>
    <property name="jdk.debug" value="release"/>
    <property name="surefire.test.class.path" value="H:\WORK\URL-Shortener\target\test-classes;H:\WORK\URL-Shortener\target\classes;C:\Users\daniel\.m2\repository\org\springframework\boot\spring-boot-starter-web\3.3.0\spring-boot-starter-web-3.3.0.jar;C:\Users\daniel\.m2\repository\org\springframework\boot\spring-boot-starter\3.3.0\spring-boot-starter-3.3.0.jar;C:\Users\daniel\.m2\repository\org\springframework\boot\spring-boot\3.3.0\spring-boot-3.3.0.jar;C:\Users\daniel\.m2\repository\org\springframework\boot\spring-boot-autoconfigure\3.3.0\spring-boot-autoconfigure-3.3.0.jar;C:\Users\daniel\.m2\repository\org\springframework\boot\spring-boot-starter-logging\3.3.0\spring-boot-starter-logging-3.3.0.jar;C:\Users\daniel\.m2\repository\ch\qos\logback\logback-classic\1.5.6\logback-classic-1.5.6.jar;C:\Users\daniel\.m2\repository\ch\qos\logback\logback-core\1.5.6\logback-core-1.5.6.jar;C:\Users\daniel\.m2\repository\org\apache\logging\log4j\log4j-to-slf4j\2.23.1\log4j-to-slf4j-2.23.1.jar;C:\Users\daniel\.m2\repository\org\apache\logging\log4j\log4j-api\2.23.1\log4j-api-2.23.1.jar;C:\Users\daniel\.m2\repository\org\slf4j\jul-to-slf4j\2.0.13\jul-to-slf4j-2.0.13.jar;C:\Users\daniel\.m2\repository\jakarta\annotation\jakarta.annotation-api\2.1.1\jakarta.annotation-api-2.1.1.jar;C:\Users\daniel\.m2\repository\org\yaml\snakeyaml\2.2\snakeyaml-2.2.jar;C:\Users\daniel\.m2\repository\org\springframework\boot\spring-boot-starter-json\3.3.0\spring-boot-starter-json-3.3.0.jar;C:\Users\daniel\.m2\repository\com\fasterxml\jackson\core\jackson-databind\2.17.1\jackson-databind-2.17.1.jar;C:\Users\daniel\.m2\repository\com\fasterxml\jackson\core\jackson-annotations\2.17.1\jackson-annotations-2.17.1.jar;C:\Users\daniel\.m2\repository\com\fasterxml\jackson\datatype\jackson-datatype-jdk8\2.17.1\jackson-datatype-jdk8-2.17.1.jar;C:\Users\daniel\.m2\repository\com\fasterxml\jackson\datatype\jackson-datatype-jsr310\2.17.1\jackson-datatype-jsr310-2.17.1.jar;C:\Users\daniel\.m2\repository\com\fasterxml\jackson\module\jackson-module-parameter-names\2.17.1\jackson-module-parameter-names-2.17.1.jar;C:\Users\daniel\.m2\repository\org\springframework\boot\spring-boot-starter-tomcat\3.3.0\spring-boot-starter-tomcat-3.3.0.jar;C:\Users\daniel\.m2\repository\org\apache\tomcat\embed\tomcat-embed-core\10.1.24\tomcat-embed-core-10.1.24.jar;C:\Users\daniel\.m2\repository\org\apache\tomcat\embed\tomcat-embed-el\10.1.24\tomcat-embed-el-10.1.24.jar;C:\Users\daniel\.m2\repository\org\apache\tomcat\embed\tomcat-embed-websocket\10.1.24\tomcat-embed-websocket-10.1.24.jar;C:\Users\daniel\.m2\repository\org\springframework\spring-web\6.1.8\spring-web-6.1.8.jar;C:\Users\daniel\.m2\repository\org\springframework\spring-beans\6.1.8\spring-beans-6.1.8.jar;C:\Users\daniel\.m2\repository\io\micrometer\micrometer-observation\1.13.0\micrometer-observation-1.13.0.jar;C:\Users\daniel\.m2\repository\io\micrometer\micrometer-commons\1.13.0\micrometer-commons-1.13.0.jar;C:\Users\daniel\.m2\repository\org\springframework\spring-webmvc\6.1.8\spring-webmvc-6.1.8.jar;C:\Users\daniel\.m2\repository\org\springframework\spring-context\6.1.8\spring-context-6.1.8.jar;C:\Users\daniel\.m2\repository\org\springframework\spring-expression\6.1.8\spring-expression-6.1.8.jar;C:\Users\daniel\.m2\repository\org\flywaydb\flyway-core\10.10.0\flyway-core-10.10.0.jar;C:\Users\daniel\.m2\repository\com\fasterxml\jackson\dataformat\jackson-dataformat-toml\2.17.1\jackson-dataformat-toml-2.17.1.jar;C:\Users\daniel\.m2\repository\com\fasterxml\jackson\core\jackson-core\2.17.1\jackson-core-2.17.1.jar;C:\Users\daniel\.m2\repository\com\google\code\gson\gson\2.10.1\gson-2.10.1.jar;C:\Users\daniel\.m2\repository\org\flywaydb\flyway-database-postgresql\10.10.0\flyway-database-postgresql-10.10.0.jar;C:\Users\daniel\.m2\repository\org\springdoc\springdoc-openapi-starter-webmvc-ui\2.3.0\springdoc-openapi-starter-webmvc-ui-2.3.0.jar;C:\Users\daniel\.m2\repository\org\springdoc\springdoc-openapi-starter-webmvc-api\2.3.0\springdoc-openapi-starter-webmvc-api-2.3.0.jar;C:\Users\daniel\.m2\repository\org\springdoc\springdoc-openapi-starter-common\2.3.0\springdoc-openapi-starter-common-2.3.0.jar;C:\Users\daniel\.m2\repository\io\swagger\core\v3\swagger-core-jakarta\2.2.19\swagger-core-jakarta-2.2.19.jar;C:\Users\daniel\.m2\repository\org\apache\commons\commons-lang3\3.14.0\commons-lang3-3.14.0.jar;C:\Users\daniel\.m2\repository\io\swagger\core\v3\swagger-annotations-jakarta\2.2.19\swagger-annotations-jakarta-2.2.19.jar;C:\Users\daniel\.m2\repository\io\swagger\core\v3\swagger-models-jakarta\2.2.19\swagger-models-jakarta-2.2.19.jar;C:\Users\daniel\.m2\repository\jakarta\validation\jakarta.validation-api\3.0.2\jakarta.validation-api-3.0.2.jar;C:\Users\daniel\.m2\repository\com\fasterxml\jackson\dataformat\jackson-dataformat-yaml\2.17.1\jackson-dataformat-yaml-2.17.1.jar;C:\Users\daniel\.m2\repository\org\webjars\swagger-ui\5.10.3\swagger-ui-5.10.3.jar;C:\Users\daniel\.m2\repository\org\postgresql\postgresql\42.7.3\postgresql-42.7.3.jar;C:\Users\daniel\.m2\repository\org\checkerframework\checker-qual\3.42.0\checker-qual-3.42.0.jar;C:\Users\daniel\.m2\repository\org\projectlombok\lombok\1.18.32\lombok-1.18.32.jar;C:\Users\daniel\.m2\repository\org\springframework\boot\spring-boot-starter-test\3.3.0\spring-boot-starter-test-3.3.0.jar;C:\Users\daniel\.m2\repository\org\springframework\boot\spring-boot-test\3.3.0\spring-boot-test-3.3.0.jar;C:\Users\daniel\.m2\repository\org\springframework\boot\spring-boot-test-autoconfigure\3.3.0\spring-boot-test-autoconfigure-3.3.0.jar;C:\Users\daniel\.m2\repository\com\jayway\jsonpath\json-path\2.9.0\json-path-2.9.0.jar;C:\Users\daniel\.m2\repository\org\slf4j\slf4j-api\2.0.13\slf4j-api-2.0.13.jar;C:\Users\daniel\.m2\repository\jakarta\xml\bind\jakarta.xml.bind-api\4.0.2\jakarta.xml.bind-api-4.0.2.jar;C:\Users\daniel\.m2\repository\jakarta\activation\jakarta.activation-api\2.1.3\jakarta.activation-api-2.1.3.jar;C:\Users\daniel\.m2\repository\net\minidev\json-smart\2.5.1\json-smart-2.5.1.jar;C:\Users\daniel\.m2\repository\net\minidev\accessors-smart\2.5.1\accessors-smart-2.5.1.jar;C:\Users\daniel\.m2\repository\org\ow2\asm\asm\9.6\asm-9.6.jar;C:\Users\daniel\.m2\repository\org\assertj\assertj-core\3.25.3\assertj-core-3.25.3.jar;C:\Users\daniel\.m2\repository\net\bytebuddy\byte-buddy\1.14.16\byte-buddy-1.14.16.jar;C:\Users\daniel\.m2\repository\org\awaitility\awaitility\4.2.1\awaitility-4.2.1.jar;C:\Users\daniel\.m2\repository\org\hamcrest\hamcrest\2.2\hamcrest-2.2.jar;C:\Users\daniel\.m2\repository\org\junit\jupiter\junit-jupiter\5.10.2\junit-jupiter-5.10.2.jar;C:\Users\daniel\.m2\repository\org\junit\jupiter\junit-jupiter-params\5.10.2\junit-jupiter-params-5.10.2.jar;C:\Users\daniel\.m2\repository\org\junit\jupiter\junit-jupiter-engine\5.10.2\junit-jupiter-engine-5.10.2.jar;C:\Users\daniel\.m2\repository\org\junit\platform\junit-platform-engine\1.10.2\junit-platform-engine-1.10.2.jar;C:\Users\daniel\.m2\repository\org\mockito\mockito-core\5.11.0\mockito-core-5.11.0.jar;C:\Users\daniel\.m2\repository\net\bytebuddy\byte-buddy-agent\1.14.16\byte-buddy-agent-1.14.16.jar;C:\Users\daniel\.m2\repository\org\objenesis\objenesis\3.3\objenesis-3.3.jar;C:\Users\daniel\.m2\repository\org\mockito\mockito-junit-jupiter\5.11.0\mockito-junit-jupiter-5.11.0.jar;C:\Users\daniel\.m2\repository\org\skyscreamer\jsonassert\1.5.1\jsonassert-1.5.1.jar;C:\Users\daniel\.m2\repository\com\vaadin\external\google\android-json\0.0.20131108.vaadin1\android-json-0.0.20131108.vaadin1.jar;C:\Users\daniel\.m2\repository\org\springframework\spring-core\6.1.8\spring-core-6.1.8.jar;C:\Users\daniel\.m2\repository\org\springframework\spring-jcl\6.1.8\spring-jcl-6.1.8.jar;C:\Users\daniel\.m2\repository\org\springframework\spring-test\6.1.8\spring-test-6.1.8.jar;C:\Users\daniel\.m2\repository\org\xmlunit\xmlunit-core\2.9.1\xmlunit-core-2.9.1.jar;C:\Users\daniel\.m2\repository\org\springframework\boot\spring-boot-starter-data-jpa\3.3.0\spring-boot-starter-data-jpa-3.3.0.jar;C:\Users\daniel\.m2\repository\org\springframework\boot\spring-boot-starter-aop\3.3.0\spring-boot-starter-aop-3.3.0.jar;C:\Users\daniel\.m2\repository\org\aspectj\aspectjweaver\1.9.22\aspectjweaver-1.9.22.jar;C:\Users\daniel\.m2\repository\org\springframework\boot\spring-boot-starter-jdbc\3.3.0\spring-boot-starter-jdbc-3.3.0.jar;C:\Users\daniel\.m2\repository\com\zaxxer\HikariCP\5.1.0\HikariCP-5.1.0.jar;C:\Users\daniel\.m2\repository\org\springframework\spring-jdbc\6.1.8\spring-jdbc-6.1.8.jar;C:\Users\daniel\.m2\repository\org\hibernate\orm\hibernate-core\6.5.2.Final\hibernate-core-6.5.2.Final.jar;C:\Users\daniel\.m2\repository\jakarta\persistence\jakarta.persistence-api\3.1.0\jakarta.persistence-api-3.1.0.jar;C:\Users\daniel\.m2\repository\jakarta\transaction\jakarta.transaction-api\2.0.1\jakarta.transaction-api-2.0.1.jar;C:\Users\daniel\.m2\repository\org\jboss\logging\jboss-logging\3.5.3.Final\jboss-logging-3.5.3.Final.jar;C:\Users\daniel\.m2\repository\org\hibernate\common\hibernate-commons-annotations\6.0.6.Final\hibernate-commons-annotations-6.0.6.Final.jar;C:\Users\daniel\.m2\repository\io\smallrye\jandex\3.1.2\jandex-3.1.2.jar;C:\Users\daniel\.m2\repository\com\fasterxml\classmate\1.7.0\classmate-1.7.0.jar;C:\Users\daniel\.m2\repository\org\glassfish\jaxb\jaxb-runtime\4.0.5\jaxb-runtime-4.0.5.jar;C:\Users\daniel\.m2\repository\org\glassfish\jaxb\jaxb-core\4.0.5\jaxb-core-4.0.5.jar;C:\Users\daniel\.m2\repository\org\eclipse\angus\angus-activation\2.0.2\angus-activation-2.0.2.jar;C:\Users\daniel\.m2\repository\org\glassfish\jaxb\txw2\4.0.5\txw2-4.0.5.jar;C:\Users\daniel\.m2\repository\com\sun\istack\istack-commons-runtime\4.1.2\istack-commons-runtime-4.1.2.jar;C:\Users\daniel\.m2\repository\jakarta\inject\jakarta.inject-api\2.0.1\jakarta.inject-api-2.0.1.jar;C:\Users\daniel\.m2\repository\org\antlr\antlr4-runtime\4.13.0\antlr4-runtime-4.13.0.jar;C:\Users\daniel\.m2\repository\org\springframework\data\spring-data-jpa\3.3.0\spring-data-jpa-3.3.0.jar;C:\Users\daniel\.m2\repository\org\springframework\data\spring-data-commons\3.3.0\spring-data-commons-3.3.0.jar;C:\Users\daniel\.m2\repository\org\springframework\spring-orm\6.1.8\spring-orm-6.1.8.jar;C:\Users\daniel\.m2\repository\org\springframework\spring-tx\6.1.8\spring-tx-6.1.8.jar;C:\Users\daniel\.m2\repository\org\springframework\spring-aspects\6.1.8\spring-aspects-6.1.8.jar;C:\Users\daniel\.m2\repository\org\springframework\boot\spring-boot-starter-security\3.3.0\spring-boot-starter-security-3.3.0.jar;C:\Users\daniel\.m2\repository\org\springframework\spring-aop\6.1.8\spring-aop-6.1.8.jar;C:\Users\daniel\.m2\repository\org\springframework\security\spring-security-config\6.3.0\spring-security-config-6.3.0.jar;C:\Users\daniel\.m2\repository\org\springframework\security\spring-security-core\6.3.0\spring-security-core-6.3.0.jar;C:\Users\daniel\.m2\repository\org\springframework\security\spring-security-crypto\6.3.0\spring-security-crypto-6.3.0.jar;C:\Users\daniel\.m2\repository\org\springframework\security\spring-security-web\6.3.0\spring-security-web-6.3.0.jar;C:\Users\daniel\.m2\repository\io\jsonwebtoken\jjwt\0.12.5\jjwt-0.12.5.jar;C:\Users\daniel\.m2\repository\io\jsonwebtoken\jjwt-api\0.12.5\jjwt-api-0.12.5.jar;C:\Users\daniel\.m2\repository\io\jsonwebtoken\jjwt-impl\0.12.5\jjwt-impl-0.12.5.jar;C:\Users\daniel\.m2\repository\io\jsonwebtoken\jjwt-jackson\0.12.5\jjwt-jackson-0.12.5.jar;C:\Users\daniel\.m2\repository\com\h2database\h2\2.2.224\h2-2.2.224.jar;C:\Users\daniel\.m2\repository\org\springframework\boot\spring-boot-starter-data-redis\3.3.0\spring-boot-starter-data-redis-3.3.0.jar;C:\Users\daniel\.m2\repository\io\lettuce\lettuce-core\6.3.2.RELEASE\lettuce-core-6.3.2.RELEASE.jar;C:\Users\daniel\.m2\repository\io\netty\netty-common\4.1.110.Final\netty-common-4.1.110.Final.jar;C:\Users\daniel\.m2\repository\io\netty\netty-handler\4.1.110.Final\netty-handler-4.1.110.Final.jar;C:\Users\daniel\.m2\repository\io\netty\netty-resolver\4.1.110.Final\netty-resolver-4.1.110.Final.jar;C:\Users\daniel\.m2\repository\io\netty\netty-buffer\4.1.110.Final\netty-buffer-4.1.110.Final.jar;C:\Users\daniel\.m2\repository\io\netty\netty-transport-native-unix-common\4.1.110.Final\netty-transport-native-unix-common-4.1.110.Final.jar;C:\Users\daniel\.m2\repository\io\netty\netty-codec\4.1.110.Final\netty-codec-4.1.110.Final.jar;C:\Users\daniel\.m2\repository\io\netty\netty-transport\4.1.110.Final\netty-transport-4.1.110.Final.jar;C:\Users\daniel\.m2\repository\io\projectreactor\reactor-core\3.6.6\reactor-core-3.6.6.jar;C:\Users\daniel\.m2\repository\org\reactivestreams\reactive-streams\1.0.4\reactive-streams-1.0.4.jar;C:\Users\daniel\.m2\repository\org\springframework\data\spring-data-redis\3.3.0\spring-data-redis-3.3.0.jar;C:\Users\daniel\.m2\repository\org\springframework\data\spring-data-keyvalue\3.3.0\spring-data-keyvalue-3.3.0.jar;C:\Users\daniel\.m2\repository\org\springframework\spring-oxm\6.1.8\spring-oxm-6.1.8.jar;C:\Users\daniel\.m2\repository\org\springframework\spring-context-support\6.1.8\spring-context-support-6.1.8.jar;C:\Users\daniel\.m2\repository\org\testcontainers\postgresql\1.17.6\postgresql-1.17.6.jar;C:\Users\daniel\.m2\repository\org\testcontainers\jdbc\1.19.8\jdbc-1.19.8.jar;C:\Users\daniel\.m2\repository\org\testcontainers\database-commons\1.19.8\database-commons-1.19.8.jar;C:\Users\daniel\.m2\repository\org\testcontainers\junit-jupiter\1.17.6\junit-jupiter-1.17.6.jar;C:\Users\daniel\.m2\repository\org\testcontainers\testcontainers\1.19.8\testcontainers-1.19.8.jar;C:\Users\daniel\.m2\repository\junit\junit\4.13.2\junit-4.13.2.jar;C:\Users\daniel\.m2\repository\org\hamcrest\hamcrest-core\2.2\hamcrest-core-2.2.jar;C:\Users\daniel\.m2\repository\org\apache\commons\commons-compress\1.24.0\commons-compress-1.24.0.jar;C:\Users\daniel\.m2\repository\org\rnorth\duct-tape\duct-tape\1.0.8\duct-tape-1.0.8.jar;C:\Users\daniel\.m2\repository\org\jetbrains\annotations\17.0.0\annotations-17.0.0.jar;C:\Users\daniel\.m2\repository\com\github\docker-java\docker-java-api\3.3.6\docker-java-api-3.3.6.jar;C:\Users\daniel\.m2\repository\com\github\docker-java\docker-java-transport-zerodep\3.3.6\docker-java-transport-zerodep-3.3.6.jar;C:\Users\daniel\.m2\repository\com\github\docker-java\docker-java-transport\3.3.6\docker-java-transport-3.3.6.jar;C:\Users\daniel\.m2\repository\net\java\dev\jna\jna\5.13.0\jna-5.13.0.jar;C:\Users\daniel\.m2\repository\org\junit\jupiter\junit-jupiter-api\5.10.2\junit-jupiter-api-5.10.2.jar;C:\Users\daniel\.m2\repository\org\opentest4j\opentest4j\1.3.0\opentest4j-1.3.0.jar;C:\Users\daniel\.m2\repository\org\junit\platform\junit-platform-commons\1.10.2\junit-platform-commons-1.10.2.jar;C:\Users\daniel\.m2\repository\org\apiguardian\apiguardian-api\1.1.2\apiguardian-api-1.1.2.jar;"/>
    <property name="sun.cpu.endian" value="little"/>
    <property name="user.home" value="C:\Users\daniel"/>
    <property name="user.language" value="ru"/>
    <property name="java.specification.vendor" value="Oracle Corporation"/>
    <property name="java.version.date" value="2023-10-17"/>
    <property name="java.home" value="C:\Program Files\Java\jdk-21"/>
    <property name="file.separator" value="\"/>
    <property name="basedir" value="H:\WORK\URL-Shortener"/>
    <property name="java.vm.compressedOopsMode" value="Zero based"/>
    <property name="line.separator" value="&#10;"/>
    <property name="java.vm.specification.vendor" value="Oracle Corporation"/>
    <property name="java.specification.name" value="Java Platform API Specification"/>
    <property name="FILE_LOG_CHARSET" value="UTF-8"/>
    <property name="java.awt.headless" value="true"/>
    <property name="surefire.real.class.path" value="C:\Users\daniel\AppData\Local\Temp\surefire14997565960872538917\surefirebooter-20240612142816087_3.jar"/>
    <property name="user.script" value=""/>
    <property name="sun.management.compiler" value="HotSpot 64-Bit Tiered Compilers"/>
    <property name="java.runtime.version" value="21.0.1+12-LTS-29"/>
    <property name="user.name" value="daniel"/>
    <property name="stdout.encoding" value="Cp1251"/>
    <property name="path.separator" value=";"/>
    <property name="os.version" value="10.0"/>
    <property name="java.runtime.name" value="Java(TM) SE Runtime Environment"/>
    <property name="file.encoding" value="UTF-8"/>
    <property name="java.vm.name" value="Java HotSpot(TM) 64-Bit Server VM"/>
    <property name="localRepository" value="C:\Users\daniel\.m2\repository"/>
    <property name="java.vendor.url.bug" value="https://bugreport.java.com/bugreport/"/>
    <property name="java.io.tmpdir" value="C:\Users\daniel\AppData\Local\Temp\"/>
    <property name="idea.version" value="2023.2.3"/>
    <property name="java.version" value="21.0.1"/>
    <property name="user.dir" value="H:\WORK\URL-Shortener"/>
    <property name="os.arch" value="amd64"/>
    <property name="java.vm.specification.name" value="Java Virtual Machine Specification"/>
    <property name="PID" value="12012"/>
    <property name="user.language.format" value="uk"/>
    <property name="sun.os.patch.level" value=""/>
    <property name="CONSOLE_LOG_CHARSET" value="UTF-8"/>
    <property name="native.encoding" value="Cp1251"/>
    <property name="java.library.path" value="C:\Program Files\Java\jdk-21\bin;C:\Windows\Sun\Java\bin;C:\Windows\system32;C:\Windows;C:\Program Files\Common Files\Oracle\Java\javapath;C:\Program Files (x86)\Common Files\Oracle\Java\javapath;C:\Windows\system32;C:\Windows;C:\Windows\System32\Wbem;C:\Windows\System32\WindowsPowerShell\v1.0\;C:\Windows\System32\OpenSSH\;C:\Program Files\Git\cmd;C:\Program Files (x86)\NVIDIA Corporation\PhysX\Common;C:\Program Files\NVIDIA Corporation\NVIDIA NvDLISR;C:\Program Files\Docker\Docker\resources\bin;C:\Program Files\Java\jdk-17\bin;C:\Users\daniel\AppData\Local\Programs\Python\Python311\Scripts\;C:\Users\daniel\AppData\Local\Programs\Python\Python311\;C:\Users\daniel\Documents\Maven\apache-maven-3.9.5\bin\bin;C:\Program Files\JetBrains\IntelliJ IDEA Community Edition 2023.2.3\bin;;C:\Users\daniel\AppData\Local\GitHubDesktop\bin;C:\Users\daniel\Documents\Maven\apache-maven-3.9.5\bin;;H:\VsCode\Microsoft VS Code\bin;."/>
    <property name="java.vm.info" value="mixed mode, sharing"/>
    <property name="stderr.encoding" value="Cp1251"/>
    <property name="java.vendor" value="Oracle Corporation"/>
    <property name="java.vm.version" value="21.0.1+12-LTS-29"/>
    <property name="sun.io.unicode.encoding" value="UnicodeLittle"/>
    <property name="java.class.version" value="65.0"/>
    <property name="LOGGED_APPLICATION_NAME" value="[URL Shortener] "/>
  </properties>
  <testcase name="fromUrlProfileEntityToResponseTest" classname="com.example.url_profile.UrlProfileMapperTest" time="0.001">
    <error message="Failed to load ApplicationContext for [WebMergedContextConfiguration@1ba98508 testClass = com.example.url_profile.UrlProfileMapperTest, locations = [], classes = [com.example.UrlShortenerApplication], contextInitializerClasses = [], activeProfiles = [], propertySourceDescriptors = [], propertySourceProperties = [&quot;org.springframework.boot.test.context.SpringBootTestContextBootstrapper=true&quot;], contextCustomizers = [org.springframework.boot.test.context.filter.ExcludeFilterContextCustomizer@1187c9e8, org.springframework.boot.test.json.DuplicateJsonObjectContextCustomizerFactory$DuplicateJsonObjectContextCustomizer@16aa8654, org.springframework.boot.test.mock.mockito.MockitoContextCustomizer@0, org.springframework.boot.test.web.client.TestRestTemplateContextCustomizer@7c51f34b, org.springframework.boot.test.autoconfigure.actuate.observability.ObservabilityContextCustomizerFactory$DisableObservabilityContextCustomizer@1f, org.springframework.boot.test.autoconfigure.properties.PropertyMappingContextCustomizer@0, org.springframework.boot.test.autoconfigure.web.servlet.WebDriverContextCustomizer@4e31276e, org.springframework.test.context.support.DynamicPropertiesContextCustomizer@889abab5, org.springframework.boot.test.context.SpringBootTestAnnotation@bd271ef8], resourceBasePath = &quot;src/main/webapp&quot;, contextLoader = org.springframework.boot.test.context.SpringBootContextLoader, parent = null]" type="java.lang.IllegalStateException"><![CDATA[java.lang.IllegalStateException: Failed to load ApplicationContext for [WebMergedContextConfiguration@1ba98508 testClass = com.example.url_profile.UrlProfileMapperTest, locations = [], classes = [com.example.UrlShortenerApplication], contextInitializerClasses = [], activeProfiles = [], propertySourceDescriptors = [], propertySourceProperties = ["org.springframework.boot.test.context.SpringBootTestContextBootstrapper=true"], contextCustomizers = [org.springframework.boot.test.context.filter.ExcludeFilterContextCustomizer@1187c9e8, org.springframework.boot.test.json.DuplicateJsonObjectContextCustomizerFactory$DuplicateJsonObjectContextCustomizer@16aa8654, org.springframework.boot.test.mock.mockito.MockitoContextCustomizer@0, org.springframework.boot.test.web.client.TestRestTemplateContextCustomizer@7c51f34b, org.springframework.boot.test.autoconfigure.actuate.observability.ObservabilityContextCustomizerFactory$DisableObservabilityContextCustomizer@1f, org.springframework.boot.test.autoconfigure.properties.PropertyMappingContextCustomizer@0, org.springframework.boot.test.autoconfigure.web.servlet.WebDriverContextCustomizer@4e31276e, org.springframework.test.context.support.DynamicPropertiesContextCustomizer@889abab5, org.springframework.boot.test.context.SpringBootTestAnnotation@bd271ef8], resourceBasePath = "src/main/webapp", contextLoader = org.springframework.boot.test.context.SpringBootContextLoader, parent = null]
	at org.springframework.test.context.cache.DefaultCacheAwareContextLoaderDelegate.loadContext(DefaultCacheAwareContextLoaderDelegate.java:180)
	at org.springframework.test.context.support.DefaultTestContext.getApplicationContext(DefaultTestContext.java:130)
	at org.springframework.test.context.web.ServletTestExecutionListener.setUpRequestContextIfNecessary(ServletTestExecutionListener.java:191)
	at org.springframework.test.context.web.ServletTestExecutionListener.prepareTestInstance(ServletTestExecutionListener.java:130)
	at org.springframework.test.context.TestContextManager.prepareTestInstance(TestContextManager.java:260)
	at org.springframework.test.context.junit.jupiter.SpringExtension.postProcessTestInstance(SpringExtension.java:163)
	at java.base/java.util.stream.ReferencePipeline$3$1.accept(ReferencePipeline.java:197)
	at java.base/java.util.stream.ReferencePipeline$2$1.accept(ReferencePipeline.java:179)
	at java.base/java.util.ArrayList$ArrayListSpliterator.forEachRemaining(ArrayList.java:1708)
	at java.base/java.util.stream.AbstractPipeline.copyInto(AbstractPipeline.java:509)
	at java.base/java.util.stream.AbstractPipeline.wrapAndCopyInto(AbstractPipeline.java:499)
	at java.base/java.util.stream.StreamSpliterators$WrappingSpliterator.forEachRemaining(StreamSpliterators.java:310)
	at java.base/java.util.stream.Streams$ConcatSpliterator.forEachRemaining(Streams.java:735)
	at java.base/java.util.stream.Streams$ConcatSpliterator.forEachRemaining(Streams.java:734)
	at java.base/java.util.stream.ReferencePipeline$Head.forEach(ReferencePipeline.java:762)
	at java.base/java.util.Optional.orElseGet(Optional.java:364)
	at java.base/java.util.ArrayList.forEach(ArrayList.java:1596)
	at java.base/java.util.ArrayList.forEach(ArrayList.java:1596)
Caused by: org.springframework.beans.factory.BeanCreationException: Error creating bean with name 'entityManagerFactory' defined in class path resource [org/springframework/boot/autoconfigure/orm/jpa/HibernateJpaConfiguration.class]: Failed to initialize dependency 'flywayInitializer' of LoadTimeWeaverAware bean 'entityManagerFactory': Error creating bean with name 'flywayInitializer' defined in class path resource [org/springframework/boot/autoconfigure/flyway/FlywayAutoConfiguration$FlywayConfiguration.class]: Unable to obtain connection from database: ��������: ���������� "postgres" �� ������� �������������� �� ��������� ������
------------------------------------------------------------------------------------------------------------------------
SQL State  : 28P01
Error Code : 0
Message    : ��������: ���������� "postgres" �� ������� �������������� �� ��������� ������

	at org.springframework.beans.factory.support.AbstractBeanFactory.doGetBean(AbstractBeanFactory.java:326)
	at org.springframework.beans.factory.support.AbstractBeanFactory.getBean(AbstractBeanFactory.java:205)
	at org.springframework.context.support.AbstractApplicationContext.finishBeanFactoryInitialization(AbstractApplicationContext.java:952)
	at org.springframework.context.support.AbstractApplicationContext.refresh(AbstractApplicationContext.java:624)
	at org.springframework.boot.SpringApplication.refresh(SpringApplication.java:754)
	at org.springframework.boot.SpringApplication.refreshContext(SpringApplication.java:456)
	at org.springframework.boot.SpringApplication.run(SpringApplication.java:335)
	at org.springframework.boot.test.context.SpringBootContextLoader.lambda$loadContext$3(SpringBootContextLoader.java:137)
	at org.springframework.util.function.ThrowingSupplier.get(ThrowingSupplier.java:58)
	at org.springframework.util.function.ThrowingSupplier.get(ThrowingSupplier.java:46)
	at org.springframework.boot.SpringApplication.withHook(SpringApplication.java:1463)
	at org.springframework.boot.test.context.SpringBootContextLoader$ContextLoaderHook.run(SpringBootContextLoader.java:553)
	at org.springframework.boot.test.context.SpringBootContextLoader.loadContext(SpringBootContextLoader.java:137)
	at org.springframework.boot.test.context.SpringBootContextLoader.loadContext(SpringBootContextLoader.java:108)
	at org.springframework.test.context.cache.DefaultCacheAwareContextLoaderDelegate.loadContextInternal(DefaultCacheAwareContextLoaderDelegate.java:225)
	at org.springframework.test.context.cache.DefaultCacheAwareContextLoaderDelegate.loadContext(DefaultCacheAwareContextLoaderDelegate.java:152)
	... 17 more
Caused by: org.springframework.beans.factory.BeanCreationException: Error creating bean with name 'flywayInitializer' defined in class path resource [org/springframework/boot/autoconfigure/flyway/FlywayAutoConfiguration$FlywayConfiguration.class]: Unable to obtain connection from database: ��������: ���������� "postgres" �� ������� �������������� �� ��������� ������
------------------------------------------------------------------------------------------------------------------------
SQL State  : 28P01
Error Code : 0
Message    : ��������: ���������� "postgres" �� ������� �������������� �� ��������� ������

	at org.springframework.beans.factory.support.AbstractAutowireCapableBeanFactory.initializeBean(AbstractAutowireCapableBeanFactory.java:1788)
	at org.springframework.beans.factory.support.AbstractAutowireCapableBeanFactory.doCreateBean(AbstractAutowireCapableBeanFactory.java:600)
	at org.springframework.beans.factory.support.AbstractAutowireCapableBeanFactory.createBean(AbstractAutowireCapableBeanFactory.java:522)
	at org.springframework.beans.factory.support.AbstractBeanFactory.lambda$doGetBean$0(AbstractBeanFactory.java:337)
	at org.springframework.beans.factory.support.DefaultSingletonBeanRegistry.getSingleton(DefaultSingletonBeanRegistry.java:234)
	at org.springframework.beans.factory.support.AbstractBeanFactory.doGetBean(AbstractBeanFactory.java:335)
	at org.springframework.beans.factory.support.AbstractBeanFactory.getBean(AbstractBeanFactory.java:200)
	at org.springframework.beans.factory.support.AbstractBeanFactory.doGetBean(AbstractBeanFactory.java:313)
	... 32 more
Caused by: org.flywaydb.core.internal.exception.FlywaySqlException: Unable to obtain connection from database: ��������: ���������� "postgres" �� ������� �������������� �� ��������� ������
------------------------------------------------------------------------------------------------------------------------
SQL State  : 28P01
Error Code : 0
Message    : ��������: ���������� "postgres" �� ������� �������������� �� ��������� ������

	at org.flywaydb.core.internal.jdbc.JdbcUtils.openConnection(JdbcUtils.java:60)
	at org.flywaydb.core.internal.jdbc.JdbcConnectionFactory.<init>(JdbcConnectionFactory.java:72)
	at org.flywaydb.core.FlywayExecutor.execute(FlywayExecutor.java:134)
	at org.flywaydb.core.Flyway.migrate(Flyway.java:147)
	at org.springframework.boot.autoconfigure.flyway.FlywayMigrationInitializer.afterPropertiesSet(FlywayMigrationInitializer.java:66)
	at org.springframework.beans.factory.support.AbstractAutowireCapableBeanFactory.invokeInitMethods(AbstractAutowireCapableBeanFactory.java:1835)
	at org.springframework.beans.factory.support.AbstractAutowireCapableBeanFactory.initializeBean(AbstractAutowireCapableBeanFactory.java:1784)
	... 39 more
Caused by: org.postgresql.util.PSQLException: ��������: ���������� "postgres" �� ������� �������������� �� ��������� ������
	at org.postgresql.core.v3.ConnectionFactoryImpl.doAuthentication(ConnectionFactoryImpl.java:698)
	at org.postgresql.core.v3.ConnectionFactoryImpl.tryConnect(ConnectionFactoryImpl.java:207)
	at org.postgresql.core.v3.ConnectionFactoryImpl.openConnectionImpl(ConnectionFactoryImpl.java:262)
	at org.postgresql.core.ConnectionFactory.openConnection(ConnectionFactory.java:54)
	at org.postgresql.jdbc.PgConnection.<init>(PgConnection.java:273)
	at org.postgresql.Driver.makeConnection(Driver.java:446)
	at org.postgresql.Driver.connect(Driver.java:298)
	at org.springframework.jdbc.datasource.SimpleDriverDataSource.getConnectionFromDriver(SimpleDriverDataSource.java:144)
	at org.springframework.jdbc.datasource.AbstractDriverBasedDataSource.getConnectionFromDriver(AbstractDriverBasedDataSource.java:205)
	at org.springframework.jdbc.datasource.AbstractDriverBasedDataSource.getConnection(AbstractDriverBasedDataSource.java:169)
	at org.flywaydb.core.internal.jdbc.JdbcUtils.openConnection(JdbcUtils.java:48)
	... 45 more
]]></error>
    <system-out><![CDATA[2024-06-12T14:28:20.678+03:00 DEBUG 12012 --- [URL Shortener] [           main] o.t.utility.TestcontainersConfiguration  : Testcontainers configuration overrides will be loaded from file:/C:/Users/daniel/.testcontainers.properties
2024-06-12T14:28:20.681+03:00  INFO 12012 --- [URL Shortener] [           main] org.testcontainers.images.PullPolicy     : Image pull policy will be performed by: DefaultPullPolicy()
2024-06-12T14:28:20.683+03:00  INFO 12012 --- [URL Shortener] [           main] o.t.utility.ImageNameSubstitutor         : Image name substitution will be performed by: DefaultImageNameSubstitutor (composite of 'ConfigurationFileImageNameSubstitutor' and 'PrefixingImageNameSubstitutor')
2024-06-12T14:28:20.885+03:00  INFO 12012 --- [URL Shortener] [           main] o.t.d.DockerClientProviderStrategy       : Loaded org.testcontainers.dockerclient.NpipeSocketClientProviderStrategy from ~/.testcontainers.properties, will try it first
2024-06-12T14:28:20.886+03:00 DEBUG 12012 --- [URL Shortener] [           main] o.t.d.DockerClientProviderStrategy       : Trying out strategy: NpipeSocketClientProviderStrategy
2024-06-12T14:28:20.998+03:00 DEBUG 12012 --- [URL Shortener] [           main] o.t.s.c.g.d.core.command.AbstrDockerCmd  : Cmd: 
2024-06-12T14:28:21.015+03:00 DEBUG 12012 --- [URL Shortener] [           main] g.d.z.s.o.a.h.c.h.i.c.InternalHttpClient : ex-00000001: preparing request execution
2024-06-12T14:28:21.018+03:00 DEBUG 12012 --- [URL Shortener] [           main] c.g.d.z.s.o.a.h.c.h.p.RequestAddCookies  : Cookie spec selected: strict
2024-06-12T14:28:21.021+03:00 DEBUG 12012 --- [URL Shortener] [           main] c.g.d.z.s.o.a.h.c.h.p.RequestAuthCache   : Auth cache not set in the context
2024-06-12T14:28:21.021+03:00 DEBUG 12012 --- [URL Shortener] [           main] c.g.d.z.s.o.a.h.c.h.i.c.ProtocolExec     : ex-00000001: target auth state: UNCHALLENGED
2024-06-12T14:28:21.022+03:00 DEBUG 12012 --- [URL Shortener] [           main] c.g.d.z.s.o.a.h.c.h.i.c.ProtocolExec     : ex-00000001: proxy auth state: UNCHALLENGED
2024-06-12T14:28:21.022+03:00 DEBUG 12012 --- [URL Shortener] [           main] c.g.d.z.s.o.a.h.c.h.i.c.ConnectExec      : ex-00000001: acquiring connection with route {}->npipe://localhost:2375
2024-06-12T14:28:21.022+03:00 DEBUG 12012 --- [URL Shortener] [           main] g.d.z.s.o.a.h.c.h.i.c.InternalHttpClient : ex-00000001: acquiring endpoint (3 MINUTES)
2024-06-12T14:28:21.023+03:00 DEBUG 12012 --- [URL Shortener] [           main] h.i.i.PoolingHttpClientConnectionManager : ex-00000001: endpoint lease request (3 MINUTES) [route: {}->npipe://localhost:2375][total available: 0; route allocated: 0 of 2147483647; total allocated: 0 of 2147483647]
2024-06-12T14:28:21.026+03:00 DEBUG 12012 --- [URL Shortener] [           main] h.i.i.PoolingHttpClientConnectionManager : ex-00000001: endpoint leased [route: {}->npipe://localhost:2375][total available: 0; route allocated: 1 of 2147483647; total allocated: 1 of 2147483647]
2024-06-12T14:28:21.032+03:00 DEBUG 12012 --- [URL Shortener] [           main] h.i.i.PoolingHttpClientConnectionManager : ex-00000001: acquired ep-00000000
2024-06-12T14:28:21.032+03:00 DEBUG 12012 --- [URL Shortener] [           main] g.d.z.s.o.a.h.c.h.i.c.InternalHttpClient : ex-00000001: acquired endpoint ep-00000000
2024-06-12T14:28:21.032+03:00 DEBUG 12012 --- [URL Shortener] [           main] c.g.d.z.s.o.a.h.c.h.i.c.ConnectExec      : ex-00000001: opening connection {}->npipe://localhost:2375
2024-06-12T14:28:21.033+03:00 DEBUG 12012 --- [URL Shortener] [           main] g.d.z.s.o.a.h.c.h.i.c.InternalHttpClient : ep-00000000: connecting endpoint (3 MINUTES)
2024-06-12T14:28:21.033+03:00 DEBUG 12012 --- [URL Shortener] [           main] h.i.i.PoolingHttpClientConnectionManager : ep-00000000: connecting endpoint to npipe://localhost:2375 (3 MINUTES)
2024-06-12T14:28:21.034+03:00 DEBUG 12012 --- [URL Shortener] [           main] .i.i.DefaultHttpClientConnectionOperator : http-outgoing-0: connecting to localhost/127.0.0.1:2375
2024-06-12T14:28:21.035+03:00 DEBUG 12012 --- [URL Shortener] [           main] .i.i.DefaultHttpClientConnectionOperator : http-outgoing-0: connection established 
2024-06-12T14:28:21.035+03:00 DEBUG 12012 --- [URL Shortener] [           main] h.i.i.PoolingHttpClientConnectionManager : ep-00000000: connected http-outgoing-0
2024-06-12T14:28:21.035+03:00 DEBUG 12012 --- [URL Shortener] [           main] g.d.z.s.o.a.h.c.h.i.c.InternalHttpClient : ep-00000000: endpoint connected
2024-06-12T14:28:21.035+03:00 DEBUG 12012 --- [URL Shortener] [           main] c.g.d.z.s.o.a.h.c.h.i.c.MainClientExec   : ex-00000001: executing GET /v1.32/info HTTP/1.1
2024-06-12T14:28:21.035+03:00 DEBUG 12012 --- [URL Shortener] [           main] g.d.z.s.o.a.h.c.h.i.c.InternalHttpClient : ep-00000000: start execution ex-00000001
2024-06-12T14:28:21.035+03:00 DEBUG 12012 --- [URL Shortener] [           main] h.i.i.PoolingHttpClientConnectionManager : ep-00000000: executing exchange ex-00000001 over http-outgoing-0
2024-06-12T14:28:21.036+03:00 DEBUG 12012 --- [URL Shortener] [           main] c.g.d.z.s.o.a.hc.client5.http.headers    : http-outgoing-0 >> GET /v1.32/info HTTP/1.1
2024-06-12T14:28:21.036+03:00 DEBUG 12012 --- [URL Shortener] [           main] c.g.d.z.s.o.a.hc.client5.http.headers    : http-outgoing-0 >> x-tc-sid: 7171fa07-21e4-4858-9670-1c8520dc0b21
2024-06-12T14:28:21.036+03:00 DEBUG 12012 --- [URL Shortener] [           main] c.g.d.z.s.o.a.hc.client5.http.headers    : http-outgoing-0 >> User-Agent: tc-java/1.19.8
2024-06-12T14:28:21.036+03:00 DEBUG 12012 --- [URL Shortener] [           main] c.g.d.z.s.o.a.hc.client5.http.headers    : http-outgoing-0 >> Accept-Encoding: gzip, x-gzip, deflate
2024-06-12T14:28:21.036+03:00 DEBUG 12012 --- [URL Shortener] [           main] c.g.d.z.s.o.a.hc.client5.http.headers    : http-outgoing-0 >> Host: localhost:2375
2024-06-12T14:28:21.037+03:00 DEBUG 12012 --- [URL Shortener] [           main] c.g.d.z.s.o.a.hc.client5.http.headers    : http-outgoing-0 >> Connection: keep-alive
2024-06-12T14:28:21.037+03:00 DEBUG 12012 --- [URL Shortener] [           main] c.g.d.z.s.o.apache.hc.client5.http.wire  : http-outgoing-0 >> "GET /v1.32/info HTTP/1.1[\r][\n]"
2024-06-12T14:28:21.037+03:00 DEBUG 12012 --- [URL Shortener] [           main] c.g.d.z.s.o.apache.hc.client5.http.wire  : http-outgoing-0 >> "x-tc-sid: 7171fa07-21e4-4858-9670-1c8520dc0b21[\r][\n]"
2024-06-12T14:28:21.037+03:00 DEBUG 12012 --- [URL Shortener] [           main] c.g.d.z.s.o.apache.hc.client5.http.wire  : http-outgoing-0 >> "User-Agent: tc-java/1.19.8[\r][\n]"
2024-06-12T14:28:21.037+03:00 DEBUG 12012 --- [URL Shortener] [           main] c.g.d.z.s.o.apache.hc.client5.http.wire  : http-outgoing-0 >> "Accept-Encoding: gzip, x-gzip, deflate[\r][\n]"
2024-06-12T14:28:21.037+03:00 DEBUG 12012 --- [URL Shortener] [           main] c.g.d.z.s.o.apache.hc.client5.http.wire  : http-outgoing-0 >> "Host: localhost:2375[\r][\n]"
2024-06-12T14:28:21.037+03:00 DEBUG 12012 --- [URL Shortener] [           main] c.g.d.z.s.o.apache.hc.client5.http.wire  : http-outgoing-0 >> "Connection: keep-alive[\r][\n]"
2024-06-12T14:28:21.037+03:00 DEBUG 12012 --- [URL Shortener] [           main] c.g.d.z.s.o.apache.hc.client5.http.wire  : http-outgoing-0 >> "[\r][\n]"
2024-06-12T14:28:21.044+03:00 DEBUG 12012 --- [URL Shortener] [           main] c.g.d.z.s.o.apache.hc.client5.http.wire  : http-outgoing-0 << "HTTP/1.1 200 OK[\r][\n]"
2024-06-12T14:28:21.045+03:00 DEBUG 12012 --- [URL Shortener] [           main] c.g.d.z.s.o.apache.hc.client5.http.wire  : http-outgoing-0 << "Api-Version: 1.43[\r][\n]"
2024-06-12T14:28:21.045+03:00 DEBUG 12012 --- [URL Shortener] [           main] c.g.d.z.s.o.apache.hc.client5.http.wire  : http-outgoing-0 << "Content-Type: application/json[\r][\n]"
2024-06-12T14:28:21.045+03:00 DEBUG 12012 --- [URL Shortener] [           main] c.g.d.z.s.o.apache.hc.client5.http.wire  : http-outgoing-0 << "Date: Wed, 12 Jun 2024 11:28:21 GMT[\r][\n]"
2024-06-12T14:28:21.045+03:00 DEBUG 12012 --- [URL Shortener] [           main] c.g.d.z.s.o.apache.hc.client5.http.wire  : http-outgoing-0 << "Docker-Experimental: false[\r][\n]"
2024-06-12T14:28:21.045+03:00 DEBUG 12012 --- [URL Shortener] [           main] c.g.d.z.s.o.apache.hc.client5.http.wire  : http-outgoing-0 << "Ostype: linux[\r][\n]"
2024-06-12T14:28:21.045+03:00 DEBUG 12012 --- [URL Shortener] [           main] c.g.d.z.s.o.apache.hc.client5.http.wire  : http-outgoing-0 << "Server: Docker/24.0.7 (linux)[\r][\n]"
2024-06-12T14:28:21.045+03:00 DEBUG 12012 --- [URL Shortener] [           main] c.g.d.z.s.o.apache.hc.client5.http.wire  : http-outgoing-0 << "Transfer-Encoding: chunked[\r][\n]"
2024-06-12T14:28:21.045+03:00 DEBUG 12012 --- [URL Shortener] [           main] c.g.d.z.s.o.apache.hc.client5.http.wire  : http-outgoing-0 << "[\r][\n]"
2024-06-12T14:28:21.047+03:00 DEBUG 12012 --- [URL Shortener] [           main] c.g.d.z.s.o.a.hc.client5.http.headers    : http-outgoing-0 << HTTP/1.1 200 OK
2024-06-12T14:28:21.047+03:00 DEBUG 12012 --- [URL Shortener] [           main] c.g.d.z.s.o.a.hc.client5.http.headers    : http-outgoing-0 << Api-Version: 1.43
2024-06-12T14:28:21.047+03:00 DEBUG 12012 --- [URL Shortener] [           main] c.g.d.z.s.o.a.hc.client5.http.headers    : http-outgoing-0 << Content-Type: application/json
2024-06-12T14:28:21.047+03:00 DEBUG 12012 --- [URL Shortener] [           main] c.g.d.z.s.o.a.hc.client5.http.headers    : http-outgoing-0 << Date: Wed, 12 Jun 2024 11:28:21 GMT
2024-06-12T14:28:21.047+03:00 DEBUG 12012 --- [URL Shortener] [           main] c.g.d.z.s.o.a.hc.client5.http.headers    : http-outgoing-0 << Docker-Experimental: false
2024-06-12T14:28:21.047+03:00 DEBUG 12012 --- [URL Shortener] [           main] c.g.d.z.s.o.a.hc.client5.http.headers    : http-outgoing-0 << Ostype: linux
2024-06-12T14:28:21.047+03:00 DEBUG 12012 --- [URL Shortener] [           main] c.g.d.z.s.o.a.hc.client5.http.headers    : http-outgoing-0 << Server: Docker/24.0.7 (linux)
2024-06-12T14:28:21.047+03:00 DEBUG 12012 --- [URL Shortener] [           main] c.g.d.z.s.o.a.hc.client5.http.headers    : http-outgoing-0 << Transfer-Encoding: chunked
2024-06-12T14:28:21.049+03:00 DEBUG 12012 --- [URL Shortener] [           main] c.g.d.z.s.o.a.h.c.h.i.c.MainClientExec   : ex-00000001: connection can be kept alive for 3 MINUTES
2024-06-12T14:28:21.051+03:00 DEBUG 12012 --- [URL Shortener] [           main] c.g.d.z.s.o.apache.hc.client5.http.wire  : http-outgoing-0 << "a9e[\r][\n]"
2024-06-12T14:28:21.052+03:00 DEBUG 12012 --- [URL Shortener] [           main] c.g.d.z.s.o.apache.hc.client5.http.wire  : http-outgoing-0 << "{"ID":"0ee3623f-269b-4f34-ae3a-ad352ea728ee","Containers":0,"ContainersRunning":0,"ContainersPaused":0,"ContainersStopped":0,"Images":2,"Driver":"overlay2","DriverStatus":[["Backing Filesystem","extfs"],["Supports d_type","true"],["Using metacopy","false"],["Native Overlay Diff","true"],["userxattr","false"]],"Plugins":{"Volume":["local"],"Network":["bridge","host","ipvlan","macvlan","null","overlay"],"Authorization":null,"Log":["awslogs","fluentd","gcplogs","gelf","journald","json-file","local","logentries","splunk","syslog"]},"MemoryLimit":true,"SwapLimit":true,"KernelMemory":true,"KernelMemoryTCP":true,"CpuCfsPeriod":true,"CpuCfsQuota":true,"CPUShares":true,"CPUSet":true,"PidsLimit":true,"IPv4Forwarding":true,"BridgeNfIptables":true,"BridgeNfIp6tables":true,"Debug":false,"NFd":40,"OomKillDisable":true,"NGoroutines":56,"SystemTime":"2024-06-12T11:28:21.040362493Z","LoggingDriver":"json-file","CgroupDriver":"cgroupfs","CgroupVersion":"1","NEventsListener":9,"KernelVersion":"5.15.133.1-microsoft-standard-WSL2","OperatingSystem":"Docker Desktop","OSVersion":"","OSType":"linux","Architecture":"x86_64","IndexServerAddress":"https://index.docker.io/v1/","RegistryConfig":{"AllowNondistributableArtifactsCIDRs":null,"AllowNondistributableArtifactsHostnames":null,"InsecureRegistryCIDRs":["127.0.0.0/8"],"IndexConfigs":{"docker.io":{"Name":"docker.io","Mirrors":[],"Secure":true,"Official":true},"hubproxy.docker.internal:5555":{"Name":"hubproxy.docker.internal:5555","Mirrors":[],"Secure":false,"Official":false}},"Mirrors":null},"NCPU":8,"MemTotal":8275341312,"GenericResources":null,"DockerRootDir":"/var/lib/docker","HttpProxy":"http.docker.internal:3128","HttpsProxy":"http.docker.internal:3128","NoProxy":"hubproxy.docker.internal","Name":"docker-desktop","Labels":[],"ExperimentalBuild":false,"ServerVersion":"24.0.7","Runtimes":{"io.containerd.runc.v2":{"path":"runc"},"runc":{"path":"runc"}},"DefaultRuntime":"runc","Swarm":{"NodeID":"","NodeAddr":"","LocalNodeState":"inactive","ControlAvailable":false,"Error":"","RemoteManagers":null},"LiveRestoreEnabled":false,"Isolation":"","InitBinary":"docker-init","ContainerdCommit":{"ID":"d8f198a4ed8892c764191ef7b3b06d8a2eeb5c7f","Expected":"d8f198a4ed8892c764191ef7b3b06d8a2eeb5c7f"},"RuncCommit":{"ID":"v1.1.10-0-g18a0cb0","Expected":"v1.1.10-0-g18a0cb0"},"InitCommit":{"ID":"de40ad0","Expected":"de40ad0"},"SecurityOptions":["name=seccomp,profile=unconfined"],"Warnings":["WARNING: No blkio throttle.read_bps_device support","WARNING: No blkio throttle.write_bps_device support","WARNING: No blkio throttle.read_iops_device support","WARNING: No blkio throttle.write_iops_device support","WARNING: daemon is not using the default seccomp profile"]}[\n]"
2024-06-12T14:28:21.052+03:00 DEBUG 12012 --- [URL Shortener] [           main] c.g.d.z.s.o.apache.hc.client5.http.wire  : http-outgoing-0 << "[\r][\n]"
2024-06-12T14:28:21.052+03:00 DEBUG 12012 --- [URL Shortener] [           main] c.g.d.z.s.o.apache.hc.client5.http.wire  : http-outgoing-0 << "0[\r][\n]"
2024-06-12T14:28:21.052+03:00 DEBUG 12012 --- [URL Shortener] [           main] c.g.d.z.s.o.apache.hc.client5.http.wire  : http-outgoing-0 << "[\r][\n]"
2024-06-12T14:28:21.114+03:00 DEBUG 12012 --- [URL Shortener] [           main] g.d.z.s.o.a.h.c.h.i.c.InternalHttpClient : ep-00000000: releasing valid endpoint
2024-06-12T14:28:21.114+03:00 DEBUG 12012 --- [URL Shortener] [           main] h.i.i.PoolingHttpClientConnectionManager : ep-00000000: releasing endpoint
2024-06-12T14:28:21.114+03:00 DEBUG 12012 --- [URL Shortener] [           main] h.i.i.PoolingHttpClientConnectionManager : ep-00000000: connection http-outgoing-0 can be kept alive for 3 MINUTES
2024-06-12T14:28:21.115+03:00 DEBUG 12012 --- [URL Shortener] [           main] h.i.i.PoolingHttpClientConnectionManager : ep-00000000: connection released [route: {}->npipe://localhost:2375][total available: 1; route allocated: 1 of 2147483647; total allocated: 1 of 2147483647]
2024-06-12T14:28:21.115+03:00  INFO 12012 --- [URL Shortener] [           main] o.t.d.DockerClientProviderStrategy       : Found Docker environment with local Npipe socket (npipe:////./pipe/docker_engine)
2024-06-12T14:28:21.115+03:00 DEBUG 12012 --- [URL Shortener] [           main] o.t.d.DockerClientProviderStrategy       : Transport type: 'httpclient5', Docker host: 'npipe:////./pipe/docker_engine'
2024-06-12T14:28:21.115+03:00 DEBUG 12012 --- [URL Shortener] [           main] o.t.d.DockerClientProviderStrategy       : Checking Docker OS type for local Npipe socket (npipe:////./pipe/docker_engine)
2024-06-12T14:28:21.116+03:00  INFO 12012 --- [URL Shortener] [           main] org.testcontainers.DockerClientFactory   : Docker host IP address is localhost
2024-06-12T14:28:21.116+03:00 DEBUG 12012 --- [URL Shortener] [           main] org.testcontainers.DockerClientFactory   : Docker info: {NGoroutines=56, Name=docker-desktop, Swarm={NodeID=, NodeAddr=, LocalNodeState=inactive, ControlAvailable=false, Error=, RemoteManagers=null}, RuncCommit={ID=v1.1.10-0-g18a0cb0, Expected=v1.1.10-0-g18a0cb0}, OSVersion=, Runtimes={io.containerd.runc.v2={path=runc}, runc={path=runc}}, ID=0ee3623f-269b-4f34-ae3a-ad352ea728ee, DriverStatus=[[Backing Filesystem, extfs], [Supports d_type, true], [Using metacopy, false], [Native Overlay Diff, true], [userxattr, false]], BridgeNfIptables=true, LiveRestoreEnabled=false, SystemTime=2024-06-12T11:28:21.040362493Z, NoProxy=hubproxy.docker.internal, Architecture=x86_64, NEventsListener=9, HttpsProxy=http.docker.internal:3128, Images=2, ContainersRunning=0, Labels=[], InitCommit={ID=de40ad0, Expected=de40ad0}, NFd=40, KernelVersion=5.15.133.1-microsoft-standard-WSL2, LoggingDriver=json-file, OSType=linux, SecurityOptions=[name=seccomp,profile=unconfined], ContainerdCommit={ID=d8f198a4ed8892c764191ef7b3b06d8a2eeb5c7f, Expected=d8f198a4ed8892c764191ef7b3b06d8a2eeb5c7f}, GenericResources=null, KernelMemory=true, OperatingSystem=Docker Desktop, RegistryConfig={AllowNondistributableArtifactsCIDRs=null, AllowNondistributableArtifactsHostnames=null, InsecureRegistryCIDRs=[127.0.0.0/8], IndexConfigs={docker.io={Name=docker.io, Mirrors=[], Secure=true, Official=true}, hubproxy.docker.internal:5555={Name=hubproxy.docker.internal:5555, Mirrors=[], Secure=false, Official=false}}, Mirrors=null}, ServerVersion=24.0.7, OomKillDisable=true, CpuCfsQuota=true, Containers=0, Driver=overlay2, KernelMemoryTCP=true, IPv4Forwarding=true, ExperimentalBuild=false, DockerRootDir=/var/lib/docker, CPUSet=true, CpuCfsPeriod=true, DefaultRuntime=runc, CPUShares=true, Debug=false, NCPU=8, Plugins={Volume=[local], Network=[bridge, host, ipvlan, macvlan, null, overlay], Authorization=null, Log=[awslogs, fluentd, gcplogs, gelf, journald, json-file, local, logentries, splunk, syslog]}, SwapLimit=true, CgroupDriver=cgroupfs, ContainersPaused=0, MemTotal=8275341312, IndexServerAddress=https://index.docker.io/v1/, MemoryLimit=true, HttpProxy=http.docker.internal:3128, InitBinary=docker-init, CgroupVersion=1, PidsLimit=true, Isolation=, BridgeNfIp6tables=true, Warnings=[WARNING: No blkio throttle.read_bps_device support, WARNING: No blkio throttle.write_bps_device support, WARNING: No blkio throttle.read_iops_device support, WARNING: No blkio throttle.write_iops_device support, WARNING: daemon is not using the default seccomp profile], ContainersStopped=0}
2024-06-12T14:28:21.117+03:00 DEBUG 12012 --- [URL Shortener] [           main] o.t.s.c.g.d.core.command.AbstrDockerCmd  : Cmd: 
2024-06-12T14:28:21.119+03:00 DEBUG 12012 --- [URL Shortener] [           main] g.d.z.s.o.a.h.c.h.i.c.InternalHttpClient : ex-00000002: preparing request execution
2024-06-12T14:28:21.119+03:00 DEBUG 12012 --- [URL Shortener] [           main] c.g.d.z.s.o.a.h.c.h.p.RequestAddCookies  : Cookie spec selected: strict
2024-06-12T14:28:21.119+03:00 DEBUG 12012 --- [URL Shortener] [           main] c.g.d.z.s.o.a.h.c.h.p.RequestAuthCache   : Auth cache not set in the context
2024-06-12T14:28:21.119+03:00 DEBUG 12012 --- [URL Shortener] [           main] c.g.d.z.s.o.a.h.c.h.i.c.ProtocolExec     : ex-00000002: target auth state: UNCHALLENGED
2024-06-12T14:28:21.119+03:00 DEBUG 12012 --- [URL Shortener] [           main] c.g.d.z.s.o.a.h.c.h.i.c.ProtocolExec     : ex-00000002: proxy auth state: UNCHALLENGED
2024-06-12T14:28:21.119+03:00 DEBUG 12012 --- [URL Shortener] [           main] c.g.d.z.s.o.a.h.c.h.i.c.ConnectExec      : ex-00000002: acquiring connection with route {}->npipe://localhost:2375
2024-06-12T14:28:21.119+03:00 DEBUG 12012 --- [URL Shortener] [           main] g.d.z.s.o.a.h.c.h.i.c.InternalHttpClient : ex-00000002: acquiring endpoint (3 MINUTES)
2024-06-12T14:28:21.119+03:00 DEBUG 12012 --- [URL Shortener] [           main] h.i.i.PoolingHttpClientConnectionManager : ex-00000002: endpoint lease request (3 MINUTES) [route: {}->npipe://localhost:2375][total available: 1; route allocated: 1 of 2147483647; total allocated: 1 of 2147483647]
2024-06-12T14:28:21.119+03:00 DEBUG 12012 --- [URL Shortener] [           main] h.i.i.PoolingHttpClientConnectionManager : ex-00000002: endpoint leased [route: {}->npipe://localhost:2375][total available: 0; route allocated: 1 of 2147483647; total allocated: 1 of 2147483647]
2024-06-12T14:28:21.120+03:00 DEBUG 12012 --- [URL Shortener] [           main] h.i.i.PoolingHttpClientConnectionManager : ex-00000002: acquired ep-00000001
2024-06-12T14:28:21.120+03:00 DEBUG 12012 --- [URL Shortener] [           main] g.d.z.s.o.a.h.c.h.i.c.InternalHttpClient : ex-00000002: acquired endpoint ep-00000001
2024-06-12T14:28:21.120+03:00 DEBUG 12012 --- [URL Shortener] [           main] c.g.d.z.s.o.a.h.c.h.i.c.MainClientExec   : ex-00000002: executing GET /v1.32/version HTTP/1.1
2024-06-12T14:28:21.120+03:00 DEBUG 12012 --- [URL Shortener] [           main] g.d.z.s.o.a.h.c.h.i.c.InternalHttpClient : ep-00000001: start execution ex-00000002
2024-06-12T14:28:21.120+03:00 DEBUG 12012 --- [URL Shortener] [           main] h.i.i.PoolingHttpClientConnectionManager : ep-00000001: executing exchange ex-00000002 over http-outgoing-0
2024-06-12T14:28:21.120+03:00 DEBUG 12012 --- [URL Shortener] [           main] c.g.d.z.s.o.a.hc.client5.http.headers    : http-outgoing-0 >> GET /v1.32/version HTTP/1.1
2024-06-12T14:28:21.120+03:00 DEBUG 12012 --- [URL Shortener] [           main] c.g.d.z.s.o.a.hc.client5.http.headers    : http-outgoing-0 >> accept: application/json
2024-06-12T14:28:21.120+03:00 DEBUG 12012 --- [URL Shortener] [           main] c.g.d.z.s.o.a.hc.client5.http.headers    : http-outgoing-0 >> x-tc-sid: 7171fa07-21e4-4858-9670-1c8520dc0b21
2024-06-12T14:28:21.120+03:00 DEBUG 12012 --- [URL Shortener] [           main] c.g.d.z.s.o.a.hc.client5.http.headers    : http-outgoing-0 >> User-Agent: tc-java/1.19.8
2024-06-12T14:28:21.120+03:00 DEBUG 12012 --- [URL Shortener] [           main] c.g.d.z.s.o.a.hc.client5.http.headers    : http-outgoing-0 >> Accept-Encoding: gzip, x-gzip, deflate
2024-06-12T14:28:21.120+03:00 DEBUG 12012 --- [URL Shortener] [           main] c.g.d.z.s.o.a.hc.client5.http.headers    : http-outgoing-0 >> Host: localhost:2375
2024-06-12T14:28:21.120+03:00 DEBUG 12012 --- [URL Shortener] [           main] c.g.d.z.s.o.a.hc.client5.http.headers    : http-outgoing-0 >> Connection: keep-alive
2024-06-12T14:28:21.120+03:00 DEBUG 12012 --- [URL Shortener] [           main] c.g.d.z.s.o.apache.hc.client5.http.wire  : http-outgoing-0 >> "GET /v1.32/version HTTP/1.1[\r][\n]"
2024-06-12T14:28:21.120+03:00 DEBUG 12012 --- [URL Shortener] [           main] c.g.d.z.s.o.apache.hc.client5.http.wire  : http-outgoing-0 >> "accept: application/json[\r][\n]"
2024-06-12T14:28:21.120+03:00 DEBUG 12012 --- [URL Shortener] [           main] c.g.d.z.s.o.apache.hc.client5.http.wire  : http-outgoing-0 >> "x-tc-sid: 7171fa07-21e4-4858-9670-1c8520dc0b21[\r][\n]"
2024-06-12T14:28:21.120+03:00 DEBUG 12012 --- [URL Shortener] [           main] c.g.d.z.s.o.apache.hc.client5.http.wire  : http-outgoing-0 >> "User-Agent: tc-java/1.19.8[\r][\n]"
2024-06-12T14:28:21.120+03:00 DEBUG 12012 --- [URL Shortener] [           main] c.g.d.z.s.o.apache.hc.client5.http.wire  : http-outgoing-0 >> "Accept-Encoding: gzip, x-gzip, deflate[\r][\n]"
2024-06-12T14:28:21.120+03:00 DEBUG 12012 --- [URL Shortener] [           main] c.g.d.z.s.o.apache.hc.client5.http.wire  : http-outgoing-0 >> "Host: localhost:2375[\r][\n]"
2024-06-12T14:28:21.120+03:00 DEBUG 12012 --- [URL Shortener] [           main] c.g.d.z.s.o.apache.hc.client5.http.wire  : http-outgoing-0 >> "Connection: keep-alive[\r][\n]"
2024-06-12T14:28:21.120+03:00 DEBUG 12012 --- [URL Shortener] [           main] c.g.d.z.s.o.apache.hc.client5.http.wire  : http-outgoing-0 >> "[\r][\n]"
2024-06-12T14:28:21.128+03:00 DEBUG 12012 --- [URL Shortener] [           main] c.g.d.z.s.o.apache.hc.client5.http.wire  : http-outgoing-0 << "HTTP/1.1 200 OK[\r][\n]"
2024-06-12T14:28:21.128+03:00 DEBUG 12012 --- [URL Shortener] [           main] c.g.d.z.s.o.apache.hc.client5.http.wire  : http-outgoing-0 << "Api-Version: 1.43[\r][\n]"
2024-06-12T14:28:21.128+03:00 DEBUG 12012 --- [URL Shortener] [           main] c.g.d.z.s.o.apache.hc.client5.http.wire  : http-outgoing-0 << "Content-Type: application/json[\r][\n]"
2024-06-12T14:28:21.128+03:00 DEBUG 12012 --- [URL Shortener] [           main] c.g.d.z.s.o.apache.hc.client5.http.wire  : http-outgoing-0 << "Date: Wed, 12 Jun 2024 11:28:21 GMT[\r][\n]"
2024-06-12T14:28:21.128+03:00 DEBUG 12012 --- [URL Shortener] [           main] c.g.d.z.s.o.apache.hc.client5.http.wire  : http-outgoing-0 << "Docker-Experimental: false[\r][\n]"
2024-06-12T14:28:21.128+03:00 DEBUG 12012 --- [URL Shortener] [           main] c.g.d.z.s.o.apache.hc.client5.http.wire  : http-outgoing-0 << "Ostype: linux[\r][\n]"
2024-06-12T14:28:21.128+03:00 DEBUG 12012 --- [URL Shortener] [           main] c.g.d.z.s.o.apache.hc.client5.http.wire  : http-outgoing-0 << "Server: Docker/24.0.7 (linux)[\r][\n]"
2024-06-12T14:28:21.128+03:00 DEBUG 12012 --- [URL Shortener] [           main] c.g.d.z.s.o.apache.hc.client5.http.wire  : http-outgoing-0 << "Transfer-Encoding: chunked[\r][\n]"
2024-06-12T14:28:21.128+03:00 DEBUG 12012 --- [URL Shortener] [           main] c.g.d.z.s.o.apache.hc.client5.http.wire  : http-outgoing-0 << "[\r][\n]"
2024-06-12T14:28:21.128+03:00 DEBUG 12012 --- [URL Shortener] [           main] c.g.d.z.s.o.a.hc.client5.http.headers    : http-outgoing-0 << HTTP/1.1 200 OK
2024-06-12T14:28:21.128+03:00 DEBUG 12012 --- [URL Shortener] [           main] c.g.d.z.s.o.a.hc.client5.http.headers    : http-outgoing-0 << Api-Version: 1.43
2024-06-12T14:28:21.128+03:00 DEBUG 12012 --- [URL Shortener] [           main] c.g.d.z.s.o.a.hc.client5.http.headers    : http-outgoing-0 << Content-Type: application/json
2024-06-12T14:28:21.128+03:00 DEBUG 12012 --- [URL Shortener] [           main] c.g.d.z.s.o.a.hc.client5.http.headers    : http-outgoing-0 << Date: Wed, 12 Jun 2024 11:28:21 GMT
2024-06-12T14:28:21.129+03:00 DEBUG 12012 --- [URL Shortener] [           main] c.g.d.z.s.o.a.hc.client5.http.headers    : http-outgoing-0 << Docker-Experimental: false
2024-06-12T14:28:21.129+03:00 DEBUG 12012 --- [URL Shortener] [           main] c.g.d.z.s.o.a.hc.client5.http.headers    : http-outgoing-0 << Ostype: linux
2024-06-12T14:28:21.129+03:00 DEBUG 12012 --- [URL Shortener] [           main] c.g.d.z.s.o.a.hc.client5.http.headers    : http-outgoing-0 << Server: Docker/24.0.7 (linux)
2024-06-12T14:28:21.129+03:00 DEBUG 12012 --- [URL Shortener] [           main] c.g.d.z.s.o.a.hc.client5.http.headers    : http-outgoing-0 << Transfer-Encoding: chunked
2024-06-12T14:28:21.129+03:00 DEBUG 12012 --- [URL Shortener] [           main] c.g.d.z.s.o.a.h.c.h.i.c.MainClientExec   : ex-00000002: connection can be kept alive for 3 MINUTES
2024-06-12T14:28:21.129+03:00 DEBUG 12012 --- [URL Shortener] [           main] c.g.d.z.s.o.apache.hc.client5.http.wire  : http-outgoing-0 << "361[\r][\n]"
2024-06-12T14:28:21.129+03:00 DEBUG 12012 --- [URL Shortener] [           main] c.g.d.z.s.o.apache.hc.client5.http.wire  : http-outgoing-0 << "{"Platform":{"Name":"Docker Desktop 4.26.1 (131620)"},"Components":[{"Name":"Engine","Version":"24.0.7","Details":{"ApiVersion":"1.43","Arch":"amd64","BuildTime":"2023-10-26T09:08:02.000000000+00:00","Experimental":"false","GitCommit":"311b9ff","GoVersion":"go1.20.10","KernelVersion":"5.15.133.1-microsoft-standard-WSL2","MinAPIVersion":"1.12","Os":"linux"}},{"Name":"containerd","Version":"1.6.25","Details":{"GitCommit":"d8f198a4ed8892c764191ef7b3b06d8a2eeb5c7f"}},{"Name":"runc","Version":"1.1.10","Details":{"GitCommit":"v1.1.10-0-g18a0cb0"}},{"Name":"docker-init","Version":"0.19.0","Details":{"GitCommit":"de40ad0"}}],"Version":"24.0.7","ApiVersion":"1.43","MinAPIVersion":"1.12","GitCommit":"311b9ff","GoVersion":"go1.20.10","Os":"linux","Arch":"amd64","KernelVersion":"5.15.133.1-microsoft-standard-WSL2","BuildTime":"2023-10-26T09:08:02.000000000+00:00"}[\n]"
2024-06-12T14:28:21.129+03:00 DEBUG 12012 --- [URL Shortener] [           main] c.g.d.z.s.o.apache.hc.client5.http.wire  : http-outgoing-0 << "[\r][\n]"
2024-06-12T14:28:21.129+03:00 DEBUG 12012 --- [URL Shortener] [           main] c.g.d.z.s.o.apache.hc.client5.http.wire  : http-outgoing-0 << "0[\r][\n]"
2024-06-12T14:28:21.129+03:00 DEBUG 12012 --- [URL Shortener] [           main] c.g.d.z.s.o.apache.hc.client5.http.wire  : http-outgoing-0 << "[\r][\n]"
2024-06-12T14:28:21.134+03:00 DEBUG 12012 --- [URL Shortener] [           main] g.d.z.s.o.a.h.c.h.i.c.InternalHttpClient : ep-00000001: releasing valid endpoint
2024-06-12T14:28:21.134+03:00 DEBUG 12012 --- [URL Shortener] [           main] h.i.i.PoolingHttpClientConnectionManager : ep-00000001: releasing endpoint
2024-06-12T14:28:21.134+03:00 DEBUG 12012 --- [URL Shortener] [           main] h.i.i.PoolingHttpClientConnectionManager : ep-00000001: connection http-outgoing-0 can be kept alive for 3 MINUTES
2024-06-12T14:28:21.135+03:00 DEBUG 12012 --- [URL Shortener] [           main] h.i.i.PoolingHttpClientConnectionManager : ep-00000001: connection released [route: {}->npipe://localhost:2375][total available: 1; route allocated: 1 of 2147483647; total allocated: 1 of 2147483647]
2024-06-12T14:28:21.135+03:00 DEBUG 12012 --- [URL Shortener] [           main] org.testcontainers.DockerClientFactory   : Docker version: {Components=[{Name=Engine, Version=24.0.7, Details={ApiVersion=1.43, Arch=amd64, BuildTime=2023-10-26T09:08:02.000000000+00:00, Experimental=false, GitCommit=311b9ff, GoVersion=go1.20.10, KernelVersion=5.15.133.1-microsoft-standard-WSL2, MinAPIVersion=1.12, Os=linux}}, {Name=containerd, Version=1.6.25, Details={GitCommit=d8f198a4ed8892c764191ef7b3b06d8a2eeb5c7f}}, {Name=runc, Version=1.1.10, Details={GitCommit=v1.1.10-0-g18a0cb0}}, {Name=docker-init, Version=0.19.0, Details={GitCommit=de40ad0}}], KernelVersion=5.15.133.1-microsoft-standard-WSL2, ApiVersion=1.43, Platform={Name=Docker Desktop 4.26.1 (131620)}, GitCommit=311b9ff, Os=linux, Version=24.0.7, MinAPIVersion=1.12, Arch=amd64, GoVersion=go1.20.10, BuildTime=2023-10-26T09:08:02.000000000+00:00}
2024-06-12T14:28:21.135+03:00  INFO 12012 --- [URL Shortener] [           main] org.testcontainers.DockerClientFactory   : Connected to docker: 
  Server Version: 24.0.7
  API Version: 1.43
  Operating System: Docker Desktop
  Total Memory: 7891 MB
2024-06-12T14:28:21.141+03:00 DEBUG 12012 --- [URL Shortener] [           main] o.t.utility.RyukResourceReaper           : Ryuk is enabled
2024-06-12T14:28:21.143+03:00 DEBUG 12012 --- [URL Shortener] [           main] o.t.u.PrefixingImageNameSubstitutor      : No prefix is configured
2024-06-12T14:28:21.143+03:00 DEBUG 12012 --- [URL Shortener] [           main] o.t.utility.ImageNameSubstitutor         : Did not find a substitute image for testcontainers/ryuk:0.7.0 (using image substitutor: DefaultImageNameSubstitutor (composite of 'ConfigurationFileImageNameSubstitutor' and 'PrefixingImageNameSubstitutor'))
2024-06-12T14:28:21.144+03:00 DEBUG 12012 --- [URL Shortener] [           main] o.t.s.c.g.d.core.command.AbstrDockerCmd  : Cmd: ListImagesCmdImpl[filters=org.testcontainers.shaded.com.github.dockerjava.core.util.FiltersBuilder@0,imageNameFilter=<null>,showAll=false]
2024-06-12T14:28:21.147+03:00 DEBUG 12012 --- [URL Shortener] [           main] g.d.z.s.o.a.h.c.h.i.c.InternalHttpClient : ex-00000003: preparing request execution
2024-06-12T14:28:21.147+03:00 DEBUG 12012 --- [URL Shortener] [           main] c.g.d.z.s.o.a.h.c.h.p.RequestAddCookies  : Cookie spec selected: strict
2024-06-12T14:28:21.147+03:00 DEBUG 12012 --- [URL Shortener] [           main] c.g.d.z.s.o.a.h.c.h.p.RequestAuthCache   : Auth cache not set in the context
2024-06-12T14:28:21.147+03:00 DEBUG 12012 --- [URL Shortener] [           main] c.g.d.z.s.o.a.h.c.h.i.c.ProtocolExec     : ex-00000003: target auth state: UNCHALLENGED
2024-06-12T14:28:21.147+03:00 DEBUG 12012 --- [URL Shortener] [           main] c.g.d.z.s.o.a.h.c.h.i.c.ProtocolExec     : ex-00000003: proxy auth state: UNCHALLENGED
2024-06-12T14:28:21.147+03:00 DEBUG 12012 --- [URL Shortener] [           main] c.g.d.z.s.o.a.h.c.h.i.c.ConnectExec      : ex-00000003: acquiring connection with route {}->npipe://localhost:2375
2024-06-12T14:28:21.147+03:00 DEBUG 12012 --- [URL Shortener] [           main] g.d.z.s.o.a.h.c.h.i.c.InternalHttpClient : ex-00000003: acquiring endpoint (3 MINUTES)
2024-06-12T14:28:21.147+03:00 DEBUG 12012 --- [URL Shortener] [           main] h.i.i.PoolingHttpClientConnectionManager : ex-00000003: endpoint lease request (3 MINUTES) [route: {}->npipe://localhost:2375][total available: 1; route allocated: 1 of 2147483647; total allocated: 1 of 2147483647]
2024-06-12T14:28:21.147+03:00 DEBUG 12012 --- [URL Shortener] [           main] h.i.i.PoolingHttpClientConnectionManager : ex-00000003: endpoint leased [route: {}->npipe://localhost:2375][total available: 0; route allocated: 1 of 2147483647; total allocated: 1 of 2147483647]
2024-06-12T14:28:21.147+03:00 DEBUG 12012 --- [URL Shortener] [           main] h.i.i.PoolingHttpClientConnectionManager : ex-00000003: acquired ep-00000002
2024-06-12T14:28:21.147+03:00 DEBUG 12012 --- [URL Shortener] [           main] g.d.z.s.o.a.h.c.h.i.c.InternalHttpClient : ex-00000003: acquired endpoint ep-00000002
2024-06-12T14:28:21.147+03:00 DEBUG 12012 --- [URL Shortener] [           main] c.g.d.z.s.o.a.h.c.h.i.c.MainClientExec   : ex-00000003: executing GET /v1.32/images/json HTTP/1.1
2024-06-12T14:28:21.147+03:00 DEBUG 12012 --- [URL Shortener] [           main] g.d.z.s.o.a.h.c.h.i.c.InternalHttpClient : ep-00000002: start execution ex-00000003
2024-06-12T14:28:21.147+03:00 DEBUG 12012 --- [URL Shortener] [           main] h.i.i.PoolingHttpClientConnectionManager : ep-00000002: executing exchange ex-00000003 over http-outgoing-0
2024-06-12T14:28:21.148+03:00 DEBUG 12012 --- [URL Shortener] [           main] c.g.d.z.s.o.a.hc.client5.http.headers    : http-outgoing-0 >> GET /v1.32/images/json HTTP/1.1
2024-06-12T14:28:21.148+03:00 DEBUG 12012 --- [URL Shortener] [           main] c.g.d.z.s.o.a.hc.client5.http.headers    : http-outgoing-0 >> accept: application/json
2024-06-12T14:28:21.148+03:00 DEBUG 12012 --- [URL Shortener] [           main] c.g.d.z.s.o.a.hc.client5.http.headers    : http-outgoing-0 >> x-tc-sid: 7171fa07-21e4-4858-9670-1c8520dc0b21
2024-06-12T14:28:21.148+03:00 DEBUG 12012 --- [URL Shortener] [           main] c.g.d.z.s.o.a.hc.client5.http.headers    : http-outgoing-0 >> User-Agent: tc-java/1.19.8
2024-06-12T14:28:21.148+03:00 DEBUG 12012 --- [URL Shortener] [           main] c.g.d.z.s.o.a.hc.client5.http.headers    : http-outgoing-0 >> Accept-Encoding: gzip, x-gzip, deflate
2024-06-12T14:28:21.148+03:00 DEBUG 12012 --- [URL Shortener] [           main] c.g.d.z.s.o.a.hc.client5.http.headers    : http-outgoing-0 >> Host: localhost:2375
2024-06-12T14:28:21.148+03:00 DEBUG 12012 --- [URL Shortener] [           main] c.g.d.z.s.o.a.hc.client5.http.headers    : http-outgoing-0 >> Connection: keep-alive
2024-06-12T14:28:21.148+03:00 DEBUG 12012 --- [URL Shortener] [           main] c.g.d.z.s.o.apache.hc.client5.http.wire  : http-outgoing-0 >> "GET /v1.32/images/json HTTP/1.1[\r][\n]"
2024-06-12T14:28:21.148+03:00 DEBUG 12012 --- [URL Shortener] [           main] c.g.d.z.s.o.apache.hc.client5.http.wire  : http-outgoing-0 >> "accept: application/json[\r][\n]"
2024-06-12T14:28:21.148+03:00 DEBUG 12012 --- [URL Shortener] [           main] c.g.d.z.s.o.apache.hc.client5.http.wire  : http-outgoing-0 >> "x-tc-sid: 7171fa07-21e4-4858-9670-1c8520dc0b21[\r][\n]"
2024-06-12T14:28:21.148+03:00 DEBUG 12012 --- [URL Shortener] [           main] c.g.d.z.s.o.apache.hc.client5.http.wire  : http-outgoing-0 >> "User-Agent: tc-java/1.19.8[\r][\n]"
2024-06-12T14:28:21.148+03:00 DEBUG 12012 --- [URL Shortener] [           main] c.g.d.z.s.o.apache.hc.client5.http.wire  : http-outgoing-0 >> "Accept-Encoding: gzip, x-gzip, deflate[\r][\n]"
2024-06-12T14:28:21.148+03:00 DEBUG 12012 --- [URL Shortener] [           main] c.g.d.z.s.o.apache.hc.client5.http.wire  : http-outgoing-0 >> "Host: localhost:2375[\r][\n]"
2024-06-12T14:28:21.148+03:00 DEBUG 12012 --- [URL Shortener] [           main] c.g.d.z.s.o.apache.hc.client5.http.wire  : http-outgoing-0 >> "Connection: keep-alive[\r][\n]"
2024-06-12T14:28:21.148+03:00 DEBUG 12012 --- [URL Shortener] [           main] c.g.d.z.s.o.apache.hc.client5.http.wire  : http-outgoing-0 >> "[\r][\n]"
2024-06-12T14:28:21.151+03:00 DEBUG 12012 --- [URL Shortener] [           main] c.g.d.z.s.o.apache.hc.client5.http.wire  : http-outgoing-0 << "HTTP/1.1 200 OK[\r][\n]"
2024-06-12T14:28:21.151+03:00 DEBUG 12012 --- [URL Shortener] [           main] c.g.d.z.s.o.apache.hc.client5.http.wire  : http-outgoing-0 << "Api-Version: 1.43[\r][\n]"
2024-06-12T14:28:21.151+03:00 DEBUG 12012 --- [URL Shortener] [           main] c.g.d.z.s.o.apache.hc.client5.http.wire  : http-outgoing-0 << "Content-Type: application/json[\r][\n]"
2024-06-12T14:28:21.151+03:00 DEBUG 12012 --- [URL Shortener] [           main] c.g.d.z.s.o.apache.hc.client5.http.wire  : http-outgoing-0 << "Date: Wed, 12 Jun 2024 11:28:21 GMT[\r][\n]"
2024-06-12T14:28:21.151+03:00 DEBUG 12012 --- [URL Shortener] [           main] c.g.d.z.s.o.apache.hc.client5.http.wire  : http-outgoing-0 << "Docker-Experimental: false[\r][\n]"
2024-06-12T14:28:21.151+03:00 DEBUG 12012 --- [URL Shortener] [           main] c.g.d.z.s.o.apache.hc.client5.http.wire  : http-outgoing-0 << "Ostype: linux[\r][\n]"
2024-06-12T14:28:21.151+03:00 DEBUG 12012 --- [URL Shortener] [           main] c.g.d.z.s.o.apache.hc.client5.http.wire  : http-outgoing-0 << "Server: Docker/24.0.7 (linux)[\r][\n]"
2024-06-12T14:28:21.151+03:00 DEBUG 12012 --- [URL Shortener] [           main] c.g.d.z.s.o.apache.hc.client5.http.wire  : http-outgoing-0 << "Transfer-Encoding: chunked[\r][\n]"
2024-06-12T14:28:21.151+03:00 DEBUG 12012 --- [URL Shortener] [           main] c.g.d.z.s.o.apache.hc.client5.http.wire  : http-outgoing-0 << "[\r][\n]"
2024-06-12T14:28:21.151+03:00 DEBUG 12012 --- [URL Shortener] [           main] c.g.d.z.s.o.a.hc.client5.http.headers    : http-outgoing-0 << HTTP/1.1 200 OK
2024-06-12T14:28:21.151+03:00 DEBUG 12012 --- [URL Shortener] [           main] c.g.d.z.s.o.a.hc.client5.http.headers    : http-outgoing-0 << Api-Version: 1.43
2024-06-12T14:28:21.151+03:00 DEBUG 12012 --- [URL Shortener] [           main] c.g.d.z.s.o.a.hc.client5.http.headers    : http-outgoing-0 << Content-Type: application/json
2024-06-12T14:28:21.151+03:00 DEBUG 12012 --- [URL Shortener] [           main] c.g.d.z.s.o.a.hc.client5.http.headers    : http-outgoing-0 << Date: Wed, 12 Jun 2024 11:28:21 GMT
2024-06-12T14:28:21.151+03:00 DEBUG 12012 --- [URL Shortener] [           main] c.g.d.z.s.o.a.hc.client5.http.headers    : http-outgoing-0 << Docker-Experimental: false
2024-06-12T14:28:21.151+03:00 DEBUG 12012 --- [URL Shortener] [           main] c.g.d.z.s.o.a.hc.client5.http.headers    : http-outgoing-0 << Ostype: linux
2024-06-12T14:28:21.151+03:00 DEBUG 12012 --- [URL Shortener] [           main] c.g.d.z.s.o.a.hc.client5.http.headers    : http-outgoing-0 << Server: Docker/24.0.7 (linux)
2024-06-12T14:28:21.151+03:00 DEBUG 12012 --- [URL Shortener] [           main] c.g.d.z.s.o.a.hc.client5.http.headers    : http-outgoing-0 << Transfer-Encoding: chunked
2024-06-12T14:28:21.151+03:00 DEBUG 12012 --- [URL Shortener] [           main] c.g.d.z.s.o.a.h.c.h.i.c.MainClientExec   : ex-00000003: connection can be kept alive for 3 MINUTES
2024-06-12T14:28:21.152+03:00 DEBUG 12012 --- [URL Shortener] [           main] c.g.d.z.s.o.apache.hc.client5.http.wire  : http-outgoing-0 << "2cd[\r][\n]"
2024-06-12T14:28:21.152+03:00 DEBUG 12012 --- [URL Shortener] [           main] c.g.d.z.s.o.apache.hc.client5.http.wire  : http-outgoing-0 << "[{"Containers":-1,"Created":1715281091,"Id":"sha256:cff6b68a194a672fd337d8728bfb252071012cce6f0f2ed760988f7bc63a89d2","Labels":null,"ParentId":"","RepoDigests":["postgres@sha256:1bf73ccae25238fa555100080042f0b2f9be08eb757e200fe6afc1fc413a1b3c"],"RepoTags":["postgres:latest"],"SharedSize":-1,"Size":431653614,"VirtualSize":431653614},{"Containers":-1,"Created":1709906940,"Id":"sha256:d2ed07d3edac38204208c19bbf5e4893989b9c1f3fffb67403225e2dc74abeba","Labels":{"org.testcontainers.ryuk":"true"},"ParentId":"","RepoDigests":["testcontainers/ryuk@sha256:bcbee39cd601396958ba1bd06ea14ad64ce0ea709de29a427d741d1f5262080a"],"RepoTags":["testcontainers/ryuk:0.7.0"],"SharedSize":-1,"Size":15229672,"VirtualSize":15229672}][\n]"
2024-06-12T14:28:21.152+03:00 DEBUG 12012 --- [URL Shortener] [           main] c.g.d.z.s.o.apache.hc.client5.http.wire  : http-outgoing-0 << "[\r][\n]"
2024-06-12T14:28:21.152+03:00 DEBUG 12012 --- [URL Shortener] [           main] c.g.d.z.s.o.apache.hc.client5.http.wire  : http-outgoing-0 << "0[\r][\n]"
2024-06-12T14:28:21.152+03:00 DEBUG 12012 --- [URL Shortener] [           main] c.g.d.z.s.o.apache.hc.client5.http.wire  : http-outgoing-0 << "[\r][\n]"
2024-06-12T14:28:21.155+03:00 DEBUG 12012 --- [URL Shortener] [           main] g.d.z.s.o.a.h.c.h.i.c.InternalHttpClient : ep-00000002: releasing valid endpoint
2024-06-12T14:28:21.155+03:00 DEBUG 12012 --- [URL Shortener] [           main] h.i.i.PoolingHttpClientConnectionManager : ep-00000002: releasing endpoint
2024-06-12T14:28:21.155+03:00 DEBUG 12012 --- [URL Shortener] [           main] h.i.i.PoolingHttpClientConnectionManager : ep-00000002: connection http-outgoing-0 can be kept alive for 3 MINUTES
2024-06-12T14:28:21.155+03:00 DEBUG 12012 --- [URL Shortener] [           main] h.i.i.PoolingHttpClientConnectionManager : ep-00000002: connection released [route: {}->npipe://localhost:2375][total available: 1; route allocated: 1 of 2147483647; total allocated: 1 of 2147483647]
2024-06-12T14:28:21.157+03:00 DEBUG 12012 --- [URL Shortener] [           main] o.t.images.AbstractImagePullPolicy       : Using locally available and not pulling image: testcontainers/ryuk:0.7.0
2024-06-12T14:28:21.157+03:00 DEBUG 12012 --- [URL Shortener] [           main] tc.testcontainers/ryuk:0.7.0             : Starting container: testcontainers/ryuk:0.7.0
2024-06-12T14:28:21.158+03:00 DEBUG 12012 --- [URL Shortener] [           main] tc.testcontainers/ryuk:0.7.0             : Trying to start container: testcontainers/ryuk:0.7.0 (attempt 1/1)
2024-06-12T14:28:21.158+03:00 DEBUG 12012 --- [URL Shortener] [           main] tc.testcontainers/ryuk:0.7.0             : Starting container: testcontainers/ryuk:0.7.0
2024-06-12T14:28:21.158+03:00  INFO 12012 --- [URL Shortener] [           main] tc.testcontainers/ryuk:0.7.0             : Creating container for image: testcontainers/ryuk:0.7.0
2024-06-12T14:28:21.168+03:00 DEBUG 12012 --- [URL Shortener] [           main] o.t.utility.RegistryAuthLocator          : Looking up auth config for image: testcontainers/ryuk:0.7.0 at registry: https://index.docker.io/v1/
2024-06-12T14:28:21.168+03:00 DEBUG 12012 --- [URL Shortener] [           main] o.t.utility.RegistryAuthLocator          : RegistryAuthLocator has configFile: C:\Users\daniel\.docker\config.json (exists) configEnv: DOCKER_AUTH_CONFIG (does not exist) and commandPathPrefix: 
2024-06-12T14:28:21.168+03:00 DEBUG 12012 --- [URL Shortener] [           main] o.t.utility.RegistryAuthLocator          : RegistryAuthLocator reading from configFile: C:\Users\daniel\.docker\config.json
2024-06-12T14:28:21.169+03:00 DEBUG 12012 --- [URL Shortener] [           main] o.t.utility.RegistryAuthLocator          : registryName [https://index.docker.io/v1/] for dockerImageName [testcontainers/ryuk:0.7.0]
2024-06-12T14:28:21.169+03:00 DEBUG 12012 --- [URL Shortener] [           main] o.t.utility.RegistryAuthLocator          : Executing docker credential provider: docker-credential-desktop to locate auth config for: https://index.docker.io/v1/
2024-06-12T14:28:21.174+03:00 DEBUG 12012 --- [URL Shortener] [           main] o.t.s.o.z.exec.ProcessExecutor           : Executing [cmd, /c, docker-credential-desktop, get].
2024-06-12T14:28:21.184+03:00 DEBUG 12012 --- [URL Shortener] [           main] o.t.s.o.z.exec.ProcessExecutor           : Started Process[pid=7236, exitValue="not exited"]
2024-06-12T14:28:21.254+03:00 DEBUG 12012 --- [URL Shortener] [e="not exited"]] o.t.s.o.z.exec.WaitForProcess            : Process[pid=7236, exitValue=1] stopped with exit code 1
2024-06-12T14:28:21.255+03:00 DEBUG 12012 --- [URL Shortener] [           main] o.t.s.o.z.exec.ProcessExecutor           : Executing [cmd, /c, docker-credential-desktop, get].
2024-06-12T14:28:21.258+03:00 DEBUG 12012 --- [URL Shortener] [           main] o.t.s.o.z.exec.ProcessExecutor           : Started Process[pid=10328, exitValue="not exited"]
2024-06-12T14:28:21.331+03:00 DEBUG 12012 --- [URL Shortener] [e="not exited"]] o.t.s.o.z.exec.WaitForProcess            : Process[pid=10328, exitValue=1] stopped with exit code 1
2024-06-12T14:28:21.331+03:00 DEBUG 12012 --- [URL Shortener] [           main] o.t.utility.RegistryAuthLocator          : Got credentials not found error message from docker credential helper - credentials not found in native keychain
2024-06-12T14:28:21.331+03:00  INFO 12012 --- [URL Shortener] [           main] o.t.utility.RegistryAuthLocator          : Credential helper/store (docker-credential-desktop) does not have credentials for https://index.docker.io/v1/
2024-06-12T14:28:21.332+03:00 DEBUG 12012 --- [URL Shortener] [           main] o.t.utility.RegistryAuthLocator          : No matching Auth Configs - falling back to defaultAuthConfig [null]
2024-06-12T14:28:21.332+03:00 DEBUG 12012 --- [URL Shortener] [           main] o.t.d.AuthDelegatingDockerClientConfig   : Effective auth config [null]
2024-06-12T14:28:21.343+03:00 DEBUG 12012 --- [URL Shortener] [           main] o.t.s.c.g.d.core.command.AbstrDockerCmd  : Cmd: org.testcontainers.shaded.com.github.dockerjava.core.command.CreateContainerCmdImpl@30437e9c[aliases=<null>,argsEscaped=<null>,attachStderr=<null>,attachStdin=<null>,attachStdout=<null>,authConfig=<null>,cmd={},domainName=<null>,entrypoint=<null>,env={},exposedPorts=ExposedPorts(exposedPorts=[8080/tcp]),healthcheck=<null>,hostConfig=HostConfig(binds=[//var/run/docker.sock:/var/run/docker.sock:rw], blkioWeight=null, blkioWeightDevice=null, blkioDeviceReadBps=null, blkioDeviceWriteBps=null, blkioDeviceReadIOps=null, blkioDeviceWriteIOps=null, memorySwappiness=null, nanoCPUs=null, capAdd=null, capDrop=null, containerIDFile=null, cpuPeriod=null, cpuRealtimePeriod=null, cpuRealtimeRuntime=null, cpuShares=null, cpuQuota=null, cpusetCpus=null, cpusetMems=null, devices=null, deviceCgroupRules=null, deviceRequests=null, diskQuota=null, dns=null, dnsOptions=null, dnsSearch=null, extraHosts=[], groupAdd=null, ipcMode=null, cgroup=null, links=[], logConfig=LogConfig(type=null, config=null), lxcConf=null, memory=null, memorySwap=null, memoryReservation=null, kernelMemory=null, networkMode=null, oomKillDisable=null, init=null, autoRemove=true, oomScoreAdj=null, portBindings={8080/tcp=[Lcom.github.dockerjava.api.model.Ports$Binding;@38f63756}, privileged=true, publishAllPorts=null, readonlyRootfs=null, restartPolicy=null, ulimits=null, cpuCount=null, cpuPercent=null, ioMaximumIOps=null, ioMaximumBandwidth=null, volumesFrom=[], mounts=null, pidMode=null, isolation=null, securityOpts=null, storageOpt=null, cgroupParent=null, volumeDriver=null, shmSize=null, pidsLimit=null, runtime=null, tmpFs=null, utSMode=null, usernsMode=null, sysctls=null, consoleSize=null, cgroupnsMode=null),hostName=<null>,image=testcontainers/ryuk:0.7.0,ipv4Address=<null>,ipv6Address=<null>,labels={org.testcontainers=true, org.testcontainers.lang=java, org.testcontainers.version=1.19.8},macAddress=<null>,name=testcontainers-ryuk-7171fa07-21e4-4858-9670-1c8520dc0b21,networkDisabled=<null>,networkingConfig=<null>,onBuild=<null>,platform=<null>,portSpecs=<null>,shell=<null>,stdInOnce=<null>,stdinOpen=<null>,stopSignal=<null>,stopTimeout=<null>,tty=<null>,user=<null>,volumes=Volumes(volumes=[]),workingDir=<null>]
2024-06-12T14:28:21.416+03:00 DEBUG 12012 --- [URL Shortener] [           main] g.d.z.s.o.a.h.c.h.i.c.InternalHttpClient : ex-00000004: preparing request execution
2024-06-12T14:28:21.416+03:00 DEBUG 12012 --- [URL Shortener] [           main] c.g.d.z.s.o.a.h.c.h.p.RequestAddCookies  : Cookie spec selected: strict
2024-06-12T14:28:21.416+03:00 DEBUG 12012 --- [URL Shortener] [           main] c.g.d.z.s.o.a.h.c.h.p.RequestAuthCache   : Auth cache not set in the context
2024-06-12T14:28:21.416+03:00 DEBUG 12012 --- [URL Shortener] [           main] c.g.d.z.s.o.a.h.c.h.i.c.ProtocolExec     : ex-00000004: target auth state: UNCHALLENGED
2024-06-12T14:28:21.416+03:00 DEBUG 12012 --- [URL Shortener] [           main] c.g.d.z.s.o.a.h.c.h.i.c.ProtocolExec     : ex-00000004: proxy auth state: UNCHALLENGED
2024-06-12T14:28:21.416+03:00 DEBUG 12012 --- [URL Shortener] [           main] c.g.d.z.s.o.a.h.c.h.i.c.ConnectExec      : ex-00000004: acquiring connection with route {}->npipe://localhost:2375
2024-06-12T14:28:21.416+03:00 DEBUG 12012 --- [URL Shortener] [           main] g.d.z.s.o.a.h.c.h.i.c.InternalHttpClient : ex-00000004: acquiring endpoint (3 MINUTES)
2024-06-12T14:28:21.416+03:00 DEBUG 12012 --- [URL Shortener] [           main] h.i.i.PoolingHttpClientConnectionManager : ex-00000004: endpoint lease request (3 MINUTES) [route: {}->npipe://localhost:2375][total available: 1; route allocated: 1 of 2147483647; total allocated: 1 of 2147483647]
2024-06-12T14:28:21.416+03:00 DEBUG 12012 --- [URL Shortener] [           main] h.i.i.PoolingHttpClientConnectionManager : ex-00000004: endpoint leased [route: {}->npipe://localhost:2375][total available: 0; route allocated: 1 of 2147483647; total allocated: 1 of 2147483647]
2024-06-12T14:28:21.416+03:00 DEBUG 12012 --- [URL Shortener] [           main] h.i.i.PoolingHttpClientConnectionManager : ex-00000004: acquired ep-00000003
2024-06-12T14:28:21.416+03:00 DEBUG 12012 --- [URL Shortener] [           main] g.d.z.s.o.a.h.c.h.i.c.InternalHttpClient : ex-00000004: acquired endpoint ep-00000003
2024-06-12T14:28:21.416+03:00 DEBUG 12012 --- [URL Shortener] [           main] c.g.d.z.s.o.a.h.c.h.i.c.MainClientExec   : ex-00000004: executing POST /v1.32/containers/create?name=testcontainers-ryuk-7171fa07-21e4-4858-9670-1c8520dc0b21 HTTP/1.1
2024-06-12T14:28:21.416+03:00 DEBUG 12012 --- [URL Shortener] [           main] g.d.z.s.o.a.h.c.h.i.c.InternalHttpClient : ep-00000003: start execution ex-00000004
2024-06-12T14:28:21.416+03:00 DEBUG 12012 --- [URL Shortener] [           main] h.i.i.PoolingHttpClientConnectionManager : ep-00000003: executing exchange ex-00000004 over http-outgoing-0
2024-06-12T14:28:21.416+03:00 DEBUG 12012 --- [URL Shortener] [           main] c.g.d.z.s.o.a.hc.client5.http.headers    : http-outgoing-0 >> POST /v1.32/containers/create?name=testcontainers-ryuk-7171fa07-21e4-4858-9670-1c8520dc0b21 HTTP/1.1
2024-06-12T14:28:21.416+03:00 DEBUG 12012 --- [URL Shortener] [           main] c.g.d.z.s.o.a.hc.client5.http.headers    : http-outgoing-0 >> accept: application/json
2024-06-12T14:28:21.416+03:00 DEBUG 12012 --- [URL Shortener] [           main] c.g.d.z.s.o.a.hc.client5.http.headers    : http-outgoing-0 >> content-type: application/json
2024-06-12T14:28:21.416+03:00 DEBUG 12012 --- [URL Shortener] [           main] c.g.d.z.s.o.a.hc.client5.http.headers    : http-outgoing-0 >> x-tc-sid: 7171fa07-21e4-4858-9670-1c8520dc0b21
2024-06-12T14:28:21.416+03:00 DEBUG 12012 --- [URL Shortener] [           main] c.g.d.z.s.o.a.hc.client5.http.headers    : http-outgoing-0 >> User-Agent: tc-java/1.19.8
2024-06-12T14:28:21.416+03:00 DEBUG 12012 --- [URL Shortener] [           main] c.g.d.z.s.o.a.hc.client5.http.headers    : http-outgoing-0 >> Accept-Encoding: gzip, x-gzip, deflate
2024-06-12T14:28:21.416+03:00 DEBUG 12012 --- [URL Shortener] [           main] c.g.d.z.s.o.a.hc.client5.http.headers    : http-outgoing-0 >> Content-Length: 1955
2024-06-12T14:28:21.416+03:00 DEBUG 12012 --- [URL Shortener] [           main] c.g.d.z.s.o.a.hc.client5.http.headers    : http-outgoing-0 >> Host: localhost:2375
2024-06-12T14:28:21.416+03:00 DEBUG 12012 --- [URL Shortener] [           main] c.g.d.z.s.o.a.hc.client5.http.headers    : http-outgoing-0 >> Connection: keep-alive
2024-06-12T14:28:21.417+03:00 DEBUG 12012 --- [URL Shortener] [           main] c.g.d.z.s.o.apache.hc.client5.http.wire  : http-outgoing-0 >> "POST /v1.32/containers/create?name=testcontainers-ryuk-7171fa07-21e4-4858-9670-1c8520dc0b21 HTTP/1.1[\r][\n]"
2024-06-12T14:28:21.417+03:00 DEBUG 12012 --- [URL Shortener] [           main] c.g.d.z.s.o.apache.hc.client5.http.wire  : http-outgoing-0 >> "accept: application/json[\r][\n]"
2024-06-12T14:28:21.417+03:00 DEBUG 12012 --- [URL Shortener] [           main] c.g.d.z.s.o.apache.hc.client5.http.wire  : http-outgoing-0 >> "content-type: application/json[\r][\n]"
2024-06-12T14:28:21.417+03:00 DEBUG 12012 --- [URL Shortener] [           main] c.g.d.z.s.o.apache.hc.client5.http.wire  : http-outgoing-0 >> "x-tc-sid: 7171fa07-21e4-4858-9670-1c8520dc0b21[\r][\n]"
2024-06-12T14:28:21.417+03:00 DEBUG 12012 --- [URL Shortener] [           main] c.g.d.z.s.o.apache.hc.client5.http.wire  : http-outgoing-0 >> "User-Agent: tc-java/1.19.8[\r][\n]"
2024-06-12T14:28:21.417+03:00 DEBUG 12012 --- [URL Shortener] [           main] c.g.d.z.s.o.apache.hc.client5.http.wire  : http-outgoing-0 >> "Accept-Encoding: gzip, x-gzip, deflate[\r][\n]"
2024-06-12T14:28:21.417+03:00 DEBUG 12012 --- [URL Shortener] [           main] c.g.d.z.s.o.apache.hc.client5.http.wire  : http-outgoing-0 >> "Content-Length: 1955[\r][\n]"
2024-06-12T14:28:21.417+03:00 DEBUG 12012 --- [URL Shortener] [           main] c.g.d.z.s.o.apache.hc.client5.http.wire  : http-outgoing-0 >> "Host: localhost:2375[\r][\n]"
2024-06-12T14:28:21.417+03:00 DEBUG 12012 --- [URL Shortener] [           main] c.g.d.z.s.o.apache.hc.client5.http.wire  : http-outgoing-0 >> "Connection: keep-alive[\r][\n]"
2024-06-12T14:28:21.417+03:00 DEBUG 12012 --- [URL Shortener] [           main] c.g.d.z.s.o.apache.hc.client5.http.wire  : http-outgoing-0 >> "[\r][\n]"
2024-06-12T14:28:21.417+03:00 DEBUG 12012 --- [URL Shortener] [           main] c.g.d.z.s.o.apache.hc.client5.http.wire  : http-outgoing-0 >> "{"Hostname":null,"Domainname":null,"User":null,"AttachStdin":null,"AttachStdout":null,"AttachStderr":null,"PortSpecs":null,"Tty":null,"OpenStdin":null,"StdinOnce":null,"Env":[],"Cmd":[],"Healthcheck":null,"ArgsEscaped":null,"Entrypoint":null,"Image":"testcontainers/ryuk:0.7.0","Volumes":{},"WorkingDir":null,"MacAddress":null,"OnBuild":null,"NetworkDisabled":null,"ExposedPorts":{"8080/tcp":{}},"StopSignal":null,"StopTimeout":null,"HostConfig":{"Binds":["//var/run/docker.sock:/var/run/docker.sock:rw"],"BlkioWeight":null,"BlkioWeightDevice":null,"BlkioDeviceReadBps":null,"BlkioDeviceWriteBps":null,"BlkioDeviceReadIOps":null,"BlkioDeviceWriteIOps":null,"MemorySwappiness":null,"NanoCpus":null,"CapAdd":null,"CapDrop":null,"ContainerIDFile":null,"CpuPeriod":null,"CpuRealtimePeriod":null,"CpuRealtimeRuntime":null,"CpuShares":null,"CpuQuota":null,"CpusetCpus":null,"CpusetMems":null,"Devices":null,"DeviceCgroupRules":null,"DeviceRequests":null,"DiskQuota":null,"Dns":null,"DnsOptions":null,"DnsSearch":null,"ExtraHosts":[],"GroupAdd":null,"IpcMode":null,"Cgroup":null,"Links":[],"LogConfig":null,"LxcConf":null,"Memory":null,"MemorySwap":null,"MemoryReservation":null,"KernelMemory":null,"NetworkMode":null,"OomKillDisable":null,"Init":null,"AutoRemove":true,"OomScoreAdj":null,"PortBindings":{"8080/tcp":[{"HostIp":"","HostPort":""}]},"Privileged":true,"PublishAllPorts":null,"ReadonlyRootfs":null,"RestartPolicy":null,"Ulimits":null,"CpuCount":null,"CpuPercent":null,"IOMaximumIOps":null,"IOMaximumBandwidth":null,"VolumesFrom":[],"Mounts":null,"PidMode":null,"Isolation":null,"SecurityOpt":null,"StorageOpt":null,"CgroupParent":null,"VolumeDriver":null,"ShmSize":null,"PidsLimit":null,"Runtime":null,"Tmpfs":null,"UTSMode":null,"UsernsMode":null,"Sysctls":null,"ConsoleSize":null,"CgroupnsMode":null},"Labels":{"org.testcontainers":"true","org.testcontainers.lang":"java","org.testcontainers.version":"1.19.8"},"Shell":null,"NetworkingConfig":null}"
2024-06-12T14:28:21.465+03:00 DEBUG 12012 --- [URL Shortener] [           main] c.g.d.z.s.o.apache.hc.client5.http.wire  : http-outgoing-0 << "HTTP/1.1 201 Created[\r][\n]"
2024-06-12T14:28:21.465+03:00 DEBUG 12012 --- [URL Shortener] [           main] c.g.d.z.s.o.apache.hc.client5.http.wire  : http-outgoing-0 << "Api-Version: 1.43[\r][\n]"
2024-06-12T14:28:21.465+03:00 DEBUG 12012 --- [URL Shortener] [           main] c.g.d.z.s.o.apache.hc.client5.http.wire  : http-outgoing-0 << "Content-Type: application/json[\r][\n]"
2024-06-12T14:28:21.465+03:00 DEBUG 12012 --- [URL Shortener] [           main] c.g.d.z.s.o.apache.hc.client5.http.wire  : http-outgoing-0 << "Date: Wed, 12 Jun 2024 11:28:21 GMT[\r][\n]"
2024-06-12T14:28:21.465+03:00 DEBUG 12012 --- [URL Shortener] [           main] c.g.d.z.s.o.apache.hc.client5.http.wire  : http-outgoing-0 << "Docker-Experimental: false[\r][\n]"
2024-06-12T14:28:21.466+03:00 DEBUG 12012 --- [URL Shortener] [           main] c.g.d.z.s.o.apache.hc.client5.http.wire  : http-outgoing-0 << "Ostype: linux[\r][\n]"
2024-06-12T14:28:21.466+03:00 DEBUG 12012 --- [URL Shortener] [           main] c.g.d.z.s.o.apache.hc.client5.http.wire  : http-outgoing-0 << "Server: Docker/24.0.7 (linux)[\r][\n]"
2024-06-12T14:28:21.466+03:00 DEBUG 12012 --- [URL Shortener] [           main] c.g.d.z.s.o.apache.hc.client5.http.wire  : http-outgoing-0 << "Transfer-Encoding: chunked[\r][\n]"
2024-06-12T14:28:21.466+03:00 DEBUG 12012 --- [URL Shortener] [           main] c.g.d.z.s.o.apache.hc.client5.http.wire  : http-outgoing-0 << "[\r][\n]"
2024-06-12T14:28:21.466+03:00 DEBUG 12012 --- [URL Shortener] [           main] c.g.d.z.s.o.a.hc.client5.http.headers    : http-outgoing-0 << HTTP/1.1 201 Created
2024-06-12T14:28:21.466+03:00 DEBUG 12012 --- [URL Shortener] [           main] c.g.d.z.s.o.a.hc.client5.http.headers    : http-outgoing-0 << Api-Version: 1.43
2024-06-12T14:28:21.466+03:00 DEBUG 12012 --- [URL Shortener] [           main] c.g.d.z.s.o.a.hc.client5.http.headers    : http-outgoing-0 << Content-Type: application/json
2024-06-12T14:28:21.466+03:00 DEBUG 12012 --- [URL Shortener] [           main] c.g.d.z.s.o.a.hc.client5.http.headers    : http-outgoing-0 << Date: Wed, 12 Jun 2024 11:28:21 GMT
2024-06-12T14:28:21.466+03:00 DEBUG 12012 --- [URL Shortener] [           main] c.g.d.z.s.o.a.hc.client5.http.headers    : http-outgoing-0 << Docker-Experimental: false
2024-06-12T14:28:21.466+03:00 DEBUG 12012 --- [URL Shortener] [           main] c.g.d.z.s.o.a.hc.client5.http.headers    : http-outgoing-0 << Ostype: linux
2024-06-12T14:28:21.466+03:00 DEBUG 12012 --- [URL Shortener] [           main] c.g.d.z.s.o.a.hc.client5.http.headers    : http-outgoing-0 << Server: Docker/24.0.7 (linux)
2024-06-12T14:28:21.466+03:00 DEBUG 12012 --- [URL Shortener] [           main] c.g.d.z.s.o.a.hc.client5.http.headers    : http-outgoing-0 << Transfer-Encoding: chunked
2024-06-12T14:28:21.466+03:00 DEBUG 12012 --- [URL Shortener] [           main] c.g.d.z.s.o.a.h.c.h.i.c.MainClientExec   : ex-00000004: connection can be kept alive for 3 MINUTES
2024-06-12T14:28:21.467+03:00 DEBUG 12012 --- [URL Shortener] [           main] c.g.d.z.s.o.apache.hc.client5.http.wire  : http-outgoing-0 << "58[\r][\n]"
2024-06-12T14:28:21.467+03:00 DEBUG 12012 --- [URL Shortener] [           main] c.g.d.z.s.o.apache.hc.client5.http.wire  : http-outgoing-0 << "{"Id":"225eb99d17d661219ad2f194367f015f0e80cefca92bf280139c902a7672eb19","Warnings":[]}[\n]"
2024-06-12T14:28:21.467+03:00 DEBUG 12012 --- [URL Shortener] [           main] c.g.d.z.s.o.apache.hc.client5.http.wire  : http-outgoing-0 << "[\r][\n]"
2024-06-12T14:28:21.467+03:00 DEBUG 12012 --- [URL Shortener] [           main] c.g.d.z.s.o.apache.hc.client5.http.wire  : http-outgoing-0 << "0[\r][\n]"
2024-06-12T14:28:21.467+03:00 DEBUG 12012 --- [URL Shortener] [           main] c.g.d.z.s.o.apache.hc.client5.http.wire  : http-outgoing-0 << "[\r][\n]"
2024-06-12T14:28:21.469+03:00 DEBUG 12012 --- [URL Shortener] [           main] g.d.z.s.o.a.h.c.h.i.c.InternalHttpClient : ep-00000003: releasing valid endpoint
2024-06-12T14:28:21.469+03:00 DEBUG 12012 --- [URL Shortener] [           main] h.i.i.PoolingHttpClientConnectionManager : ep-00000003: releasing endpoint
2024-06-12T14:28:21.469+03:00 DEBUG 12012 --- [URL Shortener] [           main] h.i.i.PoolingHttpClientConnectionManager : ep-00000003: connection http-outgoing-0 can be kept alive for 3 MINUTES
2024-06-12T14:28:21.469+03:00 DEBUG 12012 --- [URL Shortener] [           main] h.i.i.PoolingHttpClientConnectionManager : ep-00000003: connection released [route: {}->npipe://localhost:2375][total available: 1; route allocated: 1 of 2147483647; total allocated: 1 of 2147483647]
2024-06-12T14:28:21.474+03:00  INFO 12012 --- [URL Shortener] [           main] tc.testcontainers/ryuk:0.7.0             : Container testcontainers/ryuk:0.7.0 is starting: 225eb99d17d661219ad2f194367f015f0e80cefca92bf280139c902a7672eb19
2024-06-12T14:28:21.475+03:00 DEBUG 12012 --- [URL Shortener] [           main] o.t.s.c.g.d.core.command.AbstrDockerCmd  : Cmd: 225eb99d17d661219ad2f194367f015f0e80cefca92bf280139c902a7672eb19
2024-06-12T14:28:21.478+03:00 DEBUG 12012 --- [URL Shortener] [           main] g.d.z.s.o.a.h.c.h.i.c.InternalHttpClient : ex-00000005: preparing request execution
2024-06-12T14:28:21.479+03:00 DEBUG 12012 --- [URL Shortener] [           main] c.g.d.z.s.o.a.h.c.h.p.RequestAddCookies  : Cookie spec selected: strict
2024-06-12T14:28:21.479+03:00 DEBUG 12012 --- [URL Shortener] [           main] c.g.d.z.s.o.a.h.c.h.p.RequestAuthCache   : Auth cache not set in the context
2024-06-12T14:28:21.479+03:00 DEBUG 12012 --- [URL Shortener] [           main] c.g.d.z.s.o.a.h.c.h.i.c.ProtocolExec     : ex-00000005: target auth state: UNCHALLENGED
2024-06-12T14:28:21.479+03:00 DEBUG 12012 --- [URL Shortener] [           main] c.g.d.z.s.o.a.h.c.h.i.c.ProtocolExec     : ex-00000005: proxy auth state: UNCHALLENGED
2024-06-12T14:28:21.479+03:00 DEBUG 12012 --- [URL Shortener] [           main] c.g.d.z.s.o.a.h.c.h.i.c.ConnectExec      : ex-00000005: acquiring connection with route {}->npipe://localhost:2375
2024-06-12T14:28:21.479+03:00 DEBUG 12012 --- [URL Shortener] [           main] g.d.z.s.o.a.h.c.h.i.c.InternalHttpClient : ex-00000005: acquiring endpoint (3 MINUTES)
2024-06-12T14:28:21.479+03:00 DEBUG 12012 --- [URL Shortener] [           main] h.i.i.PoolingHttpClientConnectionManager : ex-00000005: endpoint lease request (3 MINUTES) [route: {}->npipe://localhost:2375][total available: 1; route allocated: 1 of 2147483647; total allocated: 1 of 2147483647]
2024-06-12T14:28:21.480+03:00 DEBUG 12012 --- [URL Shortener] [           main] h.i.i.PoolingHttpClientConnectionManager : ex-00000005: endpoint leased [route: {}->npipe://localhost:2375][total available: 0; route allocated: 1 of 2147483647; total allocated: 1 of 2147483647]
2024-06-12T14:28:21.480+03:00 DEBUG 12012 --- [URL Shortener] [           main] h.i.i.PoolingHttpClientConnectionManager : ex-00000005: acquired ep-00000004
2024-06-12T14:28:21.480+03:00 DEBUG 12012 --- [URL Shortener] [           main] g.d.z.s.o.a.h.c.h.i.c.InternalHttpClient : ex-00000005: acquired endpoint ep-00000004
2024-06-12T14:28:21.480+03:00 DEBUG 12012 --- [URL Shortener] [           main] c.g.d.z.s.o.a.h.c.h.i.c.MainClientExec   : ex-00000005: executing POST /v1.32/containers/225eb99d17d661219ad2f194367f015f0e80cefca92bf280139c902a7672eb19/start HTTP/1.1
2024-06-12T14:28:21.480+03:00 DEBUG 12012 --- [URL Shortener] [           main] g.d.z.s.o.a.h.c.h.i.c.InternalHttpClient : ep-00000004: start execution ex-00000005
2024-06-12T14:28:21.480+03:00 DEBUG 12012 --- [URL Shortener] [           main] h.i.i.PoolingHttpClientConnectionManager : ep-00000004: executing exchange ex-00000005 over http-outgoing-0
2024-06-12T14:28:21.480+03:00 DEBUG 12012 --- [URL Shortener] [           main] c.g.d.z.s.o.a.hc.client5.http.headers    : http-outgoing-0 >> POST /v1.32/containers/225eb99d17d661219ad2f194367f015f0e80cefca92bf280139c902a7672eb19/start HTTP/1.1
2024-06-12T14:28:21.480+03:00 DEBUG 12012 --- [URL Shortener] [           main] c.g.d.z.s.o.a.hc.client5.http.headers    : http-outgoing-0 >> accept: application/json
2024-06-12T14:28:21.480+03:00 DEBUG 12012 --- [URL Shortener] [           main] c.g.d.z.s.o.a.hc.client5.http.headers    : http-outgoing-0 >> content-type: application/json
2024-06-12T14:28:21.480+03:00 DEBUG 12012 --- [URL Shortener] [           main] c.g.d.z.s.o.a.hc.client5.http.headers    : http-outgoing-0 >> x-tc-sid: 7171fa07-21e4-4858-9670-1c8520dc0b21
2024-06-12T14:28:21.481+03:00 DEBUG 12012 --- [URL Shortener] [           main] c.g.d.z.s.o.a.hc.client5.http.headers    : http-outgoing-0 >> User-Agent: tc-java/1.19.8
2024-06-12T14:28:21.481+03:00 DEBUG 12012 --- [URL Shortener] [           main] c.g.d.z.s.o.a.hc.client5.http.headers    : http-outgoing-0 >> Accept-Encoding: gzip, x-gzip, deflate
2024-06-12T14:28:21.481+03:00 DEBUG 12012 --- [URL Shortener] [           main] c.g.d.z.s.o.a.hc.client5.http.headers    : http-outgoing-0 >> Host: localhost:2375
2024-06-12T14:28:21.481+03:00 DEBUG 12012 --- [URL Shortener] [           main] c.g.d.z.s.o.a.hc.client5.http.headers    : http-outgoing-0 >> Connection: keep-alive
2024-06-12T14:28:21.481+03:00 DEBUG 12012 --- [URL Shortener] [           main] c.g.d.z.s.o.apache.hc.client5.http.wire  : http-outgoing-0 >> "POST /v1.32/containers/225eb99d17d661219ad2f194367f015f0e80cefca92bf280139c902a7672eb19/start HTTP/1.1[\r][\n]"
2024-06-12T14:28:21.481+03:00 DEBUG 12012 --- [URL Shortener] [           main] c.g.d.z.s.o.apache.hc.client5.http.wire  : http-outgoing-0 >> "accept: application/json[\r][\n]"
2024-06-12T14:28:21.481+03:00 DEBUG 12012 --- [URL Shortener] [           main] c.g.d.z.s.o.apache.hc.client5.http.wire  : http-outgoing-0 >> "content-type: application/json[\r][\n]"
2024-06-12T14:28:21.481+03:00 DEBUG 12012 --- [URL Shortener] [           main] c.g.d.z.s.o.apache.hc.client5.http.wire  : http-outgoing-0 >> "x-tc-sid: 7171fa07-21e4-4858-9670-1c8520dc0b21[\r][\n]"
2024-06-12T14:28:21.481+03:00 DEBUG 12012 --- [URL Shortener] [           main] c.g.d.z.s.o.apache.hc.client5.http.wire  : http-outgoing-0 >> "User-Agent: tc-java/1.19.8[\r][\n]"
2024-06-12T14:28:21.481+03:00 DEBUG 12012 --- [URL Shortener] [           main] c.g.d.z.s.o.apache.hc.client5.http.wire  : http-outgoing-0 >> "Accept-Encoding: gzip, x-gzip, deflate[\r][\n]"
2024-06-12T14:28:21.481+03:00 DEBUG 12012 --- [URL Shortener] [           main] c.g.d.z.s.o.apache.hc.client5.http.wire  : http-outgoing-0 >> "Host: localhost:2375[\r][\n]"
2024-06-12T14:28:21.481+03:00 DEBUG 12012 --- [URL Shortener] [           main] c.g.d.z.s.o.apache.hc.client5.http.wire  : http-outgoing-0 >> "Connection: keep-alive[\r][\n]"
2024-06-12T14:28:21.481+03:00 DEBUG 12012 --- [URL Shortener] [           main] c.g.d.z.s.o.apache.hc.client5.http.wire  : http-outgoing-0 >> "[\r][\n]"
2024-06-12T14:28:21.727+03:00 DEBUG 12012 --- [URL Shortener] [           main] c.g.d.z.s.o.apache.hc.client5.http.wire  : http-outgoing-0 << "HTTP/1.1 204 No Content[\r][\n]"
2024-06-12T14:28:21.727+03:00 DEBUG 12012 --- [URL Shortener] [           main] c.g.d.z.s.o.apache.hc.client5.http.wire  : http-outgoing-0 << "Api-Version: 1.43[\r][\n]"
2024-06-12T14:28:21.727+03:00 DEBUG 12012 --- [URL Shortener] [           main] c.g.d.z.s.o.apache.hc.client5.http.wire  : http-outgoing-0 << "Date: Wed, 12 Jun 2024 11:28:21 GMT[\r][\n]"
2024-06-12T14:28:21.727+03:00 DEBUG 12012 --- [URL Shortener] [           main] c.g.d.z.s.o.apache.hc.client5.http.wire  : http-outgoing-0 << "Docker-Experimental: false[\r][\n]"
2024-06-12T14:28:21.727+03:00 DEBUG 12012 --- [URL Shortener] [           main] c.g.d.z.s.o.apache.hc.client5.http.wire  : http-outgoing-0 << "Ostype: linux[\r][\n]"
2024-06-12T14:28:21.727+03:00 DEBUG 12012 --- [URL Shortener] [           main] c.g.d.z.s.o.apache.hc.client5.http.wire  : http-outgoing-0 << "Server: Docker/24.0.7 (linux)[\r][\n]"
2024-06-12T14:28:21.727+03:00 DEBUG 12012 --- [URL Shortener] [           main] c.g.d.z.s.o.apache.hc.client5.http.wire  : http-outgoing-0 << "[\r][\n]"
2024-06-12T14:28:21.728+03:00 DEBUG 12012 --- [URL Shortener] [           main] c.g.d.z.s.o.a.hc.client5.http.headers    : http-outgoing-0 << HTTP/1.1 204 No Content
2024-06-12T14:28:21.728+03:00 DEBUG 12012 --- [URL Shortener] [           main] c.g.d.z.s.o.a.hc.client5.http.headers    : http-outgoing-0 << Api-Version: 1.43
2024-06-12T14:28:21.728+03:00 DEBUG 12012 --- [URL Shortener] [           main] c.g.d.z.s.o.a.hc.client5.http.headers    : http-outgoing-0 << Date: Wed, 12 Jun 2024 11:28:21 GMT
2024-06-12T14:28:21.728+03:00 DEBUG 12012 --- [URL Shortener] [           main] c.g.d.z.s.o.a.hc.client5.http.headers    : http-outgoing-0 << Docker-Experimental: false
2024-06-12T14:28:21.728+03:00 DEBUG 12012 --- [URL Shortener] [           main] c.g.d.z.s.o.a.hc.client5.http.headers    : http-outgoing-0 << Ostype: linux
2024-06-12T14:28:21.728+03:00 DEBUG 12012 --- [URL Shortener] [           main] c.g.d.z.s.o.a.hc.client5.http.headers    : http-outgoing-0 << Server: Docker/24.0.7 (linux)
2024-06-12T14:28:21.729+03:00 DEBUG 12012 --- [URL Shortener] [           main] c.g.d.z.s.o.a.h.c.h.i.c.MainClientExec   : ex-00000005: connection can be kept alive for 3 MINUTES
2024-06-12T14:28:21.729+03:00 DEBUG 12012 --- [URL Shortener] [           main] g.d.z.s.o.a.h.c.h.i.c.InternalHttpClient : ep-00000004: releasing valid endpoint
2024-06-12T14:28:21.729+03:00 DEBUG 12012 --- [URL Shortener] [           main] h.i.i.PoolingHttpClientConnectionManager : ep-00000004: releasing endpoint
2024-06-12T14:28:21.729+03:00 DEBUG 12012 --- [URL Shortener] [           main] h.i.i.PoolingHttpClientConnectionManager : ep-00000004: connection http-outgoing-0 can be kept alive for 3 MINUTES
2024-06-12T14:28:21.729+03:00 DEBUG 12012 --- [URL Shortener] [           main] h.i.i.PoolingHttpClientConnectionManager : ep-00000004: connection released [route: {}->npipe://localhost:2375][total available: 1; route allocated: 1 of 2147483647; total allocated: 1 of 2147483647]
2024-06-12T14:28:21.735+03:00 DEBUG 12012 --- [URL Shortener] [           main] o.t.s.c.g.d.core.command.AbstrDockerCmd  : Cmd: 225eb99d17d661219ad2f194367f015f0e80cefca92bf280139c902a7672eb19,false
2024-06-12T14:28:21.736+03:00 DEBUG 12012 --- [URL Shortener] [           main] o.t.s.c.g.d.c.e.InspectContainerCmdExec  : GET: DefaultWebTarget{path=[/containers/225eb99d17d661219ad2f194367f015f0e80cefca92bf280139c902a7672eb19/json], queryParams={}}
2024-06-12T14:28:21.736+03:00 DEBUG 12012 --- [URL Shortener] [           main] g.d.z.s.o.a.h.c.h.i.c.InternalHttpClient : ex-00000006: preparing request execution
2024-06-12T14:28:21.736+03:00 DEBUG 12012 --- [URL Shortener] [           main] c.g.d.z.s.o.a.h.c.h.p.RequestAddCookies  : Cookie spec selected: strict
2024-06-12T14:28:21.736+03:00 DEBUG 12012 --- [URL Shortener] [           main] c.g.d.z.s.o.a.h.c.h.p.RequestAuthCache   : Auth cache not set in the context
2024-06-12T14:28:21.736+03:00 DEBUG 12012 --- [URL Shortener] [           main] c.g.d.z.s.o.a.h.c.h.i.c.ProtocolExec     : ex-00000006: target auth state: UNCHALLENGED
2024-06-12T14:28:21.736+03:00 DEBUG 12012 --- [URL Shortener] [           main] c.g.d.z.s.o.a.h.c.h.i.c.ProtocolExec     : ex-00000006: proxy auth state: UNCHALLENGED
2024-06-12T14:28:21.736+03:00 DEBUG 12012 --- [URL Shortener] [           main] c.g.d.z.s.o.a.h.c.h.i.c.ConnectExec      : ex-00000006: acquiring connection with route {}->npipe://localhost:2375
2024-06-12T14:28:21.736+03:00 DEBUG 12012 --- [URL Shortener] [           main] g.d.z.s.o.a.h.c.h.i.c.InternalHttpClient : ex-00000006: acquiring endpoint (3 MINUTES)
2024-06-12T14:28:21.737+03:00 DEBUG 12012 --- [URL Shortener] [           main] h.i.i.PoolingHttpClientConnectionManager : ex-00000006: endpoint lease request (3 MINUTES) [route: {}->npipe://localhost:2375][total available: 1; route allocated: 1 of 2147483647; total allocated: 1 of 2147483647]
2024-06-12T14:28:21.737+03:00 DEBUG 12012 --- [URL Shortener] [           main] h.i.i.PoolingHttpClientConnectionManager : ex-00000006: endpoint leased [route: {}->npipe://localhost:2375][total available: 0; route allocated: 1 of 2147483647; total allocated: 1 of 2147483647]
2024-06-12T14:28:21.737+03:00 DEBUG 12012 --- [URL Shortener] [           main] h.i.i.PoolingHttpClientConnectionManager : ex-00000006: acquired ep-00000005
2024-06-12T14:28:21.737+03:00 DEBUG 12012 --- [URL Shortener] [           main] g.d.z.s.o.a.h.c.h.i.c.InternalHttpClient : ex-00000006: acquired endpoint ep-00000005
2024-06-12T14:28:21.737+03:00 DEBUG 12012 --- [URL Shortener] [           main] c.g.d.z.s.o.a.h.c.h.i.c.MainClientExec   : ex-00000006: executing GET /v1.32/containers/225eb99d17d661219ad2f194367f015f0e80cefca92bf280139c902a7672eb19/json HTTP/1.1
2024-06-12T14:28:21.737+03:00 DEBUG 12012 --- [URL Shortener] [           main] g.d.z.s.o.a.h.c.h.i.c.InternalHttpClient : ep-00000005: start execution ex-00000006
2024-06-12T14:28:21.737+03:00 DEBUG 12012 --- [URL Shortener] [           main] h.i.i.PoolingHttpClientConnectionManager : ep-00000005: executing exchange ex-00000006 over http-outgoing-0
2024-06-12T14:28:21.737+03:00 DEBUG 12012 --- [URL Shortener] [           main] c.g.d.z.s.o.a.hc.client5.http.headers    : http-outgoing-0 >> GET /v1.32/containers/225eb99d17d661219ad2f194367f015f0e80cefca92bf280139c902a7672eb19/json HTTP/1.1
2024-06-12T14:28:21.737+03:00 DEBUG 12012 --- [URL Shortener] [           main] c.g.d.z.s.o.a.hc.client5.http.headers    : http-outgoing-0 >> accept: application/json
2024-06-12T14:28:21.737+03:00 DEBUG 12012 --- [URL Shortener] [           main] c.g.d.z.s.o.a.hc.client5.http.headers    : http-outgoing-0 >> x-tc-sid: 7171fa07-21e4-4858-9670-1c8520dc0b21
2024-06-12T14:28:21.737+03:00 DEBUG 12012 --- [URL Shortener] [           main] c.g.d.z.s.o.a.hc.client5.http.headers    : http-outgoing-0 >> User-Agent: tc-java/1.19.8
2024-06-12T14:28:21.737+03:00 DEBUG 12012 --- [URL Shortener] [           main] c.g.d.z.s.o.a.hc.client5.http.headers    : http-outgoing-0 >> Accept-Encoding: gzip, x-gzip, deflate
2024-06-12T14:28:21.737+03:00 DEBUG 12012 --- [URL Shortener] [           main] c.g.d.z.s.o.a.hc.client5.http.headers    : http-outgoing-0 >> Host: localhost:2375
2024-06-12T14:28:21.737+03:00 DEBUG 12012 --- [URL Shortener] [           main] c.g.d.z.s.o.a.hc.client5.http.headers    : http-outgoing-0 >> Connection: keep-alive
2024-06-12T14:28:21.737+03:00 DEBUG 12012 --- [URL Shortener] [           main] c.g.d.z.s.o.apache.hc.client5.http.wire  : http-outgoing-0 >> "GET /v1.32/containers/225eb99d17d661219ad2f194367f015f0e80cefca92bf280139c902a7672eb19/json HTTP/1.1[\r][\n]"
2024-06-12T14:28:21.737+03:00 DEBUG 12012 --- [URL Shortener] [           main] c.g.d.z.s.o.apache.hc.client5.http.wire  : http-outgoing-0 >> "accept: application/json[\r][\n]"
2024-06-12T14:28:21.737+03:00 DEBUG 12012 --- [URL Shortener] [           main] c.g.d.z.s.o.apache.hc.client5.http.wire  : http-outgoing-0 >> "x-tc-sid: 7171fa07-21e4-4858-9670-1c8520dc0b21[\r][\n]"
2024-06-12T14:28:21.737+03:00 DEBUG 12012 --- [URL Shortener] [           main] c.g.d.z.s.o.apache.hc.client5.http.wire  : http-outgoing-0 >> "User-Agent: tc-java/1.19.8[\r][\n]"
2024-06-12T14:28:21.737+03:00 DEBUG 12012 --- [URL Shortener] [           main] c.g.d.z.s.o.apache.hc.client5.http.wire  : http-outgoing-0 >> "Accept-Encoding: gzip, x-gzip, deflate[\r][\n]"
2024-06-12T14:28:21.737+03:00 DEBUG 12012 --- [URL Shortener] [           main] c.g.d.z.s.o.apache.hc.client5.http.wire  : http-outgoing-0 >> "Host: localhost:2375[\r][\n]"
2024-06-12T14:28:21.737+03:00 DEBUG 12012 --- [URL Shortener] [           main] c.g.d.z.s.o.apache.hc.client5.http.wire  : http-outgoing-0 >> "Connection: keep-alive[\r][\n]"
2024-06-12T14:28:21.737+03:00 DEBUG 12012 --- [URL Shortener] [           main] c.g.d.z.s.o.apache.hc.client5.http.wire  : http-outgoing-0 >> "[\r][\n]"
2024-06-12T14:28:21.740+03:00 DEBUG 12012 --- [URL Shortener] [           main] c.g.d.z.s.o.apache.hc.client5.http.wire  : http-outgoing-0 << "HTTP/1.1 200 OK[\r][\n]"
2024-06-12T14:28:21.740+03:00 DEBUG 12012 --- [URL Shortener] [           main] c.g.d.z.s.o.apache.hc.client5.http.wire  : http-outgoing-0 << "Api-Version: 1.43[\r][\n]"
2024-06-12T14:28:21.740+03:00 DEBUG 12012 --- [URL Shortener] [           main] c.g.d.z.s.o.apache.hc.client5.http.wire  : http-outgoing-0 << "Content-Type: application/json[\r][\n]"
2024-06-12T14:28:21.740+03:00 DEBUG 12012 --- [URL Shortener] [           main] c.g.d.z.s.o.apache.hc.client5.http.wire  : http-outgoing-0 << "Date: Wed, 12 Jun 2024 11:28:21 GMT[\r][\n]"
2024-06-12T14:28:21.740+03:00 DEBUG 12012 --- [URL Shortener] [           main] c.g.d.z.s.o.apache.hc.client5.http.wire  : http-outgoing-0 << "Docker-Experimental: false[\r][\n]"
2024-06-12T14:28:21.740+03:00 DEBUG 12012 --- [URL Shortener] [           main] c.g.d.z.s.o.apache.hc.client5.http.wire  : http-outgoing-0 << "Ostype: linux[\r][\n]"
2024-06-12T14:28:21.740+03:00 DEBUG 12012 --- [URL Shortener] [           main] c.g.d.z.s.o.apache.hc.client5.http.wire  : http-outgoing-0 << "Server: Docker/24.0.7 (linux)[\r][\n]"
2024-06-12T14:28:21.740+03:00 DEBUG 12012 --- [URL Shortener] [           main] c.g.d.z.s.o.apache.hc.client5.http.wire  : http-outgoing-0 << "Transfer-Encoding: chunked[\r][\n]"
2024-06-12T14:28:21.740+03:00 DEBUG 12012 --- [URL Shortener] [           main] c.g.d.z.s.o.apache.hc.client5.http.wire  : http-outgoing-0 << "[\r][\n]"
2024-06-12T14:28:21.740+03:00 DEBUG 12012 --- [URL Shortener] [           main] c.g.d.z.s.o.a.hc.client5.http.headers    : http-outgoing-0 << HTTP/1.1 200 OK
2024-06-12T14:28:21.741+03:00 DEBUG 12012 --- [URL Shortener] [           main] c.g.d.z.s.o.a.hc.client5.http.headers    : http-outgoing-0 << Api-Version: 1.43
2024-06-12T14:28:21.741+03:00 DEBUG 12012 --- [URL Shortener] [           main] c.g.d.z.s.o.a.hc.client5.http.headers    : http-outgoing-0 << Content-Type: application/json
2024-06-12T14:28:21.741+03:00 DEBUG 12012 --- [URL Shortener] [           main] c.g.d.z.s.o.a.hc.client5.http.headers    : http-outgoing-0 << Date: Wed, 12 Jun 2024 11:28:21 GMT
2024-06-12T14:28:21.741+03:00 DEBUG 12012 --- [URL Shortener] [           main] c.g.d.z.s.o.a.hc.client5.http.headers    : http-outgoing-0 << Docker-Experimental: false
2024-06-12T14:28:21.741+03:00 DEBUG 12012 --- [URL Shortener] [           main] c.g.d.z.s.o.a.hc.client5.http.headers    : http-outgoing-0 << Ostype: linux
2024-06-12T14:28:21.741+03:00 DEBUG 12012 --- [URL Shortener] [           main] c.g.d.z.s.o.a.hc.client5.http.headers    : http-outgoing-0 << Server: Docker/24.0.7 (linux)
2024-06-12T14:28:21.741+03:00 DEBUG 12012 --- [URL Shortener] [           main] c.g.d.z.s.o.a.hc.client5.http.headers    : http-outgoing-0 << Transfer-Encoding: chunked
2024-06-12T14:28:21.741+03:00 DEBUG 12012 --- [URL Shortener] [           main] c.g.d.z.s.o.a.h.c.h.i.c.MainClientExec   : ex-00000006: connection can be kept alive for 3 MINUTES
2024-06-12T14:28:21.741+03:00 DEBUG 12012 --- [URL Shortener] [           main] c.g.d.z.s.o.apache.hc.client5.http.wire  : http-outgoing-0 << "1367[\r][\n]"
2024-06-12T14:28:21.741+03:00 DEBUG 12012 --- [URL Shortener] [           main] c.g.d.z.s.o.apache.hc.client5.http.wire  : http-outgoing-0 << "{"Id":"225eb99d17d661219ad2f194367f015f0e80cefca92bf280139c902a7672eb19","Created":"2024-06-12T11:28:21.423717466Z","Path":"/bin/ryuk","Args":[],"State":{"Status":"running","Running":true,"Paused":false,"Restarting":false,"OOMKilled":false,"Dead":false,"Pid":2286,"ExitCode":0,"Error":"","StartedAt":"2024-06-12T11:28:21.718908992Z","FinishedAt":"0001-01-01T00:00:00Z"},"Image":"sha256:d2ed07d3edac38204208c19bbf5e4893989b9c1f3fffb67403225e2dc74abeba","ResolvConfPath":"/var/lib/docker/containers/225eb99d17d661219ad2f194367f015f0e80cefca92bf280139c902a7672eb19/resolv.conf","HostnamePath":"/var/lib/docker/containers/225eb99d17d661219ad2f194367f015f0e80cefca92bf280139c902a7672eb19/hostname","HostsPath":"/var/lib/docker/containers/225eb99d17d661219ad2f194367f015f0e80cefca92bf280139c902a7672eb19/hosts","LogPath":"/var/lib/docker/containers/225eb99d17d661219ad2f194367f015f0e80cefca92bf280139c902a7672eb19/225eb99d17d661219ad2f194367f015f0e80cefca92bf280139c902a7672eb19-json.log","Name":"/testcontainers-ryuk-7171fa07-21e4-4858-9670-1c8520dc0b21","RestartCount":0,"Driver":"overlay2","Platform":"linux","MountLabel":"","ProcessLabel":"","AppArmorProfile":"","ExecIDs":null,"HostConfig":{"Binds":["//var/run/docker.sock:/var/run/docker.sock:rw"],"ContainerIDFile":"","LogConfig":{"Type":"json-file","Config":{}},"NetworkMode":"default","PortBindings":{"8080/tcp":[{"HostIp":"0.0.0.0","HostPort":"0"}]},"RestartPolicy":{"Name":"","MaximumRetryCount":0},"AutoRemove":true,"VolumeDriver":"","VolumesFrom":[],"ConsoleSize":[0,0],"CapAdd":null,"CapDrop":null,"CgroupnsMode":"host","Dns":null,"DnsOptions":null,"DnsSearch":null,"ExtraHosts":[],"GroupAdd":null,"IpcMode":"shareable","Cgroup":"","Links":null,"OomScoreAdj":0,"PidMode":"","Privileged":true,"PublishAllPorts":false,"ReadonlyRootfs":false,"SecurityOpt":["label=disable"],"UTSMode":"","UsernsMode":"","ShmSize":67108864,"Runtime":"runc","Isolation":"","CpuShares":0,"Memory":0,"NanoCpus":0,"CgroupParent":"","BlkioWeight":0,"BlkioWeightDevice":null,"BlkioDeviceReadBps":null,"BlkioDeviceWriteBps":null,"BlkioDeviceReadIOps":null,"BlkioDeviceWriteIOps":null,"CpuPeriod":0,"CpuQuota":0,"CpuRealtimePeriod":0,"CpuRealtimeRuntime":0,"CpusetCpus":"","CpusetMems":"","Devices":null,"DeviceCgroupRules":null,"DeviceRequests":null,"MemoryReservation":0,"MemorySwap":0,"MemorySwappiness":null,"OomKillDisable":false,"PidsLimit":null,"Ulimits":null,"CpuCount":0,"CpuPercent":0,"IOMaximumIOps":0,"IOMaximumBandwidth":0,"MaskedPaths":null,"ReadonlyPaths":null},"GraphDriver":{"Data":{"LowerDir":"/var/lib/docker/overlay2/f3734c1dddc554ba3ba0ac35f4f6f38933fef63a8edf8caf0140e074404fef55-init/diff:/var/lib/docker/overlay2/d8d4c19728dab7c2fc363237ae5a718f53cdebc0a7cfb21ff96e4421365c4c95/diff:/var/lib/docker/overlay2/9f6b1bf3e12ba556297c93dcd4995dc14e828a1ddb79c5c961463bab4a6ee782/diff:/var/lib/docker/overlay2/9aba5eedd1ef493263a1432dfd856e3986ae88593339619ce273b417c3006d9f/diff","MergedDir":"/var/lib/docker/overlay2/f3734c1dddc554ba3ba0ac35f4f6f38933fef63a8edf8caf0140e074404fef55/merged","UpperDir":"/var/lib/docker/overlay2/f3734c1dddc554ba3ba0ac35f4f6f38933fef63a8edf8caf0140e074404fef55/diff","WorkDir":"/var/lib/docker/overlay2/f3734c1dddc554ba3ba0ac35f4f6f38933fef63a8edf8caf0140e074404fef55/work"},"Name":"overlay2"},"Mounts":[{"Type":"bind","Source":"//var/run/docker.sock","Destination":"/var/run/docker.sock","Mode":"rw","RW":true,"Propagation":"rprivate"}],"Config":{"Hostname":"225eb99d17d6","Domainname":"","User":"","AttachStdin":false,"AttachStdout":false,"AttachStderr":false,"ExposedPorts":{"8080/tcp":{}},"Tty":false,"OpenStdin":false,"StdinOnce":false,"Env":["PATH=/usr/local/sbin:/usr/local/bin:/usr/sbin:/usr/bin:/sbin:/bin"],"Cmd":["/bin/ryuk"],"Image":"testcontainers/ryuk:0.7.0","Volumes":null,"WorkingDir":"","Entrypoint":null,"OnBuild":null,"Labels":{"org.testcontainers":"true","org.testcontainers.lang":"java","org.testcontainers.ryuk":"true","org.testcontainers.version":"1.19.8"}},"NetworkSettings":{"Bridge":"","SandboxID":"8b605482bf2859d75eb1ac4c49a31dec4c0fcb792855b99efda783bd4ab9e323","HairpinMode":false,"
2024-06-12T14:28:21.791+03:00 DEBUG 12012 --- [URL Shortener] [           main] c.g.d.z.s.o.apache.hc.client5.http.wire  : http-outgoing-0 << ""LinkLocalIPv6Address":"","LinkLocalIPv6PrefixLen":0,"Ports":{"8080/tcp":[{"HostIp":"0.0.0.0","HostPort":"51196"}]},"SandboxKey":"/var/run/docker/netns/8b605482bf28","SecondaryIPAddresses":null,"SecondaryIPv6Addresses":null,"EndpointID":"bc720cc83d24886f9f16f1cd33fecb760ef0d392d591a1f078d8f3fbe8346cdf","Gateway":"172.17.0.1","GlobalIPv6Address":"","GlobalIPv6PrefixLen":0,"IPAddress":"172.17.0.2","IPPrefixLen":16,"IPv6Gateway":"","MacAddress":"02:42:ac:11:00:02","Networks":{"bridge":{"IPAMConfig":null,"Links":null,"Aliases":null,"MacAddress":"02:42:ac:11:00:02","NetworkID":"9daa7fca6b6cbb5c2be934cabaa56953e265b86a191774f7c7502906e8f1d0b7","EndpointID":"bc720cc83d24886f9f16f1cd33fecb760ef0d392d591a1f078d8f3fbe8346cdf","Gateway":"172.17.0.1","IPAddress":"172.17.0.2","IPPrefixLen":16,"IPv6Gateway":"","GlobalIPv6Address":"","GlobalIPv6PrefixLen":0,"DriverOpts":null}}}}[\n]"
2024-06-12T14:28:21.813+03:00 DEBUG 12012 --- [URL Shortener] [           main] c.g.d.z.s.o.apache.hc.client5.http.wire  : http-outgoing-0 << "[\r][\n]"
2024-06-12T14:28:21.813+03:00 DEBUG 12012 --- [URL Shortener] [           main] c.g.d.z.s.o.apache.hc.client5.http.wire  : http-outgoing-0 << "0[\r][\n]"
2024-06-12T14:28:21.813+03:00 DEBUG 12012 --- [URL Shortener] [           main] c.g.d.z.s.o.apache.hc.client5.http.wire  : http-outgoing-0 << "[\r][\n]"
2024-06-12T14:28:21.813+03:00 DEBUG 12012 --- [URL Shortener] [           main] g.d.z.s.o.a.h.c.h.i.c.InternalHttpClient : ep-00000005: releasing valid endpoint
2024-06-12T14:28:21.813+03:00 DEBUG 12012 --- [URL Shortener] [           main] h.i.i.PoolingHttpClientConnectionManager : ep-00000005: releasing endpoint
2024-06-12T14:28:21.813+03:00 DEBUG 12012 --- [URL Shortener] [           main] h.i.i.PoolingHttpClientConnectionManager : ep-00000005: connection http-outgoing-0 can be kept alive for 3 MINUTES
2024-06-12T14:28:21.813+03:00 DEBUG 12012 --- [URL Shortener] [           main] h.i.i.PoolingHttpClientConnectionManager : ep-00000005: connection released [route: {}->npipe://localhost:2375][total available: 1; route allocated: 1 of 2147483647; total allocated: 1 of 2147483647]
2024-06-12T14:28:21.817+03:00 DEBUG 12012 --- [URL Shortener] [           main] o.t.s.c.g.d.core.command.AbstrDockerCmd  : Cmd: sha256:d2ed07d3edac38204208c19bbf5e4893989b9c1f3fffb67403225e2dc74abeba
2024-06-12T14:28:21.819+03:00 DEBUG 12012 --- [URL Shortener] [           main] g.d.z.s.o.a.h.c.h.i.c.InternalHttpClient : ex-00000007: preparing request execution
2024-06-12T14:28:21.819+03:00 DEBUG 12012 --- [URL Shortener] [           main] c.g.d.z.s.o.a.h.c.h.p.RequestAddCookies  : Cookie spec selected: strict
2024-06-12T14:28:21.819+03:00 DEBUG 12012 --- [URL Shortener] [           main] c.g.d.z.s.o.a.h.c.h.p.RequestAuthCache   : Auth cache not set in the context
2024-06-12T14:28:21.819+03:00 DEBUG 12012 --- [URL Shortener] [           main] c.g.d.z.s.o.a.h.c.h.i.c.ProtocolExec     : ex-00000007: target auth state: UNCHALLENGED
2024-06-12T14:28:21.819+03:00 DEBUG 12012 --- [URL Shortener] [           main] c.g.d.z.s.o.a.h.c.h.i.c.ProtocolExec     : ex-00000007: proxy auth state: UNCHALLENGED
2024-06-12T14:28:21.819+03:00 DEBUG 12012 --- [URL Shortener] [           main] c.g.d.z.s.o.a.h.c.h.i.c.ConnectExec      : ex-00000007: acquiring connection with route {}->npipe://localhost:2375
2024-06-12T14:28:21.819+03:00 DEBUG 12012 --- [URL Shortener] [           main] g.d.z.s.o.a.h.c.h.i.c.InternalHttpClient : ex-00000007: acquiring endpoint (3 MINUTES)
2024-06-12T14:28:21.819+03:00 DEBUG 12012 --- [URL Shortener] [           main] h.i.i.PoolingHttpClientConnectionManager : ex-00000007: endpoint lease request (3 MINUTES) [route: {}->npipe://localhost:2375][total available: 1; route allocated: 1 of 2147483647; total allocated: 1 of 2147483647]
2024-06-12T14:28:21.819+03:00 DEBUG 12012 --- [URL Shortener] [           main] h.i.i.PoolingHttpClientConnectionManager : ex-00000007: endpoint leased [route: {}->npipe://localhost:2375][total available: 0; route allocated: 1 of 2147483647; total allocated: 1 of 2147483647]
2024-06-12T14:28:21.820+03:00 DEBUG 12012 --- [URL Shortener] [           main] h.i.i.PoolingHttpClientConnectionManager : ex-00000007: acquired ep-00000006
2024-06-12T14:28:21.820+03:00 DEBUG 12012 --- [URL Shortener] [           main] g.d.z.s.o.a.h.c.h.i.c.InternalHttpClient : ex-00000007: acquired endpoint ep-00000006
2024-06-12T14:28:21.820+03:00 DEBUG 12012 --- [URL Shortener] [           main] c.g.d.z.s.o.a.h.c.h.i.c.MainClientExec   : ex-00000007: executing GET /v1.32/images/sha256:d2ed07d3edac38204208c19bbf5e4893989b9c1f3fffb67403225e2dc74abeba/json HTTP/1.1
2024-06-12T14:28:21.820+03:00 DEBUG 12012 --- [URL Shortener] [           main] g.d.z.s.o.a.h.c.h.i.c.InternalHttpClient : ep-00000006: start execution ex-00000007
2024-06-12T14:28:21.820+03:00 DEBUG 12012 --- [URL Shortener] [           main] h.i.i.PoolingHttpClientConnectionManager : ep-00000006: executing exchange ex-00000007 over http-outgoing-0
2024-06-12T14:28:21.820+03:00 DEBUG 12012 --- [URL Shortener] [           main] c.g.d.z.s.o.a.hc.client5.http.headers    : http-outgoing-0 >> GET /v1.32/images/sha256:d2ed07d3edac38204208c19bbf5e4893989b9c1f3fffb67403225e2dc74abeba/json HTTP/1.1
2024-06-12T14:28:21.820+03:00 DEBUG 12012 --- [URL Shortener] [           main] c.g.d.z.s.o.a.hc.client5.http.headers    : http-outgoing-0 >> accept: application/json
2024-06-12T14:28:21.820+03:00 DEBUG 12012 --- [URL Shortener] [           main] c.g.d.z.s.o.a.hc.client5.http.headers    : http-outgoing-0 >> x-tc-sid: 7171fa07-21e4-4858-9670-1c8520dc0b21
2024-06-12T14:28:21.820+03:00 DEBUG 12012 --- [URL Shortener] [           main] c.g.d.z.s.o.a.hc.client5.http.headers    : http-outgoing-0 >> User-Agent: tc-java/1.19.8
2024-06-12T14:28:21.820+03:00 DEBUG 12012 --- [URL Shortener] [           main] c.g.d.z.s.o.a.hc.client5.http.headers    : http-outgoing-0 >> Accept-Encoding: gzip, x-gzip, deflate
2024-06-12T14:28:21.820+03:00 DEBUG 12012 --- [URL Shortener] [           main] c.g.d.z.s.o.a.hc.client5.http.headers    : http-outgoing-0 >> Host: localhost:2375
2024-06-12T14:28:21.820+03:00 DEBUG 12012 --- [URL Shortener] [           main] c.g.d.z.s.o.a.hc.client5.http.headers    : http-outgoing-0 >> Connection: keep-alive
2024-06-12T14:28:21.820+03:00 DEBUG 12012 --- [URL Shortener] [           main] c.g.d.z.s.o.apache.hc.client5.http.wire  : http-outgoing-0 >> "GET /v1.32/images/sha256:d2ed07d3edac38204208c19bbf5e4893989b9c1f3fffb67403225e2dc74abeba/json HTTP/1.1[\r][\n]"
2024-06-12T14:28:21.820+03:00 DEBUG 12012 --- [URL Shortener] [           main] c.g.d.z.s.o.apache.hc.client5.http.wire  : http-outgoing-0 >> "accept: application/json[\r][\n]"
2024-06-12T14:28:21.820+03:00 DEBUG 12012 --- [URL Shortener] [           main] c.g.d.z.s.o.apache.hc.client5.http.wire  : http-outgoing-0 >> "x-tc-sid: 7171fa07-21e4-4858-9670-1c8520dc0b21[\r][\n]"
2024-06-12T14:28:21.820+03:00 DEBUG 12012 --- [URL Shortener] [           main] c.g.d.z.s.o.apache.hc.client5.http.wire  : http-outgoing-0 >> "User-Agent: tc-java/1.19.8[\r][\n]"
2024-06-12T14:28:21.820+03:00 DEBUG 12012 --- [URL Shortener] [           main] c.g.d.z.s.o.apache.hc.client5.http.wire  : http-outgoing-0 >> "Accept-Encoding: gzip, x-gzip, deflate[\r][\n]"
2024-06-12T14:28:21.820+03:00 DEBUG 12012 --- [URL Shortener] [           main] c.g.d.z.s.o.apache.hc.client5.http.wire  : http-outgoing-0 >> "Host: localhost:2375[\r][\n]"
2024-06-12T14:28:21.820+03:00 DEBUG 12012 --- [URL Shortener] [           main] c.g.d.z.s.o.apache.hc.client5.http.wire  : http-outgoing-0 >> "Connection: keep-alive[\r][\n]"
2024-06-12T14:28:21.820+03:00 DEBUG 12012 --- [URL Shortener] [           main] c.g.d.z.s.o.apache.hc.client5.http.wire  : http-outgoing-0 >> "[\r][\n]"
2024-06-12T14:28:21.825+03:00 DEBUG 12012 --- [URL Shortener] [           main] c.g.d.z.s.o.apache.hc.client5.http.wire  : http-outgoing-0 << "HTTP/1.1 200 OK[\r][\n]"
2024-06-12T14:28:21.825+03:00 DEBUG 12012 --- [URL Shortener] [           main] c.g.d.z.s.o.apache.hc.client5.http.wire  : http-outgoing-0 << "Api-Version: 1.43[\r][\n]"
2024-06-12T14:28:21.825+03:00 DEBUG 12012 --- [URL Shortener] [           main] c.g.d.z.s.o.apache.hc.client5.http.wire  : http-outgoing-0 << "Content-Type: application/json[\r][\n]"
2024-06-12T14:28:21.825+03:00 DEBUG 12012 --- [URL Shortener] [           main] c.g.d.z.s.o.apache.hc.client5.http.wire  : http-outgoing-0 << "Date: Wed, 12 Jun 2024 11:28:21 GMT[\r][\n]"
2024-06-12T14:28:21.825+03:00 DEBUG 12012 --- [URL Shortener] [           main] c.g.d.z.s.o.apache.hc.client5.http.wire  : http-outgoing-0 << "Docker-Experimental: false[\r][\n]"
2024-06-12T14:28:21.825+03:00 DEBUG 12012 --- [URL Shortener] [           main] c.g.d.z.s.o.apache.hc.client5.http.wire  : http-outgoing-0 << "Ostype: linux[\r][\n]"
2024-06-12T14:28:21.825+03:00 DEBUG 12012 --- [URL Shortener] [           main] c.g.d.z.s.o.apache.hc.client5.http.wire  : http-outgoing-0 << "Server: Docker/24.0.7 (linux)[\r][\n]"
2024-06-12T14:28:21.825+03:00 DEBUG 12012 --- [URL Shortener] [           main] c.g.d.z.s.o.apache.hc.client5.http.wire  : http-outgoing-0 << "Transfer-Encoding: chunked[\r][\n]"
2024-06-12T14:28:21.825+03:00 DEBUG 12012 --- [URL Shortener] [           main] c.g.d.z.s.o.apache.hc.client5.http.wire  : http-outgoing-0 << "[\r][\n]"
2024-06-12T14:28:21.826+03:00 DEBUG 12012 --- [URL Shortener] [           main] c.g.d.z.s.o.a.hc.client5.http.headers    : http-outgoing-0 << HTTP/1.1 200 OK
2024-06-12T14:28:21.826+03:00 DEBUG 12012 --- [URL Shortener] [           main] c.g.d.z.s.o.a.hc.client5.http.headers    : http-outgoing-0 << Api-Version: 1.43
2024-06-12T14:28:21.826+03:00 DEBUG 12012 --- [URL Shortener] [           main] c.g.d.z.s.o.a.hc.client5.http.headers    : http-outgoing-0 << Content-Type: application/json
2024-06-12T14:28:21.826+03:00 DEBUG 12012 --- [URL Shortener] [           main] c.g.d.z.s.o.a.hc.client5.http.headers    : http-outgoing-0 << Date: Wed, 12 Jun 2024 11:28:21 GMT
2024-06-12T14:28:21.826+03:00 DEBUG 12012 --- [URL Shortener] [           main] c.g.d.z.s.o.a.hc.client5.http.headers    : http-outgoing-0 << Docker-Experimental: false
2024-06-12T14:28:21.826+03:00 DEBUG 12012 --- [URL Shortener] [           main] c.g.d.z.s.o.a.hc.client5.http.headers    : http-outgoing-0 << Ostype: linux
2024-06-12T14:28:21.826+03:00 DEBUG 12012 --- [URL Shortener] [           main] c.g.d.z.s.o.a.hc.client5.http.headers    : http-outgoing-0 << Server: Docker/24.0.7 (linux)
2024-06-12T14:28:21.826+03:00 DEBUG 12012 --- [URL Shortener] [           main] c.g.d.z.s.o.a.hc.client5.http.headers    : http-outgoing-0 << Transfer-Encoding: chunked
2024-06-12T14:28:21.826+03:00 DEBUG 12012 --- [URL Shortener] [           main] c.g.d.z.s.o.a.h.c.h.i.c.MainClientExec   : ex-00000007: connection can be kept alive for 3 MINUTES
2024-06-12T14:28:21.826+03:00 DEBUG 12012 --- [URL Shortener] [           main] c.g.d.z.s.o.apache.hc.client5.http.wire  : http-outgoing-0 << "7d1[\r][\n]"
2024-06-12T14:28:21.827+03:00 DEBUG 12012 --- [URL Shortener] [           main] c.g.d.z.s.o.apache.hc.client5.http.wire  : http-outgoing-0 << "{"Id":"sha256:d2ed07d3edac38204208c19bbf5e4893989b9c1f3fffb67403225e2dc74abeba","RepoTags":["testcontainers/ryuk:0.7.0"],"RepoDigests":["testcontainers/ryuk@sha256:bcbee39cd601396958ba1bd06ea14ad64ce0ea709de29a427d741d1f5262080a"],"Parent":"","Comment":"buildkit.dockerfile.v0","Created":"2024-03-08T14:09:00.369000805Z","Container":"","ContainerConfig":{"Hostname":"","Domainname":"","User":"","AttachStdin":false,"AttachStdout":false,"AttachStderr":false,"Tty":false,"OpenStdin":false,"StdinOnce":false,"Env":null,"Cmd":null,"Image":"","Volumes":null,"WorkingDir":"","Entrypoint":null,"OnBuild":null,"Labels":null},"DockerVersion":"","Author":"","Config":{"Hostname":"","Domainname":"","User":"","AttachStdin":false,"AttachStdout":false,"AttachStderr":false,"Tty":false,"OpenStdin":false,"StdinOnce":false,"Env":["PATH=/usr/local/sbin:/usr/local/bin:/usr/sbin:/usr/bin:/sbin:/bin"],"Cmd":["/bin/ryuk"],"ArgsEscaped":true,"Image":"","Volumes":null,"WorkingDir":"","Entrypoint":null,"OnBuild":null,"Labels":{"org.testcontainers.ryuk":"true"}},"Architecture":"amd64","Os":"linux","Size":15229672,"VirtualSize":15229672,"GraphDriver":{"Data":{"LowerDir":"/var/lib/docker/overlay2/9f6b1bf3e12ba556297c93dcd4995dc14e828a1ddb79c5c961463bab4a6ee782/diff:/var/lib/docker/overlay2/9aba5eedd1ef493263a1432dfd856e3986ae88593339619ce273b417c3006d9f/diff","MergedDir":"/var/lib/docker/overlay2/d8d4c19728dab7c2fc363237ae5a718f53cdebc0a7cfb21ff96e4421365c4c95/merged","UpperDir":"/var/lib/docker/overlay2/d8d4c19728dab7c2fc363237ae5a718f53cdebc0a7cfb21ff96e4421365c4c95/diff","WorkDir":"/var/lib/docker/overlay2/d8d4c19728dab7c2fc363237ae5a718f53cdebc0a7cfb21ff96e4421365c4c95/work"},"Name":"overlay2"},"RootFS":{"Type":"layers","Layers":["sha256:d4fc045c9e3a848011de66f34b81f052d4f2c15a17bb196d637e526349601820","sha256:1236a062c02a5dd3a8fa468360f5822f4d9a0242f1081f026f979cf6f307fe2c","sha256:92748675906f0914067c0e912e071edfea0ffe938ccc5e9821b1cf1dcdcf4544"]},"Metadata":{"LastTagTime":"0001-01-01T00:00:00Z"}}[\n]"
2024-06-12T14:28:21.827+03:00 DEBUG 12012 --- [URL Shortener] [           main] c.g.d.z.s.o.apache.hc.client5.http.wire  : http-outgoing-0 << "[\r][\n]"
2024-06-12T14:28:21.827+03:00 DEBUG 12012 --- [URL Shortener] [           main] c.g.d.z.s.o.apache.hc.client5.http.wire  : http-outgoing-0 << "0[\r][\n]"
2024-06-12T14:28:21.827+03:00 DEBUG 12012 --- [URL Shortener] [           main] c.g.d.z.s.o.apache.hc.client5.http.wire  : http-outgoing-0 << "[\r][\n]"
2024-06-12T14:28:21.833+03:00 DEBUG 12012 --- [URL Shortener] [           main] g.d.z.s.o.a.h.c.h.i.c.InternalHttpClient : ep-00000006: releasing valid endpoint
2024-06-12T14:28:21.833+03:00 DEBUG 12012 --- [URL Shortener] [           main] h.i.i.PoolingHttpClientConnectionManager : ep-00000006: releasing endpoint
2024-06-12T14:28:21.834+03:00 DEBUG 12012 --- [URL Shortener] [           main] h.i.i.PoolingHttpClientConnectionManager : ep-00000006: connection http-outgoing-0 can be kept alive for 3 MINUTES
2024-06-12T14:28:21.834+03:00 DEBUG 12012 --- [URL Shortener] [           main] h.i.i.PoolingHttpClientConnectionManager : ep-00000006: connection released [route: {}->npipe://localhost:2375][total available: 1; route allocated: 1 of 2147483647; total allocated: 1 of 2147483647]
2024-06-12T14:28:21.834+03:00 DEBUG 12012 --- [URL Shortener] [           main] o.t.s.c.g.d.core.command.AbstrDockerCmd  : Cmd: 
2024-06-12T14:28:21.834+03:00 DEBUG 12012 --- [URL Shortener] [           main] g.d.z.s.o.a.h.c.h.i.c.InternalHttpClient : ex-00000008: preparing request execution
2024-06-12T14:28:21.834+03:00 DEBUG 12012 --- [URL Shortener] [           main] c.g.d.z.s.o.a.h.c.h.p.RequestAddCookies  : Cookie spec selected: strict
2024-06-12T14:28:21.834+03:00 DEBUG 12012 --- [URL Shortener] [           main] c.g.d.z.s.o.a.h.c.h.p.RequestAuthCache   : Auth cache not set in the context
2024-06-12T14:28:21.834+03:00 DEBUG 12012 --- [URL Shortener] [           main] c.g.d.z.s.o.a.h.c.h.i.c.ProtocolExec     : ex-00000008: target auth state: UNCHALLENGED
2024-06-12T14:28:21.834+03:00 DEBUG 12012 --- [URL Shortener] [           main] c.g.d.z.s.o.a.h.c.h.i.c.ProtocolExec     : ex-00000008: proxy auth state: UNCHALLENGED
2024-06-12T14:28:21.834+03:00 DEBUG 12012 --- [URL Shortener] [           main] c.g.d.z.s.o.a.h.c.h.i.c.ConnectExec      : ex-00000008: acquiring connection with route {}->npipe://localhost:2375
2024-06-12T14:28:21.834+03:00 DEBUG 12012 --- [URL Shortener] [           main] g.d.z.s.o.a.h.c.h.i.c.InternalHttpClient : ex-00000008: acquiring endpoint (3 MINUTES)
2024-06-12T14:28:21.834+03:00 DEBUG 12012 --- [URL Shortener] [           main] h.i.i.PoolingHttpClientConnectionManager : ex-00000008: endpoint lease request (3 MINUTES) [route: {}->npipe://localhost:2375][total available: 1; route allocated: 1 of 2147483647; total allocated: 1 of 2147483647]
2024-06-12T14:28:21.834+03:00 DEBUG 12012 --- [URL Shortener] [           main] h.i.i.PoolingHttpClientConnectionManager : ex-00000008: endpoint leased [route: {}->npipe://localhost:2375][total available: 0; route allocated: 1 of 2147483647; total allocated: 1 of 2147483647]
2024-06-12T14:28:21.834+03:00 DEBUG 12012 --- [URL Shortener] [           main] h.i.i.PoolingHttpClientConnectionManager : ex-00000008: acquired ep-00000007
2024-06-12T14:28:21.834+03:00 DEBUG 12012 --- [URL Shortener] [           main] g.d.z.s.o.a.h.c.h.i.c.InternalHttpClient : ex-00000008: acquired endpoint ep-00000007
2024-06-12T14:28:21.834+03:00 DEBUG 12012 --- [URL Shortener] [           main] c.g.d.z.s.o.a.h.c.h.i.c.MainClientExec   : ex-00000008: executing GET /v1.32/version HTTP/1.1
2024-06-12T14:28:21.834+03:00 DEBUG 12012 --- [URL Shortener] [           main] g.d.z.s.o.a.h.c.h.i.c.InternalHttpClient : ep-00000007: start execution ex-00000008
2024-06-12T14:28:21.834+03:00 DEBUG 12012 --- [URL Shortener] [           main] h.i.i.PoolingHttpClientConnectionManager : ep-00000007: executing exchange ex-00000008 over http-outgoing-0
2024-06-12T14:28:21.834+03:00 DEBUG 12012 --- [URL Shortener] [           main] c.g.d.z.s.o.a.hc.client5.http.headers    : http-outgoing-0 >> GET /v1.32/version HTTP/1.1
2024-06-12T14:28:21.834+03:00 DEBUG 12012 --- [URL Shortener] [           main] c.g.d.z.s.o.a.hc.client5.http.headers    : http-outgoing-0 >> accept: application/json
2024-06-12T14:28:21.834+03:00 DEBUG 12012 --- [URL Shortener] [           main] c.g.d.z.s.o.a.hc.client5.http.headers    : http-outgoing-0 >> x-tc-sid: 7171fa07-21e4-4858-9670-1c8520dc0b21
2024-06-12T14:28:21.834+03:00 DEBUG 12012 --- [URL Shortener] [           main] c.g.d.z.s.o.a.hc.client5.http.headers    : http-outgoing-0 >> User-Agent: tc-java/1.19.8
2024-06-12T14:28:21.834+03:00 DEBUG 12012 --- [URL Shortener] [           main] c.g.d.z.s.o.a.hc.client5.http.headers    : http-outgoing-0 >> Accept-Encoding: gzip, x-gzip, deflate
2024-06-12T14:28:21.834+03:00 DEBUG 12012 --- [URL Shortener] [           main] c.g.d.z.s.o.a.hc.client5.http.headers    : http-outgoing-0 >> Host: localhost:2375
2024-06-12T14:28:21.834+03:00 DEBUG 12012 --- [URL Shortener] [           main] c.g.d.z.s.o.a.hc.client5.http.headers    : http-outgoing-0 >> Connection: keep-alive
2024-06-12T14:28:21.834+03:00 DEBUG 12012 --- [URL Shortener] [           main] c.g.d.z.s.o.apache.hc.client5.http.wire  : http-outgoing-0 >> "GET /v1.32/version HTTP/1.1[\r][\n]"
2024-06-12T14:28:21.834+03:00 DEBUG 12012 --- [URL Shortener] [           main] c.g.d.z.s.o.apache.hc.client5.http.wire  : http-outgoing-0 >> "accept: application/json[\r][\n]"
2024-06-12T14:28:21.834+03:00 DEBUG 12012 --- [URL Shortener] [           main] c.g.d.z.s.o.apache.hc.client5.http.wire  : http-outgoing-0 >> "x-tc-sid: 7171fa07-21e4-4858-9670-1c8520dc0b21[\r][\n]"
2024-06-12T14:28:21.834+03:00 DEBUG 12012 --- [URL Shortener] [           main] c.g.d.z.s.o.apache.hc.client5.http.wire  : http-outgoing-0 >> "User-Agent: tc-java/1.19.8[\r][\n]"
2024-06-12T14:28:21.834+03:00 DEBUG 12012 --- [URL Shortener] [           main] c.g.d.z.s.o.apache.hc.client5.http.wire  : http-outgoing-0 >> "Accept-Encoding: gzip, x-gzip, deflate[\r][\n]"
2024-06-12T14:28:21.834+03:00 DEBUG 12012 --- [URL Shortener] [           main] c.g.d.z.s.o.apache.hc.client5.http.wire  : http-outgoing-0 >> "Host: localhost:2375[\r][\n]"
2024-06-12T14:28:21.834+03:00 DEBUG 12012 --- [URL Shortener] [           main] c.g.d.z.s.o.apache.hc.client5.http.wire  : http-outgoing-0 >> "Connection: keep-alive[\r][\n]"
2024-06-12T14:28:21.834+03:00 DEBUG 12012 --- [URL Shortener] [           main] c.g.d.z.s.o.apache.hc.client5.http.wire  : http-outgoing-0 >> "[\r][\n]"
2024-06-12T14:28:21.843+03:00 DEBUG 12012 --- [URL Shortener] [           main] c.g.d.z.s.o.apache.hc.client5.http.wire  : http-outgoing-0 << "HTTP/1.1 200 OK[\r][\n]"
2024-06-12T14:28:21.843+03:00 DEBUG 12012 --- [URL Shortener] [           main] c.g.d.z.s.o.apache.hc.client5.http.wire  : http-outgoing-0 << "Api-Version: 1.43[\r][\n]"
2024-06-12T14:28:21.843+03:00 DEBUG 12012 --- [URL Shortener] [           main] c.g.d.z.s.o.apache.hc.client5.http.wire  : http-outgoing-0 << "Content-Type: application/json[\r][\n]"
2024-06-12T14:28:21.843+03:00 DEBUG 12012 --- [URL Shortener] [           main] c.g.d.z.s.o.apache.hc.client5.http.wire  : http-outgoing-0 << "Date: Wed, 12 Jun 2024 11:28:21 GMT[\r][\n]"
2024-06-12T14:28:21.843+03:00 DEBUG 12012 --- [URL Shortener] [           main] c.g.d.z.s.o.apache.hc.client5.http.wire  : http-outgoing-0 << "Docker-Experimental: false[\r][\n]"
2024-06-12T14:28:21.843+03:00 DEBUG 12012 --- [URL Shortener] [           main] c.g.d.z.s.o.apache.hc.client5.http.wire  : http-outgoing-0 << "Ostype: linux[\r][\n]"
2024-06-12T14:28:21.843+03:00 DEBUG 12012 --- [URL Shortener] [           main] c.g.d.z.s.o.apache.hc.client5.http.wire  : http-outgoing-0 << "Server: Docker/24.0.7 (linux)[\r][\n]"
2024-06-12T14:28:21.843+03:00 DEBUG 12012 --- [URL Shortener] [           main] c.g.d.z.s.o.apache.hc.client5.http.wire  : http-outgoing-0 << "Transfer-Encoding: chunked[\r][\n]"
2024-06-12T14:28:21.843+03:00 DEBUG 12012 --- [URL Shortener] [           main] c.g.d.z.s.o.apache.hc.client5.http.wire  : http-outgoing-0 << "[\r][\n]"
2024-06-12T14:28:21.843+03:00 DEBUG 12012 --- [URL Shortener] [           main] c.g.d.z.s.o.a.hc.client5.http.headers    : http-outgoing-0 << HTTP/1.1 200 OK
2024-06-12T14:28:21.843+03:00 DEBUG 12012 --- [URL Shortener] [           main] c.g.d.z.s.o.a.hc.client5.http.headers    : http-outgoing-0 << Api-Version: 1.43
2024-06-12T14:28:21.843+03:00 DEBUG 12012 --- [URL Shortener] [           main] c.g.d.z.s.o.a.hc.client5.http.headers    : http-outgoing-0 << Content-Type: application/json
2024-06-12T14:28:21.843+03:00 DEBUG 12012 --- [URL Shortener] [           main] c.g.d.z.s.o.a.hc.client5.http.headers    : http-outgoing-0 << Date: Wed, 12 Jun 2024 11:28:21 GMT
2024-06-12T14:28:21.843+03:00 DEBUG 12012 --- [URL Shortener] [           main] c.g.d.z.s.o.a.hc.client5.http.headers    : http-outgoing-0 << Docker-Experimental: false
2024-06-12T14:28:21.843+03:00 DEBUG 12012 --- [URL Shortener] [           main] c.g.d.z.s.o.a.hc.client5.http.headers    : http-outgoing-0 << Ostype: linux
2024-06-12T14:28:21.843+03:00 DEBUG 12012 --- [URL Shortener] [           main] c.g.d.z.s.o.a.hc.client5.http.headers    : http-outgoing-0 << Server: Docker/24.0.7 (linux)
2024-06-12T14:28:21.843+03:00 DEBUG 12012 --- [URL Shortener] [           main] c.g.d.z.s.o.a.hc.client5.http.headers    : http-outgoing-0 << Transfer-Encoding: chunked
2024-06-12T14:28:21.843+03:00 DEBUG 12012 --- [URL Shortener] [           main] c.g.d.z.s.o.a.h.c.h.i.c.MainClientExec   : ex-00000008: connection can be kept alive for 3 MINUTES
2024-06-12T14:28:21.844+03:00 DEBUG 12012 --- [URL Shortener] [           main] c.g.d.z.s.o.apache.hc.client5.http.wire  : http-outgoing-0 << "361[\r][\n]"
2024-06-12T14:28:21.844+03:00 DEBUG 12012 --- [URL Shortener] [           main] c.g.d.z.s.o.apache.hc.client5.http.wire  : http-outgoing-0 << "{"Platform":{"Name":"Docker Desktop 4.26.1 (131620)"},"Components":[{"Name":"Engine","Version":"24.0.7","Details":{"ApiVersion":"1.43","Arch":"amd64","BuildTime":"2023-10-26T09:08:02.000000000+00:00","Experimental":"false","GitCommit":"311b9ff","GoVersion":"go1.20.10","KernelVersion":"5.15.133.1-microsoft-standard-WSL2","MinAPIVersion":"1.12","Os":"linux"}},{"Name":"containerd","Version":"1.6.25","Details":{"GitCommit":"d8f198a4ed8892c764191ef7b3b06d8a2eeb5c7f"}},{"Name":"runc","Version":"1.1.10","Details":{"GitCommit":"v1.1.10-0-g18a0cb0"}},{"Name":"docker-init","Version":"0.19.0","Details":{"GitCommit":"de40ad0"}}],"Version":"24.0.7","ApiVersion":"1.43","MinAPIVersion":"1.12","GitCommit":"311b9ff","GoVersion":"go1.20.10","Os":"linux","Arch":"amd64","KernelVersion":"5.15.133.1-microsoft-standard-WSL2","BuildTime":"2023-10-26T09:08:02.000000000+00:00"}[\n]"
2024-06-12T14:28:21.844+03:00 DEBUG 12012 --- [URL Shortener] [           main] c.g.d.z.s.o.apache.hc.client5.http.wire  : http-outgoing-0 << "[\r][\n]"
2024-06-12T14:28:21.844+03:00 DEBUG 12012 --- [URL Shortener] [           main] c.g.d.z.s.o.apache.hc.client5.http.wire  : http-outgoing-0 << "0[\r][\n]"
2024-06-12T14:28:21.844+03:00 DEBUG 12012 --- [URL Shortener] [           main] c.g.d.z.s.o.apache.hc.client5.http.wire  : http-outgoing-0 << "[\r][\n]"
2024-06-12T14:28:21.845+03:00 DEBUG 12012 --- [URL Shortener] [           main] g.d.z.s.o.a.h.c.h.i.c.InternalHttpClient : ep-00000007: releasing valid endpoint
2024-06-12T14:28:21.845+03:00 DEBUG 12012 --- [URL Shortener] [           main] h.i.i.PoolingHttpClientConnectionManager : ep-00000007: releasing endpoint
2024-06-12T14:28:21.845+03:00 DEBUG 12012 --- [URL Shortener] [           main] h.i.i.PoolingHttpClientConnectionManager : ep-00000007: connection http-outgoing-0 can be kept alive for 3 MINUTES
2024-06-12T14:28:21.845+03:00 DEBUG 12012 --- [URL Shortener] [           main] h.i.i.PoolingHttpClientConnectionManager : ep-00000007: connection released [route: {}->npipe://localhost:2375][total available: 1; route allocated: 1 of 2147483647; total allocated: 1 of 2147483647]
2024-06-12T14:28:21.852+03:00 DEBUG 12012 --- [URL Shortener] [tream-230197018] g.d.z.s.o.a.h.c.h.i.c.InternalHttpClient : ex-00000009: preparing request execution
2024-06-12T14:28:21.853+03:00 DEBUG 12012 --- [URL Shortener] [tream-230197018] c.g.d.z.s.o.a.h.c.h.p.RequestAddCookies  : Cookie spec selected: strict
2024-06-12T14:28:21.853+03:00 DEBUG 12012 --- [URL Shortener] [tream-230197018] c.g.d.z.s.o.a.h.c.h.p.RequestAuthCache   : Auth cache not set in the context
2024-06-12T14:28:21.853+03:00 DEBUG 12012 --- [URL Shortener] [tream-230197018] c.g.d.z.s.o.a.h.c.h.i.c.ProtocolExec     : ex-00000009: target auth state: UNCHALLENGED
2024-06-12T14:28:21.853+03:00 DEBUG 12012 --- [URL Shortener] [tream-230197018] c.g.d.z.s.o.a.h.c.h.i.c.ProtocolExec     : ex-00000009: proxy auth state: UNCHALLENGED
2024-06-12T14:28:21.853+03:00 DEBUG 12012 --- [URL Shortener] [tream-230197018] c.g.d.z.s.o.a.h.c.h.i.c.ConnectExec      : ex-00000009: acquiring connection with route {}->npipe://localhost:2375
2024-06-12T14:28:21.853+03:00 DEBUG 12012 --- [URL Shortener] [tream-230197018] g.d.z.s.o.a.h.c.h.i.c.InternalHttpClient : ex-00000009: acquiring endpoint (3 MINUTES)
2024-06-12T14:28:21.853+03:00 DEBUG 12012 --- [URL Shortener] [tream-230197018] h.i.i.PoolingHttpClientConnectionManager : ex-00000009: endpoint lease request (3 MINUTES) [route: {}->npipe://localhost:2375][total available: 1; route allocated: 1 of 2147483647; total allocated: 1 of 2147483647]
2024-06-12T14:28:21.853+03:00 DEBUG 12012 --- [URL Shortener] [tream-230197018] h.i.i.PoolingHttpClientConnectionManager : ex-00000009: endpoint leased [route: {}->npipe://localhost:2375][total available: 0; route allocated: 1 of 2147483647; total allocated: 1 of 2147483647]
2024-06-12T14:28:21.853+03:00 DEBUG 12012 --- [URL Shortener] [tream-230197018] h.i.i.PoolingHttpClientConnectionManager : ex-00000009: acquired ep-00000008
2024-06-12T14:28:21.853+03:00 DEBUG 12012 --- [URL Shortener] [tream-230197018] g.d.z.s.o.a.h.c.h.i.c.InternalHttpClient : ex-00000009: acquired endpoint ep-00000008
2024-06-12T14:28:21.853+03:00 DEBUG 12012 --- [URL Shortener] [tream-230197018] c.g.d.z.s.o.a.h.c.h.i.c.MainClientExec   : ex-00000009: executing GET /v1.32/containers/225eb99d17d661219ad2f194367f015f0e80cefca92bf280139c902a7672eb19/logs?stdout=true&stderr=true&follow=true&since=0 HTTP/1.1
2024-06-12T14:28:21.853+03:00 DEBUG 12012 --- [URL Shortener] [tream-230197018] g.d.z.s.o.a.h.c.h.i.c.InternalHttpClient : ep-00000008: start execution ex-00000009
2024-06-12T14:28:21.853+03:00 DEBUG 12012 --- [URL Shortener] [tream-230197018] h.i.i.PoolingHttpClientConnectionManager : ep-00000008: executing exchange ex-00000009 over http-outgoing-0
2024-06-12T14:28:21.853+03:00 DEBUG 12012 --- [URL Shortener] [tream-230197018] c.g.d.z.s.o.a.hc.client5.http.headers    : http-outgoing-0 >> GET /v1.32/containers/225eb99d17d661219ad2f194367f015f0e80cefca92bf280139c902a7672eb19/logs?stdout=true&stderr=true&follow=true&since=0 HTTP/1.1
2024-06-12T14:28:21.853+03:00 DEBUG 12012 --- [URL Shortener] [tream-230197018] c.g.d.z.s.o.a.hc.client5.http.headers    : http-outgoing-0 >> x-tc-sid: 7171fa07-21e4-4858-9670-1c8520dc0b21
2024-06-12T14:28:21.853+03:00 DEBUG 12012 --- [URL Shortener] [tream-230197018] c.g.d.z.s.o.a.hc.client5.http.headers    : http-outgoing-0 >> User-Agent: tc-java/1.19.8
2024-06-12T14:28:21.853+03:00 DEBUG 12012 --- [URL Shortener] [tream-230197018] c.g.d.z.s.o.a.hc.client5.http.headers    : http-outgoing-0 >> Accept-Encoding: gzip, x-gzip, deflate
2024-06-12T14:28:21.853+03:00 DEBUG 12012 --- [URL Shortener] [tream-230197018] c.g.d.z.s.o.a.hc.client5.http.headers    : http-outgoing-0 >> Host: localhost:2375
2024-06-12T14:28:21.853+03:00 DEBUG 12012 --- [URL Shortener] [tream-230197018] c.g.d.z.s.o.a.hc.client5.http.headers    : http-outgoing-0 >> Connection: keep-alive
2024-06-12T14:28:21.853+03:00 DEBUG 12012 --- [URL Shortener] [tream-230197018] c.g.d.z.s.o.apache.hc.client5.http.wire  : http-outgoing-0 >> "GET /v1.32/containers/225eb99d17d661219ad2f194367f015f0e80cefca92bf280139c902a7672eb19/logs?stdout=true&stderr=true&follow=true&since=0 HTTP/1.1[\r][\n]"
2024-06-12T14:28:21.853+03:00 DEBUG 12012 --- [URL Shortener] [tream-230197018] c.g.d.z.s.o.apache.hc.client5.http.wire  : http-outgoing-0 >> "x-tc-sid: 7171fa07-21e4-4858-9670-1c8520dc0b21[\r][\n]"
2024-06-12T14:28:21.853+03:00 DEBUG 12012 --- [URL Shortener] [tream-230197018] c.g.d.z.s.o.apache.hc.client5.http.wire  : http-outgoing-0 >> "User-Agent: tc-java/1.19.8[\r][\n]"
2024-06-12T14:28:21.853+03:00 DEBUG 12012 --- [URL Shortener] [tream-230197018] c.g.d.z.s.o.apache.hc.client5.http.wire  : http-outgoing-0 >> "Accept-Encoding: gzip, x-gzip, deflate[\r][\n]"
2024-06-12T14:28:21.853+03:00 DEBUG 12012 --- [URL Shortener] [tream-230197018] c.g.d.z.s.o.apache.hc.client5.http.wire  : http-outgoing-0 >> "Host: localhost:2375[\r][\n]"
2024-06-12T14:28:21.853+03:00 DEBUG 12012 --- [URL Shortener] [tream-230197018] c.g.d.z.s.o.apache.hc.client5.http.wire  : http-outgoing-0 >> "Connection: keep-alive[\r][\n]"
2024-06-12T14:28:21.853+03:00 DEBUG 12012 --- [URL Shortener] [tream-230197018] c.g.d.z.s.o.apache.hc.client5.http.wire  : http-outgoing-0 >> "[\r][\n]"
2024-06-12T14:28:21.857+03:00 DEBUG 12012 --- [URL Shortener] [tream-230197018] c.g.d.z.s.o.apache.hc.client5.http.wire  : http-outgoing-0 << "HTTP/1.1 200 OK[\r][\n]"
2024-06-12T14:28:21.857+03:00 DEBUG 12012 --- [URL Shortener] [tream-230197018] c.g.d.z.s.o.apache.hc.client5.http.wire  : http-outgoing-0 << "Api-Version: 1.43[\r][\n]"
2024-06-12T14:28:21.857+03:00 DEBUG 12012 --- [URL Shortener] [tream-230197018] c.g.d.z.s.o.apache.hc.client5.http.wire  : http-outgoing-0 << "Content-Type: application/vnd.docker.raw-stream[\r][\n]"
2024-06-12T14:28:21.857+03:00 DEBUG 12012 --- [URL Shortener] [tream-230197018] c.g.d.z.s.o.apache.hc.client5.http.wire  : http-outgoing-0 << "Date: Wed, 12 Jun 2024 11:28:21 GMT[\r][\n]"
2024-06-12T14:28:21.857+03:00 DEBUG 12012 --- [URL Shortener] [tream-230197018] c.g.d.z.s.o.apache.hc.client5.http.wire  : http-outgoing-0 << "Docker-Experimental: false[\r][\n]"
2024-06-12T14:28:21.857+03:00 DEBUG 12012 --- [URL Shortener] [tream-230197018] c.g.d.z.s.o.apache.hc.client5.http.wire  : http-outgoing-0 << "Ostype: linux[\r][\n]"
2024-06-12T14:28:21.857+03:00 DEBUG 12012 --- [URL Shortener] [tream-230197018] c.g.d.z.s.o.apache.hc.client5.http.wire  : http-outgoing-0 << "Server: Docker/24.0.7 (linux)[\r][\n]"
2024-06-12T14:28:21.857+03:00 DEBUG 12012 --- [URL Shortener] [tream-230197018] c.g.d.z.s.o.apache.hc.client5.http.wire  : http-outgoing-0 << "Transfer-Encoding: chunked[\r][\n]"
2024-06-12T14:28:21.857+03:00 DEBUG 12012 --- [URL Shortener] [tream-230197018] c.g.d.z.s.o.apache.hc.client5.http.wire  : http-outgoing-0 << "[\r][\n]"
2024-06-12T14:28:21.857+03:00 DEBUG 12012 --- [URL Shortener] [tream-230197018] c.g.d.z.s.o.a.hc.client5.http.headers    : http-outgoing-0 << HTTP/1.1 200 OK
2024-06-12T14:28:21.857+03:00 DEBUG 12012 --- [URL Shortener] [tream-230197018] c.g.d.z.s.o.a.hc.client5.http.headers    : http-outgoing-0 << Api-Version: 1.43
2024-06-12T14:28:21.857+03:00 DEBUG 12012 --- [URL Shortener] [tream-230197018] c.g.d.z.s.o.a.hc.client5.http.headers    : http-outgoing-0 << Content-Type: application/vnd.docker.raw-stream
2024-06-12T14:28:21.857+03:00 DEBUG 12012 --- [URL Shortener] [tream-230197018] c.g.d.z.s.o.a.hc.client5.http.headers    : http-outgoing-0 << Date: Wed, 12 Jun 2024 11:28:21 GMT
2024-06-12T14:28:21.857+03:00 DEBUG 12012 --- [URL Shortener] [tream-230197018] c.g.d.z.s.o.a.hc.client5.http.headers    : http-outgoing-0 << Docker-Experimental: false
2024-06-12T14:28:21.857+03:00 DEBUG 12012 --- [URL Shortener] [tream-230197018] c.g.d.z.s.o.a.hc.client5.http.headers    : http-outgoing-0 << Ostype: linux
2024-06-12T14:28:21.857+03:00 DEBUG 12012 --- [URL Shortener] [tream-230197018] c.g.d.z.s.o.a.hc.client5.http.headers    : http-outgoing-0 << Server: Docker/24.0.7 (linux)
2024-06-12T14:28:21.857+03:00 DEBUG 12012 --- [URL Shortener] [tream-230197018] c.g.d.z.s.o.a.hc.client5.http.headers    : http-outgoing-0 << Transfer-Encoding: chunked
2024-06-12T14:28:21.857+03:00 DEBUG 12012 --- [URL Shortener] [tream-230197018] c.g.d.z.s.o.a.h.c.h.i.c.MainClientExec   : ex-00000009: connection can be kept alive for 3 MINUTES
2024-06-12T14:28:21.858+03:00 DEBUG 12012 --- [URL Shortener] [tream-230197018] c.g.d.z.s.o.apache.hc.client5.http.wire  : http-outgoing-0 << "c0[\r][\n]"
2024-06-12T14:28:21.858+03:00 DEBUG 12012 --- [URL Shortener] [tream-230197018] c.g.d.z.s.o.apache.hc.client5.http.wire  : http-outgoing-0 << "[0x2][0x0][0x0][0x0][0x0][0x0][0x0]&2024/06/12 11:28:21 Pinging Docker...[\n]"
2024-06-12T14:28:21.858+03:00 DEBUG 12012 --- [URL Shortener] [tream-230197018] c.g.d.z.s.o.apache.hc.client5.http.wire  : http-outgoing-0 << "[0x2][0x0][0x0][0x0][0x0][0x0][0x0]02024/06/12 11:28:21 Docker daemon is available![\n]"
2024-06-12T14:28:21.858+03:00 DEBUG 12012 --- [URL Shortener] [tream-230197018] c.g.d.z.s.o.apache.hc.client5.http.wire  : http-outgoing-0 << "[0x2][0x0][0x0][0x0][0x0][0x0][0x0]-2024/06/12 11:28:21 Starting on port 8080...[\n]"
2024-06-12T14:28:21.858+03:00 DEBUG 12012 --- [URL Shortener] [tream-230197018] c.g.d.z.s.o.apache.hc.client5.http.wire  : http-outgoing-0 << "[0x2][0x0][0x0][0x0][0x0][0x0][0x0][0x1d]2024/06/12 11:28:21 Started![\n]"
2024-06-12T14:28:21.858+03:00 DEBUG 12012 --- [URL Shortener] [tream-230197018] c.g.d.z.s.o.apache.hc.client5.http.wire  : http-outgoing-0 << "[\r][\n]"
2024-06-12T14:28:21.860+03:00 DEBUG 12012 --- [URL Shortener] [           main] o.t.containers.output.WaitingConsumer    : STDERR: 2024/06/12 11:28:21 Pinging Docker...
2024-06-12T14:28:21.860+03:00 DEBUG 12012 --- [URL Shortener] [           main] o.t.containers.output.WaitingConsumer    : STDERR: 2024/06/12 11:28:21 Started!
2024-06-12T14:28:21.861+03:00 DEBUG 12012 --- [URL Shortener] [           main] g.d.z.s.o.a.h.c.h.i.c.InternalHttpClient : ep-00000008: cancel
2024-06-12T14:28:21.862+03:00 DEBUG 12012 --- [URL Shortener] [           main] h.i.i.DefaultManagedHttpClientConnection : http-outgoing-0: close connection IMMEDIATE
2024-06-12T14:28:21.862+03:00 DEBUG 12012 --- [URL Shortener] [           main] g.d.z.s.o.a.h.c.h.i.c.InternalHttpClient : ep-00000008: endpoint closed
2024-06-12T14:28:21.862+03:00 DEBUG 12012 --- [URL Shortener] [           main] g.d.z.s.o.a.h.c.h.i.c.InternalHttpClient : ep-00000008: discarding endpoint
2024-06-12T14:28:21.862+03:00 DEBUG 12012 --- [URL Shortener] [           main] h.i.i.PoolingHttpClientConnectionManager : ep-00000008: releasing endpoint
2024-06-12T14:28:21.862+03:00 DEBUG 12012 --- [URL Shortener] [           main] h.i.i.PoolingHttpClientConnectionManager : ep-00000008: connection is not kept alive
2024-06-12T14:28:21.863+03:00 DEBUG 12012 --- [URL Shortener] [           main] h.i.i.PoolingHttpClientConnectionManager : ep-00000008: connection released [route: {}->npipe://localhost:2375][total available: 0; route allocated: 0 of 2147483647; total allocated: 0 of 2147483647]
2024-06-12T14:28:21.863+03:00 DEBUG 12012 --- [URL Shortener] [tream-230197018] c.g.d.z.s.o.apache.hc.client5.http.wire  : http-outgoing-0 << "end of stream"
2024-06-12T14:28:21.864+03:00 DEBUG 12012 --- [URL Shortener] [           main] c.g.d.z.s.o.apache.hc.client5.http.wire  : http-outgoing-0 << "[read] I/O error: java.nio.channels.ClosedChannelException"
2024-06-12T14:28:21.864+03:00 DEBUG 12012 --- [URL Shortener] [tream-230197018] c.g.d.z.s.o.apache.hc.client5.http.wire  : http-outgoing-0 << "[read] I/O error: java.nio.channels.ClosedChannelException"
2024-06-12T14:28:21.864+03:00 DEBUG 12012 --- [URL Shortener] [tream-230197018] pacheDockerHttpClientImpl$ApacheResponse : Failed to close the response

java.io.IOException: java.nio.channels.ClosedChannelException
	at java.base/java.nio.channels.Channels$1.read(Channels.java:166) ~[na:na]
	at com.github.dockerjava.zerodep.shaded.org.apache.hc.client5.http.impl.io.LoggingInputStream.read(LoggingInputStream.java:81) ~[docker-java-transport-zerodep-3.3.6.jar:na]
	at com.github.dockerjava.zerodep.shaded.org.apache.hc.core5.http.impl.io.SessionInputBufferImpl.fillBuffer(SessionInputBufferImpl.java:149) ~[docker-java-transport-zerodep-3.3.6.jar:na]
	at com.github.dockerjava.zerodep.shaded.org.apache.hc.core5.http.impl.io.SessionInputBufferImpl.readLine(SessionInputBufferImpl.java:280) ~[docker-java-transport-zerodep-3.3.6.jar:na]
	at com.github.dockerjava.zerodep.shaded.org.apache.hc.core5.http.impl.io.ChunkedInputStream.getChunkSize(ChunkedInputStream.java:261) ~[docker-java-transport-zerodep-3.3.6.jar:na]
	at com.github.dockerjava.zerodep.shaded.org.apache.hc.core5.http.impl.io.ChunkedInputStream.nextChunk(ChunkedInputStream.java:222) ~[docker-java-transport-zerodep-3.3.6.jar:na]
	at com.github.dockerjava.zerodep.shaded.org.apache.hc.core5.http.impl.io.ChunkedInputStream.read(ChunkedInputStream.java:147) ~[docker-java-transport-zerodep-3.3.6.jar:na]
	at com.github.dockerjava.zerodep.shaded.org.apache.hc.core5.http.impl.io.ChunkedInputStream.close(ChunkedInputStream.java:314) ~[docker-java-transport-zerodep-3.3.6.jar:na]
	at com.github.dockerjava.zerodep.shaded.org.apache.hc.core5.io.Closer.close(Closer.java:48) ~[docker-java-transport-zerodep-3.3.6.jar:na]
	at com.github.dockerjava.zerodep.shaded.org.apache.hc.core5.http.impl.io.IncomingHttpEntity.close(IncomingHttpEntity.java:111) ~[docker-java-transport-zerodep-3.3.6.jar:na]
	at com.github.dockerjava.zerodep.shaded.org.apache.hc.core5.http.io.entity.HttpEntityWrapper.close(HttpEntityWrapper.java:120) ~[docker-java-transport-zerodep-3.3.6.jar:na]
	at com.github.dockerjava.zerodep.shaded.org.apache.hc.core5.io.Closer.close(Closer.java:48) ~[docker-java-transport-zerodep-3.3.6.jar:na]
	at com.github.dockerjava.zerodep.shaded.org.apache.hc.core5.http.message.BasicClassicHttpResponse.close(BasicClassicHttpResponse.java:93) ~[docker-java-transport-zerodep-3.3.6.jar:na]
	at com.github.dockerjava.zerodep.shaded.org.apache.hc.client5.http.impl.classic.CloseableHttpResponse.close(CloseableHttpResponse.java:200) ~[docker-java-transport-zerodep-3.3.6.jar:na]
	at com.github.dockerjava.zerodep.ApacheDockerHttpClientImpl$ApacheResponse.close(ApacheDockerHttpClientImpl.java:271) ~[docker-java-transport-zerodep-3.3.6.jar:na]
	at org.testcontainers.shaded.com.github.dockerjava.core.DefaultInvocationBuilder.lambda$executeAndStream$1(DefaultInvocationBuilder.java:277) ~[testcontainers-1.19.8.jar:1.19.8]
	at java.base/java.lang.Thread.run(Thread.java:1583) ~[na:na]
Caused by: java.nio.channels.ClosedChannelException: null
	at java.base/sun.nio.ch.WindowsAsynchronousFileChannelImpl.implRead(WindowsAsynchronousFileChannelImpl.java:521) ~[na:na]
	at java.base/sun.nio.ch.AsynchronousFileChannelImpl.read(AsynchronousFileChannelImpl.java:229) ~[na:na]
	at com.github.dockerjava.transport.NamedPipeSocket$AsynchronousFileByteChannel.read(NamedPipeSocket.java:117) ~[docker-java-transport-3.3.6.jar:na]
	at java.base/java.nio.channels.Channels$1.read(Channels.java:164) ~[na:na]
	... 16 common frames omitted

2024-06-12T14:28:21.864+03:00 DEBUG 12012 --- [URL Shortener] [           main] pacheDockerHttpClientImpl$ApacheResponse : Failed to close the response

java.io.IOException: java.nio.channels.ClosedChannelException
	at java.base/java.nio.channels.Channels$1.read(Channels.java:166) ~[na:na]
	at com.github.dockerjava.zerodep.shaded.org.apache.hc.client5.http.impl.io.LoggingInputStream.read(LoggingInputStream.java:81) ~[docker-java-transport-zerodep-3.3.6.jar:na]
	at com.github.dockerjava.zerodep.shaded.org.apache.hc.core5.http.impl.io.SessionInputBufferImpl.fillBuffer(SessionInputBufferImpl.java:149) ~[docker-java-transport-zerodep-3.3.6.jar:na]
	at com.github.dockerjava.zerodep.shaded.org.apache.hc.core5.http.impl.io.SessionInputBufferImpl.readLine(SessionInputBufferImpl.java:280) ~[docker-java-transport-zerodep-3.3.6.jar:na]
	at com.github.dockerjava.zerodep.shaded.org.apache.hc.core5.http.impl.io.ChunkedInputStream.getChunkSize(ChunkedInputStream.java:261) ~[docker-java-transport-zerodep-3.3.6.jar:na]
	at com.github.dockerjava.zerodep.shaded.org.apache.hc.core5.http.impl.io.ChunkedInputStream.nextChunk(ChunkedInputStream.java:222) ~[docker-java-transport-zerodep-3.3.6.jar:na]
	at com.github.dockerjava.zerodep.shaded.org.apache.hc.core5.http.impl.io.ChunkedInputStream.read(ChunkedInputStream.java:147) ~[docker-java-transport-zerodep-3.3.6.jar:na]
	at com.github.dockerjava.zerodep.shaded.org.apache.hc.core5.http.impl.io.ChunkedInputStream.close(ChunkedInputStream.java:314) ~[docker-java-transport-zerodep-3.3.6.jar:na]
	at com.github.dockerjava.zerodep.shaded.org.apache.hc.core5.io.Closer.close(Closer.java:48) ~[docker-java-transport-zerodep-3.3.6.jar:na]
	at com.github.dockerjava.zerodep.shaded.org.apache.hc.core5.http.impl.io.IncomingHttpEntity.close(IncomingHttpEntity.java:111) ~[docker-java-transport-zerodep-3.3.6.jar:na]
	at com.github.dockerjava.zerodep.shaded.org.apache.hc.core5.http.io.entity.HttpEntityWrapper.close(HttpEntityWrapper.java:120) ~[docker-java-transport-zerodep-3.3.6.jar:na]
	at com.github.dockerjava.zerodep.shaded.org.apache.hc.core5.io.Closer.close(Closer.java:48) ~[docker-java-transport-zerodep-3.3.6.jar:na]
	at com.github.dockerjava.zerodep.shaded.org.apache.hc.core5.http.message.BasicClassicHttpResponse.close(BasicClassicHttpResponse.java:93) ~[docker-java-transport-zerodep-3.3.6.jar:na]
	at com.github.dockerjava.zerodep.shaded.org.apache.hc.client5.http.impl.classic.CloseableHttpResponse.close(CloseableHttpResponse.java:200) ~[docker-java-transport-zerodep-3.3.6.jar:na]
	at com.github.dockerjava.zerodep.ApacheDockerHttpClientImpl$ApacheResponse.close(ApacheDockerHttpClientImpl.java:271) ~[docker-java-transport-zerodep-3.3.6.jar:na]
	at org.testcontainers.shaded.com.github.dockerjava.core.DefaultInvocationBuilder.lambda$null$0(DefaultInvocationBuilder.java:272) ~[testcontainers-1.19.8.jar:1.19.8]
	at com.github.dockerjava.api.async.ResultCallbackTemplate.close(ResultCallbackTemplate.java:77) ~[docker-java-api-3.3.6.jar:na]
	at org.testcontainers.containers.output.FrameConsumerResultCallback.close(FrameConsumerResultCallback.java:69) ~[testcontainers-1.19.8.jar:1.19.8]
	at org.testcontainers.containers.wait.strategy.LogMessageWaitStrategy.waitUntilReady(LogMessageWaitStrategy.java:49) ~[testcontainers-1.19.8.jar:1.19.8]
	at org.testcontainers.containers.wait.strategy.AbstractWaitStrategy.waitUntilReady(AbstractWaitStrategy.java:52) ~[testcontainers-1.19.8.jar:1.19.8]
	at org.testcontainers.containers.GenericContainer.waitUntilContainerStarted(GenericContainer.java:909) ~[testcontainers-1.19.8.jar:na]
	at org.testcontainers.containers.GenericContainer.tryStart(GenericContainer.java:500) ~[testcontainers-1.19.8.jar:na]
	at org.testcontainers.containers.GenericContainer.lambda$doStart$0(GenericContainer.java:354) ~[testcontainers-1.19.8.jar:na]
	at org.rnorth.ducttape.unreliables.Unreliables.retryUntilSuccess(Unreliables.java:81) ~[duct-tape-1.0.8.jar:na]
	at org.testcontainers.containers.GenericContainer.doStart(GenericContainer.java:344) ~[testcontainers-1.19.8.jar:na]
	at org.testcontainers.containers.GenericContainer.start(GenericContainer.java:330) ~[testcontainers-1.19.8.jar:na]
	at org.testcontainers.utility.RyukResourceReaper.maybeStart(RyukResourceReaper.java:78) ~[testcontainers-1.19.8.jar:1.19.8]
	at org.testcontainers.utility.RyukResourceReaper.init(RyukResourceReaper.java:42) ~[testcontainers-1.19.8.jar:1.19.8]
	at org.testcontainers.DockerClientFactory.client(DockerClientFactory.java:232) ~[testcontainers-1.19.8.jar:1.19.8]
	at org.testcontainers.DockerClientFactory$1.getDockerClient(DockerClientFactory.java:106) ~[testcontainers-1.19.8.jar:1.19.8]
	at com.github.dockerjava.api.DockerClientDelegate.authConfig(DockerClientDelegate.java:109) ~[docker-java-api-3.3.6.jar:na]
	at org.testcontainers.containers.GenericContainer.start(GenericContainer.java:329) ~[testcontainers-1.19.8.jar:na]
	at org.testcontainers.junit.jupiter.TestcontainersExtension$StoreAdapter.start(TestcontainersExtension.java:242) ~[junit-jupiter-1.17.6.jar:na]
	at org.testcontainers.junit.jupiter.TestcontainersExtension$StoreAdapter.access$200(TestcontainersExtension.java:229) ~[junit-jupiter-1.17.6.jar:na]
	at org.testcontainers.junit.jupiter.TestcontainersExtension.lambda$null$1(TestcontainersExtension.java:56) ~[junit-jupiter-1.17.6.jar:na]
	at org.junit.platform.engine.support.store.NamespacedHierarchicalStore.lambda$getOrComputeIfAbsent$5(NamespacedHierarchicalStore.java:147) ~[junit-platform-engine-1.10.2.jar:1.10.2]
	at org.junit.platform.engine.support.store.NamespacedHierarchicalStore$MemoizingSupplier.computeValue(NamespacedHierarchicalStore.java:372) ~[junit-platform-engine-1.10.2.jar:1.10.2]
	at org.junit.platform.engine.support.store.NamespacedHierarchicalStore$MemoizingSupplier.get(NamespacedHierarchicalStore.java:361) ~[junit-platform-engine-1.10.2.jar:1.10.2]
	at org.junit.platform.engine.support.store.NamespacedHierarchicalStore$StoredValue.evaluate(NamespacedHierarchicalStore.java:308) ~[junit-platform-engine-1.10.2.jar:1.10.2]
	at org.junit.platform.engine.support.store.NamespacedHierarchicalStore$StoredValue.access$200(NamespacedHierarchicalStore.java:287) ~[junit-platform-engine-1.10.2.jar:1.10.2]
	at org.junit.platform.engine.support.store.NamespacedHierarchicalStore.getOrComputeIfAbsent(NamespacedHierarchicalStore.java:149) ~[junit-platform-engine-1.10.2.jar:1.10.2]
	at org.junit.jupiter.engine.execution.NamespaceAwareStore.lambda$getOrComputeIfAbsent$2(NamespaceAwareStore.java:57) ~[junit-jupiter-engine-5.10.2.jar:5.10.2]
	at org.junit.jupiter.engine.execution.NamespaceAwareStore.accessStore(NamespaceAwareStore.java:90) ~[junit-jupiter-engine-5.10.2.jar:5.10.2]
	at org.junit.jupiter.engine.execution.NamespaceAwareStore.getOrComputeIfAbsent(NamespaceAwareStore.java:57) ~[junit-jupiter-engine-5.10.2.jar:5.10.2]
	at org.testcontainers.junit.jupiter.TestcontainersExtension.lambda$beforeAll$2(TestcontainersExtension.java:56) ~[junit-jupiter-1.17.6.jar:na]
	at java.base/java.util.ArrayList.forEach(ArrayList.java:1596) ~[na:na]
	at org.testcontainers.junit.jupiter.TestcontainersExtension.beforeAll(TestcontainersExtension.java:55) ~[junit-jupiter-1.17.6.jar:na]
	at org.junit.jupiter.engine.descriptor.ClassBasedTestDescriptor.lambda$invokeBeforeAllCallbacks$12(ClassBasedTestDescriptor.java:396) ~[junit-jupiter-engine-5.10.2.jar:5.10.2]
	at org.junit.platform.engine.support.hierarchical.ThrowableCollector.execute(ThrowableCollector.java:73) ~[junit-platform-engine-1.10.2.jar:1.10.2]
	at org.junit.jupiter.engine.descriptor.ClassBasedTestDescriptor.invokeBeforeAllCallbacks(ClassBasedTestDescriptor.java:396) ~[junit-jupiter-engine-5.10.2.jar:5.10.2]
	at org.junit.jupiter.engine.descriptor.ClassBasedTestDescriptor.before(ClassBasedTestDescriptor.java:212) ~[junit-jupiter-engine-5.10.2.jar:5.10.2]
	at org.junit.jupiter.engine.descriptor.ClassBasedTestDescriptor.before(ClassBasedTestDescriptor.java:85) ~[junit-jupiter-engine-5.10.2.jar:5.10.2]
	at org.junit.platform.engine.support.hierarchical.NodeTestTask.lambda$executeRecursively$6(NodeTestTask.java:148) ~[junit-platform-engine-1.10.2.jar:1.10.2]
	at org.junit.platform.engine.support.hierarchical.ThrowableCollector.execute(ThrowableCollector.java:73) ~[junit-platform-engine-1.10.2.jar:1.10.2]
	at org.junit.platform.engine.support.hierarchical.NodeTestTask.lambda$executeRecursively$8(NodeTestTask.java:141) ~[junit-platform-engine-1.10.2.jar:1.10.2]
	at org.junit.platform.engine.support.hierarchical.Node.around(Node.java:137) ~[junit-platform-engine-1.10.2.jar:1.10.2]
	at org.junit.platform.engine.support.hierarchical.NodeTestTask.lambda$executeRecursively$9(NodeTestTask.java:139) ~[junit-platform-engine-1.10.2.jar:1.10.2]
	at org.junit.platform.engine.support.hierarchical.ThrowableCollector.execute(ThrowableCollector.java:73) ~[junit-platform-engine-1.10.2.jar:1.10.2]
	at org.junit.platform.engine.support.hierarchical.NodeTestTask.executeRecursively(NodeTestTask.java:138) ~[junit-platform-engine-1.10.2.jar:1.10.2]
	at org.junit.platform.engine.support.hierarchical.NodeTestTask.execute(NodeTestTask.java:95) ~[junit-platform-engine-1.10.2.jar:1.10.2]
	at java.base/java.util.ArrayList.forEach(ArrayList.java:1596) ~[na:na]
	at org.junit.platform.engine.support.hierarchical.SameThreadHierarchicalTestExecutorService.invokeAll(SameThreadHierarchicalTestExecutorService.java:41) ~[junit-platform-engine-1.10.2.jar:1.10.2]
	at org.junit.platform.engine.support.hierarchical.NodeTestTask.lambda$executeRecursively$6(NodeTestTask.java:155) ~[junit-platform-engine-1.10.2.jar:1.10.2]
	at org.junit.platform.engine.support.hierarchical.ThrowableCollector.execute(ThrowableCollector.java:73) ~[junit-platform-engine-1.10.2.jar:1.10.2]
	at org.junit.platform.engine.support.hierarchical.NodeTestTask.lambda$executeRecursively$8(NodeTestTask.java:141) ~[junit-platform-engine-1.10.2.jar:1.10.2]
	at org.junit.platform.engine.support.hierarchical.Node.around(Node.java:137) ~[junit-platform-engine-1.10.2.jar:1.10.2]
	at org.junit.platform.engine.support.hierarchical.NodeTestTask.lambda$executeRecursively$9(NodeTestTask.java:139) ~[junit-platform-engine-1.10.2.jar:1.10.2]
	at org.junit.platform.engine.support.hierarchical.ThrowableCollector.execute(ThrowableCollector.java:73) ~[junit-platform-engine-1.10.2.jar:1.10.2]
	at org.junit.platform.engine.support.hierarchical.NodeTestTask.executeRecursively(NodeTestTask.java:138) ~[junit-platform-engine-1.10.2.jar:1.10.2]
	at org.junit.platform.engine.support.hierarchical.NodeTestTask.execute(NodeTestTask.java:95) ~[junit-platform-engine-1.10.2.jar:1.10.2]
	at org.junit.platform.engine.support.hierarchical.SameThreadHierarchicalTestExecutorService.submit(SameThreadHierarchicalTestExecutorService.java:35) ~[junit-platform-engine-1.10.2.jar:1.10.2]
	at org.junit.platform.engine.support.hierarchical.HierarchicalTestExecutor.execute(HierarchicalTestExecutor.java:57) ~[junit-platform-engine-1.10.2.jar:1.10.2]
	at org.junit.platform.engine.support.hierarchical.HierarchicalTestEngine.execute(HierarchicalTestEngine.java:54) ~[junit-platform-engine-1.10.2.jar:1.10.2]
	at org.junit.platform.launcher.core.EngineExecutionOrchestrator.execute(EngineExecutionOrchestrator.java:198) ~[junit-platform-launcher-1.10.2.jar:1.10.2]
	at org.junit.platform.launcher.core.EngineExecutionOrchestrator.execute(EngineExecutionOrchestrator.java:169) ~[junit-platform-launcher-1.10.2.jar:1.10.2]
	at org.junit.platform.launcher.core.EngineExecutionOrchestrator.execute(EngineExecutionOrchestrator.java:93) ~[junit-platform-launcher-1.10.2.jar:1.10.2]
	at org.junit.platform.launcher.core.EngineExecutionOrchestrator.lambda$execute$0(EngineExecutionOrchestrator.java:58) ~[junit-platform-launcher-1.10.2.jar:1.10.2]
	at org.junit.platform.launcher.core.EngineExecutionOrchestrator.withInterceptedStreams(EngineExecutionOrchestrator.java:141) ~[junit-platform-launcher-1.10.2.jar:1.10.2]
	at org.junit.platform.launcher.core.EngineExecutionOrchestrator.execute(EngineExecutionOrchestrator.java:57) ~[junit-platform-launcher-1.10.2.jar:1.10.2]
	at org.junit.platform.launcher.core.DefaultLauncher.execute(DefaultLauncher.java:103) ~[junit-platform-launcher-1.10.2.jar:1.10.2]
	at org.junit.platform.launcher.core.DefaultLauncher.execute(DefaultLauncher.java:85) ~[junit-platform-launcher-1.10.2.jar:1.10.2]
	at org.junit.platform.launcher.core.DelegatingLauncher.execute(DelegatingLauncher.java:47) ~[junit-platform-launcher-1.10.2.jar:1.10.2]
	at org.apache.maven.surefire.junitplatform.LazyLauncher.execute(LazyLauncher.java:56) ~[surefire-junit-platform-3.2.5.jar:3.2.5]
	at org.apache.maven.surefire.junitplatform.JUnitPlatformProvider.execute(JUnitPlatformProvider.java:184) ~[surefire-junit-platform-3.2.5.jar:3.2.5]
	at org.apache.maven.surefire.junitplatform.JUnitPlatformProvider.invokeAllTests(JUnitPlatformProvider.java:148) ~[surefire-junit-platform-3.2.5.jar:3.2.5]
	at org.apache.maven.surefire.junitplatform.JUnitPlatformProvider.invoke(JUnitPlatformProvider.java:122) ~[surefire-junit-platform-3.2.5.jar:3.2.5]
	at org.apache.maven.surefire.booter.ForkedBooter.runSuitesInProcess(ForkedBooter.java:385) ~[surefire-booter-3.2.5.jar:3.2.5]
	at org.apache.maven.surefire.booter.ForkedBooter.execute(ForkedBooter.java:162) ~[surefire-booter-3.2.5.jar:3.2.5]
	at org.apache.maven.surefire.booter.ForkedBooter.run(ForkedBooter.java:507) ~[surefire-booter-3.2.5.jar:3.2.5]
	at org.apache.maven.surefire.booter.ForkedBooter.main(ForkedBooter.java:495) ~[surefire-booter-3.2.5.jar:3.2.5]
Caused by: java.nio.channels.ClosedChannelException: null
	at java.base/sun.nio.ch.WindowsAsynchronousFileChannelImpl.implRead(WindowsAsynchronousFileChannelImpl.java:521) ~[na:na]
	at java.base/sun.nio.ch.AsynchronousFileChannelImpl.read(AsynchronousFileChannelImpl.java:229) ~[na:na]
	at com.github.dockerjava.transport.NamedPipeSocket$AsynchronousFileByteChannel.read(NamedPipeSocket.java:117) ~[docker-java-transport-3.3.6.jar:na]
	at java.base/java.nio.channels.Channels$1.read(Channels.java:164) ~[na:na]
	... 89 common frames omitted

2024-06-12T14:28:21.865+03:00  INFO 12012 --- [URL Shortener] [           main] tc.testcontainers/ryuk:0.7.0             : Container testcontainers/ryuk:0.7.0 started in PT0.7069868S
2024-06-12T14:28:21.869+03:00 DEBUG 12012 --- [URL Shortener] [containers-ryuk] o.testcontainers.utility.ResourceReaper  : Sending 'label=org.testcontainers%3Dtrue&label=org.testcontainers.lang%3Djava&label=org.testcontainers.version%3D1.19.8&label=org.testcontainers.sessionId%3D7171fa07-21e4-4858-9670-1c8520dc0b21' to Ryuk
2024-06-12T14:28:21.871+03:00 DEBUG 12012 --- [URL Shortener] [containers-ryuk] o.t.utility.RyukResourceReaper           : Received 'ACK' from Ryuk
2024-06-12T14:28:21.871+03:00  INFO 12012 --- [URL Shortener] [           main] o.t.utility.RyukResourceReaper           : Ryuk started - will monitor and terminate Testcontainers containers on JVM exit
2024-06-12T14:28:21.871+03:00 DEBUG 12012 --- [URL Shortener] [           main] org.testcontainers.DockerClientFactory   : Checks are enabled
2024-06-12T14:28:21.871+03:00  INFO 12012 --- [URL Shortener] [           main] org.testcontainers.DockerClientFactory   : Checking the system...
2024-06-12T14:28:21.872+03:00  INFO 12012 --- [URL Shortener] [           main] org.testcontainers.DockerClientFactory   : ✔︎ Docker server version should be at least 1.6.0
2024-06-12T14:28:21.873+03:00 DEBUG 12012 --- [URL Shortener] [           main] o.t.u.PrefixingImageNameSubstitutor      : No prefix is configured
2024-06-12T14:28:21.873+03:00 DEBUG 12012 --- [URL Shortener] [           main] o.t.utility.ImageNameSubstitutor         : Did not find a substitute image for postgres:latest (using image substitutor: DefaultImageNameSubstitutor (composite of 'ConfigurationFileImageNameSubstitutor' and 'PrefixingImageNameSubstitutor'))
2024-06-12T14:28:21.873+03:00 DEBUG 12012 --- [URL Shortener] [           main] o.t.images.AbstractImagePullPolicy       : Using locally available and not pulling image: postgres:latest
2024-06-12T14:28:21.873+03:00 DEBUG 12012 --- [URL Shortener] [           main] tc.postgres:latest                       : Starting container: postgres:latest
2024-06-12T14:28:21.873+03:00 DEBUG 12012 --- [URL Shortener] [           main] tc.postgres:latest                       : Trying to start container: postgres:latest (attempt 1/1)
2024-06-12T14:28:21.873+03:00 DEBUG 12012 --- [URL Shortener] [           main] tc.postgres:latest                       : Starting container: postgres:latest
2024-06-12T14:28:21.873+03:00  INFO 12012 --- [URL Shortener] [           main] tc.postgres:latest                       : Creating container for image: postgres:latest
2024-06-12T14:28:21.873+03:00 DEBUG 12012 --- [URL Shortener] [           main] o.t.utility.RegistryAuthLocator          : Looking up auth config for image: postgres:latest at registry: https://index.docker.io/v1/
2024-06-12T14:28:21.873+03:00 DEBUG 12012 --- [URL Shortener] [           main] o.t.utility.RegistryAuthLocator          : No matching Auth Configs - falling back to defaultAuthConfig [null]
2024-06-12T14:28:21.873+03:00 DEBUG 12012 --- [URL Shortener] [           main] o.t.d.AuthDelegatingDockerClientConfig   : Effective auth config [null]
2024-06-12T14:28:21.874+03:00 DEBUG 12012 --- [URL Shortener] [           main] o.t.s.c.g.d.core.command.AbstrDockerCmd  : Cmd: org.testcontainers.shaded.com.github.dockerjava.core.command.CreateContainerCmdImpl@3130ca39[aliases=<null>,argsEscaped=<null>,attachStderr=<null>,attachStdin=<null>,attachStdout=<null>,authConfig=<null>,cmd={postgres,-c,fsync=off},domainName=<null>,entrypoint=<null>,env={POSTGRES_USER=testuser,POSTGRES_PASSWORD=testpass,POSTGRES_DB=testdb},exposedPorts=ExposedPorts(exposedPorts=[5432/tcp]),healthcheck=<null>,hostConfig=HostConfig(binds=[], blkioWeight=null, blkioWeightDevice=null, blkioDeviceReadBps=null, blkioDeviceWriteBps=null, blkioDeviceReadIOps=null, blkioDeviceWriteIOps=null, memorySwappiness=null, nanoCPUs=null, capAdd=null, capDrop=null, containerIDFile=null, cpuPeriod=null, cpuRealtimePeriod=null, cpuRealtimeRuntime=null, cpuShares=null, cpuQuota=null, cpusetCpus=null, cpusetMems=null, devices=null, deviceCgroupRules=null, deviceRequests=null, diskQuota=null, dns=null, dnsOptions=null, dnsSearch=null, extraHosts=[], groupAdd=null, ipcMode=null, cgroup=null, links=[], logConfig=LogConfig(type=null, config=null), lxcConf=null, memory=null, memorySwap=null, memoryReservation=null, kernelMemory=null, networkMode=null, oomKillDisable=null, init=null, autoRemove=null, oomScoreAdj=null, portBindings={5432/tcp=[Lcom.github.dockerjava.api.model.Ports$Binding;@58ad0586}, privileged=null, publishAllPorts=null, readonlyRootfs=null, restartPolicy=null, ulimits=null, cpuCount=null, cpuPercent=null, ioMaximumIOps=null, ioMaximumBandwidth=null, volumesFrom=[], mounts=null, pidMode=null, isolation=null, securityOpts=null, storageOpt=null, cgroupParent=null, volumeDriver=null, shmSize=null, pidsLimit=null, runtime=null, tmpFs=null, utSMode=null, usernsMode=null, sysctls=null, consoleSize=null, cgroupnsMode=null),hostName=<null>,image=postgres:latest,ipv4Address=<null>,ipv6Address=<null>,labels={org.testcontainers=true, org.testcontainers.lang=java, org.testcontainers.version=1.19.8, org.testcontainers.sessionId=7171fa07-21e4-4858-9670-1c8520dc0b21},macAddress=<null>,name=<null>,networkDisabled=<null>,networkingConfig=<null>,onBuild=<null>,platform=<null>,portSpecs=<null>,shell=<null>,stdInOnce=<null>,stdinOpen=<null>,stopSignal=<null>,stopTimeout=<null>,tty=<null>,user=<null>,volumes=Volumes(volumes=[]),workingDir=<null>]
2024-06-12T14:28:21.877+03:00 DEBUG 12012 --- [URL Shortener] [           main] g.d.z.s.o.a.h.c.h.i.c.InternalHttpClient : ex-0000000A: preparing request execution
2024-06-12T14:28:21.877+03:00 DEBUG 12012 --- [URL Shortener] [           main] c.g.d.z.s.o.a.h.c.h.p.RequestAddCookies  : Cookie spec selected: strict
2024-06-12T14:28:21.877+03:00 DEBUG 12012 --- [URL Shortener] [           main] c.g.d.z.s.o.a.h.c.h.p.RequestAuthCache   : Auth cache not set in the context
2024-06-12T14:28:21.877+03:00 DEBUG 12012 --- [URL Shortener] [           main] c.g.d.z.s.o.a.h.c.h.i.c.ProtocolExec     : ex-0000000A: target auth state: UNCHALLENGED
2024-06-12T14:28:21.877+03:00 DEBUG 12012 --- [URL Shortener] [           main] c.g.d.z.s.o.a.h.c.h.i.c.ProtocolExec     : ex-0000000A: proxy auth state: UNCHALLENGED
2024-06-12T14:28:21.877+03:00 DEBUG 12012 --- [URL Shortener] [           main] c.g.d.z.s.o.a.h.c.h.i.c.ConnectExec      : ex-0000000A: acquiring connection with route {}->npipe://localhost:2375
2024-06-12T14:28:21.877+03:00 DEBUG 12012 --- [URL Shortener] [           main] g.d.z.s.o.a.h.c.h.i.c.InternalHttpClient : ex-0000000A: acquiring endpoint (3 MINUTES)
2024-06-12T14:28:21.877+03:00 DEBUG 12012 --- [URL Shortener] [           main] h.i.i.PoolingHttpClientConnectionManager : ex-0000000A: endpoint lease request (3 MINUTES) [route: {}->npipe://localhost:2375][total available: 0; route allocated: 0 of 2147483647; total allocated: 0 of 2147483647]
2024-06-12T14:28:21.877+03:00 DEBUG 12012 --- [URL Shortener] [           main] h.i.i.PoolingHttpClientConnectionManager : ex-0000000A: endpoint leased [route: {}->npipe://localhost:2375][total available: 0; route allocated: 1 of 2147483647; total allocated: 1 of 2147483647]
2024-06-12T14:28:21.877+03:00 DEBUG 12012 --- [URL Shortener] [           main] h.i.i.PoolingHttpClientConnectionManager : ex-0000000A: acquired ep-00000009
2024-06-12T14:28:21.877+03:00 DEBUG 12012 --- [URL Shortener] [           main] g.d.z.s.o.a.h.c.h.i.c.InternalHttpClient : ex-0000000A: acquired endpoint ep-00000009
2024-06-12T14:28:21.877+03:00 DEBUG 12012 --- [URL Shortener] [           main] c.g.d.z.s.o.a.h.c.h.i.c.ConnectExec      : ex-0000000A: opening connection {}->npipe://localhost:2375
2024-06-12T14:28:21.877+03:00 DEBUG 12012 --- [URL Shortener] [           main] g.d.z.s.o.a.h.c.h.i.c.InternalHttpClient : ep-00000009: connecting endpoint (3 MINUTES)
2024-06-12T14:28:21.877+03:00 DEBUG 12012 --- [URL Shortener] [           main] h.i.i.PoolingHttpClientConnectionManager : ep-00000009: connecting endpoint to npipe://localhost:2375 (3 MINUTES)
2024-06-12T14:28:21.878+03:00 DEBUG 12012 --- [URL Shortener] [           main] .i.i.DefaultHttpClientConnectionOperator : http-outgoing-1: connecting to localhost/127.0.0.1:2375
2024-06-12T14:28:21.878+03:00 DEBUG 12012 --- [URL Shortener] [           main] .i.i.DefaultHttpClientConnectionOperator : http-outgoing-1: connection established 
2024-06-12T14:28:21.878+03:00 DEBUG 12012 --- [URL Shortener] [           main] h.i.i.PoolingHttpClientConnectionManager : ep-00000009: connected http-outgoing-1
2024-06-12T14:28:21.878+03:00 DEBUG 12012 --- [URL Shortener] [           main] g.d.z.s.o.a.h.c.h.i.c.InternalHttpClient : ep-00000009: endpoint connected
2024-06-12T14:28:21.878+03:00 DEBUG 12012 --- [URL Shortener] [           main] c.g.d.z.s.o.a.h.c.h.i.c.MainClientExec   : ex-0000000A: executing POST /v1.32/containers/create HTTP/1.1
2024-06-12T14:28:21.878+03:00 DEBUG 12012 --- [URL Shortener] [           main] g.d.z.s.o.a.h.c.h.i.c.InternalHttpClient : ep-00000009: start execution ex-0000000A
2024-06-12T14:28:21.878+03:00 DEBUG 12012 --- [URL Shortener] [           main] h.i.i.PoolingHttpClientConnectionManager : ep-00000009: executing exchange ex-0000000A over http-outgoing-1
2024-06-12T14:28:21.879+03:00 DEBUG 12012 --- [URL Shortener] [           main] c.g.d.z.s.o.a.hc.client5.http.headers    : http-outgoing-1 >> POST /v1.32/containers/create HTTP/1.1
2024-06-12T14:28:21.879+03:00 DEBUG 12012 --- [URL Shortener] [           main] c.g.d.z.s.o.a.hc.client5.http.headers    : http-outgoing-1 >> accept: application/json
2024-06-12T14:28:21.879+03:00 DEBUG 12012 --- [URL Shortener] [           main] c.g.d.z.s.o.a.hc.client5.http.headers    : http-outgoing-1 >> content-type: application/json
2024-06-12T14:28:21.879+03:00 DEBUG 12012 --- [URL Shortener] [           main] c.g.d.z.s.o.a.hc.client5.http.headers    : http-outgoing-1 >> x-tc-sid: 7171fa07-21e4-4858-9670-1c8520dc0b21
2024-06-12T14:28:21.879+03:00 DEBUG 12012 --- [URL Shortener] [           main] c.g.d.z.s.o.a.hc.client5.http.headers    : http-outgoing-1 >> User-Agent: tc-java/1.19.8
2024-06-12T14:28:21.879+03:00 DEBUG 12012 --- [URL Shortener] [           main] c.g.d.z.s.o.a.hc.client5.http.headers    : http-outgoing-1 >> Accept-Encoding: gzip, x-gzip, deflate
2024-06-12T14:28:21.879+03:00 DEBUG 12012 --- [URL Shortener] [           main] c.g.d.z.s.o.a.hc.client5.http.headers    : http-outgoing-1 >> Content-Length: 2069
2024-06-12T14:28:21.879+03:00 DEBUG 12012 --- [URL Shortener] [           main] c.g.d.z.s.o.a.hc.client5.http.headers    : http-outgoing-1 >> Host: localhost:2375
2024-06-12T14:28:21.879+03:00 DEBUG 12012 --- [URL Shortener] [           main] c.g.d.z.s.o.a.hc.client5.http.headers    : http-outgoing-1 >> Connection: keep-alive
2024-06-12T14:28:21.879+03:00 DEBUG 12012 --- [URL Shortener] [           main] c.g.d.z.s.o.apache.hc.client5.http.wire  : http-outgoing-1 >> "POST /v1.32/containers/create HTTP/1.1[\r][\n]"
2024-06-12T14:28:21.879+03:00 DEBUG 12012 --- [URL Shortener] [           main] c.g.d.z.s.o.apache.hc.client5.http.wire  : http-outgoing-1 >> "accept: application/json[\r][\n]"
2024-06-12T14:28:21.879+03:00 DEBUG 12012 --- [URL Shortener] [           main] c.g.d.z.s.o.apache.hc.client5.http.wire  : http-outgoing-1 >> "content-type: application/json[\r][\n]"
2024-06-12T14:28:21.879+03:00 DEBUG 12012 --- [URL Shortener] [           main] c.g.d.z.s.o.apache.hc.client5.http.wire  : http-outgoing-1 >> "x-tc-sid: 7171fa07-21e4-4858-9670-1c8520dc0b21[\r][\n]"
2024-06-12T14:28:21.879+03:00 DEBUG 12012 --- [URL Shortener] [           main] c.g.d.z.s.o.apache.hc.client5.http.wire  : http-outgoing-1 >> "User-Agent: tc-java/1.19.8[\r][\n]"
2024-06-12T14:28:21.879+03:00 DEBUG 12012 --- [URL Shortener] [           main] c.g.d.z.s.o.apache.hc.client5.http.wire  : http-outgoing-1 >> "Accept-Encoding: gzip, x-gzip, deflate[\r][\n]"
2024-06-12T14:28:21.879+03:00 DEBUG 12012 --- [URL Shortener] [           main] c.g.d.z.s.o.apache.hc.client5.http.wire  : http-outgoing-1 >> "Content-Length: 2069[\r][\n]"
2024-06-12T14:28:21.879+03:00 DEBUG 12012 --- [URL Shortener] [           main] c.g.d.z.s.o.apache.hc.client5.http.wire  : http-outgoing-1 >> "Host: localhost:2375[\r][\n]"
2024-06-12T14:28:21.879+03:00 DEBUG 12012 --- [URL Shortener] [           main] c.g.d.z.s.o.apache.hc.client5.http.wire  : http-outgoing-1 >> "Connection: keep-alive[\r][\n]"
2024-06-12T14:28:21.879+03:00 DEBUG 12012 --- [URL Shortener] [           main] c.g.d.z.s.o.apache.hc.client5.http.wire  : http-outgoing-1 >> "[\r][\n]"
2024-06-12T14:28:21.880+03:00 DEBUG 12012 --- [URL Shortener] [           main] c.g.d.z.s.o.apache.hc.client5.http.wire  : http-outgoing-1 >> "{"Hostname":null,"Domainname":null,"User":null,"AttachStdin":null,"AttachStdout":null,"AttachStderr":null,"PortSpecs":null,"Tty":null,"OpenStdin":null,"StdinOnce":null,"Env":["POSTGRES_USER=testuser","POSTGRES_PASSWORD=testpass","POSTGRES_DB=testdb"],"Cmd":["postgres","-c","fsync=off"],"Healthcheck":null,"ArgsEscaped":null,"Entrypoint":null,"Image":"postgres:latest","Volumes":{},"WorkingDir":null,"MacAddress":null,"OnBuild":null,"NetworkDisabled":null,"ExposedPorts":{"5432/tcp":{}},"StopSignal":null,"StopTimeout":null,"HostConfig":{"Binds":[],"BlkioWeight":null,"BlkioWeightDevice":null,"BlkioDeviceReadBps":null,"BlkioDeviceWriteBps":null,"BlkioDeviceReadIOps":null,"BlkioDeviceWriteIOps":null,"MemorySwappiness":null,"NanoCpus":null,"CapAdd":null,"CapDrop":null,"ContainerIDFile":null,"CpuPeriod":null,"CpuRealtimePeriod":null,"CpuRealtimeRuntime":null,"CpuShares":null,"CpuQuota":null,"CpusetCpus":null,"CpusetMems":null,"Devices":null,"DeviceCgroupRules":null,"DeviceRequests":null,"DiskQuota":null,"Dns":null,"DnsOptions":null,"DnsSearch":null,"ExtraHosts":[],"GroupAdd":null,"IpcMode":null,"Cgroup":null,"Links":[],"LogConfig":null,"LxcConf":null,"Memory":null,"MemorySwap":null,"MemoryReservation":null,"KernelMemory":null,"NetworkMode":null,"OomKillDisable":null,"Init":null,"AutoRemove":null,"OomScoreAdj":null,"PortBindings":{"5432/tcp":[{"HostIp":"","HostPort":""}]},"Privileged":null,"PublishAllPorts":null,"ReadonlyRootfs":null,"RestartPolicy":null,"Ulimits":null,"CpuCount":null,"CpuPercent":null,"IOMaximumIOps":null,"IOMaximumBandwidth":null,"VolumesFrom":[],"Mounts":null,"PidMode":null,"Isolation":null,"SecurityOpt":null,"StorageOpt":null,"CgroupParent":null,"VolumeDriver":null,"ShmSize":null,"PidsLimit":null,"Runtime":null,"Tmpfs":null,"UTSMode":null,"UsernsMode":null,"Sysctls":null,"ConsoleSize":null,"CgroupnsMode":null},"Labels":{"org.testcontainers":"true","org.testcontainers.lang":"java","org.testcontainers.version":"1.19.8","org.testcontainers.sessionId":"7171fa07-21e4-4858-9670-1c8520dc0b21"},"Shell":null,"NetworkingConfig":null}"
2024-06-12T14:28:21.940+03:00 DEBUG 12012 --- [URL Shortener] [           main] c.g.d.z.s.o.apache.hc.client5.http.wire  : http-outgoing-1 << "HTTP/1.1 201 Created[\r][\n]"
2024-06-12T14:28:21.941+03:00 DEBUG 12012 --- [URL Shortener] [           main] c.g.d.z.s.o.apache.hc.client5.http.wire  : http-outgoing-1 << "Api-Version: 1.43[\r][\n]"
2024-06-12T14:28:21.941+03:00 DEBUG 12012 --- [URL Shortener] [           main] c.g.d.z.s.o.apache.hc.client5.http.wire  : http-outgoing-1 << "Content-Type: application/json[\r][\n]"
2024-06-12T14:28:21.941+03:00 DEBUG 12012 --- [URL Shortener] [           main] c.g.d.z.s.o.apache.hc.client5.http.wire  : http-outgoing-1 << "Date: Wed, 12 Jun 2024 11:28:21 GMT[\r][\n]"
2024-06-12T14:28:21.941+03:00 DEBUG 12012 --- [URL Shortener] [           main] c.g.d.z.s.o.apache.hc.client5.http.wire  : http-outgoing-1 << "Docker-Experimental: false[\r][\n]"
2024-06-12T14:28:21.941+03:00 DEBUG 12012 --- [URL Shortener] [           main] c.g.d.z.s.o.apache.hc.client5.http.wire  : http-outgoing-1 << "Ostype: linux[\r][\n]"
2024-06-12T14:28:21.941+03:00 DEBUG 12012 --- [URL Shortener] [           main] c.g.d.z.s.o.apache.hc.client5.http.wire  : http-outgoing-1 << "Server: Docker/24.0.7 (linux)[\r][\n]"
2024-06-12T14:28:21.941+03:00 DEBUG 12012 --- [URL Shortener] [           main] c.g.d.z.s.o.apache.hc.client5.http.wire  : http-outgoing-1 << "Transfer-Encoding: chunked[\r][\n]"
2024-06-12T14:28:21.941+03:00 DEBUG 12012 --- [URL Shortener] [           main] c.g.d.z.s.o.apache.hc.client5.http.wire  : http-outgoing-1 << "[\r][\n]"
2024-06-12T14:28:21.941+03:00 DEBUG 12012 --- [URL Shortener] [           main] c.g.d.z.s.o.a.hc.client5.http.headers    : http-outgoing-1 << HTTP/1.1 201 Created
2024-06-12T14:28:21.941+03:00 DEBUG 12012 --- [URL Shortener] [           main] c.g.d.z.s.o.a.hc.client5.http.headers    : http-outgoing-1 << Api-Version: 1.43
2024-06-12T14:28:21.941+03:00 DEBUG 12012 --- [URL Shortener] [           main] c.g.d.z.s.o.a.hc.client5.http.headers    : http-outgoing-1 << Content-Type: application/json
2024-06-12T14:28:21.941+03:00 DEBUG 12012 --- [URL Shortener] [           main] c.g.d.z.s.o.a.hc.client5.http.headers    : http-outgoing-1 << Date: Wed, 12 Jun 2024 11:28:21 GMT
2024-06-12T14:28:21.941+03:00 DEBUG 12012 --- [URL Shortener] [           main] c.g.d.z.s.o.a.hc.client5.http.headers    : http-outgoing-1 << Docker-Experimental: false
2024-06-12T14:28:21.941+03:00 DEBUG 12012 --- [URL Shortener] [           main] c.g.d.z.s.o.a.hc.client5.http.headers    : http-outgoing-1 << Ostype: linux
2024-06-12T14:28:21.941+03:00 DEBUG 12012 --- [URL Shortener] [           main] c.g.d.z.s.o.a.hc.client5.http.headers    : http-outgoing-1 << Server: Docker/24.0.7 (linux)
2024-06-12T14:28:21.941+03:00 DEBUG 12012 --- [URL Shortener] [           main] c.g.d.z.s.o.a.hc.client5.http.headers    : http-outgoing-1 << Transfer-Encoding: chunked
2024-06-12T14:28:21.941+03:00 DEBUG 12012 --- [URL Shortener] [           main] c.g.d.z.s.o.a.h.c.h.i.c.MainClientExec   : ex-0000000A: connection can be kept alive for 3 MINUTES
2024-06-12T14:28:21.942+03:00 DEBUG 12012 --- [URL Shortener] [           main] c.g.d.z.s.o.apache.hc.client5.http.wire  : http-outgoing-1 << "58[\r][\n]"
2024-06-12T14:28:21.942+03:00 DEBUG 12012 --- [URL Shortener] [           main] c.g.d.z.s.o.apache.hc.client5.http.wire  : http-outgoing-1 << "{"Id":"ab4a4bbf68160b73442767e8f34c7603fb40a4eff7b1d8ad84334704fc448da2","Warnings":[]}[\n]"
2024-06-12T14:28:21.942+03:00 DEBUG 12012 --- [URL Shortener] [           main] c.g.d.z.s.o.apache.hc.client5.http.wire  : http-outgoing-1 << "[\r][\n]"
2024-06-12T14:28:21.942+03:00 DEBUG 12012 --- [URL Shortener] [           main] c.g.d.z.s.o.apache.hc.client5.http.wire  : http-outgoing-1 << "0[\r][\n]"
2024-06-12T14:28:21.942+03:00 DEBUG 12012 --- [URL Shortener] [           main] c.g.d.z.s.o.apache.hc.client5.http.wire  : http-outgoing-1 << "[\r][\n]"
2024-06-12T14:28:21.942+03:00 DEBUG 12012 --- [URL Shortener] [           main] g.d.z.s.o.a.h.c.h.i.c.InternalHttpClient : ep-00000009: releasing valid endpoint
2024-06-12T14:28:21.942+03:00 DEBUG 12012 --- [URL Shortener] [           main] h.i.i.PoolingHttpClientConnectionManager : ep-00000009: releasing endpoint
2024-06-12T14:28:21.942+03:00 DEBUG 12012 --- [URL Shortener] [           main] h.i.i.PoolingHttpClientConnectionManager : ep-00000009: connection http-outgoing-1 can be kept alive for 3 MINUTES
2024-06-12T14:28:21.942+03:00 DEBUG 12012 --- [URL Shortener] [           main] h.i.i.PoolingHttpClientConnectionManager : ep-00000009: connection released [route: {}->npipe://localhost:2375][total available: 1; route allocated: 1 of 2147483647; total allocated: 1 of 2147483647]
2024-06-12T14:28:21.942+03:00  INFO 12012 --- [URL Shortener] [           main] tc.postgres:latest                       : Container postgres:latest is starting: ab4a4bbf68160b73442767e8f34c7603fb40a4eff7b1d8ad84334704fc448da2
2024-06-12T14:28:21.942+03:00 DEBUG 12012 --- [URL Shortener] [           main] o.t.s.c.g.d.core.command.AbstrDockerCmd  : Cmd: ab4a4bbf68160b73442767e8f34c7603fb40a4eff7b1d8ad84334704fc448da2
2024-06-12T14:28:21.942+03:00 DEBUG 12012 --- [URL Shortener] [           main] g.d.z.s.o.a.h.c.h.i.c.InternalHttpClient : ex-0000000B: preparing request execution
2024-06-12T14:28:21.942+03:00 DEBUG 12012 --- [URL Shortener] [           main] c.g.d.z.s.o.a.h.c.h.p.RequestAddCookies  : Cookie spec selected: strict
2024-06-12T14:28:21.942+03:00 DEBUG 12012 --- [URL Shortener] [           main] c.g.d.z.s.o.a.h.c.h.p.RequestAuthCache   : Auth cache not set in the context
2024-06-12T14:28:21.942+03:00 DEBUG 12012 --- [URL Shortener] [           main] c.g.d.z.s.o.a.h.c.h.i.c.ProtocolExec     : ex-0000000B: target auth state: UNCHALLENGED
2024-06-12T14:28:21.943+03:00 DEBUG 12012 --- [URL Shortener] [           main] c.g.d.z.s.o.a.h.c.h.i.c.ProtocolExec     : ex-0000000B: proxy auth state: UNCHALLENGED
2024-06-12T14:28:21.943+03:00 DEBUG 12012 --- [URL Shortener] [           main] c.g.d.z.s.o.a.h.c.h.i.c.ConnectExec      : ex-0000000B: acquiring connection with route {}->npipe://localhost:2375
2024-06-12T14:28:21.943+03:00 DEBUG 12012 --- [URL Shortener] [           main] g.d.z.s.o.a.h.c.h.i.c.InternalHttpClient : ex-0000000B: acquiring endpoint (3 MINUTES)
2024-06-12T14:28:21.943+03:00 DEBUG 12012 --- [URL Shortener] [           main] h.i.i.PoolingHttpClientConnectionManager : ex-0000000B: endpoint lease request (3 MINUTES) [route: {}->npipe://localhost:2375][total available: 1; route allocated: 1 of 2147483647; total allocated: 1 of 2147483647]
2024-06-12T14:28:21.943+03:00 DEBUG 12012 --- [URL Shortener] [           main] h.i.i.PoolingHttpClientConnectionManager : ex-0000000B: endpoint leased [route: {}->npipe://localhost:2375][total available: 0; route allocated: 1 of 2147483647; total allocated: 1 of 2147483647]
2024-06-12T14:28:21.943+03:00 DEBUG 12012 --- [URL Shortener] [           main] h.i.i.PoolingHttpClientConnectionManager : ex-0000000B: acquired ep-0000000A
2024-06-12T14:28:21.943+03:00 DEBUG 12012 --- [URL Shortener] [           main] g.d.z.s.o.a.h.c.h.i.c.InternalHttpClient : ex-0000000B: acquired endpoint ep-0000000A
2024-06-12T14:28:21.943+03:00 DEBUG 12012 --- [URL Shortener] [           main] c.g.d.z.s.o.a.h.c.h.i.c.MainClientExec   : ex-0000000B: executing POST /v1.32/containers/ab4a4bbf68160b73442767e8f34c7603fb40a4eff7b1d8ad84334704fc448da2/start HTTP/1.1
2024-06-12T14:28:21.943+03:00 DEBUG 12012 --- [URL Shortener] [           main] g.d.z.s.o.a.h.c.h.i.c.InternalHttpClient : ep-0000000A: start execution ex-0000000B
2024-06-12T14:28:21.944+03:00 DEBUG 12012 --- [URL Shortener] [           main] h.i.i.PoolingHttpClientConnectionManager : ep-0000000A: executing exchange ex-0000000B over http-outgoing-1
2024-06-12T14:28:21.944+03:00 DEBUG 12012 --- [URL Shortener] [           main] c.g.d.z.s.o.a.hc.client5.http.headers    : http-outgoing-1 >> POST /v1.32/containers/ab4a4bbf68160b73442767e8f34c7603fb40a4eff7b1d8ad84334704fc448da2/start HTTP/1.1
2024-06-12T14:28:21.944+03:00 DEBUG 12012 --- [URL Shortener] [           main] c.g.d.z.s.o.a.hc.client5.http.headers    : http-outgoing-1 >> accept: application/json
2024-06-12T14:28:21.944+03:00 DEBUG 12012 --- [URL Shortener] [           main] c.g.d.z.s.o.a.hc.client5.http.headers    : http-outgoing-1 >> content-type: application/json
2024-06-12T14:28:21.944+03:00 DEBUG 12012 --- [URL Shortener] [           main] c.g.d.z.s.o.a.hc.client5.http.headers    : http-outgoing-1 >> x-tc-sid: 7171fa07-21e4-4858-9670-1c8520dc0b21
2024-06-12T14:28:21.944+03:00 DEBUG 12012 --- [URL Shortener] [           main] c.g.d.z.s.o.a.hc.client5.http.headers    : http-outgoing-1 >> User-Agent: tc-java/1.19.8
2024-06-12T14:28:21.944+03:00 DEBUG 12012 --- [URL Shortener] [           main] c.g.d.z.s.o.a.hc.client5.http.headers    : http-outgoing-1 >> Accept-Encoding: gzip, x-gzip, deflate
2024-06-12T14:28:21.944+03:00 DEBUG 12012 --- [URL Shortener] [           main] c.g.d.z.s.o.a.hc.client5.http.headers    : http-outgoing-1 >> Host: localhost:2375
2024-06-12T14:28:21.944+03:00 DEBUG 12012 --- [URL Shortener] [           main] c.g.d.z.s.o.a.hc.client5.http.headers    : http-outgoing-1 >> Connection: keep-alive
2024-06-12T14:28:21.944+03:00 DEBUG 12012 --- [URL Shortener] [           main] c.g.d.z.s.o.apache.hc.client5.http.wire  : http-outgoing-1 >> "POST /v1.32/containers/ab4a4bbf68160b73442767e8f34c7603fb40a4eff7b1d8ad84334704fc448da2/start HTTP/1.1[\r][\n]"
2024-06-12T14:28:21.944+03:00 DEBUG 12012 --- [URL Shortener] [           main] c.g.d.z.s.o.apache.hc.client5.http.wire  : http-outgoing-1 >> "accept: application/json[\r][\n]"
2024-06-12T14:28:21.944+03:00 DEBUG 12012 --- [URL Shortener] [           main] c.g.d.z.s.o.apache.hc.client5.http.wire  : http-outgoing-1 >> "content-type: application/json[\r][\n]"
2024-06-12T14:28:21.944+03:00 DEBUG 12012 --- [URL Shortener] [           main] c.g.d.z.s.o.apache.hc.client5.http.wire  : http-outgoing-1 >> "x-tc-sid: 7171fa07-21e4-4858-9670-1c8520dc0b21[\r][\n]"
2024-06-12T14:28:21.944+03:00 DEBUG 12012 --- [URL Shortener] [           main] c.g.d.z.s.o.apache.hc.client5.http.wire  : http-outgoing-1 >> "User-Agent: tc-java/1.19.8[\r][\n]"
2024-06-12T14:28:21.944+03:00 DEBUG 12012 --- [URL Shortener] [           main] c.g.d.z.s.o.apache.hc.client5.http.wire  : http-outgoing-1 >> "Accept-Encoding: gzip, x-gzip, deflate[\r][\n]"
2024-06-12T14:28:21.944+03:00 DEBUG 12012 --- [URL Shortener] [           main] c.g.d.z.s.o.apache.hc.client5.http.wire  : http-outgoing-1 >> "Host: localhost:2375[\r][\n]"
2024-06-12T14:28:21.944+03:00 DEBUG 12012 --- [URL Shortener] [           main] c.g.d.z.s.o.apache.hc.client5.http.wire  : http-outgoing-1 >> "Connection: keep-alive[\r][\n]"
2024-06-12T14:28:21.944+03:00 DEBUG 12012 --- [URL Shortener] [           main] c.g.d.z.s.o.apache.hc.client5.http.wire  : http-outgoing-1 >> "[\r][\n]"
2024-06-12T14:28:22.215+03:00 DEBUG 12012 --- [URL Shortener] [           main] c.g.d.z.s.o.apache.hc.client5.http.wire  : http-outgoing-1 << "HTTP/1.1 204 No Content[\r][\n]"
2024-06-12T14:28:22.215+03:00 DEBUG 12012 --- [URL Shortener] [           main] c.g.d.z.s.o.apache.hc.client5.http.wire  : http-outgoing-1 << "Api-Version: 1.43[\r][\n]"
2024-06-12T14:28:22.215+03:00 DEBUG 12012 --- [URL Shortener] [           main] c.g.d.z.s.o.apache.hc.client5.http.wire  : http-outgoing-1 << "Date: Wed, 12 Jun 2024 11:28:22 GMT[\r][\n]"
2024-06-12T14:28:22.215+03:00 DEBUG 12012 --- [URL Shortener] [           main] c.g.d.z.s.o.apache.hc.client5.http.wire  : http-outgoing-1 << "Docker-Experimental: false[\r][\n]"
2024-06-12T14:28:22.215+03:00 DEBUG 12012 --- [URL Shortener] [           main] c.g.d.z.s.o.apache.hc.client5.http.wire  : http-outgoing-1 << "Ostype: linux[\r][\n]"
2024-06-12T14:28:22.215+03:00 DEBUG 12012 --- [URL Shortener] [           main] c.g.d.z.s.o.apache.hc.client5.http.wire  : http-outgoing-1 << "Server: Docker/24.0.7 (linux)[\r][\n]"
2024-06-12T14:28:22.215+03:00 DEBUG 12012 --- [URL Shortener] [           main] c.g.d.z.s.o.apache.hc.client5.http.wire  : http-outgoing-1 << "[\r][\n]"
2024-06-12T14:28:22.216+03:00 DEBUG 12012 --- [URL Shortener] [           main] c.g.d.z.s.o.a.hc.client5.http.headers    : http-outgoing-1 << HTTP/1.1 204 No Content
2024-06-12T14:28:22.216+03:00 DEBUG 12012 --- [URL Shortener] [           main] c.g.d.z.s.o.a.hc.client5.http.headers    : http-outgoing-1 << Api-Version: 1.43
2024-06-12T14:28:22.216+03:00 DEBUG 12012 --- [URL Shortener] [           main] c.g.d.z.s.o.a.hc.client5.http.headers    : http-outgoing-1 << Date: Wed, 12 Jun 2024 11:28:22 GMT
2024-06-12T14:28:22.216+03:00 DEBUG 12012 --- [URL Shortener] [           main] c.g.d.z.s.o.a.hc.client5.http.headers    : http-outgoing-1 << Docker-Experimental: false
2024-06-12T14:28:22.216+03:00 DEBUG 12012 --- [URL Shortener] [           main] c.g.d.z.s.o.a.hc.client5.http.headers    : http-outgoing-1 << Ostype: linux
2024-06-12T14:28:22.216+03:00 DEBUG 12012 --- [URL Shortener] [           main] c.g.d.z.s.o.a.hc.client5.http.headers    : http-outgoing-1 << Server: Docker/24.0.7 (linux)
2024-06-12T14:28:22.216+03:00 DEBUG 12012 --- [URL Shortener] [           main] c.g.d.z.s.o.a.h.c.h.i.c.MainClientExec   : ex-0000000B: connection can be kept alive for 3 MINUTES
2024-06-12T14:28:22.216+03:00 DEBUG 12012 --- [URL Shortener] [           main] g.d.z.s.o.a.h.c.h.i.c.InternalHttpClient : ep-0000000A: releasing valid endpoint
2024-06-12T14:28:22.216+03:00 DEBUG 12012 --- [URL Shortener] [           main] h.i.i.PoolingHttpClientConnectionManager : ep-0000000A: releasing endpoint
2024-06-12T14:28:22.216+03:00 DEBUG 12012 --- [URL Shortener] [           main] h.i.i.PoolingHttpClientConnectionManager : ep-0000000A: connection http-outgoing-1 can be kept alive for 3 MINUTES
2024-06-12T14:28:22.216+03:00 DEBUG 12012 --- [URL Shortener] [           main] h.i.i.PoolingHttpClientConnectionManager : ep-0000000A: connection released [route: {}->npipe://localhost:2375][total available: 1; route allocated: 1 of 2147483647; total allocated: 1 of 2147483647]
2024-06-12T14:28:22.216+03:00 DEBUG 12012 --- [URL Shortener] [           main] o.t.s.c.g.d.core.command.AbstrDockerCmd  : Cmd: ab4a4bbf68160b73442767e8f34c7603fb40a4eff7b1d8ad84334704fc448da2,false
2024-06-12T14:28:22.217+03:00 DEBUG 12012 --- [URL Shortener] [           main] o.t.s.c.g.d.c.e.InspectContainerCmdExec  : GET: DefaultWebTarget{path=[/containers/ab4a4bbf68160b73442767e8f34c7603fb40a4eff7b1d8ad84334704fc448da2/json], queryParams={}}
2024-06-12T14:28:22.217+03:00 DEBUG 12012 --- [URL Shortener] [           main] g.d.z.s.o.a.h.c.h.i.c.InternalHttpClient : ex-0000000C: preparing request execution
2024-06-12T14:28:22.217+03:00 DEBUG 12012 --- [URL Shortener] [           main] c.g.d.z.s.o.a.h.c.h.p.RequestAddCookies  : Cookie spec selected: strict
2024-06-12T14:28:22.217+03:00 DEBUG 12012 --- [URL Shortener] [           main] c.g.d.z.s.o.a.h.c.h.p.RequestAuthCache   : Auth cache not set in the context
2024-06-12T14:28:22.217+03:00 DEBUG 12012 --- [URL Shortener] [           main] c.g.d.z.s.o.a.h.c.h.i.c.ProtocolExec     : ex-0000000C: target auth state: UNCHALLENGED
2024-06-12T14:28:22.217+03:00 DEBUG 12012 --- [URL Shortener] [           main] c.g.d.z.s.o.a.h.c.h.i.c.ProtocolExec     : ex-0000000C: proxy auth state: UNCHALLENGED
2024-06-12T14:28:22.217+03:00 DEBUG 12012 --- [URL Shortener] [           main] c.g.d.z.s.o.a.h.c.h.i.c.ConnectExec      : ex-0000000C: acquiring connection with route {}->npipe://localhost:2375
2024-06-12T14:28:22.217+03:00 DEBUG 12012 --- [URL Shortener] [           main] g.d.z.s.o.a.h.c.h.i.c.InternalHttpClient : ex-0000000C: acquiring endpoint (3 MINUTES)
2024-06-12T14:28:22.217+03:00 DEBUG 12012 --- [URL Shortener] [           main] h.i.i.PoolingHttpClientConnectionManager : ex-0000000C: endpoint lease request (3 MINUTES) [route: {}->npipe://localhost:2375][total available: 1; route allocated: 1 of 2147483647; total allocated: 1 of 2147483647]
2024-06-12T14:28:22.217+03:00 DEBUG 12012 --- [URL Shortener] [           main] h.i.i.PoolingHttpClientConnectionManager : ex-0000000C: endpoint leased [route: {}->npipe://localhost:2375][total available: 0; route allocated: 1 of 2147483647; total allocated: 1 of 2147483647]
2024-06-12T14:28:22.217+03:00 DEBUG 12012 --- [URL Shortener] [           main] h.i.i.PoolingHttpClientConnectionManager : ex-0000000C: acquired ep-0000000B
2024-06-12T14:28:22.217+03:00 DEBUG 12012 --- [URL Shortener] [           main] g.d.z.s.o.a.h.c.h.i.c.InternalHttpClient : ex-0000000C: acquired endpoint ep-0000000B
2024-06-12T14:28:22.217+03:00 DEBUG 12012 --- [URL Shortener] [           main] c.g.d.z.s.o.a.h.c.h.i.c.MainClientExec   : ex-0000000C: executing GET /v1.32/containers/ab4a4bbf68160b73442767e8f34c7603fb40a4eff7b1d8ad84334704fc448da2/json HTTP/1.1
2024-06-12T14:28:22.217+03:00 DEBUG 12012 --- [URL Shortener] [           main] g.d.z.s.o.a.h.c.h.i.c.InternalHttpClient : ep-0000000B: start execution ex-0000000C
2024-06-12T14:28:22.217+03:00 DEBUG 12012 --- [URL Shortener] [           main] h.i.i.PoolingHttpClientConnectionManager : ep-0000000B: executing exchange ex-0000000C over http-outgoing-1
2024-06-12T14:28:22.217+03:00 DEBUG 12012 --- [URL Shortener] [           main] c.g.d.z.s.o.a.hc.client5.http.headers    : http-outgoing-1 >> GET /v1.32/containers/ab4a4bbf68160b73442767e8f34c7603fb40a4eff7b1d8ad84334704fc448da2/json HTTP/1.1
2024-06-12T14:28:22.217+03:00 DEBUG 12012 --- [URL Shortener] [           main] c.g.d.z.s.o.a.hc.client5.http.headers    : http-outgoing-1 >> accept: application/json
2024-06-12T14:28:22.217+03:00 DEBUG 12012 --- [URL Shortener] [           main] c.g.d.z.s.o.a.hc.client5.http.headers    : http-outgoing-1 >> x-tc-sid: 7171fa07-21e4-4858-9670-1c8520dc0b21
2024-06-12T14:28:22.218+03:00 DEBUG 12012 --- [URL Shortener] [           main] c.g.d.z.s.o.a.hc.client5.http.headers    : http-outgoing-1 >> User-Agent: tc-java/1.19.8
2024-06-12T14:28:22.218+03:00 DEBUG 12012 --- [URL Shortener] [           main] c.g.d.z.s.o.a.hc.client5.http.headers    : http-outgoing-1 >> Accept-Encoding: gzip, x-gzip, deflate
2024-06-12T14:28:22.218+03:00 DEBUG 12012 --- [URL Shortener] [           main] c.g.d.z.s.o.a.hc.client5.http.headers    : http-outgoing-1 >> Host: localhost:2375
2024-06-12T14:28:22.218+03:00 DEBUG 12012 --- [URL Shortener] [           main] c.g.d.z.s.o.a.hc.client5.http.headers    : http-outgoing-1 >> Connection: keep-alive
2024-06-12T14:28:22.218+03:00 DEBUG 12012 --- [URL Shortener] [           main] c.g.d.z.s.o.apache.hc.client5.http.wire  : http-outgoing-1 >> "GET /v1.32/containers/ab4a4bbf68160b73442767e8f34c7603fb40a4eff7b1d8ad84334704fc448da2/json HTTP/1.1[\r][\n]"
2024-06-12T14:28:22.218+03:00 DEBUG 12012 --- [URL Shortener] [           main] c.g.d.z.s.o.apache.hc.client5.http.wire  : http-outgoing-1 >> "accept: application/json[\r][\n]"
2024-06-12T14:28:22.218+03:00 DEBUG 12012 --- [URL Shortener] [           main] c.g.d.z.s.o.apache.hc.client5.http.wire  : http-outgoing-1 >> "x-tc-sid: 7171fa07-21e4-4858-9670-1c8520dc0b21[\r][\n]"
2024-06-12T14:28:22.218+03:00 DEBUG 12012 --- [URL Shortener] [           main] c.g.d.z.s.o.apache.hc.client5.http.wire  : http-outgoing-1 >> "User-Agent: tc-java/1.19.8[\r][\n]"
2024-06-12T14:28:22.218+03:00 DEBUG 12012 --- [URL Shortener] [           main] c.g.d.z.s.o.apache.hc.client5.http.wire  : http-outgoing-1 >> "Accept-Encoding: gzip, x-gzip, deflate[\r][\n]"
2024-06-12T14:28:22.218+03:00 DEBUG 12012 --- [URL Shortener] [           main] c.g.d.z.s.o.apache.hc.client5.http.wire  : http-outgoing-1 >> "Host: localhost:2375[\r][\n]"
2024-06-12T14:28:22.218+03:00 DEBUG 12012 --- [URL Shortener] [           main] c.g.d.z.s.o.apache.hc.client5.http.wire  : http-outgoing-1 >> "Connection: keep-alive[\r][\n]"
2024-06-12T14:28:22.218+03:00 DEBUG 12012 --- [URL Shortener] [           main] c.g.d.z.s.o.apache.hc.client5.http.wire  : http-outgoing-1 >> "[\r][\n]"
2024-06-12T14:28:22.221+03:00 DEBUG 12012 --- [URL Shortener] [           main] c.g.d.z.s.o.apache.hc.client5.http.wire  : http-outgoing-1 << "HTTP/1.1 200 OK[\r][\n]"
2024-06-12T14:28:22.221+03:00 DEBUG 12012 --- [URL Shortener] [           main] c.g.d.z.s.o.apache.hc.client5.http.wire  : http-outgoing-1 << "Api-Version: 1.43[\r][\n]"
2024-06-12T14:28:22.222+03:00 DEBUG 12012 --- [URL Shortener] [           main] c.g.d.z.s.o.apache.hc.client5.http.wire  : http-outgoing-1 << "Content-Type: application/json[\r][\n]"
2024-06-12T14:28:22.222+03:00 DEBUG 12012 --- [URL Shortener] [           main] c.g.d.z.s.o.apache.hc.client5.http.wire  : http-outgoing-1 << "Date: Wed, 12 Jun 2024 11:28:22 GMT[\r][\n]"
2024-06-12T14:28:22.222+03:00 DEBUG 12012 --- [URL Shortener] [           main] c.g.d.z.s.o.apache.hc.client5.http.wire  : http-outgoing-1 << "Docker-Experimental: false[\r][\n]"
2024-06-12T14:28:22.222+03:00 DEBUG 12012 --- [URL Shortener] [           main] c.g.d.z.s.o.apache.hc.client5.http.wire  : http-outgoing-1 << "Ostype: linux[\r][\n]"
2024-06-12T14:28:22.222+03:00 DEBUG 12012 --- [URL Shortener] [           main] c.g.d.z.s.o.apache.hc.client5.http.wire  : http-outgoing-1 << "Server: Docker/24.0.7 (linux)[\r][\n]"
2024-06-12T14:28:22.222+03:00 DEBUG 12012 --- [URL Shortener] [           main] c.g.d.z.s.o.apache.hc.client5.http.wire  : http-outgoing-1 << "Transfer-Encoding: chunked[\r][\n]"
2024-06-12T14:28:22.222+03:00 DEBUG 12012 --- [URL Shortener] [           main] c.g.d.z.s.o.apache.hc.client5.http.wire  : http-outgoing-1 << "[\r][\n]"
2024-06-12T14:28:22.222+03:00 DEBUG 12012 --- [URL Shortener] [           main] c.g.d.z.s.o.a.hc.client5.http.headers    : http-outgoing-1 << HTTP/1.1 200 OK
2024-06-12T14:28:22.222+03:00 DEBUG 12012 --- [URL Shortener] [           main] c.g.d.z.s.o.a.hc.client5.http.headers    : http-outgoing-1 << Api-Version: 1.43
2024-06-12T14:28:22.222+03:00 DEBUG 12012 --- [URL Shortener] [           main] c.g.d.z.s.o.a.hc.client5.http.headers    : http-outgoing-1 << Content-Type: application/json
2024-06-12T14:28:22.222+03:00 DEBUG 12012 --- [URL Shortener] [           main] c.g.d.z.s.o.a.hc.client5.http.headers    : http-outgoing-1 << Date: Wed, 12 Jun 2024 11:28:22 GMT
2024-06-12T14:28:22.222+03:00 DEBUG 12012 --- [URL Shortener] [           main] c.g.d.z.s.o.a.hc.client5.http.headers    : http-outgoing-1 << Docker-Experimental: false
2024-06-12T14:28:22.222+03:00 DEBUG 12012 --- [URL Shortener] [           main] c.g.d.z.s.o.a.hc.client5.http.headers    : http-outgoing-1 << Ostype: linux
2024-06-12T14:28:22.222+03:00 DEBUG 12012 --- [URL Shortener] [           main] c.g.d.z.s.o.a.hc.client5.http.headers    : http-outgoing-1 << Server: Docker/24.0.7 (linux)
2024-06-12T14:28:22.222+03:00 DEBUG 12012 --- [URL Shortener] [           main] c.g.d.z.s.o.a.hc.client5.http.headers    : http-outgoing-1 << Transfer-Encoding: chunked
2024-06-12T14:28:22.222+03:00 DEBUG 12012 --- [URL Shortener] [           main] c.g.d.z.s.o.a.h.c.h.i.c.MainClientExec   : ex-0000000C: connection can be kept alive for 3 MINUTES
2024-06-12T14:28:22.222+03:00 DEBUG 12012 --- [URL Shortener] [           main] c.g.d.z.s.o.apache.hc.client5.http.wire  : http-outgoing-1 << "1a31[\r][\n]"
2024-06-12T14:28:22.223+03:00 DEBUG 12012 --- [URL Shortener] [           main] c.g.d.z.s.o.apache.hc.client5.http.wire  : http-outgoing-1 << "{"Id":"ab4a4bbf68160b73442767e8f34c7603fb40a4eff7b1d8ad84334704fc448da2","Created":"2024-06-12T11:28:21.888022266Z","Path":"docker-entrypoint.sh","Args":["postgres","-c","fsync=off"],"State":{"Status":"running","Running":true,"Paused":false,"Restarting":false,"OOMKilled":false,"Dead":false,"Pid":2366,"ExitCode":0,"Error":"","StartedAt":"2024-06-12T11:28:22.206469557Z","FinishedAt":"0001-01-01T00:00:00Z"},"Image":"sha256:cff6b68a194a672fd337d8728bfb252071012cce6f0f2ed760988f7bc63a89d2","ResolvConfPath":"/var/lib/docker/containers/ab4a4bbf68160b73442767e8f34c7603fb40a4eff7b1d8ad84334704fc448da2/resolv.conf","HostnamePath":"/var/lib/docker/containers/ab4a4bbf68160b73442767e8f34c7603fb40a4eff7b1d8ad84334704fc448da2/hostname","HostsPath":"/var/lib/docker/containers/ab4a4bbf68160b73442767e8f34c7603fb40a4eff7b1d8ad84334704fc448da2/hosts","LogPath":"/var/lib/docker/containers/ab4a4bbf68160b73442767e8f34c7603fb40a4eff7b1d8ad84334704fc448da2/ab4a4bbf68160b73442767e8f34c7603fb40a4eff7b1d8ad84334704fc448da2-json.log","Name":"/wizardly_heisenberg","RestartCount":0,"Driver":"overlay2","Platform":"linux","MountLabel":"","ProcessLabel":"","AppArmorProfile":"","ExecIDs":null,"HostConfig":{"Binds":[],"ContainerIDFile":"","LogConfig":{"Type":"json-file","Config":{}},"NetworkMode":"default","PortBindings":{"5432/tcp":[{"HostIp":"0.0.0.0","HostPort":"0"}]},"RestartPolicy":{"Name":"","MaximumRetryCount":0},"AutoRemove":false,"VolumeDriver":"","VolumesFrom":[],"ConsoleSize":[0,0],"CapAdd":null,"CapDrop":null,"CgroupnsMode":"host","Dns":null,"DnsOptions":null,"DnsSearch":null,"ExtraHosts":[],"GroupAdd":null,"IpcMode":"shareable","Cgroup":"","Links":null,"OomScoreAdj":0,"PidMode":"","Privileged":false,"PublishAllPorts":false,"ReadonlyRootfs":false,"SecurityOpt":null,"UTSMode":"","UsernsMode":"","ShmSize":67108864,"Runtime":"runc","Isolation":"","CpuShares":0,"Memory":0,"NanoCpus":0,"CgroupParent":"","BlkioWeight":0,"BlkioWeightDevice":null,"BlkioDeviceReadBps":null,"BlkioDeviceWriteBps":null,"BlkioDeviceReadIOps":null,"BlkioDeviceWriteIOps":null,"CpuPeriod":0,"CpuQuota":0,"CpuRealtimePeriod":0,"CpuRealtimeRuntime":0,"CpusetCpus":"","CpusetMems":"","Devices":null,"DeviceCgroupRules":null,"DeviceRequests":null,"MemoryReservation":0,"MemorySwap":0,"MemorySwappiness":null,"OomKillDisable":false,"PidsLimit":null,"Ulimits":null,"CpuCount":0,"CpuPercent":0,"IOMaximumIOps":0,"IOMaximumBandwidth":0,"MaskedPaths":["/proc/asound","/proc/acpi","/proc/kcore","/proc/keys","/proc/latency_stats","/proc/timer_list","/proc/timer_stats","/proc/sched_debug","/proc/scsi","/sys/firmware","/sys/devices/virtual/powercap"],"ReadonlyPaths":["/proc/bus","/proc/fs","/proc/irq","/proc/sys","/proc/sysrq-trigger"]},"GraphDriver":{"Data":{"LowerDir":"/var/lib/docker/overlay2/fb0350d7387427f73fbc23e9e9e8dc52f1d1de6b55640d9ed4327e74f99e5d43-init/diff:/var/lib/docker/overlay2/db451d0433a46fa45e17cc0eae406c512a577a19aed597a6dcd152aa60abc9db/diff:/var/lib/docker/overlay2/2cbe3a1a11481afc7adee257a96fbd885a65a5a6b7f47a4b9e39ab13d617ed9f/diff:/var/lib/docker/overlay2/34f0f2835c7fab192b0a09fbaa35e3fde336f3a21db4d551ecb5744f35f022d8/diff:/var/lib/docker/overlay2/91c1ab49fbf459c6ac614f4f21e302f21d4a65eae0c0df9e5fd257fec8b8dac7/diff:/var/lib/docker/overlay2/c047fdb7a36e3127654f971b9e00f52a192b9425d14315e2be62531cbf859c1c/diff:/var/lib/docker/overlay2/f17ff6a2434319a3d0da9c06f159a651e34677f6555cedd9fa5cd4a243a4cf00/diff:/var/lib/docker/overlay2/d3896bdbfb55d53cc96483830bf86d746e709698c5870461b76a606235034e2c/diff:/var/lib/docker/overlay2/17bbcad0aa3d49db9143caa84bf36ac80a1e2abb4465494be53788fdf15136bc/diff:/var/lib/docker/overlay2/d3ba0002826ba8dc8a50ec5b5f40f8eeecc49aed69b7e4852b2c17d4e3bc7673/diff:/var/lib/docker/overlay2/b025c0d3f178bdae3585ff4493fb402ddac780bb0dc86a6e2a4bd16fd5df4fd0/diff:/var/lib/docker/overlay2/b34b03430c91db007405bdcdabdee4d661413c4a546d47aa4933ae256c8c1f83/diff:/var/lib/docker/overlay2/d4b461868c979b00a1a4f4e75535982f2a3b2f76c5b58eae99e5b0523fc10465/diff:/var/lib/docker/overlay2/a2edc56609840a14728ce10afbb50ca5b6a9dcfe1138d7a04954c1b2dfcd9724/diff:/var/lib/do"
2024-06-12T14:28:22.224+03:00 DEBUG 12012 --- [URL Shortener] [           main] c.g.d.z.s.o.apache.hc.client5.http.wire  : http-outgoing-1 << "cker/overlay2/1d7e1c282144b7b877f2e2cfc223d536f406a3e5cf43804aff3d6b54f674eee8/diff","MergedDir":"/var/lib/docker/overlay2/fb0350d7387427f73fbc23e9e9e8dc52f1d1de6b55640d9ed4327e74f99e5d43/merged","UpperDir":"/var/lib/docker/overlay2/fb0350d7387427f73fbc23e9e9e8dc52f1d1de6b55640d9ed4327e74f99e5d43/diff","WorkDir":"/var/lib/docker/overlay2/fb0350d7387427f73fbc23e9e9e8dc52f1d1de6b55640d9ed4327e74f99e5d43/work"},"Name":"overlay2"},"Mounts":[{"Type":"volume","Name":"e245253935bdb35e0ce270bf44e215abb09a12bd2de8a6669b93786bd5542780","Source":"/var/lib/docker/volumes/e245253935bdb35e0ce270bf44e215abb09a12bd2de8a6669b93786bd5542780/_data","Destination":"/var/lib/postgresql/data","Driver":"local","Mode":"","RW":true,"Propagation":""}],"Config":{"Hostname":"ab4a4bbf6816","Domainname":"","User":"","AttachStdin":false,"AttachStdout":false,"AttachStderr":false,"ExposedPorts":{"5432/tcp":{}},"Tty":false,"OpenStdin":false,"StdinOnce":false,"Env":["POSTGRES_USER=testuser","POSTGRES_PASSWORD=testpass","POSTGRES_DB=testdb","PATH=/usr/local/sbin:/usr/local/bin:/usr/sbin:/usr/bin:/sbin:/bin:/usr/lib/postgresql/16/bin","GOSU_VERSION=1.17","LANG=en_US.utf8","PG_MAJOR=16","PG_VERSION=16.3-1.pgdg120+1","PGDATA=/var/lib/postgresql/data"],"Cmd":["postgres","-c","fsync=off"],"Image":"postgres:latest","Volumes":{"/var/lib/postgresql/data":{}},"WorkingDir":"","Entrypoint":["docker-entrypoint.sh"],"OnBuild":null,"Labels":{"org.testcontainers":"true","org.testcontainers.lang":"java","org.testcontainers.sessionId":"7171fa07-21e4-4858-9670-1c8520dc0b21","org.testcontainers.version":"1.19.8"},"StopSignal":"SIGINT"},"NetworkSettings":{"Bridge":"","SandboxID":"992a5b020e25f40fcb9eae8bea71744a7efda66ff0de82d573248588609a564b","HairpinMode":false,"LinkLocalIPv6Address":"","LinkLocalIPv6PrefixLen":0,"Ports":{"5432/tcp":[{"HostIp":"0.0.0.0","HostPort":"51198"}]},"SandboxKey":"/var/run/docker/netns/992a5b020e25","SecondaryIPAddresses":null,"SecondaryIPv6Addresses":null,"EndpointID":"28080c6af44f4b44db0d0271ec1db87d27593180c6dba937dfae2d258713b5f4","Gateway":"172.17.0.1","GlobalIPv6Address":"","GlobalIPv6PrefixLen":0,"IPAddress":"172.17.0.3","IPPrefixLen":16,"IPv6Gateway":"","MacAddress":"02:42:ac:11:00:03","Networks":{"bridge":{"IPAMConfig":null,"Links":null,"Aliases":null,"MacAddress":"02:42:ac:11:00:03","NetworkID":"9daa7fca6b6cbb5c2be934cabaa56953e265b86a191774f7c7502906e8f1d0b7","EndpointID":"28080c6af44f4b44db0d0271ec1db87d27593180c6dba937dfae2d258713b5f4","Gateway":"172.17.0.1","IPAddress":"172.17.0.3","IPPrefixLen":16,"IPv6Gateway":"","GlobalIPv6Address":"","GlobalIPv6PrefixLen":0,"DriverOpts":null}}}}[\n]"
2024-06-12T14:28:22.225+03:00 DEBUG 12012 --- [URL Shortener] [           main] c.g.d.z.s.o.apache.hc.client5.http.wire  : http-outgoing-1 << "[\r][\n]"
2024-06-12T14:28:22.226+03:00 DEBUG 12012 --- [URL Shortener] [           main] c.g.d.z.s.o.apache.hc.client5.http.wire  : http-outgoing-1 << "0[\r][\n]"
2024-06-12T14:28:22.226+03:00 DEBUG 12012 --- [URL Shortener] [           main] c.g.d.z.s.o.apache.hc.client5.http.wire  : http-outgoing-1 << "[\r][\n]"
2024-06-12T14:28:22.226+03:00 DEBUG 12012 --- [URL Shortener] [           main] g.d.z.s.o.a.h.c.h.i.c.InternalHttpClient : ep-0000000B: releasing valid endpoint
2024-06-12T14:28:22.226+03:00 DEBUG 12012 --- [URL Shortener] [           main] h.i.i.PoolingHttpClientConnectionManager : ep-0000000B: releasing endpoint
2024-06-12T14:28:22.226+03:00 DEBUG 12012 --- [URL Shortener] [           main] h.i.i.PoolingHttpClientConnectionManager : ep-0000000B: connection http-outgoing-1 can be kept alive for 3 MINUTES
2024-06-12T14:28:22.226+03:00 DEBUG 12012 --- [URL Shortener] [           main] h.i.i.PoolingHttpClientConnectionManager : ep-0000000B: connection released [route: {}->npipe://localhost:2375][total available: 1; route allocated: 1 of 2147483647; total allocated: 1 of 2147483647]
2024-06-12T14:28:22.226+03:00 DEBUG 12012 --- [URL Shortener] [           main] o.t.s.c.g.d.core.command.AbstrDockerCmd  : Cmd: sha256:cff6b68a194a672fd337d8728bfb252071012cce6f0f2ed760988f7bc63a89d2
2024-06-12T14:28:22.227+03:00 DEBUG 12012 --- [URL Shortener] [           main] g.d.z.s.o.a.h.c.h.i.c.InternalHttpClient : ex-0000000D: preparing request execution
2024-06-12T14:28:22.227+03:00 DEBUG 12012 --- [URL Shortener] [           main] c.g.d.z.s.o.a.h.c.h.p.RequestAddCookies  : Cookie spec selected: strict
2024-06-12T14:28:22.227+03:00 DEBUG 12012 --- [URL Shortener] [           main] c.g.d.z.s.o.a.h.c.h.p.RequestAuthCache   : Auth cache not set in the context
2024-06-12T14:28:22.227+03:00 DEBUG 12012 --- [URL Shortener] [           main] c.g.d.z.s.o.a.h.c.h.i.c.ProtocolExec     : ex-0000000D: target auth state: UNCHALLENGED
2024-06-12T14:28:22.227+03:00 DEBUG 12012 --- [URL Shortener] [           main] c.g.d.z.s.o.a.h.c.h.i.c.ProtocolExec     : ex-0000000D: proxy auth state: UNCHALLENGED
2024-06-12T14:28:22.227+03:00 DEBUG 12012 --- [URL Shortener] [           main] c.g.d.z.s.o.a.h.c.h.i.c.ConnectExec      : ex-0000000D: acquiring connection with route {}->npipe://localhost:2375
2024-06-12T14:28:22.227+03:00 DEBUG 12012 --- [URL Shortener] [           main] g.d.z.s.o.a.h.c.h.i.c.InternalHttpClient : ex-0000000D: acquiring endpoint (3 MINUTES)
2024-06-12T14:28:22.227+03:00 DEBUG 12012 --- [URL Shortener] [           main] h.i.i.PoolingHttpClientConnectionManager : ex-0000000D: endpoint lease request (3 MINUTES) [route: {}->npipe://localhost:2375][total available: 1; route allocated: 1 of 2147483647; total allocated: 1 of 2147483647]
2024-06-12T14:28:22.227+03:00 DEBUG 12012 --- [URL Shortener] [           main] h.i.i.PoolingHttpClientConnectionManager : ex-0000000D: endpoint leased [route: {}->npipe://localhost:2375][total available: 0; route allocated: 1 of 2147483647; total allocated: 1 of 2147483647]
2024-06-12T14:28:22.227+03:00 DEBUG 12012 --- [URL Shortener] [           main] h.i.i.PoolingHttpClientConnectionManager : ex-0000000D: acquired ep-0000000C
2024-06-12T14:28:22.227+03:00 DEBUG 12012 --- [URL Shortener] [           main] g.d.z.s.o.a.h.c.h.i.c.InternalHttpClient : ex-0000000D: acquired endpoint ep-0000000C
2024-06-12T14:28:22.227+03:00 DEBUG 12012 --- [URL Shortener] [           main] c.g.d.z.s.o.a.h.c.h.i.c.MainClientExec   : ex-0000000D: executing GET /v1.32/images/sha256:cff6b68a194a672fd337d8728bfb252071012cce6f0f2ed760988f7bc63a89d2/json HTTP/1.1
2024-06-12T14:28:22.227+03:00 DEBUG 12012 --- [URL Shortener] [           main] g.d.z.s.o.a.h.c.h.i.c.InternalHttpClient : ep-0000000C: start execution ex-0000000D
2024-06-12T14:28:22.227+03:00 DEBUG 12012 --- [URL Shortener] [           main] h.i.i.PoolingHttpClientConnectionManager : ep-0000000C: executing exchange ex-0000000D over http-outgoing-1
2024-06-12T14:28:22.228+03:00 DEBUG 12012 --- [URL Shortener] [           main] c.g.d.z.s.o.a.hc.client5.http.headers    : http-outgoing-1 >> GET /v1.32/images/sha256:cff6b68a194a672fd337d8728bfb252071012cce6f0f2ed760988f7bc63a89d2/json HTTP/1.1
2024-06-12T14:28:22.228+03:00 DEBUG 12012 --- [URL Shortener] [           main] c.g.d.z.s.o.a.hc.client5.http.headers    : http-outgoing-1 >> accept: application/json
2024-06-12T14:28:22.228+03:00 DEBUG 12012 --- [URL Shortener] [           main] c.g.d.z.s.o.a.hc.client5.http.headers    : http-outgoing-1 >> x-tc-sid: 7171fa07-21e4-4858-9670-1c8520dc0b21
2024-06-12T14:28:22.228+03:00 DEBUG 12012 --- [URL Shortener] [           main] c.g.d.z.s.o.a.hc.client5.http.headers    : http-outgoing-1 >> User-Agent: tc-java/1.19.8
2024-06-12T14:28:22.228+03:00 DEBUG 12012 --- [URL Shortener] [           main] c.g.d.z.s.o.a.hc.client5.http.headers    : http-outgoing-1 >> Accept-Encoding: gzip, x-gzip, deflate
2024-06-12T14:28:22.228+03:00 DEBUG 12012 --- [URL Shortener] [           main] c.g.d.z.s.o.a.hc.client5.http.headers    : http-outgoing-1 >> Host: localhost:2375
2024-06-12T14:28:22.228+03:00 DEBUG 12012 --- [URL Shortener] [           main] c.g.d.z.s.o.a.hc.client5.http.headers    : http-outgoing-1 >> Connection: keep-alive
2024-06-12T14:28:22.228+03:00 DEBUG 12012 --- [URL Shortener] [           main] c.g.d.z.s.o.apache.hc.client5.http.wire  : http-outgoing-1 >> "GET /v1.32/images/sha256:cff6b68a194a672fd337d8728bfb252071012cce6f0f2ed760988f7bc63a89d2/json HTTP/1.1[\r][\n]"
2024-06-12T14:28:22.228+03:00 DEBUG 12012 --- [URL Shortener] [           main] c.g.d.z.s.o.apache.hc.client5.http.wire  : http-outgoing-1 >> "accept: application/json[\r][\n]"
2024-06-12T14:28:22.228+03:00 DEBUG 12012 --- [URL Shortener] [           main] c.g.d.z.s.o.apache.hc.client5.http.wire  : http-outgoing-1 >> "x-tc-sid: 7171fa07-21e4-4858-9670-1c8520dc0b21[\r][\n]"
2024-06-12T14:28:22.228+03:00 DEBUG 12012 --- [URL Shortener] [           main] c.g.d.z.s.o.apache.hc.client5.http.wire  : http-outgoing-1 >> "User-Agent: tc-java/1.19.8[\r][\n]"
2024-06-12T14:28:22.228+03:00 DEBUG 12012 --- [URL Shortener] [           main] c.g.d.z.s.o.apache.hc.client5.http.wire  : http-outgoing-1 >> "Accept-Encoding: gzip, x-gzip, deflate[\r][\n]"
2024-06-12T14:28:22.228+03:00 DEBUG 12012 --- [URL Shortener] [           main] c.g.d.z.s.o.apache.hc.client5.http.wire  : http-outgoing-1 >> "Host: localhost:2375[\r][\n]"
2024-06-12T14:28:22.228+03:00 DEBUG 12012 --- [URL Shortener] [           main] c.g.d.z.s.o.apache.hc.client5.http.wire  : http-outgoing-1 >> "Connection: keep-alive[\r][\n]"
2024-06-12T14:28:22.228+03:00 DEBUG 12012 --- [URL Shortener] [           main] c.g.d.z.s.o.apache.hc.client5.http.wire  : http-outgoing-1 >> "[\r][\n]"
2024-06-12T14:28:22.232+03:00 DEBUG 12012 --- [URL Shortener] [           main] c.g.d.z.s.o.apache.hc.client5.http.wire  : http-outgoing-1 << "HTTP/1.1 200 OK[\r][\n]"
2024-06-12T14:28:22.232+03:00 DEBUG 12012 --- [URL Shortener] [           main] c.g.d.z.s.o.apache.hc.client5.http.wire  : http-outgoing-1 << "Api-Version: 1.43[\r][\n]"
2024-06-12T14:28:22.232+03:00 DEBUG 12012 --- [URL Shortener] [           main] c.g.d.z.s.o.apache.hc.client5.http.wire  : http-outgoing-1 << "Content-Type: application/json[\r][\n]"
2024-06-12T14:28:22.232+03:00 DEBUG 12012 --- [URL Shortener] [           main] c.g.d.z.s.o.apache.hc.client5.http.wire  : http-outgoing-1 << "Date: Wed, 12 Jun 2024 11:28:22 GMT[\r][\n]"
2024-06-12T14:28:22.232+03:00 DEBUG 12012 --- [URL Shortener] [           main] c.g.d.z.s.o.apache.hc.client5.http.wire  : http-outgoing-1 << "Docker-Experimental: false[\r][\n]"
2024-06-12T14:28:22.232+03:00 DEBUG 12012 --- [URL Shortener] [           main] c.g.d.z.s.o.apache.hc.client5.http.wire  : http-outgoing-1 << "Ostype: linux[\r][\n]"
2024-06-12T14:28:22.232+03:00 DEBUG 12012 --- [URL Shortener] [           main] c.g.d.z.s.o.apache.hc.client5.http.wire  : http-outgoing-1 << "Server: Docker/24.0.7 (linux)[\r][\n]"
2024-06-12T14:28:22.232+03:00 DEBUG 12012 --- [URL Shortener] [           main] c.g.d.z.s.o.apache.hc.client5.http.wire  : http-outgoing-1 << "Transfer-Encoding: chunked[\r][\n]"
2024-06-12T14:28:22.232+03:00 DEBUG 12012 --- [URL Shortener] [           main] c.g.d.z.s.o.apache.hc.client5.http.wire  : http-outgoing-1 << "[\r][\n]"
2024-06-12T14:28:22.232+03:00 DEBUG 12012 --- [URL Shortener] [           main] c.g.d.z.s.o.a.hc.client5.http.headers    : http-outgoing-1 << HTTP/1.1 200 OK
2024-06-12T14:28:22.232+03:00 DEBUG 12012 --- [URL Shortener] [           main] c.g.d.z.s.o.a.hc.client5.http.headers    : http-outgoing-1 << Api-Version: 1.43
2024-06-12T14:28:22.232+03:00 DEBUG 12012 --- [URL Shortener] [           main] c.g.d.z.s.o.a.hc.client5.http.headers    : http-outgoing-1 << Content-Type: application/json
2024-06-12T14:28:22.232+03:00 DEBUG 12012 --- [URL Shortener] [           main] c.g.d.z.s.o.a.hc.client5.http.headers    : http-outgoing-1 << Date: Wed, 12 Jun 2024 11:28:22 GMT
2024-06-12T14:28:22.232+03:00 DEBUG 12012 --- [URL Shortener] [           main] c.g.d.z.s.o.a.hc.client5.http.headers    : http-outgoing-1 << Docker-Experimental: false
2024-06-12T14:28:22.232+03:00 DEBUG 12012 --- [URL Shortener] [           main] c.g.d.z.s.o.a.hc.client5.http.headers    : http-outgoing-1 << Ostype: linux
2024-06-12T14:28:22.232+03:00 DEBUG 12012 --- [URL Shortener] [           main] c.g.d.z.s.o.a.hc.client5.http.headers    : http-outgoing-1 << Server: Docker/24.0.7 (linux)
2024-06-12T14:28:22.232+03:00 DEBUG 12012 --- [URL Shortener] [           main] c.g.d.z.s.o.a.hc.client5.http.headers    : http-outgoing-1 << Transfer-Encoding: chunked
2024-06-12T14:28:22.233+03:00 DEBUG 12012 --- [URL Shortener] [           main] c.g.d.z.s.o.a.h.c.h.i.c.MainClientExec   : ex-0000000D: connection can be kept alive for 3 MINUTES
2024-06-12T14:28:22.233+03:00 DEBUG 12012 --- [URL Shortener] [           main] c.g.d.z.s.o.apache.hc.client5.http.wire  : http-outgoing-1 << "fcb[\r][\n]"
2024-06-12T14:28:22.233+03:00 DEBUG 12012 --- [URL Shortener] [           main] c.g.d.z.s.o.apache.hc.client5.http.wire  : http-outgoing-1 << "{"Id":"sha256:cff6b68a194a672fd337d8728bfb252071012cce6f0f2ed760988f7bc63a89d2","RepoTags":["postgres:latest"],"RepoDigests":["postgres@sha256:1bf73ccae25238fa555100080042f0b2f9be08eb757e200fe6afc1fc413a1b3c"],"Parent":"","Comment":"buildkit.dockerfile.v0","Created":"2024-05-09T18:58:11Z","Container":"","ContainerConfig":{"Hostname":"","Domainname":"","User":"","AttachStdin":false,"AttachStdout":false,"AttachStderr":false,"Tty":false,"OpenStdin":false,"StdinOnce":false,"Env":null,"Cmd":null,"Image":"","Volumes":null,"WorkingDir":"","Entrypoint":null,"OnBuild":null,"Labels":null},"DockerVersion":"","Author":"","Config":{"Hostname":"","Domainname":"","User":"","AttachStdin":false,"AttachStdout":false,"AttachStderr":false,"ExposedPorts":{"5432/tcp":{}},"Tty":false,"OpenStdin":false,"StdinOnce":false,"Env":["PATH=/usr/local/sbin:/usr/local/bin:/usr/sbin:/usr/bin:/sbin:/bin:/usr/lib/postgresql/16/bin","GOSU_VERSION=1.17","LANG=en_US.utf8","PG_MAJOR=16","PG_VERSION=16.3-1.pgdg120+1","PGDATA=/var/lib/postgresql/data"],"Cmd":["postgres"],"ArgsEscaped":true,"Image":"","Volumes":{"/var/lib/postgresql/data":{}},"WorkingDir":"","Entrypoint":["docker-entrypoint.sh"],"OnBuild":null,"Labels":null,"StopSignal":"SIGINT"},"Architecture":"amd64","Os":"linux","Size":431653614,"VirtualSize":431653614,"GraphDriver":{"Data":{"LowerDir":"/var/lib/docker/overlay2/2cbe3a1a11481afc7adee257a96fbd885a65a5a6b7f47a4b9e39ab13d617ed9f/diff:/var/lib/docker/overlay2/34f0f2835c7fab192b0a09fbaa35e3fde336f3a21db4d551ecb5744f35f022d8/diff:/var/lib/docker/overlay2/91c1ab49fbf459c6ac614f4f21e302f21d4a65eae0c0df9e5fd257fec8b8dac7/diff:/var/lib/docker/overlay2/c047fdb7a36e3127654f971b9e00f52a192b9425d14315e2be62531cbf859c1c/diff:/var/lib/docker/overlay2/f17ff6a2434319a3d0da9c06f159a651e34677f6555cedd9fa5cd4a243a4cf00/diff:/var/lib/docker/overlay2/d3896bdbfb55d53cc96483830bf86d746e709698c5870461b76a606235034e2c/diff:/var/lib/docker/overlay2/17bbcad0aa3d49db9143caa84bf36ac80a1e2abb4465494be53788fdf15136bc/diff:/var/lib/docker/overlay2/d3ba0002826ba8dc8a50ec5b5f40f8eeecc49aed69b7e4852b2c17d4e3bc7673/diff:/var/lib/docker/overlay2/b025c0d3f178bdae3585ff4493fb402ddac780bb0dc86a6e2a4bd16fd5df4fd0/diff:/var/lib/docker/overlay2/b34b03430c91db007405bdcdabdee4d661413c4a546d47aa4933ae256c8c1f83/diff:/var/lib/docker/overlay2/d4b461868c979b00a1a4f4e75535982f2a3b2f76c5b58eae99e5b0523fc10465/diff:/var/lib/docker/overlay2/a2edc56609840a14728ce10afbb50ca5b6a9dcfe1138d7a04954c1b2dfcd9724/diff:/var/lib/docker/overlay2/1d7e1c282144b7b877f2e2cfc223d536f406a3e5cf43804aff3d6b54f674eee8/diff","MergedDir":"/var/lib/docker/overlay2/db451d0433a46fa45e17cc0eae406c512a577a19aed597a6dcd152aa60abc9db/merged","UpperDir":"/var/lib/docker/overlay2/db451d0433a46fa45e17cc0eae406c512a577a19aed597a6dcd152aa60abc9db/diff","WorkDir":"/var/lib/docker/overlay2/db451d0433a46fa45e17cc0eae406c512a577a19aed597a6dcd152aa60abc9db/work"},"Name":"overlay2"},"RootFS":{"Type":"layers","Layers":["sha256:5d4427064ecc46e3c2add169e9b5eafc7ed2be7861081ec925938ab628ac0e25","sha256:57894dcaf5108dedc56cc6ab4fd1d8d472ae2accacdd6eab44c0c4243ba62a09","sha256:9af485ccec7d0f90c6080635fb714feaf1b360de056de3e04c0bdd17c74cc6ed","sha256:f17a5779355c3023eec438611def97db7084a827162127cd2752c1439d60a0b0","sha256:cbb41ec61839ae723b8f2e990047a7bfe1aa0b03c48ab2697be25cf6ee6c8486","sha256:ce09ab8e7a22a84fe4ec04bfe2e5554795a8676096710b41e1743097f9d32ac6","sha256:ad0852652b20792ec91e18d238c592ea10d8403d9209ee0f4fa96acb75b1d354","sha256:1c2f607c2a1eb2ebee1408395e389d84dc4df1e90d2ec9040998a5cb59026b13","sha256:92d4f28dafb9282ea143c07e9233550221e24de0f5e34594b62b907830fb4e9d","sha256:90cc38f521435434e484909fba474692b9bac55b15ddc38b3ca63dd45781ee67","sha256:d4e5929810590bf951a872f05fb700c1d05fe163ae0035a20a3f53bd9f608667","sha256:ecb659300c0050b257e8629822212cf3dca810c7ebd43837fd3e4c988a3cf0e1","sha256:9690a18c63c8789ce0003f0da355ee393b9100185a2c5d0b8967ed0dd582096b","sha256:ea50a959d3b14f43d71eb7835f63db1273f982dbefdedc9638ec2326d027ae35"]},"Metadata":{"LastTagTime":"0001-01-01T00:00:00Z"}}[\n]"
2024-06-12T14:28:22.233+03:00 DEBUG 12012 --- [URL Shortener] [           main] c.g.d.z.s.o.apache.hc.client5.http.wire  : http-outgoing-1 << "[\r][\n]"
2024-06-12T14:28:22.233+03:00 DEBUG 12012 --- [URL Shortener] [           main] c.g.d.z.s.o.apache.hc.client5.http.wire  : http-outgoing-1 << "0[\r][\n]"
2024-06-12T14:28:22.233+03:00 DEBUG 12012 --- [URL Shortener] [           main] c.g.d.z.s.o.apache.hc.client5.http.wire  : http-outgoing-1 << "[\r][\n]"
2024-06-12T14:28:22.234+03:00 DEBUG 12012 --- [URL Shortener] [           main] g.d.z.s.o.a.h.c.h.i.c.InternalHttpClient : ep-0000000C: releasing valid endpoint
2024-06-12T14:28:22.234+03:00 DEBUG 12012 --- [URL Shortener] [           main] h.i.i.PoolingHttpClientConnectionManager : ep-0000000C: releasing endpoint
2024-06-12T14:28:22.234+03:00 DEBUG 12012 --- [URL Shortener] [           main] h.i.i.PoolingHttpClientConnectionManager : ep-0000000C: connection http-outgoing-1 can be kept alive for 3 MINUTES
2024-06-12T14:28:22.234+03:00 DEBUG 12012 --- [URL Shortener] [           main] h.i.i.PoolingHttpClientConnectionManager : ep-0000000C: connection released [route: {}->npipe://localhost:2375][total available: 1; route allocated: 1 of 2147483647; total allocated: 1 of 2147483647]
2024-06-12T14:28:22.234+03:00 DEBUG 12012 --- [URL Shortener] [           main] o.t.s.c.g.d.core.command.AbstrDockerCmd  : Cmd: 
2024-06-12T14:28:22.234+03:00 DEBUG 12012 --- [URL Shortener] [           main] g.d.z.s.o.a.h.c.h.i.c.InternalHttpClient : ex-0000000E: preparing request execution
2024-06-12T14:28:22.234+03:00 DEBUG 12012 --- [URL Shortener] [           main] c.g.d.z.s.o.a.h.c.h.p.RequestAddCookies  : Cookie spec selected: strict
2024-06-12T14:28:22.235+03:00 DEBUG 12012 --- [URL Shortener] [           main] c.g.d.z.s.o.a.h.c.h.p.RequestAuthCache   : Auth cache not set in the context
2024-06-12T14:28:22.235+03:00 DEBUG 12012 --- [URL Shortener] [           main] c.g.d.z.s.o.a.h.c.h.i.c.ProtocolExec     : ex-0000000E: target auth state: UNCHALLENGED
2024-06-12T14:28:22.235+03:00 DEBUG 12012 --- [URL Shortener] [           main] c.g.d.z.s.o.a.h.c.h.i.c.ProtocolExec     : ex-0000000E: proxy auth state: UNCHALLENGED
2024-06-12T14:28:22.235+03:00 DEBUG 12012 --- [URL Shortener] [           main] c.g.d.z.s.o.a.h.c.h.i.c.ConnectExec      : ex-0000000E: acquiring connection with route {}->npipe://localhost:2375
2024-06-12T14:28:22.235+03:00 DEBUG 12012 --- [URL Shortener] [           main] g.d.z.s.o.a.h.c.h.i.c.InternalHttpClient : ex-0000000E: acquiring endpoint (3 MINUTES)
2024-06-12T14:28:22.235+03:00 DEBUG 12012 --- [URL Shortener] [           main] h.i.i.PoolingHttpClientConnectionManager : ex-0000000E: endpoint lease request (3 MINUTES) [route: {}->npipe://localhost:2375][total available: 1; route allocated: 1 of 2147483647; total allocated: 1 of 2147483647]
2024-06-12T14:28:22.235+03:00 DEBUG 12012 --- [URL Shortener] [           main] h.i.i.PoolingHttpClientConnectionManager : ex-0000000E: endpoint leased [route: {}->npipe://localhost:2375][total available: 0; route allocated: 1 of 2147483647; total allocated: 1 of 2147483647]
2024-06-12T14:28:22.235+03:00 DEBUG 12012 --- [URL Shortener] [           main] h.i.i.PoolingHttpClientConnectionManager : ex-0000000E: acquired ep-0000000D
2024-06-12T14:28:22.235+03:00 DEBUG 12012 --- [URL Shortener] [           main] g.d.z.s.o.a.h.c.h.i.c.InternalHttpClient : ex-0000000E: acquired endpoint ep-0000000D
2024-06-12T14:28:22.235+03:00 DEBUG 12012 --- [URL Shortener] [           main] c.g.d.z.s.o.a.h.c.h.i.c.MainClientExec   : ex-0000000E: executing GET /v1.32/version HTTP/1.1
2024-06-12T14:28:22.235+03:00 DEBUG 12012 --- [URL Shortener] [           main] g.d.z.s.o.a.h.c.h.i.c.InternalHttpClient : ep-0000000D: start execution ex-0000000E
2024-06-12T14:28:22.235+03:00 DEBUG 12012 --- [URL Shortener] [           main] h.i.i.PoolingHttpClientConnectionManager : ep-0000000D: executing exchange ex-0000000E over http-outgoing-1
2024-06-12T14:28:22.235+03:00 DEBUG 12012 --- [URL Shortener] [           main] c.g.d.z.s.o.a.hc.client5.http.headers    : http-outgoing-1 >> GET /v1.32/version HTTP/1.1
2024-06-12T14:28:22.235+03:00 DEBUG 12012 --- [URL Shortener] [           main] c.g.d.z.s.o.a.hc.client5.http.headers    : http-outgoing-1 >> accept: application/json
2024-06-12T14:28:22.235+03:00 DEBUG 12012 --- [URL Shortener] [           main] c.g.d.z.s.o.a.hc.client5.http.headers    : http-outgoing-1 >> x-tc-sid: 7171fa07-21e4-4858-9670-1c8520dc0b21
2024-06-12T14:28:22.235+03:00 DEBUG 12012 --- [URL Shortener] [           main] c.g.d.z.s.o.a.hc.client5.http.headers    : http-outgoing-1 >> User-Agent: tc-java/1.19.8
2024-06-12T14:28:22.235+03:00 DEBUG 12012 --- [URL Shortener] [           main] c.g.d.z.s.o.a.hc.client5.http.headers    : http-outgoing-1 >> Accept-Encoding: gzip, x-gzip, deflate
2024-06-12T14:28:22.235+03:00 DEBUG 12012 --- [URL Shortener] [           main] c.g.d.z.s.o.a.hc.client5.http.headers    : http-outgoing-1 >> Host: localhost:2375
2024-06-12T14:28:22.235+03:00 DEBUG 12012 --- [URL Shortener] [           main] c.g.d.z.s.o.a.hc.client5.http.headers    : http-outgoing-1 >> Connection: keep-alive
2024-06-12T14:28:22.235+03:00 DEBUG 12012 --- [URL Shortener] [           main] c.g.d.z.s.o.apache.hc.client5.http.wire  : http-outgoing-1 >> "GET /v1.32/version HTTP/1.1[\r][\n]"
2024-06-12T14:28:22.235+03:00 DEBUG 12012 --- [URL Shortener] [           main] c.g.d.z.s.o.apache.hc.client5.http.wire  : http-outgoing-1 >> "accept: application/json[\r][\n]"
2024-06-12T14:28:22.235+03:00 DEBUG 12012 --- [URL Shortener] [           main] c.g.d.z.s.o.apache.hc.client5.http.wire  : http-outgoing-1 >> "x-tc-sid: 7171fa07-21e4-4858-9670-1c8520dc0b21[\r][\n]"
2024-06-12T14:28:22.235+03:00 DEBUG 12012 --- [URL Shortener] [           main] c.g.d.z.s.o.apache.hc.client5.http.wire  : http-outgoing-1 >> "User-Agent: tc-java/1.19.8[\r][\n]"
2024-06-12T14:28:22.235+03:00 DEBUG 12012 --- [URL Shortener] [           main] c.g.d.z.s.o.apache.hc.client5.http.wire  : http-outgoing-1 >> "Accept-Encoding: gzip, x-gzip, deflate[\r][\n]"
2024-06-12T14:28:22.235+03:00 DEBUG 12012 --- [URL Shortener] [           main] c.g.d.z.s.o.apache.hc.client5.http.wire  : http-outgoing-1 >> "Host: localhost:2375[\r][\n]"
2024-06-12T14:28:22.235+03:00 DEBUG 12012 --- [URL Shortener] [           main] c.g.d.z.s.o.apache.hc.client5.http.wire  : http-outgoing-1 >> "Connection: keep-alive[\r][\n]"
2024-06-12T14:28:22.235+03:00 DEBUG 12012 --- [URL Shortener] [           main] c.g.d.z.s.o.apache.hc.client5.http.wire  : http-outgoing-1 >> "[\r][\n]"
2024-06-12T14:28:22.243+03:00 DEBUG 12012 --- [URL Shortener] [           main] c.g.d.z.s.o.apache.hc.client5.http.wire  : http-outgoing-1 << "HTTP/1.1 200 OK[\r][\n]"
2024-06-12T14:28:22.243+03:00 DEBUG 12012 --- [URL Shortener] [           main] c.g.d.z.s.o.apache.hc.client5.http.wire  : http-outgoing-1 << "Api-Version: 1.43[\r][\n]"
2024-06-12T14:28:22.243+03:00 DEBUG 12012 --- [URL Shortener] [           main] c.g.d.z.s.o.apache.hc.client5.http.wire  : http-outgoing-1 << "Content-Type: application/json[\r][\n]"
2024-06-12T14:28:22.243+03:00 DEBUG 12012 --- [URL Shortener] [           main] c.g.d.z.s.o.apache.hc.client5.http.wire  : http-outgoing-1 << "Date: Wed, 12 Jun 2024 11:28:22 GMT[\r][\n]"
2024-06-12T14:28:22.243+03:00 DEBUG 12012 --- [URL Shortener] [           main] c.g.d.z.s.o.apache.hc.client5.http.wire  : http-outgoing-1 << "Docker-Experimental: false[\r][\n]"
2024-06-12T14:28:22.243+03:00 DEBUG 12012 --- [URL Shortener] [           main] c.g.d.z.s.o.apache.hc.client5.http.wire  : http-outgoing-1 << "Ostype: linux[\r][\n]"
2024-06-12T14:28:22.243+03:00 DEBUG 12012 --- [URL Shortener] [           main] c.g.d.z.s.o.apache.hc.client5.http.wire  : http-outgoing-1 << "Server: Docker/24.0.7 (linux)[\r][\n]"
2024-06-12T14:28:22.243+03:00 DEBUG 12012 --- [URL Shortener] [           main] c.g.d.z.s.o.apache.hc.client5.http.wire  : http-outgoing-1 << "Transfer-Encoding: chunked[\r][\n]"
2024-06-12T14:28:22.243+03:00 DEBUG 12012 --- [URL Shortener] [           main] c.g.d.z.s.o.apache.hc.client5.http.wire  : http-outgoing-1 << "[\r][\n]"
2024-06-12T14:28:22.243+03:00 DEBUG 12012 --- [URL Shortener] [           main] c.g.d.z.s.o.a.hc.client5.http.headers    : http-outgoing-1 << HTTP/1.1 200 OK
2024-06-12T14:28:22.243+03:00 DEBUG 12012 --- [URL Shortener] [           main] c.g.d.z.s.o.a.hc.client5.http.headers    : http-outgoing-1 << Api-Version: 1.43
2024-06-12T14:28:22.243+03:00 DEBUG 12012 --- [URL Shortener] [           main] c.g.d.z.s.o.a.hc.client5.http.headers    : http-outgoing-1 << Content-Type: application/json
2024-06-12T14:28:22.243+03:00 DEBUG 12012 --- [URL Shortener] [           main] c.g.d.z.s.o.a.hc.client5.http.headers    : http-outgoing-1 << Date: Wed, 12 Jun 2024 11:28:22 GMT
2024-06-12T14:28:22.243+03:00 DEBUG 12012 --- [URL Shortener] [           main] c.g.d.z.s.o.a.hc.client5.http.headers    : http-outgoing-1 << Docker-Experimental: false
2024-06-12T14:28:22.243+03:00 DEBUG 12012 --- [URL Shortener] [           main] c.g.d.z.s.o.a.hc.client5.http.headers    : http-outgoing-1 << Ostype: linux
2024-06-12T14:28:22.243+03:00 DEBUG 12012 --- [URL Shortener] [           main] c.g.d.z.s.o.a.hc.client5.http.headers    : http-outgoing-1 << Server: Docker/24.0.7 (linux)
2024-06-12T14:28:22.243+03:00 DEBUG 12012 --- [URL Shortener] [           main] c.g.d.z.s.o.a.hc.client5.http.headers    : http-outgoing-1 << Transfer-Encoding: chunked
2024-06-12T14:28:22.243+03:00 DEBUG 12012 --- [URL Shortener] [           main] c.g.d.z.s.o.a.h.c.h.i.c.MainClientExec   : ex-0000000E: connection can be kept alive for 3 MINUTES
2024-06-12T14:28:22.244+03:00 DEBUG 12012 --- [URL Shortener] [           main] c.g.d.z.s.o.apache.hc.client5.http.wire  : http-outgoing-1 << "361[\r][\n]"
2024-06-12T14:28:22.244+03:00 DEBUG 12012 --- [URL Shortener] [           main] c.g.d.z.s.o.apache.hc.client5.http.wire  : http-outgoing-1 << "{"Platform":{"Name":"Docker Desktop 4.26.1 (131620)"},"Components":[{"Name":"Engine","Version":"24.0.7","Details":{"ApiVersion":"1.43","Arch":"amd64","BuildTime":"2023-10-26T09:08:02.000000000+00:00","Experimental":"false","GitCommit":"311b9ff","GoVersion":"go1.20.10","KernelVersion":"5.15.133.1-microsoft-standard-WSL2","MinAPIVersion":"1.12","Os":"linux"}},{"Name":"containerd","Version":"1.6.25","Details":{"GitCommit":"d8f198a4ed8892c764191ef7b3b06d8a2eeb5c7f"}},{"Name":"runc","Version":"1.1.10","Details":{"GitCommit":"v1.1.10-0-g18a0cb0"}},{"Name":"docker-init","Version":"0.19.0","Details":{"GitCommit":"de40ad0"}}],"Version":"24.0.7","ApiVersion":"1.43","MinAPIVersion":"1.12","GitCommit":"311b9ff","GoVersion":"go1.20.10","Os":"linux","Arch":"amd64","KernelVersion":"5.15.133.1-microsoft-standard-WSL2","BuildTime":"2023-10-26T09:08:02.000000000+00:00"}[\n]"
2024-06-12T14:28:22.244+03:00 DEBUG 12012 --- [URL Shortener] [           main] c.g.d.z.s.o.apache.hc.client5.http.wire  : http-outgoing-1 << "[\r][\n]"
2024-06-12T14:28:22.244+03:00 DEBUG 12012 --- [URL Shortener] [           main] c.g.d.z.s.o.apache.hc.client5.http.wire  : http-outgoing-1 << "0[\r][\n]"
2024-06-12T14:28:22.244+03:00 DEBUG 12012 --- [URL Shortener] [           main] c.g.d.z.s.o.apache.hc.client5.http.wire  : http-outgoing-1 << "[\r][\n]"
2024-06-12T14:28:22.245+03:00 DEBUG 12012 --- [URL Shortener] [           main] g.d.z.s.o.a.h.c.h.i.c.InternalHttpClient : ep-0000000D: releasing valid endpoint
2024-06-12T14:28:22.245+03:00 DEBUG 12012 --- [URL Shortener] [           main] h.i.i.PoolingHttpClientConnectionManager : ep-0000000D: releasing endpoint
2024-06-12T14:28:22.245+03:00 DEBUG 12012 --- [URL Shortener] [           main] h.i.i.PoolingHttpClientConnectionManager : ep-0000000D: connection http-outgoing-1 can be kept alive for 3 MINUTES
2024-06-12T14:28:22.245+03:00 DEBUG 12012 --- [URL Shortener] [           main] h.i.i.PoolingHttpClientConnectionManager : ep-0000000D: connection released [route: {}->npipe://localhost:2375][total available: 1; route allocated: 1 of 2147483647; total allocated: 1 of 2147483647]
2024-06-12T14:28:22.246+03:00 DEBUG 12012 --- [URL Shortener] [stream-66990811] g.d.z.s.o.a.h.c.h.i.c.InternalHttpClient : ex-0000000F: preparing request execution
2024-06-12T14:28:22.246+03:00 DEBUG 12012 --- [URL Shortener] [stream-66990811] c.g.d.z.s.o.a.h.c.h.p.RequestAddCookies  : Cookie spec selected: strict
2024-06-12T14:28:22.246+03:00 DEBUG 12012 --- [URL Shortener] [stream-66990811] c.g.d.z.s.o.a.h.c.h.p.RequestAuthCache   : Auth cache not set in the context
2024-06-12T14:28:22.246+03:00 DEBUG 12012 --- [URL Shortener] [stream-66990811] c.g.d.z.s.o.a.h.c.h.i.c.ProtocolExec     : ex-0000000F: target auth state: UNCHALLENGED
2024-06-12T14:28:22.246+03:00 DEBUG 12012 --- [URL Shortener] [stream-66990811] c.g.d.z.s.o.a.h.c.h.i.c.ProtocolExec     : ex-0000000F: proxy auth state: UNCHALLENGED
2024-06-12T14:28:22.246+03:00 DEBUG 12012 --- [URL Shortener] [stream-66990811] c.g.d.z.s.o.a.h.c.h.i.c.ConnectExec      : ex-0000000F: acquiring connection with route {}->npipe://localhost:2375
2024-06-12T14:28:22.247+03:00 DEBUG 12012 --- [URL Shortener] [stream-66990811] g.d.z.s.o.a.h.c.h.i.c.InternalHttpClient : ex-0000000F: acquiring endpoint (3 MINUTES)
2024-06-12T14:28:22.247+03:00 DEBUG 12012 --- [URL Shortener] [stream-66990811] h.i.i.PoolingHttpClientConnectionManager : ex-0000000F: endpoint lease request (3 MINUTES) [route: {}->npipe://localhost:2375][total available: 1; route allocated: 1 of 2147483647; total allocated: 1 of 2147483647]
2024-06-12T14:28:22.247+03:00 DEBUG 12012 --- [URL Shortener] [stream-66990811] h.i.i.PoolingHttpClientConnectionManager : ex-0000000F: endpoint leased [route: {}->npipe://localhost:2375][total available: 0; route allocated: 1 of 2147483647; total allocated: 1 of 2147483647]
2024-06-12T14:28:22.247+03:00 DEBUG 12012 --- [URL Shortener] [stream-66990811] h.i.i.PoolingHttpClientConnectionManager : ex-0000000F: acquired ep-0000000E
2024-06-12T14:28:22.247+03:00 DEBUG 12012 --- [URL Shortener] [stream-66990811] g.d.z.s.o.a.h.c.h.i.c.InternalHttpClient : ex-0000000F: acquired endpoint ep-0000000E
2024-06-12T14:28:22.247+03:00 DEBUG 12012 --- [URL Shortener] [stream-66990811] c.g.d.z.s.o.a.h.c.h.i.c.MainClientExec   : ex-0000000F: executing GET /v1.32/containers/ab4a4bbf68160b73442767e8f34c7603fb40a4eff7b1d8ad84334704fc448da2/logs?stdout=true&stderr=true&follow=true&since=0 HTTP/1.1
2024-06-12T14:28:22.247+03:00 DEBUG 12012 --- [URL Shortener] [stream-66990811] g.d.z.s.o.a.h.c.h.i.c.InternalHttpClient : ep-0000000E: start execution ex-0000000F
2024-06-12T14:28:22.247+03:00 DEBUG 12012 --- [URL Shortener] [stream-66990811] h.i.i.PoolingHttpClientConnectionManager : ep-0000000E: executing exchange ex-0000000F over http-outgoing-1
2024-06-12T14:28:22.247+03:00 DEBUG 12012 --- [URL Shortener] [stream-66990811] c.g.d.z.s.o.a.hc.client5.http.headers    : http-outgoing-1 >> GET /v1.32/containers/ab4a4bbf68160b73442767e8f34c7603fb40a4eff7b1d8ad84334704fc448da2/logs?stdout=true&stderr=true&follow=true&since=0 HTTP/1.1
2024-06-12T14:28:22.247+03:00 DEBUG 12012 --- [URL Shortener] [stream-66990811] c.g.d.z.s.o.a.hc.client5.http.headers    : http-outgoing-1 >> x-tc-sid: 7171fa07-21e4-4858-9670-1c8520dc0b21
2024-06-12T14:28:22.247+03:00 DEBUG 12012 --- [URL Shortener] [stream-66990811] c.g.d.z.s.o.a.hc.client5.http.headers    : http-outgoing-1 >> User-Agent: tc-java/1.19.8
2024-06-12T14:28:22.247+03:00 DEBUG 12012 --- [URL Shortener] [stream-66990811] c.g.d.z.s.o.a.hc.client5.http.headers    : http-outgoing-1 >> Accept-Encoding: gzip, x-gzip, deflate
2024-06-12T14:28:22.247+03:00 DEBUG 12012 --- [URL Shortener] [stream-66990811] c.g.d.z.s.o.a.hc.client5.http.headers    : http-outgoing-1 >> Host: localhost:2375
2024-06-12T14:28:22.247+03:00 DEBUG 12012 --- [URL Shortener] [stream-66990811] c.g.d.z.s.o.a.hc.client5.http.headers    : http-outgoing-1 >> Connection: keep-alive
2024-06-12T14:28:22.247+03:00 DEBUG 12012 --- [URL Shortener] [stream-66990811] c.g.d.z.s.o.apache.hc.client5.http.wire  : http-outgoing-1 >> "GET /v1.32/containers/ab4a4bbf68160b73442767e8f34c7603fb40a4eff7b1d8ad84334704fc448da2/logs?stdout=true&stderr=true&follow=true&since=0 HTTP/1.1[\r][\n]"
2024-06-12T14:28:22.247+03:00 DEBUG 12012 --- [URL Shortener] [stream-66990811] c.g.d.z.s.o.apache.hc.client5.http.wire  : http-outgoing-1 >> "x-tc-sid: 7171fa07-21e4-4858-9670-1c8520dc0b21[\r][\n]"
2024-06-12T14:28:22.247+03:00 DEBUG 12012 --- [URL Shortener] [stream-66990811] c.g.d.z.s.o.apache.hc.client5.http.wire  : http-outgoing-1 >> "User-Agent: tc-java/1.19.8[\r][\n]"
2024-06-12T14:28:22.247+03:00 DEBUG 12012 --- [URL Shortener] [stream-66990811] c.g.d.z.s.o.apache.hc.client5.http.wire  : http-outgoing-1 >> "Accept-Encoding: gzip, x-gzip, deflate[\r][\n]"
2024-06-12T14:28:22.247+03:00 DEBUG 12012 --- [URL Shortener] [stream-66990811] c.g.d.z.s.o.apache.hc.client5.http.wire  : http-outgoing-1 >> "Host: localhost:2375[\r][\n]"
2024-06-12T14:28:22.247+03:00 DEBUG 12012 --- [URL Shortener] [stream-66990811] c.g.d.z.s.o.apache.hc.client5.http.wire  : http-outgoing-1 >> "Connection: keep-alive[\r][\n]"
2024-06-12T14:28:22.247+03:00 DEBUG 12012 --- [URL Shortener] [stream-66990811] c.g.d.z.s.o.apache.hc.client5.http.wire  : http-outgoing-1 >> "[\r][\n]"
2024-06-12T14:28:22.251+03:00 DEBUG 12012 --- [URL Shortener] [stream-66990811] c.g.d.z.s.o.apache.hc.client5.http.wire  : http-outgoing-1 << "HTTP/1.1 200 OK[\r][\n]"
2024-06-12T14:28:22.251+03:00 DEBUG 12012 --- [URL Shortener] [stream-66990811] c.g.d.z.s.o.apache.hc.client5.http.wire  : http-outgoing-1 << "Api-Version: 1.43[\r][\n]"
2024-06-12T14:28:22.251+03:00 DEBUG 12012 --- [URL Shortener] [stream-66990811] c.g.d.z.s.o.apache.hc.client5.http.wire  : http-outgoing-1 << "Content-Type: application/vnd.docker.raw-stream[\r][\n]"
2024-06-12T14:28:22.251+03:00 DEBUG 12012 --- [URL Shortener] [stream-66990811] c.g.d.z.s.o.apache.hc.client5.http.wire  : http-outgoing-1 << "Date: Wed, 12 Jun 2024 11:28:22 GMT[\r][\n]"
2024-06-12T14:28:22.251+03:00 DEBUG 12012 --- [URL Shortener] [stream-66990811] c.g.d.z.s.o.apache.hc.client5.http.wire  : http-outgoing-1 << "Docker-Experimental: false[\r][\n]"
2024-06-12T14:28:22.251+03:00 DEBUG 12012 --- [URL Shortener] [stream-66990811] c.g.d.z.s.o.apache.hc.client5.http.wire  : http-outgoing-1 << "Ostype: linux[\r][\n]"
2024-06-12T14:28:22.251+03:00 DEBUG 12012 --- [URL Shortener] [stream-66990811] c.g.d.z.s.o.apache.hc.client5.http.wire  : http-outgoing-1 << "Server: Docker/24.0.7 (linux)[\r][\n]"
2024-06-12T14:28:22.251+03:00 DEBUG 12012 --- [URL Shortener] [stream-66990811] c.g.d.z.s.o.apache.hc.client5.http.wire  : http-outgoing-1 << "Transfer-Encoding: chunked[\r][\n]"
2024-06-12T14:28:22.251+03:00 DEBUG 12012 --- [URL Shortener] [stream-66990811] c.g.d.z.s.o.apache.hc.client5.http.wire  : http-outgoing-1 << "[\r][\n]"
2024-06-12T14:28:22.252+03:00 DEBUG 12012 --- [URL Shortener] [stream-66990811] c.g.d.z.s.o.a.hc.client5.http.headers    : http-outgoing-1 << HTTP/1.1 200 OK
2024-06-12T14:28:22.252+03:00 DEBUG 12012 --- [URL Shortener] [stream-66990811] c.g.d.z.s.o.a.hc.client5.http.headers    : http-outgoing-1 << Api-Version: 1.43
2024-06-12T14:28:22.252+03:00 DEBUG 12012 --- [URL Shortener] [stream-66990811] c.g.d.z.s.o.a.hc.client5.http.headers    : http-outgoing-1 << Content-Type: application/vnd.docker.raw-stream
2024-06-12T14:28:22.252+03:00 DEBUG 12012 --- [URL Shortener] [stream-66990811] c.g.d.z.s.o.a.hc.client5.http.headers    : http-outgoing-1 << Date: Wed, 12 Jun 2024 11:28:22 GMT
2024-06-12T14:28:22.252+03:00 DEBUG 12012 --- [URL Shortener] [stream-66990811] c.g.d.z.s.o.a.hc.client5.http.headers    : http-outgoing-1 << Docker-Experimental: false
2024-06-12T14:28:22.252+03:00 DEBUG 12012 --- [URL Shortener] [stream-66990811] c.g.d.z.s.o.a.hc.client5.http.headers    : http-outgoing-1 << Ostype: linux
2024-06-12T14:28:22.252+03:00 DEBUG 12012 --- [URL Shortener] [stream-66990811] c.g.d.z.s.o.a.hc.client5.http.headers    : http-outgoing-1 << Server: Docker/24.0.7 (linux)
2024-06-12T14:28:22.252+03:00 DEBUG 12012 --- [URL Shortener] [stream-66990811] c.g.d.z.s.o.a.hc.client5.http.headers    : http-outgoing-1 << Transfer-Encoding: chunked
2024-06-12T14:28:22.252+03:00 DEBUG 12012 --- [URL Shortener] [stream-66990811] c.g.d.z.s.o.a.h.c.h.i.c.MainClientExec   : ex-0000000F: connection can be kept alive for 3 MINUTES
2024-06-12T14:28:22.252+03:00 DEBUG 12012 --- [URL Shortener] [stream-66990811] c.g.d.z.s.o.apache.hc.client5.http.wire  : http-outgoing-1 << "265[\r][\n]"
2024-06-12T14:28:22.252+03:00 DEBUG 12012 --- [URL Shortener] [stream-66990811] c.g.d.z.s.o.apache.hc.client5.http.wire  : http-outgoing-1 << "[0x1][0x0][0x0][0x0][0x0][0x0][0x0]NThe files belonging to this database system will be owned by user "postgres".[\n]"
2024-06-12T14:28:22.252+03:00 DEBUG 12012 --- [URL Shortener] [stream-66990811] c.g.d.z.s.o.apache.hc.client5.http.wire  : http-outgoing-1 << "[0x1][0x0][0x0][0x0][0x0][0x0][0x0],This user must also own the server process.[\n]"
2024-06-12T14:28:22.252+03:00 DEBUG 12012 --- [URL Shortener] [stream-66990811] c.g.d.z.s.o.apache.hc.client5.http.wire  : http-outgoing-1 << "[0x1][0x0][0x0][0x0][0x0][0x0][0x0][0x1][\n]"
2024-06-12T14:28:22.252+03:00 DEBUG 12012 --- [URL Shortener] [stream-66990811] c.g.d.z.s.o.apache.hc.client5.http.wire  : http-outgoing-1 << "[0x1][0x0][0x0][0x0][0x0][0x0][0x0]CThe database cluster will be initialized with locale "en_US.utf8".[\n]"
2024-06-12T14:28:22.252+03:00 DEBUG 12012 --- [URL Shortener] [stream-66990811] c.g.d.z.s.o.apache.hc.client5.http.wire  : http-outgoing-1 << "[0x1][0x0][0x0][0x0][0x0][0x0][0x0]BThe default database encoding has accordingly been set to "UTF8".[\n]"
2024-06-12T14:28:22.252+03:00 DEBUG 12012 --- [URL Shortener] [stream-66990811] c.g.d.z.s.o.apache.hc.client5.http.wire  : http-outgoing-1 << "[0x1][0x0][0x0][0x0][0x0][0x0][0x0]@The default text search configuration will be set to "english".[\n]"
2024-06-12T14:28:22.252+03:00 DEBUG 12012 --- [URL Shortener] [stream-66990811] c.g.d.z.s.o.apache.hc.client5.http.wire  : http-outgoing-1 << "[0x1][0x0][0x0][0x0][0x0][0x0][0x0][0x1][\n]"
2024-06-12T14:28:22.252+03:00 DEBUG 12012 --- [URL Shortener] [stream-66990811] c.g.d.z.s.o.apache.hc.client5.http.wire  : http-outgoing-1 << "[0x1][0x0][0x0][0x0][0x0][0x0][0x0]"Data page checksums are disabled.[\n]"
2024-06-12T14:28:22.252+03:00 DEBUG 12012 --- [URL Shortener] [stream-66990811] c.g.d.z.s.o.apache.hc.client5.http.wire  : http-outgoing-1 << "[0x1][0x0][0x0][0x0][0x0][0x0][0x0][0x1][\n]"
2024-06-12T14:28:22.252+03:00 DEBUG 12012 --- [URL Shortener] [stream-66990811] c.g.d.z.s.o.apache.hc.client5.http.wire  : http-outgoing-1 << "[0x1][0x0][0x0][0x0][0x0][0x0][0x0]Ifixing permissions on existing directory /var/lib/postgresql/data ... ok[\n]"
2024-06-12T14:28:22.252+03:00 DEBUG 12012 --- [URL Shortener] [stream-66990811] c.g.d.z.s.o.apache.hc.client5.http.wire  : http-outgoing-1 << "[0x1][0x0][0x0][0x0][0x0][0x0][0x0][0x1f]creating subdirectories ... ok[\n]"
2024-06-12T14:28:22.252+03:00 DEBUG 12012 --- [URL Shortener] [stream-66990811] c.g.d.z.s.o.apache.hc.client5.http.wire  : http-outgoing-1 << "[0x1][0x0][0x0][0x0][0x0][0x0][0x0]9selecting dynamic shared memory implementation ... posix[\n]"
2024-06-12T14:28:22.252+03:00 DEBUG 12012 --- [URL Shortener] [stream-66990811] c.g.d.z.s.o.apache.hc.client5.http.wire  : http-outgoing-1 << "[\r][\n]"
2024-06-12T14:28:22.252+03:00 DEBUG 12012 --- [URL Shortener] [           main] o.t.containers.output.WaitingConsumer    : STDOUT: The files belonging to this database system will be owned by user "postgres".
2024-06-12T14:28:22.253+03:00 DEBUG 12012 --- [URL Shortener] [           main] o.t.containers.output.WaitingConsumer    : STDOUT: Data page checksums are disabled.
2024-06-12T14:28:22.253+03:00 DEBUG 12012 --- [URL Shortener] [           main] o.t.containers.output.WaitingConsumer    : STDOUT: selecting dynamic shared memory implementation ... posix
2024-06-12T14:28:22.253+03:00 DEBUG 12012 --- [URL Shortener] [           main] o.t.containers.output.WaitingConsumer    : STDOUT: creating subdirectories ... ok
2024-06-12T14:28:22.253+03:00 DEBUG 12012 --- [URL Shortener] [           main] o.t.containers.output.WaitingConsumer    : STDOUT: fixing permissions on existing directory /var/lib/postgresql/data ... ok
2024-06-12T14:28:22.253+03:00 DEBUG 12012 --- [URL Shortener] [           main] o.t.containers.output.WaitingConsumer    : STDOUT: 
2024-06-12T14:28:22.253+03:00 DEBUG 12012 --- [URL Shortener] [           main] o.t.containers.output.WaitingConsumer    : STDOUT: 
2024-06-12T14:28:22.253+03:00 DEBUG 12012 --- [URL Shortener] [           main] o.t.containers.output.WaitingConsumer    : STDOUT: The default text search configuration will be set to "english".
2024-06-12T14:28:22.253+03:00 DEBUG 12012 --- [URL Shortener] [           main] o.t.containers.output.WaitingConsumer    : STDOUT: The default database encoding has accordingly been set to "UTF8".
2024-06-12T14:28:22.253+03:00 DEBUG 12012 --- [URL Shortener] [           main] o.t.containers.output.WaitingConsumer    : STDOUT: The database cluster will be initialized with locale "en_US.utf8".
2024-06-12T14:28:22.254+03:00 DEBUG 12012 --- [URL Shortener] [           main] o.t.containers.output.WaitingConsumer    : STDOUT: 
2024-06-12T14:28:22.254+03:00 DEBUG 12012 --- [URL Shortener] [           main] o.t.containers.output.WaitingConsumer    : STDOUT: This user must also own the server process.
2024-06-12T14:28:22.269+03:00 DEBUG 12012 --- [URL Shortener] [stream-66990811] c.g.d.z.s.o.apache.hc.client5.http.wire  : http-outgoing-1 << "32[\r][\n]"
2024-06-12T14:28:22.269+03:00 DEBUG 12012 --- [URL Shortener] [stream-66990811] c.g.d.z.s.o.apache.hc.client5.http.wire  : http-outgoing-1 << "[0x1][0x0][0x0][0x0][0x0][0x0][0x0]*selecting default max_connections ... 100[\n]"
2024-06-12T14:28:22.269+03:00 DEBUG 12012 --- [URL Shortener] [stream-66990811] c.g.d.z.s.o.apache.hc.client5.http.wire  : http-outgoing-1 << "[\r][\n]"
2024-06-12T14:28:22.274+03:00 DEBUG 12012 --- [URL Shortener] [           main] o.t.containers.output.WaitingConsumer    : STDOUT: selecting default max_connections ... 100
2024-06-12T14:28:22.283+03:00 DEBUG 12012 --- [URL Shortener] [stream-66990811] c.g.d.z.s.o.apache.hc.client5.http.wire  : http-outgoing-1 << "33[\r][\n]"
2024-06-12T14:28:22.283+03:00 DEBUG 12012 --- [URL Shortener] [stream-66990811] c.g.d.z.s.o.apache.hc.client5.http.wire  : http-outgoing-1 << "[0x1][0x0][0x0][0x0][0x0][0x0][0x0]+selecting default shared_buffers ... 128MB[\n]"
2024-06-12T14:28:22.283+03:00 DEBUG 12012 --- [URL Shortener] [stream-66990811] c.g.d.z.s.o.apache.hc.client5.http.wire  : http-outgoing-1 << "[\r][\n]"
2024-06-12T14:28:22.289+03:00 DEBUG 12012 --- [URL Shortener] [           main] o.t.containers.output.WaitingConsumer    : STDOUT: selecting default shared_buffers ... 128MB
2024-06-12T14:28:22.291+03:00 DEBUG 12012 --- [URL Shortener] [stream-66990811] c.g.d.z.s.o.apache.hc.client5.http.wire  : http-outgoing-1 << "30[\r][\n]"
2024-06-12T14:28:22.292+03:00 DEBUG 12012 --- [URL Shortener] [stream-66990811] c.g.d.z.s.o.apache.hc.client5.http.wire  : http-outgoing-1 << "[0x1][0x0][0x0][0x0][0x0][0x0][0x0](selecting default time zone ... Etc/UTC[\n]"
2024-06-12T14:28:22.292+03:00 DEBUG 12012 --- [URL Shortener] [stream-66990811] c.g.d.z.s.o.apache.hc.client5.http.wire  : http-outgoing-1 << "[\r][\n]"
2024-06-12T14:28:22.292+03:00 DEBUG 12012 --- [URL Shortener] [stream-66990811] c.g.d.z.s.o.apache.hc.client5.http.wire  : http-outgoing-1 << "2c[\r][\n]"
2024-06-12T14:28:22.292+03:00 DEBUG 12012 --- [URL Shortener] [stream-66990811] c.g.d.z.s.o.apache.hc.client5.http.wire  : http-outgoing-1 << "[0x1][0x0][0x0][0x0][0x0][0x0][0x0]$creating configuration files ... ok[\n]"
2024-06-12T14:28:22.292+03:00 DEBUG 12012 --- [URL Shortener] [stream-66990811] c.g.d.z.s.o.apache.hc.client5.http.wire  : http-outgoing-1 << "[\r][\n]"
2024-06-12T14:28:22.305+03:00 DEBUG 12012 --- [URL Shortener] [           main] o.t.containers.output.WaitingConsumer    : STDOUT: creating configuration files ... ok
2024-06-12T14:28:22.305+03:00 DEBUG 12012 --- [URL Shortener] [           main] o.t.containers.output.WaitingConsumer    : STDOUT: selecting default time zone ... Etc/UTC
2024-06-12T14:28:22.383+03:00 DEBUG 12012 --- [URL Shortener] [stream-66990811] c.g.d.z.s.o.apache.hc.client5.http.wire  : http-outgoing-1 << "28[\r][\n]"
2024-06-12T14:28:22.383+03:00 DEBUG 12012 --- [URL Shortener] [stream-66990811] c.g.d.z.s.o.apache.hc.client5.http.wire  : http-outgoing-1 << "[0x1][0x0][0x0][0x0][0x0][0x0][0x0] running bootstrap script ... ok[\n]"
2024-06-12T14:28:22.383+03:00 DEBUG 12012 --- [URL Shortener] [stream-66990811] c.g.d.z.s.o.apache.hc.client5.http.wire  : http-outgoing-1 << "[\r][\n]"
2024-06-12T14:28:22.384+03:00 DEBUG 12012 --- [URL Shortener] [           main] o.t.containers.output.WaitingConsumer    : STDOUT: running bootstrap script ... ok
2024-06-12T14:28:22.678+03:00 DEBUG 12012 --- [URL Shortener] [stream-66990811] c.g.d.z.s.o.apache.hc.client5.http.wire  : http-outgoing-1 << "38[\r][\n]"
2024-06-12T14:28:22.678+03:00 DEBUG 12012 --- [URL Shortener] [stream-66990811] c.g.d.z.s.o.apache.hc.client5.http.wire  : http-outgoing-1 << "[0x1][0x0][0x0][0x0][0x0][0x0][0x0]0performing post-bootstrap initialization ... ok[\n]"
2024-06-12T14:28:22.678+03:00 DEBUG 12012 --- [URL Shortener] [stream-66990811] c.g.d.z.s.o.apache.hc.client5.http.wire  : http-outgoing-1 << "[\r][\n]"
2024-06-12T14:28:22.678+03:00 DEBUG 12012 --- [URL Shortener] [           main] o.t.containers.output.WaitingConsumer    : STDOUT: performing post-bootstrap initialization ... ok
2024-06-12T14:28:22.897+03:00 DEBUG 12012 --- [URL Shortener] [stream-66990811] c.g.d.z.s.o.apache.hc.client5.http.wire  : http-outgoing-1 << "1ad[\r][\n]"
2024-06-12T14:28:22.897+03:00 DEBUG 12012 --- [URL Shortener] [stream-66990811] c.g.d.z.s.o.apache.hc.client5.http.wire  : http-outgoing-1 << "[0x2][0x0][0x0][0x0][0x0][0x0][0x0]Ginitdb: warning: enabling "trust" authentication for local connections[\n]"
2024-06-12T14:28:22.897+03:00 DEBUG 12012 --- [URL Shortener] [stream-66990811] c.g.d.z.s.o.apache.hc.client5.http.wire  : http-outgoing-1 << "[0x1][0x0][0x0][0x0][0x0][0x0][0x0][0x1c]syncing data to disk ... ok[\n]"
2024-06-12T14:28:22.897+03:00 DEBUG 12012 --- [URL Shortener] [stream-66990811] c.g.d.z.s.o.apache.hc.client5.http.wire  : http-outgoing-1 << "[0x1][0x0][0x0][0x0][0x0][0x0][0x0][0x1][\n]"
2024-06-12T14:28:22.897+03:00 DEBUG 12012 --- [URL Shortener] [stream-66990811] c.g.d.z.s.o.apache.hc.client5.http.wire  : http-outgoing-1 << "[0x1][0x0][0x0][0x0][0x0][0x0][0x0][0x1][\n]"
2024-06-12T14:28:22.897+03:00 DEBUG 12012 --- [URL Shortener] [stream-66990811] c.g.d.z.s.o.apache.hc.client5.http.wire  : http-outgoing-1 << "[0x1][0x0][0x0][0x0][0x0][0x0][0x0]6Success. You can now start the database server using:[\n]"
2024-06-12T14:28:22.897+03:00 DEBUG 12012 --- [URL Shortener] [stream-66990811] c.g.d.z.s.o.apache.hc.client5.http.wire  : http-outgoing-1 << "[0x1][0x0][0x0][0x0][0x0][0x0][0x0][0x1][\n]"
2024-06-12T14:28:22.897+03:00 DEBUG 12012 --- [URL Shortener] [stream-66990811] c.g.d.z.s.o.apache.hc.client5.http.wire  : http-outgoing-1 << "[0x1][0x0][0x0][0x0][0x0][0x0][0x0]8    pg_ctl -D /var/lib/postgresql/data -l logfile start[\n]"
2024-06-12T14:28:22.897+03:00 DEBUG 12012 --- [URL Shortener] [stream-66990811] c.g.d.z.s.o.apache.hc.client5.http.wire  : http-outgoing-1 << "[0x1][0x0][0x0][0x0][0x0][0x0][0x0][0x1][\n]"
2024-06-12T14:28:22.897+03:00 DEBUG 12012 --- [URL Shortener] [stream-66990811] c.g.d.z.s.o.apache.hc.client5.http.wire  : http-outgoing-1 << "[0x2][0x0][0x0][0x0][0x0][0x0][0x0][0xffffff90]initdb: hint: You can change this by editing pg_hba.conf or using the option -A, or --auth-local and --auth-host, the next time you run initdb.[\n]"
2024-06-12T14:28:22.897+03:00 DEBUG 12012 --- [URL Shortener] [stream-66990811] c.g.d.z.s.o.apache.hc.client5.http.wire  : http-outgoing-1 << "[\r][\n]"
2024-06-12T14:28:22.897+03:00 DEBUG 12012 --- [URL Shortener] [           main] o.t.containers.output.WaitingConsumer    : STDERR: initdb: warning: enabling "trust" authentication for local connections
2024-06-12T14:28:22.897+03:00 DEBUG 12012 --- [URL Shortener] [           main] o.t.containers.output.WaitingConsumer    : STDOUT:     pg_ctl -D /var/lib/postgresql/data -l logfile start
2024-06-12T14:28:22.897+03:00 DEBUG 12012 --- [URL Shortener] [           main] o.t.containers.output.WaitingConsumer    : STDERR: initdb: hint: You can change this by editing pg_hba.conf or using the option -A, or --auth-local and --auth-host, the next time you run initdb.
2024-06-12T14:28:22.897+03:00 DEBUG 12012 --- [URL Shortener] [           main] o.t.containers.output.WaitingConsumer    : STDOUT: 
2024-06-12T14:28:22.897+03:00 DEBUG 12012 --- [URL Shortener] [           main] o.t.containers.output.WaitingConsumer    : STDOUT: 
2024-06-12T14:28:22.897+03:00 DEBUG 12012 --- [URL Shortener] [           main] o.t.containers.output.WaitingConsumer    : STDOUT: Success. You can now start the database server using:
2024-06-12T14:28:22.897+03:00 DEBUG 12012 --- [URL Shortener] [           main] o.t.containers.output.WaitingConsumer    : STDOUT: 
2024-06-12T14:28:22.897+03:00 DEBUG 12012 --- [URL Shortener] [           main] o.t.containers.output.WaitingConsumer    : STDOUT: 
2024-06-12T14:28:22.897+03:00 DEBUG 12012 --- [URL Shortener] [           main] o.t.containers.output.WaitingConsumer    : STDOUT: syncing data to disk ... ok
2024-06-12T14:28:22.928+03:00 DEBUG 12012 --- [URL Shortener] [stream-66990811] c.g.d.z.s.o.apache.hc.client5.http.wire  : http-outgoing-1 << "137[\r][\n]"
2024-06-12T14:28:22.928+03:00 DEBUG 12012 --- [URL Shortener] [stream-66990811] c.g.d.z.s.o.apache.hc.client5.http.wire  : http-outgoing-1 << "[0x1][0x0][0x0][0x0][0x0][0x0][0x0][0xffffffc3]waiting for server to start....2024-06-12 11:28:22.927 UTC [48] LOG:  starting PostgreSQL 16.3 (Debian 16.3-1.pgdg120+1) on x86_64-pc-linux-gnu, compiled by gcc (Debian 12.2.0-14) 12.2.0, 64-bit[\n]"
2024-06-12T14:28:22.928+03:00 DEBUG 12012 --- [URL Shortener] [stream-66990811] c.g.d.z.s.o.apache.hc.client5.http.wire  : http-outgoing-1 << "[0x1][0x0][0x0][0x0][0x0][0x0][0x0]d2024-06-12 11:28:22.927 UTC [48] LOG:  listening on Unix socket "/var/run/postgresql/.s.PGSQL.5432"[\n]"
2024-06-12T14:28:22.928+03:00 DEBUG 12012 --- [URL Shortener] [stream-66990811] c.g.d.z.s.o.apache.hc.client5.http.wire  : http-outgoing-1 << "[\r][\n]"
2024-06-12T14:28:22.928+03:00 DEBUG 12012 --- [URL Shortener] [           main] o.t.containers.output.WaitingConsumer    : STDOUT: waiting for server to start....2024-06-12 11:28:22.927 UTC [48] LOG:  starting PostgreSQL 16.3 (Debian 16.3-1.pgdg120+1) on x86_64-pc-linux-gnu, compiled by gcc (Debian 12.2.0-14) 12.2.0, 64-bit
2024-06-12T14:28:22.928+03:00 DEBUG 12012 --- [URL Shortener] [           main] o.t.containers.output.WaitingConsumer    : STDOUT: 2024-06-12 11:28:22.927 UTC [48] LOG:  listening on Unix socket "/var/run/postgresql/.s.PGSQL.5432"
2024-06-12T14:28:22.929+03:00 DEBUG 12012 --- [URL Shortener] [stream-66990811] c.g.d.z.s.o.apache.hc.client5.http.wire  : http-outgoing-1 << "68[\r][\n]"
2024-06-12T14:28:22.929+03:00 DEBUG 12012 --- [URL Shortener] [stream-66990811] c.g.d.z.s.o.apache.hc.client5.http.wire  : http-outgoing-1 << "[0x1][0x0][0x0][0x0][0x0][0x0][0x0]`2024-06-12 11:28:22.928 UTC [51] LOG:  database system was shut down at 2024-06-12 11:28:22 UTC[\n]"
2024-06-12T14:28:22.929+03:00 DEBUG 12012 --- [URL Shortener] [stream-66990811] c.g.d.z.s.o.apache.hc.client5.http.wire  : http-outgoing-1 << "[\r][\n]"
2024-06-12T14:28:22.932+03:00 DEBUG 12012 --- [URL Shortener] [stream-66990811] c.g.d.z.s.o.apache.hc.client5.http.wire  : http-outgoing-1 << "5e[\r][\n]"
2024-06-12T14:28:22.932+03:00 DEBUG 12012 --- [URL Shortener] [stream-66990811] c.g.d.z.s.o.apache.hc.client5.http.wire  : http-outgoing-1 << "[0x1][0x0][0x0][0x0][0x0][0x0][0x0]V2024-06-12 11:28:22.931 UTC [48] LOG:  database system is ready to accept connections[\n]"
2024-06-12T14:28:22.932+03:00 DEBUG 12012 --- [URL Shortener] [stream-66990811] c.g.d.z.s.o.apache.hc.client5.http.wire  : http-outgoing-1 << "[\r][\n]"
2024-06-12T14:28:22.943+03:00 DEBUG 12012 --- [URL Shortener] [           main] o.t.containers.output.WaitingConsumer    : STDOUT: 2024-06-12 11:28:22.931 UTC [48] LOG:  database system is ready to accept connections
2024-06-12T14:28:22.943+03:00 DEBUG 12012 --- [URL Shortener] [           main] o.t.containers.output.WaitingConsumer    : STDOUT: 2024-06-12 11:28:22.928 UTC [51] LOG:  database system was shut down at 2024-06-12 11:28:22 UTC
2024-06-12T14:28:23.016+03:00 DEBUG 12012 --- [URL Shortener] [stream-66990811] c.g.d.z.s.o.apache.hc.client5.http.wire  : http-outgoing-1 << "25[\r][\n]"
2024-06-12T14:28:23.016+03:00 DEBUG 12012 --- [URL Shortener] [stream-66990811] c.g.d.z.s.o.apache.hc.client5.http.wire  : http-outgoing-1 << "[0x1][0x0][0x0][0x0][0x0][0x0][0x0][0x6] done[\n]"
2024-06-12T14:28:23.017+03:00 DEBUG 12012 --- [URL Shortener] [stream-66990811] c.g.d.z.s.o.apache.hc.client5.http.wire  : http-outgoing-1 << "[0x1][0x0][0x0][0x0][0x0][0x0][0x0][0xf]server started[\n]"
2024-06-12T14:28:23.017+03:00 DEBUG 12012 --- [URL Shortener] [stream-66990811] c.g.d.z.s.o.apache.hc.client5.http.wire  : http-outgoing-1 << "[\r][\n]"
2024-06-12T14:28:23.017+03:00 DEBUG 12012 --- [URL Shortener] [           main] o.t.containers.output.WaitingConsumer    : STDOUT:  done
2024-06-12T14:28:23.017+03:00 DEBUG 12012 --- [URL Shortener] [           main] o.t.containers.output.WaitingConsumer    : STDOUT: server started
2024-06-12T14:28:23.087+03:00 DEBUG 12012 --- [URL Shortener] [stream-66990811] c.g.d.z.s.o.apache.hc.client5.http.wire  : http-outgoing-1 << "18[\r][\n]"
2024-06-12T14:28:23.087+03:00 DEBUG 12012 --- [URL Shortener] [stream-66990811] c.g.d.z.s.o.apache.hc.client5.http.wire  : http-outgoing-1 << "[0x1][0x0][0x0][0x0][0x0][0x0][0x0][0x10]CREATE DATABASE[\n]"
2024-06-12T14:28:23.087+03:00 DEBUG 12012 --- [URL Shortener] [stream-66990811] c.g.d.z.s.o.apache.hc.client5.http.wire  : http-outgoing-1 << "[\r][\n]"
2024-06-12T14:28:23.087+03:00 DEBUG 12012 --- [URL Shortener] [           main] o.t.containers.output.WaitingConsumer    : STDOUT: CREATE DATABASE
2024-06-12T14:28:23.087+03:00 DEBUG 12012 --- [URL Shortener] [stream-66990811] c.g.d.z.s.o.apache.hc.client5.http.wire  : http-outgoing-1 << "6f[\r][\n]"
2024-06-12T14:28:23.087+03:00 DEBUG 12012 --- [URL Shortener] [stream-66990811] c.g.d.z.s.o.apache.hc.client5.http.wire  : http-outgoing-1 << "[0x1][0x0][0x0][0x0][0x0][0x0][0x0][0x1][\n]"
2024-06-12T14:28:23.087+03:00 DEBUG 12012 --- [URL Shortener] [stream-66990811] c.g.d.z.s.o.apache.hc.client5.http.wire  : http-outgoing-1 << "[0x1][0x0][0x0][0x0][0x0][0x0][0x0][0x1][\n]"
2024-06-12T14:28:23.087+03:00 DEBUG 12012 --- [URL Shortener] [stream-66990811] c.g.d.z.s.o.apache.hc.client5.http.wire  : http-outgoing-1 << "[0x1][0x0][0x0][0x0][0x0][0x0][0x0]L/usr/local/bin/docker-entrypoint.sh: ignoring /docker-entrypoint-initdb.d/*[\n]"
2024-06-12T14:28:23.087+03:00 DEBUG 12012 --- [URL Shortener] [stream-66990811] c.g.d.z.s.o.apache.hc.client5.http.wire  : http-outgoing-1 << "[0x1][0x0][0x0][0x0][0x0][0x0][0x0][0x1][\n]"
2024-06-12T14:28:23.087+03:00 DEBUG 12012 --- [URL Shortener] [stream-66990811] c.g.d.z.s.o.apache.hc.client5.http.wire  : http-outgoing-1 << "[\r][\n]"
2024-06-12T14:28:23.088+03:00 DEBUG 12012 --- [URL Shortener] [stream-66990811] c.g.d.z.s.o.apache.hc.client5.http.wire  : http-outgoing-1 << "c1[\r][\n]"
2024-06-12T14:28:23.088+03:00 DEBUG 12012 --- [URL Shortener] [stream-66990811] c.g.d.z.s.o.apache.hc.client5.http.wire  : http-outgoing-1 << "[0x1][0x0][0x0][0x0][0x0][0x0][0x0]hwaiting for server to shut down...2024-06-12 11:28:23.087 UTC [48] LOG:  received fast shutdown request[\n]"
2024-06-12T14:28:23.088+03:00 DEBUG 12012 --- [URL Shortener] [stream-66990811] c.g.d.z.s.o.apache.hc.client5.http.wire  : http-outgoing-1 << "[0x1][0x0][0x0][0x0][0x0][0x0][0x0]I.2024-06-12 11:28:23.087 UTC [48] LOG:  aborting any active transactions[\n]"
2024-06-12T14:28:23.088+03:00 DEBUG 12012 --- [URL Shortener] [stream-66990811] c.g.d.z.s.o.apache.hc.client5.http.wire  : http-outgoing-1 << "[\r][\n]"
2024-06-12T14:28:23.089+03:00 DEBUG 12012 --- [URL Shortener] [stream-66990811] c.g.d.z.s.o.apache.hc.client5.http.wire  : http-outgoing-1 << "115[\r][\n]"
2024-06-12T14:28:23.090+03:00 DEBUG 12012 --- [URL Shortener] [stream-66990811] c.g.d.z.s.o.apache.hc.client5.http.wire  : http-outgoing-1 << "[0x1][0x0][0x0][0x0][0x0][0x0][0x0]y2024-06-12 11:28:23.089 UTC [48] LOG:  background worker "logical replication launcher" (PID 54) exited with exit code 1[\n]"
2024-06-12T14:28:23.090+03:00 DEBUG 12012 --- [URL Shortener] [stream-66990811] c.g.d.z.s.o.apache.hc.client5.http.wire  : http-outgoing-1 << "[0x1][0x0][0x0][0x0][0x0][0x0][0x0]52024-06-12 11:28:23.089 UTC [49] LOG:  shutting down[\n]"
2024-06-12T14:28:23.090+03:00 DEBUG 12012 --- [URL Shortener] [stream-66990811] c.g.d.z.s.o.apache.hc.client5.http.wire  : http-outgoing-1 << "[0x1][0x0][0x0][0x0][0x0][0x0][0x0]O2024-06-12 11:28:23.089 UTC [49] LOG:  checkpoint starting: shutdown immediate[\n]"
2024-06-12T14:28:23.090+03:00 DEBUG 12012 --- [URL Shortener] [stream-66990811] c.g.d.z.s.o.apache.hc.client5.http.wire  : http-outgoing-1 << "[\r][\n]"
2024-06-12T14:28:23.095+03:00 DEBUG 12012 --- [URL Shortener] [stream-66990811] c.g.d.z.s.o.apache.hc.client5.http.wire  : http-outgoing-1 << "12c[\r][\n]"
2024-06-12T14:28:23.095+03:00 DEBUG 12012 --- [URL Shortener] [stream-66990811] c.g.d.z.s.o.apache.hc.client5.http.wire  : http-outgoing-1 << "[0x1][0x0][0x0][0x0][0x0][0x0][0x1]$2024-06-12 11:28:23.094 UTC [49] LOG:  checkpoint complete: wrote 922 buffers (5.6%); 0 WAL file(s) added, 0 removed, 0 recycled; write=0.005 s, sync=0.001 s, total=0.005 s; sync files=0, longest=0.000 s, average=0.000 s; distance=4255 kB, estimate=4255 kB; lsn=0/1912040, redo lsn=0/1912040[\n]"
2024-06-12T14:28:23.095+03:00 DEBUG 12012 --- [URL Shortener] [stream-66990811] c.g.d.z.s.o.apache.hc.client5.http.wire  : http-outgoing-1 << "[\r][\n]"
2024-06-12T14:28:23.099+03:00 DEBUG 12012 --- [URL Shortener] [stream-66990811] c.g.d.z.s.o.apache.hc.client5.http.wire  : http-outgoing-1 << "4c[\r][\n]"
2024-06-12T14:28:23.100+03:00 DEBUG 12012 --- [URL Shortener] [stream-66990811] c.g.d.z.s.o.apache.hc.client5.http.wire  : http-outgoing-1 << "[0x1][0x0][0x0][0x0][0x0][0x0][0x0]D2024-06-12 11:28:23.099 UTC [48] LOG:  database system is shut down[\n]"
2024-06-12T14:28:23.100+03:00 DEBUG 12012 --- [URL Shortener] [stream-66990811] c.g.d.z.s.o.apache.hc.client5.http.wire  : http-outgoing-1 << "[\r][\n]"
2024-06-12T14:28:23.112+03:00 DEBUG 12012 --- [URL Shortener] [           main] o.t.containers.output.WaitingConsumer    : STDOUT: 2024-06-12 11:28:23.099 UTC [48] LOG:  database system is shut down
2024-06-12T14:28:23.112+03:00 DEBUG 12012 --- [URL Shortener] [           main] o.t.containers.output.WaitingConsumer    : STDOUT: 2024-06-12 11:28:23.094 UTC [49] LOG:  checkpoint complete: wrote 922 buffers (5.6%); 0 WAL file(s) added, 0 removed, 0 recycled; write=0.005 s, sync=0.001 s, total=0.005 s; sync files=0, longest=0.000 s, average=0.000 s; distance=4255 kB, estimate=4255 kB; lsn=0/1912040, redo lsn=0/1912040
2024-06-12T14:28:23.112+03:00 DEBUG 12012 --- [URL Shortener] [           main] o.t.containers.output.WaitingConsumer    : STDOUT: 2024-06-12 11:28:23.089 UTC [49] LOG:  checkpoint starting: shutdown immediate
2024-06-12T14:28:23.112+03:00 DEBUG 12012 --- [URL Shortener] [           main] o.t.containers.output.WaitingConsumer    : STDOUT: 2024-06-12 11:28:23.089 UTC [49] LOG:  shutting down
2024-06-12T14:28:23.112+03:00 DEBUG 12012 --- [URL Shortener] [           main] o.t.containers.output.WaitingConsumer    : STDOUT: 2024-06-12 11:28:23.089 UTC [48] LOG:  background worker "logical replication launcher" (PID 54) exited with exit code 1
2024-06-12T14:28:23.112+03:00 DEBUG 12012 --- [URL Shortener] [           main] o.t.containers.output.WaitingConsumer    : STDOUT: .2024-06-12 11:28:23.087 UTC [48] LOG:  aborting any active transactions
2024-06-12T14:28:23.112+03:00 DEBUG 12012 --- [URL Shortener] [           main] o.t.containers.output.WaitingConsumer    : STDOUT: waiting for server to shut down...2024-06-12 11:28:23.087 UTC [48] LOG:  received fast shutdown request
2024-06-12T14:28:23.112+03:00 DEBUG 12012 --- [URL Shortener] [           main] o.t.containers.output.WaitingConsumer    : STDOUT: 
2024-06-12T14:28:23.112+03:00 DEBUG 12012 --- [URL Shortener] [           main] o.t.containers.output.WaitingConsumer    : STDOUT: /usr/local/bin/docker-entrypoint.sh: ignoring /docker-entrypoint-initdb.d/*
2024-06-12T14:28:23.112+03:00 DEBUG 12012 --- [URL Shortener] [           main] o.t.containers.output.WaitingConsumer    : STDOUT: 
2024-06-12T14:28:23.112+03:00 DEBUG 12012 --- [URL Shortener] [           main] o.t.containers.output.WaitingConsumer    : STDOUT: 
2024-06-12T14:28:23.188+03:00 DEBUG 12012 --- [URL Shortener] [stream-66990811] c.g.d.z.s.o.apache.hc.client5.http.wire  : http-outgoing-1 << "25[\r][\n]"
2024-06-12T14:28:23.188+03:00 DEBUG 12012 --- [URL Shortener] [stream-66990811] c.g.d.z.s.o.apache.hc.client5.http.wire  : http-outgoing-1 << "[0x1][0x0][0x0][0x0][0x0][0x0][0x0][0x6] done[\n]"
2024-06-12T14:28:23.188+03:00 DEBUG 12012 --- [URL Shortener] [stream-66990811] c.g.d.z.s.o.apache.hc.client5.http.wire  : http-outgoing-1 << "[0x1][0x0][0x0][0x0][0x0][0x0][0x0][0xf]server stopped[\n]"
2024-06-12T14:28:23.188+03:00 DEBUG 12012 --- [URL Shortener] [stream-66990811] c.g.d.z.s.o.apache.hc.client5.http.wire  : http-outgoing-1 << "[\r][\n]"
2024-06-12T14:28:23.189+03:00 DEBUG 12012 --- [URL Shortener] [           main] o.t.containers.output.WaitingConsumer    : STDOUT:  done
2024-06-12T14:28:23.189+03:00 DEBUG 12012 --- [URL Shortener] [           main] o.t.containers.output.WaitingConsumer    : STDOUT: server stopped
2024-06-12T14:28:23.189+03:00 DEBUG 12012 --- [URL Shortener] [stream-66990811] c.g.d.z.s.o.apache.hc.client5.http.wire  : http-outgoing-1 << "50[\r][\n]"
2024-06-12T14:28:23.189+03:00 DEBUG 12012 --- [URL Shortener] [stream-66990811] c.g.d.z.s.o.apache.hc.client5.http.wire  : http-outgoing-1 << "[0x1][0x0][0x0][0x0][0x0][0x0][0x0][0x1][\n]"
2024-06-12T14:28:23.189+03:00 DEBUG 12012 --- [URL Shortener] [stream-66990811] c.g.d.z.s.o.apache.hc.client5.http.wire  : http-outgoing-1 << "[0x1][0x0][0x0][0x0][0x0][0x0][0x0]6PostgreSQL init process complete; ready for start up.[\n]"
2024-06-12T14:28:23.189+03:00 DEBUG 12012 --- [URL Shortener] [stream-66990811] c.g.d.z.s.o.apache.hc.client5.http.wire  : http-outgoing-1 << "[0x1][0x0][0x0][0x0][0x0][0x0][0x0][0x1][\n]"
2024-06-12T14:28:23.189+03:00 DEBUG 12012 --- [URL Shortener] [stream-66990811] c.g.d.z.s.o.apache.hc.client5.http.wire  : http-outgoing-1 << "[\r][\n]"
2024-06-12T14:28:23.203+03:00 DEBUG 12012 --- [URL Shortener] [stream-66990811] c.g.d.z.s.o.apache.hc.client5.http.wire  : http-outgoing-1 << "1cb[\r][\n]"
2024-06-12T14:28:23.203+03:00 DEBUG 12012 --- [URL Shortener] [stream-66990811] c.g.d.z.s.o.apache.hc.client5.http.wire  : http-outgoing-1 << "[0x2][0x0][0x0][0x0][0x0][0x0][0x0][0xffffffa3]2024-06-12 11:28:23.202 UTC [1] LOG:  starting PostgreSQL 16.3 (Debian 16.3-1.pgdg120+1) on x86_64-pc-linux-gnu, compiled by gcc (Debian 12.2.0-14) 12.2.0, 64-bit[\n]"
2024-06-12T14:28:23.203+03:00 DEBUG 12012 --- [URL Shortener] [stream-66990811] c.g.d.z.s.o.apache.hc.client5.http.wire  : http-outgoing-1 << "[0x2][0x0][0x0][0x0][0x0][0x0][0x0]U2024-06-12 11:28:23.202 UTC [1] LOG:  listening on IPv4 address "0.0.0.0", port 5432[\n]"
2024-06-12T14:28:23.203+03:00 DEBUG 12012 --- [URL Shortener] [stream-66990811] c.g.d.z.s.o.apache.hc.client5.http.wire  : http-outgoing-1 << "[0x2][0x0][0x0][0x0][0x0][0x0][0x0]P2024-06-12 11:28:23.202 UTC [1] LOG:  listening on IPv6 address "::", port 5432[\n]"
2024-06-12T14:28:23.203+03:00 DEBUG 12012 --- [URL Shortener] [stream-66990811] c.g.d.z.s.o.apache.hc.client5.http.wire  : http-outgoing-1 << "[0x2][0x0][0x0][0x0][0x0][0x0][0x0]c2024-06-12 11:28:23.202 UTC [1] LOG:  listening on Unix socket "/var/run/postgresql/.s.PGSQL.5432"[\n]"
2024-06-12T14:28:23.203+03:00 DEBUG 12012 --- [URL Shortener] [stream-66990811] c.g.d.z.s.o.apache.hc.client5.http.wire  : http-outgoing-1 << "[\r][\n]"
2024-06-12T14:28:23.205+03:00 DEBUG 12012 --- [URL Shortener] [stream-66990811] c.g.d.z.s.o.apache.hc.client5.http.wire  : http-outgoing-1 << "68[\r][\n]"
2024-06-12T14:28:23.205+03:00 DEBUG 12012 --- [URL Shortener] [stream-66990811] c.g.d.z.s.o.apache.hc.client5.http.wire  : http-outgoing-1 << "[0x2][0x0][0x0][0x0][0x0][0x0][0x0]`2024-06-12 11:28:23.204 UTC [64] LOG:  database system was shut down at 2024-06-12 11:28:23 UTC[\n]"
2024-06-12T14:28:23.205+03:00 DEBUG 12012 --- [URL Shortener] [stream-66990811] c.g.d.z.s.o.apache.hc.client5.http.wire  : http-outgoing-1 << "[\r][\n]"
2024-06-12T14:28:23.207+03:00 DEBUG 12012 --- [URL Shortener] [           main] o.t.containers.output.WaitingConsumer    : STDERR: 2024-06-12 11:28:23.204 UTC [64] LOG:  database system was shut down at 2024-06-12 11:28:23 UTC
2024-06-12T14:28:23.208+03:00 DEBUG 12012 --- [URL Shortener] [           main] o.t.containers.output.WaitingConsumer    : STDERR: 2024-06-12 11:28:23.202 UTC [1] LOG:  listening on Unix socket "/var/run/postgresql/.s.PGSQL.5432"
2024-06-12T14:28:23.208+03:00 DEBUG 12012 --- [URL Shortener] [           main] o.t.containers.output.WaitingConsumer    : STDERR: 2024-06-12 11:28:23.202 UTC [1] LOG:  listening on IPv6 address "::", port 5432
2024-06-12T14:28:23.208+03:00 DEBUG 12012 --- [URL Shortener] [           main] o.t.containers.output.WaitingConsumer    : STDERR: 2024-06-12 11:28:23.202 UTC [1] LOG:  listening on IPv4 address "0.0.0.0", port 5432
2024-06-12T14:28:23.208+03:00 DEBUG 12012 --- [URL Shortener] [           main] o.t.containers.output.WaitingConsumer    : STDERR: 2024-06-12 11:28:23.202 UTC [1] LOG:  starting PostgreSQL 16.3 (Debian 16.3-1.pgdg120+1) on x86_64-pc-linux-gnu, compiled by gcc (Debian 12.2.0-14) 12.2.0, 64-bit
2024-06-12T14:28:23.208+03:00 DEBUG 12012 --- [URL Shortener] [           main] o.t.containers.output.WaitingConsumer    : STDOUT: 
2024-06-12T14:28:23.208+03:00 DEBUG 12012 --- [URL Shortener] [           main] o.t.containers.output.WaitingConsumer    : STDOUT: PostgreSQL init process complete; ready for start up.
2024-06-12T14:28:23.208+03:00 DEBUG 12012 --- [URL Shortener] [           main] o.t.containers.output.WaitingConsumer    : STDOUT: 
2024-06-12T14:28:23.208+03:00 DEBUG 12012 --- [URL Shortener] [stream-66990811] c.g.d.z.s.o.apache.hc.client5.http.wire  : http-outgoing-1 << "5d[\r][\n]"
2024-06-12T14:28:23.208+03:00 DEBUG 12012 --- [URL Shortener] [stream-66990811] c.g.d.z.s.o.apache.hc.client5.http.wire  : http-outgoing-1 << "[0x2][0x0][0x0][0x0][0x0][0x0][0x0]U2024-06-12 11:28:23.207 UTC [1] LOG:  database system is ready to accept connections[\n]"
2024-06-12T14:28:23.208+03:00 DEBUG 12012 --- [URL Shortener] [stream-66990811] c.g.d.z.s.o.apache.hc.client5.http.wire  : http-outgoing-1 << "[\r][\n]"
2024-06-12T14:28:23.223+03:00 DEBUG 12012 --- [URL Shortener] [           main] o.t.containers.output.WaitingConsumer    : STDERR: 2024-06-12 11:28:23.207 UTC [1] LOG:  database system is ready to accept connections
2024-06-12T14:28:23.223+03:00 DEBUG 12012 --- [URL Shortener] [           main] g.d.z.s.o.a.h.c.h.i.c.InternalHttpClient : ep-0000000E: cancel
2024-06-12T14:28:23.223+03:00 DEBUG 12012 --- [URL Shortener] [           main] h.i.i.DefaultManagedHttpClientConnection : http-outgoing-1: close connection IMMEDIATE
2024-06-12T14:28:23.223+03:00 DEBUG 12012 --- [URL Shortener] [           main] g.d.z.s.o.a.h.c.h.i.c.InternalHttpClient : ep-0000000E: endpoint closed
2024-06-12T14:28:23.223+03:00 DEBUG 12012 --- [URL Shortener] [           main] g.d.z.s.o.a.h.c.h.i.c.InternalHttpClient : ep-0000000E: discarding endpoint
2024-06-12T14:28:23.223+03:00 DEBUG 12012 --- [URL Shortener] [           main] h.i.i.PoolingHttpClientConnectionManager : ep-0000000E: releasing endpoint
2024-06-12T14:28:23.223+03:00 DEBUG 12012 --- [URL Shortener] [           main] h.i.i.PoolingHttpClientConnectionManager : ep-0000000E: connection is not kept alive
2024-06-12T14:28:23.223+03:00 DEBUG 12012 --- [URL Shortener] [stream-66990811] c.g.d.z.s.o.apache.hc.client5.http.wire  : http-outgoing-1 << "end of stream"
2024-06-12T14:28:23.223+03:00 DEBUG 12012 --- [URL Shortener] [           main] h.i.i.PoolingHttpClientConnectionManager : ep-0000000E: connection released [route: {}->npipe://localhost:2375][total available: 0; route allocated: 0 of 2147483647; total allocated: 0 of 2147483647]
2024-06-12T14:28:23.223+03:00 DEBUG 12012 --- [URL Shortener] [           main] c.g.d.z.s.o.apache.hc.client5.http.wire  : http-outgoing-1 << "[read] I/O error: java.nio.channels.ClosedChannelException"
2024-06-12T14:28:23.223+03:00 DEBUG 12012 --- [URL Shortener] [stream-66990811] c.g.d.z.s.o.apache.hc.client5.http.wire  : http-outgoing-1 << "[read] I/O error: java.nio.channels.ClosedChannelException"
2024-06-12T14:28:23.223+03:00 DEBUG 12012 --- [URL Shortener] [stream-66990811] pacheDockerHttpClientImpl$ApacheResponse : Failed to close the response

java.io.IOException: java.nio.channels.ClosedChannelException
	at java.base/java.nio.channels.Channels$1.read(Channels.java:166) ~[na:na]
	at com.github.dockerjava.zerodep.shaded.org.apache.hc.client5.http.impl.io.LoggingInputStream.read(LoggingInputStream.java:81) ~[docker-java-transport-zerodep-3.3.6.jar:na]
	at com.github.dockerjava.zerodep.shaded.org.apache.hc.core5.http.impl.io.SessionInputBufferImpl.fillBuffer(SessionInputBufferImpl.java:149) ~[docker-java-transport-zerodep-3.3.6.jar:na]
	at com.github.dockerjava.zerodep.shaded.org.apache.hc.core5.http.impl.io.SessionInputBufferImpl.readLine(SessionInputBufferImpl.java:280) ~[docker-java-transport-zerodep-3.3.6.jar:na]
	at com.github.dockerjava.zerodep.shaded.org.apache.hc.core5.http.impl.io.ChunkedInputStream.getChunkSize(ChunkedInputStream.java:261) ~[docker-java-transport-zerodep-3.3.6.jar:na]
	at com.github.dockerjava.zerodep.shaded.org.apache.hc.core5.http.impl.io.ChunkedInputStream.nextChunk(ChunkedInputStream.java:222) ~[docker-java-transport-zerodep-3.3.6.jar:na]
	at com.github.dockerjava.zerodep.shaded.org.apache.hc.core5.http.impl.io.ChunkedInputStream.read(ChunkedInputStream.java:147) ~[docker-java-transport-zerodep-3.3.6.jar:na]
	at com.github.dockerjava.zerodep.shaded.org.apache.hc.core5.http.impl.io.ChunkedInputStream.close(ChunkedInputStream.java:314) ~[docker-java-transport-zerodep-3.3.6.jar:na]
	at com.github.dockerjava.zerodep.shaded.org.apache.hc.core5.io.Closer.close(Closer.java:48) ~[docker-java-transport-zerodep-3.3.6.jar:na]
	at com.github.dockerjava.zerodep.shaded.org.apache.hc.core5.http.impl.io.IncomingHttpEntity.close(IncomingHttpEntity.java:111) ~[docker-java-transport-zerodep-3.3.6.jar:na]
	at com.github.dockerjava.zerodep.shaded.org.apache.hc.core5.http.io.entity.HttpEntityWrapper.close(HttpEntityWrapper.java:120) ~[docker-java-transport-zerodep-3.3.6.jar:na]
	at com.github.dockerjava.zerodep.shaded.org.apache.hc.core5.io.Closer.close(Closer.java:48) ~[docker-java-transport-zerodep-3.3.6.jar:na]
	at com.github.dockerjava.zerodep.shaded.org.apache.hc.core5.http.message.BasicClassicHttpResponse.close(BasicClassicHttpResponse.java:93) ~[docker-java-transport-zerodep-3.3.6.jar:na]
	at com.github.dockerjava.zerodep.shaded.org.apache.hc.client5.http.impl.classic.CloseableHttpResponse.close(CloseableHttpResponse.java:200) ~[docker-java-transport-zerodep-3.3.6.jar:na]
	at com.github.dockerjava.zerodep.ApacheDockerHttpClientImpl$ApacheResponse.close(ApacheDockerHttpClientImpl.java:271) ~[docker-java-transport-zerodep-3.3.6.jar:na]
	at org.testcontainers.shaded.com.github.dockerjava.core.DefaultInvocationBuilder.lambda$executeAndStream$1(DefaultInvocationBuilder.java:277) ~[testcontainers-1.19.8.jar:1.19.8]
	at java.base/java.lang.Thread.run(Thread.java:1583) ~[na:na]
Caused by: java.nio.channels.ClosedChannelException: null
	at java.base/sun.nio.ch.WindowsAsynchronousFileChannelImpl.implRead(WindowsAsynchronousFileChannelImpl.java:521) ~[na:na]
	at java.base/sun.nio.ch.AsynchronousFileChannelImpl.read(AsynchronousFileChannelImpl.java:229) ~[na:na]
	at com.github.dockerjava.transport.NamedPipeSocket$AsynchronousFileByteChannel.read(NamedPipeSocket.java:117) ~[docker-java-transport-3.3.6.jar:na]
	at java.base/java.nio.channels.Channels$1.read(Channels.java:164) ~[na:na]
	... 16 common frames omitted

2024-06-12T14:28:23.223+03:00 DEBUG 12012 --- [URL Shortener] [           main] pacheDockerHttpClientImpl$ApacheResponse : Failed to close the response

java.io.IOException: java.nio.channels.ClosedChannelException
	at java.base/java.nio.channels.Channels$1.read(Channels.java:166) ~[na:na]
	at com.github.dockerjava.zerodep.shaded.org.apache.hc.client5.http.impl.io.LoggingInputStream.read(LoggingInputStream.java:81) ~[docker-java-transport-zerodep-3.3.6.jar:na]
	at com.github.dockerjava.zerodep.shaded.org.apache.hc.core5.http.impl.io.SessionInputBufferImpl.fillBuffer(SessionInputBufferImpl.java:149) ~[docker-java-transport-zerodep-3.3.6.jar:na]
	at com.github.dockerjava.zerodep.shaded.org.apache.hc.core5.http.impl.io.SessionInputBufferImpl.readLine(SessionInputBufferImpl.java:280) ~[docker-java-transport-zerodep-3.3.6.jar:na]
	at com.github.dockerjava.zerodep.shaded.org.apache.hc.core5.http.impl.io.ChunkedInputStream.getChunkSize(ChunkedInputStream.java:261) ~[docker-java-transport-zerodep-3.3.6.jar:na]
	at com.github.dockerjava.zerodep.shaded.org.apache.hc.core5.http.impl.io.ChunkedInputStream.nextChunk(ChunkedInputStream.java:222) ~[docker-java-transport-zerodep-3.3.6.jar:na]
	at com.github.dockerjava.zerodep.shaded.org.apache.hc.core5.http.impl.io.ChunkedInputStream.read(ChunkedInputStream.java:147) ~[docker-java-transport-zerodep-3.3.6.jar:na]
	at com.github.dockerjava.zerodep.shaded.org.apache.hc.core5.http.impl.io.ChunkedInputStream.close(ChunkedInputStream.java:314) ~[docker-java-transport-zerodep-3.3.6.jar:na]
	at com.github.dockerjava.zerodep.shaded.org.apache.hc.core5.io.Closer.close(Closer.java:48) ~[docker-java-transport-zerodep-3.3.6.jar:na]
	at com.github.dockerjava.zerodep.shaded.org.apache.hc.core5.http.impl.io.IncomingHttpEntity.close(IncomingHttpEntity.java:111) ~[docker-java-transport-zerodep-3.3.6.jar:na]
	at com.github.dockerjava.zerodep.shaded.org.apache.hc.core5.http.io.entity.HttpEntityWrapper.close(HttpEntityWrapper.java:120) ~[docker-java-transport-zerodep-3.3.6.jar:na]
	at com.github.dockerjava.zerodep.shaded.org.apache.hc.core5.io.Closer.close(Closer.java:48) ~[docker-java-transport-zerodep-3.3.6.jar:na]
	at com.github.dockerjava.zerodep.shaded.org.apache.hc.core5.http.message.BasicClassicHttpResponse.close(BasicClassicHttpResponse.java:93) ~[docker-java-transport-zerodep-3.3.6.jar:na]
	at com.github.dockerjava.zerodep.shaded.org.apache.hc.client5.http.impl.classic.CloseableHttpResponse.close(CloseableHttpResponse.java:200) ~[docker-java-transport-zerodep-3.3.6.jar:na]
	at com.github.dockerjava.zerodep.ApacheDockerHttpClientImpl$ApacheResponse.close(ApacheDockerHttpClientImpl.java:271) ~[docker-java-transport-zerodep-3.3.6.jar:na]
	at org.testcontainers.shaded.com.github.dockerjava.core.DefaultInvocationBuilder.lambda$null$0(DefaultInvocationBuilder.java:272) ~[testcontainers-1.19.8.jar:1.19.8]
	at com.github.dockerjava.api.async.ResultCallbackTemplate.close(ResultCallbackTemplate.java:77) ~[docker-java-api-3.3.6.jar:na]
	at org.testcontainers.containers.output.FrameConsumerResultCallback.close(FrameConsumerResultCallback.java:69) ~[testcontainers-1.19.8.jar:1.19.8]
	at org.testcontainers.containers.wait.strategy.LogMessageWaitStrategy.waitUntilReady(LogMessageWaitStrategy.java:49) ~[testcontainers-1.19.8.jar:1.19.8]
	at org.testcontainers.containers.wait.strategy.AbstractWaitStrategy.waitUntilReady(AbstractWaitStrategy.java:52) ~[testcontainers-1.19.8.jar:1.19.8]
	at org.testcontainers.containers.PostgreSQLContainer.waitUntilContainerStarted(PostgreSQLContainer.java:143) ~[postgresql-1.17.6.jar:na]
	at org.testcontainers.containers.GenericContainer.tryStart(GenericContainer.java:500) ~[testcontainers-1.19.8.jar:na]
	at org.testcontainers.containers.GenericContainer.lambda$doStart$0(GenericContainer.java:354) ~[testcontainers-1.19.8.jar:na]
	at org.rnorth.ducttape.unreliables.Unreliables.retryUntilSuccess(Unreliables.java:81) ~[duct-tape-1.0.8.jar:na]
	at org.testcontainers.containers.GenericContainer.doStart(GenericContainer.java:344) ~[testcontainers-1.19.8.jar:na]
	at org.testcontainers.containers.GenericContainer.start(GenericContainer.java:330) ~[testcontainers-1.19.8.jar:na]
	at org.testcontainers.junit.jupiter.TestcontainersExtension$StoreAdapter.start(TestcontainersExtension.java:242) ~[junit-jupiter-1.17.6.jar:na]
	at org.testcontainers.junit.jupiter.TestcontainersExtension$StoreAdapter.access$200(TestcontainersExtension.java:229) ~[junit-jupiter-1.17.6.jar:na]
	at org.testcontainers.junit.jupiter.TestcontainersExtension.lambda$null$1(TestcontainersExtension.java:56) ~[junit-jupiter-1.17.6.jar:na]
	at org.junit.platform.engine.support.store.NamespacedHierarchicalStore.lambda$getOrComputeIfAbsent$5(NamespacedHierarchicalStore.java:147) ~[junit-platform-engine-1.10.2.jar:1.10.2]
	at org.junit.platform.engine.support.store.NamespacedHierarchicalStore$MemoizingSupplier.computeValue(NamespacedHierarchicalStore.java:372) ~[junit-platform-engine-1.10.2.jar:1.10.2]
	at org.junit.platform.engine.support.store.NamespacedHierarchicalStore$MemoizingSupplier.get(NamespacedHierarchicalStore.java:361) ~[junit-platform-engine-1.10.2.jar:1.10.2]
	at org.junit.platform.engine.support.store.NamespacedHierarchicalStore$StoredValue.evaluate(NamespacedHierarchicalStore.java:308) ~[junit-platform-engine-1.10.2.jar:1.10.2]
	at org.junit.platform.engine.support.store.NamespacedHierarchicalStore$StoredValue.access$200(NamespacedHierarchicalStore.java:287) ~[junit-platform-engine-1.10.2.jar:1.10.2]
	at org.junit.platform.engine.support.store.NamespacedHierarchicalStore.getOrComputeIfAbsent(NamespacedHierarchicalStore.java:149) ~[junit-platform-engine-1.10.2.jar:1.10.2]
	at org.junit.jupiter.engine.execution.NamespaceAwareStore.lambda$getOrComputeIfAbsent$2(NamespaceAwareStore.java:57) ~[junit-jupiter-engine-5.10.2.jar:5.10.2]
	at org.junit.jupiter.engine.execution.NamespaceAwareStore.accessStore(NamespaceAwareStore.java:90) ~[junit-jupiter-engine-5.10.2.jar:5.10.2]
	at org.junit.jupiter.engine.execution.NamespaceAwareStore.getOrComputeIfAbsent(NamespaceAwareStore.java:57) ~[junit-jupiter-engine-5.10.2.jar:5.10.2]
	at org.testcontainers.junit.jupiter.TestcontainersExtension.lambda$beforeAll$2(TestcontainersExtension.java:56) ~[junit-jupiter-1.17.6.jar:na]
	at java.base/java.util.ArrayList.forEach(ArrayList.java:1596) ~[na:na]
	at org.testcontainers.junit.jupiter.TestcontainersExtension.beforeAll(TestcontainersExtension.java:55) ~[junit-jupiter-1.17.6.jar:na]
	at org.junit.jupiter.engine.descriptor.ClassBasedTestDescriptor.lambda$invokeBeforeAllCallbacks$12(ClassBasedTestDescriptor.java:396) ~[junit-jupiter-engine-5.10.2.jar:5.10.2]
	at org.junit.platform.engine.support.hierarchical.ThrowableCollector.execute(ThrowableCollector.java:73) ~[junit-platform-engine-1.10.2.jar:1.10.2]
	at org.junit.jupiter.engine.descriptor.ClassBasedTestDescriptor.invokeBeforeAllCallbacks(ClassBasedTestDescriptor.java:396) ~[junit-jupiter-engine-5.10.2.jar:5.10.2]
	at org.junit.jupiter.engine.descriptor.ClassBasedTestDescriptor.before(ClassBasedTestDescriptor.java:212) ~[junit-jupiter-engine-5.10.2.jar:5.10.2]
	at org.junit.jupiter.engine.descriptor.ClassBasedTestDescriptor.before(ClassBasedTestDescriptor.java:85) ~[junit-jupiter-engine-5.10.2.jar:5.10.2]
	at org.junit.platform.engine.support.hierarchical.NodeTestTask.lambda$executeRecursively$6(NodeTestTask.java:148) ~[junit-platform-engine-1.10.2.jar:1.10.2]
	at org.junit.platform.engine.support.hierarchical.ThrowableCollector.execute(ThrowableCollector.java:73) ~[junit-platform-engine-1.10.2.jar:1.10.2]
	at org.junit.platform.engine.support.hierarchical.NodeTestTask.lambda$executeRecursively$8(NodeTestTask.java:141) ~[junit-platform-engine-1.10.2.jar:1.10.2]
	at org.junit.platform.engine.support.hierarchical.Node.around(Node.java:137) ~[junit-platform-engine-1.10.2.jar:1.10.2]
	at org.junit.platform.engine.support.hierarchical.NodeTestTask.lambda$executeRecursively$9(NodeTestTask.java:139) ~[junit-platform-engine-1.10.2.jar:1.10.2]
	at org.junit.platform.engine.support.hierarchical.ThrowableCollector.execute(ThrowableCollector.java:73) ~[junit-platform-engine-1.10.2.jar:1.10.2]
	at org.junit.platform.engine.support.hierarchical.NodeTestTask.executeRecursively(NodeTestTask.java:138) ~[junit-platform-engine-1.10.2.jar:1.10.2]
	at org.junit.platform.engine.support.hierarchical.NodeTestTask.execute(NodeTestTask.java:95) ~[junit-platform-engine-1.10.2.jar:1.10.2]
	at java.base/java.util.ArrayList.forEach(ArrayList.java:1596) ~[na:na]
	at org.junit.platform.engine.support.hierarchical.SameThreadHierarchicalTestExecutorService.invokeAll(SameThreadHierarchicalTestExecutorService.java:41) ~[junit-platform-engine-1.10.2.jar:1.10.2]
	at org.junit.platform.engine.support.hierarchical.NodeTestTask.lambda$executeRecursively$6(NodeTestTask.java:155) ~[junit-platform-engine-1.10.2.jar:1.10.2]
	at org.junit.platform.engine.support.hierarchical.ThrowableCollector.execute(ThrowableCollector.java:73) ~[junit-platform-engine-1.10.2.jar:1.10.2]
	at org.junit.platform.engine.support.hierarchical.NodeTestTask.lambda$executeRecursively$8(NodeTestTask.java:141) ~[junit-platform-engine-1.10.2.jar:1.10.2]
	at org.junit.platform.engine.support.hierarchical.Node.around(Node.java:137) ~[junit-platform-engine-1.10.2.jar:1.10.2]
	at org.junit.platform.engine.support.hierarchical.NodeTestTask.lambda$executeRecursively$9(NodeTestTask.java:139) ~[junit-platform-engine-1.10.2.jar:1.10.2]
	at org.junit.platform.engine.support.hierarchical.ThrowableCollector.execute(ThrowableCollector.java:73) ~[junit-platform-engine-1.10.2.jar:1.10.2]
	at org.junit.platform.engine.support.hierarchical.NodeTestTask.executeRecursively(NodeTestTask.java:138) ~[junit-platform-engine-1.10.2.jar:1.10.2]
	at org.junit.platform.engine.support.hierarchical.NodeTestTask.execute(NodeTestTask.java:95) ~[junit-platform-engine-1.10.2.jar:1.10.2]
	at org.junit.platform.engine.support.hierarchical.SameThreadHierarchicalTestExecutorService.submit(SameThreadHierarchicalTestExecutorService.java:35) ~[junit-platform-engine-1.10.2.jar:1.10.2]
	at org.junit.platform.engine.support.hierarchical.HierarchicalTestExecutor.execute(HierarchicalTestExecutor.java:57) ~[junit-platform-engine-1.10.2.jar:1.10.2]
	at org.junit.platform.engine.support.hierarchical.HierarchicalTestEngine.execute(HierarchicalTestEngine.java:54) ~[junit-platform-engine-1.10.2.jar:1.10.2]
	at org.junit.platform.launcher.core.EngineExecutionOrchestrator.execute(EngineExecutionOrchestrator.java:198) ~[junit-platform-launcher-1.10.2.jar:1.10.2]
	at org.junit.platform.launcher.core.EngineExecutionOrchestrator.execute(EngineExecutionOrchestrator.java:169) ~[junit-platform-launcher-1.10.2.jar:1.10.2]
	at org.junit.platform.launcher.core.EngineExecutionOrchestrator.execute(EngineExecutionOrchestrator.java:93) ~[junit-platform-launcher-1.10.2.jar:1.10.2]
	at org.junit.platform.launcher.core.EngineExecutionOrchestrator.lambda$execute$0(EngineExecutionOrchestrator.java:58) ~[junit-platform-launcher-1.10.2.jar:1.10.2]
	at org.junit.platform.launcher.core.EngineExecutionOrchestrator.withInterceptedStreams(EngineExecutionOrchestrator.java:141) ~[junit-platform-launcher-1.10.2.jar:1.10.2]
	at org.junit.platform.launcher.core.EngineExecutionOrchestrator.execute(EngineExecutionOrchestrator.java:57) ~[junit-platform-launcher-1.10.2.jar:1.10.2]
	at org.junit.platform.launcher.core.DefaultLauncher.execute(DefaultLauncher.java:103) ~[junit-platform-launcher-1.10.2.jar:1.10.2]
	at org.junit.platform.launcher.core.DefaultLauncher.execute(DefaultLauncher.java:85) ~[junit-platform-launcher-1.10.2.jar:1.10.2]
	at org.junit.platform.launcher.core.DelegatingLauncher.execute(DelegatingLauncher.java:47) ~[junit-platform-launcher-1.10.2.jar:1.10.2]
	at org.apache.maven.surefire.junitplatform.LazyLauncher.execute(LazyLauncher.java:56) ~[surefire-junit-platform-3.2.5.jar:3.2.5]
	at org.apache.maven.surefire.junitplatform.JUnitPlatformProvider.execute(JUnitPlatformProvider.java:184) ~[surefire-junit-platform-3.2.5.jar:3.2.5]
	at org.apache.maven.surefire.junitplatform.JUnitPlatformProvider.invokeAllTests(JUnitPlatformProvider.java:148) ~[surefire-junit-platform-3.2.5.jar:3.2.5]
	at org.apache.maven.surefire.junitplatform.JUnitPlatformProvider.invoke(JUnitPlatformProvider.java:122) ~[surefire-junit-platform-3.2.5.jar:3.2.5]
	at org.apache.maven.surefire.booter.ForkedBooter.runSuitesInProcess(ForkedBooter.java:385) ~[surefire-booter-3.2.5.jar:3.2.5]
	at org.apache.maven.surefire.booter.ForkedBooter.execute(ForkedBooter.java:162) ~[surefire-booter-3.2.5.jar:3.2.5]
	at org.apache.maven.surefire.booter.ForkedBooter.run(ForkedBooter.java:507) ~[surefire-booter-3.2.5.jar:3.2.5]
	at org.apache.maven.surefire.booter.ForkedBooter.main(ForkedBooter.java:495) ~[surefire-booter-3.2.5.jar:3.2.5]
Caused by: java.nio.channels.ClosedChannelException: null
	at java.base/sun.nio.ch.WindowsAsynchronousFileChannelImpl.implRead(WindowsAsynchronousFileChannelImpl.java:521) ~[na:na]
	at java.base/sun.nio.ch.AsynchronousFileChannelImpl.read(AsynchronousFileChannelImpl.java:229) ~[na:na]
	at com.github.dockerjava.transport.NamedPipeSocket$AsynchronousFileByteChannel.read(NamedPipeSocket.java:117) ~[docker-java-transport-3.3.6.jar:na]
	at java.base/java.nio.channels.Channels$1.read(Channels.java:164) ~[na:na]
	... 83 common frames omitted

2024-06-12T14:28:23.225+03:00  INFO 12012 --- [URL Shortener] [           main] tc.postgres:latest                       : Container postgres:latest started in PT1.3516001S
2024-06-12T14:28:23.225+03:00  INFO 12012 --- [URL Shortener] [           main] tc.postgres:latest                       : Container is started (JDBC URL: jdbc:postgresql://localhost:51198/testdb?loggerLevel=OFF)
2024-06-12T14:28:23.227+03:00 DEBUG 12012 --- [URL Shortener] [           main] .b.t.c.SpringBootTestContextBootstrapper : Neither @ContextConfiguration nor @ContextHierarchy found for test class [UrlProfileMapperTest]: using SpringBootContextLoader
2024-06-12T14:28:23.228+03:00 DEBUG 12012 --- [URL Shortener] [           main] o.s.t.c.support.AbstractContextLoader    : Could not detect default resource locations for test class [com.example.url_profile.UrlProfileMapperTest]: no resource found for suffixes {-context.xml, Context.groovy}.
2024-06-12T14:28:23.228+03:00  INFO 12012 --- [URL Shortener] [           main] t.c.s.AnnotationConfigContextLoaderUtils : Could not detect default configuration classes for test class [com.example.url_profile.UrlProfileMapperTest]: UrlProfileMapperTest does not declare any static, non-private, non-final, nested classes annotated with @Configuration.
2024-06-12T14:28:23.229+03:00 DEBUG 12012 --- [URL Shortener] [           main] .b.t.c.SpringBootTestContextBootstrapper : Using ContextCustomizerFactory implementations for test class [UrlProfileMapperTest]: [ImportsContextCustomizerFactory, ExcludeFilterContextCustomizerFactory, HttpGraphQlTesterContextCustomizerFactory, DuplicateJsonObjectContextCustomizerFactory, MockitoContextCustomizerFactory, TestRestTemplateContextCustomizerFactory, WebTestClientContextCustomizerFactory, OverrideAutoConfigurationContextCustomizerFactory, ObservabilityContextCustomizerFactory, TypeExcludeFiltersContextCustomizerFactory, PropertyMappingContextCustomizerFactory, WebDriverContextCustomizerFactory, MockServerContainerContextCustomizerFactory, DynamicPropertiesContextCustomizerFactory]
2024-06-12T14:28:23.233+03:00 DEBUG 12012 --- [URL Shortener] [           main] .b.t.c.SpringBootTestContextBootstrapper : Using ContextCustomizers for test class [UrlProfileMapperTest]: [ExcludeFilterContextCustomizer, DuplicateJsonObjectContextCustomizer, MockitoContextCustomizer, TestRestTemplateContextCustomizer, DisableObservabilityContextCustomizer, PropertyMappingContextCustomizer, WebDriverContextCustomizer, DynamicPropertiesContextCustomizer]
2024-06-12T14:28:23.251+03:00 DEBUG 12012 --- [URL Shortener] [           main] ssPathScanningCandidateComponentProvider : Identified candidate component class: file [H:\WORK\URL-Shortener\target\classes\com\example\UrlShortenerApplication.class]
2024-06-12T14:28:23.251+03:00  INFO 12012 --- [URL Shortener] [           main] .b.t.c.SpringBootTestContextBootstrapper : Found @SpringBootConfiguration com.example.UrlShortenerApplication for test class com.example.url_profile.UrlProfileMapperTest
2024-06-12T14:28:23.252+03:00 DEBUG 12012 --- [URL Shortener] [           main] .s.t.c.u.TestContextSpringFactoriesUtils : Skipping candidate TestExecutionListener [org.springframework.test.context.observation.MicrometerObservationRegistryTestExecutionListener] due to a missing dependency. Specify custom TestExecutionListener classes or make the default TestExecutionListener classes and their required dependencies available. Offending class: io.micrometer.context.ThreadLocalAccessor. MicrometerObservationRegistryTestExecutionListener requires io.micrometer:micrometer-observation:1.10.8 or higher and io.micrometer:context-propagation:1.0.3 or higher.
2024-06-12T14:28:23.252+03:00 DEBUG 12012 --- [URL Shortener] [           main] .b.t.c.SpringBootTestContextBootstrapper : Using TestExecutionListeners for test class [UrlProfileMapperTest]: [ServletTestExecutionListener, DirtiesContextBeforeModesTestExecutionListener, ApplicationEventsTestExecutionListener, MockitoTestExecutionListener, DependencyInjectionTestExecutionListener, DirtiesContextTestExecutionListener, TransactionalTestExecutionListener, SqlScriptsTestExecutionListener, EventPublishingTestExecutionListener, ResetMocksTestExecutionListener, RestDocsTestExecutionListener, MockRestServiceServerResetTestExecutionListener, MockMvcPrintOnlyOnFailureTestExecutionListener, WebDriverTestExecutionListener, MockWebServiceServerTestExecutionListener]
2024-06-12T14:28:23.252+03:00 DEBUG 12012 --- [URL Shortener] [           main] sContextBeforeModesTestExecutionListener : Before test class: class [UrlProfileMapperTest], class annotated with @DirtiesContext [false] with mode [null]
  .   ____          _            __ _ _
 /\\ / ___'_ __ _ _(_)_ __  __ _ \ \ \ \
( ( )\___ | '_ | '_| | '_ \/ _` | \ \ \ \
 \\/  ___)| |_)| | | | | || (_| |  ) ) ) )
  '  |____| .__|_| |_|_| |_\__, | / / / /
 =========|_|==============|___/=/_/_/_/

 :: Spring Boot ::                (v3.3.0)

2024-06-12T14:28:23.296+03:00  INFO 12012 --- [URL Shortener] [           main] c.e.url_profile.UrlProfileMapperTest     : Starting UrlProfileMapperTest using Java 21.0.1 with PID 12012 (started by daniel in H:\WORK\URL-Shortener)
2024-06-12T14:28:23.296+03:00 DEBUG 12012 --- [URL Shortener] [           main] c.e.url_profile.UrlProfileMapperTest     : Running with Spring Boot v3.3.0, Spring v6.1.8
2024-06-12T14:28:23.297+03:00  INFO 12012 --- [URL Shortener] [           main] c.e.url_profile.UrlProfileMapperTest     : No active profile set, falling back to 1 default profile: "default"
2024-06-12T14:28:23.297+03:00 DEBUG 12012 --- [URL Shortener] [           main] o.s.boot.SpringApplication               : Loading source class com.example.UrlShortenerApplication
2024-06-12T14:28:23.299+03:00 DEBUG 12012 --- [URL Shortener] [           main] o.s.w.c.s.GenericWebApplicationContext   : Refreshing org.springframework.web.context.support.GenericWebApplicationContext@2568611c
2024-06-12T14:28:23.300+03:00 DEBUG 12012 --- [URL Shortener] [           main] o.s.b.f.s.DefaultListableBeanFactory     : Creating shared instance of singleton bean 'org.springframework.context.annotation.internalConfigurationAnnotationProcessor'
2024-06-12T14:28:23.300+03:00 DEBUG 12012 --- [URL Shortener] [           main] o.s.b.f.s.DefaultListableBeanFactory     : Creating shared instance of singleton bean 'org.springframework.boot.autoconfigure.internalCachingMetadataReaderFactory'
2024-06-12T14:28:23.316+03:00 DEBUG 12012 --- [URL Shortener] [           main] o.s.c.a.ClassPathBeanDefinitionScanner   : Identified candidate component class: file [H:\WORK\URL-Shortener\target\classes\com\example\auth\controller\AuthController.class]
2024-06-12T14:28:23.323+03:00 DEBUG 12012 --- [URL Shortener] [           main] o.s.c.a.ClassPathBeanDefinitionScanner   : Identified candidate component class: file [H:\WORK\URL-Shortener\target\classes\com\example\auth\jwt\JwtRequestFilter.class]
2024-06-12T14:28:23.324+03:00 DEBUG 12012 --- [URL Shortener] [           main] o.s.c.a.ClassPathBeanDefinitionScanner   : Identified candidate component class: file [H:\WORK\URL-Shortener\target\classes\com\example\auth\jwt\JwtUtil.class]
2024-06-12T14:28:23.325+03:00 DEBUG 12012 --- [URL Shortener] [           main] o.s.c.a.ClassPathBeanDefinitionScanner   : Identified candidate component class: file [H:\WORK\URL-Shortener\target\classes\com\example\auth\security\CustomUserDetailsService.class]
2024-06-12T14:28:23.327+03:00 DEBUG 12012 --- [URL Shortener] [           main] o.s.c.a.ClassPathBeanDefinitionScanner   : Identified candidate component class: file [H:\WORK\URL-Shortener\target\classes\com\example\auth\security\SecurityConfig.class]
2024-06-12T14:28:23.328+03:00 DEBUG 12012 --- [URL Shortener] [           main] o.s.c.a.ClassPathBeanDefinitionScanner   : Identified candidate component class: file [H:\WORK\URL-Shortener\target\classes\com\example\auth\service\AuthService.class]
2024-06-12T14:28:23.331+03:00 DEBUG 12012 --- [URL Shortener] [           main] o.s.c.a.ClassPathBeanDefinitionScanner   : Identified candidate component class: file [H:\WORK\URL-Shortener\target\classes\com\example\config\GlobalExceptionHandler.class]
2024-06-12T14:28:23.339+03:00 DEBUG 12012 --- [URL Shortener] [           main] o.s.c.a.ClassPathBeanDefinitionScanner   : Identified candidate component class: file [H:\WORK\URL-Shortener\target\classes\com\example\rest\AdminUrlShortenerController.class]
2024-06-12T14:28:23.340+03:00 DEBUG 12012 --- [URL Shortener] [           main] o.s.c.a.ClassPathBeanDefinitionScanner   : Identified candidate component class: file [H:\WORK\URL-Shortener\target\classes\com\example\rest\UrlShortenerController.class]
2024-06-12T14:28:23.343+03:00 DEBUG 12012 --- [URL Shortener] [           main] o.s.c.a.ClassPathBeanDefinitionScanner   : Ignored because not a concrete top-level class: file [H:\WORK\URL-Shortener\target\classes\com\example\role\RoleRepository.class]
2024-06-12T14:28:23.344+03:00 DEBUG 12012 --- [URL Shortener] [           main] o.s.c.a.ClassPathBeanDefinitionScanner   : Identified candidate component class: file [H:\WORK\URL-Shortener\target\classes\com\example\role\RoleService.class]
2024-06-12T14:28:23.347+03:00 DEBUG 12012 --- [URL Shortener] [           main] o.s.c.a.ClassPathBeanDefinitionScanner   : Identified candidate component class: file [H:\WORK\URL-Shortener\target\classes\com\example\url_profile\UrlProfileMapper.class]
2024-06-12T14:28:23.349+03:00 DEBUG 12012 --- [URL Shortener] [           main] o.s.c.a.ClassPathBeanDefinitionScanner   : Identified candidate component class: file [H:\WORK\URL-Shortener\target\classes\com\example\url_profile\UrlProfileService.class]
2024-06-12T14:28:23.353+03:00 DEBUG 12012 --- [URL Shortener] [           main] o.s.c.a.ClassPathBeanDefinitionScanner   : Identified candidate component class: file [H:\WORK\URL-Shortener\target\classes\com\example\url_profile\UrlProfileValidationService.class]
2024-06-12T14:28:23.355+03:00 DEBUG 12012 --- [URL Shortener] [           main] o.s.c.a.ClassPathBeanDefinitionScanner   : Identified candidate component class: file [H:\WORK\URL-Shortener\target\classes\com\example\url_view\UrlViewMapper.class]
2024-06-12T14:28:23.358+03:00 DEBUG 12012 --- [URL Shortener] [           main] o.s.c.a.ClassPathBeanDefinitionScanner   : Identified candidate component class: file [H:\WORK\URL-Shortener\target\classes\com\example\url_view\UrlViewService.class]
2024-06-12T14:28:23.360+03:00 DEBUG 12012 --- [URL Shortener] [           main] o.s.c.a.ClassPathBeanDefinitionScanner   : Ignored because not a concrete top-level class: file [H:\WORK\URL-Shortener\target\classes\com\example\user\UserRepository.class]
2024-06-12T14:28:23.360+03:00 DEBUG 12012 --- [URL Shortener] [           main] o.s.c.a.ClassPathBeanDefinitionScanner   : Identified candidate component class: file [H:\WORK\URL-Shortener\target\classes\com\example\user\UserService.class]
2024-06-12T14:28:23.682+03:00  INFO 12012 --- [URL Shortener] [           main] .s.d.r.c.RepositoryConfigurationDelegate : Multiple Spring Data modules found, entering strict repository configuration mode
2024-06-12T14:28:23.682+03:00  INFO 12012 --- [URL Shortener] [           main] .s.d.r.c.RepositoryConfigurationDelegate : Bootstrapping Spring Data JPA repositories in DEFAULT mode.
2024-06-12T14:28:23.683+03:00 DEBUG 12012 --- [URL Shortener] [           main] o.s.b.f.s.DefaultListableBeanFactory     : Creating shared instance of singleton bean 'org.springframework.boot.autoconfigure.AutoConfigurationPackages'
2024-06-12T14:28:23.683+03:00 DEBUG 12012 --- [URL Shortener] [           main] o.s.b.a.AutoConfigurationPackages        : @EnableAutoConfiguration was declared on a class in the package 'com.example'. Automatic @Repository and @Entity scanning is enabled.
2024-06-12T14:28:23.683+03:00 DEBUG 12012 --- [URL Shortener] [           main] .s.d.r.c.RepositoryConfigurationDelegate : Scanning for JPA repositories in packages com.example.
2024-06-12T14:28:23.690+03:00 DEBUG 12012 --- [URL Shortener] [           main] o.s.d.r.c.RepositoryComponentProvider    : Identified candidate component class: file [H:\WORK\URL-Shortener\target\classes\com\example\role\RoleRepository.class]
2024-06-12T14:28:23.690+03:00 DEBUG 12012 --- [URL Shortener] [           main] o.s.d.r.c.RepositoryComponentProvider    : Identified candidate component class: file [H:\WORK\URL-Shortener\target\classes\com\example\url_profile\UrlProfileRepository.class]
2024-06-12T14:28:23.690+03:00 DEBUG 12012 --- [URL Shortener] [           main] o.s.d.r.c.RepositoryComponentProvider    : Identified candidate component class: file [H:\WORK\URL-Shortener\target\classes\com\example\url_view\UrlViewRepository.class]
2024-06-12T14:28:23.690+03:00 DEBUG 12012 --- [URL Shortener] [           main] o.s.d.r.c.RepositoryComponentProvider    : Identified candidate component class: file [H:\WORK\URL-Shortener\target\classes\com\example\user\UserRepository.class]
2024-06-12T14:28:23.696+03:00 DEBUG 12012 --- [URL Shortener] [           main] ssPathScanningCandidateComponentProvider : Identified candidate component class: file [H:\WORK\URL-Shortener\target\classes\com\example\auth\validation\EmailValidatorImpl.class]
2024-06-12T14:28:23.696+03:00 DEBUG 12012 --- [URL Shortener] [           main] ssPathScanningCandidateComponentProvider : Identified candidate component class: file [H:\WORK\URL-Shortener\target\classes\com\example\auth\validation\PasswordValidatorImpl.class]
2024-06-12T14:28:23.702+03:00  INFO 12012 --- [URL Shortener] [           main] .s.d.r.c.RepositoryConfigurationDelegate : Finished Spring Data repository scanning in 18 ms. Found 4 JPA repository interfaces.
2024-06-12T14:28:23.705+03:00  INFO 12012 --- [URL Shortener] [           main] .s.d.r.c.RepositoryConfigurationDelegate : Multiple Spring Data modules found, entering strict repository configuration mode
2024-06-12T14:28:23.705+03:00  INFO 12012 --- [URL Shortener] [           main] .s.d.r.c.RepositoryConfigurationDelegate : Bootstrapping Spring Data Redis repositories in DEFAULT mode.
2024-06-12T14:28:23.706+03:00 DEBUG 12012 --- [URL Shortener] [           main] .s.d.r.c.RepositoryConfigurationDelegate : Scanning for Redis repositories in packages com.example.
2024-06-12T14:28:23.710+03:00 DEBUG 12012 --- [URL Shortener] [           main] o.s.d.r.c.RepositoryComponentProvider    : Identified candidate component class: file [H:\WORK\URL-Shortener\target\classes\com\example\role\RoleRepository.class]
2024-06-12T14:28:23.710+03:00 DEBUG 12012 --- [URL Shortener] [           main] o.s.d.r.c.RepositoryComponentProvider    : Identified candidate component class: file [H:\WORK\URL-Shortener\target\classes\com\example\url_profile\UrlProfileRepository.class]
2024-06-12T14:28:23.710+03:00 DEBUG 12012 --- [URL Shortener] [           main] o.s.d.r.c.RepositoryComponentProvider    : Identified candidate component class: file [H:\WORK\URL-Shortener\target\classes\com\example\url_view\UrlViewRepository.class]
2024-06-12T14:28:23.710+03:00 DEBUG 12012 --- [URL Shortener] [           main] o.s.d.r.c.RepositoryComponentProvider    : Identified candidate component class: file [H:\WORK\URL-Shortener\target\classes\com\example\user\UserRepository.class]
2024-06-12T14:28:23.710+03:00  INFO 12012 --- [URL Shortener] [           main] .RepositoryConfigurationExtensionSupport : Spring Data Redis - Could not safely identify store assignment for repository candidate interface com.example.role.RoleRepository; If you want this repository to be a Redis repository, consider annotating your entities with one of these annotations: org.springframework.data.redis.core.RedisHash (preferred), or consider extending one of the following types with your repository: org.springframework.data.keyvalue.repository.KeyValueRepository
2024-06-12T14:28:23.710+03:00  INFO 12012 --- [URL Shortener] [           main] .RepositoryConfigurationExtensionSupport : Spring Data Redis - Could not safely identify store assignment for repository candidate interface com.example.url_profile.UrlProfileRepository; If you want this repository to be a Redis repository, consider annotating your entities with one of these annotations: org.springframework.data.redis.core.RedisHash (preferred), or consider extending one of the following types with your repository: org.springframework.data.keyvalue.repository.KeyValueRepository
2024-06-12T14:28:23.710+03:00  INFO 12012 --- [URL Shortener] [           main] .RepositoryConfigurationExtensionSupport : Spring Data Redis - Could not safely identify store assignment for repository candidate interface com.example.url_view.UrlViewRepository; If you want this repository to be a Redis repository, consider annotating your entities with one of these annotations: org.springframework.data.redis.core.RedisHash (preferred), or consider extending one of the following types with your repository: org.springframework.data.keyvalue.repository.KeyValueRepository
2024-06-12T14:28:23.710+03:00  INFO 12012 --- [URL Shortener] [           main] .RepositoryConfigurationExtensionSupport : Spring Data Redis - Could not safely identify store assignment for repository candidate interface com.example.user.UserRepository; If you want this repository to be a Redis repository, consider annotating your entities with one of these annotations: org.springframework.data.redis.core.RedisHash (preferred), or consider extending one of the following types with your repository: org.springframework.data.keyvalue.repository.KeyValueRepository
2024-06-12T14:28:23.711+03:00  INFO 12012 --- [URL Shortener] [           main] .s.d.r.c.RepositoryConfigurationDelegate : Finished Spring Data repository scanning in 4 ms. Found 0 Redis repository interfaces.
2024-06-12T14:28:23.752+03:00 DEBUG 12012 --- [URL Shortener] [           main] o.s.b.f.s.DefaultListableBeanFactory     : Creating shared instance of singleton bean 'springSecurityHandlerMappingIntrospectorBeanDefinitionRegistryPostProcessor'
2024-06-12T14:28:23.754+03:00 DEBUG 12012 --- [URL Shortener] [           main] o.s.b.f.s.DefaultListableBeanFactory     : Creating shared instance of singleton bean 'propertySourcesPlaceholderConfigurer'
2024-06-12T14:28:23.755+03:00 DEBUG 12012 --- [URL Shortener] [           main] o.s.b.f.s.DefaultListableBeanFactory     : Creating shared instance of singleton bean 'org.springframework.boot.test.mock.mockito.MockitoPostProcessor'
2024-06-12T14:28:23.756+03:00 DEBUG 12012 --- [URL Shortener] [           main] o.s.b.f.s.DefaultListableBeanFactory     : Creating shared instance of singleton bean 'org.springframework.boot.autoconfigure.cache.CacheAutoConfiguration$CacheManagerEntityManagerFactoryDependsOnPostProcessor'
2024-06-12T14:28:23.756+03:00 DEBUG 12012 --- [URL Shortener] [           main] o.s.b.f.s.DefaultListableBeanFactory     : Creating shared instance of singleton bean 'emBeanDefinitionRegistrarPostProcessor'
2024-06-12T14:28:23.756+03:00 DEBUG 12012 --- [URL Shortener] [           main] o.s.b.f.s.DefaultListableBeanFactory     : Creating shared instance of singleton bean 'org.springframework.boot.sql.init.dependency.DatabaseInitializationDependencyConfigurer$DependsOnDatabaseInitializationPostProcessor'
2024-06-12T14:28:23.764+03:00 DEBUG 12012 --- [URL Shortener] [           main] o.s.b.f.s.DefaultListableBeanFactory     : Creating shared instance of singleton bean 'org.springframework.context.event.internalEventListenerProcessor'
2024-06-12T14:28:23.765+03:00 DEBUG 12012 --- [URL Shortener] [           main] o.s.b.f.s.DefaultListableBeanFactory     : Creating shared instance of singleton bean 'conversionServicePostProcessor'
2024-06-12T14:28:23.765+03:00 DEBUG 12012 --- [URL Shortener] [           main] o.s.b.f.s.DefaultListableBeanFactory     : Creating shared instance of singleton bean 'preserveErrorControllerTargetClassPostProcessor'
2024-06-12T14:28:23.765+03:00 DEBUG 12012 --- [URL Shortener] [           main] o.s.b.f.s.DefaultListableBeanFactory     : Creating shared instance of singleton bean 'org.springframework.context.event.internalEventListenerFactory'
2024-06-12T14:28:23.765+03:00 DEBUG 12012 --- [URL Shortener] [           main] o.s.b.f.s.DefaultListableBeanFactory     : Creating shared instance of singleton bean 'org.springframework.transaction.config.internalTransactionalEventListenerFactory'
2024-06-12T14:28:23.767+03:00 DEBUG 12012 --- [URL Shortener] [           main] o.s.b.f.s.DefaultListableBeanFactory     : Creating shared instance of singleton bean 'org.springframework.boot.test.mock.mockito.MockitoPostProcessor$SpyPostProcessor'
2024-06-12T14:28:23.767+03:00 DEBUG 12012 --- [URL Shortener] [           main] o.s.b.f.s.DefaultListableBeanFactory     : Creating shared instance of singleton bean 'org.springframework.context.annotation.internalAutowiredAnnotationProcessor'
2024-06-12T14:28:23.768+03:00 DEBUG 12012 --- [URL Shortener] [           main] o.s.b.f.s.DefaultListableBeanFactory     : Creating shared instance of singleton bean 'org.springframework.context.annotation.internalCommonAnnotationProcessor'
2024-06-12T14:28:23.768+03:00 DEBUG 12012 --- [URL Shortener] [           main] o.s.b.f.s.DefaultListableBeanFactory     : Creating shared instance of singleton bean 'org.springframework.context.annotation.internalPersistenceAnnotationProcessor'
2024-06-12T14:28:23.768+03:00 DEBUG 12012 --- [URL Shortener] [           main] o.s.b.f.s.DefaultListableBeanFactory     : Creating shared instance of singleton bean 'org.springframework.boot.context.properties.ConfigurationPropertiesBindingPostProcessor'
2024-06-12T14:28:23.768+03:00 DEBUG 12012 --- [URL Shortener] [           main] o.s.b.f.s.DefaultListableBeanFactory     : Creating shared instance of singleton bean 'org.springframework.boot.context.internalConfigurationPropertiesBinder'
2024-06-12T14:28:23.769+03:00 DEBUG 12012 --- [URL Shortener] [           main] o.s.b.f.s.DefaultListableBeanFactory     : Creating shared instance of singleton bean 'jdbcConnectionDetailsHikariBeanPostProcessor'
2024-06-12T14:28:23.769+03:00 DEBUG 12012 --- [URL Shortener] [           main] o.s.b.f.s.DefaultListableBeanFactory     : Creating shared instance of singleton bean 'org.springframework.aop.config.internalAutoProxyCreator'
2024-06-12T14:28:23.770+03:00 DEBUG 12012 --- [URL Shortener] [           main] o.s.b.f.s.DefaultListableBeanFactory     : Creating shared instance of singleton bean 'persistenceExceptionTranslationPostProcessor'
2024-06-12T14:28:23.773+03:00 DEBUG 12012 --- [URL Shortener] [           main] o.s.b.f.s.DefaultListableBeanFactory     : Autowiring by type from bean name 'persistenceExceptionTranslationPostProcessor' via factory method to bean named 'environment'
2024-06-12T14:28:23.773+03:00 DEBUG 12012 --- [URL Shortener] [           main] o.s.b.f.s.DefaultListableBeanFactory     : Creating shared instance of singleton bean 'webServerFactoryCustomizerBeanPostProcessor'
2024-06-12T14:28:23.773+03:00 DEBUG 12012 --- [URL Shortener] [           main] o.s.b.f.s.DefaultListableBeanFactory     : Creating shared instance of singleton bean 'errorPageRegistrarBeanPostProcessor'
2024-06-12T14:28:23.774+03:00 DEBUG 12012 --- [URL Shortener] [           main] o.s.b.f.s.DefaultListableBeanFactory     : Creating shared instance of singleton bean 'projectingArgumentResolverBeanPostProcessor'
2024-06-12T14:28:23.774+03:00 DEBUG 12012 --- [URL Shortener] [           main] o.s.b.f.s.DefaultListableBeanFactory     : Creating shared instance of singleton bean 'preFilterAuthorizationAdvisor'
2024-06-12T14:28:23.775+03:00 DEBUG 12012 --- [URL Shortener] [           main] o.s.b.f.s.DefaultListableBeanFactory     : Creating shared instance of singleton bean 'org.springframework.security.config.annotation.method.configuration.PrePostMethodSecurityConfiguration'
2024-06-12T14:28:23.776+03:00 DEBUG 12012 --- [URL Shortener] [           main] o.s.b.f.s.DefaultListableBeanFactory     : Autowiring by type from bean name 'preFilterAuthorizationAdvisor' via factory method to bean named 'org.springframework.security.config.annotation.method.configuration.PrePostMethodSecurityConfiguration'
2024-06-12T14:28:23.776+03:00 DEBUG 12012 --- [URL Shortener] [           main] o.s.b.f.s.DefaultListableBeanFactory     : Autowiring by type from bean name 'preFilterAuthorizationAdvisor' via factory method to bean named 'org.springframework.web.context.support.GenericWebApplicationContext@2568611c'
2024-06-12T14:28:23.776+03:00 DEBUG 12012 --- [URL Shortener] [           main] o.s.b.f.s.DefaultListableBeanFactory     : Creating shared instance of singleton bean 'preAuthorizeAuthorizationAdvisor'
2024-06-12T14:28:23.777+03:00 DEBUG 12012 --- [URL Shortener] [           main] o.s.b.f.s.DefaultListableBeanFactory     : Autowiring by type from bean name 'preAuthorizeAuthorizationAdvisor' via factory method to bean named 'org.springframework.security.config.annotation.method.configuration.PrePostMethodSecurityConfiguration'
2024-06-12T14:28:23.777+03:00 DEBUG 12012 --- [URL Shortener] [           main] o.s.b.f.s.DefaultListableBeanFactory     : Autowiring by type from bean name 'preAuthorizeAuthorizationAdvisor' via factory method to bean named 'org.springframework.web.context.support.GenericWebApplicationContext@2568611c'
2024-06-12T14:28:23.778+03:00 DEBUG 12012 --- [URL Shortener] [           main] o.s.b.f.s.DefaultListableBeanFactory     : Creating shared instance of singleton bean 'postFilterAuthorizationAdvisor'
2024-06-12T14:28:23.779+03:00 DEBUG 12012 --- [URL Shortener] [           main] o.s.b.f.s.DefaultListableBeanFactory     : Autowiring by type from bean name 'postFilterAuthorizationAdvisor' via factory method to bean named 'org.springframework.security.config.annotation.method.configuration.PrePostMethodSecurityConfiguration'
2024-06-12T14:28:23.779+03:00 DEBUG 12012 --- [URL Shortener] [           main] o.s.b.f.s.DefaultListableBeanFactory     : Autowiring by type from bean name 'postFilterAuthorizationAdvisor' via factory method to bean named 'org.springframework.web.context.support.GenericWebApplicationContext@2568611c'
2024-06-12T14:28:23.779+03:00 DEBUG 12012 --- [URL Shortener] [           main] o.s.b.f.s.DefaultListableBeanFactory     : Creating shared instance of singleton bean 'postAuthorizeAuthorizationAdvisor'
2024-06-12T14:28:23.780+03:00 DEBUG 12012 --- [URL Shortener] [           main] o.s.b.f.s.DefaultListableBeanFactory     : Autowiring by type from bean name 'postAuthorizeAuthorizationAdvisor' via factory method to bean named 'org.springframework.security.config.annotation.method.configuration.PrePostMethodSecurityConfiguration'
2024-06-12T14:28:23.780+03:00 DEBUG 12012 --- [URL Shortener] [           main] o.s.b.f.s.DefaultListableBeanFactory     : Autowiring by type from bean name 'postAuthorizeAuthorizationAdvisor' via factory method to bean named 'org.springframework.web.context.support.GenericWebApplicationContext@2568611c'
2024-06-12T14:28:23.781+03:00 DEBUG 12012 --- [URL Shortener] [           main] o.s.b.f.s.DefaultListableBeanFactory     : Creating shared instance of singleton bean 'authorizeReturnObjectAdvisor'
2024-06-12T14:28:23.781+03:00 DEBUG 12012 --- [URL Shortener] [           main] o.s.b.f.s.DefaultListableBeanFactory     : Creating shared instance of singleton bean 'authorizationProxyFactory'
2024-06-12T14:28:23.781+03:00 DEBUG 12012 --- [URL Shortener] [           main] o.s.b.f.s.DefaultListableBeanFactory     : Creating shared instance of singleton bean 'org.springframework.cache.config.internalCacheAdvisor'
2024-06-12T14:28:23.781+03:00 DEBUG 12012 --- [URL Shortener] [           main] o.s.b.f.s.DefaultListableBeanFactory     : Creating shared instance of singleton bean 'org.springframework.cache.annotation.ProxyCachingConfiguration'
2024-06-12T14:28:23.782+03:00 DEBUG 12012 --- [URL Shortener] [           main] o.s.b.f.s.DefaultListableBeanFactory     : Creating shared instance of singleton bean 'org.springframework.transaction.config.internalTransactionAdvisor'
2024-06-12T14:28:23.782+03:00 DEBUG 12012 --- [URL Shortener] [           main] o.s.b.f.s.DefaultListableBeanFactory     : Creating shared instance of singleton bean 'org.springframework.transaction.annotation.ProxyTransactionManagementConfiguration'
2024-06-12T14:28:23.789+03:00 DEBUG 12012 --- [URL Shortener] [           main] o.s.b.f.s.DefaultListableBeanFactory     : Creating shared instance of singleton bean 'transactionAttributeSource'
2024-06-12T14:28:23.790+03:00 DEBUG 12012 --- [URL Shortener] [           main] o.s.b.f.s.DefaultListableBeanFactory     : Creating shared instance of singleton bean 'transactionInterceptor'
2024-06-12T14:28:23.791+03:00 DEBUG 12012 --- [URL Shortener] [           main] o.s.b.f.s.DefaultListableBeanFactory     : Autowiring by type from bean name 'transactionInterceptor' via factory method to bean named 'transactionAttributeSource'
2024-06-12T14:28:23.792+03:00 DEBUG 12012 --- [URL Shortener] [           main] o.s.b.f.s.DefaultListableBeanFactory     : Autowiring by type from bean name 'org.springframework.transaction.config.internalTransactionAdvisor' via factory method to bean named 'transactionAttributeSource'
2024-06-12T14:28:23.792+03:00 DEBUG 12012 --- [URL Shortener] [           main] o.s.b.f.s.DefaultListableBeanFactory     : Autowiring by type from bean name 'org.springframework.transaction.config.internalTransactionAdvisor' via factory method to bean named 'transactionInterceptor'
2024-06-12T14:28:23.794+03:00 DEBUG 12012 --- [URL Shortener] [           main] o.s.b.f.s.DefaultListableBeanFactory     : Creating shared instance of singleton bean 'cacheOperationSource'
2024-06-12T14:28:23.796+03:00 DEBUG 12012 --- [URL Shortener] [           main] o.s.b.f.s.DefaultListableBeanFactory     : Creating shared instance of singleton bean 'cacheInterceptor'
2024-06-12T14:28:23.796+03:00 DEBUG 12012 --- [URL Shortener] [           main] o.s.b.f.s.DefaultListableBeanFactory     : Autowiring by type from bean name 'cacheInterceptor' via factory method to bean named 'cacheOperationSource'
2024-06-12T14:28:23.797+03:00 DEBUG 12012 --- [URL Shortener] [           main] o.s.b.f.s.DefaultListableBeanFactory     : Autowiring by type from bean name 'org.springframework.cache.config.internalCacheAdvisor' via factory method to bean named 'cacheOperationSource'
2024-06-12T14:28:23.797+03:00 DEBUG 12012 --- [URL Shortener] [           main] o.s.b.f.s.DefaultListableBeanFactory     : Autowiring by type from bean name 'org.springframework.cache.config.internalCacheAdvisor' via factory method to bean named 'cacheInterceptor'
2024-06-12T14:28:23.800+03:00 DEBUG 12012 --- [URL Shortener] [           main] o.s.b.f.s.DefaultListableBeanFactory     : Autowiring by type from bean name 'authorizeReturnObjectAdvisor' via factory method to bean named 'authorizationProxyFactory'
2024-06-12T14:28:23.802+03:00 DEBUG 12012 --- [URL Shortener] [           main] o.s.u.c.s.UiApplicationContextUtils      : Unable to locate ThemeSource with name 'themeSource': using default [org.springframework.ui.context.support.ResourceBundleThemeSource@72406594]
2024-06-12T14:28:23.803+03:00 DEBUG 12012 --- [URL Shortener] [           main] o.s.b.f.s.DefaultListableBeanFactory     : Creating shared instance of singleton bean 'cacheManager'
2024-06-12T14:28:23.803+03:00 DEBUG 12012 --- [URL Shortener] [           main] o.s.b.f.s.DefaultListableBeanFactory     : Creating shared instance of singleton bean 'org.springframework.boot.autoconfigure.cache.RedisCacheConfiguration'
2024-06-12T14:28:23.804+03:00 DEBUG 12012 --- [URL Shortener] [           main] o.s.b.f.s.DefaultListableBeanFactory     : Creating shared instance of singleton bean 'spring.cache-org.springframework.boot.autoconfigure.cache.CacheProperties'
2024-06-12T14:28:23.804+03:00 DEBUG 12012 --- [URL Shortener] [           main] o.s.b.f.s.DefaultListableBeanFactory     : Creating shared instance of singleton bean 'org.springframework.boot.context.properties.BoundConfigurationProperties'
2024-06-12T14:28:23.806+03:00 DEBUG 12012 --- [URL Shortener] [           main] o.s.b.f.s.DefaultListableBeanFactory     : Creating shared instance of singleton bean 'stringOrNumberMigrationVersionConverter'
2024-06-12T14:28:23.806+03:00 DEBUG 12012 --- [URL Shortener] [           main] o.s.b.f.s.DefaultListableBeanFactory     : Creating shared instance of singleton bean 'org.springframework.boot.autoconfigure.flyway.FlywayAutoConfiguration'
2024-06-12T14:28:23.810+03:00 DEBUG 12012 --- [URL Shortener] [           main] o.s.b.f.s.DefaultListableBeanFactory     : Creating shared instance of singleton bean 'cacheManagerCustomizers'
2024-06-12T14:28:23.810+03:00 DEBUG 12012 --- [URL Shortener] [           main] o.s.b.f.s.DefaultListableBeanFactory     : Creating shared instance of singleton bean 'org.springframework.boot.autoconfigure.cache.CacheAutoConfiguration'
2024-06-12T14:28:23.812+03:00 DEBUG 12012 --- [URL Shortener] [           main] o.s.b.f.s.DefaultListableBeanFactory     : Creating shared instance of singleton bean 'redisConnectionFactory'
2024-06-12T14:28:23.812+03:00 DEBUG 12012 --- [URL Shortener] [           main] o.s.b.f.s.DefaultListableBeanFactory     : Creating shared instance of singleton bean 'org.springframework.boot.autoconfigure.data.redis.LettuceConnectionConfiguration'
2024-06-12T14:28:23.813+03:00 DEBUG 12012 --- [URL Shortener] [           main] o.s.b.f.s.DefaultListableBeanFactory     : Creating shared instance of singleton bean 'spring.data.redis-org.springframework.boot.autoconfigure.data.redis.RedisProperties'
2024-06-12T14:28:23.816+03:00 DEBUG 12012 --- [URL Shortener] [           main] o.s.b.f.s.DefaultListableBeanFactory     : Creating shared instance of singleton bean 'redisConnectionDetails'
2024-06-12T14:28:23.816+03:00 DEBUG 12012 --- [URL Shortener] [           main] o.s.b.f.s.DefaultListableBeanFactory     : Creating shared instance of singleton bean 'org.springframework.boot.autoconfigure.data.redis.RedisAutoConfiguration'
2024-06-12T14:28:23.817+03:00 DEBUG 12012 --- [URL Shortener] [           main] o.s.b.f.s.DefaultListableBeanFactory     : Autowiring by type from bean name 'redisConnectionDetails' via factory method to bean named 'spring.data.redis-org.springframework.boot.autoconfigure.data.redis.RedisProperties'
2024-06-12T14:28:23.818+03:00 DEBUG 12012 --- [URL Shortener] [           main] o.s.b.f.s.DefaultListableBeanFactory     : Autowiring by type from bean name 'org.springframework.boot.autoconfigure.data.redis.LettuceConnectionConfiguration' via constructor to bean named 'spring.data.redis-org.springframework.boot.autoconfigure.data.redis.RedisProperties'
2024-06-12T14:28:23.818+03:00 DEBUG 12012 --- [URL Shortener] [           main] o.s.b.f.s.DefaultListableBeanFactory     : Autowiring by type from bean name 'org.springframework.boot.autoconfigure.data.redis.LettuceConnectionConfiguration' via constructor to bean named 'redisConnectionDetails'
2024-06-12T14:28:23.819+03:00 DEBUG 12012 --- [URL Shortener] [           main] o.s.b.f.s.DefaultListableBeanFactory     : Creating shared instance of singleton bean 'sslBundleRegistry'
2024-06-12T14:28:23.820+03:00 DEBUG 12012 --- [URL Shortener] [           main] o.s.b.f.s.DefaultListableBeanFactory     : Creating shared instance of singleton bean 'org.springframework.boot.autoconfigure.ssl.SslAutoConfiguration'
2024-06-12T14:28:23.820+03:00 DEBUG 12012 --- [URL Shortener] [           main] o.s.b.f.s.DefaultListableBeanFactory     : Creating shared instance of singleton bean 'spring.ssl-org.springframework.boot.autoconfigure.ssl.SslProperties'
2024-06-12T14:28:23.821+03:00 DEBUG 12012 --- [URL Shortener] [           main] o.s.b.f.s.DefaultListableBeanFactory     : Autowiring by type from bean name 'org.springframework.boot.autoconfigure.ssl.SslAutoConfiguration' via constructor to bean named 'spring.ssl-org.springframework.boot.autoconfigure.ssl.SslProperties'
2024-06-12T14:28:23.823+03:00 DEBUG 12012 --- [URL Shortener] [           main] o.s.b.f.s.DefaultListableBeanFactory     : Creating shared instance of singleton bean 'sslPropertiesSslBundleRegistrar'
2024-06-12T14:28:23.823+03:00 DEBUG 12012 --- [URL Shortener] [           main] o.s.b.f.s.DefaultListableBeanFactory     : Creating shared instance of singleton bean 'fileWatcher'
2024-06-12T14:28:23.824+03:00 DEBUG 12012 --- [URL Shortener] [           main] o.s.b.f.s.DefaultListableBeanFactory     : Autowiring by type from bean name 'sslPropertiesSslBundleRegistrar' via factory method to bean named 'fileWatcher'
2024-06-12T14:28:23.827+03:00 DEBUG 12012 --- [URL Shortener] [           main] o.s.b.f.s.DefaultListableBeanFactory     : Creating shared instance of singleton bean 'lettuceClientResources'
2024-06-12T14:28:23.827+03:00 DEBUG 12012 --- [URL Shortener] [           main] i.l.c.r.DefaultEventLoopGroupProvider    : Creating executor io.netty.util.concurrent.DefaultEventExecutorGroup
2024-06-12T14:28:23.828+03:00 DEBUG 12012 --- [URL Shortener] [           main] i.l.c.resource.DefaultClientResources    : LatencyUtils/HdrUtils are not available, metrics are disabled
2024-06-12T14:28:23.829+03:00 DEBUG 12012 --- [URL Shortener] [           main] o.s.b.f.s.DefaultListableBeanFactory     : Autowiring by type from bean name 'redisConnectionFactory' via factory method to bean named 'lettuceClientResources'
2024-06-12T14:28:23.833+03:00 DEBUG 12012 --- [URL Shortener] [           main] o.s.b.f.s.DefaultListableBeanFactory     : Autowiring by type from bean name 'cacheManager' via factory method to bean named 'spring.cache-org.springframework.boot.autoconfigure.cache.CacheProperties'
2024-06-12T14:28:23.833+03:00 DEBUG 12012 --- [URL Shortener] [           main] o.s.b.f.s.DefaultListableBeanFactory     : Autowiring by type from bean name 'cacheManager' via factory method to bean named 'cacheManagerCustomizers'
2024-06-12T14:28:23.833+03:00 DEBUG 12012 --- [URL Shortener] [           main] o.s.b.f.s.DefaultListableBeanFactory     : Autowiring by type from bean name 'cacheManager' via factory method to bean named 'redisConnectionFactory'
2024-06-12T14:28:23.833+03:00 DEBUG 12012 --- [URL Shortener] [           main] o.s.b.f.s.DefaultListableBeanFactory     : Autowiring by type from bean name 'cacheManager' via factory method to bean named 'org.springframework.web.context.support.GenericWebApplicationContext@2568611c'
2024-06-12T14:28:23.836+03:00 DEBUG 12012 --- [URL Shortener] [           main] o.s.b.f.s.DefaultListableBeanFactory     : Creating shared instance of singleton bean 'flyway'
2024-06-12T14:28:23.836+03:00 DEBUG 12012 --- [URL Shortener] [           main] o.s.b.f.s.DefaultListableBeanFactory     : Creating shared instance of singleton bean 'org.springframework.boot.autoconfigure.flyway.FlywayAutoConfiguration$FlywayConfiguration'
2024-06-12T14:28:23.837+03:00 DEBUG 12012 --- [URL Shortener] [           main] o.s.b.f.s.DefaultListableBeanFactory     : Creating shared instance of singleton bean 'spring.flyway-org.springframework.boot.autoconfigure.flyway.FlywayProperties'
2024-06-12T14:28:23.848+03:00 DEBUG 12012 --- [URL Shortener] [           main] o.s.b.f.s.DefaultListableBeanFactory     : Autowiring by type from bean name 'org.springframework.boot.autoconfigure.flyway.FlywayAutoConfiguration$FlywayConfiguration' via constructor to bean named 'spring.flyway-org.springframework.boot.autoconfigure.flyway.FlywayProperties'
2024-06-12T14:28:23.850+03:00 DEBUG 12012 --- [URL Shortener] [           main] o.s.b.f.s.DefaultListableBeanFactory     : Creating shared instance of singleton bean 'flywayConnectionDetails'
2024-06-12T14:28:23.852+03:00 DEBUG 12012 --- [URL Shortener] [           main] o.s.b.f.s.DefaultListableBeanFactory     : Creating shared instance of singleton bean 'resourceProviderCustomizer'
2024-06-12T14:28:23.852+03:00 DEBUG 12012 --- [URL Shortener] [           main] o.s.b.f.s.DefaultListableBeanFactory     : Autowiring by type from bean name 'flyway' via factory method to bean named 'flywayConnectionDetails'
2024-06-12T14:28:23.852+03:00 DEBUG 12012 --- [URL Shortener] [           main] o.s.b.f.s.DefaultListableBeanFactory     : Autowiring by type from bean name 'flyway' via factory method to bean named 'org.springframework.web.context.support.GenericWebApplicationContext@2568611c'
2024-06-12T14:28:23.852+03:00 DEBUG 12012 --- [URL Shortener] [           main] o.s.b.f.s.DefaultListableBeanFactory     : Autowiring by type from bean name 'flyway' via factory method to bean named 'resourceProviderCustomizer'
2024-06-12T14:28:23.854+03:00 DEBUG 12012 --- [URL Shortener] [           main] o.s.b.f.s.DefaultListableBeanFactory     : Creating shared instance of singleton bean 'dataSource'
2024-06-12T14:28:23.854+03:00 DEBUG 12012 --- [URL Shortener] [           main] o.s.b.f.s.DefaultListableBeanFactory     : Creating shared instance of singleton bean 'org.springframework.boot.autoconfigure.jdbc.DataSourceConfiguration$Hikari'
2024-06-12T14:28:23.855+03:00 DEBUG 12012 --- [URL Shortener] [           main] o.s.b.f.s.DefaultListableBeanFactory     : Creating shared instance of singleton bean 'spring.datasource-org.springframework.boot.autoconfigure.jdbc.DataSourceProperties'
2024-06-12T14:28:23.858+03:00 DEBUG 12012 --- [URL Shortener] [           main] o.s.b.f.s.DefaultListableBeanFactory     : Creating shared instance of singleton bean 'jdbcConnectionDetails'
2024-06-12T14:28:23.858+03:00 DEBUG 12012 --- [URL Shortener] [           main] o.s.b.f.s.DefaultListableBeanFactory     : Creating shared instance of singleton bean 'org.springframework.boot.autoconfigure.jdbc.DataSourceAutoConfiguration$PooledDataSourceConfiguration'
2024-06-12T14:28:23.859+03:00 DEBUG 12012 --- [URL Shortener] [           main] o.s.b.f.s.DefaultListableBeanFactory     : Autowiring by type from bean name 'jdbcConnectionDetails' via factory method to bean named 'spring.datasource-org.springframework.boot.autoconfigure.jdbc.DataSourceProperties'
2024-06-12T14:28:23.860+03:00 DEBUG 12012 --- [URL Shortener] [           main] o.s.b.f.s.DefaultListableBeanFactory     : Autowiring by type from bean name 'dataSource' via factory method to bean named 'spring.datasource-org.springframework.boot.autoconfigure.jdbc.DataSourceProperties'
2024-06-12T14:28:23.860+03:00 DEBUG 12012 --- [URL Shortener] [           main] o.s.b.f.s.DefaultListableBeanFactory     : Autowiring by type from bean name 'dataSource' via factory method to bean named 'jdbcConnectionDetails'
2024-06-12T14:28:23.860+03:00 DEBUG 12012 --- [URL Shortener] [           main] com.zaxxer.hikari.HikariConfig           : Driver class org.postgresql.Driver found in Thread context class loader jdk.internal.loader.ClassLoaders$AppClassLoader@33909752
2024-06-12T14:28:23.870+03:00 DEBUG 12012 --- [URL Shortener] [           main] o.s.b.f.s.DefaultListableBeanFactory     : Creating shared instance of singleton bean 'postgresqlFlywayConfigurationCustomizer'
2024-06-12T14:28:23.877+03:00 DEBUG 12012 --- [URL Shortener] [           main] o.f.c.i.s.classpath.ClassPathScanner     : Scanning for classpath resources at 'classpath:db/callback' ...
2024-06-12T14:28:23.877+03:00 DEBUG 12012 --- [URL Shortener] [           main] o.f.c.i.s.classpath.ClassPathScanner     : Determining location urls for classpath:db/callback using ClassLoader jdk.internal.loader.ClassLoaders$AppClassLoader@33909752 ...
2024-06-12T14:28:23.877+03:00 DEBUG 12012 --- [URL Shortener] [           main] o.f.c.i.s.classpath.ClassPathScanner     : Unable to resolve location classpath:db/callback.
2024-06-12T14:28:23.878+03:00 DEBUG 12012 --- [URL Shortener] [           main] o.s.b.f.s.DefaultListableBeanFactory     : Creating shared instance of singleton bean 'flywayInitializer'
2024-06-12T14:28:23.878+03:00 DEBUG 12012 --- [URL Shortener] [           main] o.s.b.f.s.DefaultListableBeanFactory     : Autowiring by type from bean name 'flywayInitializer' via factory method to bean named 'flyway'
2024-06-12T14:28:23.879+03:00 DEBUG 12012 --- [URL Shortener] [           main] o.f.c.i.s.classpath.ClassPathScanner     : Scanning for classpath resources at 'classpath:db/migration' ...
2024-06-12T14:28:23.879+03:00 DEBUG 12012 --- [URL Shortener] [           main] o.f.c.i.s.classpath.ClassPathScanner     : Determining location urls for classpath:db/migration using ClassLoader jdk.internal.loader.ClassLoaders$AppClassLoader@33909752 ...
2024-06-12T14:28:23.879+03:00 DEBUG 12012 --- [URL Shortener] [           main] o.f.c.i.s.classpath.ClassPathScanner     : Scanning URL: file:/H:/WORK/URL-Shortener/target/classes/db/migration
2024-06-12T14:28:23.879+03:00 DEBUG 12012 --- [URL Shortener] [           main] i.s.c.FileSystemClassPathLocationScanner : Scanning starting at classpath root in filesystem: H:\WORK\URL-Shortener\target\classes\
2024-06-12T14:28:23.879+03:00 DEBUG 12012 --- [URL Shortener] [           main] i.s.c.FileSystemClassPathLocationScanner : Scanning for resources in path: H:\WORK\URL-Shortener\target\classes\db\migration (db/migration)
2024-06-12T14:28:23.880+03:00 DEBUG 12012 --- [URL Shortener] [           main] o.f.c.i.s.classpath.ClassPathScanner     : Found resource: db/migration/V1__create_tables.sql
2024-06-12T14:28:23.880+03:00 DEBUG 12012 --- [URL Shortener] [           main] o.f.c.i.s.classpath.ClassPathScanner     : Found resource: db/migration/V2__populate_roles.sql
2024-06-12T14:28:23.880+03:00 DEBUG 12012 --- [URL Shortener] [           main] o.f.c.i.s.classpath.ClassPathScanner     : Scanning for classes at classpath:db/migration
2024-06-12T14:28:23.880+03:00 DEBUG 12012 --- [URL Shortener] [           main] o.f.c.i.resource.ResourceNameValidator   : Validating V2__populate_roles.sql
2024-06-12T14:28:23.880+03:00 DEBUG 12012 --- [URL Shortener] [           main] o.s.j.datasource.SimpleDriverDataSource  : Creating new JDBC Driver Connection to [jdbc:postgresql://localhost:2024/url_shortener]
2024-06-12T14:28:23.880+03:00 DEBUG 12012 --- [URL Shortener] [           main] org.postgresql.Driver                    : Loading driver configuration via classloader jdk.internal.loader.ClassLoaders$AppClassLoader@33909752
2024-06-12T14:28:23.880+03:00 DEBUG 12012 --- [URL Shortener] [           main] org.postgresql.Driver                    : Connecting with URL: jdbc:postgresql://localhost:2024/url_shortener
2024-06-12T14:28:23.880+03:00 DEBUG 12012 --- [URL Shortener] [           main] org.postgresql.jdbc.PgConnection         : PostgreSQL JDBC Driver 42.7.3
2024-06-12T14:28:23.881+03:00 DEBUG 12012 --- [URL Shortener] [           main] org.postgresql.jdbc.PgConnection         :   setDefaultFetchSize = 0
2024-06-12T14:28:23.881+03:00 DEBUG 12012 --- [URL Shortener] [           main] org.postgresql.jdbc.PgConnection         :   setPrepareThreshold = 5
2024-06-12T14:28:23.881+03:00 DEBUG 12012 --- [URL Shortener] [           main] o.p.core.v3.ConnectionFactoryImpl        : Trying to establish a protocol version 3 connection to localhost:2024
2024-06-12T14:28:23.881+03:00 DEBUG 12012 --- [URL Shortener] [           main] o.p.core.v3.ConnectionFactoryImpl        : Receive Buffer Size is 65 536
2024-06-12T14:28:23.882+03:00 DEBUG 12012 --- [URL Shortener] [           main] o.p.core.v3.ConnectionFactoryImpl        : Send Buffer Size is 65 536
2024-06-12T14:28:23.933+03:00 DEBUG 12012 --- [URL Shortener] [           main] org.postgresql.Driver                    : Connection error: 

org.postgresql.util.PSQLException: ��������: ���������� "postgres" �� ������� �������������� �� ��������� ������
	at org.postgresql.core.v3.ConnectionFactoryImpl.doAuthentication(ConnectionFactoryImpl.java:698) ~[postgresql-42.7.3.jar:42.7.3]
	at org.postgresql.core.v3.ConnectionFactoryImpl.tryConnect(ConnectionFactoryImpl.java:207) ~[postgresql-42.7.3.jar:42.7.3]
	at org.postgresql.core.v3.ConnectionFactoryImpl.openConnectionImpl(ConnectionFactoryImpl.java:262) ~[postgresql-42.7.3.jar:42.7.3]
	at org.postgresql.core.ConnectionFactory.openConnection(ConnectionFactory.java:54) ~[postgresql-42.7.3.jar:42.7.3]
	at org.postgresql.jdbc.PgConnection.<init>(PgConnection.java:273) ~[postgresql-42.7.3.jar:42.7.3]
	at org.postgresql.Driver.makeConnection(Driver.java:446) ~[postgresql-42.7.3.jar:42.7.3]
	at org.postgresql.Driver.connect(Driver.java:298) ~[postgresql-42.7.3.jar:42.7.3]
	at org.springframework.jdbc.datasource.SimpleDriverDataSource.getConnectionFromDriver(SimpleDriverDataSource.java:144) ~[spring-jdbc-6.1.8.jar:6.1.8]
	at org.springframework.jdbc.datasource.AbstractDriverBasedDataSource.getConnectionFromDriver(AbstractDriverBasedDataSource.java:205) ~[spring-jdbc-6.1.8.jar:6.1.8]
	at org.springframework.jdbc.datasource.AbstractDriverBasedDataSource.getConnection(AbstractDriverBasedDataSource.java:169) ~[spring-jdbc-6.1.8.jar:6.1.8]
	at org.flywaydb.core.api.configuration.ClassicConfiguration.getDatabaseType(ClassicConfiguration.java:1103) ~[flyway-core-10.10.0.jar:na]
	at org.flywaydb.core.internal.resource.ResourceNameValidator.isSpecialResourceFile(ResourceNameValidator.java:75) ~[flyway-core-10.10.0.jar:na]
	at org.flywaydb.core.internal.resource.ResourceNameValidator.validateSQLMigrationNaming(ResourceNameValidator.java:49) ~[flyway-core-10.10.0.jar:na]
	at org.flywaydb.core.FlywayExecutor.execute(FlywayExecutor.java:132) ~[flyway-core-10.10.0.jar:na]
	at org.flywaydb.core.Flyway.migrate(Flyway.java:147) ~[flyway-core-10.10.0.jar:na]
	at org.springframework.boot.autoconfigure.flyway.FlywayMigrationInitializer.afterPropertiesSet(FlywayMigrationInitializer.java:66) ~[spring-boot-autoconfigure-3.3.0.jar:3.3.0]
	at org.springframework.beans.factory.support.AbstractAutowireCapableBeanFactory.invokeInitMethods(AbstractAutowireCapableBeanFactory.java:1835) ~[spring-beans-6.1.8.jar:6.1.8]
	at org.springframework.beans.factory.support.AbstractAutowireCapableBeanFactory.initializeBean(AbstractAutowireCapableBeanFactory.java:1784) ~[spring-beans-6.1.8.jar:6.1.8]
	at org.springframework.beans.factory.support.AbstractAutowireCapableBeanFactory.doCreateBean(AbstractAutowireCapableBeanFactory.java:600) ~[spring-beans-6.1.8.jar:6.1.8]
	at org.springframework.beans.factory.support.AbstractAutowireCapableBeanFactory.createBean(AbstractAutowireCapableBeanFactory.java:522) ~[spring-beans-6.1.8.jar:6.1.8]
	at org.springframework.beans.factory.support.AbstractBeanFactory.lambda$doGetBean$0(AbstractBeanFactory.java:337) ~[spring-beans-6.1.8.jar:6.1.8]
	at org.springframework.beans.factory.support.DefaultSingletonBeanRegistry.getSingleton(DefaultSingletonBeanRegistry.java:234) ~[spring-beans-6.1.8.jar:6.1.8]
	at org.springframework.beans.factory.support.AbstractBeanFactory.doGetBean(AbstractBeanFactory.java:335) ~[spring-beans-6.1.8.jar:6.1.8]
	at org.springframework.beans.factory.support.AbstractBeanFactory.getBean(AbstractBeanFactory.java:200) ~[spring-beans-6.1.8.jar:6.1.8]
	at org.springframework.beans.factory.support.AbstractBeanFactory.doGetBean(AbstractBeanFactory.java:313) ~[spring-beans-6.1.8.jar:6.1.8]
	at org.springframework.beans.factory.support.AbstractBeanFactory.getBean(AbstractBeanFactory.java:205) ~[spring-beans-6.1.8.jar:6.1.8]
	at org.springframework.context.support.AbstractApplicationContext.finishBeanFactoryInitialization(AbstractApplicationContext.java:952) ~[spring-context-6.1.8.jar:6.1.8]
	at org.springframework.context.support.AbstractApplicationContext.refresh(AbstractApplicationContext.java:624) ~[spring-context-6.1.8.jar:6.1.8]
	at org.springframework.boot.SpringApplication.refresh(SpringApplication.java:754) ~[spring-boot-3.3.0.jar:3.3.0]
	at org.springframework.boot.SpringApplication.refreshContext(SpringApplication.java:456) ~[spring-boot-3.3.0.jar:3.3.0]
	at org.springframework.boot.SpringApplication.run(SpringApplication.java:335) ~[spring-boot-3.3.0.jar:3.3.0]
	at org.springframework.boot.test.context.SpringBootContextLoader.lambda$loadContext$3(SpringBootContextLoader.java:137) ~[spring-boot-test-3.3.0.jar:3.3.0]
	at org.springframework.util.function.ThrowingSupplier.get(ThrowingSupplier.java:58) ~[spring-core-6.1.8.jar:6.1.8]
	at org.springframework.util.function.ThrowingSupplier.get(ThrowingSupplier.java:46) ~[spring-core-6.1.8.jar:6.1.8]
	at org.springframework.boot.SpringApplication.withHook(SpringApplication.java:1463) ~[spring-boot-3.3.0.jar:3.3.0]
	at org.springframework.boot.test.context.SpringBootContextLoader$ContextLoaderHook.run(SpringBootContextLoader.java:553) ~[spring-boot-test-3.3.0.jar:3.3.0]
	at org.springframework.boot.test.context.SpringBootContextLoader.loadContext(SpringBootContextLoader.java:137) ~[spring-boot-test-3.3.0.jar:3.3.0]
	at org.springframework.boot.test.context.SpringBootContextLoader.loadContext(SpringBootContextLoader.java:108) ~[spring-boot-test-3.3.0.jar:3.3.0]
	at org.springframework.test.context.cache.DefaultCacheAwareContextLoaderDelegate.loadContextInternal(DefaultCacheAwareContextLoaderDelegate.java:225) ~[spring-test-6.1.8.jar:6.1.8]
	at org.springframework.test.context.cache.DefaultCacheAwareContextLoaderDelegate.loadContext(DefaultCacheAwareContextLoaderDelegate.java:152) ~[spring-test-6.1.8.jar:6.1.8]
	at org.springframework.test.context.support.DefaultTestContext.getApplicationContext(DefaultTestContext.java:130) ~[spring-test-6.1.8.jar:6.1.8]
	at org.springframework.test.context.web.ServletTestExecutionListener.setUpRequestContextIfNecessary(ServletTestExecutionListener.java:191) ~[spring-test-6.1.8.jar:6.1.8]
	at org.springframework.test.context.web.ServletTestExecutionListener.prepareTestInstance(ServletTestExecutionListener.java:130) ~[spring-test-6.1.8.jar:6.1.8]
	at org.springframework.test.context.TestContextManager.prepareTestInstance(TestContextManager.java:260) ~[spring-test-6.1.8.jar:6.1.8]
	at org.springframework.test.context.junit.jupiter.SpringExtension.postProcessTestInstance(SpringExtension.java:163) ~[spring-test-6.1.8.jar:6.1.8]
	at org.junit.jupiter.engine.descriptor.ClassBasedTestDescriptor.lambda$invokeTestInstancePostProcessors$10(ClassBasedTestDescriptor.java:378) ~[junit-jupiter-engine-5.10.2.jar:5.10.2]
	at org.junit.jupiter.engine.descriptor.ClassBasedTestDescriptor.executeAndMaskThrowable(ClassBasedTestDescriptor.java:383) ~[junit-jupiter-engine-5.10.2.jar:5.10.2]
	at org.junit.jupiter.engine.descriptor.ClassBasedTestDescriptor.lambda$invokeTestInstancePostProcessors$11(ClassBasedTestDescriptor.java:378) ~[junit-jupiter-engine-5.10.2.jar:5.10.2]
	at java.base/java.util.stream.ReferencePipeline$3$1.accept(ReferencePipeline.java:197) ~[na:na]
	at java.base/java.util.stream.ReferencePipeline$2$1.accept(ReferencePipeline.java:179) ~[na:na]
	at java.base/java.util.ArrayList$ArrayListSpliterator.forEachRemaining(ArrayList.java:1708) ~[na:na]
	at java.base/java.util.stream.AbstractPipeline.copyInto(AbstractPipeline.java:509) ~[na:na]
	at java.base/java.util.stream.AbstractPipeline.wrapAndCopyInto(AbstractPipeline.java:499) ~[na:na]
	at java.base/java.util.stream.StreamSpliterators$WrappingSpliterator.forEachRemaining(StreamSpliterators.java:310) ~[na:na]
	at java.base/java.util.stream.Streams$ConcatSpliterator.forEachRemaining(Streams.java:735) ~[na:na]
	at java.base/java.util.stream.Streams$ConcatSpliterator.forEachRemaining(Streams.java:734) ~[na:na]
	at java.base/java.util.stream.ReferencePipeline$Head.forEach(ReferencePipeline.java:762) ~[na:na]
	at org.junit.jupiter.engine.descriptor.ClassBasedTestDescriptor.invokeTestInstancePostProcessors(ClassBasedTestDescriptor.java:377) ~[junit-jupiter-engine-5.10.2.jar:5.10.2]
	at org.junit.jupiter.engine.descriptor.ClassBasedTestDescriptor.lambda$instantiateAndPostProcessTestInstance$6(ClassBasedTestDescriptor.java:290) ~[junit-jupiter-engine-5.10.2.jar:5.10.2]
	at org.junit.platform.engine.support.hierarchical.ThrowableCollector.execute(ThrowableCollector.java:73) ~[junit-platform-engine-1.10.2.jar:1.10.2]
	at org.junit.jupiter.engine.descriptor.ClassBasedTestDescriptor.instantiateAndPostProcessTestInstance(ClassBasedTestDescriptor.java:289) ~[junit-jupiter-engine-5.10.2.jar:5.10.2]
	at org.junit.jupiter.engine.descriptor.ClassBasedTestDescriptor.lambda$testInstancesProvider$4(ClassBasedTestDescriptor.java:279) ~[junit-jupiter-engine-5.10.2.jar:5.10.2]
	at java.base/java.util.Optional.orElseGet(Optional.java:364) ~[na:na]
	at org.junit.jupiter.engine.descriptor.ClassBasedTestDescriptor.lambda$testInstancesProvider$5(ClassBasedTestDescriptor.java:278) ~[junit-jupiter-engine-5.10.2.jar:5.10.2]
	at org.junit.jupiter.engine.execution.TestInstancesProvider.getTestInstances(TestInstancesProvider.java:31) ~[junit-jupiter-engine-5.10.2.jar:5.10.2]
	at org.junit.jupiter.engine.descriptor.TestMethodTestDescriptor.lambda$prepare$0(TestMethodTestDescriptor.java:106) ~[junit-jupiter-engine-5.10.2.jar:5.10.2]
	at org.junit.platform.engine.support.hierarchical.ThrowableCollector.execute(ThrowableCollector.java:73) ~[junit-platform-engine-1.10.2.jar:1.10.2]
	at org.junit.jupiter.engine.descriptor.TestMethodTestDescriptor.prepare(TestMethodTestDescriptor.java:105) ~[junit-jupiter-engine-5.10.2.jar:5.10.2]
	at org.junit.jupiter.engine.descriptor.TestMethodTestDescriptor.prepare(TestMethodTestDescriptor.java:69) ~[junit-jupiter-engine-5.10.2.jar:5.10.2]
	at org.junit.platform.engine.support.hierarchical.NodeTestTask.lambda$prepare$2(NodeTestTask.java:123) ~[junit-platform-engine-1.10.2.jar:1.10.2]
	at org.junit.platform.engine.support.hierarchical.ThrowableCollector.execute(ThrowableCollector.java:73) ~[junit-platform-engine-1.10.2.jar:1.10.2]
	at org.junit.platform.engine.support.hierarchical.NodeTestTask.prepare(NodeTestTask.java:123) ~[junit-platform-engine-1.10.2.jar:1.10.2]
	at org.junit.platform.engine.support.hierarchical.NodeTestTask.execute(NodeTestTask.java:90) ~[junit-platform-engine-1.10.2.jar:1.10.2]
	at java.base/java.util.ArrayList.forEach(ArrayList.java:1596) ~[na:na]
	at org.junit.platform.engine.support.hierarchical.SameThreadHierarchicalTestExecutorService.invokeAll(SameThreadHierarchicalTestExecutorService.java:41) ~[junit-platform-engine-1.10.2.jar:1.10.2]
	at org.junit.platform.engine.support.hierarchical.NodeTestTask.lambda$executeRecursively$6(NodeTestTask.java:155) ~[junit-platform-engine-1.10.2.jar:1.10.2]
	at org.junit.platform.engine.support.hierarchical.ThrowableCollector.execute(ThrowableCollector.java:73) ~[junit-platform-engine-1.10.2.jar:1.10.2]
	at org.junit.platform.engine.support.hierarchical.NodeTestTask.lambda$executeRecursively$8(NodeTestTask.java:141) ~[junit-platform-engine-1.10.2.jar:1.10.2]
	at org.junit.platform.engine.support.hierarchical.Node.around(Node.java:137) ~[junit-platform-engine-1.10.2.jar:1.10.2]
	at org.junit.platform.engine.support.hierarchical.NodeTestTask.lambda$executeRecursively$9(NodeTestTask.java:139) ~[junit-platform-engine-1.10.2.jar:1.10.2]
	at org.junit.platform.engine.support.hierarchical.ThrowableCollector.execute(ThrowableCollector.java:73) ~[junit-platform-engine-1.10.2.jar:1.10.2]
	at org.junit.platform.engine.support.hierarchical.NodeTestTask.executeRecursively(NodeTestTask.java:138) ~[junit-platform-engine-1.10.2.jar:1.10.2]
	at org.junit.platform.engine.support.hierarchical.NodeTestTask.execute(NodeTestTask.java:95) ~[junit-platform-engine-1.10.2.jar:1.10.2]
	at java.base/java.util.ArrayList.forEach(ArrayList.java:1596) ~[na:na]
	at org.junit.platform.engine.support.hierarchical.SameThreadHierarchicalTestExecutorService.invokeAll(SameThreadHierarchicalTestExecutorService.java:41) ~[junit-platform-engine-1.10.2.jar:1.10.2]
	at org.junit.platform.engine.support.hierarchical.NodeTestTask.lambda$executeRecursively$6(NodeTestTask.java:155) ~[junit-platform-engine-1.10.2.jar:1.10.2]
	at org.junit.platform.engine.support.hierarchical.ThrowableCollector.execute(ThrowableCollector.java:73) ~[junit-platform-engine-1.10.2.jar:1.10.2]
	at org.junit.platform.engine.support.hierarchical.NodeTestTask.lambda$executeRecursively$8(NodeTestTask.java:141) ~[junit-platform-engine-1.10.2.jar:1.10.2]
	at org.junit.platform.engine.support.hierarchical.Node.around(Node.java:137) ~[junit-platform-engine-1.10.2.jar:1.10.2]
	at org.junit.platform.engine.support.hierarchical.NodeTestTask.lambda$executeRecursively$9(NodeTestTask.java:139) ~[junit-platform-engine-1.10.2.jar:1.10.2]
	at org.junit.platform.engine.support.hierarchical.ThrowableCollector.execute(ThrowableCollector.java:73) ~[junit-platform-engine-1.10.2.jar:1.10.2]
	at org.junit.platform.engine.support.hierarchical.NodeTestTask.executeRecursively(NodeTestTask.java:138) ~[junit-platform-engine-1.10.2.jar:1.10.2]
	at org.junit.platform.engine.support.hierarchical.NodeTestTask.execute(NodeTestTask.java:95) ~[junit-platform-engine-1.10.2.jar:1.10.2]
	at org.junit.platform.engine.support.hierarchical.SameThreadHierarchicalTestExecutorService.submit(SameThreadHierarchicalTestExecutorService.java:35) ~[junit-platform-engine-1.10.2.jar:1.10.2]
	at org.junit.platform.engine.support.hierarchical.HierarchicalTestExecutor.execute(HierarchicalTestExecutor.java:57) ~[junit-platform-engine-1.10.2.jar:1.10.2]
	at org.junit.platform.engine.support.hierarchical.HierarchicalTestEngine.execute(HierarchicalTestEngine.java:54) ~[junit-platform-engine-1.10.2.jar:1.10.2]
	at org.junit.platform.launcher.core.EngineExecutionOrchestrator.execute(EngineExecutionOrchestrator.java:198) ~[junit-platform-launcher-1.10.2.jar:1.10.2]
	at org.junit.platform.launcher.core.EngineExecutionOrchestrator.execute(EngineExecutionOrchestrator.java:169) ~[junit-platform-launcher-1.10.2.jar:1.10.2]
	at org.junit.platform.launcher.core.EngineExecutionOrchestrator.execute(EngineExecutionOrchestrator.java:93) ~[junit-platform-launcher-1.10.2.jar:1.10.2]
	at org.junit.platform.launcher.core.EngineExecutionOrchestrator.lambda$execute$0(EngineExecutionOrchestrator.java:58) ~[junit-platform-launcher-1.10.2.jar:1.10.2]
	at org.junit.platform.launcher.core.EngineExecutionOrchestrator.withInterceptedStreams(EngineExecutionOrchestrator.java:141) ~[junit-platform-launcher-1.10.2.jar:1.10.2]
	at org.junit.platform.launcher.core.EngineExecutionOrchestrator.execute(EngineExecutionOrchestrator.java:57) ~[junit-platform-launcher-1.10.2.jar:1.10.2]
	at org.junit.platform.launcher.core.DefaultLauncher.execute(DefaultLauncher.java:103) ~[junit-platform-launcher-1.10.2.jar:1.10.2]
	at org.junit.platform.launcher.core.DefaultLauncher.execute(DefaultLauncher.java:85) ~[junit-platform-launcher-1.10.2.jar:1.10.2]
	at org.junit.platform.launcher.core.DelegatingLauncher.execute(DelegatingLauncher.java:47) ~[junit-platform-launcher-1.10.2.jar:1.10.2]
	at org.apache.maven.surefire.junitplatform.LazyLauncher.execute(LazyLauncher.java:56) ~[surefire-junit-platform-3.2.5.jar:3.2.5]
	at org.apache.maven.surefire.junitplatform.JUnitPlatformProvider.execute(JUnitPlatformProvider.java:184) ~[surefire-junit-platform-3.2.5.jar:3.2.5]
	at org.apache.maven.surefire.junitplatform.JUnitPlatformProvider.invokeAllTests(JUnitPlatformProvider.java:148) ~[surefire-junit-platform-3.2.5.jar:3.2.5]
	at org.apache.maven.surefire.junitplatform.JUnitPlatformProvider.invoke(JUnitPlatformProvider.java:122) ~[surefire-junit-platform-3.2.5.jar:3.2.5]
	at org.apache.maven.surefire.booter.ForkedBooter.runSuitesInProcess(ForkedBooter.java:385) ~[surefire-booter-3.2.5.jar:3.2.5]
	at org.apache.maven.surefire.booter.ForkedBooter.execute(ForkedBooter.java:162) ~[surefire-booter-3.2.5.jar:3.2.5]
	at org.apache.maven.surefire.booter.ForkedBooter.run(ForkedBooter.java:507) ~[surefire-booter-3.2.5.jar:3.2.5]
	at org.apache.maven.surefire.booter.ForkedBooter.main(ForkedBooter.java:495) ~[surefire-booter-3.2.5.jar:3.2.5]

2024-06-12T14:28:23.934+03:00 DEBUG 12012 --- [URL Shortener] [           main] o.f.c.i.resource.ResourceNameValidator   : Validating V1__create_tables.sql
2024-06-12T14:28:23.935+03:00 DEBUG 12012 --- [URL Shortener] [           main] o.s.j.datasource.SimpleDriverDataSource  : Creating new JDBC Driver Connection to [jdbc:postgresql://localhost:2024/url_shortener]
2024-06-12T14:28:23.935+03:00 DEBUG 12012 --- [URL Shortener] [           main] org.postgresql.Driver                    : Connecting with URL: jdbc:postgresql://localhost:2024/url_shortener
2024-06-12T14:28:23.935+03:00 DEBUG 12012 --- [URL Shortener] [           main] org.postgresql.jdbc.PgConnection         : PostgreSQL JDBC Driver 42.7.3
2024-06-12T14:28:23.935+03:00 DEBUG 12012 --- [URL Shortener] [           main] org.postgresql.jdbc.PgConnection         :   setDefaultFetchSize = 0
2024-06-12T14:28:23.935+03:00 DEBUG 12012 --- [URL Shortener] [           main] org.postgresql.jdbc.PgConnection         :   setPrepareThreshold = 5
2024-06-12T14:28:23.935+03:00 DEBUG 12012 --- [URL Shortener] [           main] o.p.core.v3.ConnectionFactoryImpl        : Trying to establish a protocol version 3 connection to localhost:2024
2024-06-12T14:28:23.936+03:00 DEBUG 12012 --- [URL Shortener] [           main] o.p.core.v3.ConnectionFactoryImpl        : Receive Buffer Size is 65 536
2024-06-12T14:28:23.936+03:00 DEBUG 12012 --- [URL Shortener] [           main] o.p.core.v3.ConnectionFactoryImpl        : Send Buffer Size is 65 536
2024-06-12T14:28:23.986+03:00 DEBUG 12012 --- [URL Shortener] [           main] org.postgresql.Driver                    : Connection error: 

org.postgresql.util.PSQLException: ��������: ���������� "postgres" �� ������� �������������� �� ��������� ������
	at org.postgresql.core.v3.ConnectionFactoryImpl.doAuthentication(ConnectionFactoryImpl.java:698) ~[postgresql-42.7.3.jar:42.7.3]
	at org.postgresql.core.v3.ConnectionFactoryImpl.tryConnect(ConnectionFactoryImpl.java:207) ~[postgresql-42.7.3.jar:42.7.3]
	at org.postgresql.core.v3.ConnectionFactoryImpl.openConnectionImpl(ConnectionFactoryImpl.java:262) ~[postgresql-42.7.3.jar:42.7.3]
	at org.postgresql.core.ConnectionFactory.openConnection(ConnectionFactory.java:54) ~[postgresql-42.7.3.jar:42.7.3]
	at org.postgresql.jdbc.PgConnection.<init>(PgConnection.java:273) ~[postgresql-42.7.3.jar:42.7.3]
	at org.postgresql.Driver.makeConnection(Driver.java:446) ~[postgresql-42.7.3.jar:42.7.3]
	at org.postgresql.Driver.connect(Driver.java:298) ~[postgresql-42.7.3.jar:42.7.3]
	at org.springframework.jdbc.datasource.SimpleDriverDataSource.getConnectionFromDriver(SimpleDriverDataSource.java:144) ~[spring-jdbc-6.1.8.jar:6.1.8]
	at org.springframework.jdbc.datasource.AbstractDriverBasedDataSource.getConnectionFromDriver(AbstractDriverBasedDataSource.java:205) ~[spring-jdbc-6.1.8.jar:6.1.8]
	at org.springframework.jdbc.datasource.AbstractDriverBasedDataSource.getConnection(AbstractDriverBasedDataSource.java:169) ~[spring-jdbc-6.1.8.jar:6.1.8]
	at org.flywaydb.core.api.configuration.ClassicConfiguration.getDatabaseType(ClassicConfiguration.java:1103) ~[flyway-core-10.10.0.jar:na]
	at org.flywaydb.core.internal.resource.ResourceNameValidator.isSpecialResourceFile(ResourceNameValidator.java:75) ~[flyway-core-10.10.0.jar:na]
	at org.flywaydb.core.internal.resource.ResourceNameValidator.validateSQLMigrationNaming(ResourceNameValidator.java:49) ~[flyway-core-10.10.0.jar:na]
	at org.flywaydb.core.FlywayExecutor.execute(FlywayExecutor.java:132) ~[flyway-core-10.10.0.jar:na]
	at org.flywaydb.core.Flyway.migrate(Flyway.java:147) ~[flyway-core-10.10.0.jar:na]
	at org.springframework.boot.autoconfigure.flyway.FlywayMigrationInitializer.afterPropertiesSet(FlywayMigrationInitializer.java:66) ~[spring-boot-autoconfigure-3.3.0.jar:3.3.0]
	at org.springframework.beans.factory.support.AbstractAutowireCapableBeanFactory.invokeInitMethods(AbstractAutowireCapableBeanFactory.java:1835) ~[spring-beans-6.1.8.jar:6.1.8]
	at org.springframework.beans.factory.support.AbstractAutowireCapableBeanFactory.initializeBean(AbstractAutowireCapableBeanFactory.java:1784) ~[spring-beans-6.1.8.jar:6.1.8]
	at org.springframework.beans.factory.support.AbstractAutowireCapableBeanFactory.doCreateBean(AbstractAutowireCapableBeanFactory.java:600) ~[spring-beans-6.1.8.jar:6.1.8]
	at org.springframework.beans.factory.support.AbstractAutowireCapableBeanFactory.createBean(AbstractAutowireCapableBeanFactory.java:522) ~[spring-beans-6.1.8.jar:6.1.8]
	at org.springframework.beans.factory.support.AbstractBeanFactory.lambda$doGetBean$0(AbstractBeanFactory.java:337) ~[spring-beans-6.1.8.jar:6.1.8]
	at org.springframework.beans.factory.support.DefaultSingletonBeanRegistry.getSingleton(DefaultSingletonBeanRegistry.java:234) ~[spring-beans-6.1.8.jar:6.1.8]
	at org.springframework.beans.factory.support.AbstractBeanFactory.doGetBean(AbstractBeanFactory.java:335) ~[spring-beans-6.1.8.jar:6.1.8]
	at org.springframework.beans.factory.support.AbstractBeanFactory.getBean(AbstractBeanFactory.java:200) ~[spring-beans-6.1.8.jar:6.1.8]
	at org.springframework.beans.factory.support.AbstractBeanFactory.doGetBean(AbstractBeanFactory.java:313) ~[spring-beans-6.1.8.jar:6.1.8]
	at org.springframework.beans.factory.support.AbstractBeanFactory.getBean(AbstractBeanFactory.java:205) ~[spring-beans-6.1.8.jar:6.1.8]
	at org.springframework.context.support.AbstractApplicationContext.finishBeanFactoryInitialization(AbstractApplicationContext.java:952) ~[spring-context-6.1.8.jar:6.1.8]
	at org.springframework.context.support.AbstractApplicationContext.refresh(AbstractApplicationContext.java:624) ~[spring-context-6.1.8.jar:6.1.8]
	at org.springframework.boot.SpringApplication.refresh(SpringApplication.java:754) ~[spring-boot-3.3.0.jar:3.3.0]
	at org.springframework.boot.SpringApplication.refreshContext(SpringApplication.java:456) ~[spring-boot-3.3.0.jar:3.3.0]
	at org.springframework.boot.SpringApplication.run(SpringApplication.java:335) ~[spring-boot-3.3.0.jar:3.3.0]
	at org.springframework.boot.test.context.SpringBootContextLoader.lambda$loadContext$3(SpringBootContextLoader.java:137) ~[spring-boot-test-3.3.0.jar:3.3.0]
	at org.springframework.util.function.ThrowingSupplier.get(ThrowingSupplier.java:58) ~[spring-core-6.1.8.jar:6.1.8]
	at org.springframework.util.function.ThrowingSupplier.get(ThrowingSupplier.java:46) ~[spring-core-6.1.8.jar:6.1.8]
	at org.springframework.boot.SpringApplication.withHook(SpringApplication.java:1463) ~[spring-boot-3.3.0.jar:3.3.0]
	at org.springframework.boot.test.context.SpringBootContextLoader$ContextLoaderHook.run(SpringBootContextLoader.java:553) ~[spring-boot-test-3.3.0.jar:3.3.0]
	at org.springframework.boot.test.context.SpringBootContextLoader.loadContext(SpringBootContextLoader.java:137) ~[spring-boot-test-3.3.0.jar:3.3.0]
	at org.springframework.boot.test.context.SpringBootContextLoader.loadContext(SpringBootContextLoader.java:108) ~[spring-boot-test-3.3.0.jar:3.3.0]
	at org.springframework.test.context.cache.DefaultCacheAwareContextLoaderDelegate.loadContextInternal(DefaultCacheAwareContextLoaderDelegate.java:225) ~[spring-test-6.1.8.jar:6.1.8]
	at org.springframework.test.context.cache.DefaultCacheAwareContextLoaderDelegate.loadContext(DefaultCacheAwareContextLoaderDelegate.java:152) ~[spring-test-6.1.8.jar:6.1.8]
	at org.springframework.test.context.support.DefaultTestContext.getApplicationContext(DefaultTestContext.java:130) ~[spring-test-6.1.8.jar:6.1.8]
	at org.springframework.test.context.web.ServletTestExecutionListener.setUpRequestContextIfNecessary(ServletTestExecutionListener.java:191) ~[spring-test-6.1.8.jar:6.1.8]
	at org.springframework.test.context.web.ServletTestExecutionListener.prepareTestInstance(ServletTestExecutionListener.java:130) ~[spring-test-6.1.8.jar:6.1.8]
	at org.springframework.test.context.TestContextManager.prepareTestInstance(TestContextManager.java:260) ~[spring-test-6.1.8.jar:6.1.8]
	at org.springframework.test.context.junit.jupiter.SpringExtension.postProcessTestInstance(SpringExtension.java:163) ~[spring-test-6.1.8.jar:6.1.8]
	at org.junit.jupiter.engine.descriptor.ClassBasedTestDescriptor.lambda$invokeTestInstancePostProcessors$10(ClassBasedTestDescriptor.java:378) ~[junit-jupiter-engine-5.10.2.jar:5.10.2]
	at org.junit.jupiter.engine.descriptor.ClassBasedTestDescriptor.executeAndMaskThrowable(ClassBasedTestDescriptor.java:383) ~[junit-jupiter-engine-5.10.2.jar:5.10.2]
	at org.junit.jupiter.engine.descriptor.ClassBasedTestDescriptor.lambda$invokeTestInstancePostProcessors$11(ClassBasedTestDescriptor.java:378) ~[junit-jupiter-engine-5.10.2.jar:5.10.2]
	at java.base/java.util.stream.ReferencePipeline$3$1.accept(ReferencePipeline.java:197) ~[na:na]
	at java.base/java.util.stream.ReferencePipeline$2$1.accept(ReferencePipeline.java:179) ~[na:na]
	at java.base/java.util.ArrayList$ArrayListSpliterator.forEachRemaining(ArrayList.java:1708) ~[na:na]
	at java.base/java.util.stream.AbstractPipeline.copyInto(AbstractPipeline.java:509) ~[na:na]
	at java.base/java.util.stream.AbstractPipeline.wrapAndCopyInto(AbstractPipeline.java:499) ~[na:na]
	at java.base/java.util.stream.StreamSpliterators$WrappingSpliterator.forEachRemaining(StreamSpliterators.java:310) ~[na:na]
	at java.base/java.util.stream.Streams$ConcatSpliterator.forEachRemaining(Streams.java:735) ~[na:na]
	at java.base/java.util.stream.Streams$ConcatSpliterator.forEachRemaining(Streams.java:734) ~[na:na]
	at java.base/java.util.stream.ReferencePipeline$Head.forEach(ReferencePipeline.java:762) ~[na:na]
	at org.junit.jupiter.engine.descriptor.ClassBasedTestDescriptor.invokeTestInstancePostProcessors(ClassBasedTestDescriptor.java:377) ~[junit-jupiter-engine-5.10.2.jar:5.10.2]
	at org.junit.jupiter.engine.descriptor.ClassBasedTestDescriptor.lambda$instantiateAndPostProcessTestInstance$6(ClassBasedTestDescriptor.java:290) ~[junit-jupiter-engine-5.10.2.jar:5.10.2]
	at org.junit.platform.engine.support.hierarchical.ThrowableCollector.execute(ThrowableCollector.java:73) ~[junit-platform-engine-1.10.2.jar:1.10.2]
	at org.junit.jupiter.engine.descriptor.ClassBasedTestDescriptor.instantiateAndPostProcessTestInstance(ClassBasedTestDescriptor.java:289) ~[junit-jupiter-engine-5.10.2.jar:5.10.2]
	at org.junit.jupiter.engine.descriptor.ClassBasedTestDescriptor.lambda$testInstancesProvider$4(ClassBasedTestDescriptor.java:279) ~[junit-jupiter-engine-5.10.2.jar:5.10.2]
	at java.base/java.util.Optional.orElseGet(Optional.java:364) ~[na:na]
	at org.junit.jupiter.engine.descriptor.ClassBasedTestDescriptor.lambda$testInstancesProvider$5(ClassBasedTestDescriptor.java:278) ~[junit-jupiter-engine-5.10.2.jar:5.10.2]
	at org.junit.jupiter.engine.execution.TestInstancesProvider.getTestInstances(TestInstancesProvider.java:31) ~[junit-jupiter-engine-5.10.2.jar:5.10.2]
	at org.junit.jupiter.engine.descriptor.TestMethodTestDescriptor.lambda$prepare$0(TestMethodTestDescriptor.java:106) ~[junit-jupiter-engine-5.10.2.jar:5.10.2]
	at org.junit.platform.engine.support.hierarchical.ThrowableCollector.execute(ThrowableCollector.java:73) ~[junit-platform-engine-1.10.2.jar:1.10.2]
	at org.junit.jupiter.engine.descriptor.TestMethodTestDescriptor.prepare(TestMethodTestDescriptor.java:105) ~[junit-jupiter-engine-5.10.2.jar:5.10.2]
	at org.junit.jupiter.engine.descriptor.TestMethodTestDescriptor.prepare(TestMethodTestDescriptor.java:69) ~[junit-jupiter-engine-5.10.2.jar:5.10.2]
	at org.junit.platform.engine.support.hierarchical.NodeTestTask.lambda$prepare$2(NodeTestTask.java:123) ~[junit-platform-engine-1.10.2.jar:1.10.2]
	at org.junit.platform.engine.support.hierarchical.ThrowableCollector.execute(ThrowableCollector.java:73) ~[junit-platform-engine-1.10.2.jar:1.10.2]
	at org.junit.platform.engine.support.hierarchical.NodeTestTask.prepare(NodeTestTask.java:123) ~[junit-platform-engine-1.10.2.jar:1.10.2]
	at org.junit.platform.engine.support.hierarchical.NodeTestTask.execute(NodeTestTask.java:90) ~[junit-platform-engine-1.10.2.jar:1.10.2]
	at java.base/java.util.ArrayList.forEach(ArrayList.java:1596) ~[na:na]
	at org.junit.platform.engine.support.hierarchical.SameThreadHierarchicalTestExecutorService.invokeAll(SameThreadHierarchicalTestExecutorService.java:41) ~[junit-platform-engine-1.10.2.jar:1.10.2]
	at org.junit.platform.engine.support.hierarchical.NodeTestTask.lambda$executeRecursively$6(NodeTestTask.java:155) ~[junit-platform-engine-1.10.2.jar:1.10.2]
	at org.junit.platform.engine.support.hierarchical.ThrowableCollector.execute(ThrowableCollector.java:73) ~[junit-platform-engine-1.10.2.jar:1.10.2]
	at org.junit.platform.engine.support.hierarchical.NodeTestTask.lambda$executeRecursively$8(NodeTestTask.java:141) ~[junit-platform-engine-1.10.2.jar:1.10.2]
	at org.junit.platform.engine.support.hierarchical.Node.around(Node.java:137) ~[junit-platform-engine-1.10.2.jar:1.10.2]
	at org.junit.platform.engine.support.hierarchical.NodeTestTask.lambda$executeRecursively$9(NodeTestTask.java:139) ~[junit-platform-engine-1.10.2.jar:1.10.2]
	at org.junit.platform.engine.support.hierarchical.ThrowableCollector.execute(ThrowableCollector.java:73) ~[junit-platform-engine-1.10.2.jar:1.10.2]
	at org.junit.platform.engine.support.hierarchical.NodeTestTask.executeRecursively(NodeTestTask.java:138) ~[junit-platform-engine-1.10.2.jar:1.10.2]
	at org.junit.platform.engine.support.hierarchical.NodeTestTask.execute(NodeTestTask.java:95) ~[junit-platform-engine-1.10.2.jar:1.10.2]
	at java.base/java.util.ArrayList.forEach(ArrayList.java:1596) ~[na:na]
	at org.junit.platform.engine.support.hierarchical.SameThreadHierarchicalTestExecutorService.invokeAll(SameThreadHierarchicalTestExecutorService.java:41) ~[junit-platform-engine-1.10.2.jar:1.10.2]
	at org.junit.platform.engine.support.hierarchical.NodeTestTask.lambda$executeRecursively$6(NodeTestTask.java:155) ~[junit-platform-engine-1.10.2.jar:1.10.2]
	at org.junit.platform.engine.support.hierarchical.ThrowableCollector.execute(ThrowableCollector.java:73) ~[junit-platform-engine-1.10.2.jar:1.10.2]
	at org.junit.platform.engine.support.hierarchical.NodeTestTask.lambda$executeRecursively$8(NodeTestTask.java:141) ~[junit-platform-engine-1.10.2.jar:1.10.2]
	at org.junit.platform.engine.support.hierarchical.Node.around(Node.java:137) ~[junit-platform-engine-1.10.2.jar:1.10.2]
	at org.junit.platform.engine.support.hierarchical.NodeTestTask.lambda$executeRecursively$9(NodeTestTask.java:139) ~[junit-platform-engine-1.10.2.jar:1.10.2]
	at org.junit.platform.engine.support.hierarchical.ThrowableCollector.execute(ThrowableCollector.java:73) ~[junit-platform-engine-1.10.2.jar:1.10.2]
	at org.junit.platform.engine.support.hierarchical.NodeTestTask.executeRecursively(NodeTestTask.java:138) ~[junit-platform-engine-1.10.2.jar:1.10.2]
	at org.junit.platform.engine.support.hierarchical.NodeTestTask.execute(NodeTestTask.java:95) ~[junit-platform-engine-1.10.2.jar:1.10.2]
	at org.junit.platform.engine.support.hierarchical.SameThreadHierarchicalTestExecutorService.submit(SameThreadHierarchicalTestExecutorService.java:35) ~[junit-platform-engine-1.10.2.jar:1.10.2]
	at org.junit.platform.engine.support.hierarchical.HierarchicalTestExecutor.execute(HierarchicalTestExecutor.java:57) ~[junit-platform-engine-1.10.2.jar:1.10.2]
	at org.junit.platform.engine.support.hierarchical.HierarchicalTestEngine.execute(HierarchicalTestEngine.java:54) ~[junit-platform-engine-1.10.2.jar:1.10.2]
	at org.junit.platform.launcher.core.EngineExecutionOrchestrator.execute(EngineExecutionOrchestrator.java:198) ~[junit-platform-launcher-1.10.2.jar:1.10.2]
	at org.junit.platform.launcher.core.EngineExecutionOrchestrator.execute(EngineExecutionOrchestrator.java:169) ~[junit-platform-launcher-1.10.2.jar:1.10.2]
	at org.junit.platform.launcher.core.EngineExecutionOrchestrator.execute(EngineExecutionOrchestrator.java:93) ~[junit-platform-launcher-1.10.2.jar:1.10.2]
	at org.junit.platform.launcher.core.EngineExecutionOrchestrator.lambda$execute$0(EngineExecutionOrchestrator.java:58) ~[junit-platform-launcher-1.10.2.jar:1.10.2]
	at org.junit.platform.launcher.core.EngineExecutionOrchestrator.withInterceptedStreams(EngineExecutionOrchestrator.java:141) ~[junit-platform-launcher-1.10.2.jar:1.10.2]
	at org.junit.platform.launcher.core.EngineExecutionOrchestrator.execute(EngineExecutionOrchestrator.java:57) ~[junit-platform-launcher-1.10.2.jar:1.10.2]
	at org.junit.platform.launcher.core.DefaultLauncher.execute(DefaultLauncher.java:103) ~[junit-platform-launcher-1.10.2.jar:1.10.2]
	at org.junit.platform.launcher.core.DefaultLauncher.execute(DefaultLauncher.java:85) ~[junit-platform-launcher-1.10.2.jar:1.10.2]
	at org.junit.platform.launcher.core.DelegatingLauncher.execute(DelegatingLauncher.java:47) ~[junit-platform-launcher-1.10.2.jar:1.10.2]
	at org.apache.maven.surefire.junitplatform.LazyLauncher.execute(LazyLauncher.java:56) ~[surefire-junit-platform-3.2.5.jar:3.2.5]
	at org.apache.maven.surefire.junitplatform.JUnitPlatformProvider.execute(JUnitPlatformProvider.java:184) ~[surefire-junit-platform-3.2.5.jar:3.2.5]
	at org.apache.maven.surefire.junitplatform.JUnitPlatformProvider.invokeAllTests(JUnitPlatformProvider.java:148) ~[surefire-junit-platform-3.2.5.jar:3.2.5]
	at org.apache.maven.surefire.junitplatform.JUnitPlatformProvider.invoke(JUnitPlatformProvider.java:122) ~[surefire-junit-platform-3.2.5.jar:3.2.5]
	at org.apache.maven.surefire.booter.ForkedBooter.runSuitesInProcess(ForkedBooter.java:385) ~[surefire-booter-3.2.5.jar:3.2.5]
	at org.apache.maven.surefire.booter.ForkedBooter.execute(ForkedBooter.java:162) ~[surefire-booter-3.2.5.jar:3.2.5]
	at org.apache.maven.surefire.booter.ForkedBooter.run(ForkedBooter.java:507) ~[surefire-booter-3.2.5.jar:3.2.5]
	at org.apache.maven.surefire.booter.ForkedBooter.main(ForkedBooter.java:495) ~[surefire-booter-3.2.5.jar:3.2.5]

2024-06-12T14:28:23.988+03:00 DEBUG 12012 --- [URL Shortener] [           main] o.s.j.datasource.SimpleDriverDataSource  : Creating new JDBC Driver Connection to [jdbc:postgresql://localhost:2024/url_shortener]
2024-06-12T14:28:23.988+03:00 DEBUG 12012 --- [URL Shortener] [           main] org.postgresql.Driver                    : Connecting with URL: jdbc:postgresql://localhost:2024/url_shortener
2024-06-12T14:28:23.988+03:00 DEBUG 12012 --- [URL Shortener] [           main] org.postgresql.jdbc.PgConnection         : PostgreSQL JDBC Driver 42.7.3
2024-06-12T14:28:23.988+03:00 DEBUG 12012 --- [URL Shortener] [           main] org.postgresql.jdbc.PgConnection         :   setDefaultFetchSize = 0
2024-06-12T14:28:23.988+03:00 DEBUG 12012 --- [URL Shortener] [           main] org.postgresql.jdbc.PgConnection         :   setPrepareThreshold = 5
2024-06-12T14:28:23.988+03:00 DEBUG 12012 --- [URL Shortener] [           main] o.p.core.v3.ConnectionFactoryImpl        : Trying to establish a protocol version 3 connection to localhost:2024
2024-06-12T14:28:23.989+03:00 DEBUG 12012 --- [URL Shortener] [           main] o.p.core.v3.ConnectionFactoryImpl        : Receive Buffer Size is 65 536
2024-06-12T14:28:23.989+03:00 DEBUG 12012 --- [URL Shortener] [           main] o.p.core.v3.ConnectionFactoryImpl        : Send Buffer Size is 65 536
2024-06-12T14:28:24.053+03:00 DEBUG 12012 --- [URL Shortener] [           main] org.postgresql.Driver                    : Connection error: 

org.postgresql.util.PSQLException: ��������: ���������� "postgres" �� ������� �������������� �� ��������� ������
	at org.postgresql.core.v3.ConnectionFactoryImpl.doAuthentication(ConnectionFactoryImpl.java:698) ~[postgresql-42.7.3.jar:42.7.3]
	at org.postgresql.core.v3.ConnectionFactoryImpl.tryConnect(ConnectionFactoryImpl.java:207) ~[postgresql-42.7.3.jar:42.7.3]
	at org.postgresql.core.v3.ConnectionFactoryImpl.openConnectionImpl(ConnectionFactoryImpl.java:262) ~[postgresql-42.7.3.jar:42.7.3]
	at org.postgresql.core.ConnectionFactory.openConnection(ConnectionFactory.java:54) ~[postgresql-42.7.3.jar:42.7.3]
	at org.postgresql.jdbc.PgConnection.<init>(PgConnection.java:273) ~[postgresql-42.7.3.jar:42.7.3]
	at org.postgresql.Driver.makeConnection(Driver.java:446) ~[postgresql-42.7.3.jar:42.7.3]
	at org.postgresql.Driver.connect(Driver.java:298) ~[postgresql-42.7.3.jar:42.7.3]
	at org.springframework.jdbc.datasource.SimpleDriverDataSource.getConnectionFromDriver(SimpleDriverDataSource.java:144) ~[spring-jdbc-6.1.8.jar:6.1.8]
	at org.springframework.jdbc.datasource.AbstractDriverBasedDataSource.getConnectionFromDriver(AbstractDriverBasedDataSource.java:205) ~[spring-jdbc-6.1.8.jar:6.1.8]
	at org.springframework.jdbc.datasource.AbstractDriverBasedDataSource.getConnection(AbstractDriverBasedDataSource.java:169) ~[spring-jdbc-6.1.8.jar:6.1.8]
	at org.flywaydb.core.internal.jdbc.JdbcUtils.openConnection(JdbcUtils.java:48) ~[flyway-core-10.10.0.jar:na]
	at org.flywaydb.core.internal.jdbc.JdbcConnectionFactory.<init>(JdbcConnectionFactory.java:72) ~[flyway-core-10.10.0.jar:na]
	at org.flywaydb.core.FlywayExecutor.execute(FlywayExecutor.java:134) ~[flyway-core-10.10.0.jar:na]
	at org.flywaydb.core.Flyway.migrate(Flyway.java:147) ~[flyway-core-10.10.0.jar:na]
	at org.springframework.boot.autoconfigure.flyway.FlywayMigrationInitializer.afterPropertiesSet(FlywayMigrationInitializer.java:66) ~[spring-boot-autoconfigure-3.3.0.jar:3.3.0]
	at org.springframework.beans.factory.support.AbstractAutowireCapableBeanFactory.invokeInitMethods(AbstractAutowireCapableBeanFactory.java:1835) ~[spring-beans-6.1.8.jar:6.1.8]
	at org.springframework.beans.factory.support.AbstractAutowireCapableBeanFactory.initializeBean(AbstractAutowireCapableBeanFactory.java:1784) ~[spring-beans-6.1.8.jar:6.1.8]
	at org.springframework.beans.factory.support.AbstractAutowireCapableBeanFactory.doCreateBean(AbstractAutowireCapableBeanFactory.java:600) ~[spring-beans-6.1.8.jar:6.1.8]
	at org.springframework.beans.factory.support.AbstractAutowireCapableBeanFactory.createBean(AbstractAutowireCapableBeanFactory.java:522) ~[spring-beans-6.1.8.jar:6.1.8]
	at org.springframework.beans.factory.support.AbstractBeanFactory.lambda$doGetBean$0(AbstractBeanFactory.java:337) ~[spring-beans-6.1.8.jar:6.1.8]
	at org.springframework.beans.factory.support.DefaultSingletonBeanRegistry.getSingleton(DefaultSingletonBeanRegistry.java:234) ~[spring-beans-6.1.8.jar:6.1.8]
	at org.springframework.beans.factory.support.AbstractBeanFactory.doGetBean(AbstractBeanFactory.java:335) ~[spring-beans-6.1.8.jar:6.1.8]
	at org.springframework.beans.factory.support.AbstractBeanFactory.getBean(AbstractBeanFactory.java:200) ~[spring-beans-6.1.8.jar:6.1.8]
	at org.springframework.beans.factory.support.AbstractBeanFactory.doGetBean(AbstractBeanFactory.java:313) ~[spring-beans-6.1.8.jar:6.1.8]
	at org.springframework.beans.factory.support.AbstractBeanFactory.getBean(AbstractBeanFactory.java:205) ~[spring-beans-6.1.8.jar:6.1.8]
	at org.springframework.context.support.AbstractApplicationContext.finishBeanFactoryInitialization(AbstractApplicationContext.java:952) ~[spring-context-6.1.8.jar:6.1.8]
	at org.springframework.context.support.AbstractApplicationContext.refresh(AbstractApplicationContext.java:624) ~[spring-context-6.1.8.jar:6.1.8]
	at org.springframework.boot.SpringApplication.refresh(SpringApplication.java:754) ~[spring-boot-3.3.0.jar:3.3.0]
	at org.springframework.boot.SpringApplication.refreshContext(SpringApplication.java:456) ~[spring-boot-3.3.0.jar:3.3.0]
	at org.springframework.boot.SpringApplication.run(SpringApplication.java:335) ~[spring-boot-3.3.0.jar:3.3.0]
	at org.springframework.boot.test.context.SpringBootContextLoader.lambda$loadContext$3(SpringBootContextLoader.java:137) ~[spring-boot-test-3.3.0.jar:3.3.0]
	at org.springframework.util.function.ThrowingSupplier.get(ThrowingSupplier.java:58) ~[spring-core-6.1.8.jar:6.1.8]
	at org.springframework.util.function.ThrowingSupplier.get(ThrowingSupplier.java:46) ~[spring-core-6.1.8.jar:6.1.8]
	at org.springframework.boot.SpringApplication.withHook(SpringApplication.java:1463) ~[spring-boot-3.3.0.jar:3.3.0]
	at org.springframework.boot.test.context.SpringBootContextLoader$ContextLoaderHook.run(SpringBootContextLoader.java:553) ~[spring-boot-test-3.3.0.jar:3.3.0]
	at org.springframework.boot.test.context.SpringBootContextLoader.loadContext(SpringBootContextLoader.java:137) ~[spring-boot-test-3.3.0.jar:3.3.0]
	at org.springframework.boot.test.context.SpringBootContextLoader.loadContext(SpringBootContextLoader.java:108) ~[spring-boot-test-3.3.0.jar:3.3.0]
	at org.springframework.test.context.cache.DefaultCacheAwareContextLoaderDelegate.loadContextInternal(DefaultCacheAwareContextLoaderDelegate.java:225) ~[spring-test-6.1.8.jar:6.1.8]
	at org.springframework.test.context.cache.DefaultCacheAwareContextLoaderDelegate.loadContext(DefaultCacheAwareContextLoaderDelegate.java:152) ~[spring-test-6.1.8.jar:6.1.8]
	at org.springframework.test.context.support.DefaultTestContext.getApplicationContext(DefaultTestContext.java:130) ~[spring-test-6.1.8.jar:6.1.8]
	at org.springframework.test.context.web.ServletTestExecutionListener.setUpRequestContextIfNecessary(ServletTestExecutionListener.java:191) ~[spring-test-6.1.8.jar:6.1.8]
	at org.springframework.test.context.web.ServletTestExecutionListener.prepareTestInstance(ServletTestExecutionListener.java:130) ~[spring-test-6.1.8.jar:6.1.8]
	at org.springframework.test.context.TestContextManager.prepareTestInstance(TestContextManager.java:260) ~[spring-test-6.1.8.jar:6.1.8]
	at org.springframework.test.context.junit.jupiter.SpringExtension.postProcessTestInstance(SpringExtension.java:163) ~[spring-test-6.1.8.jar:6.1.8]
	at org.junit.jupiter.engine.descriptor.ClassBasedTestDescriptor.lambda$invokeTestInstancePostProcessors$10(ClassBasedTestDescriptor.java:378) ~[junit-jupiter-engine-5.10.2.jar:5.10.2]
	at org.junit.jupiter.engine.descriptor.ClassBasedTestDescriptor.executeAndMaskThrowable(ClassBasedTestDescriptor.java:383) ~[junit-jupiter-engine-5.10.2.jar:5.10.2]
	at org.junit.jupiter.engine.descriptor.ClassBasedTestDescriptor.lambda$invokeTestInstancePostProcessors$11(ClassBasedTestDescriptor.java:378) ~[junit-jupiter-engine-5.10.2.jar:5.10.2]
	at java.base/java.util.stream.ReferencePipeline$3$1.accept(ReferencePipeline.java:197) ~[na:na]
	at java.base/java.util.stream.ReferencePipeline$2$1.accept(ReferencePipeline.java:179) ~[na:na]
	at java.base/java.util.ArrayList$ArrayListSpliterator.forEachRemaining(ArrayList.java:1708) ~[na:na]
	at java.base/java.util.stream.AbstractPipeline.copyInto(AbstractPipeline.java:509) ~[na:na]
	at java.base/java.util.stream.AbstractPipeline.wrapAndCopyInto(AbstractPipeline.java:499) ~[na:na]
	at java.base/java.util.stream.StreamSpliterators$WrappingSpliterator.forEachRemaining(StreamSpliterators.java:310) ~[na:na]
	at java.base/java.util.stream.Streams$ConcatSpliterator.forEachRemaining(Streams.java:735) ~[na:na]
	at java.base/java.util.stream.Streams$ConcatSpliterator.forEachRemaining(Streams.java:734) ~[na:na]
	at java.base/java.util.stream.ReferencePipeline$Head.forEach(ReferencePipeline.java:762) ~[na:na]
	at org.junit.jupiter.engine.descriptor.ClassBasedTestDescriptor.invokeTestInstancePostProcessors(ClassBasedTestDescriptor.java:377) ~[junit-jupiter-engine-5.10.2.jar:5.10.2]
	at org.junit.jupiter.engine.descriptor.ClassBasedTestDescriptor.lambda$instantiateAndPostProcessTestInstance$6(ClassBasedTestDescriptor.java:290) ~[junit-jupiter-engine-5.10.2.jar:5.10.2]
	at org.junit.platform.engine.support.hierarchical.ThrowableCollector.execute(ThrowableCollector.java:73) ~[junit-platform-engine-1.10.2.jar:1.10.2]
	at org.junit.jupiter.engine.descriptor.ClassBasedTestDescriptor.instantiateAndPostProcessTestInstance(ClassBasedTestDescriptor.java:289) ~[junit-jupiter-engine-5.10.2.jar:5.10.2]
	at org.junit.jupiter.engine.descriptor.ClassBasedTestDescriptor.lambda$testInstancesProvider$4(ClassBasedTestDescriptor.java:279) ~[junit-jupiter-engine-5.10.2.jar:5.10.2]
	at java.base/java.util.Optional.orElseGet(Optional.java:364) ~[na:na]
	at org.junit.jupiter.engine.descriptor.ClassBasedTestDescriptor.lambda$testInstancesProvider$5(ClassBasedTestDescriptor.java:278) ~[junit-jupiter-engine-5.10.2.jar:5.10.2]
	at org.junit.jupiter.engine.execution.TestInstancesProvider.getTestInstances(TestInstancesProvider.java:31) ~[junit-jupiter-engine-5.10.2.jar:5.10.2]
	at org.junit.jupiter.engine.descriptor.TestMethodTestDescriptor.lambda$prepare$0(TestMethodTestDescriptor.java:106) ~[junit-jupiter-engine-5.10.2.jar:5.10.2]
	at org.junit.platform.engine.support.hierarchical.ThrowableCollector.execute(ThrowableCollector.java:73) ~[junit-platform-engine-1.10.2.jar:1.10.2]
	at org.junit.jupiter.engine.descriptor.TestMethodTestDescriptor.prepare(TestMethodTestDescriptor.java:105) ~[junit-jupiter-engine-5.10.2.jar:5.10.2]
	at org.junit.jupiter.engine.descriptor.TestMethodTestDescriptor.prepare(TestMethodTestDescriptor.java:69) ~[junit-jupiter-engine-5.10.2.jar:5.10.2]
	at org.junit.platform.engine.support.hierarchical.NodeTestTask.lambda$prepare$2(NodeTestTask.java:123) ~[junit-platform-engine-1.10.2.jar:1.10.2]
	at org.junit.platform.engine.support.hierarchical.ThrowableCollector.execute(ThrowableCollector.java:73) ~[junit-platform-engine-1.10.2.jar:1.10.2]
	at org.junit.platform.engine.support.hierarchical.NodeTestTask.prepare(NodeTestTask.java:123) ~[junit-platform-engine-1.10.2.jar:1.10.2]
	at org.junit.platform.engine.support.hierarchical.NodeTestTask.execute(NodeTestTask.java:90) ~[junit-platform-engine-1.10.2.jar:1.10.2]
	at java.base/java.util.ArrayList.forEach(ArrayList.java:1596) ~[na:na]
	at org.junit.platform.engine.support.hierarchical.SameThreadHierarchicalTestExecutorService.invokeAll(SameThreadHierarchicalTestExecutorService.java:41) ~[junit-platform-engine-1.10.2.jar:1.10.2]
	at org.junit.platform.engine.support.hierarchical.NodeTestTask.lambda$executeRecursively$6(NodeTestTask.java:155) ~[junit-platform-engine-1.10.2.jar:1.10.2]
	at org.junit.platform.engine.support.hierarchical.ThrowableCollector.execute(ThrowableCollector.java:73) ~[junit-platform-engine-1.10.2.jar:1.10.2]
	at org.junit.platform.engine.support.hierarchical.NodeTestTask.lambda$executeRecursively$8(NodeTestTask.java:141) ~[junit-platform-engine-1.10.2.jar:1.10.2]
	at org.junit.platform.engine.support.hierarchical.Node.around(Node.java:137) ~[junit-platform-engine-1.10.2.jar:1.10.2]
	at org.junit.platform.engine.support.hierarchical.NodeTestTask.lambda$executeRecursively$9(NodeTestTask.java:139) ~[junit-platform-engine-1.10.2.jar:1.10.2]
	at org.junit.platform.engine.support.hierarchical.ThrowableCollector.execute(ThrowableCollector.java:73) ~[junit-platform-engine-1.10.2.jar:1.10.2]
	at org.junit.platform.engine.support.hierarchical.NodeTestTask.executeRecursively(NodeTestTask.java:138) ~[junit-platform-engine-1.10.2.jar:1.10.2]
	at org.junit.platform.engine.support.hierarchical.NodeTestTask.execute(NodeTestTask.java:95) ~[junit-platform-engine-1.10.2.jar:1.10.2]
	at java.base/java.util.ArrayList.forEach(ArrayList.java:1596) ~[na:na]
	at org.junit.platform.engine.support.hierarchical.SameThreadHierarchicalTestExecutorService.invokeAll(SameThreadHierarchicalTestExecutorService.java:41) ~[junit-platform-engine-1.10.2.jar:1.10.2]
	at org.junit.platform.engine.support.hierarchical.NodeTestTask.lambda$executeRecursively$6(NodeTestTask.java:155) ~[junit-platform-engine-1.10.2.jar:1.10.2]
	at org.junit.platform.engine.support.hierarchical.ThrowableCollector.execute(ThrowableCollector.java:73) ~[junit-platform-engine-1.10.2.jar:1.10.2]
	at org.junit.platform.engine.support.hierarchical.NodeTestTask.lambda$executeRecursively$8(NodeTestTask.java:141) ~[junit-platform-engine-1.10.2.jar:1.10.2]
	at org.junit.platform.engine.support.hierarchical.Node.around(Node.java:137) ~[junit-platform-engine-1.10.2.jar:1.10.2]
	at org.junit.platform.engine.support.hierarchical.NodeTestTask.lambda$executeRecursively$9(NodeTestTask.java:139) ~[junit-platform-engine-1.10.2.jar:1.10.2]
	at org.junit.platform.engine.support.hierarchical.ThrowableCollector.execute(ThrowableCollector.java:73) ~[junit-platform-engine-1.10.2.jar:1.10.2]
	at org.junit.platform.engine.support.hierarchical.NodeTestTask.executeRecursively(NodeTestTask.java:138) ~[junit-platform-engine-1.10.2.jar:1.10.2]
	at org.junit.platform.engine.support.hierarchical.NodeTestTask.execute(NodeTestTask.java:95) ~[junit-platform-engine-1.10.2.jar:1.10.2]
	at org.junit.platform.engine.support.hierarchical.SameThreadHierarchicalTestExecutorService.submit(SameThreadHierarchicalTestExecutorService.java:35) ~[junit-platform-engine-1.10.2.jar:1.10.2]
	at org.junit.platform.engine.support.hierarchical.HierarchicalTestExecutor.execute(HierarchicalTestExecutor.java:57) ~[junit-platform-engine-1.10.2.jar:1.10.2]
	at org.junit.platform.engine.support.hierarchical.HierarchicalTestEngine.execute(HierarchicalTestEngine.java:54) ~[junit-platform-engine-1.10.2.jar:1.10.2]
	at org.junit.platform.launcher.core.EngineExecutionOrchestrator.execute(EngineExecutionOrchestrator.java:198) ~[junit-platform-launcher-1.10.2.jar:1.10.2]
	at org.junit.platform.launcher.core.EngineExecutionOrchestrator.execute(EngineExecutionOrchestrator.java:169) ~[junit-platform-launcher-1.10.2.jar:1.10.2]
	at org.junit.platform.launcher.core.EngineExecutionOrchestrator.execute(EngineExecutionOrchestrator.java:93) ~[junit-platform-launcher-1.10.2.jar:1.10.2]
	at org.junit.platform.launcher.core.EngineExecutionOrchestrator.lambda$execute$0(EngineExecutionOrchestrator.java:58) ~[junit-platform-launcher-1.10.2.jar:1.10.2]
	at org.junit.platform.launcher.core.EngineExecutionOrchestrator.withInterceptedStreams(EngineExecutionOrchestrator.java:141) ~[junit-platform-launcher-1.10.2.jar:1.10.2]
	at org.junit.platform.launcher.core.EngineExecutionOrchestrator.execute(EngineExecutionOrchestrator.java:57) ~[junit-platform-launcher-1.10.2.jar:1.10.2]
	at org.junit.platform.launcher.core.DefaultLauncher.execute(DefaultLauncher.java:103) ~[junit-platform-launcher-1.10.2.jar:1.10.2]
	at org.junit.platform.launcher.core.DefaultLauncher.execute(DefaultLauncher.java:85) ~[junit-platform-launcher-1.10.2.jar:1.10.2]
	at org.junit.platform.launcher.core.DelegatingLauncher.execute(DelegatingLauncher.java:47) ~[junit-platform-launcher-1.10.2.jar:1.10.2]
	at org.apache.maven.surefire.junitplatform.LazyLauncher.execute(LazyLauncher.java:56) ~[surefire-junit-platform-3.2.5.jar:3.2.5]
	at org.apache.maven.surefire.junitplatform.JUnitPlatformProvider.execute(JUnitPlatformProvider.java:184) ~[surefire-junit-platform-3.2.5.jar:3.2.5]
	at org.apache.maven.surefire.junitplatform.JUnitPlatformProvider.invokeAllTests(JUnitPlatformProvider.java:148) ~[surefire-junit-platform-3.2.5.jar:3.2.5]
	at org.apache.maven.surefire.junitplatform.JUnitPlatformProvider.invoke(JUnitPlatformProvider.java:122) ~[surefire-junit-platform-3.2.5.jar:3.2.5]
	at org.apache.maven.surefire.booter.ForkedBooter.runSuitesInProcess(ForkedBooter.java:385) ~[surefire-booter-3.2.5.jar:3.2.5]
	at org.apache.maven.surefire.booter.ForkedBooter.execute(ForkedBooter.java:162) ~[surefire-booter-3.2.5.jar:3.2.5]
	at org.apache.maven.surefire.booter.ForkedBooter.run(ForkedBooter.java:507) ~[surefire-booter-3.2.5.jar:3.2.5]
	at org.apache.maven.surefire.booter.ForkedBooter.main(ForkedBooter.java:495) ~[surefire-booter-3.2.5.jar:3.2.5]

2024-06-12T14:28:24.055+03:00  WARN 12012 --- [URL Shortener] [           main] o.s.w.c.s.GenericWebApplicationContext   : Exception encountered during context initialization - cancelling refresh attempt: org.springframework.beans.factory.BeanCreationException: Error creating bean with name 'entityManagerFactory' defined in class path resource [org/springframework/boot/autoconfigure/orm/jpa/HibernateJpaConfiguration.class]: Failed to initialize dependency 'flywayInitializer' of LoadTimeWeaverAware bean 'entityManagerFactory': Error creating bean with name 'flywayInitializer' defined in class path resource [org/springframework/boot/autoconfigure/flyway/FlywayAutoConfiguration$FlywayConfiguration.class]: Unable to obtain connection from database: ��������: ���������� "postgres" �� ������� �������������� �� ��������� ������
------------------------------------------------------------------------------------------------------------------------
SQL State  : 28P01
Error Code : 0
Message    : ��������: ���������� "postgres" �� ������� �������������� �� ��������� ������

2024-06-12T14:28:24.055+03:00 DEBUG 12012 --- [URL Shortener] [           main] io.lettuce.core.AbstractRedisClient      : Initiate shutdown (100, 100, MILLISECONDS)
2024-06-12T14:28:24.055+03:00 DEBUG 12012 --- [URL Shortener] [           main] i.l.c.resource.DefaultClientResources    : Initiate shutdown (0, 2, SECONDS)
2024-06-12T14:28:24.055+03:00 DEBUG 12012 --- [URL Shortener] [           main] i.l.c.r.DefaultEventLoopGroupProvider    : Initiate shutdown (0, 2, SECONDS)
2024-06-12T14:28:24.058+03:00 DEBUG 12012 --- [URL Shortener] [           main] o.s.b.f.support.DisposableBeanAdapter    : Custom destroy method 'shutdown' on bean with name 'lettuceClientResources' completed asynchronously
2024-06-12T14:28:24.064+03:00 DEBUG 12012 --- [URL Shortener] [           main] .s.b.a.l.ConditionEvaluationReportLogger : 


============================
CONDITIONS EVALUATION REPORT
============================


Positive matches:
-----------------

   AopAutoConfiguration matched:
      - @ConditionalOnProperty (spring.aop.auto=true) matched (OnPropertyCondition)

   AopAutoConfiguration.AspectJAutoProxyingConfiguration matched:
      - @ConditionalOnClass found required class 'org.aspectj.weaver.Advice' (OnClassCondition)

   AopAutoConfiguration.AspectJAutoProxyingConfiguration.CglibAutoProxyConfiguration matched:
      - @ConditionalOnProperty (spring.aop.proxy-target-class=true) matched (OnPropertyCondition)

   ApplicationAvailabilityAutoConfiguration#applicationAvailability matched:
      - @ConditionalOnMissingBean (types: org.springframework.boot.availability.ApplicationAvailability; SearchStrategy: all) did not find any beans (OnBeanCondition)

   CacheAutoConfiguration matched:
      - @ConditionalOnClass found required class 'org.springframework.cache.CacheManager' (OnClassCondition)
      - @ConditionalOnBean (types: org.springframework.cache.interceptor.CacheAspectSupport; SearchStrategy: all) found bean 'cacheInterceptor'; @ConditionalOnMissingBean (names: cacheResolver types: org.springframework.cache.CacheManager; SearchStrategy: all) did not find any beans (OnBeanCondition)

   CacheAutoConfiguration#cacheManagerCustomizers matched:
      - @ConditionalOnMissingBean (types: org.springframework.boot.autoconfigure.cache.CacheManagerCustomizers; SearchStrategy: all) did not find any beans (OnBeanCondition)

   CacheAutoConfiguration.CacheManagerEntityManagerFactoryDependsOnPostProcessor matched:
      - @ConditionalOnClass found required class 'org.springframework.orm.jpa.LocalContainerEntityManagerFactoryBean' (OnClassCondition)
      - @ConditionalOnBean (types: org.springframework.orm.jpa.AbstractEntityManagerFactoryBean; SearchStrategy: all) found bean '&entityManagerFactory' (OnBeanCondition)

   DataSourceAutoConfiguration matched:
      - @ConditionalOnClass found required classes 'javax.sql.DataSource', 'org.springframework.jdbc.datasource.embedded.EmbeddedDatabaseType' (OnClassCondition)
      - @ConditionalOnMissingBean (types: io.r2dbc.spi.ConnectionFactory; SearchStrategy: all) did not find any beans (OnBeanCondition)

   DataSourceAutoConfiguration.PooledDataSourceConfiguration matched:
      - AnyNestedCondition 1 matched 1 did not; NestedCondition on DataSourceAutoConfiguration.PooledDataSourceCondition.PooledDataSourceAvailable PooledDataSource found supported DataSource; NestedCondition on DataSourceAutoConfiguration.PooledDataSourceCondition.ExplicitType @ConditionalOnProperty (spring.datasource.type) did not find property 'type' (DataSourceAutoConfiguration.PooledDataSourceCondition)
      - @ConditionalOnMissingBean (types: javax.sql.DataSource,javax.sql.XADataSource; SearchStrategy: all) did not find any beans (OnBeanCondition)

   DataSourceAutoConfiguration.PooledDataSourceConfiguration#jdbcConnectionDetails matched:
      - @ConditionalOnMissingBean (types: org.springframework.boot.autoconfigure.jdbc.JdbcConnectionDetails; SearchStrategy: all) did not find any beans (OnBeanCondition)

   DataSourceConfiguration.Hikari matched:
      - @ConditionalOnClass found required class 'com.zaxxer.hikari.HikariDataSource' (OnClassCondition)
      - @ConditionalOnProperty (spring.datasource.type=com.zaxxer.hikari.HikariDataSource) matched (OnPropertyCondition)
      - @ConditionalOnMissingBean (types: javax.sql.DataSource; SearchStrategy: all) did not find any beans (OnBeanCondition)

   DataSourceInitializationConfiguration matched:
      - @ConditionalOnClass found required class 'org.springframework.jdbc.datasource.init.DatabasePopulator' (OnClassCondition)
      - @ConditionalOnSingleCandidate (types: javax.sql.DataSource; SearchStrategy: all) found a single bean 'dataSource'; @ConditionalOnMissingBean (types: org.springframework.boot.autoconfigure.sql.init.SqlDataSourceScriptDatabaseInitializer,org.springframework.boot.autoconfigure.sql.init.SqlR2dbcScriptDatabaseInitializer; SearchStrategy: all) did not find any beans (OnBeanCondition)

   DataSourcePoolMetadataProvidersConfiguration.HikariPoolDataSourceMetadataProviderConfiguration matched:
      - @ConditionalOnClass found required class 'com.zaxxer.hikari.HikariDataSource' (OnClassCondition)

   DataSourceTransactionManagerAutoConfiguration matched:
      - @ConditionalOnClass found required classes 'org.springframework.jdbc.core.JdbcTemplate', 'org.springframework.transaction.TransactionManager' (OnClassCondition)

   DataSourceTransactionManagerAutoConfiguration.JdbcTransactionManagerConfiguration matched:
      - @ConditionalOnSingleCandidate (types: javax.sql.DataSource; SearchStrategy: all) found a single bean 'dataSource' (OnBeanCondition)

   DispatcherServletAutoConfiguration matched:
      - @ConditionalOnClass found required class 'org.springframework.web.servlet.DispatcherServlet' (OnClassCondition)
      - found 'session' scope (OnWebApplicationCondition)

   DispatcherServletAutoConfiguration.DispatcherServletConfiguration matched:
      - @ConditionalOnClass found required class 'jakarta.servlet.ServletRegistration' (OnClassCondition)
      - Default DispatcherServlet did not find dispatcher servlet beans (DispatcherServletAutoConfiguration.DefaultDispatcherServletCondition)

   DispatcherServletAutoConfiguration.DispatcherServletRegistrationConfiguration matched:
      - @ConditionalOnClass found required class 'jakarta.servlet.ServletRegistration' (OnClassCondition)
      - DispatcherServlet Registration did not find servlet registration bean (DispatcherServletAutoConfiguration.DispatcherServletRegistrationCondition)

   DispatcherServletAutoConfiguration.DispatcherServletRegistrationConfiguration#dispatcherServletRegistration matched:
      - @ConditionalOnBean (names: dispatcherServlet types: org.springframework.web.servlet.DispatcherServlet; SearchStrategy: all) found bean 'dispatcherServlet' (OnBeanCondition)

   ErrorMvcAutoConfiguration matched:
      - @ConditionalOnClass found required classes 'jakarta.servlet.Servlet', 'org.springframework.web.servlet.DispatcherServlet' (OnClassCondition)
      - found 'session' scope (OnWebApplicationCondition)

   ErrorMvcAutoConfiguration#basicErrorController matched:
      - @ConditionalOnMissingBean (types: org.springframework.boot.web.servlet.error.ErrorController; SearchStrategy: current) did not find any beans (OnBeanCondition)

   ErrorMvcAutoConfiguration#errorAttributes matched:
      - @ConditionalOnMissingBean (types: org.springframework.boot.web.servlet.error.ErrorAttributes; SearchStrategy: current) did not find any beans (OnBeanCondition)

   ErrorMvcAutoConfiguration.DefaultErrorViewResolverConfiguration#conventionErrorViewResolver matched:
      - @ConditionalOnBean (types: org.springframework.web.servlet.DispatcherServlet; SearchStrategy: all) found bean 'dispatcherServlet'; @ConditionalOnMissingBean (types: org.springframework.boot.autoconfigure.web.servlet.error.ErrorViewResolver; SearchStrategy: all) did not find any beans (OnBeanCondition)

   ErrorMvcAutoConfiguration.WhitelabelErrorViewConfiguration matched:
      - @ConditionalOnProperty (server.error.whitelabel.enabled) matched (OnPropertyCondition)
      - ErrorTemplate Missing did not find error template view (ErrorMvcAutoConfiguration.ErrorTemplateMissingCondition)

   ErrorMvcAutoConfiguration.WhitelabelErrorViewConfiguration#beanNameViewResolver matched:
      - @ConditionalOnMissingBean (types: org.springframework.web.servlet.view.BeanNameViewResolver; SearchStrategy: all) did not find any beans (OnBeanCondition)

   ErrorMvcAutoConfiguration.WhitelabelErrorViewConfiguration#defaultErrorView matched:
      - @ConditionalOnMissingBean (names: error; SearchStrategy: all) did not find any beans (OnBeanCondition)

   FlywayAutoConfiguration matched:
      - @ConditionalOnClass found required class 'org.flywaydb.core.Flyway' (OnClassCondition)
      - @ConditionalOnProperty (spring.flyway.enabled) matched (OnPropertyCondition)
      - AnyNestedCondition 3 matched 0 did not; NestedCondition on FlywayAutoConfiguration.FlywayDataSourceCondition.FlywayUrlCondition @ConditionalOnProperty (spring.flyway.url) matched; NestedCondition on FlywayAutoConfiguration.FlywayDataSourceCondition.JdbcConnectionDetailsCondition @ConditionalOnBean (types: org.springframework.boot.autoconfigure.jdbc.JdbcConnectionDetails; SearchStrategy: all) found bean 'jdbcConnectionDetails'; NestedCondition on FlywayAutoConfiguration.FlywayDataSourceCondition.DataSourceBeanCondition @ConditionalOnBean (types: javax.sql.DataSource; SearchStrategy: all) found bean 'dataSource' (FlywayAutoConfiguration.FlywayDataSourceCondition)

   FlywayAutoConfiguration.FlywayConfiguration matched:
      - @ConditionalOnClass found required class 'org.springframework.jdbc.support.JdbcUtils' (OnClassCondition)
      - @ConditionalOnMissingBean (types: org.flywaydb.core.Flyway; SearchStrategy: all) did not find any beans (OnBeanCondition)

   FlywayAutoConfiguration.FlywayConfiguration#flywayConnectionDetails matched:
      - @ConditionalOnMissingBean (types: org.springframework.boot.autoconfigure.flyway.FlywayConnectionDetails; SearchStrategy: all) did not find any beans (OnBeanCondition)

   FlywayAutoConfiguration.FlywayConfiguration#flywayInitializer matched:
      - @ConditionalOnMissingBean (types: org.springframework.boot.autoconfigure.flyway.FlywayMigrationInitializer; SearchStrategy: all) did not find any beans (OnBeanCondition)

   FlywayAutoConfiguration.FlywayConfiguration#postgresqlFlywayConfigurationCustomizer matched:
      - @ConditionalOnClass found required class 'org.flywaydb.database.postgresql.PostgreSQLConfigurationExtension' (OnClassCondition)

   GsonAutoConfiguration matched:
      - @ConditionalOnClass found required class 'com.google.gson.Gson' (OnClassCondition)

   GsonAutoConfiguration#gson matched:
      - @ConditionalOnMissingBean (types: com.google.gson.Gson; SearchStrategy: all) did not find any beans (OnBeanCondition)

   GsonAutoConfiguration#gsonBuilder matched:
      - @ConditionalOnMissingBean (types: com.google.gson.GsonBuilder; SearchStrategy: all) did not find any beans (OnBeanCondition)

   GsonHttpMessageConvertersConfiguration matched:
      - @ConditionalOnClass found required class 'com.google.gson.Gson' (OnClassCondition)

   HibernateJpaAutoConfiguration matched:
      - @ConditionalOnClass found required classes 'org.springframework.orm.jpa.LocalContainerEntityManagerFactoryBean', 'jakarta.persistence.EntityManager', 'org.hibernate.engine.spi.SessionImplementor' (OnClassCondition)

   HibernateJpaConfiguration matched:
      - @ConditionalOnSingleCandidate (types: javax.sql.DataSource; SearchStrategy: all) found a single bean 'dataSource' (OnBeanCondition)

   HttpEncodingAutoConfiguration matched:
      - @ConditionalOnClass found required class 'org.springframework.web.filter.CharacterEncodingFilter' (OnClassCondition)
      - found 'session' scope (OnWebApplicationCondition)
      - @ConditionalOnProperty (server.servlet.encoding.enabled) matched (OnPropertyCondition)

   HttpEncodingAutoConfiguration#characterEncodingFilter matched:
      - @ConditionalOnMissingBean (types: org.springframework.web.filter.CharacterEncodingFilter; SearchStrategy: all) did not find any beans (OnBeanCondition)

   HttpMessageConvertersAutoConfiguration matched:
      - @ConditionalOnClass found required class 'org.springframework.http.converter.HttpMessageConverter' (OnClassCondition)
      - NoneNestedConditions 0 matched 1 did not; NestedCondition on HttpMessageConvertersAutoConfiguration.NotReactiveWebApplicationCondition.ReactiveWebApplication did not find reactive web application classes (HttpMessageConvertersAutoConfiguration.NotReactiveWebApplicationCondition)

   HttpMessageConvertersAutoConfiguration#messageConverters matched:
      - @ConditionalOnMissingBean (types: org.springframework.boot.autoconfigure.http.HttpMessageConverters; SearchStrategy: all) did not find any beans (OnBeanCondition)

   HttpMessageConvertersAutoConfiguration.StringHttpMessageConverterConfiguration matched:
      - @ConditionalOnClass found required class 'org.springframework.http.converter.StringHttpMessageConverter' (OnClassCondition)

   HttpMessageConvertersAutoConfiguration.StringHttpMessageConverterConfiguration#stringHttpMessageConverter matched:
      - @ConditionalOnMissingBean (types: org.springframework.http.converter.StringHttpMessageConverter; SearchStrategy: all) did not find any beans (OnBeanCondition)

   JacksonAutoConfiguration matched:
      - @ConditionalOnClass found required class 'com.fasterxml.jackson.databind.ObjectMapper' (OnClassCondition)

   JacksonAutoConfiguration.Jackson2ObjectMapperBuilderCustomizerConfiguration matched:
      - @ConditionalOnClass found required class 'org.springframework.http.converter.json.Jackson2ObjectMapperBuilder' (OnClassCondition)

   JacksonAutoConfiguration.JacksonObjectMapperBuilderConfiguration matched:
      - @ConditionalOnClass found required class 'org.springframework.http.converter.json.Jackson2ObjectMapperBuilder' (OnClassCondition)

   JacksonAutoConfiguration.JacksonObjectMapperBuilderConfiguration#jacksonObjectMapperBuilder matched:
      - @ConditionalOnMissingBean (types: org.springframework.http.converter.json.Jackson2ObjectMapperBuilder; SearchStrategy: all) did not find any beans (OnBeanCondition)

   JacksonAutoConfiguration.JacksonObjectMapperConfiguration matched:
      - @ConditionalOnClass found required class 'org.springframework.http.converter.json.Jackson2ObjectMapperBuilder' (OnClassCondition)

   JacksonAutoConfiguration.JacksonObjectMapperConfiguration#jacksonObjectMapper matched:
      - @ConditionalOnMissingBean (types: com.fasterxml.jackson.databind.ObjectMapper; SearchStrategy: all) did not find any beans (OnBeanCondition)

   JacksonAutoConfiguration.ParameterNamesModuleConfiguration matched:
      - @ConditionalOnClass found required class 'com.fasterxml.jackson.module.paramnames.ParameterNamesModule' (OnClassCondition)

   JacksonAutoConfiguration.ParameterNamesModuleConfiguration#parameterNamesModule matched:
      - @ConditionalOnMissingBean (types: com.fasterxml.jackson.module.paramnames.ParameterNamesModule; SearchStrategy: all) did not find any beans (OnBeanCondition)

   JacksonHttpMessageConvertersConfiguration.MappingJackson2HttpMessageConverterConfiguration matched:
      - @ConditionalOnClass found required class 'com.fasterxml.jackson.databind.ObjectMapper' (OnClassCondition)
      - @ConditionalOnProperty (spring.mvc.converters.preferred-json-mapper=jackson) matched (OnPropertyCondition)
      - @ConditionalOnBean (types: com.fasterxml.jackson.databind.ObjectMapper; SearchStrategy: all) found bean 'jacksonObjectMapper' (OnBeanCondition)

   JacksonHttpMessageConvertersConfiguration.MappingJackson2HttpMessageConverterConfiguration#mappingJackson2HttpMessageConverter matched:
      - @ConditionalOnMissingBean (types: org.springframework.http.converter.json.MappingJackson2HttpMessageConverter ignored: org.springframework.hateoas.server.mvc.TypeConstrainedMappingJackson2HttpMessageConverter,org.springframework.data.rest.webmvc.alps.AlpsJsonHttpMessageConverter; SearchStrategy: all) did not find any beans (OnBeanCondition)

   JdbcClientAutoConfiguration matched:
      - @ConditionalOnSingleCandidate (types: org.springframework.jdbc.core.namedparam.NamedParameterJdbcTemplate; SearchStrategy: all) found a single bean 'namedParameterJdbcTemplate'; @ConditionalOnMissingBean (types: org.springframework.jdbc.core.simple.JdbcClient; SearchStrategy: all) did not find any beans (OnBeanCondition)

   JdbcTemplateAutoConfiguration matched:
      - @ConditionalOnClass found required classes 'javax.sql.DataSource', 'org.springframework.jdbc.core.JdbcTemplate' (OnClassCondition)
      - @ConditionalOnSingleCandidate (types: javax.sql.DataSource; SearchStrategy: all) found a single bean 'dataSource' (OnBeanCondition)

   JdbcTemplateConfiguration matched:
      - @ConditionalOnMissingBean (types: org.springframework.jdbc.core.JdbcOperations; SearchStrategy: all) did not find any beans (OnBeanCondition)

   JpaBaseConfiguration#entityManagerFactory matched:
      - @ConditionalOnMissingBean (types: org.springframework.orm.jpa.LocalContainerEntityManagerFactoryBean,jakarta.persistence.EntityManagerFactory; SearchStrategy: all) did not find any beans (OnBeanCondition)

   JpaBaseConfiguration#entityManagerFactoryBuilder matched:
      - @ConditionalOnMissingBean (types: org.springframework.boot.orm.jpa.EntityManagerFactoryBuilder; SearchStrategy: all) did not find any beans (OnBeanCondition)

   JpaBaseConfiguration#jpaVendorAdapter matched:
      - @ConditionalOnMissingBean (types: org.springframework.orm.jpa.JpaVendorAdapter; SearchStrategy: all) did not find any beans (OnBeanCondition)

   JpaBaseConfiguration#transactionManager matched:
      - @ConditionalOnMissingBean (types: org.springframework.transaction.TransactionManager; SearchStrategy: all) did not find any beans (OnBeanCondition)

   JpaBaseConfiguration.JpaWebConfiguration matched:
      - @ConditionalOnClass found required class 'org.springframework.web.servlet.config.annotation.WebMvcConfigurer' (OnClassCondition)
      - found 'session' scope (OnWebApplicationCondition)
      - @ConditionalOnProperty (spring.jpa.open-in-view=true) matched (OnPropertyCondition)
      - @ConditionalOnMissingBean (types: org.springframework.orm.jpa.support.OpenEntityManagerInViewInterceptor,org.springframework.orm.jpa.support.OpenEntityManagerInViewFilter; SearchStrategy: all) did not find any beans (OnBeanCondition)

   JpaBaseConfiguration.PersistenceManagedTypesConfiguration matched:
      - @ConditionalOnMissingBean (types: org.springframework.orm.jpa.LocalContainerEntityManagerFactoryBean,jakarta.persistence.EntityManagerFactory; SearchStrategy: all) did not find any beans (OnBeanCondition)

   JpaBaseConfiguration.PersistenceManagedTypesConfiguration#persistenceManagedTypes matched:
      - @ConditionalOnMissingBean (types: org.springframework.orm.jpa.persistenceunit.PersistenceManagedTypes; SearchStrategy: all) did not find any beans (OnBeanCondition)

   JpaRepositoriesAutoConfiguration matched:
      - @ConditionalOnClass found required class 'org.springframework.data.jpa.repository.JpaRepository' (OnClassCondition)
      - @ConditionalOnProperty (spring.data.jpa.repositories.enabled=true) matched (OnPropertyCondition)
      - @ConditionalOnBean (types: javax.sql.DataSource; SearchStrategy: all) found bean 'dataSource'; @ConditionalOnMissingBean (types: org.springframework.data.jpa.repository.support.JpaRepositoryFactoryBean,org.springframework.data.jpa.repository.config.JpaRepositoryConfigExtension; SearchStrategy: all) did not find any beans (OnBeanCondition)

   JtaAutoConfiguration matched:
      - @ConditionalOnClass found required class 'jakarta.transaction.Transaction' (OnClassCondition)
      - @ConditionalOnProperty (spring.jta.enabled) matched (OnPropertyCondition)

   LettuceConnectionConfiguration matched:
      - @ConditionalOnClass found required class 'io.lettuce.core.RedisClient' (OnClassCondition)
      - @ConditionalOnProperty (spring.data.redis.client-type=lettuce) matched (OnPropertyCondition)

   LettuceConnectionConfiguration#lettuceClientResources matched:
      - @ConditionalOnMissingBean (types: io.lettuce.core.resource.ClientResources; SearchStrategy: all) did not find any beans (OnBeanCondition)

   LettuceConnectionConfiguration#redisConnectionFactory matched:
      - @ConditionalOnMissingBean (types: org.springframework.data.redis.connection.RedisConnectionFactory; SearchStrategy: all) did not find any beans (OnBeanCondition)
      - @ConditionalOnThreading found PLATFORM (OnThreadingCondition)

   LifecycleAutoConfiguration#defaultLifecycleProcessor matched:
      - @ConditionalOnMissingBean (names: lifecycleProcessor; SearchStrategy: current) did not find any beans (OnBeanCondition)

   MultipartAutoConfiguration matched:
      - @ConditionalOnClass found required classes 'jakarta.servlet.Servlet', 'org.springframework.web.multipart.support.StandardServletMultipartResolver', 'jakarta.servlet.MultipartConfigElement' (OnClassCondition)
      - found 'session' scope (OnWebApplicationCondition)
      - @ConditionalOnProperty (spring.servlet.multipart.enabled) matched (OnPropertyCondition)

   MultipartAutoConfiguration#multipartConfigElement matched:
      - @ConditionalOnMissingBean (types: jakarta.servlet.MultipartConfigElement; SearchStrategy: all) did not find any beans (OnBeanCondition)

   MultipartAutoConfiguration#multipartResolver matched:
      - @ConditionalOnMissingBean (types: org.springframework.web.multipart.MultipartResolver; SearchStrategy: all) did not find any beans (OnBeanCondition)

   NamedParameterJdbcTemplateConfiguration matched:
      - @ConditionalOnSingleCandidate (types: org.springframework.jdbc.core.JdbcTemplate; SearchStrategy: all) found a single bean 'jdbcTemplate'; @ConditionalOnMissingBean (types: org.springframework.jdbc.core.namedparam.NamedParameterJdbcOperations; SearchStrategy: all) did not find any beans (OnBeanCondition)

   NettyAutoConfiguration matched:
      - @ConditionalOnClass found required class 'io.netty.util.NettyRuntime' (OnClassCondition)

   PersistenceExceptionTranslationAutoConfiguration matched:
      - @ConditionalOnClass found required class 'org.springframework.dao.annotation.PersistenceExceptionTranslationPostProcessor' (OnClassCondition)

   PersistenceExceptionTranslationAutoConfiguration#persistenceExceptionTranslationPostProcessor matched:
      - @ConditionalOnProperty (spring.dao.exceptiontranslation.enabled) matched (OnPropertyCondition)
      - @ConditionalOnMissingBean (types: org.springframework.dao.annotation.PersistenceExceptionTranslationPostProcessor; SearchStrategy: all) did not find any beans (OnBeanCondition)

   PropertyPlaceholderAutoConfiguration#propertySourcesPlaceholderConfigurer matched:
      - @ConditionalOnMissingBean (types: org.springframework.context.support.PropertySourcesPlaceholderConfigurer; SearchStrategy: current) did not find any beans (OnBeanCondition)

   ReactorAutoConfiguration matched:
      - @ConditionalOnClass found required class 'reactor.core.publisher.Hooks' (OnClassCondition)

   RedisAutoConfiguration matched:
      - @ConditionalOnClass found required class 'org.springframework.data.redis.core.RedisOperations' (OnClassCondition)

   RedisAutoConfiguration#redisConnectionDetails matched:
      - @ConditionalOnMissingBean (types: org.springframework.boot.autoconfigure.data.redis.RedisConnectionDetails; SearchStrategy: all) did not find any beans (OnBeanCondition)

   RedisAutoConfiguration#redisTemplate matched:
      - @ConditionalOnSingleCandidate (types: org.springframework.data.redis.connection.RedisConnectionFactory; SearchStrategy: all) found a single bean 'redisConnectionFactory'; @ConditionalOnMissingBean (names: redisTemplate; SearchStrategy: all) did not find any beans (OnBeanCondition)

   RedisAutoConfiguration#stringRedisTemplate matched:
      - @ConditionalOnSingleCandidate (types: org.springframework.data.redis.connection.RedisConnectionFactory; SearchStrategy: all) found a single bean 'redisConnectionFactory'; @ConditionalOnMissingBean (types: org.springframework.data.redis.core.StringRedisTemplate; SearchStrategy: all) did not find any beans (OnBeanCondition)

   RedisCacheConfiguration matched:
      - @ConditionalOnClass found required class 'org.springframework.data.redis.connection.RedisConnectionFactory' (OnClassCondition)
      - Cache org.springframework.boot.autoconfigure.cache.RedisCacheConfiguration automatic cache type (CacheCondition)
      - @ConditionalOnBean (types: org.springframework.data.redis.connection.RedisConnectionFactory; SearchStrategy: all) found bean 'redisConnectionFactory'; @ConditionalOnMissingBean (types: org.springframework.cache.CacheManager; SearchStrategy: all) did not find any beans (OnBeanCondition)

   RedisReactiveAutoConfiguration matched:
      - @ConditionalOnClass found required classes 'org.springframework.data.redis.connection.ReactiveRedisConnectionFactory', 'org.springframework.data.redis.core.ReactiveRedisTemplate', 'reactor.core.publisher.Flux' (OnClassCondition)

   RedisReactiveAutoConfiguration#reactiveRedisTemplate matched:
      - @ConditionalOnBean (types: org.springframework.data.redis.connection.ReactiveRedisConnectionFactory; SearchStrategy: all) found bean 'redisConnectionFactory'; @ConditionalOnMissingBean (names: reactiveRedisTemplate; SearchStrategy: all) did not find any beans (OnBeanCondition)

   RedisReactiveAutoConfiguration#reactiveStringRedisTemplate matched:
      - @ConditionalOnBean (types: org.springframework.data.redis.connection.ReactiveRedisConnectionFactory; SearchStrategy: all) found bean 'redisConnectionFactory'; @ConditionalOnMissingBean (names: reactiveStringRedisTemplate; SearchStrategy: all) did not find any beans (OnBeanCondition)

   RedisRepositoriesAutoConfiguration matched:
      - @ConditionalOnClass found required class 'org.springframework.data.redis.repository.configuration.EnableRedisRepositories' (OnClassCondition)
      - @ConditionalOnProperty (spring.data.redis.repositories.enabled=true) matched (OnPropertyCondition)
      - @ConditionalOnBean (types: org.springframework.data.redis.connection.RedisConnectionFactory; SearchStrategy: all) found bean 'redisConnectionFactory'; @ConditionalOnMissingBean (types: org.springframework.data.redis.repository.support.RedisRepositoryFactoryBean; SearchStrategy: all) did not find any beans (OnBeanCondition)

   RestClientAutoConfiguration matched:
      - @ConditionalOnClass found required class 'org.springframework.web.client.RestClient' (OnClassCondition)
      - NoneNestedConditions 0 matched 1 did not; NestedCondition on NotReactiveWebApplicationCondition.ReactiveWebApplication did not find reactive web application classes (NotReactiveWebApplicationCondition)

   RestClientAutoConfiguration#httpMessageConvertersRestClientCustomizer matched:
      - @ConditionalOnMissingBean (types: org.springframework.boot.autoconfigure.web.client.HttpMessageConvertersRestClientCustomizer; SearchStrategy: all) did not find any beans (OnBeanCondition)

   RestClientAutoConfiguration#restClientBuilder matched:
      - @ConditionalOnMissingBean (types: org.springframework.web.client.RestClient$Builder; SearchStrategy: all) did not find any beans (OnBeanCondition)

   RestClientAutoConfiguration#restClientBuilderConfigurer matched:
      - @ConditionalOnMissingBean (types: org.springframework.boot.autoconfigure.web.client.RestClientBuilderConfigurer; SearchStrategy: all) did not find any beans (OnBeanCondition)

   RestClientAutoConfiguration#restClientSsl matched:
      - @ConditionalOnBean (types: org.springframework.boot.ssl.SslBundles; SearchStrategy: all) found bean 'sslBundleRegistry'; @ConditionalOnMissingBean (types: org.springframework.boot.autoconfigure.web.client.RestClientSsl; SearchStrategy: all) did not find any beans (OnBeanCondition)

   RestTemplateAutoConfiguration matched:
      - @ConditionalOnClass found required class 'org.springframework.web.client.RestTemplate' (OnClassCondition)
      - NoneNestedConditions 0 matched 1 did not; NestedCondition on NotReactiveWebApplicationCondition.ReactiveWebApplication did not find reactive web application classes (NotReactiveWebApplicationCondition)

   RestTemplateAutoConfiguration#restTemplateBuilder matched:
      - @ConditionalOnMissingBean (types: org.springframework.boot.web.client.RestTemplateBuilder; SearchStrategy: all) did not find any beans (OnBeanCondition)

   SecurityAutoConfiguration matched:
      - @ConditionalOnClass found required class 'org.springframework.security.authentication.DefaultAuthenticationEventPublisher' (OnClassCondition)

   SecurityAutoConfiguration#authenticationEventPublisher matched:
      - @ConditionalOnMissingBean (types: org.springframework.security.authentication.AuthenticationEventPublisher; SearchStrategy: all) did not find any beans (OnBeanCondition)

   SecurityFilterAutoConfiguration matched:
      - @ConditionalOnClass found required classes 'org.springframework.security.web.context.AbstractSecurityWebApplicationInitializer', 'org.springframework.security.config.http.SessionCreationPolicy' (OnClassCondition)
      - found 'session' scope (OnWebApplicationCondition)

   SecurityFilterAutoConfiguration#securityFilterChainRegistration matched:
      - @ConditionalOnBean (names: springSecurityFilterChain; SearchStrategy: all) found bean 'springSecurityFilterChain' (OnBeanCondition)

   ServletWebServerFactoryAutoConfiguration matched:
      - @ConditionalOnClass found required class 'jakarta.servlet.ServletRequest' (OnClassCondition)
      - found 'session' scope (OnWebApplicationCondition)

   ServletWebServerFactoryAutoConfiguration#tomcatServletWebServerFactoryCustomizer matched:
      - @ConditionalOnClass found required class 'org.apache.catalina.startup.Tomcat' (OnClassCondition)

   ServletWebServerFactoryConfiguration.EmbeddedTomcat matched:
      - @ConditionalOnClass found required classes 'jakarta.servlet.Servlet', 'org.apache.catalina.startup.Tomcat', 'org.apache.coyote.UpgradeProtocol' (OnClassCondition)
      - @ConditionalOnMissingBean (types: org.springframework.boot.web.servlet.server.ServletWebServerFactory; SearchStrategy: current) did not find any beans (OnBeanCondition)

   SpringBootWebSecurityConfiguration matched:
      - found 'session' scope (OnWebApplicationCondition)

   SpringDataWebAutoConfiguration matched:
      - @ConditionalOnClass found required classes 'org.springframework.data.web.PageableHandlerMethodArgumentResolver', 'org.springframework.web.servlet.config.annotation.WebMvcConfigurer' (OnClassCondition)
      - found 'session' scope (OnWebApplicationCondition)
      - @ConditionalOnMissingBean (types: org.springframework.data.web.PageableHandlerMethodArgumentResolver; SearchStrategy: all) did not find any beans (OnBeanCondition)

   SpringDataWebAutoConfiguration#pageableCustomizer matched:
      - @ConditionalOnMissingBean (types: org.springframework.data.web.config.PageableHandlerMethodArgumentResolverCustomizer; SearchStrategy: all) did not find any beans (OnBeanCondition)

   SpringDataWebAutoConfiguration#sortCustomizer matched:
      - @ConditionalOnMissingBean (types: org.springframework.data.web.config.SortHandlerMethodArgumentResolverCustomizer; SearchStrategy: all) did not find any beans (OnBeanCondition)

   SpringDocConfigProperties matched:
      - @ConditionalOnProperty (springdoc.api-docs.enabled) matched (OnPropertyCondition)
      - @ConditionalOnBean (types: org.springdoc.core.configuration.SpringDocConfiguration; SearchStrategy: all) found bean 'org.springdoc.core.configuration.SpringDocConfiguration' (OnBeanCondition)

   SpringDocConfiguration matched:
      - @ConditionalOnWebApplication (required) found 'session' scope (OnWebApplicationCondition)
      - @ConditionalOnProperty (springdoc.api-docs.enabled) matched (OnPropertyCondition)

   SpringDocConfiguration#fileSupportConverter matched:
      - @ConditionalOnMissingBean (types: org.springdoc.core.converters.FileSupportConverter; SearchStrategy: all) did not find any beans (OnBeanCondition)

   SpringDocConfiguration#openAPIBuilder matched:
      - @ConditionalOnMissingBean (types: org.springdoc.core.service.OpenAPIService; SearchStrategy: all) did not find any beans (OnBeanCondition)

   SpringDocConfiguration#operationBuilder matched:
      - @ConditionalOnMissingBean (types: org.springdoc.core.service.OperationService; SearchStrategy: all) did not find any beans (OnBeanCondition)

   SpringDocConfiguration#parameterBuilder matched:
      - @ConditionalOnMissingBean (types: org.springdoc.core.service.GenericParameterService; SearchStrategy: all) did not find any beans (OnBeanCondition)

   SpringDocConfiguration#polymorphicModelConverter matched:
      - @ConditionalOnProperty (springdoc.model-converters.polymorphic-converter.enabled) matched (OnPropertyCondition)
      - @ConditionalOnMissingBean (types: org.springdoc.core.converters.PolymorphicModelConverter; SearchStrategy: all) did not find any beans (OnBeanCondition)

   SpringDocConfiguration#requestBodyBuilder matched:
      - @ConditionalOnMissingBean (types: org.springdoc.core.service.RequestBodyService; SearchStrategy: all) did not find any beans (OnBeanCondition)

   SpringDocConfiguration#responseSupportConverter matched:
      - @ConditionalOnMissingBean (types: org.springdoc.core.converters.ResponseSupportConverter; SearchStrategy: all) did not find any beans (OnBeanCondition)

   SpringDocConfiguration#schemaPropertyDeprecatingConverter matched:
      - @ConditionalOnProperty (springdoc.model-converters.deprecating-converter.enabled) matched (OnPropertyCondition)
      - @ConditionalOnMissingBean (types: org.springdoc.core.converters.SchemaPropertyDeprecatingConverter; SearchStrategy: all) did not find any beans (OnBeanCondition)

   SpringDocConfiguration#securityParser matched:
      - @ConditionalOnMissingBean (types: org.springdoc.core.service.SecurityService; SearchStrategy: all) did not find any beans (OnBeanCondition)

   SpringDocConfiguration#springDocCustomizers matched:
      - @ConditionalOnMissingBean (types: org.springdoc.core.customizers.SpringDocCustomizers; SearchStrategy: all) did not find any beans (OnBeanCondition)

   SpringDocConfiguration#springDocProviders matched:
      - @ConditionalOnMissingBean (types: org.springdoc.core.providers.SpringDocProviders; SearchStrategy: all) did not find any beans (OnBeanCondition)

   SpringDocConfiguration#springdocObjectMapperProvider matched:
      - @ConditionalOnMissingBean (types: org.springdoc.core.providers.ObjectMapperProvider; SearchStrategy: all) did not find any beans (OnBeanCondition)

   SpringDocConfiguration.QuerydslProvider matched:
      - @ConditionalOnClass found required class 'org.springframework.data.querydsl.binding.QuerydslBindingsFactory' (OnClassCondition)

   SpringDocConfiguration.QuerydslProvider#queryDslQuerydslPredicateOperationCustomizer matched:
      - @ConditionalOnMissingBean (types: org.springdoc.core.customizers.QuerydslPredicateOperationCustomizer; SearchStrategy: all) did not find any beans (OnBeanCondition)

   SpringDocConfiguration.SpringDocSpringDataWebPropertiesProvider matched:
      - @ConditionalOnClass found required class 'org.springframework.boot.autoconfigure.data.web.SpringDataWebProperties' (OnClassCondition)

   SpringDocConfiguration.SpringDocSpringDataWebPropertiesProvider#springDataWebPropertiesProvider matched:
      - @ConditionalOnMissingBean (types: org.springdoc.core.providers.SpringDataWebPropertiesProvider; SearchStrategy: all) did not find any beans (OnBeanCondition)

   SpringDocConfiguration.SpringDocWebFluxSupportConfiguration matched:
      - @ConditionalOnClass found required class 'reactor.core.publisher.Flux' (OnClassCondition)

   SpringDocConfiguration.SpringDocWebFluxSupportConfiguration#webFluxSupportConverter matched:
      - @ConditionalOnMissingBean (types: org.springdoc.core.converters.WebFluxSupportConverter; SearchStrategy: all) did not find any beans (OnBeanCondition)

   SpringDocConfiguration.WebConversionServiceConfiguration matched:
      - @ConditionalOnClass found required class 'org.springframework.boot.autoconfigure.web.format.WebConversionService' (OnClassCondition)

   SpringDocPageableConfiguration matched:
      - @ConditionalOnClass found required class 'org.springframework.data.domain.Pageable' (OnClassCondition)
      - @ConditionalOnWebApplication (required) found 'session' scope (OnWebApplicationCondition)
      - @ConditionalOnProperty (springdoc.api-docs.enabled) matched (OnPropertyCondition)
      - @ConditionalOnBean (types: org.springdoc.core.configuration.SpringDocConfiguration; SearchStrategy: all) found bean 'org.springdoc.core.configuration.SpringDocConfiguration' (OnBeanCondition)

   SpringDocPageableConfiguration#delegatingMethodParameterCustomizer matched:
      - @ConditionalOnMissingBean (types: org.springdoc.core.customizers.DelegatingMethodParameterCustomizer; SearchStrategy: all) did not find any beans (OnBeanCondition)

   SpringDocPageableConfiguration#pageableOpenAPIConverter matched:
      - @ConditionalOnProperty (springdoc.model-converters.pageable-converter.enabled) matched (OnPropertyCondition)
      - @ConditionalOnMissingBean (types: org.springdoc.core.converters.PageableOpenAPIConverter; SearchStrategy: all) did not find any beans (OnBeanCondition)

   SpringDocSecurityConfiguration matched:
      - @ConditionalOnClass found required class 'org.springframework.security.web.SecurityFilterChain' (OnClassCondition)
      - @ConditionalOnWebApplication (required) found 'session' scope (OnWebApplicationCondition)
      - @ConditionalOnExpression (#{${springdoc.api-docs.enabled:true} and ${springdoc.enable-spring-security:true}}) resulted in true (OnExpressionCondition)
      - @ConditionalOnBean (types: org.springdoc.core.configuration.SpringDocConfiguration; SearchStrategy: all) found bean 'org.springdoc.core.configuration.SpringDocConfiguration' (OnBeanCondition)

   SpringDocSecurityConfiguration.SpringSecurityLoginEndpointConfiguration matched:
      - @ConditionalOnClass found required class 'jakarta.servlet.Filter' (OnClassCondition)

   SpringDocSortConfiguration matched:
      - @ConditionalOnClass found required class 'org.springframework.data.domain.Sort' (OnClassCondition)
      - @ConditionalOnWebApplication (required) found 'session' scope (OnWebApplicationCondition)
      - @ConditionalOnProperty (springdoc.api-docs.enabled) matched (OnPropertyCondition)
      - @ConditionalOnBean (types: org.springdoc.core.configuration.SpringDocConfiguration; SearchStrategy: all) found bean 'org.springdoc.core.configuration.SpringDocConfiguration' (OnBeanCondition)

   SpringDocSortConfiguration#sortOpenAPIConverter matched:
      - @ConditionalOnProperty (springdoc.model-converters.sort-converter.enabled) matched (OnPropertyCondition)
      - @ConditionalOnMissingBean (types: org.springdoc.core.converters.SortOpenAPIConverter; SearchStrategy: all) did not find any beans (OnBeanCondition)

   SpringDocUIConfiguration matched:
      - @ConditionalOnWebApplication (required) found 'session' scope (OnWebApplicationCondition)
      - @ConditionalOnBean (types: org.springdoc.core.configuration.SpringDocConfiguration; SearchStrategy: all) found bean 'org.springdoc.core.configuration.SpringDocConfiguration' (OnBeanCondition)

   SpringDocWebMvcConfiguration matched:
      - found 'session' scope (OnWebApplicationCondition)
      - @ConditionalOnProperty (springdoc.api-docs.enabled) matched (OnPropertyCondition)
      - @ConditionalOnBean (types: org.springdoc.core.configuration.SpringDocConfiguration; SearchStrategy: all) found bean 'org.springdoc.core.configuration.SpringDocConfiguration' (OnBeanCondition)

   SpringDocWebMvcConfiguration#openApiResource matched:
      - @ConditionalOnProperty (springdoc.use-management-port=false) matched (OnPropertyCondition)
      - @ConditionalOnMissingBean (types: org.springdoc.webmvc.api.OpenApiWebMvcResource; SearchStrategy: all) did not find any beans (OnBeanCondition)

   SpringDocWebMvcConfiguration#requestBuilder matched:
      - @ConditionalOnMissingBean (types: org.springdoc.webmvc.core.service.RequestService; SearchStrategy: all) did not find any beans (OnBeanCondition)

   SpringDocWebMvcConfiguration#responseBuilder matched:
      - @ConditionalOnMissingBean (types: org.springdoc.core.service.GenericResponseService; SearchStrategy: all) did not find any beans (OnBeanCondition)

   SpringDocWebMvcConfiguration#springWebProvider matched:
      - @ConditionalOnMissingBean (types: org.springdoc.core.providers.SpringWebProvider; SearchStrategy: all) did not find any beans (OnBeanCondition)

   SpringDocWebMvcConfiguration.SpringDocWebMvcRouterConfiguration matched:
      - @ConditionalOnClass found required class 'org.springframework.web.servlet.function.RouterFunction' (OnClassCondition)

   SpringDocWebMvcConfiguration.SpringDocWebMvcRouterConfiguration#routerFunctionProvider matched:
      - @ConditionalOnMissingBean (types: org.springdoc.webmvc.core.providers.RouterFunctionWebMvcProvider; SearchStrategy: all) did not find any beans (OnBeanCondition)

   SqlInitializationAutoConfiguration matched:
      - @ConditionalOnProperty (spring.sql.init.enabled) matched (OnPropertyCondition)
      - NoneNestedConditions 0 matched 1 did not; NestedCondition on SqlInitializationAutoConfiguration.SqlInitializationModeCondition.ModeIsNever @ConditionalOnProperty (spring.sql.init.mode=never) did not find property 'mode' (SqlInitializationAutoConfiguration.SqlInitializationModeCondition)

   SslAutoConfiguration#sslBundleRegistry matched:
      - @ConditionalOnMissingBean (types: org.springframework.boot.ssl.SslBundleRegistry,org.springframework.boot.ssl.SslBundles; SearchStrategy: all) did not find any beans (OnBeanCondition)

   SwaggerConfig matched:
      - found 'session' scope (OnWebApplicationCondition)
      - @ConditionalOnProperty (springdoc.swagger-ui.enabled) matched (OnPropertyCondition)
      - @ConditionalOnBean (types: org.springdoc.core.configuration.SpringDocConfiguration; SearchStrategy: all) found bean 'org.springdoc.core.configuration.SpringDocConfiguration' (OnBeanCondition)

   SwaggerConfig#indexPageTransformer matched:
      - @ConditionalOnMissingBean (types: org.springdoc.webmvc.ui.SwaggerIndexTransformer; SearchStrategy: all) did not find any beans (OnBeanCondition)

   SwaggerConfig#swaggerConfigResource matched:
      - @ConditionalOnProperty (springdoc.use-management-port=false) matched (OnPropertyCondition)
      - @ConditionalOnMissingBean (types: org.springdoc.webmvc.ui.SwaggerConfigResource; SearchStrategy: all) did not find any beans (OnBeanCondition)

   SwaggerConfig#swaggerResourceResolver matched:
      - @ConditionalOnMissingBean (types: org.springdoc.webmvc.ui.SwaggerResourceResolver; SearchStrategy: all) did not find any beans (OnBeanCondition)

   SwaggerConfig#swaggerWebMvcConfigurer matched:
      - @ConditionalOnMissingBean (types: org.springdoc.webmvc.ui.SwaggerWebMvcConfigurer; SearchStrategy: all) did not find any beans (OnBeanCondition)

   SwaggerConfig#swaggerWelcome matched:
      - @ConditionalOnProperty (springdoc.use-management-port=false) matched (OnPropertyCondition)
      - @ConditionalOnMissingBean (types: org.springdoc.webmvc.ui.SwaggerWelcomeWebMvc; SearchStrategy: all) did not find any beans (OnBeanCondition)

   SwaggerUiConfigParameters matched:
      - @ConditionalOnProperty (springdoc.swagger-ui.enabled) matched (OnPropertyCondition)
      - @ConditionalOnBean (types: org.springdoc.core.configuration.SpringDocConfiguration; SearchStrategy: all) found bean 'org.springdoc.core.configuration.SpringDocConfiguration' (OnBeanCondition)

   SwaggerUiConfigProperties matched:
      - @ConditionalOnProperty (springdoc.swagger-ui.enabled) matched (OnPropertyCondition)
      - @ConditionalOnBean (types: org.springdoc.core.configuration.SpringDocConfiguration; SearchStrategy: all) found bean 'org.springdoc.core.configuration.SpringDocConfiguration' (OnBeanCondition)

   SwaggerUiOAuthProperties matched:
      - @ConditionalOnProperty (springdoc.swagger-ui.enabled) matched (OnPropertyCondition)
      - @ConditionalOnBean (types: org.springdoc.core.configuration.SpringDocConfiguration; SearchStrategy: all) found bean 'org.springdoc.core.configuration.SpringDocConfiguration' (OnBeanCondition)

   TaskExecutionAutoConfiguration matched:
      - @ConditionalOnClass found required class 'org.springframework.scheduling.concurrent.ThreadPoolTaskExecutor' (OnClassCondition)

   TaskExecutorConfigurations.SimpleAsyncTaskExecutorBuilderConfiguration#simpleAsyncTaskExecutorBuilder matched:
      - @ConditionalOnMissingBean (types: org.springframework.boot.task.SimpleAsyncTaskExecutorBuilder; SearchStrategy: all) did not find any beans (OnBeanCondition)
      - @ConditionalOnThreading found PLATFORM (OnThreadingCondition)

   TaskExecutorConfigurations.TaskExecutorBuilderConfiguration#taskExecutorBuilder matched:
      - @ConditionalOnMissingBean (types: org.springframework.boot.task.TaskExecutorBuilder; SearchStrategy: all) did not find any beans (OnBeanCondition)

   TaskExecutorConfigurations.TaskExecutorConfiguration matched:
      - @ConditionalOnMissingBean (types: java.util.concurrent.Executor; SearchStrategy: all) did not find any beans (OnBeanCondition)

   TaskExecutorConfigurations.TaskExecutorConfiguration#applicationTaskExecutor matched:
      - @ConditionalOnThreading found PLATFORM (OnThreadingCondition)

   TaskExecutorConfigurations.ThreadPoolTaskExecutorBuilderConfiguration#threadPoolTaskExecutorBuilder matched:
      - @ConditionalOnMissingBean (types: org.springframework.boot.task.TaskExecutorBuilder,org.springframework.boot.task.ThreadPoolTaskExecutorBuilder; SearchStrategy: all) did not find any beans (OnBeanCondition)

   TaskSchedulingAutoConfiguration matched:
      - @ConditionalOnClass found required class 'org.springframework.scheduling.concurrent.ThreadPoolTaskScheduler' (OnClassCondition)

   TaskSchedulingConfigurations.SimpleAsyncTaskSchedulerBuilderConfiguration#simpleAsyncTaskSchedulerBuilder matched:
      - @ConditionalOnMissingBean (types: org.springframework.boot.task.SimpleAsyncTaskSchedulerBuilder; SearchStrategy: all) did not find any beans (OnBeanCondition)
      - @ConditionalOnThreading found PLATFORM (OnThreadingCondition)

   TaskSchedulingConfigurations.TaskSchedulerBuilderConfiguration#taskSchedulerBuilder matched:
      - @ConditionalOnMissingBean (types: org.springframework.boot.task.TaskSchedulerBuilder; SearchStrategy: all) did not find any beans (OnBeanCondition)

   TaskSchedulingConfigurations.ThreadPoolTaskSchedulerBuilderConfiguration#threadPoolTaskSchedulerBuilder matched:
      - @ConditionalOnMissingBean (types: org.springframework.boot.task.TaskSchedulerBuilder,org.springframework.boot.task.ThreadPoolTaskSchedulerBuilder; SearchStrategy: all) did not find any beans (OnBeanCondition)

   TransactionAutoConfiguration matched:
      - @ConditionalOnClass found required class 'org.springframework.transaction.PlatformTransactionManager' (OnClassCondition)

   TransactionAutoConfiguration.EnableTransactionManagementConfiguration matched:
      - @ConditionalOnBean (types: org.springframework.transaction.TransactionManager; SearchStrategy: all) found bean 'transactionManager'; @ConditionalOnMissingBean (types: org.springframework.transaction.annotation.AbstractTransactionManagementConfiguration; SearchStrategy: all) did not find any beans (OnBeanCondition)

   TransactionAutoConfiguration.EnableTransactionManagementConfiguration.CglibAutoProxyConfiguration matched:
      - @ConditionalOnProperty (spring.aop.proxy-target-class=true) matched (OnPropertyCondition)

   TransactionAutoConfiguration.TransactionTemplateConfiguration matched:
      - @ConditionalOnSingleCandidate (types: org.springframework.transaction.PlatformTransactionManager; SearchStrategy: all) found a single bean 'transactionManager' (OnBeanCondition)

   TransactionAutoConfiguration.TransactionTemplateConfiguration#transactionTemplate matched:
      - @ConditionalOnMissingBean (types: org.springframework.transaction.support.TransactionOperations; SearchStrategy: all) did not find any beans (OnBeanCondition)

   TransactionManagerCustomizationAutoConfiguration matched:
      - @ConditionalOnClass found required class 'org.springframework.transaction.PlatformTransactionManager' (OnClassCondition)

   TransactionManagerCustomizationAutoConfiguration#platformTransactionManagerCustomizers matched:
      - @ConditionalOnMissingBean (types: org.springframework.boot.autoconfigure.transaction.TransactionManagerCustomizers; SearchStrategy: all) did not find any beans (OnBeanCondition)

   WebMvcAutoConfiguration matched:
      - @ConditionalOnClass found required classes 'jakarta.servlet.Servlet', 'org.springframework.web.servlet.DispatcherServlet', 'org.springframework.web.servlet.config.annotation.WebMvcConfigurer' (OnClassCondition)
      - found 'session' scope (OnWebApplicationCondition)
      - @ConditionalOnMissingBean (types: org.springframework.web.servlet.config.annotation.WebMvcConfigurationSupport; SearchStrategy: all) did not find any beans (OnBeanCondition)

   WebMvcAutoConfiguration#formContentFilter matched:
      - @ConditionalOnProperty (spring.mvc.formcontent.filter.enabled) matched (OnPropertyCondition)
      - @ConditionalOnMissingBean (types: org.springframework.web.filter.FormContentFilter; SearchStrategy: all) did not find any beans (OnBeanCondition)

   WebMvcAutoConfiguration.EnableWebMvcConfiguration#flashMapManager matched:
      - @ConditionalOnMissingBean (names: flashMapManager; SearchStrategy: all) did not find any beans (OnBeanCondition)

   WebMvcAutoConfiguration.EnableWebMvcConfiguration#localeResolver matched:
      - @ConditionalOnMissingBean (names: localeResolver; SearchStrategy: all) did not find any beans (OnBeanCondition)

   WebMvcAutoConfiguration.EnableWebMvcConfiguration#themeResolver matched:
      - @ConditionalOnMissingBean (names: themeResolver; SearchStrategy: all) did not find any beans (OnBeanCondition)

   WebMvcAutoConfiguration.WebMvcAutoConfigurationAdapter#defaultViewResolver matched:
      - @ConditionalOnMissingBean (types: org.springframework.web.servlet.view.InternalResourceViewResolver; SearchStrategy: all) did not find any beans (OnBeanCondition)

   WebMvcAutoConfiguration.WebMvcAutoConfigurationAdapter#requestContextFilter matched:
      - @ConditionalOnMissingBean (types: org.springframework.web.context.request.RequestContextListener,org.springframework.web.filter.RequestContextFilter; SearchStrategy: all) did not find any beans (OnBeanCondition)

   WebMvcAutoConfiguration.WebMvcAutoConfigurationAdapter#viewResolver matched:
      - @ConditionalOnBean (types: org.springframework.web.servlet.ViewResolver; SearchStrategy: all) found beans 'defaultViewResolver', 'beanNameViewResolver', 'mvcViewResolver'; @ConditionalOnMissingBean (names: viewResolver types: org.springframework.web.servlet.view.ContentNegotiatingViewResolver; SearchStrategy: all) did not find any beans (OnBeanCondition)

   WebSocketServletAutoConfiguration matched:
      - @ConditionalOnClass found required classes 'jakarta.servlet.Servlet', 'jakarta.websocket.server.ServerContainer' (OnClassCondition)
      - found 'session' scope (OnWebApplicationCondition)

   WebSocketServletAutoConfiguration.TomcatWebSocketConfiguration matched:
      - @ConditionalOnClass found required classes 'org.apache.catalina.startup.Tomcat', 'org.apache.tomcat.websocket.server.WsSci' (OnClassCondition)

   WebSocketServletAutoConfiguration.TomcatWebSocketConfiguration#websocketServletWebServerCustomizer matched:
      - @ConditionalOnMissingBean (names: websocketServletWebServerCustomizer; SearchStrategy: all) did not find any beans (OnBeanCondition)


Negative matches:
-----------------

   ActiveMQAutoConfiguration:
      Did not match:
         - @ConditionalOnClass did not find required class 'jakarta.jms.ConnectionFactory' (OnClassCondition)

   AopAutoConfiguration.AspectJAutoProxyingConfiguration.JdkDynamicAutoProxyConfiguration:
      Did not match:
         - @ConditionalOnProperty (spring.aop.proxy-target-class=false) did not find property 'proxy-target-class' (OnPropertyCondition)

   AopAutoConfiguration.ClassProxyingConfiguration:
      Did not match:
         - @ConditionalOnMissingClass found unwanted class 'org.aspectj.weaver.Advice' (OnClassCondition)

   ArtemisAutoConfiguration:
      Did not match:
         - @ConditionalOnClass did not find required class 'jakarta.jms.ConnectionFactory' (OnClassCondition)

   BatchAutoConfiguration:
      Did not match:
         - @ConditionalOnClass did not find required class 'org.springframework.batch.core.launch.JobLauncher' (OnClassCondition)

   Cache2kCacheConfiguration:
      Did not match:
         - @ConditionalOnClass did not find required class 'org.cache2k.Cache2kBuilder' (OnClassCondition)

   CaffeineCacheConfiguration:
      Did not match:
         - @ConditionalOnClass did not find required class 'com.github.benmanes.caffeine.cache.Caffeine' (OnClassCondition)

   CassandraAutoConfiguration:
      Did not match:
         - @ConditionalOnClass did not find required class 'com.datastax.oss.driver.api.core.CqlSession' (OnClassCondition)

   CassandraDataAutoConfiguration:
      Did not match:
         - @ConditionalOnClass did not find required class 'com.datastax.oss.driver.api.core.CqlSession' (OnClassCondition)

   CassandraReactiveDataAutoConfiguration:
      Did not match:
         - @ConditionalOnClass did not find required class 'com.datastax.oss.driver.api.core.CqlSession' (OnClassCondition)

   CassandraReactiveRepositoriesAutoConfiguration:
      Did not match:
         - @ConditionalOnClass did not find required class 'org.springframework.data.cassandra.ReactiveSession' (OnClassCondition)

   CassandraRepositoriesAutoConfiguration:
      Did not match:
         - @ConditionalOnClass did not find required class 'com.datastax.oss.driver.api.core.CqlSession' (OnClassCondition)

   ClientHttpConnectorAutoConfiguration:
      Did not match:
         - @ConditionalOnClass did not find required class 'org.springframework.web.reactive.function.client.WebClient' (OnClassCondition)

   CodecsAutoConfiguration:
      Did not match:
         - @ConditionalOnClass did not find required class 'org.springframework.web.reactive.function.client.WebClient' (OnClassCondition)

   CouchbaseAutoConfiguration:
      Did not match:
         - @ConditionalOnClass did not find required class 'com.couchbase.client.java.Cluster' (OnClassCondition)

   CouchbaseCacheConfiguration:
      Did not match:
         - @ConditionalOnClass did not find required class 'com.couchbase.client.java.Cluster' (OnClassCondition)

   CouchbaseDataAutoConfiguration:
      Did not match:
         - @ConditionalOnClass did not find required class 'com.couchbase.client.java.Bucket' (OnClassCondition)

   CouchbaseReactiveDataAutoConfiguration:
      Did not match:
         - @ConditionalOnClass did not find required class 'com.couchbase.client.java.Cluster' (OnClassCondition)

   CouchbaseReactiveRepositoriesAutoConfiguration:
      Did not match:
         - @ConditionalOnClass did not find required class 'com.couchbase.client.java.Cluster' (OnClassCondition)

   CouchbaseRepositoriesAutoConfiguration:
      Did not match:
         - @ConditionalOnClass did not find required class 'com.couchbase.client.java.Bucket' (OnClassCondition)

   DataSourceAutoConfiguration.EmbeddedDatabaseConfiguration:
      Did not match:
         - EmbeddedDataSource spring.datasource.url is set (DataSourceAutoConfiguration.EmbeddedDatabaseCondition)

   DataSourceCheckpointRestoreConfiguration:
      Did not match:
         - @ConditionalOnClass did not find required class 'org.crac.Resource' (OnClassCondition)

   DataSourceConfiguration.Dbcp2:
      Did not match:
         - @ConditionalOnClass did not find required class 'org.apache.commons.dbcp2.BasicDataSource' (OnClassCondition)

   DataSourceConfiguration.Generic:
      Did not match:
         - @ConditionalOnProperty (spring.datasource.type) did not find property 'spring.datasource.type' (OnPropertyCondition)

   DataSourceConfiguration.OracleUcp:
      Did not match:
         - @ConditionalOnClass did not find required classes 'oracle.ucp.jdbc.PoolDataSourceImpl', 'oracle.jdbc.OracleConnection' (OnClassCondition)

   DataSourceConfiguration.Tomcat:
      Did not match:
         - @ConditionalOnClass did not find required class 'org.apache.tomcat.jdbc.pool.DataSource' (OnClassCondition)

   DataSourceJmxConfiguration:
      Did not match:
         - @ConditionalOnProperty (spring.jmx.enabled=true) found different value in property 'enabled' (OnPropertyCondition)

   DataSourcePoolMetadataProvidersConfiguration.CommonsDbcp2PoolDataSourceMetadataProviderConfiguration:
      Did not match:
         - @ConditionalOnClass did not find required class 'org.apache.commons.dbcp2.BasicDataSource' (OnClassCondition)

   DataSourcePoolMetadataProvidersConfiguration.OracleUcpPoolDataSourceMetadataProviderConfiguration:
      Did not match:
         - @ConditionalOnClass did not find required classes 'oracle.ucp.jdbc.PoolDataSource', 'oracle.jdbc.OracleConnection' (OnClassCondition)

   DataSourcePoolMetadataProvidersConfiguration.TomcatDataSourcePoolMetadataProviderConfiguration:
      Did not match:
         - @ConditionalOnClass did not find required class 'org.apache.tomcat.jdbc.pool.DataSource' (OnClassCondition)

   DataSourceTransactionManagerAutoConfiguration.JdbcTransactionManagerConfiguration#transactionManager:
      Did not match:
         - @ConditionalOnMissingBean (types: org.springframework.transaction.TransactionManager; SearchStrategy: all) found beans of type 'org.springframework.transaction.TransactionManager' transactionManager (OnBeanCondition)

   DispatcherServletAutoConfiguration.DispatcherServletConfiguration#multipartResolver:
      Did not match:
         - @ConditionalOnBean (types: org.springframework.web.multipart.MultipartResolver; SearchStrategy: all) did not find any beans of type org.springframework.web.multipart.MultipartResolver (OnBeanCondition)

   ElasticsearchClientAutoConfiguration:
      Did not match:
         - @ConditionalOnClass did not find required class 'co.elastic.clients.elasticsearch.ElasticsearchClient' (OnClassCondition)

   ElasticsearchDataAutoConfiguration:
      Did not match:
         - @ConditionalOnClass did not find required class 'org.springframework.data.elasticsearch.client.elc.ElasticsearchTemplate' (OnClassCondition)

   ElasticsearchRepositoriesAutoConfiguration:
      Did not match:
         - @ConditionalOnClass did not find required class 'org.springframework.data.elasticsearch.repository.ElasticsearchRepository' (OnClassCondition)

   ElasticsearchRestClientAutoConfiguration:
      Did not match:
         - @ConditionalOnClass did not find required class 'org.elasticsearch.client.RestClientBuilder' (OnClassCondition)

   EmbeddedLdapAutoConfiguration:
      Did not match:
         - @ConditionalOnClass did not find required class 'com.unboundid.ldap.listener.InMemoryDirectoryServer' (OnClassCondition)

   EmbeddedWebServerFactoryCustomizerAutoConfiguration:
      Did not match:
         - Application is deployed as a WAR file. (OnWarDeploymentCondition)
      Matched:
         - @ConditionalOnWebApplication (required) found 'session' scope (OnWebApplicationCondition)

   ErrorWebFluxAutoConfiguration:
      Did not match:
         - @ConditionalOnClass did not find required class 'org.springframework.web.reactive.config.WebFluxConfigurer' (OnClassCondition)

   FlywayAutoConfiguration.FlywayConfiguration#oracleFlywayConfigurationCustomizer:
      Did not match:
         - @ConditionalOnClass did not find required class 'org.flywaydb.database.oracle.OracleConfigurationExtension' (OnClassCondition)

   FlywayAutoConfiguration.FlywayConfiguration#sqlServerFlywayConfigurationCustomizer:
      Did not match:
         - @ConditionalOnClass did not find required class 'org.flywaydb.database.sqlserver.SQLServerConfigurationExtension' (OnClassCondition)

   FreeMarkerAutoConfiguration:
      Did not match:
         - @ConditionalOnClass did not find required class 'freemarker.template.Configuration' (OnClassCondition)

   GenericCacheConfiguration:
      Did not match:
         - @ConditionalOnBean (types: org.springframework.cache.Cache; SearchStrategy: all) did not find any beans of type org.springframework.cache.Cache (OnBeanCondition)
      Matched:
         - Cache org.springframework.boot.autoconfigure.cache.GenericCacheConfiguration automatic cache type (CacheCondition)

   GraphQlAutoConfiguration:
      Did not match:
         - @ConditionalOnClass did not find required class 'graphql.GraphQL' (OnClassCondition)

   GraphQlQueryByExampleAutoConfiguration:
      Did not match:
         - @ConditionalOnClass did not find required class 'graphql.GraphQL' (OnClassCondition)

   GraphQlQuerydslAutoConfiguration:
      Did not match:
         - @ConditionalOnClass did not find required class 'com.querydsl.core.Query' (OnClassCondition)

   GraphQlRSocketAutoConfiguration:
      Did not match:
         - @ConditionalOnClass did not find required class 'graphql.GraphQL' (OnClassCondition)

   GraphQlReactiveQueryByExampleAutoConfiguration:
      Did not match:
         - @ConditionalOnClass did not find required class 'graphql.GraphQL' (OnClassCondition)

   GraphQlReactiveQuerydslAutoConfiguration:
      Did not match:
         - @ConditionalOnClass did not find required class 'com.querydsl.core.Query' (OnClassCondition)

   GraphQlWebFluxAutoConfiguration:
      Did not match:
         - @ConditionalOnClass did not find required class 'graphql.GraphQL' (OnClassCondition)

   GraphQlWebFluxSecurityAutoConfiguration:
      Did not match:
         - @ConditionalOnClass did not find required class 'graphql.GraphQL' (OnClassCondition)

   GraphQlWebMvcAutoConfiguration:
      Did not match:
         - @ConditionalOnClass did not find required class 'graphql.GraphQL' (OnClassCondition)

   GraphQlWebMvcSecurityAutoConfiguration:
      Did not match:
         - @ConditionalOnClass did not find required class 'graphql.GraphQL' (OnClassCondition)

   GroovyTemplateAutoConfiguration:
      Did not match:
         - @ConditionalOnClass did not find required class 'groovy.text.markup.MarkupTemplateEngine' (OnClassCondition)

   GsonHttpMessageConvertersConfiguration.GsonHttpMessageConverterConfiguration:
      Did not match:
         - AnyNestedCondition 0 matched 2 did not; NestedCondition on GsonHttpMessageConvertersConfiguration.PreferGsonOrJacksonAndJsonbUnavailableCondition.JacksonJsonbUnavailable NoneNestedConditions 1 matched 1 did not; NestedCondition on GsonHttpMessageConvertersConfiguration.JacksonAndJsonbUnavailableCondition.JsonbPreferred @ConditionalOnProperty (spring.mvc.converters.preferred-json-mapper=jsonb) did not find property 'spring.mvc.converters.preferred-json-mapper'; NestedCondition on GsonHttpMessageConvertersConfiguration.JacksonAndJsonbUnavailableCondition.JacksonAvailable @ConditionalOnBean (types: org.springframework.http.converter.json.MappingJackson2HttpMessageConverter; SearchStrategy: all) found bean 'mappingJackson2HttpMessageConverter'; NestedCondition on GsonHttpMessageConvertersConfiguration.PreferGsonOrJacksonAndJsonbUnavailableCondition.GsonPreferred @ConditionalOnProperty (spring.mvc.converters.preferred-json-mapper=gson) did not find property 'spring.mvc.converters.preferred-json-mapper' (GsonHttpMessageConvertersConfiguration.PreferGsonOrJacksonAndJsonbUnavailableCondition)

   H2ConsoleAutoConfiguration:
      Did not match:
         - @ConditionalOnProperty (spring.h2.console.enabled=true) did not find property 'enabled' (OnPropertyCondition)
      Matched:
         - @ConditionalOnClass found required class 'org.h2.server.web.JakartaWebServlet' (OnClassCondition)
         - found 'session' scope (OnWebApplicationCondition)

   HazelcastAutoConfiguration:
      Did not match:
         - @ConditionalOnClass did not find required class 'com.hazelcast.core.HazelcastInstance' (OnClassCondition)

   HazelcastCacheConfiguration:
      Did not match:
         - @ConditionalOnClass did not find required class 'com.hazelcast.core.HazelcastInstance' (OnClassCondition)

   HazelcastJpaDependencyAutoConfiguration:
      Did not match:
         - @ConditionalOnClass did not find required class 'com.hazelcast.core.HazelcastInstance' (OnClassCondition)

   HttpHandlerAutoConfiguration:
      Did not match:
         - @ConditionalOnClass did not find required class 'org.springframework.web.reactive.DispatcherHandler' (OnClassCondition)

   HypermediaAutoConfiguration:
      Did not match:
         - @ConditionalOnClass did not find required class 'org.springframework.hateoas.EntityModel' (OnClassCondition)

   InfinispanCacheConfiguration:
      Did not match:
         - @ConditionalOnClass did not find required class 'org.infinispan.spring.embedded.provider.SpringEmbeddedCacheManager' (OnClassCondition)

   InfluxDbAutoConfiguration:
      Did not match:
         - @ConditionalOnClass did not find required class 'org.influxdb.InfluxDB' (OnClassCondition)

   IntegrationAutoConfiguration:
      Did not match:
         - @ConditionalOnClass did not find required class 'org.springframework.integration.config.EnableIntegration' (OnClassCondition)

   JCacheCacheConfiguration:
      Did not match:
         - @ConditionalOnClass did not find required class 'javax.cache.Caching' (OnClassCondition)

   JacksonHttpMessageConvertersConfiguration.MappingJackson2XmlHttpMessageConverterConfiguration:
      Did not match:
         - @ConditionalOnClass did not find required class 'com.fasterxml.jackson.dataformat.xml.XmlMapper' (OnClassCondition)

   JdbcRepositoriesAutoConfiguration:
      Did not match:
         - @ConditionalOnClass did not find required class 'org.springframework.data.jdbc.repository.config.AbstractJdbcConfiguration' (OnClassCondition)

   JedisConnectionConfiguration:
      Did not match:
         - @ConditionalOnClass did not find required classes 'org.apache.commons.pool2.impl.GenericObjectPool', 'redis.clients.jedis.Jedis' (OnClassCondition)

   JerseyAutoConfiguration:
      Did not match:
         - @ConditionalOnClass did not find required class 'org.glassfish.jersey.server.spring.SpringComponentProvider' (OnClassCondition)

   JmsAutoConfiguration:
      Did not match:
         - @ConditionalOnClass did not find required class 'jakarta.jms.Message' (OnClassCondition)

   JmxAutoConfiguration:
      Did not match:
         - @ConditionalOnProperty (spring.jmx.enabled=true) found different value in property 'enabled' (OnPropertyCondition)
      Matched:
         - @ConditionalOnClass found required class 'org.springframework.jmx.export.MBeanExporter' (OnClassCondition)

   JndiConnectionFactoryAutoConfiguration:
      Did not match:
         - @ConditionalOnClass did not find required class 'org.springframework.jms.core.JmsTemplate' (OnClassCondition)

   JndiDataSourceAutoConfiguration:
      Did not match:
         - @ConditionalOnProperty (spring.datasource.jndi-name) did not find property 'jndi-name' (OnPropertyCondition)
      Matched:
         - @ConditionalOnClass found required classes 'javax.sql.DataSource', 'org.springframework.jdbc.datasource.embedded.EmbeddedDatabaseType' (OnClassCondition)

   JndiJtaConfiguration:
      Did not match:
         - @ConditionalOnJndi JNDI environment is not available (OnJndiCondition)
      Matched:
         - @ConditionalOnClass found required class 'org.springframework.transaction.jta.JtaTransactionManager' (OnClassCondition)

   JooqAutoConfiguration:
      Did not match:
         - @ConditionalOnClass did not find required class 'org.jooq.DSLContext' (OnClassCondition)

   JpaRepositoriesAutoConfiguration#entityManagerFactoryBootstrapExecutorCustomizer:
      Did not match:
         - AnyNestedCondition 0 matched 2 did not; NestedCondition on JpaRepositoriesAutoConfiguration.BootstrapExecutorCondition.LazyBootstrapMode @ConditionalOnProperty (spring.data.jpa.repositories.bootstrap-mode=lazy) did not find property 'bootstrap-mode'; NestedCondition on JpaRepositoriesAutoConfiguration.BootstrapExecutorCondition.DeferredBootstrapMode @ConditionalOnProperty (spring.data.jpa.repositories.bootstrap-mode=deferred) did not find property 'bootstrap-mode' (JpaRepositoriesAutoConfiguration.BootstrapExecutorCondition)

   JsonbAutoConfiguration:
      Did not match:
         - @ConditionalOnClass did not find required class 'jakarta.json.bind.Jsonb' (OnClassCondition)

   JsonbHttpMessageConvertersConfiguration:
      Did not match:
         - @ConditionalOnClass did not find required class 'jakarta.json.bind.Jsonb' (OnClassCondition)

   KafkaAutoConfiguration:
      Did not match:
         - @ConditionalOnClass did not find required class 'org.springframework.kafka.core.KafkaTemplate' (OnClassCondition)

   LdapAutoConfiguration:
      Did not match:
         - @ConditionalOnClass did not find required class 'org.springframework.ldap.core.ContextSource' (OnClassCondition)

   LdapRepositoriesAutoConfiguration:
      Did not match:
         - @ConditionalOnClass did not find required class 'org.springframework.data.ldap.repository.LdapRepository' (OnClassCondition)

   LettuceConnectionConfiguration#redisConnectionFactoryVirtualThreads:
      Did not match:
         - @ConditionalOnMissingBean (types: org.springframework.data.redis.connection.RedisConnectionFactory; SearchStrategy: all) found beans of type 'org.springframework.data.redis.connection.RedisConnectionFactory' redisConnectionFactory (OnBeanCondition)

   LiquibaseAutoConfiguration:
      Did not match:
         - @ConditionalOnClass did not find required class 'liquibase.change.DatabaseChange' (OnClassCondition)

   MailSenderAutoConfiguration:
      Did not match:
         - @ConditionalOnClass did not find required class 'jakarta.mail.internet.MimeMessage' (OnClassCondition)

   MailSenderValidatorAutoConfiguration:
      Did not match:
         - @ConditionalOnProperty (spring.mail.test-connection) did not find property 'test-connection' (OnPropertyCondition)

   MessageSourceAutoConfiguration:
      Did not match:
         - ResourceBundle did not find bundle with basename messages (MessageSourceAutoConfiguration.ResourceBundleCondition)

   MongoAutoConfiguration:
      Did not match:
         - @ConditionalOnClass did not find required class 'com.mongodb.client.MongoClient' (OnClassCondition)

   MongoDataAutoConfiguration:
      Did not match:
         - @ConditionalOnClass did not find required class 'com.mongodb.client.MongoClient' (OnClassCondition)

   MongoReactiveAutoConfiguration:
      Did not match:
         - @ConditionalOnClass did not find required class 'com.mongodb.reactivestreams.client.MongoClient' (OnClassCondition)

   MongoReactiveDataAutoConfiguration:
      Did not match:
         - @ConditionalOnClass did not find required class 'com.mongodb.reactivestreams.client.MongoClient' (OnClassCondition)

   MongoReactiveRepositoriesAutoConfiguration:
      Did not match:
         - @ConditionalOnClass did not find required class 'com.mongodb.reactivestreams.client.MongoClient' (OnClassCondition)

   MongoRepositoriesAutoConfiguration:
      Did not match:
         - @ConditionalOnClass did not find required class 'com.mongodb.client.MongoClient' (OnClassCondition)

   MultipleOpenApiSupportConfiguration:
      Did not match:
         - AnyNestedCondition 0 matched 2 did not; NestedCondition on MultipleOpenApiSupportCondition.OnActuatorDifferentPort @ConditionalOnProperty (springdoc.show-actuator) did not find property 'springdoc.show-actuator'; NestedCondition on MultipleOpenApiSupportCondition.OnMultipleOpenApiSupportCondition AnyNestedCondition 0 matched 2 did not; NestedCondition on MultipleOpenApiGroupsCondition.OnGroupConfigProperty @ConditionalOnProperty (springdoc.group-configs[0].group) did not find property 'springdoc.group-configs[0].group'; NestedCondition on MultipleOpenApiGroupsCondition.OnGroupedOpenApiBean @ConditionalOnBean (types: org.springdoc.core.models.GroupedOpenApi; SearchStrategy: all) did not find any beans of type org.springdoc.core.models.GroupedOpenApi (MultipleOpenApiSupportCondition)
      Matched:
         - found 'session' scope (OnWebApplicationCondition)
         - @ConditionalOnProperty (springdoc.api-docs.enabled) matched (OnPropertyCondition)

   MultipleOpenApiSupportConfiguration.SpringDocWebMvcActuatorDifferentConfiguration:
      Did not match:
         - @ConditionalOnClass did not find required class 'org.springframework.boot.actuate.endpoint.web.servlet.WebMvcEndpointHandlerMapping' (OnClassCondition)
         - Ancestor org.springdoc.webmvc.core.configuration.MultipleOpenApiSupportConfiguration did not match (ConditionEvaluationReport.AncestorsMatchedCondition)

   MustacheAutoConfiguration:
      Did not match:
         - @ConditionalOnClass did not find required class 'com.samskivert.mustache.Mustache' (OnClassCondition)

   Neo4jAutoConfiguration:
      Did not match:
         - @ConditionalOnClass did not find required class 'org.neo4j.driver.Driver' (OnClassCondition)

   Neo4jDataAutoConfiguration:
      Did not match:
         - @ConditionalOnClass did not find required class 'org.neo4j.driver.Driver' (OnClassCondition)

   Neo4jReactiveDataAutoConfiguration:
      Did not match:
         - @ConditionalOnClass did not find required class 'org.neo4j.driver.Driver' (OnClassCondition)

   Neo4jReactiveRepositoriesAutoConfiguration:
      Did not match:
         - @ConditionalOnClass did not find required class 'org.neo4j.driver.Driver' (OnClassCondition)

   Neo4jRepositoriesAutoConfiguration:
      Did not match:
         - @ConditionalOnClass did not find required class 'org.neo4j.driver.Driver' (OnClassCondition)

   NoOpCacheConfiguration:
      Did not match:
         - @ConditionalOnMissingBean (types: org.springframework.cache.CacheManager; SearchStrategy: all) found beans of type 'org.springframework.cache.CacheManager' cacheManager (OnBeanCondition)
      Matched:
         - Cache org.springframework.boot.autoconfigure.cache.NoOpCacheConfiguration automatic cache type (CacheCondition)

   OAuth2AuthorizationServerAutoConfiguration:
      Did not match:
         - @ConditionalOnClass did not find required class 'org.springframework.security.oauth2.server.authorization.OAuth2Authorization' (OnClassCondition)

   OAuth2AuthorizationServerJwtAutoConfiguration:
      Did not match:
         - @ConditionalOnClass did not find required class 'org.springframework.security.oauth2.server.authorization.OAuth2Authorization' (OnClassCondition)

   OAuth2ClientAutoConfiguration:
      Did not match:
         - @ConditionalOnClass did not find required class 'org.springframework.security.oauth2.client.registration.ClientRegistration' (OnClassCondition)

   OAuth2ResourceServerAutoConfiguration:
      Did not match:
         - @ConditionalOnClass did not find required class 'org.springframework.security.oauth2.server.resource.authentication.BearerTokenAuthenticationToken' (OnClassCondition)

   ProjectInfoAutoConfiguration#buildProperties:
      Did not match:
         - @ConditionalOnResource did not find resource '${spring.info.build.location:classpath:META-INF/build-info.properties}' (OnResourceCondition)

   ProjectInfoAutoConfiguration#gitProperties:
      Did not match:
         - GitResource did not find git info at classpath:git.properties (ProjectInfoAutoConfiguration.GitResourceAvailableCondition)

   PulsarAutoConfiguration:
      Did not match:
         - @ConditionalOnClass did not find required class 'org.apache.pulsar.client.api.PulsarClient' (OnClassCondition)

   PulsarReactiveAutoConfiguration:
      Did not match:
         - @ConditionalOnClass did not find required class 'org.apache.pulsar.client.api.PulsarClient' (OnClassCondition)

   QuartzAutoConfiguration:
      Did not match:
         - @ConditionalOnClass did not find required class 'org.quartz.Scheduler' (OnClassCondition)

   R2dbcAutoConfiguration:
      Did not match:
         - @ConditionalOnClass did not find required class 'io.r2dbc.spi.ConnectionFactory' (OnClassCondition)

   R2dbcDataAutoConfiguration:
      Did not match:
         - @ConditionalOnClass did not find required class 'org.springframework.data.r2dbc.core.R2dbcEntityTemplate' (OnClassCondition)

   R2dbcInitializationConfiguration:
      Did not match:
         - @ConditionalOnClass did not find required classes 'io.r2dbc.spi.ConnectionFactory', 'org.springframework.r2dbc.connection.init.DatabasePopulator' (OnClassCondition)

   R2dbcRepositoriesAutoConfiguration:
      Did not match:
         - @ConditionalOnClass did not find required class 'io.r2dbc.spi.ConnectionFactory' (OnClassCondition)

   R2dbcTransactionManagerAutoConfiguration:
      Did not match:
         - @ConditionalOnClass did not find required class 'org.springframework.r2dbc.connection.R2dbcTransactionManager' (OnClassCondition)

   RSocketGraphQlClientAutoConfiguration:
      Did not match:
         - @ConditionalOnClass did not find required class 'graphql.GraphQL' (OnClassCondition)

   RSocketMessagingAutoConfiguration:
      Did not match:
         - @ConditionalOnClass did not find required class 'io.rsocket.RSocket' (OnClassCondition)

   RSocketRequesterAutoConfiguration:
      Did not match:
         - @ConditionalOnClass did not find required class 'io.rsocket.RSocket' (OnClassCondition)

   RSocketSecurityAutoConfiguration:
      Did not match:
         - @ConditionalOnClass did not find required class 'org.springframework.security.rsocket.core.SecuritySocketAcceptorInterceptor' (OnClassCondition)

   RSocketServerAutoConfiguration:
      Did not match:
         - @ConditionalOnClass did not find required class 'io.rsocket.core.RSocketServer' (OnClassCondition)

   RSocketStrategiesAutoConfiguration:
      Did not match:
         - @ConditionalOnClass did not find required class 'io.rsocket.RSocket' (OnClassCondition)

   RabbitAutoConfiguration:
      Did not match:
         - @ConditionalOnClass did not find required class 'com.rabbitmq.client.Channel' (OnClassCondition)

   ReactiveElasticsearchClientAutoConfiguration:
      Did not match:
         - @ConditionalOnClass did not find required class 'co.elastic.clients.transport.ElasticsearchTransport' (OnClassCondition)

   ReactiveElasticsearchRepositoriesAutoConfiguration:
      Did not match:
         - @ConditionalOnClass did not find required class 'org.springframework.data.elasticsearch.client.elc.ReactiveElasticsearchClient' (OnClassCondition)

   ReactiveMultipartAutoConfiguration:
      Did not match:
         - @ConditionalOnClass did not find required class 'org.springframework.web.reactive.config.WebFluxConfigurer' (OnClassCondition)

   ReactiveOAuth2ClientAutoConfiguration:
      Did not match:
         - @ConditionalOnClass did not find required class 'org.springframework.security.oauth2.client.registration.ClientRegistration' (OnClassCondition)

   ReactiveOAuth2ResourceServerAutoConfiguration:
      Did not match:
         - @ConditionalOnWebApplication did not find reactive web application classes (OnWebApplicationCondition)

   ReactiveSecurityAutoConfiguration:
      Did not match:
         - @ConditionalOnClass did not find required class 'org.springframework.web.reactive.config.WebFluxConfigurer' (OnClassCondition)

   ReactiveUserDetailsServiceAutoConfiguration:
      Did not match:
         - AnyNestedCondition 0 matched 2 did not; NestedCondition on ReactiveUserDetailsServiceAutoConfiguration.RSocketEnabledOrReactiveWebApplication.ReactiveWebApplicationCondition did not find reactive web application classes; NestedCondition on ReactiveUserDetailsServiceAutoConfiguration.RSocketEnabledOrReactiveWebApplication.RSocketSecurityEnabledCondition @ConditionalOnBean (types: org.springframework.messaging.rsocket.annotation.support.RSocketMessageHandler; SearchStrategy: all) did not find any beans of type org.springframework.messaging.rsocket.annotation.support.RSocketMessageHandler (ReactiveUserDetailsServiceAutoConfiguration.RSocketEnabledOrReactiveWebApplication)
      Matched:
         - @ConditionalOnClass found required class 'org.springframework.security.authentication.ReactiveAuthenticationManager' (OnClassCondition)
         - AnyNestedCondition 3 matched 0 did not; NestedCondition on ReactiveUserDetailsServiceAutoConfiguration.MissingAlternativeOrUserPropertiesConfigured.PasswordConfigured @ConditionalOnProperty (spring.security.user.password) matched; NestedCondition on ReactiveUserDetailsServiceAutoConfiguration.MissingAlternativeOrUserPropertiesConfigured.NameConfigured @ConditionalOnProperty (spring.security.user.name) matched; NestedCondition on ReactiveUserDetailsServiceAutoConfiguration.MissingAlternativeOrUserPropertiesConfigured.MissingAlternative @ConditionalOnMissingClass did not find unwanted classes 'org.springframework.security.oauth2.client.registration.ClientRegistrationRepository', 'org.springframework.security.oauth2.server.resource.introspection.ReactiveOpaqueTokenIntrospector' (ReactiveUserDetailsServiceAutoConfiguration.MissingAlternativeOrUserPropertiesConfigured)

   ReactiveWebServerFactoryAutoConfiguration:
      Did not match:
         - @ConditionalOnWebApplication did not find reactive web application classes (OnWebApplicationCondition)

   RepositoryRestMvcAutoConfiguration:
      Did not match:
         - @ConditionalOnClass did not find required class 'org.springframework.data.rest.webmvc.config.RepositoryRestMvcConfiguration' (OnClassCondition)

   Saml2RelyingPartyAutoConfiguration:
      Did not match:
         - @ConditionalOnClass did not find required class 'org.springframework.security.saml2.provider.service.registration.RelyingPartyRegistrationRepository' (OnClassCondition)

   SecurityDataConfiguration:
      Did not match:
         - @ConditionalOnClass did not find required class 'org.springframework.security.data.repository.query.SecurityEvaluationContextExtension' (OnClassCondition)

   SendGridAutoConfiguration:
      Did not match:
         - @ConditionalOnClass did not find required class 'com.sendgrid.SendGrid' (OnClassCondition)

   ServletWebServerFactoryAutoConfiguration.ForwardedHeaderFilterConfiguration:
      Did not match:
         - @ConditionalOnProperty (server.forward-headers-strategy=framework) did not find property 'server.forward-headers-strategy' (OnPropertyCondition)

   ServletWebServerFactoryConfiguration.EmbeddedJetty:
      Did not match:
         - @ConditionalOnClass did not find required classes 'org.eclipse.jetty.server.Server', 'org.eclipse.jetty.util.Loader', 'org.eclipse.jetty.ee10.webapp.WebAppContext' (OnClassCondition)

   ServletWebServerFactoryConfiguration.EmbeddedUndertow:
      Did not match:
         - @ConditionalOnClass did not find required classes 'io.undertow.Undertow', 'org.xnio.SslClientAuthMode' (OnClassCondition)

   SessionAutoConfiguration:
      Did not match:
         - @ConditionalOnClass did not find required class 'org.springframework.session.Session' (OnClassCondition)

   SimpleCacheConfiguration:
      Did not match:
         - @ConditionalOnMissingBean (types: org.springframework.cache.CacheManager; SearchStrategy: all) found beans of type 'org.springframework.cache.CacheManager' cacheManager (OnBeanCondition)
      Matched:
         - Cache org.springframework.boot.autoconfigure.cache.SimpleCacheConfiguration automatic cache type (CacheCondition)

   SpringApplicationAdminJmxAutoConfiguration:
      Did not match:
         - @ConditionalOnProperty (spring.application.admin.enabled=true) did not find property 'enabled' (OnPropertyCondition)

   SpringBootWebSecurityConfiguration.SecurityFilterChainConfiguration:
      Did not match:
         - AllNestedConditions 1 matched 1 did not; NestedCondition on DefaultWebSecurityCondition.Beans @ConditionalOnMissingBean (types: org.springframework.security.web.SecurityFilterChain; SearchStrategy: all) found beans of type 'org.springframework.security.web.SecurityFilterChain' filterChain; NestedCondition on DefaultWebSecurityCondition.Classes @ConditionalOnClass found required classes 'org.springframework.security.web.SecurityFilterChain', 'org.springframework.security.config.annotation.web.builders.HttpSecurity' (DefaultWebSecurityCondition)

   SpringBootWebSecurityConfiguration.WebSecurityEnablerConfiguration:
      Did not match:
         - @ConditionalOnMissingBean (names: springSecurityFilterChain; SearchStrategy: all) found beans named springSecurityFilterChain (OnBeanCondition)
      Matched:
         - @ConditionalOnClass found required class 'org.springframework.security.config.annotation.web.configuration.EnableWebSecurity' (OnClassCondition)

   SpringDocConfiguration#propertiesResolverForSchema:
      Did not match:
         - @ConditionalOnProperty (springdoc.api-docs.resolve-schema-properties) did not find property 'springdoc.api-docs.resolve-schema-properties' (OnPropertyCondition)

   SpringDocConfiguration#propertyCustomizingConverter:
      Did not match:
         - @ConditionalOnBean (types: org.springdoc.core.customizers.PropertyCustomizer; SearchStrategy: all) did not find any beans of type org.springdoc.core.customizers.PropertyCustomizer (OnBeanCondition)

   SpringDocConfiguration#springdocBeanFactoryPostProcessor:
      Did not match:
         - AnyNestedCondition 0 matched 2 did not; NestedCondition on CacheOrGroupedOpenApiCondition.OnCacheDisabled found non-matching nested conditions @ConditionalOnProperty (springdoc.cache.disabled) did not find property 'springdoc.cache.disabled'; NestedCondition on CacheOrGroupedOpenApiCondition.OnMultipleOpenApiSupportCondition AnyNestedCondition 0 matched 2 did not; NestedCondition on MultipleOpenApiSupportCondition.OnActuatorDifferentPort @ConditionalOnProperty (springdoc.show-actuator) did not find property 'springdoc.show-actuator'; NestedCondition on MultipleOpenApiSupportCondition.OnMultipleOpenApiSupportCondition AnyNestedCondition 0 matched 2 did not; NestedCondition on MultipleOpenApiGroupsCondition.OnGroupConfigProperty @ConditionalOnProperty (springdoc.group-configs[0].group) did not find property 'springdoc.group-configs[0].group'; NestedCondition on MultipleOpenApiGroupsCondition.OnGroupedOpenApiBean @ConditionalOnBean (types: org.springdoc.core.models.GroupedOpenApi; SearchStrategy: all) did not find any beans of type org.springdoc.core.models.GroupedOpenApi (CacheOrGroupedOpenApiCondition)
      Matched:
         - @ConditionalOnClass found required class 'org.springframework.boot.context.properties.bind.BindResult' (OnClassCondition)

   SpringDocConfiguration#springdocBeanFactoryPostProcessor2:
      Did not match:
         - @ConditionalOnMissingClass found unwanted class 'org.springframework.boot.context.properties.bind.BindResult' (OnClassCondition)

   SpringDocConfiguration.SpringDocActuatorConfiguration:
      Did not match:
         - @ConditionalOnClass did not find required class 'org.springframework.boot.actuate.autoconfigure.endpoint.web.WebEndpointProperties' (OnClassCondition)

   SpringDocConfiguration.SpringDocRepositoryRestConfiguration:
      Did not match:
         - @ConditionalOnClass did not find required class 'org.springframework.data.rest.core.config.RepositoryRestConfiguration' (OnClassCondition)

   SpringDocDataRestConfiguration:
      Did not match:
         - @ConditionalOnClass did not find required class 'org.springframework.data.rest.core.config.RepositoryRestConfiguration' (OnClassCondition)

   SpringDocFunctionCatalogConfiguration:
      Did not match:
         - @ConditionalOnClass did not find required class 'org.springframework.cloud.function.web.function.FunctionEndpointInitializer' (OnClassCondition)

   SpringDocGroovyConfiguration:
      Did not match:
         - @ConditionalOnClass did not find required class 'groovy.lang.MetaClass' (OnClassCondition)

   SpringDocHateoasConfiguration:
      Did not match:
         - @ConditionalOnClass did not find required class 'org.springframework.hateoas.server.LinkRelationProvider' (OnClassCondition)

   SpringDocJacksonKotlinModuleConfiguration:
      Did not match:
         - @ConditionalOnClass did not find required class 'com.fasterxml.jackson.module.kotlin.KotlinModule' (OnClassCondition)

   SpringDocJavadocConfiguration:
      Did not match:
         - @ConditionalOnClass did not find required class 'com.github.therapi.runtimejavadoc.CommentFormatter' (OnClassCondition)

   SpringDocKotlinConfiguration:
      Did not match:
         - @ConditionalOnClass did not find required class 'kotlin.coroutines.Continuation' (OnClassCondition)

   SpringDocKotlinxConfiguration:
      Did not match:
         - @ConditionalOnClass did not find required class 'kotlinx.coroutines.flow.Flow' (OnClassCondition)

   SpringDocSecurityConfiguration.SpringDocSecurityOAuth2Configuration:
      Did not match:
         - @ConditionalOnClass did not find required class 'org.springframework.security.oauth2.server.authorization.OAuth2AuthorizationService' (OnClassCondition)

   SpringDocSecurityConfiguration.SpringSecurityLoginEndpointConfiguration#springSecurityLoginEndpointCustomiser:
      Did not match:
         - @ConditionalOnProperty (springdoc.show-login-endpoint) did not find property 'springdoc.show-login-endpoint' (OnPropertyCondition)

   SpringDocSortConfiguration#delegatingMethodParameterCustomizer:
      Did not match:
         - @ConditionalOnMissingBean (types: org.springdoc.core.customizers.DelegatingMethodParameterCustomizer; SearchStrategy: all) found beans of type 'org.springdoc.core.customizers.DelegatingMethodParameterCustomizer' delegatingMethodParameterCustomizer (OnBeanCondition)

   SpringDocWebMvcConfiguration.SpringDocWebMvcActuatorConfiguration:
      Did not match:
         - @ConditionalOnClass did not find required class 'org.springframework.boot.actuate.endpoint.web.servlet.WebMvcEndpointHandlerMapping' (OnClassCondition)

   SwaggerConfig#springWebProvider:
      Did not match:
         - @ConditionalOnMissingBean (types: org.springdoc.core.providers.SpringWebProvider; SearchStrategy: all) found beans of type 'org.springdoc.core.providers.SpringWebProvider' springWebProvider (OnBeanCondition)

   SwaggerConfig#swaggerUiConfigParameters:
      Did not match:
         - @ConditionalOnMissingBean (types: org.springdoc.core.properties.SwaggerUiConfigParameters; SearchStrategy: all) found beans of type 'org.springdoc.core.properties.SwaggerUiConfigParameters' org.springdoc.core.properties.SwaggerUiConfigParameters (OnBeanCondition)

   SwaggerConfig#swaggerUiHome:
      Did not match:
         - @ConditionalOnProperty (springdoc.swagger-ui.use-root-path=true) did not find property 'springdoc.swagger-ui.use-root-path' (OnPropertyCondition)

   SwaggerConfig.SwaggerActuatorWelcomeConfiguration:
      Did not match:
         - @ConditionalOnClass did not find required class 'org.springframework.boot.actuate.endpoint.web.servlet.WebMvcEndpointHandlerMapping' (OnClassCondition)

   TaskExecutorConfigurations.SimpleAsyncTaskExecutorBuilderConfiguration#simpleAsyncTaskExecutorBuilderVirtualThreads:
      Did not match:
         - @ConditionalOnMissingBean (types: org.springframework.boot.task.SimpleAsyncTaskExecutorBuilder; SearchStrategy: all) found beans of type 'org.springframework.boot.task.SimpleAsyncTaskExecutorBuilder' simpleAsyncTaskExecutorBuilder (OnBeanCondition)

   TaskExecutorConfigurations.TaskExecutorConfiguration#applicationTaskExecutorVirtualThreads:
      Did not match:
         - @ConditionalOnThreading did not find VIRTUAL (OnThreadingCondition)

   TaskSchedulingAutoConfiguration#scheduledBeanLazyInitializationExcludeFilter:
      Did not match:
         - @ConditionalOnBean (names: org.springframework.context.annotation.internalScheduledAnnotationProcessor; SearchStrategy: all) did not find any beans named org.springframework.context.annotation.internalScheduledAnnotationProcessor (OnBeanCondition)

   TaskSchedulingConfigurations.SimpleAsyncTaskSchedulerBuilderConfiguration#simpleAsyncTaskSchedulerBuilderVirtualThreads:
      Did not match:
         - @ConditionalOnMissingBean (types: org.springframework.boot.task.SimpleAsyncTaskSchedulerBuilder; SearchStrategy: all) found beans of type 'org.springframework.boot.task.SimpleAsyncTaskSchedulerBuilder' simpleAsyncTaskSchedulerBuilder (OnBeanCondition)

   TaskSchedulingConfigurations.TaskSchedulerConfiguration:
      Did not match:
         - @ConditionalOnBean (names: org.springframework.context.annotation.internalScheduledAnnotationProcessor; SearchStrategy: all) did not find any beans named org.springframework.context.annotation.internalScheduledAnnotationProcessor (OnBeanCondition)

   ThymeleafAutoConfiguration:
      Did not match:
         - @ConditionalOnClass did not find required class 'org.thymeleaf.spring6.SpringTemplateEngine' (OnClassCondition)

   TransactionAutoConfiguration#transactionalOperator:
      Did not match:
         - @ConditionalOnSingleCandidate (types: org.springframework.transaction.ReactiveTransactionManager; SearchStrategy: all) did not find any beans (OnBeanCondition)

   TransactionAutoConfiguration.AspectJTransactionManagementConfiguration:
      Did not match:
         - @ConditionalOnBean (types: org.springframework.transaction.aspectj.AbstractTransactionAspect; SearchStrategy: all) did not find any beans of type org.springframework.transaction.aspectj.AbstractTransactionAspect (OnBeanCondition)

   TransactionAutoConfiguration.EnableTransactionManagementConfiguration.JdkDynamicAutoProxyConfiguration:
      Did not match:
         - @ConditionalOnProperty (spring.aop.proxy-target-class=false) did not find property 'proxy-target-class' (OnPropertyCondition)

   UserDetailsServiceAutoConfiguration:
      Did not match:
         - @ConditionalOnMissingBean (types: org.springframework.security.authentication.AuthenticationManager,org.springframework.security.authentication.AuthenticationProvider,org.springframework.security.core.userdetails.UserDetailsService,org.springframework.security.authentication.AuthenticationManagerResolver,org.springframework.security.oauth2.jwt.JwtDecoder; SearchStrategy: all) found beans of type 'org.springframework.security.authentication.AuthenticationManager' authenticationManager and found beans of type 'org.springframework.security.core.userdetails.UserDetailsService' customUserDetailsService (OnBeanCondition)
      Matched:
         - @ConditionalOnClass found required class 'org.springframework.security.authentication.AuthenticationManager' (OnClassCondition)
         - AnyNestedCondition 3 matched 0 did not; NestedCondition on UserDetailsServiceAutoConfiguration.MissingAlternativeOrUserPropertiesConfigured.PasswordConfigured @ConditionalOnProperty (spring.security.user.password) matched; NestedCondition on UserDetailsServiceAutoConfiguration.MissingAlternativeOrUserPropertiesConfigured.NameConfigured @ConditionalOnProperty (spring.security.user.name) matched; NestedCondition on UserDetailsServiceAutoConfiguration.MissingAlternativeOrUserPropertiesConfigured.MissingAlternative @ConditionalOnMissingClass did not find unwanted classes 'org.springframework.security.oauth2.client.registration.ClientRegistrationRepository', 'org.springframework.security.oauth2.server.resource.introspection.OpaqueTokenIntrospector', 'org.springframework.security.saml2.provider.service.registration.RelyingPartyRegistrationRepository' (UserDetailsServiceAutoConfiguration.MissingAlternativeOrUserPropertiesConfigured)

   ValidationAutoConfiguration:
      Did not match:
         - @ConditionalOnResource did not find resource 'classpath:META-INF/services/jakarta.validation.spi.ValidationProvider' (OnResourceCondition)
      Matched:
         - @ConditionalOnClass found required class 'jakarta.validation.executable.ExecutableValidator' (OnClassCondition)

   WebClientAutoConfiguration:
      Did not match:
         - @ConditionalOnClass did not find required class 'org.springframework.web.reactive.function.client.WebClient' (OnClassCondition)

   WebFluxAutoConfiguration:
      Did not match:
         - @ConditionalOnClass did not find required class 'org.springframework.web.reactive.config.WebFluxConfigurer' (OnClassCondition)

   WebMvcAutoConfiguration#hiddenHttpMethodFilter:
      Did not match:
         - @ConditionalOnProperty (spring.mvc.hiddenmethod.filter.enabled) did not find property 'enabled' (OnPropertyCondition)

   WebMvcAutoConfiguration.ProblemDetailsErrorHandlingConfiguration:
      Did not match:
         - @ConditionalOnProperty (spring.mvc.problemdetails.enabled=true) did not find property 'enabled' (OnPropertyCondition)

   WebMvcAutoConfiguration.ResourceChainCustomizerConfiguration:
      Did not match:
         - @ConditionalOnEnabledResourceChain did not find class org.webjars.WebJarAssetLocator (OnEnabledResourceChainCondition)

   WebMvcAutoConfiguration.WebMvcAutoConfigurationAdapter#beanNameViewResolver:
      Did not match:
         - @ConditionalOnMissingBean (types: org.springframework.web.servlet.view.BeanNameViewResolver; SearchStrategy: all) found beans of type 'org.springframework.web.servlet.view.BeanNameViewResolver' beanNameViewResolver (OnBeanCondition)

   WebServiceTemplateAutoConfiguration:
      Did not match:
         - @ConditionalOnClass did not find required class 'org.springframework.ws.client.core.WebServiceTemplate' (OnClassCondition)

   WebServicesAutoConfiguration:
      Did not match:
         - @ConditionalOnClass did not find required class 'org.springframework.ws.transport.http.MessageDispatcherServlet' (OnClassCondition)

   WebSessionIdResolverAutoConfiguration:
      Did not match:
         - @ConditionalOnWebApplication did not find reactive web application classes (OnWebApplicationCondition)

   WebSocketMessagingAutoConfiguration:
      Did not match:
         - @ConditionalOnClass did not find required class 'org.springframework.web.socket.config.annotation.WebSocketMessageBrokerConfigurer' (OnClassCondition)

   WebSocketReactiveAutoConfiguration:
      Did not match:
         - @ConditionalOnWebApplication did not find reactive web application classes (OnWebApplicationCondition)

   WebSocketServletAutoConfiguration.JettyWebSocketConfiguration:
      Did not match:
         - @ConditionalOnClass did not find required class 'org.eclipse.jetty.ee10.websocket.jakarta.server.config.JakartaWebSocketServletContainerInitializer' (OnClassCondition)

   WebSocketServletAutoConfiguration.UndertowWebSocketConfiguration:
      Did not match:
         - @ConditionalOnClass did not find required class 'io.undertow.websockets.jsr.Bootstrap' (OnClassCondition)

   XADataSourceAutoConfiguration:
      Did not match:
         - @ConditionalOnBean (types: org.springframework.boot.jdbc.XADataSourceWrapper; SearchStrategy: all) did not find any beans of type org.springframework.boot.jdbc.XADataSourceWrapper (OnBeanCondition)
      Matched:
         - @ConditionalOnClass found required classes 'javax.sql.DataSource', 'jakarta.transaction.TransactionManager', 'org.springframework.jdbc.datasource.embedded.EmbeddedDatabaseType' (OnClassCondition)


Exclusions:
-----------

    None


Unconditional classes:
----------------------

    org.springframework.boot.autoconfigure.context.ConfigurationPropertiesAutoConfiguration

    org.springframework.boot.autoconfigure.ssl.SslAutoConfiguration

    org.springframework.boot.autoconfigure.context.PropertyPlaceholderAutoConfiguration

    org.springframework.boot.autoconfigure.context.LifecycleAutoConfiguration

    org.springframework.boot.autoconfigure.availability.ApplicationAvailabilityAutoConfiguration

    org.springframework.boot.autoconfigure.info.ProjectInfoAutoConfiguration



2024-06-12T14:28:24.074+03:00 ERROR 12012 --- [URL Shortener] [           main] o.s.boot.SpringApplication               : Application run failed

org.springframework.beans.factory.BeanCreationException: Error creating bean with name 'entityManagerFactory' defined in class path resource [org/springframework/boot/autoconfigure/orm/jpa/HibernateJpaConfiguration.class]: Failed to initialize dependency 'flywayInitializer' of LoadTimeWeaverAware bean 'entityManagerFactory': Error creating bean with name 'flywayInitializer' defined in class path resource [org/springframework/boot/autoconfigure/flyway/FlywayAutoConfiguration$FlywayConfiguration.class]: Unable to obtain connection from database: ��������: ���������� "postgres" �� ������� �������������� �� ��������� ������
------------------------------------------------------------------------------------------------------------------------
SQL State  : 28P01
Error Code : 0
Message    : ��������: ���������� "postgres" �� ������� �������������� �� ��������� ������

	at org.springframework.beans.factory.support.AbstractBeanFactory.doGetBean(AbstractBeanFactory.java:326) ~[spring-beans-6.1.8.jar:6.1.8]
	at org.springframework.beans.factory.support.AbstractBeanFactory.getBean(AbstractBeanFactory.java:205) ~[spring-beans-6.1.8.jar:6.1.8]
	at org.springframework.context.support.AbstractApplicationContext.finishBeanFactoryInitialization(AbstractApplicationContext.java:952) ~[spring-context-6.1.8.jar:6.1.8]
	at org.springframework.context.support.AbstractApplicationContext.refresh(AbstractApplicationContext.java:624) ~[spring-context-6.1.8.jar:6.1.8]
	at org.springframework.boot.SpringApplication.refresh(SpringApplication.java:754) ~[spring-boot-3.3.0.jar:3.3.0]
	at org.springframework.boot.SpringApplication.refreshContext(SpringApplication.java:456) ~[spring-boot-3.3.0.jar:3.3.0]
	at org.springframework.boot.SpringApplication.run(SpringApplication.java:335) ~[spring-boot-3.3.0.jar:3.3.0]
	at org.springframework.boot.test.context.SpringBootContextLoader.lambda$loadContext$3(SpringBootContextLoader.java:137) ~[spring-boot-test-3.3.0.jar:3.3.0]
	at org.springframework.util.function.ThrowingSupplier.get(ThrowingSupplier.java:58) ~[spring-core-6.1.8.jar:6.1.8]
	at org.springframework.util.function.ThrowingSupplier.get(ThrowingSupplier.java:46) ~[spring-core-6.1.8.jar:6.1.8]
	at org.springframework.boot.SpringApplication.withHook(SpringApplication.java:1463) ~[spring-boot-3.3.0.jar:3.3.0]
	at org.springframework.boot.test.context.SpringBootContextLoader$ContextLoaderHook.run(SpringBootContextLoader.java:553) ~[spring-boot-test-3.3.0.jar:3.3.0]
	at org.springframework.boot.test.context.SpringBootContextLoader.loadContext(SpringBootContextLoader.java:137) ~[spring-boot-test-3.3.0.jar:3.3.0]
	at org.springframework.boot.test.context.SpringBootContextLoader.loadContext(SpringBootContextLoader.java:108) ~[spring-boot-test-3.3.0.jar:3.3.0]
	at org.springframework.test.context.cache.DefaultCacheAwareContextLoaderDelegate.loadContextInternal(DefaultCacheAwareContextLoaderDelegate.java:225) ~[spring-test-6.1.8.jar:6.1.8]
	at org.springframework.test.context.cache.DefaultCacheAwareContextLoaderDelegate.loadContext(DefaultCacheAwareContextLoaderDelegate.java:152) ~[spring-test-6.1.8.jar:6.1.8]
	at org.springframework.test.context.support.DefaultTestContext.getApplicationContext(DefaultTestContext.java:130) ~[spring-test-6.1.8.jar:6.1.8]
	at org.springframework.test.context.web.ServletTestExecutionListener.setUpRequestContextIfNecessary(ServletTestExecutionListener.java:191) ~[spring-test-6.1.8.jar:6.1.8]
	at org.springframework.test.context.web.ServletTestExecutionListener.prepareTestInstance(ServletTestExecutionListener.java:130) ~[spring-test-6.1.8.jar:6.1.8]
	at org.springframework.test.context.TestContextManager.prepareTestInstance(TestContextManager.java:260) ~[spring-test-6.1.8.jar:6.1.8]
	at org.springframework.test.context.junit.jupiter.SpringExtension.postProcessTestInstance(SpringExtension.java:163) ~[spring-test-6.1.8.jar:6.1.8]
	at org.junit.jupiter.engine.descriptor.ClassBasedTestDescriptor.lambda$invokeTestInstancePostProcessors$10(ClassBasedTestDescriptor.java:378) ~[junit-jupiter-engine-5.10.2.jar:5.10.2]
	at org.junit.jupiter.engine.descriptor.ClassBasedTestDescriptor.executeAndMaskThrowable(ClassBasedTestDescriptor.java:383) ~[junit-jupiter-engine-5.10.2.jar:5.10.2]
	at org.junit.jupiter.engine.descriptor.ClassBasedTestDescriptor.lambda$invokeTestInstancePostProcessors$11(ClassBasedTestDescriptor.java:378) ~[junit-jupiter-engine-5.10.2.jar:5.10.2]
	at java.base/java.util.stream.ReferencePipeline$3$1.accept(ReferencePipeline.java:197) ~[na:na]
	at java.base/java.util.stream.ReferencePipeline$2$1.accept(ReferencePipeline.java:179) ~[na:na]
	at java.base/java.util.ArrayList$ArrayListSpliterator.forEachRemaining(ArrayList.java:1708) ~[na:na]
	at java.base/java.util.stream.AbstractPipeline.copyInto(AbstractPipeline.java:509) ~[na:na]
	at java.base/java.util.stream.AbstractPipeline.wrapAndCopyInto(AbstractPipeline.java:499) ~[na:na]
	at java.base/java.util.stream.StreamSpliterators$WrappingSpliterator.forEachRemaining(StreamSpliterators.java:310) ~[na:na]
	at java.base/java.util.stream.Streams$ConcatSpliterator.forEachRemaining(Streams.java:735) ~[na:na]
	at java.base/java.util.stream.Streams$ConcatSpliterator.forEachRemaining(Streams.java:734) ~[na:na]
	at java.base/java.util.stream.ReferencePipeline$Head.forEach(ReferencePipeline.java:762) ~[na:na]
	at org.junit.jupiter.engine.descriptor.ClassBasedTestDescriptor.invokeTestInstancePostProcessors(ClassBasedTestDescriptor.java:377) ~[junit-jupiter-engine-5.10.2.jar:5.10.2]
	at org.junit.jupiter.engine.descriptor.ClassBasedTestDescriptor.lambda$instantiateAndPostProcessTestInstance$6(ClassBasedTestDescriptor.java:290) ~[junit-jupiter-engine-5.10.2.jar:5.10.2]
	at org.junit.platform.engine.support.hierarchical.ThrowableCollector.execute(ThrowableCollector.java:73) ~[junit-platform-engine-1.10.2.jar:1.10.2]
	at org.junit.jupiter.engine.descriptor.ClassBasedTestDescriptor.instantiateAndPostProcessTestInstance(ClassBasedTestDescriptor.java:289) ~[junit-jupiter-engine-5.10.2.jar:5.10.2]
	at org.junit.jupiter.engine.descriptor.ClassBasedTestDescriptor.lambda$testInstancesProvider$4(ClassBasedTestDescriptor.java:279) ~[junit-jupiter-engine-5.10.2.jar:5.10.2]
	at java.base/java.util.Optional.orElseGet(Optional.java:364) ~[na:na]
	at org.junit.jupiter.engine.descriptor.ClassBasedTestDescriptor.lambda$testInstancesProvider$5(ClassBasedTestDescriptor.java:278) ~[junit-jupiter-engine-5.10.2.jar:5.10.2]
	at org.junit.jupiter.engine.execution.TestInstancesProvider.getTestInstances(TestInstancesProvider.java:31) ~[junit-jupiter-engine-5.10.2.jar:5.10.2]
	at org.junit.jupiter.engine.descriptor.TestMethodTestDescriptor.lambda$prepare$0(TestMethodTestDescriptor.java:106) ~[junit-jupiter-engine-5.10.2.jar:5.10.2]
	at org.junit.platform.engine.support.hierarchical.ThrowableCollector.execute(ThrowableCollector.java:73) ~[junit-platform-engine-1.10.2.jar:1.10.2]
	at org.junit.jupiter.engine.descriptor.TestMethodTestDescriptor.prepare(TestMethodTestDescriptor.java:105) ~[junit-jupiter-engine-5.10.2.jar:5.10.2]
	at org.junit.jupiter.engine.descriptor.TestMethodTestDescriptor.prepare(TestMethodTestDescriptor.java:69) ~[junit-jupiter-engine-5.10.2.jar:5.10.2]
	at org.junit.platform.engine.support.hierarchical.NodeTestTask.lambda$prepare$2(NodeTestTask.java:123) ~[junit-platform-engine-1.10.2.jar:1.10.2]
	at org.junit.platform.engine.support.hierarchical.ThrowableCollector.execute(ThrowableCollector.java:73) ~[junit-platform-engine-1.10.2.jar:1.10.2]
	at org.junit.platform.engine.support.hierarchical.NodeTestTask.prepare(NodeTestTask.java:123) ~[junit-platform-engine-1.10.2.jar:1.10.2]
	at org.junit.platform.engine.support.hierarchical.NodeTestTask.execute(NodeTestTask.java:90) ~[junit-platform-engine-1.10.2.jar:1.10.2]
	at java.base/java.util.ArrayList.forEach(ArrayList.java:1596) ~[na:na]
	at org.junit.platform.engine.support.hierarchical.SameThreadHierarchicalTestExecutorService.invokeAll(SameThreadHierarchicalTestExecutorService.java:41) ~[junit-platform-engine-1.10.2.jar:1.10.2]
	at org.junit.platform.engine.support.hierarchical.NodeTestTask.lambda$executeRecursively$6(NodeTestTask.java:155) ~[junit-platform-engine-1.10.2.jar:1.10.2]
	at org.junit.platform.engine.support.hierarchical.ThrowableCollector.execute(ThrowableCollector.java:73) ~[junit-platform-engine-1.10.2.jar:1.10.2]
	at org.junit.platform.engine.support.hierarchical.NodeTestTask.lambda$executeRecursively$8(NodeTestTask.java:141) ~[junit-platform-engine-1.10.2.jar:1.10.2]
	at org.junit.platform.engine.support.hierarchical.Node.around(Node.java:137) ~[junit-platform-engine-1.10.2.jar:1.10.2]
	at org.junit.platform.engine.support.hierarchical.NodeTestTask.lambda$executeRecursively$9(NodeTestTask.java:139) ~[junit-platform-engine-1.10.2.jar:1.10.2]
	at org.junit.platform.engine.support.hierarchical.ThrowableCollector.execute(ThrowableCollector.java:73) ~[junit-platform-engine-1.10.2.jar:1.10.2]
	at org.junit.platform.engine.support.hierarchical.NodeTestTask.executeRecursively(NodeTestTask.java:138) ~[junit-platform-engine-1.10.2.jar:1.10.2]
	at org.junit.platform.engine.support.hierarchical.NodeTestTask.execute(NodeTestTask.java:95) ~[junit-platform-engine-1.10.2.jar:1.10.2]
	at java.base/java.util.ArrayList.forEach(ArrayList.java:1596) ~[na:na]
	at org.junit.platform.engine.support.hierarchical.SameThreadHierarchicalTestExecutorService.invokeAll(SameThreadHierarchicalTestExecutorService.java:41) ~[junit-platform-engine-1.10.2.jar:1.10.2]
	at org.junit.platform.engine.support.hierarchical.NodeTestTask.lambda$executeRecursively$6(NodeTestTask.java:155) ~[junit-platform-engine-1.10.2.jar:1.10.2]
	at org.junit.platform.engine.support.hierarchical.ThrowableCollector.execute(ThrowableCollector.java:73) ~[junit-platform-engine-1.10.2.jar:1.10.2]
	at org.junit.platform.engine.support.hierarchical.NodeTestTask.lambda$executeRecursively$8(NodeTestTask.java:141) ~[junit-platform-engine-1.10.2.jar:1.10.2]
	at org.junit.platform.engine.support.hierarchical.Node.around(Node.java:137) ~[junit-platform-engine-1.10.2.jar:1.10.2]
	at org.junit.platform.engine.support.hierarchical.NodeTestTask.lambda$executeRecursively$9(NodeTestTask.java:139) ~[junit-platform-engine-1.10.2.jar:1.10.2]
	at org.junit.platform.engine.support.hierarchical.ThrowableCollector.execute(ThrowableCollector.java:73) ~[junit-platform-engine-1.10.2.jar:1.10.2]
	at org.junit.platform.engine.support.hierarchical.NodeTestTask.executeRecursively(NodeTestTask.java:138) ~[junit-platform-engine-1.10.2.jar:1.10.2]
	at org.junit.platform.engine.support.hierarchical.NodeTestTask.execute(NodeTestTask.java:95) ~[junit-platform-engine-1.10.2.jar:1.10.2]
	at org.junit.platform.engine.support.hierarchical.SameThreadHierarchicalTestExecutorService.submit(SameThreadHierarchicalTestExecutorService.java:35) ~[junit-platform-engine-1.10.2.jar:1.10.2]
	at org.junit.platform.engine.support.hierarchical.HierarchicalTestExecutor.execute(HierarchicalTestExecutor.java:57) ~[junit-platform-engine-1.10.2.jar:1.10.2]
	at org.junit.platform.engine.support.hierarchical.HierarchicalTestEngine.execute(HierarchicalTestEngine.java:54) ~[junit-platform-engine-1.10.2.jar:1.10.2]
	at org.junit.platform.launcher.core.EngineExecutionOrchestrator.execute(EngineExecutionOrchestrator.java:198) ~[junit-platform-launcher-1.10.2.jar:1.10.2]
	at org.junit.platform.launcher.core.EngineExecutionOrchestrator.execute(EngineExecutionOrchestrator.java:169) ~[junit-platform-launcher-1.10.2.jar:1.10.2]
	at org.junit.platform.launcher.core.EngineExecutionOrchestrator.execute(EngineExecutionOrchestrator.java:93) ~[junit-platform-launcher-1.10.2.jar:1.10.2]
	at org.junit.platform.launcher.core.EngineExecutionOrchestrator.lambda$execute$0(EngineExecutionOrchestrator.java:58) ~[junit-platform-launcher-1.10.2.jar:1.10.2]
	at org.junit.platform.launcher.core.EngineExecutionOrchestrator.withInterceptedStreams(EngineExecutionOrchestrator.java:141) ~[junit-platform-launcher-1.10.2.jar:1.10.2]
	at org.junit.platform.launcher.core.EngineExecutionOrchestrator.execute(EngineExecutionOrchestrator.java:57) ~[junit-platform-launcher-1.10.2.jar:1.10.2]
	at org.junit.platform.launcher.core.DefaultLauncher.execute(DefaultLauncher.java:103) ~[junit-platform-launcher-1.10.2.jar:1.10.2]
	at org.junit.platform.launcher.core.DefaultLauncher.execute(DefaultLauncher.java:85) ~[junit-platform-launcher-1.10.2.jar:1.10.2]
	at org.junit.platform.launcher.core.DelegatingLauncher.execute(DelegatingLauncher.java:47) ~[junit-platform-launcher-1.10.2.jar:1.10.2]
	at org.apache.maven.surefire.junitplatform.LazyLauncher.execute(LazyLauncher.java:56) ~[surefire-junit-platform-3.2.5.jar:3.2.5]
	at org.apache.maven.surefire.junitplatform.JUnitPlatformProvider.execute(JUnitPlatformProvider.java:184) ~[surefire-junit-platform-3.2.5.jar:3.2.5]
	at org.apache.maven.surefire.junitplatform.JUnitPlatformProvider.invokeAllTests(JUnitPlatformProvider.java:148) ~[surefire-junit-platform-3.2.5.jar:3.2.5]
	at org.apache.maven.surefire.junitplatform.JUnitPlatformProvider.invoke(JUnitPlatformProvider.java:122) ~[surefire-junit-platform-3.2.5.jar:3.2.5]
	at org.apache.maven.surefire.booter.ForkedBooter.runSuitesInProcess(ForkedBooter.java:385) ~[surefire-booter-3.2.5.jar:3.2.5]
	at org.apache.maven.surefire.booter.ForkedBooter.execute(ForkedBooter.java:162) ~[surefire-booter-3.2.5.jar:3.2.5]
	at org.apache.maven.surefire.booter.ForkedBooter.run(ForkedBooter.java:507) ~[surefire-booter-3.2.5.jar:3.2.5]
	at org.apache.maven.surefire.booter.ForkedBooter.main(ForkedBooter.java:495) ~[surefire-booter-3.2.5.jar:3.2.5]
Caused by: org.springframework.beans.factory.BeanCreationException: Error creating bean with name 'flywayInitializer' defined in class path resource [org/springframework/boot/autoconfigure/flyway/FlywayAutoConfiguration$FlywayConfiguration.class]: Unable to obtain connection from database: ��������: ���������� "postgres" �� ������� �������������� �� ��������� ������
------------------------------------------------------------------------------------------------------------------------
SQL State  : 28P01
Error Code : 0
Message    : ��������: ���������� "postgres" �� ������� �������������� �� ��������� ������

	at org.springframework.beans.factory.support.AbstractAutowireCapableBeanFactory.initializeBean(AbstractAutowireCapableBeanFactory.java:1788) ~[spring-beans-6.1.8.jar:6.1.8]
	at org.springframework.beans.factory.support.AbstractAutowireCapableBeanFactory.doCreateBean(AbstractAutowireCapableBeanFactory.java:600) ~[spring-beans-6.1.8.jar:6.1.8]
	at org.springframework.beans.factory.support.AbstractAutowireCapableBeanFactory.createBean(AbstractAutowireCapableBeanFactory.java:522) ~[spring-beans-6.1.8.jar:6.1.8]
	at org.springframework.beans.factory.support.AbstractBeanFactory.lambda$doGetBean$0(AbstractBeanFactory.java:337) ~[spring-beans-6.1.8.jar:6.1.8]
	at org.springframework.beans.factory.support.DefaultSingletonBeanRegistry.getSingleton(DefaultSingletonBeanRegistry.java:234) ~[spring-beans-6.1.8.jar:6.1.8]
	at org.springframework.beans.factory.support.AbstractBeanFactory.doGetBean(AbstractBeanFactory.java:335) ~[spring-beans-6.1.8.jar:6.1.8]
	at org.springframework.beans.factory.support.AbstractBeanFactory.getBean(AbstractBeanFactory.java:200) ~[spring-beans-6.1.8.jar:6.1.8]
	at org.springframework.beans.factory.support.AbstractBeanFactory.doGetBean(AbstractBeanFactory.java:313) ~[spring-beans-6.1.8.jar:6.1.8]
	... 88 common frames omitted
Caused by: org.flywaydb.core.internal.exception.FlywaySqlException: Unable to obtain connection from database: ��������: ���������� "postgres" �� ������� �������������� �� ��������� ������
------------------------------------------------------------------------------------------------------------------------
SQL State  : 28P01
Error Code : 0
Message    : ��������: ���������� "postgres" �� ������� �������������� �� ��������� ������

	at org.flywaydb.core.internal.jdbc.JdbcUtils.openConnection(JdbcUtils.java:60) ~[flyway-core-10.10.0.jar:na]
	at org.flywaydb.core.internal.jdbc.JdbcConnectionFactory.<init>(JdbcConnectionFactory.java:72) ~[flyway-core-10.10.0.jar:na]
	at org.flywaydb.core.FlywayExecutor.execute(FlywayExecutor.java:134) ~[flyway-core-10.10.0.jar:na]
	at org.flywaydb.core.Flyway.migrate(Flyway.java:147) ~[flyway-core-10.10.0.jar:na]
	at org.springframework.boot.autoconfigure.flyway.FlywayMigrationInitializer.afterPropertiesSet(FlywayMigrationInitializer.java:66) ~[spring-boot-autoconfigure-3.3.0.jar:3.3.0]
	at org.springframework.beans.factory.support.AbstractAutowireCapableBeanFactory.invokeInitMethods(AbstractAutowireCapableBeanFactory.java:1835) ~[spring-beans-6.1.8.jar:6.1.8]
	at org.springframework.beans.factory.support.AbstractAutowireCapableBeanFactory.initializeBean(AbstractAutowireCapableBeanFactory.java:1784) ~[spring-beans-6.1.8.jar:6.1.8]
	... 95 common frames omitted
Caused by: org.postgresql.util.PSQLException: ��������: ���������� "postgres" �� ������� �������������� �� ��������� ������
	at org.postgresql.core.v3.ConnectionFactoryImpl.doAuthentication(ConnectionFactoryImpl.java:698) ~[postgresql-42.7.3.jar:42.7.3]
	at org.postgresql.core.v3.ConnectionFactoryImpl.tryConnect(ConnectionFactoryImpl.java:207) ~[postgresql-42.7.3.jar:42.7.3]
	at org.postgresql.core.v3.ConnectionFactoryImpl.openConnectionImpl(ConnectionFactoryImpl.java:262) ~[postgresql-42.7.3.jar:42.7.3]
	at org.postgresql.core.ConnectionFactory.openConnection(ConnectionFactory.java:54) ~[postgresql-42.7.3.jar:42.7.3]
	at org.postgresql.jdbc.PgConnection.<init>(PgConnection.java:273) ~[postgresql-42.7.3.jar:42.7.3]
	at org.postgresql.Driver.makeConnection(Driver.java:446) ~[postgresql-42.7.3.jar:42.7.3]
	at org.postgresql.Driver.connect(Driver.java:298) ~[postgresql-42.7.3.jar:42.7.3]
	at org.springframework.jdbc.datasource.SimpleDriverDataSource.getConnectionFromDriver(SimpleDriverDataSource.java:144) ~[spring-jdbc-6.1.8.jar:6.1.8]
	at org.springframework.jdbc.datasource.AbstractDriverBasedDataSource.getConnectionFromDriver(AbstractDriverBasedDataSource.java:205) ~[spring-jdbc-6.1.8.jar:6.1.8]
	at org.springframework.jdbc.datasource.AbstractDriverBasedDataSource.getConnection(AbstractDriverBasedDataSource.java:169) ~[spring-jdbc-6.1.8.jar:6.1.8]
	at org.flywaydb.core.internal.jdbc.JdbcUtils.openConnection(JdbcUtils.java:48) ~[flyway-core-10.10.0.jar:na]
	... 101 common frames omitted

2024-06-12T14:28:24.080+03:00 DEBUG 12012 --- [URL Shortener] [           main] org.springframework.test.context.cache   : Spring test ApplicationContext cache statistics: [DefaultContextCache@6bf0f70a size = 0, maxSize = 32, parentContextCount = 0, hitCount = 0, missCount = 2, failureCount = 2]
2024-06-12T14:28:24.081+03:00  WARN 12012 --- [URL Shortener] [           main] o.s.test.context.TestContextManager      : Caught exception while allowing TestExecutionListener [org.springframework.test.context.web.ServletTestExecutionListener] to prepare test instance [com.example.url_profile.UrlProfileMapperTest@4b552b13]

java.lang.IllegalStateException: Failed to load ApplicationContext for [WebMergedContextConfiguration@1ba98508 testClass = com.example.url_profile.UrlProfileMapperTest, locations = [], classes = [com.example.UrlShortenerApplication], contextInitializerClasses = [], activeProfiles = [], propertySourceDescriptors = [], propertySourceProperties = ["org.springframework.boot.test.context.SpringBootTestContextBootstrapper=true"], contextCustomizers = [org.springframework.boot.test.context.filter.ExcludeFilterContextCustomizer@1187c9e8, org.springframework.boot.test.json.DuplicateJsonObjectContextCustomizerFactory$DuplicateJsonObjectContextCustomizer@16aa8654, org.springframework.boot.test.mock.mockito.MockitoContextCustomizer@0, org.springframework.boot.test.web.client.TestRestTemplateContextCustomizer@7c51f34b, org.springframework.boot.test.autoconfigure.actuate.observability.ObservabilityContextCustomizerFactory$DisableObservabilityContextCustomizer@1f, org.springframework.boot.test.autoconfigure.properties.PropertyMappingContextCustomizer@0, org.springframework.boot.test.autoconfigure.web.servlet.WebDriverContextCustomizer@4e31276e, org.springframework.test.context.support.DynamicPropertiesContextCustomizer@889abab5, org.springframework.boot.test.context.SpringBootTestAnnotation@bd271ef8], resourceBasePath = "src/main/webapp", contextLoader = org.springframework.boot.test.context.SpringBootContextLoader, parent = null]
	at org.springframework.test.context.cache.DefaultCacheAwareContextLoaderDelegate.loadContext(DefaultCacheAwareContextLoaderDelegate.java:180) ~[spring-test-6.1.8.jar:6.1.8]
	at org.springframework.test.context.support.DefaultTestContext.getApplicationContext(DefaultTestContext.java:130) ~[spring-test-6.1.8.jar:6.1.8]
	at org.springframework.test.context.web.ServletTestExecutionListener.setUpRequestContextIfNecessary(ServletTestExecutionListener.java:191) ~[spring-test-6.1.8.jar:6.1.8]
	at org.springframework.test.context.web.ServletTestExecutionListener.prepareTestInstance(ServletTestExecutionListener.java:130) ~[spring-test-6.1.8.jar:6.1.8]
	at org.springframework.test.context.TestContextManager.prepareTestInstance(TestContextManager.java:260) ~[spring-test-6.1.8.jar:6.1.8]
	at org.springframework.test.context.junit.jupiter.SpringExtension.postProcessTestInstance(SpringExtension.java:163) ~[spring-test-6.1.8.jar:6.1.8]
	at org.junit.jupiter.engine.descriptor.ClassBasedTestDescriptor.lambda$invokeTestInstancePostProcessors$10(ClassBasedTestDescriptor.java:378) ~[junit-jupiter-engine-5.10.2.jar:5.10.2]
	at org.junit.jupiter.engine.descriptor.ClassBasedTestDescriptor.executeAndMaskThrowable(ClassBasedTestDescriptor.java:383) ~[junit-jupiter-engine-5.10.2.jar:5.10.2]
	at org.junit.jupiter.engine.descriptor.ClassBasedTestDescriptor.lambda$invokeTestInstancePostProcessors$11(ClassBasedTestDescriptor.java:378) ~[junit-jupiter-engine-5.10.2.jar:5.10.2]
	at java.base/java.util.stream.ReferencePipeline$3$1.accept(ReferencePipeline.java:197) ~[na:na]
	at java.base/java.util.stream.ReferencePipeline$2$1.accept(ReferencePipeline.java:179) ~[na:na]
	at java.base/java.util.ArrayList$ArrayListSpliterator.forEachRemaining(ArrayList.java:1708) ~[na:na]
	at java.base/java.util.stream.AbstractPipeline.copyInto(AbstractPipeline.java:509) ~[na:na]
	at java.base/java.util.stream.AbstractPipeline.wrapAndCopyInto(AbstractPipeline.java:499) ~[na:na]
	at java.base/java.util.stream.StreamSpliterators$WrappingSpliterator.forEachRemaining(StreamSpliterators.java:310) ~[na:na]
	at java.base/java.util.stream.Streams$ConcatSpliterator.forEachRemaining(Streams.java:735) ~[na:na]
	at java.base/java.util.stream.Streams$ConcatSpliterator.forEachRemaining(Streams.java:734) ~[na:na]
	at java.base/java.util.stream.ReferencePipeline$Head.forEach(ReferencePipeline.java:762) ~[na:na]
	at org.junit.jupiter.engine.descriptor.ClassBasedTestDescriptor.invokeTestInstancePostProcessors(ClassBasedTestDescriptor.java:377) ~[junit-jupiter-engine-5.10.2.jar:5.10.2]
	at org.junit.jupiter.engine.descriptor.ClassBasedTestDescriptor.lambda$instantiateAndPostProcessTestInstance$6(ClassBasedTestDescriptor.java:290) ~[junit-jupiter-engine-5.10.2.jar:5.10.2]
	at org.junit.platform.engine.support.hierarchical.ThrowableCollector.execute(ThrowableCollector.java:73) ~[junit-platform-engine-1.10.2.jar:1.10.2]
	at org.junit.jupiter.engine.descriptor.ClassBasedTestDescriptor.instantiateAndPostProcessTestInstance(ClassBasedTestDescriptor.java:289) ~[junit-jupiter-engine-5.10.2.jar:5.10.2]
	at org.junit.jupiter.engine.descriptor.ClassBasedTestDescriptor.lambda$testInstancesProvider$4(ClassBasedTestDescriptor.java:279) ~[junit-jupiter-engine-5.10.2.jar:5.10.2]
	at java.base/java.util.Optional.orElseGet(Optional.java:364) ~[na:na]
	at org.junit.jupiter.engine.descriptor.ClassBasedTestDescriptor.lambda$testInstancesProvider$5(ClassBasedTestDescriptor.java:278) ~[junit-jupiter-engine-5.10.2.jar:5.10.2]
	at org.junit.jupiter.engine.execution.TestInstancesProvider.getTestInstances(TestInstancesProvider.java:31) ~[junit-jupiter-engine-5.10.2.jar:5.10.2]
	at org.junit.jupiter.engine.descriptor.TestMethodTestDescriptor.lambda$prepare$0(TestMethodTestDescriptor.java:106) ~[junit-jupiter-engine-5.10.2.jar:5.10.2]
	at org.junit.platform.engine.support.hierarchical.ThrowableCollector.execute(ThrowableCollector.java:73) ~[junit-platform-engine-1.10.2.jar:1.10.2]
	at org.junit.jupiter.engine.descriptor.TestMethodTestDescriptor.prepare(TestMethodTestDescriptor.java:105) ~[junit-jupiter-engine-5.10.2.jar:5.10.2]
	at org.junit.jupiter.engine.descriptor.TestMethodTestDescriptor.prepare(TestMethodTestDescriptor.java:69) ~[junit-jupiter-engine-5.10.2.jar:5.10.2]
	at org.junit.platform.engine.support.hierarchical.NodeTestTask.lambda$prepare$2(NodeTestTask.java:123) ~[junit-platform-engine-1.10.2.jar:1.10.2]
	at org.junit.platform.engine.support.hierarchical.ThrowableCollector.execute(ThrowableCollector.java:73) ~[junit-platform-engine-1.10.2.jar:1.10.2]
	at org.junit.platform.engine.support.hierarchical.NodeTestTask.prepare(NodeTestTask.java:123) ~[junit-platform-engine-1.10.2.jar:1.10.2]
	at org.junit.platform.engine.support.hierarchical.NodeTestTask.execute(NodeTestTask.java:90) ~[junit-platform-engine-1.10.2.jar:1.10.2]
	at java.base/java.util.ArrayList.forEach(ArrayList.java:1596) ~[na:na]
	at org.junit.platform.engine.support.hierarchical.SameThreadHierarchicalTestExecutorService.invokeAll(SameThreadHierarchicalTestExecutorService.java:41) ~[junit-platform-engine-1.10.2.jar:1.10.2]
	at org.junit.platform.engine.support.hierarchical.NodeTestTask.lambda$executeRecursively$6(NodeTestTask.java:155) ~[junit-platform-engine-1.10.2.jar:1.10.2]
	at org.junit.platform.engine.support.hierarchical.ThrowableCollector.execute(ThrowableCollector.java:73) ~[junit-platform-engine-1.10.2.jar:1.10.2]
	at org.junit.platform.engine.support.hierarchical.NodeTestTask.lambda$executeRecursively$8(NodeTestTask.java:141) ~[junit-platform-engine-1.10.2.jar:1.10.2]
	at org.junit.platform.engine.support.hierarchical.Node.around(Node.java:137) ~[junit-platform-engine-1.10.2.jar:1.10.2]
	at org.junit.platform.engine.support.hierarchical.NodeTestTask.lambda$executeRecursively$9(NodeTestTask.java:139) ~[junit-platform-engine-1.10.2.jar:1.10.2]
	at org.junit.platform.engine.support.hierarchical.ThrowableCollector.execute(ThrowableCollector.java:73) ~[junit-platform-engine-1.10.2.jar:1.10.2]
	at org.junit.platform.engine.support.hierarchical.NodeTestTask.executeRecursively(NodeTestTask.java:138) ~[junit-platform-engine-1.10.2.jar:1.10.2]
	at org.junit.platform.engine.support.hierarchical.NodeTestTask.execute(NodeTestTask.java:95) ~[junit-platform-engine-1.10.2.jar:1.10.2]
	at java.base/java.util.ArrayList.forEach(ArrayList.java:1596) ~[na:na]
	at org.junit.platform.engine.support.hierarchical.SameThreadHierarchicalTestExecutorService.invokeAll(SameThreadHierarchicalTestExecutorService.java:41) ~[junit-platform-engine-1.10.2.jar:1.10.2]
	at org.junit.platform.engine.support.hierarchical.NodeTestTask.lambda$executeRecursively$6(NodeTestTask.java:155) ~[junit-platform-engine-1.10.2.jar:1.10.2]
	at org.junit.platform.engine.support.hierarchical.ThrowableCollector.execute(ThrowableCollector.java:73) ~[junit-platform-engine-1.10.2.jar:1.10.2]
	at org.junit.platform.engine.support.hierarchical.NodeTestTask.lambda$executeRecursively$8(NodeTestTask.java:141) ~[junit-platform-engine-1.10.2.jar:1.10.2]
	at org.junit.platform.engine.support.hierarchical.Node.around(Node.java:137) ~[junit-platform-engine-1.10.2.jar:1.10.2]
	at org.junit.platform.engine.support.hierarchical.NodeTestTask.lambda$executeRecursively$9(NodeTestTask.java:139) ~[junit-platform-engine-1.10.2.jar:1.10.2]
	at org.junit.platform.engine.support.hierarchical.ThrowableCollector.execute(ThrowableCollector.java:73) ~[junit-platform-engine-1.10.2.jar:1.10.2]
	at org.junit.platform.engine.support.hierarchical.NodeTestTask.executeRecursively(NodeTestTask.java:138) ~[junit-platform-engine-1.10.2.jar:1.10.2]
	at org.junit.platform.engine.support.hierarchical.NodeTestTask.execute(NodeTestTask.java:95) ~[junit-platform-engine-1.10.2.jar:1.10.2]
	at org.junit.platform.engine.support.hierarchical.SameThreadHierarchicalTestExecutorService.submit(SameThreadHierarchicalTestExecutorService.java:35) ~[junit-platform-engine-1.10.2.jar:1.10.2]
	at org.junit.platform.engine.support.hierarchical.HierarchicalTestExecutor.execute(HierarchicalTestExecutor.java:57) ~[junit-platform-engine-1.10.2.jar:1.10.2]
	at org.junit.platform.engine.support.hierarchical.HierarchicalTestEngine.execute(HierarchicalTestEngine.java:54) ~[junit-platform-engine-1.10.2.jar:1.10.2]
	at org.junit.platform.launcher.core.EngineExecutionOrchestrator.execute(EngineExecutionOrchestrator.java:198) ~[junit-platform-launcher-1.10.2.jar:1.10.2]
	at org.junit.platform.launcher.core.EngineExecutionOrchestrator.execute(EngineExecutionOrchestrator.java:169) ~[junit-platform-launcher-1.10.2.jar:1.10.2]
	at org.junit.platform.launcher.core.EngineExecutionOrchestrator.execute(EngineExecutionOrchestrator.java:93) ~[junit-platform-launcher-1.10.2.jar:1.10.2]
	at org.junit.platform.launcher.core.EngineExecutionOrchestrator.lambda$execute$0(EngineExecutionOrchestrator.java:58) ~[junit-platform-launcher-1.10.2.jar:1.10.2]
	at org.junit.platform.launcher.core.EngineExecutionOrchestrator.withInterceptedStreams(EngineExecutionOrchestrator.java:141) ~[junit-platform-launcher-1.10.2.jar:1.10.2]
	at org.junit.platform.launcher.core.EngineExecutionOrchestrator.execute(EngineExecutionOrchestrator.java:57) ~[junit-platform-launcher-1.10.2.jar:1.10.2]
	at org.junit.platform.launcher.core.DefaultLauncher.execute(DefaultLauncher.java:103) ~[junit-platform-launcher-1.10.2.jar:1.10.2]
	at org.junit.platform.launcher.core.DefaultLauncher.execute(DefaultLauncher.java:85) ~[junit-platform-launcher-1.10.2.jar:1.10.2]
	at org.junit.platform.launcher.core.DelegatingLauncher.execute(DelegatingLauncher.java:47) ~[junit-platform-launcher-1.10.2.jar:1.10.2]
	at org.apache.maven.surefire.junitplatform.LazyLauncher.execute(LazyLauncher.java:56) ~[surefire-junit-platform-3.2.5.jar:3.2.5]
	at org.apache.maven.surefire.junitplatform.JUnitPlatformProvider.execute(JUnitPlatformProvider.java:184) ~[surefire-junit-platform-3.2.5.jar:3.2.5]
	at org.apache.maven.surefire.junitplatform.JUnitPlatformProvider.invokeAllTests(JUnitPlatformProvider.java:148) ~[surefire-junit-platform-3.2.5.jar:3.2.5]
	at org.apache.maven.surefire.junitplatform.JUnitPlatformProvider.invoke(JUnitPlatformProvider.java:122) ~[surefire-junit-platform-3.2.5.jar:3.2.5]
	at org.apache.maven.surefire.booter.ForkedBooter.runSuitesInProcess(ForkedBooter.java:385) ~[surefire-booter-3.2.5.jar:3.2.5]
	at org.apache.maven.surefire.booter.ForkedBooter.execute(ForkedBooter.java:162) ~[surefire-booter-3.2.5.jar:3.2.5]
	at org.apache.maven.surefire.booter.ForkedBooter.run(ForkedBooter.java:507) ~[surefire-booter-3.2.5.jar:3.2.5]
	at org.apache.maven.surefire.booter.ForkedBooter.main(ForkedBooter.java:495) ~[surefire-booter-3.2.5.jar:3.2.5]
Caused by: org.springframework.beans.factory.BeanCreationException: Error creating bean with name 'entityManagerFactory' defined in class path resource [org/springframework/boot/autoconfigure/orm/jpa/HibernateJpaConfiguration.class]: Failed to initialize dependency 'flywayInitializer' of LoadTimeWeaverAware bean 'entityManagerFactory': Error creating bean with name 'flywayInitializer' defined in class path resource [org/springframework/boot/autoconfigure/flyway/FlywayAutoConfiguration$FlywayConfiguration.class]: Unable to obtain connection from database: ��������: ���������� "postgres" �� ������� �������������� �� ��������� ������
------------------------------------------------------------------------------------------------------------------------
SQL State  : 28P01
Error Code : 0
Message    : ��������: ���������� "postgres" �� ������� �������������� �� ��������� ������

	at org.springframework.beans.factory.support.AbstractBeanFactory.doGetBean(AbstractBeanFactory.java:326) ~[spring-beans-6.1.8.jar:6.1.8]
	at org.springframework.beans.factory.support.AbstractBeanFactory.getBean(AbstractBeanFactory.java:205) ~[spring-beans-6.1.8.jar:6.1.8]
	at org.springframework.context.support.AbstractApplicationContext.finishBeanFactoryInitialization(AbstractApplicationContext.java:952) ~[spring-context-6.1.8.jar:6.1.8]
	at org.springframework.context.support.AbstractApplicationContext.refresh(AbstractApplicationContext.java:624) ~[spring-context-6.1.8.jar:6.1.8]
	at org.springframework.boot.SpringApplication.refresh(SpringApplication.java:754) ~[spring-boot-3.3.0.jar:3.3.0]
	at org.springframework.boot.SpringApplication.refreshContext(SpringApplication.java:456) ~[spring-boot-3.3.0.jar:3.3.0]
	at org.springframework.boot.SpringApplication.run(SpringApplication.java:335) ~[spring-boot-3.3.0.jar:3.3.0]
	at org.springframework.boot.test.context.SpringBootContextLoader.lambda$loadContext$3(SpringBootContextLoader.java:137) ~[spring-boot-test-3.3.0.jar:3.3.0]
	at org.springframework.util.function.ThrowingSupplier.get(ThrowingSupplier.java:58) ~[spring-core-6.1.8.jar:6.1.8]
	at org.springframework.util.function.ThrowingSupplier.get(ThrowingSupplier.java:46) ~[spring-core-6.1.8.jar:6.1.8]
	at org.springframework.boot.SpringApplication.withHook(SpringApplication.java:1463) ~[spring-boot-3.3.0.jar:3.3.0]
	at org.springframework.boot.test.context.SpringBootContextLoader$ContextLoaderHook.run(SpringBootContextLoader.java:553) ~[spring-boot-test-3.3.0.jar:3.3.0]
	at org.springframework.boot.test.context.SpringBootContextLoader.loadContext(SpringBootContextLoader.java:137) ~[spring-boot-test-3.3.0.jar:3.3.0]
	at org.springframework.boot.test.context.SpringBootContextLoader.loadContext(SpringBootContextLoader.java:108) ~[spring-boot-test-3.3.0.jar:3.3.0]
	at org.springframework.test.context.cache.DefaultCacheAwareContextLoaderDelegate.loadContextInternal(DefaultCacheAwareContextLoaderDelegate.java:225) ~[spring-test-6.1.8.jar:6.1.8]
	at org.springframework.test.context.cache.DefaultCacheAwareContextLoaderDelegate.loadContext(DefaultCacheAwareContextLoaderDelegate.java:152) ~[spring-test-6.1.8.jar:6.1.8]
	... 73 common frames omitted
Caused by: org.springframework.beans.factory.BeanCreationException: Error creating bean with name 'flywayInitializer' defined in class path resource [org/springframework/boot/autoconfigure/flyway/FlywayAutoConfiguration$FlywayConfiguration.class]: Unable to obtain connection from database: ��������: ���������� "postgres" �� ������� �������������� �� ��������� ������
------------------------------------------------------------------------------------------------------------------------
SQL State  : 28P01
Error Code : 0
Message    : ��������: ���������� "postgres" �� ������� �������������� �� ��������� ������

	at org.springframework.beans.factory.support.AbstractAutowireCapableBeanFactory.initializeBean(AbstractAutowireCapableBeanFactory.java:1788) ~[spring-beans-6.1.8.jar:6.1.8]
	at org.springframework.beans.factory.support.AbstractAutowireCapableBeanFactory.doCreateBean(AbstractAutowireCapableBeanFactory.java:600) ~[spring-beans-6.1.8.jar:6.1.8]
	at org.springframework.beans.factory.support.AbstractAutowireCapableBeanFactory.createBean(AbstractAutowireCapableBeanFactory.java:522) ~[spring-beans-6.1.8.jar:6.1.8]
	at org.springframework.beans.factory.support.AbstractBeanFactory.lambda$doGetBean$0(AbstractBeanFactory.java:337) ~[spring-beans-6.1.8.jar:6.1.8]
	at org.springframework.beans.factory.support.DefaultSingletonBeanRegistry.getSingleton(DefaultSingletonBeanRegistry.java:234) ~[spring-beans-6.1.8.jar:6.1.8]
	at org.springframework.beans.factory.support.AbstractBeanFactory.doGetBean(AbstractBeanFactory.java:335) ~[spring-beans-6.1.8.jar:6.1.8]
	at org.springframework.beans.factory.support.AbstractBeanFactory.getBean(AbstractBeanFactory.java:200) ~[spring-beans-6.1.8.jar:6.1.8]
	at org.springframework.beans.factory.support.AbstractBeanFactory.doGetBean(AbstractBeanFactory.java:313) ~[spring-beans-6.1.8.jar:6.1.8]
	... 88 common frames omitted
Caused by: org.flywaydb.core.internal.exception.FlywaySqlException: Unable to obtain connection from database: ��������: ���������� "postgres" �� ������� �������������� �� ��������� ������
------------------------------------------------------------------------------------------------------------------------
SQL State  : 28P01
Error Code : 0
Message    : ��������: ���������� "postgres" �� ������� �������������� �� ��������� ������

	at org.flywaydb.core.internal.jdbc.JdbcUtils.openConnection(JdbcUtils.java:60) ~[flyway-core-10.10.0.jar:na]
	at org.flywaydb.core.internal.jdbc.JdbcConnectionFactory.<init>(JdbcConnectionFactory.java:72) ~[flyway-core-10.10.0.jar:na]
	at org.flywaydb.core.FlywayExecutor.execute(FlywayExecutor.java:134) ~[flyway-core-10.10.0.jar:na]
	at org.flywaydb.core.Flyway.migrate(Flyway.java:147) ~[flyway-core-10.10.0.jar:na]
	at org.springframework.boot.autoconfigure.flyway.FlywayMigrationInitializer.afterPropertiesSet(FlywayMigrationInitializer.java:66) ~[spring-boot-autoconfigure-3.3.0.jar:3.3.0]
	at org.springframework.beans.factory.support.AbstractAutowireCapableBeanFactory.invokeInitMethods(AbstractAutowireCapableBeanFactory.java:1835) ~[spring-beans-6.1.8.jar:6.1.8]
	at org.springframework.beans.factory.support.AbstractAutowireCapableBeanFactory.initializeBean(AbstractAutowireCapableBeanFactory.java:1784) ~[spring-beans-6.1.8.jar:6.1.8]
	... 95 common frames omitted
Caused by: org.postgresql.util.PSQLException: ��������: ���������� "postgres" �� ������� �������������� �� ��������� ������
	at org.postgresql.core.v3.ConnectionFactoryImpl.doAuthentication(ConnectionFactoryImpl.java:698) ~[postgresql-42.7.3.jar:42.7.3]
	at org.postgresql.core.v3.ConnectionFactoryImpl.tryConnect(ConnectionFactoryImpl.java:207) ~[postgresql-42.7.3.jar:42.7.3]
	at org.postgresql.core.v3.ConnectionFactoryImpl.openConnectionImpl(ConnectionFactoryImpl.java:262) ~[postgresql-42.7.3.jar:42.7.3]
	at org.postgresql.core.ConnectionFactory.openConnection(ConnectionFactory.java:54) ~[postgresql-42.7.3.jar:42.7.3]
	at org.postgresql.jdbc.PgConnection.<init>(PgConnection.java:273) ~[postgresql-42.7.3.jar:42.7.3]
	at org.postgresql.Driver.makeConnection(Driver.java:446) ~[postgresql-42.7.3.jar:42.7.3]
	at org.postgresql.Driver.connect(Driver.java:298) ~[postgresql-42.7.3.jar:42.7.3]
	at org.springframework.jdbc.datasource.SimpleDriverDataSource.getConnectionFromDriver(SimpleDriverDataSource.java:144) ~[spring-jdbc-6.1.8.jar:6.1.8]
	at org.springframework.jdbc.datasource.AbstractDriverBasedDataSource.getConnectionFromDriver(AbstractDriverBasedDataSource.java:205) ~[spring-jdbc-6.1.8.jar:6.1.8]
	at org.springframework.jdbc.datasource.AbstractDriverBasedDataSource.getConnection(AbstractDriverBasedDataSource.java:169) ~[spring-jdbc-6.1.8.jar:6.1.8]
	at org.flywaydb.core.internal.jdbc.JdbcUtils.openConnection(JdbcUtils.java:48) ~[flyway-core-10.10.0.jar:na]
	... 101 common frames omitted

]]></system-out>
    <system-err><![CDATA[


============================
CONDITIONS EVALUATION REPORT
============================


Positive matches:
-----------------

    None


Negative matches:
-----------------

    None


Exclusions:
-----------

    None


Unconditional classes:
----------------------

    None



]]></system-err>
  </testcase>
  <testcase name="fromUrlProfileRequestToDtoTest" classname="com.example.url_profile.UrlProfileMapperTest" time="0.0">
    <error message="ApplicationContext failure threshold (1) exceeded: skipping repeated attempt to load context for [WebMergedContextConfiguration@1ba98508 testClass = com.example.url_profile.UrlProfileMapperTest, locations = [], classes = [com.example.UrlShortenerApplication], contextInitializerClasses = [], activeProfiles = [], propertySourceDescriptors = [], propertySourceProperties = [&quot;org.springframework.boot.test.context.SpringBootTestContextBootstrapper=true&quot;], contextCustomizers = [org.springframework.boot.test.context.filter.ExcludeFilterContextCustomizer@1187c9e8, org.springframework.boot.test.json.DuplicateJsonObjectContextCustomizerFactory$DuplicateJsonObjectContextCustomizer@16aa8654, org.springframework.boot.test.mock.mockito.MockitoContextCustomizer@0, org.springframework.boot.test.web.client.TestRestTemplateContextCustomizer@7c51f34b, org.springframework.boot.test.autoconfigure.actuate.observability.ObservabilityContextCustomizerFactory$DisableObservabilityContextCustomizer@1f, org.springframework.boot.test.autoconfigure.properties.PropertyMappingContextCustomizer@0, org.springframework.boot.test.autoconfigure.web.servlet.WebDriverContextCustomizer@4e31276e, org.springframework.test.context.support.DynamicPropertiesContextCustomizer@889abab5, org.springframework.boot.test.context.SpringBootTestAnnotation@bd271ef8], resourceBasePath = &quot;src/main/webapp&quot;, contextLoader = org.springframework.boot.test.context.SpringBootContextLoader, parent = null]" type="java.lang.IllegalStateException"><![CDATA[java.lang.IllegalStateException: ApplicationContext failure threshold (1) exceeded: skipping repeated attempt to load context for [WebMergedContextConfiguration@1ba98508 testClass = com.example.url_profile.UrlProfileMapperTest, locations = [], classes = [com.example.UrlShortenerApplication], contextInitializerClasses = [], activeProfiles = [], propertySourceDescriptors = [], propertySourceProperties = ["org.springframework.boot.test.context.SpringBootTestContextBootstrapper=true"], contextCustomizers = [org.springframework.boot.test.context.filter.ExcludeFilterContextCustomizer@1187c9e8, org.springframework.boot.test.json.DuplicateJsonObjectContextCustomizerFactory$DuplicateJsonObjectContextCustomizer@16aa8654, org.springframework.boot.test.mock.mockito.MockitoContextCustomizer@0, org.springframework.boot.test.web.client.TestRestTemplateContextCustomizer@7c51f34b, org.springframework.boot.test.autoconfigure.actuate.observability.ObservabilityContextCustomizerFactory$DisableObservabilityContextCustomizer@1f, org.springframework.boot.test.autoconfigure.properties.PropertyMappingContextCustomizer@0, org.springframework.boot.test.autoconfigure.web.servlet.WebDriverContextCustomizer@4e31276e, org.springframework.test.context.support.DynamicPropertiesContextCustomizer@889abab5, org.springframework.boot.test.context.SpringBootTestAnnotation@bd271ef8], resourceBasePath = "src/main/webapp", contextLoader = org.springframework.boot.test.context.SpringBootContextLoader, parent = null]
	at org.springframework.test.context.cache.DefaultCacheAwareContextLoaderDelegate.loadContext(DefaultCacheAwareContextLoaderDelegate.java:145)
	at org.springframework.test.context.support.DefaultTestContext.getApplicationContext(DefaultTestContext.java:130)
	at org.springframework.test.context.web.ServletTestExecutionListener.setUpRequestContextIfNecessary(ServletTestExecutionListener.java:191)
	at org.springframework.test.context.web.ServletTestExecutionListener.prepareTestInstance(ServletTestExecutionListener.java:130)
	at org.springframework.test.context.TestContextManager.prepareTestInstance(TestContextManager.java:260)
	at org.springframework.test.context.junit.jupiter.SpringExtension.postProcessTestInstance(SpringExtension.java:163)
	at java.base/java.util.stream.ReferencePipeline$3$1.accept(ReferencePipeline.java:197)
	at java.base/java.util.stream.ReferencePipeline$2$1.accept(ReferencePipeline.java:179)
	at java.base/java.util.ArrayList$ArrayListSpliterator.forEachRemaining(ArrayList.java:1708)
	at java.base/java.util.stream.AbstractPipeline.copyInto(AbstractPipeline.java:509)
	at java.base/java.util.stream.AbstractPipeline.wrapAndCopyInto(AbstractPipeline.java:499)
	at java.base/java.util.stream.StreamSpliterators$WrappingSpliterator.forEachRemaining(StreamSpliterators.java:310)
	at java.base/java.util.stream.Streams$ConcatSpliterator.forEachRemaining(Streams.java:735)
	at java.base/java.util.stream.Streams$ConcatSpliterator.forEachRemaining(Streams.java:734)
	at java.base/java.util.stream.ReferencePipeline$Head.forEach(ReferencePipeline.java:762)
	at java.base/java.util.Optional.orElseGet(Optional.java:364)
	at java.base/java.util.ArrayList.forEach(ArrayList.java:1596)
	at java.base/java.util.ArrayList.forEach(ArrayList.java:1596)
]]></error>
    <system-out><![CDATA[2024-06-12T14:28:24.087+03:00 DEBUG 12012 --- [URL Shortener] [           main] org.springframework.test.context.cache   : Spring test ApplicationContext cache statistics: [DefaultContextCache@6bf0f70a size = 0, maxSize = 32, parentContextCount = 0, hitCount = 0, missCount = 3, failureCount = 2]
2024-06-12T14:28:24.088+03:00  WARN 12012 --- [URL Shortener] [           main] o.s.test.context.TestContextManager      : Caught exception while allowing TestExecutionListener [org.springframework.test.context.web.ServletTestExecutionListener] to prepare test instance [com.example.url_profile.UrlProfileMapperTest@5ca3acad]

java.lang.IllegalStateException: ApplicationContext failure threshold (1) exceeded: skipping repeated attempt to load context for [WebMergedContextConfiguration@1ba98508 testClass = com.example.url_profile.UrlProfileMapperTest, locations = [], classes = [com.example.UrlShortenerApplication], contextInitializerClasses = [], activeProfiles = [], propertySourceDescriptors = [], propertySourceProperties = ["org.springframework.boot.test.context.SpringBootTestContextBootstrapper=true"], contextCustomizers = [org.springframework.boot.test.context.filter.ExcludeFilterContextCustomizer@1187c9e8, org.springframework.boot.test.json.DuplicateJsonObjectContextCustomizerFactory$DuplicateJsonObjectContextCustomizer@16aa8654, org.springframework.boot.test.mock.mockito.MockitoContextCustomizer@0, org.springframework.boot.test.web.client.TestRestTemplateContextCustomizer@7c51f34b, org.springframework.boot.test.autoconfigure.actuate.observability.ObservabilityContextCustomizerFactory$DisableObservabilityContextCustomizer@1f, org.springframework.boot.test.autoconfigure.properties.PropertyMappingContextCustomizer@0, org.springframework.boot.test.autoconfigure.web.servlet.WebDriverContextCustomizer@4e31276e, org.springframework.test.context.support.DynamicPropertiesContextCustomizer@889abab5, org.springframework.boot.test.context.SpringBootTestAnnotation@bd271ef8], resourceBasePath = "src/main/webapp", contextLoader = org.springframework.boot.test.context.SpringBootContextLoader, parent = null]
	at org.springframework.test.context.cache.DefaultCacheAwareContextLoaderDelegate.loadContext(DefaultCacheAwareContextLoaderDelegate.java:145) ~[spring-test-6.1.8.jar:6.1.8]
	at org.springframework.test.context.support.DefaultTestContext.getApplicationContext(DefaultTestContext.java:130) ~[spring-test-6.1.8.jar:6.1.8]
	at org.springframework.test.context.web.ServletTestExecutionListener.setUpRequestContextIfNecessary(ServletTestExecutionListener.java:191) ~[spring-test-6.1.8.jar:6.1.8]
	at org.springframework.test.context.web.ServletTestExecutionListener.prepareTestInstance(ServletTestExecutionListener.java:130) ~[spring-test-6.1.8.jar:6.1.8]
	at org.springframework.test.context.TestContextManager.prepareTestInstance(TestContextManager.java:260) ~[spring-test-6.1.8.jar:6.1.8]
	at org.springframework.test.context.junit.jupiter.SpringExtension.postProcessTestInstance(SpringExtension.java:163) ~[spring-test-6.1.8.jar:6.1.8]
	at org.junit.jupiter.engine.descriptor.ClassBasedTestDescriptor.lambda$invokeTestInstancePostProcessors$10(ClassBasedTestDescriptor.java:378) ~[junit-jupiter-engine-5.10.2.jar:5.10.2]
	at org.junit.jupiter.engine.descriptor.ClassBasedTestDescriptor.executeAndMaskThrowable(ClassBasedTestDescriptor.java:383) ~[junit-jupiter-engine-5.10.2.jar:5.10.2]
	at org.junit.jupiter.engine.descriptor.ClassBasedTestDescriptor.lambda$invokeTestInstancePostProcessors$11(ClassBasedTestDescriptor.java:378) ~[junit-jupiter-engine-5.10.2.jar:5.10.2]
	at java.base/java.util.stream.ReferencePipeline$3$1.accept(ReferencePipeline.java:197) ~[na:na]
	at java.base/java.util.stream.ReferencePipeline$2$1.accept(ReferencePipeline.java:179) ~[na:na]
	at java.base/java.util.ArrayList$ArrayListSpliterator.forEachRemaining(ArrayList.java:1708) ~[na:na]
	at java.base/java.util.stream.AbstractPipeline.copyInto(AbstractPipeline.java:509) ~[na:na]
	at java.base/java.util.stream.AbstractPipeline.wrapAndCopyInto(AbstractPipeline.java:499) ~[na:na]
	at java.base/java.util.stream.StreamSpliterators$WrappingSpliterator.forEachRemaining(StreamSpliterators.java:310) ~[na:na]
	at java.base/java.util.stream.Streams$ConcatSpliterator.forEachRemaining(Streams.java:735) ~[na:na]
	at java.base/java.util.stream.Streams$ConcatSpliterator.forEachRemaining(Streams.java:734) ~[na:na]
	at java.base/java.util.stream.ReferencePipeline$Head.forEach(ReferencePipeline.java:762) ~[na:na]
	at org.junit.jupiter.engine.descriptor.ClassBasedTestDescriptor.invokeTestInstancePostProcessors(ClassBasedTestDescriptor.java:377) ~[junit-jupiter-engine-5.10.2.jar:5.10.2]
	at org.junit.jupiter.engine.descriptor.ClassBasedTestDescriptor.lambda$instantiateAndPostProcessTestInstance$6(ClassBasedTestDescriptor.java:290) ~[junit-jupiter-engine-5.10.2.jar:5.10.2]
	at org.junit.platform.engine.support.hierarchical.ThrowableCollector.execute(ThrowableCollector.java:73) ~[junit-platform-engine-1.10.2.jar:1.10.2]
	at org.junit.jupiter.engine.descriptor.ClassBasedTestDescriptor.instantiateAndPostProcessTestInstance(ClassBasedTestDescriptor.java:289) ~[junit-jupiter-engine-5.10.2.jar:5.10.2]
	at org.junit.jupiter.engine.descriptor.ClassBasedTestDescriptor.lambda$testInstancesProvider$4(ClassBasedTestDescriptor.java:279) ~[junit-jupiter-engine-5.10.2.jar:5.10.2]
	at java.base/java.util.Optional.orElseGet(Optional.java:364) ~[na:na]
	at org.junit.jupiter.engine.descriptor.ClassBasedTestDescriptor.lambda$testInstancesProvider$5(ClassBasedTestDescriptor.java:278) ~[junit-jupiter-engine-5.10.2.jar:5.10.2]
	at org.junit.jupiter.engine.execution.TestInstancesProvider.getTestInstances(TestInstancesProvider.java:31) ~[junit-jupiter-engine-5.10.2.jar:5.10.2]
	at org.junit.jupiter.engine.descriptor.TestMethodTestDescriptor.lambda$prepare$0(TestMethodTestDescriptor.java:106) ~[junit-jupiter-engine-5.10.2.jar:5.10.2]
	at org.junit.platform.engine.support.hierarchical.ThrowableCollector.execute(ThrowableCollector.java:73) ~[junit-platform-engine-1.10.2.jar:1.10.2]
	at org.junit.jupiter.engine.descriptor.TestMethodTestDescriptor.prepare(TestMethodTestDescriptor.java:105) ~[junit-jupiter-engine-5.10.2.jar:5.10.2]
	at org.junit.jupiter.engine.descriptor.TestMethodTestDescriptor.prepare(TestMethodTestDescriptor.java:69) ~[junit-jupiter-engine-5.10.2.jar:5.10.2]
	at org.junit.platform.engine.support.hierarchical.NodeTestTask.lambda$prepare$2(NodeTestTask.java:123) ~[junit-platform-engine-1.10.2.jar:1.10.2]
	at org.junit.platform.engine.support.hierarchical.ThrowableCollector.execute(ThrowableCollector.java:73) ~[junit-platform-engine-1.10.2.jar:1.10.2]
	at org.junit.platform.engine.support.hierarchical.NodeTestTask.prepare(NodeTestTask.java:123) ~[junit-platform-engine-1.10.2.jar:1.10.2]
	at org.junit.platform.engine.support.hierarchical.NodeTestTask.execute(NodeTestTask.java:90) ~[junit-platform-engine-1.10.2.jar:1.10.2]
	at java.base/java.util.ArrayList.forEach(ArrayList.java:1596) ~[na:na]
	at org.junit.platform.engine.support.hierarchical.SameThreadHierarchicalTestExecutorService.invokeAll(SameThreadHierarchicalTestExecutorService.java:41) ~[junit-platform-engine-1.10.2.jar:1.10.2]
	at org.junit.platform.engine.support.hierarchical.NodeTestTask.lambda$executeRecursively$6(NodeTestTask.java:155) ~[junit-platform-engine-1.10.2.jar:1.10.2]
	at org.junit.platform.engine.support.hierarchical.ThrowableCollector.execute(ThrowableCollector.java:73) ~[junit-platform-engine-1.10.2.jar:1.10.2]
	at org.junit.platform.engine.support.hierarchical.NodeTestTask.lambda$executeRecursively$8(NodeTestTask.java:141) ~[junit-platform-engine-1.10.2.jar:1.10.2]
	at org.junit.platform.engine.support.hierarchical.Node.around(Node.java:137) ~[junit-platform-engine-1.10.2.jar:1.10.2]
	at org.junit.platform.engine.support.hierarchical.NodeTestTask.lambda$executeRecursively$9(NodeTestTask.java:139) ~[junit-platform-engine-1.10.2.jar:1.10.2]
	at org.junit.platform.engine.support.hierarchical.ThrowableCollector.execute(ThrowableCollector.java:73) ~[junit-platform-engine-1.10.2.jar:1.10.2]
	at org.junit.platform.engine.support.hierarchical.NodeTestTask.executeRecursively(NodeTestTask.java:138) ~[junit-platform-engine-1.10.2.jar:1.10.2]
	at org.junit.platform.engine.support.hierarchical.NodeTestTask.execute(NodeTestTask.java:95) ~[junit-platform-engine-1.10.2.jar:1.10.2]
	at java.base/java.util.ArrayList.forEach(ArrayList.java:1596) ~[na:na]
	at org.junit.platform.engine.support.hierarchical.SameThreadHierarchicalTestExecutorService.invokeAll(SameThreadHierarchicalTestExecutorService.java:41) ~[junit-platform-engine-1.10.2.jar:1.10.2]
	at org.junit.platform.engine.support.hierarchical.NodeTestTask.lambda$executeRecursively$6(NodeTestTask.java:155) ~[junit-platform-engine-1.10.2.jar:1.10.2]
	at org.junit.platform.engine.support.hierarchical.ThrowableCollector.execute(ThrowableCollector.java:73) ~[junit-platform-engine-1.10.2.jar:1.10.2]
	at org.junit.platform.engine.support.hierarchical.NodeTestTask.lambda$executeRecursively$8(NodeTestTask.java:141) ~[junit-platform-engine-1.10.2.jar:1.10.2]
	at org.junit.platform.engine.support.hierarchical.Node.around(Node.java:137) ~[junit-platform-engine-1.10.2.jar:1.10.2]
	at org.junit.platform.engine.support.hierarchical.NodeTestTask.lambda$executeRecursively$9(NodeTestTask.java:139) ~[junit-platform-engine-1.10.2.jar:1.10.2]
	at org.junit.platform.engine.support.hierarchical.ThrowableCollector.execute(ThrowableCollector.java:73) ~[junit-platform-engine-1.10.2.jar:1.10.2]
	at org.junit.platform.engine.support.hierarchical.NodeTestTask.executeRecursively(NodeTestTask.java:138) ~[junit-platform-engine-1.10.2.jar:1.10.2]
	at org.junit.platform.engine.support.hierarchical.NodeTestTask.execute(NodeTestTask.java:95) ~[junit-platform-engine-1.10.2.jar:1.10.2]
	at org.junit.platform.engine.support.hierarchical.SameThreadHierarchicalTestExecutorService.submit(SameThreadHierarchicalTestExecutorService.java:35) ~[junit-platform-engine-1.10.2.jar:1.10.2]
	at org.junit.platform.engine.support.hierarchical.HierarchicalTestExecutor.execute(HierarchicalTestExecutor.java:57) ~[junit-platform-engine-1.10.2.jar:1.10.2]
	at org.junit.platform.engine.support.hierarchical.HierarchicalTestEngine.execute(HierarchicalTestEngine.java:54) ~[junit-platform-engine-1.10.2.jar:1.10.2]
	at org.junit.platform.launcher.core.EngineExecutionOrchestrator.execute(EngineExecutionOrchestrator.java:198) ~[junit-platform-launcher-1.10.2.jar:1.10.2]
	at org.junit.platform.launcher.core.EngineExecutionOrchestrator.execute(EngineExecutionOrchestrator.java:169) ~[junit-platform-launcher-1.10.2.jar:1.10.2]
	at org.junit.platform.launcher.core.EngineExecutionOrchestrator.execute(EngineExecutionOrchestrator.java:93) ~[junit-platform-launcher-1.10.2.jar:1.10.2]
	at org.junit.platform.launcher.core.EngineExecutionOrchestrator.lambda$execute$0(EngineExecutionOrchestrator.java:58) ~[junit-platform-launcher-1.10.2.jar:1.10.2]
	at org.junit.platform.launcher.core.EngineExecutionOrchestrator.withInterceptedStreams(EngineExecutionOrchestrator.java:141) ~[junit-platform-launcher-1.10.2.jar:1.10.2]
	at org.junit.platform.launcher.core.EngineExecutionOrchestrator.execute(EngineExecutionOrchestrator.java:57) ~[junit-platform-launcher-1.10.2.jar:1.10.2]
	at org.junit.platform.launcher.core.DefaultLauncher.execute(DefaultLauncher.java:103) ~[junit-platform-launcher-1.10.2.jar:1.10.2]
	at org.junit.platform.launcher.core.DefaultLauncher.execute(DefaultLauncher.java:85) ~[junit-platform-launcher-1.10.2.jar:1.10.2]
	at org.junit.platform.launcher.core.DelegatingLauncher.execute(DelegatingLauncher.java:47) ~[junit-platform-launcher-1.10.2.jar:1.10.2]
	at org.apache.maven.surefire.junitplatform.LazyLauncher.execute(LazyLauncher.java:56) ~[surefire-junit-platform-3.2.5.jar:3.2.5]
	at org.apache.maven.surefire.junitplatform.JUnitPlatformProvider.execute(JUnitPlatformProvider.java:184) ~[surefire-junit-platform-3.2.5.jar:3.2.5]
	at org.apache.maven.surefire.junitplatform.JUnitPlatformProvider.invokeAllTests(JUnitPlatformProvider.java:148) ~[surefire-junit-platform-3.2.5.jar:3.2.5]
	at org.apache.maven.surefire.junitplatform.JUnitPlatformProvider.invoke(JUnitPlatformProvider.java:122) ~[surefire-junit-platform-3.2.5.jar:3.2.5]
	at org.apache.maven.surefire.booter.ForkedBooter.runSuitesInProcess(ForkedBooter.java:385) ~[surefire-booter-3.2.5.jar:3.2.5]
	at org.apache.maven.surefire.booter.ForkedBooter.execute(ForkedBooter.java:162) ~[surefire-booter-3.2.5.jar:3.2.5]
	at org.apache.maven.surefire.booter.ForkedBooter.run(ForkedBooter.java:507) ~[surefire-booter-3.2.5.jar:3.2.5]
	at org.apache.maven.surefire.booter.ForkedBooter.main(ForkedBooter.java:495) ~[surefire-booter-3.2.5.jar:3.2.5]

]]></system-out>
  </testcase>
  <testcase name="fromUrlProfileDtoToEntityTest" classname="com.example.url_profile.UrlProfileMapperTest" time="0.001">
    <error message="ApplicationContext failure threshold (1) exceeded: skipping repeated attempt to load context for [WebMergedContextConfiguration@1ba98508 testClass = com.example.url_profile.UrlProfileMapperTest, locations = [], classes = [com.example.UrlShortenerApplication], contextInitializerClasses = [], activeProfiles = [], propertySourceDescriptors = [], propertySourceProperties = [&quot;org.springframework.boot.test.context.SpringBootTestContextBootstrapper=true&quot;], contextCustomizers = [org.springframework.boot.test.context.filter.ExcludeFilterContextCustomizer@1187c9e8, org.springframework.boot.test.json.DuplicateJsonObjectContextCustomizerFactory$DuplicateJsonObjectContextCustomizer@16aa8654, org.springframework.boot.test.mock.mockito.MockitoContextCustomizer@0, org.springframework.boot.test.web.client.TestRestTemplateContextCustomizer@7c51f34b, org.springframework.boot.test.autoconfigure.actuate.observability.ObservabilityContextCustomizerFactory$DisableObservabilityContextCustomizer@1f, org.springframework.boot.test.autoconfigure.properties.PropertyMappingContextCustomizer@0, org.springframework.boot.test.autoconfigure.web.servlet.WebDriverContextCustomizer@4e31276e, org.springframework.test.context.support.DynamicPropertiesContextCustomizer@889abab5, org.springframework.boot.test.context.SpringBootTestAnnotation@bd271ef8], resourceBasePath = &quot;src/main/webapp&quot;, contextLoader = org.springframework.boot.test.context.SpringBootContextLoader, parent = null]" type="java.lang.IllegalStateException"><![CDATA[java.lang.IllegalStateException: ApplicationContext failure threshold (1) exceeded: skipping repeated attempt to load context for [WebMergedContextConfiguration@1ba98508 testClass = com.example.url_profile.UrlProfileMapperTest, locations = [], classes = [com.example.UrlShortenerApplication], contextInitializerClasses = [], activeProfiles = [], propertySourceDescriptors = [], propertySourceProperties = ["org.springframework.boot.test.context.SpringBootTestContextBootstrapper=true"], contextCustomizers = [org.springframework.boot.test.context.filter.ExcludeFilterContextCustomizer@1187c9e8, org.springframework.boot.test.json.DuplicateJsonObjectContextCustomizerFactory$DuplicateJsonObjectContextCustomizer@16aa8654, org.springframework.boot.test.mock.mockito.MockitoContextCustomizer@0, org.springframework.boot.test.web.client.TestRestTemplateContextCustomizer@7c51f34b, org.springframework.boot.test.autoconfigure.actuate.observability.ObservabilityContextCustomizerFactory$DisableObservabilityContextCustomizer@1f, org.springframework.boot.test.autoconfigure.properties.PropertyMappingContextCustomizer@0, org.springframework.boot.test.autoconfigure.web.servlet.WebDriverContextCustomizer@4e31276e, org.springframework.test.context.support.DynamicPropertiesContextCustomizer@889abab5, org.springframework.boot.test.context.SpringBootTestAnnotation@bd271ef8], resourceBasePath = "src/main/webapp", contextLoader = org.springframework.boot.test.context.SpringBootContextLoader, parent = null]
	at org.springframework.test.context.cache.DefaultCacheAwareContextLoaderDelegate.loadContext(DefaultCacheAwareContextLoaderDelegate.java:145)
	at org.springframework.test.context.support.DefaultTestContext.getApplicationContext(DefaultTestContext.java:130)
	at org.springframework.test.context.web.ServletTestExecutionListener.setUpRequestContextIfNecessary(ServletTestExecutionListener.java:191)
	at org.springframework.test.context.web.ServletTestExecutionListener.prepareTestInstance(ServletTestExecutionListener.java:130)
	at org.springframework.test.context.TestContextManager.prepareTestInstance(TestContextManager.java:260)
	at org.springframework.test.context.junit.jupiter.SpringExtension.postProcessTestInstance(SpringExtension.java:163)
	at java.base/java.util.stream.ReferencePipeline$3$1.accept(ReferencePipeline.java:197)
	at java.base/java.util.stream.ReferencePipeline$2$1.accept(ReferencePipeline.java:179)
	at java.base/java.util.ArrayList$ArrayListSpliterator.forEachRemaining(ArrayList.java:1708)
	at java.base/java.util.stream.AbstractPipeline.copyInto(AbstractPipeline.java:509)
	at java.base/java.util.stream.AbstractPipeline.wrapAndCopyInto(AbstractPipeline.java:499)
	at java.base/java.util.stream.StreamSpliterators$WrappingSpliterator.forEachRemaining(StreamSpliterators.java:310)
	at java.base/java.util.stream.Streams$ConcatSpliterator.forEachRemaining(Streams.java:735)
	at java.base/java.util.stream.Streams$ConcatSpliterator.forEachRemaining(Streams.java:734)
	at java.base/java.util.stream.ReferencePipeline$Head.forEach(ReferencePipeline.java:762)
	at java.base/java.util.Optional.orElseGet(Optional.java:364)
	at java.base/java.util.ArrayList.forEach(ArrayList.java:1596)
	at java.base/java.util.ArrayList.forEach(ArrayList.java:1596)
]]></error>
    <system-out><![CDATA[2024-06-12T14:28:24.090+03:00 DEBUG 12012 --- [URL Shortener] [           main] org.springframework.test.context.cache   : Spring test ApplicationContext cache statistics: [DefaultContextCache@6bf0f70a size = 0, maxSize = 32, parentContextCount = 0, hitCount = 0, missCount = 4, failureCount = 2]
2024-06-12T14:28:24.090+03:00  WARN 12012 --- [URL Shortener] [           main] o.s.test.context.TestContextManager      : Caught exception while allowing TestExecutionListener [org.springframework.test.context.web.ServletTestExecutionListener] to prepare test instance [com.example.url_profile.UrlProfileMapperTest@691a5c3a]

java.lang.IllegalStateException: ApplicationContext failure threshold (1) exceeded: skipping repeated attempt to load context for [WebMergedContextConfiguration@1ba98508 testClass = com.example.url_profile.UrlProfileMapperTest, locations = [], classes = [com.example.UrlShortenerApplication], contextInitializerClasses = [], activeProfiles = [], propertySourceDescriptors = [], propertySourceProperties = ["org.springframework.boot.test.context.SpringBootTestContextBootstrapper=true"], contextCustomizers = [org.springframework.boot.test.context.filter.ExcludeFilterContextCustomizer@1187c9e8, org.springframework.boot.test.json.DuplicateJsonObjectContextCustomizerFactory$DuplicateJsonObjectContextCustomizer@16aa8654, org.springframework.boot.test.mock.mockito.MockitoContextCustomizer@0, org.springframework.boot.test.web.client.TestRestTemplateContextCustomizer@7c51f34b, org.springframework.boot.test.autoconfigure.actuate.observability.ObservabilityContextCustomizerFactory$DisableObservabilityContextCustomizer@1f, org.springframework.boot.test.autoconfigure.properties.PropertyMappingContextCustomizer@0, org.springframework.boot.test.autoconfigure.web.servlet.WebDriverContextCustomizer@4e31276e, org.springframework.test.context.support.DynamicPropertiesContextCustomizer@889abab5, org.springframework.boot.test.context.SpringBootTestAnnotation@bd271ef8], resourceBasePath = "src/main/webapp", contextLoader = org.springframework.boot.test.context.SpringBootContextLoader, parent = null]
	at org.springframework.test.context.cache.DefaultCacheAwareContextLoaderDelegate.loadContext(DefaultCacheAwareContextLoaderDelegate.java:145) ~[spring-test-6.1.8.jar:6.1.8]
	at org.springframework.test.context.support.DefaultTestContext.getApplicationContext(DefaultTestContext.java:130) ~[spring-test-6.1.8.jar:6.1.8]
	at org.springframework.test.context.web.ServletTestExecutionListener.setUpRequestContextIfNecessary(ServletTestExecutionListener.java:191) ~[spring-test-6.1.8.jar:6.1.8]
	at org.springframework.test.context.web.ServletTestExecutionListener.prepareTestInstance(ServletTestExecutionListener.java:130) ~[spring-test-6.1.8.jar:6.1.8]
	at org.springframework.test.context.TestContextManager.prepareTestInstance(TestContextManager.java:260) ~[spring-test-6.1.8.jar:6.1.8]
	at org.springframework.test.context.junit.jupiter.SpringExtension.postProcessTestInstance(SpringExtension.java:163) ~[spring-test-6.1.8.jar:6.1.8]
	at org.junit.jupiter.engine.descriptor.ClassBasedTestDescriptor.lambda$invokeTestInstancePostProcessors$10(ClassBasedTestDescriptor.java:378) ~[junit-jupiter-engine-5.10.2.jar:5.10.2]
	at org.junit.jupiter.engine.descriptor.ClassBasedTestDescriptor.executeAndMaskThrowable(ClassBasedTestDescriptor.java:383) ~[junit-jupiter-engine-5.10.2.jar:5.10.2]
	at org.junit.jupiter.engine.descriptor.ClassBasedTestDescriptor.lambda$invokeTestInstancePostProcessors$11(ClassBasedTestDescriptor.java:378) ~[junit-jupiter-engine-5.10.2.jar:5.10.2]
	at java.base/java.util.stream.ReferencePipeline$3$1.accept(ReferencePipeline.java:197) ~[na:na]
	at java.base/java.util.stream.ReferencePipeline$2$1.accept(ReferencePipeline.java:179) ~[na:na]
	at java.base/java.util.ArrayList$ArrayListSpliterator.forEachRemaining(ArrayList.java:1708) ~[na:na]
	at java.base/java.util.stream.AbstractPipeline.copyInto(AbstractPipeline.java:509) ~[na:na]
	at java.base/java.util.stream.AbstractPipeline.wrapAndCopyInto(AbstractPipeline.java:499) ~[na:na]
	at java.base/java.util.stream.StreamSpliterators$WrappingSpliterator.forEachRemaining(StreamSpliterators.java:310) ~[na:na]
	at java.base/java.util.stream.Streams$ConcatSpliterator.forEachRemaining(Streams.java:735) ~[na:na]
	at java.base/java.util.stream.Streams$ConcatSpliterator.forEachRemaining(Streams.java:734) ~[na:na]
	at java.base/java.util.stream.ReferencePipeline$Head.forEach(ReferencePipeline.java:762) ~[na:na]
	at org.junit.jupiter.engine.descriptor.ClassBasedTestDescriptor.invokeTestInstancePostProcessors(ClassBasedTestDescriptor.java:377) ~[junit-jupiter-engine-5.10.2.jar:5.10.2]
	at org.junit.jupiter.engine.descriptor.ClassBasedTestDescriptor.lambda$instantiateAndPostProcessTestInstance$6(ClassBasedTestDescriptor.java:290) ~[junit-jupiter-engine-5.10.2.jar:5.10.2]
	at org.junit.platform.engine.support.hierarchical.ThrowableCollector.execute(ThrowableCollector.java:73) ~[junit-platform-engine-1.10.2.jar:1.10.2]
	at org.junit.jupiter.engine.descriptor.ClassBasedTestDescriptor.instantiateAndPostProcessTestInstance(ClassBasedTestDescriptor.java:289) ~[junit-jupiter-engine-5.10.2.jar:5.10.2]
	at org.junit.jupiter.engine.descriptor.ClassBasedTestDescriptor.lambda$testInstancesProvider$4(ClassBasedTestDescriptor.java:279) ~[junit-jupiter-engine-5.10.2.jar:5.10.2]
	at java.base/java.util.Optional.orElseGet(Optional.java:364) ~[na:na]
	at org.junit.jupiter.engine.descriptor.ClassBasedTestDescriptor.lambda$testInstancesProvider$5(ClassBasedTestDescriptor.java:278) ~[junit-jupiter-engine-5.10.2.jar:5.10.2]
	at org.junit.jupiter.engine.execution.TestInstancesProvider.getTestInstances(TestInstancesProvider.java:31) ~[junit-jupiter-engine-5.10.2.jar:5.10.2]
	at org.junit.jupiter.engine.descriptor.TestMethodTestDescriptor.lambda$prepare$0(TestMethodTestDescriptor.java:106) ~[junit-jupiter-engine-5.10.2.jar:5.10.2]
	at org.junit.platform.engine.support.hierarchical.ThrowableCollector.execute(ThrowableCollector.java:73) ~[junit-platform-engine-1.10.2.jar:1.10.2]
	at org.junit.jupiter.engine.descriptor.TestMethodTestDescriptor.prepare(TestMethodTestDescriptor.java:105) ~[junit-jupiter-engine-5.10.2.jar:5.10.2]
	at org.junit.jupiter.engine.descriptor.TestMethodTestDescriptor.prepare(TestMethodTestDescriptor.java:69) ~[junit-jupiter-engine-5.10.2.jar:5.10.2]
	at org.junit.platform.engine.support.hierarchical.NodeTestTask.lambda$prepare$2(NodeTestTask.java:123) ~[junit-platform-engine-1.10.2.jar:1.10.2]
	at org.junit.platform.engine.support.hierarchical.ThrowableCollector.execute(ThrowableCollector.java:73) ~[junit-platform-engine-1.10.2.jar:1.10.2]
	at org.junit.platform.engine.support.hierarchical.NodeTestTask.prepare(NodeTestTask.java:123) ~[junit-platform-engine-1.10.2.jar:1.10.2]
	at org.junit.platform.engine.support.hierarchical.NodeTestTask.execute(NodeTestTask.java:90) ~[junit-platform-engine-1.10.2.jar:1.10.2]
	at java.base/java.util.ArrayList.forEach(ArrayList.java:1596) ~[na:na]
	at org.junit.platform.engine.support.hierarchical.SameThreadHierarchicalTestExecutorService.invokeAll(SameThreadHierarchicalTestExecutorService.java:41) ~[junit-platform-engine-1.10.2.jar:1.10.2]
	at org.junit.platform.engine.support.hierarchical.NodeTestTask.lambda$executeRecursively$6(NodeTestTask.java:155) ~[junit-platform-engine-1.10.2.jar:1.10.2]
	at org.junit.platform.engine.support.hierarchical.ThrowableCollector.execute(ThrowableCollector.java:73) ~[junit-platform-engine-1.10.2.jar:1.10.2]
	at org.junit.platform.engine.support.hierarchical.NodeTestTask.lambda$executeRecursively$8(NodeTestTask.java:141) ~[junit-platform-engine-1.10.2.jar:1.10.2]
	at org.junit.platform.engine.support.hierarchical.Node.around(Node.java:137) ~[junit-platform-engine-1.10.2.jar:1.10.2]
	at org.junit.platform.engine.support.hierarchical.NodeTestTask.lambda$executeRecursively$9(NodeTestTask.java:139) ~[junit-platform-engine-1.10.2.jar:1.10.2]
	at org.junit.platform.engine.support.hierarchical.ThrowableCollector.execute(ThrowableCollector.java:73) ~[junit-platform-engine-1.10.2.jar:1.10.2]
	at org.junit.platform.engine.support.hierarchical.NodeTestTask.executeRecursively(NodeTestTask.java:138) ~[junit-platform-engine-1.10.2.jar:1.10.2]
	at org.junit.platform.engine.support.hierarchical.NodeTestTask.execute(NodeTestTask.java:95) ~[junit-platform-engine-1.10.2.jar:1.10.2]
	at java.base/java.util.ArrayList.forEach(ArrayList.java:1596) ~[na:na]
	at org.junit.platform.engine.support.hierarchical.SameThreadHierarchicalTestExecutorService.invokeAll(SameThreadHierarchicalTestExecutorService.java:41) ~[junit-platform-engine-1.10.2.jar:1.10.2]
	at org.junit.platform.engine.support.hierarchical.NodeTestTask.lambda$executeRecursively$6(NodeTestTask.java:155) ~[junit-platform-engine-1.10.2.jar:1.10.2]
	at org.junit.platform.engine.support.hierarchical.ThrowableCollector.execute(ThrowableCollector.java:73) ~[junit-platform-engine-1.10.2.jar:1.10.2]
	at org.junit.platform.engine.support.hierarchical.NodeTestTask.lambda$executeRecursively$8(NodeTestTask.java:141) ~[junit-platform-engine-1.10.2.jar:1.10.2]
	at org.junit.platform.engine.support.hierarchical.Node.around(Node.java:137) ~[junit-platform-engine-1.10.2.jar:1.10.2]
	at org.junit.platform.engine.support.hierarchical.NodeTestTask.lambda$executeRecursively$9(NodeTestTask.java:139) ~[junit-platform-engine-1.10.2.jar:1.10.2]
	at org.junit.platform.engine.support.hierarchical.ThrowableCollector.execute(ThrowableCollector.java:73) ~[junit-platform-engine-1.10.2.jar:1.10.2]
	at org.junit.platform.engine.support.hierarchical.NodeTestTask.executeRecursively(NodeTestTask.java:138) ~[junit-platform-engine-1.10.2.jar:1.10.2]
	at org.junit.platform.engine.support.hierarchical.NodeTestTask.execute(NodeTestTask.java:95) ~[junit-platform-engine-1.10.2.jar:1.10.2]
	at org.junit.platform.engine.support.hierarchical.SameThreadHierarchicalTestExecutorService.submit(SameThreadHierarchicalTestExecutorService.java:35) ~[junit-platform-engine-1.10.2.jar:1.10.2]
	at org.junit.platform.engine.support.hierarchical.HierarchicalTestExecutor.execute(HierarchicalTestExecutor.java:57) ~[junit-platform-engine-1.10.2.jar:1.10.2]
	at org.junit.platform.engine.support.hierarchical.HierarchicalTestEngine.execute(HierarchicalTestEngine.java:54) ~[junit-platform-engine-1.10.2.jar:1.10.2]
	at org.junit.platform.launcher.core.EngineExecutionOrchestrator.execute(EngineExecutionOrchestrator.java:198) ~[junit-platform-launcher-1.10.2.jar:1.10.2]
	at org.junit.platform.launcher.core.EngineExecutionOrchestrator.execute(EngineExecutionOrchestrator.java:169) ~[junit-platform-launcher-1.10.2.jar:1.10.2]
	at org.junit.platform.launcher.core.EngineExecutionOrchestrator.execute(EngineExecutionOrchestrator.java:93) ~[junit-platform-launcher-1.10.2.jar:1.10.2]
	at org.junit.platform.launcher.core.EngineExecutionOrchestrator.lambda$execute$0(EngineExecutionOrchestrator.java:58) ~[junit-platform-launcher-1.10.2.jar:1.10.2]
	at org.junit.platform.launcher.core.EngineExecutionOrchestrator.withInterceptedStreams(EngineExecutionOrchestrator.java:141) ~[junit-platform-launcher-1.10.2.jar:1.10.2]
	at org.junit.platform.launcher.core.EngineExecutionOrchestrator.execute(EngineExecutionOrchestrator.java:57) ~[junit-platform-launcher-1.10.2.jar:1.10.2]
	at org.junit.platform.launcher.core.DefaultLauncher.execute(DefaultLauncher.java:103) ~[junit-platform-launcher-1.10.2.jar:1.10.2]
	at org.junit.platform.launcher.core.DefaultLauncher.execute(DefaultLauncher.java:85) ~[junit-platform-launcher-1.10.2.jar:1.10.2]
	at org.junit.platform.launcher.core.DelegatingLauncher.execute(DelegatingLauncher.java:47) ~[junit-platform-launcher-1.10.2.jar:1.10.2]
	at org.apache.maven.surefire.junitplatform.LazyLauncher.execute(LazyLauncher.java:56) ~[surefire-junit-platform-3.2.5.jar:3.2.5]
	at org.apache.maven.surefire.junitplatform.JUnitPlatformProvider.execute(JUnitPlatformProvider.java:184) ~[surefire-junit-platform-3.2.5.jar:3.2.5]
	at org.apache.maven.surefire.junitplatform.JUnitPlatformProvider.invokeAllTests(JUnitPlatformProvider.java:148) ~[surefire-junit-platform-3.2.5.jar:3.2.5]
	at org.apache.maven.surefire.junitplatform.JUnitPlatformProvider.invoke(JUnitPlatformProvider.java:122) ~[surefire-junit-platform-3.2.5.jar:3.2.5]
	at org.apache.maven.surefire.booter.ForkedBooter.runSuitesInProcess(ForkedBooter.java:385) ~[surefire-booter-3.2.5.jar:3.2.5]
	at org.apache.maven.surefire.booter.ForkedBooter.execute(ForkedBooter.java:162) ~[surefire-booter-3.2.5.jar:3.2.5]
	at org.apache.maven.surefire.booter.ForkedBooter.run(ForkedBooter.java:507) ~[surefire-booter-3.2.5.jar:3.2.5]
	at org.apache.maven.surefire.booter.ForkedBooter.main(ForkedBooter.java:495) ~[surefire-booter-3.2.5.jar:3.2.5]

]]></system-out>
  </testcase>
  <testcase name="fromUrlProfileResponseToEntityTest" classname="com.example.url_profile.UrlProfileMapperTest" time="0.002">
    <error message="ApplicationContext failure threshold (1) exceeded: skipping repeated attempt to load context for [WebMergedContextConfiguration@1ba98508 testClass = com.example.url_profile.UrlProfileMapperTest, locations = [], classes = [com.example.UrlShortenerApplication], contextInitializerClasses = [], activeProfiles = [], propertySourceDescriptors = [], propertySourceProperties = [&quot;org.springframework.boot.test.context.SpringBootTestContextBootstrapper=true&quot;], contextCustomizers = [org.springframework.boot.test.context.filter.ExcludeFilterContextCustomizer@1187c9e8, org.springframework.boot.test.json.DuplicateJsonObjectContextCustomizerFactory$DuplicateJsonObjectContextCustomizer@16aa8654, org.springframework.boot.test.mock.mockito.MockitoContextCustomizer@0, org.springframework.boot.test.web.client.TestRestTemplateContextCustomizer@7c51f34b, org.springframework.boot.test.autoconfigure.actuate.observability.ObservabilityContextCustomizerFactory$DisableObservabilityContextCustomizer@1f, org.springframework.boot.test.autoconfigure.properties.PropertyMappingContextCustomizer@0, org.springframework.boot.test.autoconfigure.web.servlet.WebDriverContextCustomizer@4e31276e, org.springframework.test.context.support.DynamicPropertiesContextCustomizer@889abab5, org.springframework.boot.test.context.SpringBootTestAnnotation@bd271ef8], resourceBasePath = &quot;src/main/webapp&quot;, contextLoader = org.springframework.boot.test.context.SpringBootContextLoader, parent = null]" type="java.lang.IllegalStateException"><![CDATA[java.lang.IllegalStateException: ApplicationContext failure threshold (1) exceeded: skipping repeated attempt to load context for [WebMergedContextConfiguration@1ba98508 testClass = com.example.url_profile.UrlProfileMapperTest, locations = [], classes = [com.example.UrlShortenerApplication], contextInitializerClasses = [], activeProfiles = [], propertySourceDescriptors = [], propertySourceProperties = ["org.springframework.boot.test.context.SpringBootTestContextBootstrapper=true"], contextCustomizers = [org.springframework.boot.test.context.filter.ExcludeFilterContextCustomizer@1187c9e8, org.springframework.boot.test.json.DuplicateJsonObjectContextCustomizerFactory$DuplicateJsonObjectContextCustomizer@16aa8654, org.springframework.boot.test.mock.mockito.MockitoContextCustomizer@0, org.springframework.boot.test.web.client.TestRestTemplateContextCustomizer@7c51f34b, org.springframework.boot.test.autoconfigure.actuate.observability.ObservabilityContextCustomizerFactory$DisableObservabilityContextCustomizer@1f, org.springframework.boot.test.autoconfigure.properties.PropertyMappingContextCustomizer@0, org.springframework.boot.test.autoconfigure.web.servlet.WebDriverContextCustomizer@4e31276e, org.springframework.test.context.support.DynamicPropertiesContextCustomizer@889abab5, org.springframework.boot.test.context.SpringBootTestAnnotation@bd271ef8], resourceBasePath = "src/main/webapp", contextLoader = org.springframework.boot.test.context.SpringBootContextLoader, parent = null]
	at org.springframework.test.context.cache.DefaultCacheAwareContextLoaderDelegate.loadContext(DefaultCacheAwareContextLoaderDelegate.java:145)
	at org.springframework.test.context.support.DefaultTestContext.getApplicationContext(DefaultTestContext.java:130)
	at org.springframework.test.context.web.ServletTestExecutionListener.setUpRequestContextIfNecessary(ServletTestExecutionListener.java:191)
	at org.springframework.test.context.web.ServletTestExecutionListener.prepareTestInstance(ServletTestExecutionListener.java:130)
	at org.springframework.test.context.TestContextManager.prepareTestInstance(TestContextManager.java:260)
	at org.springframework.test.context.junit.jupiter.SpringExtension.postProcessTestInstance(SpringExtension.java:163)
	at java.base/java.util.stream.ReferencePipeline$3$1.accept(ReferencePipeline.java:197)
	at java.base/java.util.stream.ReferencePipeline$2$1.accept(ReferencePipeline.java:179)
	at java.base/java.util.ArrayList$ArrayListSpliterator.forEachRemaining(ArrayList.java:1708)
	at java.base/java.util.stream.AbstractPipeline.copyInto(AbstractPipeline.java:509)
	at java.base/java.util.stream.AbstractPipeline.wrapAndCopyInto(AbstractPipeline.java:499)
	at java.base/java.util.stream.StreamSpliterators$WrappingSpliterator.forEachRemaining(StreamSpliterators.java:310)
	at java.base/java.util.stream.Streams$ConcatSpliterator.forEachRemaining(Streams.java:735)
	at java.base/java.util.stream.Streams$ConcatSpliterator.forEachRemaining(Streams.java:734)
	at java.base/java.util.stream.ReferencePipeline$Head.forEach(ReferencePipeline.java:762)
	at java.base/java.util.Optional.orElseGet(Optional.java:364)
	at java.base/java.util.ArrayList.forEach(ArrayList.java:1596)
	at java.base/java.util.ArrayList.forEach(ArrayList.java:1596)
]]></error>
    <system-out><![CDATA[2024-06-12T14:28:24.093+03:00 DEBUG 12012 --- [URL Shortener] [           main] org.springframework.test.context.cache   : Spring test ApplicationContext cache statistics: [DefaultContextCache@6bf0f70a size = 0, maxSize = 32, parentContextCount = 0, hitCount = 0, missCount = 5, failureCount = 2]
2024-06-12T14:28:24.093+03:00  WARN 12012 --- [URL Shortener] [           main] o.s.test.context.TestContextManager      : Caught exception while allowing TestExecutionListener [org.springframework.test.context.web.ServletTestExecutionListener] to prepare test instance [com.example.url_profile.UrlProfileMapperTest@1477d4e6]

java.lang.IllegalStateException: ApplicationContext failure threshold (1) exceeded: skipping repeated attempt to load context for [WebMergedContextConfiguration@1ba98508 testClass = com.example.url_profile.UrlProfileMapperTest, locations = [], classes = [com.example.UrlShortenerApplication], contextInitializerClasses = [], activeProfiles = [], propertySourceDescriptors = [], propertySourceProperties = ["org.springframework.boot.test.context.SpringBootTestContextBootstrapper=true"], contextCustomizers = [org.springframework.boot.test.context.filter.ExcludeFilterContextCustomizer@1187c9e8, org.springframework.boot.test.json.DuplicateJsonObjectContextCustomizerFactory$DuplicateJsonObjectContextCustomizer@16aa8654, org.springframework.boot.test.mock.mockito.MockitoContextCustomizer@0, org.springframework.boot.test.web.client.TestRestTemplateContextCustomizer@7c51f34b, org.springframework.boot.test.autoconfigure.actuate.observability.ObservabilityContextCustomizerFactory$DisableObservabilityContextCustomizer@1f, org.springframework.boot.test.autoconfigure.properties.PropertyMappingContextCustomizer@0, org.springframework.boot.test.autoconfigure.web.servlet.WebDriverContextCustomizer@4e31276e, org.springframework.test.context.support.DynamicPropertiesContextCustomizer@889abab5, org.springframework.boot.test.context.SpringBootTestAnnotation@bd271ef8], resourceBasePath = "src/main/webapp", contextLoader = org.springframework.boot.test.context.SpringBootContextLoader, parent = null]
	at org.springframework.test.context.cache.DefaultCacheAwareContextLoaderDelegate.loadContext(DefaultCacheAwareContextLoaderDelegate.java:145) ~[spring-test-6.1.8.jar:6.1.8]
	at org.springframework.test.context.support.DefaultTestContext.getApplicationContext(DefaultTestContext.java:130) ~[spring-test-6.1.8.jar:6.1.8]
	at org.springframework.test.context.web.ServletTestExecutionListener.setUpRequestContextIfNecessary(ServletTestExecutionListener.java:191) ~[spring-test-6.1.8.jar:6.1.8]
	at org.springframework.test.context.web.ServletTestExecutionListener.prepareTestInstance(ServletTestExecutionListener.java:130) ~[spring-test-6.1.8.jar:6.1.8]
	at org.springframework.test.context.TestContextManager.prepareTestInstance(TestContextManager.java:260) ~[spring-test-6.1.8.jar:6.1.8]
	at org.springframework.test.context.junit.jupiter.SpringExtension.postProcessTestInstance(SpringExtension.java:163) ~[spring-test-6.1.8.jar:6.1.8]
	at org.junit.jupiter.engine.descriptor.ClassBasedTestDescriptor.lambda$invokeTestInstancePostProcessors$10(ClassBasedTestDescriptor.java:378) ~[junit-jupiter-engine-5.10.2.jar:5.10.2]
	at org.junit.jupiter.engine.descriptor.ClassBasedTestDescriptor.executeAndMaskThrowable(ClassBasedTestDescriptor.java:383) ~[junit-jupiter-engine-5.10.2.jar:5.10.2]
	at org.junit.jupiter.engine.descriptor.ClassBasedTestDescriptor.lambda$invokeTestInstancePostProcessors$11(ClassBasedTestDescriptor.java:378) ~[junit-jupiter-engine-5.10.2.jar:5.10.2]
	at java.base/java.util.stream.ReferencePipeline$3$1.accept(ReferencePipeline.java:197) ~[na:na]
	at java.base/java.util.stream.ReferencePipeline$2$1.accept(ReferencePipeline.java:179) ~[na:na]
	at java.base/java.util.ArrayList$ArrayListSpliterator.forEachRemaining(ArrayList.java:1708) ~[na:na]
	at java.base/java.util.stream.AbstractPipeline.copyInto(AbstractPipeline.java:509) ~[na:na]
	at java.base/java.util.stream.AbstractPipeline.wrapAndCopyInto(AbstractPipeline.java:499) ~[na:na]
	at java.base/java.util.stream.StreamSpliterators$WrappingSpliterator.forEachRemaining(StreamSpliterators.java:310) ~[na:na]
	at java.base/java.util.stream.Streams$ConcatSpliterator.forEachRemaining(Streams.java:735) ~[na:na]
	at java.base/java.util.stream.Streams$ConcatSpliterator.forEachRemaining(Streams.java:734) ~[na:na]
	at java.base/java.util.stream.ReferencePipeline$Head.forEach(ReferencePipeline.java:762) ~[na:na]
	at org.junit.jupiter.engine.descriptor.ClassBasedTestDescriptor.invokeTestInstancePostProcessors(ClassBasedTestDescriptor.java:377) ~[junit-jupiter-engine-5.10.2.jar:5.10.2]
	at org.junit.jupiter.engine.descriptor.ClassBasedTestDescriptor.lambda$instantiateAndPostProcessTestInstance$6(ClassBasedTestDescriptor.java:290) ~[junit-jupiter-engine-5.10.2.jar:5.10.2]
	at org.junit.platform.engine.support.hierarchical.ThrowableCollector.execute(ThrowableCollector.java:73) ~[junit-platform-engine-1.10.2.jar:1.10.2]
	at org.junit.jupiter.engine.descriptor.ClassBasedTestDescriptor.instantiateAndPostProcessTestInstance(ClassBasedTestDescriptor.java:289) ~[junit-jupiter-engine-5.10.2.jar:5.10.2]
	at org.junit.jupiter.engine.descriptor.ClassBasedTestDescriptor.lambda$testInstancesProvider$4(ClassBasedTestDescriptor.java:279) ~[junit-jupiter-engine-5.10.2.jar:5.10.2]
	at java.base/java.util.Optional.orElseGet(Optional.java:364) ~[na:na]
	at org.junit.jupiter.engine.descriptor.ClassBasedTestDescriptor.lambda$testInstancesProvider$5(ClassBasedTestDescriptor.java:278) ~[junit-jupiter-engine-5.10.2.jar:5.10.2]
	at org.junit.jupiter.engine.execution.TestInstancesProvider.getTestInstances(TestInstancesProvider.java:31) ~[junit-jupiter-engine-5.10.2.jar:5.10.2]
	at org.junit.jupiter.engine.descriptor.TestMethodTestDescriptor.lambda$prepare$0(TestMethodTestDescriptor.java:106) ~[junit-jupiter-engine-5.10.2.jar:5.10.2]
	at org.junit.platform.engine.support.hierarchical.ThrowableCollector.execute(ThrowableCollector.java:73) ~[junit-platform-engine-1.10.2.jar:1.10.2]
	at org.junit.jupiter.engine.descriptor.TestMethodTestDescriptor.prepare(TestMethodTestDescriptor.java:105) ~[junit-jupiter-engine-5.10.2.jar:5.10.2]
	at org.junit.jupiter.engine.descriptor.TestMethodTestDescriptor.prepare(TestMethodTestDescriptor.java:69) ~[junit-jupiter-engine-5.10.2.jar:5.10.2]
	at org.junit.platform.engine.support.hierarchical.NodeTestTask.lambda$prepare$2(NodeTestTask.java:123) ~[junit-platform-engine-1.10.2.jar:1.10.2]
	at org.junit.platform.engine.support.hierarchical.ThrowableCollector.execute(ThrowableCollector.java:73) ~[junit-platform-engine-1.10.2.jar:1.10.2]
	at org.junit.platform.engine.support.hierarchical.NodeTestTask.prepare(NodeTestTask.java:123) ~[junit-platform-engine-1.10.2.jar:1.10.2]
	at org.junit.platform.engine.support.hierarchical.NodeTestTask.execute(NodeTestTask.java:90) ~[junit-platform-engine-1.10.2.jar:1.10.2]
	at java.base/java.util.ArrayList.forEach(ArrayList.java:1596) ~[na:na]
	at org.junit.platform.engine.support.hierarchical.SameThreadHierarchicalTestExecutorService.invokeAll(SameThreadHierarchicalTestExecutorService.java:41) ~[junit-platform-engine-1.10.2.jar:1.10.2]
	at org.junit.platform.engine.support.hierarchical.NodeTestTask.lambda$executeRecursively$6(NodeTestTask.java:155) ~[junit-platform-engine-1.10.2.jar:1.10.2]
	at org.junit.platform.engine.support.hierarchical.ThrowableCollector.execute(ThrowableCollector.java:73) ~[junit-platform-engine-1.10.2.jar:1.10.2]
	at org.junit.platform.engine.support.hierarchical.NodeTestTask.lambda$executeRecursively$8(NodeTestTask.java:141) ~[junit-platform-engine-1.10.2.jar:1.10.2]
	at org.junit.platform.engine.support.hierarchical.Node.around(Node.java:137) ~[junit-platform-engine-1.10.2.jar:1.10.2]
	at org.junit.platform.engine.support.hierarchical.NodeTestTask.lambda$executeRecursively$9(NodeTestTask.java:139) ~[junit-platform-engine-1.10.2.jar:1.10.2]
	at org.junit.platform.engine.support.hierarchical.ThrowableCollector.execute(ThrowableCollector.java:73) ~[junit-platform-engine-1.10.2.jar:1.10.2]
	at org.junit.platform.engine.support.hierarchical.NodeTestTask.executeRecursively(NodeTestTask.java:138) ~[junit-platform-engine-1.10.2.jar:1.10.2]
	at org.junit.platform.engine.support.hierarchical.NodeTestTask.execute(NodeTestTask.java:95) ~[junit-platform-engine-1.10.2.jar:1.10.2]
	at java.base/java.util.ArrayList.forEach(ArrayList.java:1596) ~[na:na]
	at org.junit.platform.engine.support.hierarchical.SameThreadHierarchicalTestExecutorService.invokeAll(SameThreadHierarchicalTestExecutorService.java:41) ~[junit-platform-engine-1.10.2.jar:1.10.2]
	at org.junit.platform.engine.support.hierarchical.NodeTestTask.lambda$executeRecursively$6(NodeTestTask.java:155) ~[junit-platform-engine-1.10.2.jar:1.10.2]
	at org.junit.platform.engine.support.hierarchical.ThrowableCollector.execute(ThrowableCollector.java:73) ~[junit-platform-engine-1.10.2.jar:1.10.2]
	at org.junit.platform.engine.support.hierarchical.NodeTestTask.lambda$executeRecursively$8(NodeTestTask.java:141) ~[junit-platform-engine-1.10.2.jar:1.10.2]
	at org.junit.platform.engine.support.hierarchical.Node.around(Node.java:137) ~[junit-platform-engine-1.10.2.jar:1.10.2]
	at org.junit.platform.engine.support.hierarchical.NodeTestTask.lambda$executeRecursively$9(NodeTestTask.java:139) ~[junit-platform-engine-1.10.2.jar:1.10.2]
	at org.junit.platform.engine.support.hierarchical.ThrowableCollector.execute(ThrowableCollector.java:73) ~[junit-platform-engine-1.10.2.jar:1.10.2]
	at org.junit.platform.engine.support.hierarchical.NodeTestTask.executeRecursively(NodeTestTask.java:138) ~[junit-platform-engine-1.10.2.jar:1.10.2]
	at org.junit.platform.engine.support.hierarchical.NodeTestTask.execute(NodeTestTask.java:95) ~[junit-platform-engine-1.10.2.jar:1.10.2]
	at org.junit.platform.engine.support.hierarchical.SameThreadHierarchicalTestExecutorService.submit(SameThreadHierarchicalTestExecutorService.java:35) ~[junit-platform-engine-1.10.2.jar:1.10.2]
	at org.junit.platform.engine.support.hierarchical.HierarchicalTestExecutor.execute(HierarchicalTestExecutor.java:57) ~[junit-platform-engine-1.10.2.jar:1.10.2]
	at org.junit.platform.engine.support.hierarchical.HierarchicalTestEngine.execute(HierarchicalTestEngine.java:54) ~[junit-platform-engine-1.10.2.jar:1.10.2]
	at org.junit.platform.launcher.core.EngineExecutionOrchestrator.execute(EngineExecutionOrchestrator.java:198) ~[junit-platform-launcher-1.10.2.jar:1.10.2]
	at org.junit.platform.launcher.core.EngineExecutionOrchestrator.execute(EngineExecutionOrchestrator.java:169) ~[junit-platform-launcher-1.10.2.jar:1.10.2]
	at org.junit.platform.launcher.core.EngineExecutionOrchestrator.execute(EngineExecutionOrchestrator.java:93) ~[junit-platform-launcher-1.10.2.jar:1.10.2]
	at org.junit.platform.launcher.core.EngineExecutionOrchestrator.lambda$execute$0(EngineExecutionOrchestrator.java:58) ~[junit-platform-launcher-1.10.2.jar:1.10.2]
	at org.junit.platform.launcher.core.EngineExecutionOrchestrator.withInterceptedStreams(EngineExecutionOrchestrator.java:141) ~[junit-platform-launcher-1.10.2.jar:1.10.2]
	at org.junit.platform.launcher.core.EngineExecutionOrchestrator.execute(EngineExecutionOrchestrator.java:57) ~[junit-platform-launcher-1.10.2.jar:1.10.2]
	at org.junit.platform.launcher.core.DefaultLauncher.execute(DefaultLauncher.java:103) ~[junit-platform-launcher-1.10.2.jar:1.10.2]
	at org.junit.platform.launcher.core.DefaultLauncher.execute(DefaultLauncher.java:85) ~[junit-platform-launcher-1.10.2.jar:1.10.2]
	at org.junit.platform.launcher.core.DelegatingLauncher.execute(DelegatingLauncher.java:47) ~[junit-platform-launcher-1.10.2.jar:1.10.2]
	at org.apache.maven.surefire.junitplatform.LazyLauncher.execute(LazyLauncher.java:56) ~[surefire-junit-platform-3.2.5.jar:3.2.5]
	at org.apache.maven.surefire.junitplatform.JUnitPlatformProvider.execute(JUnitPlatformProvider.java:184) ~[surefire-junit-platform-3.2.5.jar:3.2.5]
	at org.apache.maven.surefire.junitplatform.JUnitPlatformProvider.invokeAllTests(JUnitPlatformProvider.java:148) ~[surefire-junit-platform-3.2.5.jar:3.2.5]
	at org.apache.maven.surefire.junitplatform.JUnitPlatformProvider.invoke(JUnitPlatformProvider.java:122) ~[surefire-junit-platform-3.2.5.jar:3.2.5]
	at org.apache.maven.surefire.booter.ForkedBooter.runSuitesInProcess(ForkedBooter.java:385) ~[surefire-booter-3.2.5.jar:3.2.5]
	at org.apache.maven.surefire.booter.ForkedBooter.execute(ForkedBooter.java:162) ~[surefire-booter-3.2.5.jar:3.2.5]
	at org.apache.maven.surefire.booter.ForkedBooter.run(ForkedBooter.java:507) ~[surefire-booter-3.2.5.jar:3.2.5]
	at org.apache.maven.surefire.booter.ForkedBooter.main(ForkedBooter.java:495) ~[surefire-booter-3.2.5.jar:3.2.5]

]]></system-out>
  </testcase>
  <testcase name="fromUrlProfileEntityToDtoTest" classname="com.example.url_profile.UrlProfileMapperTest" time="0.001">
    <error message="ApplicationContext failure threshold (1) exceeded: skipping repeated attempt to load context for [WebMergedContextConfiguration@1ba98508 testClass = com.example.url_profile.UrlProfileMapperTest, locations = [], classes = [com.example.UrlShortenerApplication], contextInitializerClasses = [], activeProfiles = [], propertySourceDescriptors = [], propertySourceProperties = [&quot;org.springframework.boot.test.context.SpringBootTestContextBootstrapper=true&quot;], contextCustomizers = [org.springframework.boot.test.context.filter.ExcludeFilterContextCustomizer@1187c9e8, org.springframework.boot.test.json.DuplicateJsonObjectContextCustomizerFactory$DuplicateJsonObjectContextCustomizer@16aa8654, org.springframework.boot.test.mock.mockito.MockitoContextCustomizer@0, org.springframework.boot.test.web.client.TestRestTemplateContextCustomizer@7c51f34b, org.springframework.boot.test.autoconfigure.actuate.observability.ObservabilityContextCustomizerFactory$DisableObservabilityContextCustomizer@1f, org.springframework.boot.test.autoconfigure.properties.PropertyMappingContextCustomizer@0, org.springframework.boot.test.autoconfigure.web.servlet.WebDriverContextCustomizer@4e31276e, org.springframework.test.context.support.DynamicPropertiesContextCustomizer@889abab5, org.springframework.boot.test.context.SpringBootTestAnnotation@bd271ef8], resourceBasePath = &quot;src/main/webapp&quot;, contextLoader = org.springframework.boot.test.context.SpringBootContextLoader, parent = null]" type="java.lang.IllegalStateException"><![CDATA[java.lang.IllegalStateException: ApplicationContext failure threshold (1) exceeded: skipping repeated attempt to load context for [WebMergedContextConfiguration@1ba98508 testClass = com.example.url_profile.UrlProfileMapperTest, locations = [], classes = [com.example.UrlShortenerApplication], contextInitializerClasses = [], activeProfiles = [], propertySourceDescriptors = [], propertySourceProperties = ["org.springframework.boot.test.context.SpringBootTestContextBootstrapper=true"], contextCustomizers = [org.springframework.boot.test.context.filter.ExcludeFilterContextCustomizer@1187c9e8, org.springframework.boot.test.json.DuplicateJsonObjectContextCustomizerFactory$DuplicateJsonObjectContextCustomizer@16aa8654, org.springframework.boot.test.mock.mockito.MockitoContextCustomizer@0, org.springframework.boot.test.web.client.TestRestTemplateContextCustomizer@7c51f34b, org.springframework.boot.test.autoconfigure.actuate.observability.ObservabilityContextCustomizerFactory$DisableObservabilityContextCustomizer@1f, org.springframework.boot.test.autoconfigure.properties.PropertyMappingContextCustomizer@0, org.springframework.boot.test.autoconfigure.web.servlet.WebDriverContextCustomizer@4e31276e, org.springframework.test.context.support.DynamicPropertiesContextCustomizer@889abab5, org.springframework.boot.test.context.SpringBootTestAnnotation@bd271ef8], resourceBasePath = "src/main/webapp", contextLoader = org.springframework.boot.test.context.SpringBootContextLoader, parent = null]
	at org.springframework.test.context.cache.DefaultCacheAwareContextLoaderDelegate.loadContext(DefaultCacheAwareContextLoaderDelegate.java:145)
	at org.springframework.test.context.support.DefaultTestContext.getApplicationContext(DefaultTestContext.java:130)
	at org.springframework.test.context.web.ServletTestExecutionListener.setUpRequestContextIfNecessary(ServletTestExecutionListener.java:191)
	at org.springframework.test.context.web.ServletTestExecutionListener.prepareTestInstance(ServletTestExecutionListener.java:130)
	at org.springframework.test.context.TestContextManager.prepareTestInstance(TestContextManager.java:260)
	at org.springframework.test.context.junit.jupiter.SpringExtension.postProcessTestInstance(SpringExtension.java:163)
	at java.base/java.util.stream.ReferencePipeline$3$1.accept(ReferencePipeline.java:197)
	at java.base/java.util.stream.ReferencePipeline$2$1.accept(ReferencePipeline.java:179)
	at java.base/java.util.ArrayList$ArrayListSpliterator.forEachRemaining(ArrayList.java:1708)
	at java.base/java.util.stream.AbstractPipeline.copyInto(AbstractPipeline.java:509)
	at java.base/java.util.stream.AbstractPipeline.wrapAndCopyInto(AbstractPipeline.java:499)
	at java.base/java.util.stream.StreamSpliterators$WrappingSpliterator.forEachRemaining(StreamSpliterators.java:310)
	at java.base/java.util.stream.Streams$ConcatSpliterator.forEachRemaining(Streams.java:735)
	at java.base/java.util.stream.Streams$ConcatSpliterator.forEachRemaining(Streams.java:734)
	at java.base/java.util.stream.ReferencePipeline$Head.forEach(ReferencePipeline.java:762)
	at java.base/java.util.Optional.orElseGet(Optional.java:364)
	at java.base/java.util.ArrayList.forEach(ArrayList.java:1596)
	at java.base/java.util.ArrayList.forEach(ArrayList.java:1596)
]]></error>
    <system-out><![CDATA[2024-06-12T14:28:24.097+03:00 DEBUG 12012 --- [URL Shortener] [           main] org.springframework.test.context.cache   : Spring test ApplicationContext cache statistics: [DefaultContextCache@6bf0f70a size = 0, maxSize = 32, parentContextCount = 0, hitCount = 0, missCount = 6, failureCount = 2]
2024-06-12T14:28:24.097+03:00  WARN 12012 --- [URL Shortener] [           main] o.s.test.context.TestContextManager      : Caught exception while allowing TestExecutionListener [org.springframework.test.context.web.ServletTestExecutionListener] to prepare test instance [com.example.url_profile.UrlProfileMapperTest@b791e6e]

java.lang.IllegalStateException: ApplicationContext failure threshold (1) exceeded: skipping repeated attempt to load context for [WebMergedContextConfiguration@1ba98508 testClass = com.example.url_profile.UrlProfileMapperTest, locations = [], classes = [com.example.UrlShortenerApplication], contextInitializerClasses = [], activeProfiles = [], propertySourceDescriptors = [], propertySourceProperties = ["org.springframework.boot.test.context.SpringBootTestContextBootstrapper=true"], contextCustomizers = [org.springframework.boot.test.context.filter.ExcludeFilterContextCustomizer@1187c9e8, org.springframework.boot.test.json.DuplicateJsonObjectContextCustomizerFactory$DuplicateJsonObjectContextCustomizer@16aa8654, org.springframework.boot.test.mock.mockito.MockitoContextCustomizer@0, org.springframework.boot.test.web.client.TestRestTemplateContextCustomizer@7c51f34b, org.springframework.boot.test.autoconfigure.actuate.observability.ObservabilityContextCustomizerFactory$DisableObservabilityContextCustomizer@1f, org.springframework.boot.test.autoconfigure.properties.PropertyMappingContextCustomizer@0, org.springframework.boot.test.autoconfigure.web.servlet.WebDriverContextCustomizer@4e31276e, org.springframework.test.context.support.DynamicPropertiesContextCustomizer@889abab5, org.springframework.boot.test.context.SpringBootTestAnnotation@bd271ef8], resourceBasePath = "src/main/webapp", contextLoader = org.springframework.boot.test.context.SpringBootContextLoader, parent = null]
	at org.springframework.test.context.cache.DefaultCacheAwareContextLoaderDelegate.loadContext(DefaultCacheAwareContextLoaderDelegate.java:145) ~[spring-test-6.1.8.jar:6.1.8]
	at org.springframework.test.context.support.DefaultTestContext.getApplicationContext(DefaultTestContext.java:130) ~[spring-test-6.1.8.jar:6.1.8]
	at org.springframework.test.context.web.ServletTestExecutionListener.setUpRequestContextIfNecessary(ServletTestExecutionListener.java:191) ~[spring-test-6.1.8.jar:6.1.8]
	at org.springframework.test.context.web.ServletTestExecutionListener.prepareTestInstance(ServletTestExecutionListener.java:130) ~[spring-test-6.1.8.jar:6.1.8]
	at org.springframework.test.context.TestContextManager.prepareTestInstance(TestContextManager.java:260) ~[spring-test-6.1.8.jar:6.1.8]
	at org.springframework.test.context.junit.jupiter.SpringExtension.postProcessTestInstance(SpringExtension.java:163) ~[spring-test-6.1.8.jar:6.1.8]
	at org.junit.jupiter.engine.descriptor.ClassBasedTestDescriptor.lambda$invokeTestInstancePostProcessors$10(ClassBasedTestDescriptor.java:378) ~[junit-jupiter-engine-5.10.2.jar:5.10.2]
	at org.junit.jupiter.engine.descriptor.ClassBasedTestDescriptor.executeAndMaskThrowable(ClassBasedTestDescriptor.java:383) ~[junit-jupiter-engine-5.10.2.jar:5.10.2]
	at org.junit.jupiter.engine.descriptor.ClassBasedTestDescriptor.lambda$invokeTestInstancePostProcessors$11(ClassBasedTestDescriptor.java:378) ~[junit-jupiter-engine-5.10.2.jar:5.10.2]
	at java.base/java.util.stream.ReferencePipeline$3$1.accept(ReferencePipeline.java:197) ~[na:na]
	at java.base/java.util.stream.ReferencePipeline$2$1.accept(ReferencePipeline.java:179) ~[na:na]
	at java.base/java.util.ArrayList$ArrayListSpliterator.forEachRemaining(ArrayList.java:1708) ~[na:na]
	at java.base/java.util.stream.AbstractPipeline.copyInto(AbstractPipeline.java:509) ~[na:na]
	at java.base/java.util.stream.AbstractPipeline.wrapAndCopyInto(AbstractPipeline.java:499) ~[na:na]
	at java.base/java.util.stream.StreamSpliterators$WrappingSpliterator.forEachRemaining(StreamSpliterators.java:310) ~[na:na]
	at java.base/java.util.stream.Streams$ConcatSpliterator.forEachRemaining(Streams.java:735) ~[na:na]
	at java.base/java.util.stream.Streams$ConcatSpliterator.forEachRemaining(Streams.java:734) ~[na:na]
	at java.base/java.util.stream.ReferencePipeline$Head.forEach(ReferencePipeline.java:762) ~[na:na]
	at org.junit.jupiter.engine.descriptor.ClassBasedTestDescriptor.invokeTestInstancePostProcessors(ClassBasedTestDescriptor.java:377) ~[junit-jupiter-engine-5.10.2.jar:5.10.2]
	at org.junit.jupiter.engine.descriptor.ClassBasedTestDescriptor.lambda$instantiateAndPostProcessTestInstance$6(ClassBasedTestDescriptor.java:290) ~[junit-jupiter-engine-5.10.2.jar:5.10.2]
	at org.junit.platform.engine.support.hierarchical.ThrowableCollector.execute(ThrowableCollector.java:73) ~[junit-platform-engine-1.10.2.jar:1.10.2]
	at org.junit.jupiter.engine.descriptor.ClassBasedTestDescriptor.instantiateAndPostProcessTestInstance(ClassBasedTestDescriptor.java:289) ~[junit-jupiter-engine-5.10.2.jar:5.10.2]
	at org.junit.jupiter.engine.descriptor.ClassBasedTestDescriptor.lambda$testInstancesProvider$4(ClassBasedTestDescriptor.java:279) ~[junit-jupiter-engine-5.10.2.jar:5.10.2]
	at java.base/java.util.Optional.orElseGet(Optional.java:364) ~[na:na]
	at org.junit.jupiter.engine.descriptor.ClassBasedTestDescriptor.lambda$testInstancesProvider$5(ClassBasedTestDescriptor.java:278) ~[junit-jupiter-engine-5.10.2.jar:5.10.2]
	at org.junit.jupiter.engine.execution.TestInstancesProvider.getTestInstances(TestInstancesProvider.java:31) ~[junit-jupiter-engine-5.10.2.jar:5.10.2]
	at org.junit.jupiter.engine.descriptor.TestMethodTestDescriptor.lambda$prepare$0(TestMethodTestDescriptor.java:106) ~[junit-jupiter-engine-5.10.2.jar:5.10.2]
	at org.junit.platform.engine.support.hierarchical.ThrowableCollector.execute(ThrowableCollector.java:73) ~[junit-platform-engine-1.10.2.jar:1.10.2]
	at org.junit.jupiter.engine.descriptor.TestMethodTestDescriptor.prepare(TestMethodTestDescriptor.java:105) ~[junit-jupiter-engine-5.10.2.jar:5.10.2]
	at org.junit.jupiter.engine.descriptor.TestMethodTestDescriptor.prepare(TestMethodTestDescriptor.java:69) ~[junit-jupiter-engine-5.10.2.jar:5.10.2]
	at org.junit.platform.engine.support.hierarchical.NodeTestTask.lambda$prepare$2(NodeTestTask.java:123) ~[junit-platform-engine-1.10.2.jar:1.10.2]
	at org.junit.platform.engine.support.hierarchical.ThrowableCollector.execute(ThrowableCollector.java:73) ~[junit-platform-engine-1.10.2.jar:1.10.2]
	at org.junit.platform.engine.support.hierarchical.NodeTestTask.prepare(NodeTestTask.java:123) ~[junit-platform-engine-1.10.2.jar:1.10.2]
	at org.junit.platform.engine.support.hierarchical.NodeTestTask.execute(NodeTestTask.java:90) ~[junit-platform-engine-1.10.2.jar:1.10.2]
	at java.base/java.util.ArrayList.forEach(ArrayList.java:1596) ~[na:na]
	at org.junit.platform.engine.support.hierarchical.SameThreadHierarchicalTestExecutorService.invokeAll(SameThreadHierarchicalTestExecutorService.java:41) ~[junit-platform-engine-1.10.2.jar:1.10.2]
	at org.junit.platform.engine.support.hierarchical.NodeTestTask.lambda$executeRecursively$6(NodeTestTask.java:155) ~[junit-platform-engine-1.10.2.jar:1.10.2]
	at org.junit.platform.engine.support.hierarchical.ThrowableCollector.execute(ThrowableCollector.java:73) ~[junit-platform-engine-1.10.2.jar:1.10.2]
	at org.junit.platform.engine.support.hierarchical.NodeTestTask.lambda$executeRecursively$8(NodeTestTask.java:141) ~[junit-platform-engine-1.10.2.jar:1.10.2]
	at org.junit.platform.engine.support.hierarchical.Node.around(Node.java:137) ~[junit-platform-engine-1.10.2.jar:1.10.2]
	at org.junit.platform.engine.support.hierarchical.NodeTestTask.lambda$executeRecursively$9(NodeTestTask.java:139) ~[junit-platform-engine-1.10.2.jar:1.10.2]
	at org.junit.platform.engine.support.hierarchical.ThrowableCollector.execute(ThrowableCollector.java:73) ~[junit-platform-engine-1.10.2.jar:1.10.2]
	at org.junit.platform.engine.support.hierarchical.NodeTestTask.executeRecursively(NodeTestTask.java:138) ~[junit-platform-engine-1.10.2.jar:1.10.2]
	at org.junit.platform.engine.support.hierarchical.NodeTestTask.execute(NodeTestTask.java:95) ~[junit-platform-engine-1.10.2.jar:1.10.2]
	at java.base/java.util.ArrayList.forEach(ArrayList.java:1596) ~[na:na]
	at org.junit.platform.engine.support.hierarchical.SameThreadHierarchicalTestExecutorService.invokeAll(SameThreadHierarchicalTestExecutorService.java:41) ~[junit-platform-engine-1.10.2.jar:1.10.2]
	at org.junit.platform.engine.support.hierarchical.NodeTestTask.lambda$executeRecursively$6(NodeTestTask.java:155) ~[junit-platform-engine-1.10.2.jar:1.10.2]
	at org.junit.platform.engine.support.hierarchical.ThrowableCollector.execute(ThrowableCollector.java:73) ~[junit-platform-engine-1.10.2.jar:1.10.2]
	at org.junit.platform.engine.support.hierarchical.NodeTestTask.lambda$executeRecursively$8(NodeTestTask.java:141) ~[junit-platform-engine-1.10.2.jar:1.10.2]
	at org.junit.platform.engine.support.hierarchical.Node.around(Node.java:137) ~[junit-platform-engine-1.10.2.jar:1.10.2]
	at org.junit.platform.engine.support.hierarchical.NodeTestTask.lambda$executeRecursively$9(NodeTestTask.java:139) ~[junit-platform-engine-1.10.2.jar:1.10.2]
	at org.junit.platform.engine.support.hierarchical.ThrowableCollector.execute(ThrowableCollector.java:73) ~[junit-platform-engine-1.10.2.jar:1.10.2]
	at org.junit.platform.engine.support.hierarchical.NodeTestTask.executeRecursively(NodeTestTask.java:138) ~[junit-platform-engine-1.10.2.jar:1.10.2]
	at org.junit.platform.engine.support.hierarchical.NodeTestTask.execute(NodeTestTask.java:95) ~[junit-platform-engine-1.10.2.jar:1.10.2]
	at org.junit.platform.engine.support.hierarchical.SameThreadHierarchicalTestExecutorService.submit(SameThreadHierarchicalTestExecutorService.java:35) ~[junit-platform-engine-1.10.2.jar:1.10.2]
	at org.junit.platform.engine.support.hierarchical.HierarchicalTestExecutor.execute(HierarchicalTestExecutor.java:57) ~[junit-platform-engine-1.10.2.jar:1.10.2]
	at org.junit.platform.engine.support.hierarchical.HierarchicalTestEngine.execute(HierarchicalTestEngine.java:54) ~[junit-platform-engine-1.10.2.jar:1.10.2]
	at org.junit.platform.launcher.core.EngineExecutionOrchestrator.execute(EngineExecutionOrchestrator.java:198) ~[junit-platform-launcher-1.10.2.jar:1.10.2]
	at org.junit.platform.launcher.core.EngineExecutionOrchestrator.execute(EngineExecutionOrchestrator.java:169) ~[junit-platform-launcher-1.10.2.jar:1.10.2]
	at org.junit.platform.launcher.core.EngineExecutionOrchestrator.execute(EngineExecutionOrchestrator.java:93) ~[junit-platform-launcher-1.10.2.jar:1.10.2]
	at org.junit.platform.launcher.core.EngineExecutionOrchestrator.lambda$execute$0(EngineExecutionOrchestrator.java:58) ~[junit-platform-launcher-1.10.2.jar:1.10.2]
	at org.junit.platform.launcher.core.EngineExecutionOrchestrator.withInterceptedStreams(EngineExecutionOrchestrator.java:141) ~[junit-platform-launcher-1.10.2.jar:1.10.2]
	at org.junit.platform.launcher.core.EngineExecutionOrchestrator.execute(EngineExecutionOrchestrator.java:57) ~[junit-platform-launcher-1.10.2.jar:1.10.2]
	at org.junit.platform.launcher.core.DefaultLauncher.execute(DefaultLauncher.java:103) ~[junit-platform-launcher-1.10.2.jar:1.10.2]
	at org.junit.platform.launcher.core.DefaultLauncher.execute(DefaultLauncher.java:85) ~[junit-platform-launcher-1.10.2.jar:1.10.2]
	at org.junit.platform.launcher.core.DelegatingLauncher.execute(DelegatingLauncher.java:47) ~[junit-platform-launcher-1.10.2.jar:1.10.2]
	at org.apache.maven.surefire.junitplatform.LazyLauncher.execute(LazyLauncher.java:56) ~[surefire-junit-platform-3.2.5.jar:3.2.5]
	at org.apache.maven.surefire.junitplatform.JUnitPlatformProvider.execute(JUnitPlatformProvider.java:184) ~[surefire-junit-platform-3.2.5.jar:3.2.5]
	at org.apache.maven.surefire.junitplatform.JUnitPlatformProvider.invokeAllTests(JUnitPlatformProvider.java:148) ~[surefire-junit-platform-3.2.5.jar:3.2.5]
	at org.apache.maven.surefire.junitplatform.JUnitPlatformProvider.invoke(JUnitPlatformProvider.java:122) ~[surefire-junit-platform-3.2.5.jar:3.2.5]
	at org.apache.maven.surefire.booter.ForkedBooter.runSuitesInProcess(ForkedBooter.java:385) ~[surefire-booter-3.2.5.jar:3.2.5]
	at org.apache.maven.surefire.booter.ForkedBooter.execute(ForkedBooter.java:162) ~[surefire-booter-3.2.5.jar:3.2.5]
	at org.apache.maven.surefire.booter.ForkedBooter.run(ForkedBooter.java:507) ~[surefire-booter-3.2.5.jar:3.2.5]
	at org.apache.maven.surefire.booter.ForkedBooter.main(ForkedBooter.java:495) ~[surefire-booter-3.2.5.jar:3.2.5]

]]></system-out>
  </testcase>
</testsuite>